[0.034s] Invoking command in '/home/gustav/P5-Kuka-Dual-Arm/build/moveit_planners_ompl': AMENT_PREFIX_PATH=/home/gustav/P5-Kuka-Dual-Arm/install/moveit_ros_planning:/home/gustav/P5-Kuka-Dual-Arm/install/moveit_ros_occupancy_map_monitor:/home/gustav/P5-Kuka-Dual-Arm/install/moveit_core:/home/gustav/P5-Kuka-Dual-Arm/install/moveit_resources_panda_moveit_config:/home/gustav/P5-Kuka-Dual-Arm/install/moveit_resources_fanuc_moveit_config:/home/gustav/P5-Kuka-Dual-Arm/install/generate_parameter_library:/home/gustav/P5-Kuka-Dual-Arm/install/parameter_traits:/home/gustav/P5-Kuka-Dual-Arm/install/moveit_resources_pr2_description:/home/gustav/P5-Kuka-Dual-Arm/install/moveit_resources_panda_description:/home/gustav/P5-Kuka-Dual-Arm/install/moveit_resources_fanuc_description:/home/gustav/P5-Kuka-Dual-Arm/install/moveit_msgs:/home/gustav/P5-Kuka-Dual-Arm/install/moveit_common:/home/gustav/P5-Kuka-Dual-Arm/install/generate_parameter_library_py:${AMENT_PREFIX_PATH} CMAKE_PREFIX_PATH=/home/gustav/P5-Kuka-Dual-Arm/install/moveit_ros_planning:/home/gustav/P5-Kuka-Dual-Arm/install/moveit_ros_occupancy_map_monitor:/home/gustav/P5-Kuka-Dual-Arm/install/moveit_core:/home/gustav/P5-Kuka-Dual-Arm/install/moveit_resources_panda_moveit_config:/home/gustav/P5-Kuka-Dual-Arm/install/moveit_resources_fanuc_moveit_config:/home/gustav/P5-Kuka-Dual-Arm/install/generate_parameter_library:/home/gustav/P5-Kuka-Dual-Arm/install/parameter_traits:/home/gustav/P5-Kuka-Dual-Arm/install/moveit_resources_pr2_description:/home/gustav/P5-Kuka-Dual-Arm/install/moveit_resources_panda_description:/home/gustav/P5-Kuka-Dual-Arm/install/moveit_resources_fanuc_description:/home/gustav/P5-Kuka-Dual-Arm/install/moveit_msgs:/home/gustav/P5-Kuka-Dual-Arm/install/moveit_common:/opt/ros/humble LD_LIBRARY_PATH=/home/gustav/P5-Kuka-Dual-Arm/install/moveit_ros_planning/lib:/home/gustav/P5-Kuka-Dual-Arm/install/moveit_ros_occupancy_map_monitor/lib:/home/gustav/P5-Kuka-Dual-Arm/install/moveit_core/lib:/home/gustav/P5-Kuka-Dual-Arm/install/parameter_traits/lib:/home/gustav/P5-Kuka-Dual-Arm/install/moveit_msgs/lib:${LD_LIBRARY_PATH} PATH=/home/gustav/P5-Kuka-Dual-Arm/install/moveit_core/bin:/home/gustav/P5-Kuka-Dual-Arm/install/generate_parameter_library_py/bin:${PATH} PYTHONPATH=/home/gustav/P5-Kuka-Dual-Arm/install/moveit_msgs/local/lib/python3.10/dist-packages:/home/gustav/P5-Kuka-Dual-Arm/install/generate_parameter_library_py/lib/python3.10/site-packages:${PYTHONPATH} /usr/bin/cmake --build /home/gustav/P5-Kuka-Dual-Arm/build/moveit_planners_ompl -- -j8 -l8
[0.112s] [35m[1mConsolidate compiler generated dependencies of target gtest_main[0m
[0.126s] [  2%] [32mBuilding CXX object gtest/CMakeFiles/gtest.dir/src/gtest-all.cc.o[0m
[0.136s] [  4%] [32mBuilding CXX object ompl_interface/CMakeFiles/moveit_ompl_interface.dir/src/model_based_planning_context.cpp.o[0m
[0.143s] [  7%] [32mBuilding CXX object ompl_interface/CMakeFiles/moveit_ompl_interface.dir/src/planning_context_manager.cpp.o[0m
[0.143s] [  9%] [32mBuilding CXX object ompl_interface/CMakeFiles/moveit_ompl_interface.dir/src/parameterization/model_based_state_space_factory.cpp.o[0m
[0.152s] [ 14%] Built target gtest_main
[0.153s] [ 19%] [32mBuilding CXX object ompl_interface/CMakeFiles/moveit_ompl_interface.dir/src/ompl_interface.cpp.o[0m
[0.153s] [ 17%] [32mBuilding CXX object ompl_interface/CMakeFiles/moveit_ompl_interface.dir/src/parameterization/model_based_state_space.cpp.o[0m
[0.156s] [ 21%] [32mBuilding CXX object ompl_interface/CMakeFiles/moveit_ompl_interface.dir/src/parameterization/joint_space/constrained_planning_state_space.cpp.o[0m
[0.170s] [ 24%] [32mBuilding CXX object ompl_interface/CMakeFiles/moveit_ompl_interface.dir/src/parameterization/joint_space/constrained_planning_state_space_factory.cpp.o[0m
[20.890s] [ 26%] [32m[1mLinking CXX static library libgtest.a[0m
[21.143s] [ 26%] Built target gtest
[21.179s] [ 29%] [32mBuilding CXX object ompl_interface/CMakeFiles/moveit_ompl_interface.dir/src/parameterization/joint_space/joint_model_state_space.cpp.o[0m
[56.385s] [ 31%] [32mBuilding CXX object ompl_interface/CMakeFiles/moveit_ompl_interface.dir/src/detail/projection_evaluators.cpp.o[0m
[67.167s] [ 34%] [32mBuilding CXX object ompl_interface/CMakeFiles/moveit_ompl_interface.dir/src/detail/goal_union.cpp.o[0m
[69.067s] [ 36%] [32mBuilding CXX object ompl_interface/CMakeFiles/moveit_ompl_interface.dir/src/detail/constraints_library.cpp.o[0m
[73.079s] [ 39%] [32mBuilding CXX object ompl_interface/CMakeFiles/moveit_ompl_interface.dir/src/detail/constrained_sampler.cpp.o[0m
[75.093s] [ 41%] [32mBuilding CXX object ompl_interface/CMakeFiles/moveit_ompl_interface.dir/src/detail/state_validity_checker.cpp.o[0m
[77.110s] [ 43%] [32mBuilding CXX object ompl_interface/CMakeFiles/moveit_ompl_interface.dir/src/detail/threadsafe_state_storage.cpp.o[0m
[78.126s] [ 46%] [32mBuilding CXX object ompl_interface/CMakeFiles/moveit_ompl_interface.dir/src/detail/ompl_constraints.cpp.o[0m
[79.147s] [ 48%] [32mBuilding CXX object ompl_interface/CMakeFiles/moveit_ompl_interface.dir/src/parameterization/work_space/pose_model_state_space_factory.cpp.o[0m
[80.197s] [ 51%] [32mBuilding CXX object ompl_interface/CMakeFiles/moveit_ompl_interface.dir/src/parameterization/work_space/pose_model_state_space.cpp.o[0m
[81.235s] [ 53%] [32mBuilding CXX object ompl_interface/CMakeFiles/moveit_ompl_interface.dir/src/parameterization/joint_space/joint_model_state_space_factory.cpp.o[0m
[102.602s] [ 56%] [32mBuilding CXX object ompl_interface/CMakeFiles/moveit_ompl_interface.dir/src/detail/constrained_goal_sampler.cpp.o[0m
[112.306s] [ 58%] [32mBuilding CXX object ompl_interface/CMakeFiles/moveit_ompl_interface.dir/src/detail/constrained_valid_state_sampler.cpp.o[0m
[122.030s] [ 60%] [32m[1mLinking CXX shared library libmoveit_ompl_interface.so[0m
[122.560s] [ 60%] Built target moveit_ompl_interface
[122.588s] [ 63%] [32mBuilding CXX object ompl_interface/CMakeFiles/test_state_space.dir/test/test_state_space.cpp.o[0m
[122.590s] [ 70%] [32mBuilding CXX object ompl_interface/CMakeFiles/moveit_ompl_planner_plugin.dir/src/ompl_planner_manager.cpp.o[0m
[122.590s] [ 70%] [32mBuilding CXX object ompl_interface/CMakeFiles/moveit_generate_state_database.dir/scripts/generate_state_database.cpp.o[0m
[122.590s] [ 70%] [32mBuilding CXX object ompl_interface/CMakeFiles/test_planning_context_manager.dir/test/test_planning_context_manager.cpp.o[0m
[122.591s] [ 73%] [32mBuilding CXX object ompl_interface/CMakeFiles/test_state_validity_checker.dir/test/test_state_validity_checker.cpp.o[0m
[122.594s] [ 75%] [32mBuilding CXX object ompl_interface/CMakeFiles/test_constrained_state_validity_checker.dir/test/test_constrained_state_validity_checker.cpp.o[0m
[122.598s] [ 78%] [32mBuilding CXX object ompl_interface/CMakeFiles/test_constrained_planning_state_space.dir/test/test_constrained_planning_state_space.cpp.o[0m
[144.857s] [ 80%] [32m[1mLinking CXX executable test_state_space[0m
[145.892s] [ 82%] [32m[1mLinking CXX shared library libmoveit_ompl_planner_plugin.so[0m
[146.455s] [ 82%] Built target test_state_space
[146.545s] [ 85%] [32mBuilding CXX object ompl_interface/CMakeFiles/test_threadsafe_state_storage.dir/test/test_threadsafe_state_storage.cpp.o[0m
[147.050s] [ 85%] Built target moveit_ompl_planner_plugin
[148.844s] [ 87%] [32m[1mLinking CXX executable test_constrained_planning_state_space[0m
[149.842s] [ 90%] [32m[1mLinking CXX executable test_state_validity_checker[0m
[150.261s] [ 90%] Built target test_constrained_planning_state_space
[150.727s] [ 92%] [32m[1mLinking CXX executable test_constrained_state_validity_checker[0m
[151.258s] [ 92%] Built target test_state_validity_checker
[152.164s] [ 92%] Built target test_constrained_state_validity_checker
[153.121s] [ 95%] [32m[1mLinking CXX executable generate_state_database[0m
[153.786s] [ 97%] [32m[1mLinking CXX executable test_planning_context_manager[0m
[153.792s] [ 97%] Built target moveit_generate_state_database
[154.362s] [ 97%] Built target test_planning_context_manager
[156.191s] [100%] [32m[1mLinking CXX executable test_threadsafe_state_storage[0m
[156.654s] [100%] Built target test_threadsafe_state_storage
[156.666s] Invoked command in '/home/gustav/P5-Kuka-Dual-Arm/build/moveit_planners_ompl' returned '0': AMENT_PREFIX_PATH=/home/gustav/P5-Kuka-Dual-Arm/install/moveit_ros_planning:/home/gustav/P5-Kuka-Dual-Arm/install/moveit_ros_occupancy_map_monitor:/home/gustav/P5-Kuka-Dual-Arm/install/moveit_core:/home/gustav/P5-Kuka-Dual-Arm/install/moveit_resources_panda_moveit_config:/home/gustav/P5-Kuka-Dual-Arm/install/moveit_resources_fanuc_moveit_config:/home/gustav/P5-Kuka-Dual-Arm/install/generate_parameter_library:/home/gustav/P5-Kuka-Dual-Arm/install/parameter_traits:/home/gustav/P5-Kuka-Dual-Arm/install/moveit_resources_pr2_description:/home/gustav/P5-Kuka-Dual-Arm/install/moveit_resources_panda_description:/home/gustav/P5-Kuka-Dual-Arm/install/moveit_resources_fanuc_description:/home/gustav/P5-Kuka-Dual-Arm/install/moveit_msgs:/home/gustav/P5-Kuka-Dual-Arm/install/moveit_common:/home/gustav/P5-Kuka-Dual-Arm/install/generate_parameter_library_py:${AMENT_PREFIX_PATH} CMAKE_PREFIX_PATH=/home/gustav/P5-Kuka-Dual-Arm/install/moveit_ros_planning:/home/gustav/P5-Kuka-Dual-Arm/install/moveit_ros_occupancy_map_monitor:/home/gustav/P5-Kuka-Dual-Arm/install/moveit_core:/home/gustav/P5-Kuka-Dual-Arm/install/moveit_resources_panda_moveit_config:/home/gustav/P5-Kuka-Dual-Arm/install/moveit_resources_fanuc_moveit_config:/home/gustav/P5-Kuka-Dual-Arm/install/generate_parameter_library:/home/gustav/P5-Kuka-Dual-Arm/install/parameter_traits:/home/gustav/P5-Kuka-Dual-Arm/install/moveit_resources_pr2_description:/home/gustav/P5-Kuka-Dual-Arm/install/moveit_resources_panda_description:/home/gustav/P5-Kuka-Dual-Arm/install/moveit_resources_fanuc_description:/home/gustav/P5-Kuka-Dual-Arm/install/moveit_msgs:/home/gustav/P5-Kuka-Dual-Arm/install/moveit_common:/opt/ros/humble LD_LIBRARY_PATH=/home/gustav/P5-Kuka-Dual-Arm/install/moveit_ros_planning/lib:/home/gustav/P5-Kuka-Dual-Arm/install/moveit_ros_occupancy_map_monitor/lib:/home/gustav/P5-Kuka-Dual-Arm/install/moveit_core/lib:/home/gustav/P5-Kuka-Dual-Arm/install/parameter_traits/lib:/home/gustav/P5-Kuka-Dual-Arm/install/moveit_msgs/lib:${LD_LIBRARY_PATH} PATH=/home/gustav/P5-Kuka-Dual-Arm/install/moveit_core/bin:/home/gustav/P5-Kuka-Dual-Arm/install/generate_parameter_library_py/bin:${PATH} PYTHONPATH=/home/gustav/P5-Kuka-Dual-Arm/install/moveit_msgs/local/lib/python3.10/dist-packages:/home/gustav/P5-Kuka-Dual-Arm/install/generate_parameter_library_py/lib/python3.10/site-packages:${PYTHONPATH} /usr/bin/cmake --build /home/gustav/P5-Kuka-Dual-Arm/build/moveit_planners_ompl -- -j8 -l8
[156.693s] Invoking command in '/home/gustav/P5-Kuka-Dual-Arm/build/moveit_planners_ompl': AMENT_PREFIX_PATH=/home/gustav/P5-Kuka-Dual-Arm/install/moveit_ros_planning:/home/gustav/P5-Kuka-Dual-Arm/install/moveit_ros_occupancy_map_monitor:/home/gustav/P5-Kuka-Dual-Arm/install/moveit_core:/home/gustav/P5-Kuka-Dual-Arm/install/moveit_resources_panda_moveit_config:/home/gustav/P5-Kuka-Dual-Arm/install/moveit_resources_fanuc_moveit_config:/home/gustav/P5-Kuka-Dual-Arm/install/generate_parameter_library:/home/gustav/P5-Kuka-Dual-Arm/install/parameter_traits:/home/gustav/P5-Kuka-Dual-Arm/install/moveit_resources_pr2_description:/home/gustav/P5-Kuka-Dual-Arm/install/moveit_resources_panda_description:/home/gustav/P5-Kuka-Dual-Arm/install/moveit_resources_fanuc_description:/home/gustav/P5-Kuka-Dual-Arm/install/moveit_msgs:/home/gustav/P5-Kuka-Dual-Arm/install/moveit_common:/home/gustav/P5-Kuka-Dual-Arm/install/generate_parameter_library_py:${AMENT_PREFIX_PATH} CMAKE_PREFIX_PATH=/home/gustav/P5-Kuka-Dual-Arm/install/moveit_ros_planning:/home/gustav/P5-Kuka-Dual-Arm/install/moveit_ros_occupancy_map_monitor:/home/gustav/P5-Kuka-Dual-Arm/install/moveit_core:/home/gustav/P5-Kuka-Dual-Arm/install/moveit_resources_panda_moveit_config:/home/gustav/P5-Kuka-Dual-Arm/install/moveit_resources_fanuc_moveit_config:/home/gustav/P5-Kuka-Dual-Arm/install/generate_parameter_library:/home/gustav/P5-Kuka-Dual-Arm/install/parameter_traits:/home/gustav/P5-Kuka-Dual-Arm/install/moveit_resources_pr2_description:/home/gustav/P5-Kuka-Dual-Arm/install/moveit_resources_panda_description:/home/gustav/P5-Kuka-Dual-Arm/install/moveit_resources_fanuc_description:/home/gustav/P5-Kuka-Dual-Arm/install/moveit_msgs:/home/gustav/P5-Kuka-Dual-Arm/install/moveit_common:/opt/ros/humble LD_LIBRARY_PATH=/home/gustav/P5-Kuka-Dual-Arm/install/moveit_ros_planning/lib:/home/gustav/P5-Kuka-Dual-Arm/install/moveit_ros_occupancy_map_monitor/lib:/home/gustav/P5-Kuka-Dual-Arm/install/moveit_core/lib:/home/gustav/P5-Kuka-Dual-Arm/install/parameter_traits/lib:/home/gustav/P5-Kuka-Dual-Arm/install/moveit_msgs/lib:${LD_LIBRARY_PATH} PATH=/home/gustav/P5-Kuka-Dual-Arm/install/moveit_core/bin:/home/gustav/P5-Kuka-Dual-Arm/install/generate_parameter_library_py/bin:${PATH} PYTHONPATH=/home/gustav/P5-Kuka-Dual-Arm/install/moveit_msgs/local/lib/python3.10/dist-packages:/home/gustav/P5-Kuka-Dual-Arm/install/generate_parameter_library_py/lib/python3.10/site-packages:${PYTHONPATH} /usr/bin/cmake --install /home/gustav/P5-Kuka-Dual-Arm/build/moveit_planners_ompl
[156.700s] -- Install configuration: "Release"
[156.700s] -- Installing: /home/gustav/P5-Kuka-Dual-Arm/install/moveit_planners_ompl/lib/moveit_planners_ompl/generate_state_database
[156.701s] -- Set runtime path of "/home/gustav/P5-Kuka-Dual-Arm/install/moveit_planners_ompl/lib/moveit_planners_ompl/generate_state_database" to ""
[156.701s] -- Installing: /home/gustav/P5-Kuka-Dual-Arm/install/moveit_planners_ompl/include
[156.701s] -- Installing: /home/gustav/P5-Kuka-Dual-Arm/install/moveit_planners_ompl/include/moveit
[156.701s] -- Installing: /home/gustav/P5-Kuka-Dual-Arm/install/moveit_planners_ompl/include/moveit/ompl_interface
[156.701s] -- Installing: /home/gustav/P5-Kuka-Dual-Arm/install/moveit_planners_ompl/include/moveit/ompl_interface/planning_context_manager.h
[156.702s] -- Installing: /home/gustav/P5-Kuka-Dual-Arm/install/moveit_planners_ompl/include/moveit/ompl_interface/model_based_planning_context.h
[156.702s] -- Installing: /home/gustav/P5-Kuka-Dual-Arm/install/moveit_planners_ompl/include/moveit/ompl_interface/parameterization
[156.702s] -- Installing: /home/gustav/P5-Kuka-Dual-Arm/install/moveit_planners_ompl/include/moveit/ompl_interface/parameterization/model_based_state_space_factory.h
[156.702s] -- Installing: /home/gustav/P5-Kuka-Dual-Arm/install/moveit_planners_ompl/include/moveit/ompl_interface/parameterization/joint_space
[156.702s] -- Installing: /home/gustav/P5-Kuka-Dual-Arm/install/moveit_planners_ompl/include/moveit/ompl_interface/parameterization/joint_space/constrained_planning_state_space.h
[156.702s] -- Installing: /home/gustav/P5-Kuka-Dual-Arm/install/moveit_planners_ompl/include/moveit/ompl_interface/parameterization/joint_space/joint_model_state_space_factory.h
[156.702s] -- Installing: /home/gustav/P5-Kuka-Dual-Arm/install/moveit_planners_ompl/include/moveit/ompl_interface/parameterization/joint_space/joint_model_state_space.h
[156.702s] -- Installing: /home/gustav/P5-Kuka-Dual-Arm/install/moveit_planners_ompl/include/moveit/ompl_interface/parameterization/joint_space/constrained_planning_state_space_factory.h
[156.703s] -- Installing: /home/gustav/P5-Kuka-Dual-Arm/install/moveit_planners_ompl/include/moveit/ompl_interface/parameterization/work_space
[156.703s] -- Installing: /home/gustav/P5-Kuka-Dual-Arm/install/moveit_planners_ompl/include/moveit/ompl_interface/parameterization/work_space/pose_model_state_space_factory.h
[156.703s] -- Installing: /home/gustav/P5-Kuka-Dual-Arm/install/moveit_planners_ompl/include/moveit/ompl_interface/parameterization/work_space/pose_model_state_space.h
[156.703s] -- Installing: /home/gustav/P5-Kuka-Dual-Arm/install/moveit_planners_ompl/include/moveit/ompl_interface/parameterization/model_based_state_space.h
[156.703s] -- Installing: /home/gustav/P5-Kuka-Dual-Arm/install/moveit_planners_ompl/include/moveit/ompl_interface/detail
[156.703s] -- Installing: /home/gustav/P5-Kuka-Dual-Arm/install/moveit_planners_ompl/include/moveit/ompl_interface/detail/goal_union.h
[156.703s] -- Installing: /home/gustav/P5-Kuka-Dual-Arm/install/moveit_planners_ompl/include/moveit/ompl_interface/detail/constraint_approximations.h
[156.703s] -- Installing: /home/gustav/P5-Kuka-Dual-Arm/install/moveit_planners_ompl/include/moveit/ompl_interface/detail/projection_evaluators.h
[156.703s] -- Installing: /home/gustav/P5-Kuka-Dual-Arm/install/moveit_planners_ompl/include/moveit/ompl_interface/detail/constrained_valid_state_sampler.h
[156.704s] -- Installing: /home/gustav/P5-Kuka-Dual-Arm/install/moveit_planners_ompl/include/moveit/ompl_interface/detail/constraints_library.h
[156.704s] -- Installing: /home/gustav/P5-Kuka-Dual-Arm/install/moveit_planners_ompl/include/moveit/ompl_interface/detail/threadsafe_state_storage.h
[156.704s] -- Installing: /home/gustav/P5-Kuka-Dual-Arm/install/moveit_planners_ompl/include/moveit/ompl_interface/detail/ompl_constraints.h
[156.704s] -- Installing: /home/gustav/P5-Kuka-Dual-Arm/install/moveit_planners_ompl/include/moveit/ompl_interface/detail/constrained_goal_sampler.h
[156.704s] -- Installing: /home/gustav/P5-Kuka-Dual-Arm/install/moveit_planners_ompl/include/moveit/ompl_interface/detail/constrained_sampler.h
[156.704s] -- Installing: /home/gustav/P5-Kuka-Dual-Arm/install/moveit_planners_ompl/include/moveit/ompl_interface/detail/state_validity_checker.h
[156.704s] -- Installing: /home/gustav/P5-Kuka-Dual-Arm/install/moveit_planners_ompl/include/moveit/ompl_interface/ompl_interface.h
[156.705s] -- Installing: /home/gustav/P5-Kuka-Dual-Arm/install/moveit_planners_ompl/lib/libmoveit_ompl_interface.so.2.5.5
[156.706s] -- Set runtime path of "/home/gustav/P5-Kuka-Dual-Arm/install/moveit_planners_ompl/lib/libmoveit_ompl_interface.so.2.5.5" to ""
[156.707s] -- Installing: /home/gustav/P5-Kuka-Dual-Arm/install/moveit_planners_ompl/lib/libmoveit_ompl_interface.so
[156.707s] -- Installing: /home/gustav/P5-Kuka-Dual-Arm/install/moveit_planners_ompl/lib/libmoveit_ompl_planner_plugin.so.2.5.5
[156.707s] -- Set runtime path of "/home/gustav/P5-Kuka-Dual-Arm/install/moveit_planners_ompl/lib/libmoveit_ompl_planner_plugin.so.2.5.5" to ""
[156.707s] -- Installing: /home/gustav/P5-Kuka-Dual-Arm/install/moveit_planners_ompl/lib/libmoveit_ompl_planner_plugin.so
[156.707s] -- Installing: /home/gustav/P5-Kuka-Dual-Arm/install/moveit_planners_ompl/share/moveit_planners_ompl/environment/library_path.sh
[156.708s] -- Installing: /home/gustav/P5-Kuka-Dual-Arm/install/moveit_planners_ompl/share/moveit_planners_ompl/environment/library_path.dsv
[156.708s] -- Installing: /home/gustav/P5-Kuka-Dual-Arm/install/moveit_planners_ompl/share/moveit_planners_ompl/ompl_interface_plugin_description.xml
[156.708s] -- Installing: /home/gustav/P5-Kuka-Dual-Arm/install/moveit_planners_ompl/share/ament_index/resource_index/package_run_dependencies/moveit_planners_ompl
[156.708s] -- Installing: /home/gustav/P5-Kuka-Dual-Arm/install/moveit_planners_ompl/share/ament_index/resource_index/parent_prefix_path/moveit_planners_ompl
[156.709s] -- Installing: /home/gustav/P5-Kuka-Dual-Arm/install/moveit_planners_ompl/share/moveit_planners_ompl/environment/ament_prefix_path.sh
[156.709s] -- Installing: /home/gustav/P5-Kuka-Dual-Arm/install/moveit_planners_ompl/share/moveit_planners_ompl/environment/ament_prefix_path.dsv
[156.709s] -- Installing: /home/gustav/P5-Kuka-Dual-Arm/install/moveit_planners_ompl/share/moveit_planners_ompl/environment/path.sh
[156.709s] -- Installing: /home/gustav/P5-Kuka-Dual-Arm/install/moveit_planners_ompl/share/moveit_planners_ompl/environment/path.dsv
[156.710s] -- Installing: /home/gustav/P5-Kuka-Dual-Arm/install/moveit_planners_ompl/share/moveit_planners_ompl/local_setup.bash
[156.710s] -- Installing: /home/gustav/P5-Kuka-Dual-Arm/install/moveit_planners_ompl/share/moveit_planners_ompl/local_setup.sh
[156.710s] -- Installing: /home/gustav/P5-Kuka-Dual-Arm/install/moveit_planners_ompl/share/moveit_planners_ompl/local_setup.zsh
[156.710s] -- Installing: /home/gustav/P5-Kuka-Dual-Arm/install/moveit_planners_ompl/share/moveit_planners_ompl/local_setup.dsv
[156.710s] -- Installing: /home/gustav/P5-Kuka-Dual-Arm/install/moveit_planners_ompl/share/moveit_planners_ompl/package.dsv
[156.711s] -- Installing: /home/gustav/P5-Kuka-Dual-Arm/install/moveit_planners_ompl/share/ament_index/resource_index/packages/moveit_planners_ompl
[156.711s] -- Installing: /home/gustav/P5-Kuka-Dual-Arm/install/moveit_planners_ompl/share/ament_index/resource_index/moveit_core__pluginlib__plugin/moveit_planners_ompl
[156.712s] -- Installing: /home/gustav/P5-Kuka-Dual-Arm/install/moveit_planners_ompl/share/moveit_planners_ompl/cmake/export_moveit_planners_omplExport.cmake
[156.712s] -- Installing: /home/gustav/P5-Kuka-Dual-Arm/install/moveit_planners_ompl/share/moveit_planners_ompl/cmake/export_moveit_planners_omplExport-release.cmake
[156.712s] -- Installing: /home/gustav/P5-Kuka-Dual-Arm/install/moveit_planners_ompl/share/moveit_planners_ompl/cmake/ament_cmake_export_targets-extras.cmake
[156.713s] -- Installing: /home/gustav/P5-Kuka-Dual-Arm/install/moveit_planners_ompl/share/moveit_planners_ompl/cmake/ament_cmake_export_dependencies-extras.cmake
[156.713s] -- Installing: /home/gustav/P5-Kuka-Dual-Arm/install/moveit_planners_ompl/share/moveit_planners_ompl/cmake/moveit_planners_omplConfig.cmake
[156.713s] -- Installing: /home/gustav/P5-Kuka-Dual-Arm/install/moveit_planners_ompl/share/moveit_planners_ompl/cmake/moveit_planners_omplConfig-version.cmake
[156.713s] -- Installing: /home/gustav/P5-Kuka-Dual-Arm/install/moveit_planners_ompl/share/moveit_planners_ompl/package.xml
[156.716s] Invoked command in '/home/gustav/P5-Kuka-Dual-Arm/build/moveit_planners_ompl' returned '0': AMENT_PREFIX_PATH=/home/gustav/P5-Kuka-Dual-Arm/install/moveit_ros_planning:/home/gustav/P5-Kuka-Dual-Arm/install/moveit_ros_occupancy_map_monitor:/home/gustav/P5-Kuka-Dual-Arm/install/moveit_core:/home/gustav/P5-Kuka-Dual-Arm/install/moveit_resources_panda_moveit_config:/home/gustav/P5-Kuka-Dual-Arm/install/moveit_resources_fanuc_moveit_config:/home/gustav/P5-Kuka-Dual-Arm/install/generate_parameter_library:/home/gustav/P5-Kuka-Dual-Arm/install/parameter_traits:/home/gustav/P5-Kuka-Dual-Arm/install/moveit_resources_pr2_description:/home/gustav/P5-Kuka-Dual-Arm/install/moveit_resources_panda_description:/home/gustav/P5-Kuka-Dual-Arm/install/moveit_resources_fanuc_description:/home/gustav/P5-Kuka-Dual-Arm/install/moveit_msgs:/home/gustav/P5-Kuka-Dual-Arm/install/moveit_common:/home/gustav/P5-Kuka-Dual-Arm/install/generate_parameter_library_py:${AMENT_PREFIX_PATH} CMAKE_PREFIX_PATH=/home/gustav/P5-Kuka-Dual-Arm/install/moveit_ros_planning:/home/gustav/P5-Kuka-Dual-Arm/install/moveit_ros_occupancy_map_monitor:/home/gustav/P5-Kuka-Dual-Arm/install/moveit_core:/home/gustav/P5-Kuka-Dual-Arm/install/moveit_resources_panda_moveit_config:/home/gustav/P5-Kuka-Dual-Arm/install/moveit_resources_fanuc_moveit_config:/home/gustav/P5-Kuka-Dual-Arm/install/generate_parameter_library:/home/gustav/P5-Kuka-Dual-Arm/install/parameter_traits:/home/gustav/P5-Kuka-Dual-Arm/install/moveit_resources_pr2_description:/home/gustav/P5-Kuka-Dual-Arm/install/moveit_resources_panda_description:/home/gustav/P5-Kuka-Dual-Arm/install/moveit_resources_fanuc_description:/home/gustav/P5-Kuka-Dual-Arm/install/moveit_msgs:/home/gustav/P5-Kuka-Dual-Arm/install/moveit_common:/opt/ros/humble LD_LIBRARY_PATH=/home/gustav/P5-Kuka-Dual-Arm/install/moveit_ros_planning/lib:/home/gustav/P5-Kuka-Dual-Arm/install/moveit_ros_occupancy_map_monitor/lib:/home/gustav/P5-Kuka-Dual-Arm/install/moveit_core/lib:/home/gustav/P5-Kuka-Dual-Arm/install/parameter_traits/lib:/home/gustav/P5-Kuka-Dual-Arm/install/moveit_msgs/lib:${LD_LIBRARY_PATH} PATH=/home/gustav/P5-Kuka-Dual-Arm/install/moveit_core/bin:/home/gustav/P5-Kuka-Dual-Arm/install/generate_parameter_library_py/bin:${PATH} PYTHONPATH=/home/gustav/P5-Kuka-Dual-Arm/install/moveit_msgs/local/lib/python3.10/dist-packages:/home/gustav/P5-Kuka-Dual-Arm/install/generate_parameter_library_py/lib/python3.10/site-packages:${PYTHONPATH} /usr/bin/cmake --install /home/gustav/P5-Kuka-Dual-Arm/build/moveit_planners_ompl
