Traceback (most recent call last):
  File "/home/gustav/P5-Kuka-Dual-Arm/p5_ws/src/generate_parameter_library/example_python/setup.py", line 15, in <module>
    generate_parameter_module(
  File "/home/gustav/P5-Kuka-Dual-Arm/install/generate_parameter_library_py/lib/python3.10/site-packages/generate_parameter_library_py/setup_helper.py", line 70, in generate_parameter_module
    run(
  File "/home/gustav/P5-Kuka-Dual-Arm/install/generate_parameter_library_py/lib/python3.10/site-packages/generate_parameter_library_py/generate_python_module.py", line 47, in run
    code = str(gen_param_struct)
  File "/home/gustav/P5-Kuka-Dual-Arm/install/generate_parameter_library_py/lib/python3.10/site-packages/generate_parameter_library_py/parse_yaml.py", line 869, in __str__
    'declare_params': '\n'.join([str(x) for x in self.declare_parameters]),
  File "/home/gustav/P5-Kuka-Dual-Arm/install/generate_parameter_library_py/lib/python3.10/site-packages/generate_parameter_library_py/parse_yaml.py", line 869, in <listcomp>
    'declare_params': '\n'.join([str(x) for x in self.declare_parameters]),
  File "/home/gustav/P5-Kuka-Dual-Arm/install/generate_parameter_library_py/lib/python3.10/site-packages/generate_parameter_library_py/parse_yaml.py", line 516, in __str__
    j2_template = env.from_string(GenerateCode.templates['declare_parameter'])
  File "/usr/lib/python3/dist-packages/jinja2/environment.py", line 1092, in from_string
    return cls.from_code(self, self.compile(source), gs, None)
  File "/usr/lib/python3/dist-packages/jinja2/environment.py", line 750, in compile
    source = self._generate(source, name, filename, defer_init=defer_init)
  File "/usr/lib/python3/dist-packages/jinja2/environment.py", line 678, in _generate
    return generate(  # type: ignore
  File "/usr/lib/python3/dist-packages/jinja2/compiler.py", line 117, in generate
    generator.visit(node)
  File "/usr/lib/python3/dist-packages/jinja2/visitor.py", line 40, in visit
    return f(node, *args, **kwargs)
  File "/usr/lib/python3/dist-packages/jinja2/compiler.py", line 850, in visit_Template
    for block in node.find_all(nodes.Block):
  File "/usr/lib/python3/dist-packages/jinja2/nodes.py", line 205, in find_all
    yield from child.find_all(node_type)
  File "/usr/lib/python3/dist-packages/jinja2/nodes.py", line 205, in find_all
    yield from child.find_all(node_type)
  File "/usr/lib/python3/dist-packages/jinja2/nodes.py", line 205, in find_all
    yield from child.find_all(node_type)
  [Previous line repeated 5 more times]
  File "/usr/lib/python3/dist-packages/jinja2/nodes.py", line 203, in find_all
    if isinstance(child, node_type):
KeyboardInterrupt
