[0.017s] Invoking command in '/home/gustav/P5-Kuka-Dual-Arm/build/moveit_resources_panda_moveit_config': AMENT_PREFIX_PATH=/home/gustav/P5-Kuka-Dual-Arm/install/moveit_resources_panda_description:${AMENT_PREFIX_PATH} CMAKE_PREFIX_PATH=/home/gustav/P5-Kuka-Dual-Arm/install/moveit_resources_panda_description:/opt/ros/humble /usr/bin/cmake /home/gustav/P5-Kuka-Dual-Arm/p5_ws/src/moveit_resources/panda_moveit_config -DCMAKE_INSTALL_PREFIX=/home/gustav/P5-Kuka-Dual-Arm/install/moveit_resources_panda_moveit_config
[0.039s] -- Found ament_cmake: 1.3.10 (/opt/ros/humble/share/ament_cmake/cmake)
[0.353s] -- Configuring done
[0.358s] -- Generating done
[0.360s] -- Build files have been written to: /home/gustav/P5-Kuka-Dual-Arm/build/moveit_resources_panda_moveit_config
[0.372s] Invoked command in '/home/gustav/P5-Kuka-Dual-Arm/build/moveit_resources_panda_moveit_config' returned '0': AMENT_PREFIX_PATH=/home/gustav/P5-Kuka-Dual-Arm/install/moveit_resources_panda_description:${AMENT_PREFIX_PATH} CMAKE_PREFIX_PATH=/home/gustav/P5-Kuka-Dual-Arm/install/moveit_resources_panda_description:/opt/ros/humble /usr/bin/cmake /home/gustav/P5-Kuka-Dual-Arm/p5_ws/src/moveit_resources/panda_moveit_config -DCMAKE_INSTALL_PREFIX=/home/gustav/P5-Kuka-Dual-Arm/install/moveit_resources_panda_moveit_config
[0.372s] Invoking command in '/home/gustav/P5-Kuka-Dual-Arm/build/moveit_resources_panda_moveit_config': AMENT_PREFIX_PATH=/home/gustav/P5-Kuka-Dual-Arm/install/moveit_resources_panda_description:${AMENT_PREFIX_PATH} CMAKE_PREFIX_PATH=/home/gustav/P5-Kuka-Dual-Arm/install/moveit_resources_panda_description:/opt/ros/humble /usr/bin/cmake --build /home/gustav/P5-Kuka-Dual-Arm/build/moveit_resources_panda_moveit_config -- -j8 -l8
[0.423s] Invoked command in '/home/gustav/P5-Kuka-Dual-Arm/build/moveit_resources_panda_moveit_config' returned '0': AMENT_PREFIX_PATH=/home/gustav/P5-Kuka-Dual-Arm/install/moveit_resources_panda_description:${AMENT_PREFIX_PATH} CMAKE_PREFIX_PATH=/home/gustav/P5-Kuka-Dual-Arm/install/moveit_resources_panda_description:/opt/ros/humble /usr/bin/cmake --build /home/gustav/P5-Kuka-Dual-Arm/build/moveit_resources_panda_moveit_config -- -j8 -l8
[0.467s] Invoking command in '/home/gustav/P5-Kuka-Dual-Arm/build/moveit_resources_panda_moveit_config': AMENT_PREFIX_PATH=/home/gustav/P5-Kuka-Dual-Arm/install/moveit_resources_panda_description:${AMENT_PREFIX_PATH} CMAKE_PREFIX_PATH=/home/gustav/P5-Kuka-Dual-Arm/install/moveit_resources_panda_description:/opt/ros/humble /usr/bin/cmake --install /home/gustav/P5-Kuka-Dual-Arm/build/moveit_resources_panda_moveit_config
[0.477s] -- Install configuration: "Release"
[0.477s] -- Up-to-date: /home/gustav/P5-Kuka-Dual-Arm/install/moveit_resources_panda_moveit_config/share/ament_index/resource_index/package_run_dependencies/moveit_resources_panda_moveit_config
[0.477s] -- Installing: /home/gustav/P5-Kuka-Dual-Arm/install/moveit_resources_panda_moveit_config/share/ament_index/resource_index/parent_prefix_path/moveit_resources_panda_moveit_config
[0.478s] -- Up-to-date: /home/gustav/P5-Kuka-Dual-Arm/install/moveit_resources_panda_moveit_config/share/moveit_resources_panda_moveit_config/environment/ament_prefix_path.sh
[0.478s] -- Installing: /home/gustav/P5-Kuka-Dual-Arm/install/moveit_resources_panda_moveit_config/share/moveit_resources_panda_moveit_config/environment/ament_prefix_path.dsv
[0.479s] -- Up-to-date: /home/gustav/P5-Kuka-Dual-Arm/install/moveit_resources_panda_moveit_config/share/moveit_resources_panda_moveit_config/environment/path.sh
[0.479s] -- Installing: /home/gustav/P5-Kuka-Dual-Arm/install/moveit_resources_panda_moveit_config/share/moveit_resources_panda_moveit_config/environment/path.dsv
[0.479s] -- Up-to-date: /home/gustav/P5-Kuka-Dual-Arm/install/moveit_resources_panda_moveit_config/share/moveit_resources_panda_moveit_config/local_setup.bash
[0.480s] -- Up-to-date: /home/gustav/P5-Kuka-Dual-Arm/install/moveit_resources_panda_moveit_config/share/moveit_resources_panda_moveit_config/local_setup.sh
[0.481s] -- Up-to-date: /home/gustav/P5-Kuka-Dual-Arm/install/moveit_resources_panda_moveit_config/share/moveit_resources_panda_moveit_config/local_setup.zsh
[0.481s] -- Installing: /home/gustav/P5-Kuka-Dual-Arm/install/moveit_resources_panda_moveit_config/share/moveit_resources_panda_moveit_config/local_setup.dsv
[0.481s] -- Installing: /home/gustav/P5-Kuka-Dual-Arm/install/moveit_resources_panda_moveit_config/share/moveit_resources_panda_moveit_config/package.dsv
[0.481s] -- Up-to-date: /home/gustav/P5-Kuka-Dual-Arm/install/moveit_resources_panda_moveit_config/share/ament_index/resource_index/packages/moveit_resources_panda_moveit_config
[0.481s] -- Up-to-date: /home/gustav/P5-Kuka-Dual-Arm/install/moveit_resources_panda_moveit_config/share/moveit_resources_panda_moveit_config/cmake/moveit_resources_panda_moveit_configConfig.cmake
[0.482s] -- Up-to-date: /home/gustav/P5-Kuka-Dual-Arm/install/moveit_resources_panda_moveit_config/share/moveit_resources_panda_moveit_config/cmake/moveit_resources_panda_moveit_configConfig-version.cmake
[0.482s] -- Up-to-date: /home/gustav/P5-Kuka-Dual-Arm/install/moveit_resources_panda_moveit_config/share/moveit_resources_panda_moveit_config/package.xml
[0.482s] -- Up-to-date: /home/gustav/P5-Kuka-Dual-Arm/install/moveit_resources_panda_moveit_config/share/moveit_resources_panda_moveit_config/launch
[0.482s] -- Up-to-date: /home/gustav/P5-Kuka-Dual-Arm/install/moveit_resources_panda_moveit_config/share/moveit_resources_panda_moveit_config/launch/moveit_rviz.launch.py
[0.483s] -- Up-to-date: /home/gustav/P5-Kuka-Dual-Arm/install/moveit_resources_panda_moveit_config/share/moveit_resources_panda_moveit_config/launch/demo.launch.py
[0.483s] -- Up-to-date: /home/gustav/P5-Kuka-Dual-Arm/install/moveit_resources_panda_moveit_config/share/moveit_resources_panda_moveit_config/launch/moveit.rviz
[0.483s] -- Up-to-date: /home/gustav/P5-Kuka-Dual-Arm/install/moveit_resources_panda_moveit_config/share/moveit_resources_panda_moveit_config/launch/moveit_empty.rviz
[0.483s] -- Up-to-date: /home/gustav/P5-Kuka-Dual-Arm/install/moveit_resources_panda_moveit_config/share/moveit_resources_panda_moveit_config/config
[0.483s] -- Up-to-date: /home/gustav/P5-Kuka-Dual-Arm/install/moveit_resources_panda_moveit_config/share/moveit_resources_panda_moveit_config/config/hand.xacro
[0.483s] -- Up-to-date: /home/gustav/P5-Kuka-Dual-Arm/install/moveit_resources_panda_moveit_config/share/moveit_resources_panda_moveit_config/config/trajopt_planning.yaml
[0.483s] -- Up-to-date: /home/gustav/P5-Kuka-Dual-Arm/install/moveit_resources_panda_moveit_config/share/moveit_resources_panda_moveit_config/config/moveit_controllers.yaml
[0.484s] -- Up-to-date: /home/gustav/P5-Kuka-Dual-Arm/install/moveit_resources_panda_moveit_config/share/moveit_resources_panda_moveit_config/config/chomp_planning.yaml
[0.484s] -- Up-to-date: /home/gustav/P5-Kuka-Dual-Arm/install/moveit_resources_panda_moveit_config/share/moveit_resources_panda_moveit_config/config/gripper_moveit_controllers.yaml
[0.484s] -- Up-to-date: /home/gustav/P5-Kuka-Dual-Arm/install/moveit_resources_panda_moveit_config/share/moveit_resources_panda_moveit_config/config/lerp_planning.yaml
[0.484s] -- Up-to-date: /home/gustav/P5-Kuka-Dual-Arm/install/moveit_resources_panda_moveit_config/share/moveit_resources_panda_moveit_config/config/pilz_cartesian_limits.yaml
[0.484s] -- Up-to-date: /home/gustav/P5-Kuka-Dual-Arm/install/moveit_resources_panda_moveit_config/share/moveit_resources_panda_moveit_config/config/pilz_industrial_motion_planner_planning.yaml
[0.484s] -- Up-to-date: /home/gustav/P5-Kuka-Dual-Arm/install/moveit_resources_panda_moveit_config/share/moveit_resources_panda_moveit_config/config/panda.urdf.xacro
[0.484s] -- Up-to-date: /home/gustav/P5-Kuka-Dual-Arm/install/moveit_resources_panda_moveit_config/share/moveit_resources_panda_moveit_config/config/joint_limits.yaml
[0.484s] -- Up-to-date: /home/gustav/P5-Kuka-Dual-Arm/install/moveit_resources_panda_moveit_config/share/moveit_resources_panda_moveit_config/config/ros2_controllers.yaml
[0.484s] -- Up-to-date: /home/gustav/P5-Kuka-Dual-Arm/install/moveit_resources_panda_moveit_config/share/moveit_resources_panda_moveit_config/config/panda_arm.xacro
[0.485s] -- Up-to-date: /home/gustav/P5-Kuka-Dual-Arm/install/moveit_resources_panda_moveit_config/share/moveit_resources_panda_moveit_config/config/ompl_planning.yaml
[0.485s] -- Up-to-date: /home/gustav/P5-Kuka-Dual-Arm/install/moveit_resources_panda_moveit_config/share/moveit_resources_panda_moveit_config/config/sensors_kinect_pointcloud.yaml
[0.485s] -- Up-to-date: /home/gustav/P5-Kuka-Dual-Arm/install/moveit_resources_panda_moveit_config/share/moveit_resources_panda_moveit_config/config/initial_positions.yaml
[0.485s] -- Up-to-date: /home/gustav/P5-Kuka-Dual-Arm/install/moveit_resources_panda_moveit_config/share/moveit_resources_panda_moveit_config/config/panda_arm_hand.srdf.xacro
[0.485s] -- Up-to-date: /home/gustav/P5-Kuka-Dual-Arm/install/moveit_resources_panda_moveit_config/share/moveit_resources_panda_moveit_config/config/panda.srdf
[0.486s] -- Up-to-date: /home/gustav/P5-Kuka-Dual-Arm/install/moveit_resources_panda_moveit_config/share/moveit_resources_panda_moveit_config/config/kinematics.yaml
[0.486s] -- Up-to-date: /home/gustav/P5-Kuka-Dual-Arm/install/moveit_resources_panda_moveit_config/share/moveit_resources_panda_moveit_config/config/panda_arm.srdf.xacro
[0.486s] -- Up-to-date: /home/gustav/P5-Kuka-Dual-Arm/install/moveit_resources_panda_moveit_config/share/moveit_resources_panda_moveit_config/config/panda.ros2_control.xacro
[0.486s] -- Up-to-date: /home/gustav/P5-Kuka-Dual-Arm/install/moveit_resources_panda_moveit_config/share/moveit_resources_panda_moveit_config/config/panda_hand.ros2_control.xacro
[0.486s] -- Up-to-date: /home/gustav/P5-Kuka-Dual-Arm/install/moveit_resources_panda_moveit_config/share/moveit_resources_panda_moveit_config/config/sensors_kinect_depthmap.yaml
[0.486s] -- Up-to-date: /home/gustav/P5-Kuka-Dual-Arm/install/moveit_resources_panda_moveit_config/share/moveit_resources_panda_moveit_config/.setup_assistant
[0.490s] Invoked command in '/home/gustav/P5-Kuka-Dual-Arm/build/moveit_resources_panda_moveit_config' returned '0': AMENT_PREFIX_PATH=/home/gustav/P5-Kuka-Dual-Arm/install/moveit_resources_panda_description:${AMENT_PREFIX_PATH} CMAKE_PREFIX_PATH=/home/gustav/P5-Kuka-Dual-Arm/install/moveit_resources_panda_description:/opt/ros/humble /usr/bin/cmake --install /home/gustav/P5-Kuka-Dual-Arm/build/moveit_resources_panda_moveit_config
