[0.339s] Invoking command in '/home/gustav/P5-Kuka-Dual-Arm/build/moveit_resources_fanuc_description': CMAKE_PREFIX_PATH=${CMAKE_PREFIX_PATH}:/home/gustav/ws_moveit2/install/moveit_configs_utils:/home/gustav/ws_moveit2/install/launch_param_builder:/home/gustav/lbr_stack/install/lbr_demos_py:/home/gustav/lbr_stack/install/lbr_demos_advanced_py:/opt/ros/humble /usr/bin/cmake --build /home/gustav/P5-Kuka-Dual-Arm/build/moveit_resources_fanuc_description -- -j8 -l8
[0.760s] Invoked command in '/home/gustav/P5-Kuka-Dual-Arm/build/moveit_resources_fanuc_description' returned '0': CMAKE_PREFIX_PATH=${CMAKE_PREFIX_PATH}:/home/gustav/ws_moveit2/install/moveit_configs_utils:/home/gustav/ws_moveit2/install/launch_param_builder:/home/gustav/lbr_stack/install/lbr_demos_py:/home/gustav/lbr_stack/install/lbr_demos_advanced_py:/opt/ros/humble /usr/bin/cmake --build /home/gustav/P5-Kuka-Dual-Arm/build/moveit_resources_fanuc_description -- -j8 -l8
[0.899s] Invoking command in '/home/gustav/P5-Kuka-Dual-Arm/build/moveit_resources_fanuc_description': CMAKE_PREFIX_PATH=${CMAKE_PREFIX_PATH}:/home/gustav/ws_moveit2/install/moveit_configs_utils:/home/gustav/ws_moveit2/install/launch_param_builder:/home/gustav/lbr_stack/install/lbr_demos_py:/home/gustav/lbr_stack/install/lbr_demos_advanced_py:/opt/ros/humble /usr/bin/cmake --install /home/gustav/P5-Kuka-Dual-Arm/build/moveit_resources_fanuc_description
[0.920s] -- Install configuration: "Release"
[0.920s] -- Up-to-date: /home/gustav/P5-Kuka-Dual-Arm/install/moveit_resources_fanuc_description/share/ament_index/resource_index/package_run_dependencies/moveit_resources_fanuc_description
[0.920s] -- Up-to-date: /home/gustav/P5-Kuka-Dual-Arm/install/moveit_resources_fanuc_description/share/ament_index/resource_index/parent_prefix_path/moveit_resources_fanuc_description
[0.920s] -- Up-to-date: /home/gustav/P5-Kuka-Dual-Arm/install/moveit_resources_fanuc_description/share/moveit_resources_fanuc_description/environment/ament_prefix_path.sh
[0.920s] -- Up-to-date: /home/gustav/P5-Kuka-Dual-Arm/install/moveit_resources_fanuc_description/share/moveit_resources_fanuc_description/environment/ament_prefix_path.dsv
[0.920s] -- Up-to-date: /home/gustav/P5-Kuka-Dual-Arm/install/moveit_resources_fanuc_description/share/moveit_resources_fanuc_description/environment/path.sh
[0.921s] -- Up-to-date: /home/gustav/P5-Kuka-Dual-Arm/install/moveit_resources_fanuc_description/share/moveit_resources_fanuc_description/environment/path.dsv
[0.921s] -- Up-to-date: /home/gustav/P5-Kuka-Dual-Arm/install/moveit_resources_fanuc_description/share/moveit_resources_fanuc_description/local_setup.bash
[0.921s] -- Up-to-date: /home/gustav/P5-Kuka-Dual-Arm/install/moveit_resources_fanuc_description/share/moveit_resources_fanuc_description/local_setup.sh
[0.921s] -- Up-to-date: /home/gustav/P5-Kuka-Dual-Arm/install/moveit_resources_fanuc_description/share/moveit_resources_fanuc_description/local_setup.zsh
[0.922s] -- Up-to-date: /home/gustav/P5-Kuka-Dual-Arm/install/moveit_resources_fanuc_description/share/moveit_resources_fanuc_description/local_setup.dsv
[0.926s] -- Installing: /home/gustav/P5-Kuka-Dual-Arm/install/moveit_resources_fanuc_description/share/moveit_resources_fanuc_description/package.dsv
[0.926s] -- Up-to-date: /home/gustav/P5-Kuka-Dual-Arm/install/moveit_resources_fanuc_description/share/ament_index/resource_index/packages/moveit_resources_fanuc_description
[0.926s] -- Up-to-date: /home/gustav/P5-Kuka-Dual-Arm/install/moveit_resources_fanuc_description/share/moveit_resources_fanuc_description/cmake/moveit_resources_fanuc_descriptionConfig.cmake
[0.927s] -- Up-to-date: /home/gustav/P5-Kuka-Dual-Arm/install/moveit_resources_fanuc_description/share/moveit_resources_fanuc_description/cmake/moveit_resources_fanuc_descriptionConfig-version.cmake
[0.927s] -- Up-to-date: /home/gustav/P5-Kuka-Dual-Arm/install/moveit_resources_fanuc_description/share/moveit_resources_fanuc_description/package.xml
[0.927s] -- Up-to-date: /home/gustav/P5-Kuka-Dual-Arm/install/moveit_resources_fanuc_description/share/moveit_resources_fanuc_description/meshes
[0.927s] -- Up-to-date: /home/gustav/P5-Kuka-Dual-Arm/install/moveit_resources_fanuc_description/share/moveit_resources_fanuc_description/meshes/visual
[0.927s] -- Up-to-date: /home/gustav/P5-Kuka-Dual-Arm/install/moveit_resources_fanuc_description/share/moveit_resources_fanuc_description/meshes/visual/link_3.stl
[0.935s] -- Up-to-date: /home/gustav/P5-Kuka-Dual-Arm/install/moveit_resources_fanuc_description/share/moveit_resources_fanuc_description/meshes/visual/base_link.stl
[0.936s] -- Up-to-date: /home/gustav/P5-Kuka-Dual-Arm/install/moveit_resources_fanuc_description/share/moveit_resources_fanuc_description/meshes/visual/link_1.stl
[0.936s] -- Up-to-date: /home/gustav/P5-Kuka-Dual-Arm/install/moveit_resources_fanuc_description/share/moveit_resources_fanuc_description/meshes/visual/link_6.stl
[0.936s] -- Up-to-date: /home/gustav/P5-Kuka-Dual-Arm/install/moveit_resources_fanuc_description/share/moveit_resources_fanuc_description/meshes/visual/link_5.stl
[0.940s] -- Up-to-date: /home/gustav/P5-Kuka-Dual-Arm/install/moveit_resources_fanuc_description/share/moveit_resources_fanuc_description/meshes/visual/link_2.stl
[0.941s] -- Up-to-date: /home/gustav/P5-Kuka-Dual-Arm/install/moveit_resources_fanuc_description/share/moveit_resources_fanuc_description/meshes/visual/link_4.stl
[0.941s] -- Up-to-date: /home/gustav/P5-Kuka-Dual-Arm/install/moveit_resources_fanuc_description/share/moveit_resources_fanuc_description/meshes/collision
[0.946s] -- Up-to-date: /home/gustav/P5-Kuka-Dual-Arm/install/moveit_resources_fanuc_description/share/moveit_resources_fanuc_description/meshes/collision/link_3.stl
[0.953s] -- Up-to-date: /home/gustav/P5-Kuka-Dual-Arm/install/moveit_resources_fanuc_description/share/moveit_resources_fanuc_description/meshes/collision/base_link.stl
[0.954s] -- Up-to-date: /home/gustav/P5-Kuka-Dual-Arm/install/moveit_resources_fanuc_description/share/moveit_resources_fanuc_description/meshes/collision/link_1.stl
[0.954s] -- Up-to-date: /home/gustav/P5-Kuka-Dual-Arm/install/moveit_resources_fanuc_description/share/moveit_resources_fanuc_description/meshes/collision/link_6.stl
[0.955s] -- Up-to-date: /home/gustav/P5-Kuka-Dual-Arm/install/moveit_resources_fanuc_description/share/moveit_resources_fanuc_description/meshes/collision/link_5.stl
[0.955s] -- Up-to-date: /home/gustav/P5-Kuka-Dual-Arm/install/moveit_resources_fanuc_description/share/moveit_resources_fanuc_description/meshes/collision/link_2.stl
[0.955s] -- Up-to-date: /home/gustav/P5-Kuka-Dual-Arm/install/moveit_resources_fanuc_description/share/moveit_resources_fanuc_description/meshes/collision/link_4.stl
[0.955s] -- Up-to-date: /home/gustav/P5-Kuka-Dual-Arm/install/moveit_resources_fanuc_description/share/moveit_resources_fanuc_description/urdf
[0.956s] -- Up-to-date: /home/gustav/P5-Kuka-Dual-Arm/install/moveit_resources_fanuc_description/share/moveit_resources_fanuc_description/urdf/fanuc.urdf
[1.014s] Invoked command in '/home/gustav/P5-Kuka-Dual-Arm/build/moveit_resources_fanuc_description' returned '0': CMAKE_PREFIX_PATH=${CMAKE_PREFIX_PATH}:/home/gustav/ws_moveit2/install/moveit_configs_utils:/home/gustav/ws_moveit2/install/launch_param_builder:/home/gustav/lbr_stack/install/lbr_demos_py:/home/gustav/lbr_stack/install/lbr_demos_advanced_py:/opt/ros/humble /usr/bin/cmake --install /home/gustav/P5-Kuka-Dual-Arm/build/moveit_resources_fanuc_description
