[0.307s] Invoking command in '/home/gustav/P5-Kuka-Dual-Arm/build/parameter_traits': CMAKE_PREFIX_PATH=${CMAKE_PREFIX_PATH}:/home/gustav/lbr_stack/install/lbr_demos_py:/home/gustav/lbr_stack/install/lbr_demos_advanced_py:/opt/ros/humble /usr/bin/cmake /home/gustav/P5-Kuka-Dual-Arm/p5_ws/src/generate_parameter_library/parameter_traits -DCMAKE_INSTALL_PREFIX=/home/gustav/P5-Kuka-Dual-Arm/install/parameter_traits
[0.459s] -- The C compiler identification is GNU 11.4.0
[0.578s] -- The CXX compiler identification is GNU 11.4.0
[0.589s] -- Detecting C compiler ABI info
[0.703s] -- Detecting C compiler ABI info - done
[0.708s] -- Check for working C compiler: /usr/bin/cc - skipped
[0.709s] -- Detecting C compile features
[0.710s] -- Detecting C compile features - done
[0.721s] -- Detecting CXX compiler ABI info
[0.862s] -- Detecting CXX compiler ABI info - done
[0.880s] -- Check for working CXX compiler: /usr/bin/c++ - skipped
[0.880s] -- Detecting CXX compile features
[0.882s] -- Detecting CXX compile features - done
[0.888s] -- Found ament_cmake: 1.3.10 (/opt/ros/humble/share/ament_cmake/cmake)
[1.160s] -- Found Python3: /usr/bin/python3 (found version "3.10.12") found components: Interpreter 
[1.347s] -- Found rclcpp: 16.0.10 (/opt/ros/humble/share/rclcpp/cmake)
[1.458s] -- Found rosidl_generator_c: 3.1.5 (/opt/ros/humble/share/rosidl_generator_c/cmake)
[1.468s] -- Found rosidl_adapter: 3.1.5 (/opt/ros/humble/share/rosidl_adapter/cmake)
[1.491s] -- Found rosidl_generator_cpp: 3.1.5 (/opt/ros/humble/share/rosidl_generator_cpp/cmake)
[1.524s] -- Using all available rosidl_typesupport_c: rosidl_typesupport_fastrtps_c;rosidl_typesupport_introspection_c
[1.568s] -- Using all available rosidl_typesupport_cpp: rosidl_typesupport_fastrtps_cpp;rosidl_typesupport_introspection_cpp
[1.724s] -- Found rmw_implementation_cmake: 6.1.2 (/opt/ros/humble/share/rmw_implementation_cmake/cmake)
[1.738s] -- Found rmw_fastrtps_cpp: 6.2.7 (/opt/ros/humble/share/rmw_fastrtps_cpp/cmake)
[1.915s] -- Found OpenSSL: /usr/lib/x86_64-linux-gnu/libcrypto.so (found version "3.0.2")  
[1.978s] -- Found FastRTPS: /opt/ros/humble/include  
[2.064s] -- Using RMW implementation 'rmw_fastrtps_cpp' as default
[2.085s] -- Looking for pthread.h
[2.254s] -- Looking for pthread.h - found
[2.255s] -- Performing Test CMAKE_HAVE_LIBC_PTHREAD
[2.393s] -- Performing Test CMAKE_HAVE_LIBC_PTHREAD - Success
[2.394s] -- Found Threads: TRUE  
[2.570s] -- Found tcb_span: 1.0.2 (/opt/ros/humble/share/tcb_span/cmake)
[2.577s] -- Found tl_expected: 1.0.2 (/opt/ros/humble/share/tl_expected/cmake)
[2.584s] -- Found ament_lint_auto: 0.12.11 (/opt/ros/humble/share/ament_lint_auto/cmake)
[2.764s] -- Added test 'copyright' to check source files copyright and LICENSE
[2.766s] -- Added test 'cppcheck' to perform static code analysis on C / C++ code
[2.767s] -- Configured cppcheck include dirs: $<BUILD_INTERFACE:/home/gustav/P5-Kuka-Dual-Arm/p5_ws/src/generate_parameter_library/parameter_traits/include>
[2.767s] -- Configured cppcheck exclude dirs and/or files: 
[2.768s] -- Added test 'lint_cmake' to check CMake code style
[2.772s] -- Added test 'xmllint' to check XML markup files
[2.779s] -- Configuring done
[2.781s] -- Generating done
[2.785s] -- Build files have been written to: /home/gustav/P5-Kuka-Dual-Arm/build/parameter_traits
[2.809s] Invoked command in '/home/gustav/P5-Kuka-Dual-Arm/build/parameter_traits' returned '0': CMAKE_PREFIX_PATH=${CMAKE_PREFIX_PATH}:/home/gustav/lbr_stack/install/lbr_demos_py:/home/gustav/lbr_stack/install/lbr_demos_advanced_py:/opt/ros/humble /usr/bin/cmake /home/gustav/P5-Kuka-Dual-Arm/p5_ws/src/generate_parameter_library/parameter_traits -DCMAKE_INSTALL_PREFIX=/home/gustav/P5-Kuka-Dual-Arm/install/parameter_traits
[2.810s] Invoking command in '/home/gustav/P5-Kuka-Dual-Arm/build/parameter_traits': CMAKE_PREFIX_PATH=${CMAKE_PREFIX_PATH}:/home/gustav/lbr_stack/install/lbr_demos_py:/home/gustav/lbr_stack/install/lbr_demos_advanced_py:/opt/ros/humble /usr/bin/cmake --build /home/gustav/P5-Kuka-Dual-Arm/build/parameter_traits -- -j8 -l8
[3.016s] Invoked command in '/home/gustav/P5-Kuka-Dual-Arm/build/parameter_traits' returned '0': CMAKE_PREFIX_PATH=${CMAKE_PREFIX_PATH}:/home/gustav/lbr_stack/install/lbr_demos_py:/home/gustav/lbr_stack/install/lbr_demos_advanced_py:/opt/ros/humble /usr/bin/cmake --build /home/gustav/P5-Kuka-Dual-Arm/build/parameter_traits -- -j8 -l8
[3.105s] Invoking command in '/home/gustav/P5-Kuka-Dual-Arm/build/parameter_traits': CMAKE_PREFIX_PATH=${CMAKE_PREFIX_PATH}:/home/gustav/lbr_stack/install/lbr_demos_py:/home/gustav/lbr_stack/install/lbr_demos_advanced_py:/opt/ros/humble /usr/bin/cmake --install /home/gustav/P5-Kuka-Dual-Arm/build/parameter_traits
[3.174s] -- Install configuration: ""
[3.174s] -- Installing: /home/gustav/P5-Kuka-Dual-Arm/install/parameter_traits/include/parameter_traits
[3.174s] -- Installing: /home/gustav/P5-Kuka-Dual-Arm/install/parameter_traits/include/parameter_traits/parameter_traits
[3.174s] -- Installing: /home/gustav/P5-Kuka-Dual-Arm/install/parameter_traits/include/parameter_traits/parameter_traits/parameter_traits.hpp
[3.174s] -- Installing: /home/gustav/P5-Kuka-Dual-Arm/install/parameter_traits/share/parameter_traits/environment/library_path.sh
[3.174s] -- Installing: /home/gustav/P5-Kuka-Dual-Arm/install/parameter_traits/share/parameter_traits/environment/library_path.dsv
[3.174s] -- Installing: /home/gustav/P5-Kuka-Dual-Arm/install/parameter_traits/share/ament_index/resource_index/package_run_dependencies/parameter_traits
[3.175s] -- Installing: /home/gustav/P5-Kuka-Dual-Arm/install/parameter_traits/share/ament_index/resource_index/parent_prefix_path/parameter_traits
[3.175s] -- Installing: /home/gustav/P5-Kuka-Dual-Arm/install/parameter_traits/share/parameter_traits/environment/ament_prefix_path.sh
[3.176s] -- Installing: /home/gustav/P5-Kuka-Dual-Arm/install/parameter_traits/share/parameter_traits/environment/ament_prefix_path.dsv
[3.176s] -- Installing: /home/gustav/P5-Kuka-Dual-Arm/install/parameter_traits/share/parameter_traits/environment/path.sh
[3.177s] -- Installing: /home/gustav/P5-Kuka-Dual-Arm/install/parameter_traits/share/parameter_traits/environment/path.dsv
[3.177s] -- Installing: /home/gustav/P5-Kuka-Dual-Arm/install/parameter_traits/share/parameter_traits/local_setup.bash
[3.178s] -- Installing: /home/gustav/P5-Kuka-Dual-Arm/install/parameter_traits/share/parameter_traits/local_setup.sh
[3.178s] -- Installing: /home/gustav/P5-Kuka-Dual-Arm/install/parameter_traits/share/parameter_traits/local_setup.zsh
[3.178s] -- Installing: /home/gustav/P5-Kuka-Dual-Arm/install/parameter_traits/share/parameter_traits/local_setup.dsv
[3.179s] -- Installing: /home/gustav/P5-Kuka-Dual-Arm/install/parameter_traits/share/parameter_traits/package.dsv
[3.182s] -- Installing: /home/gustav/P5-Kuka-Dual-Arm/install/parameter_traits/share/ament_index/resource_index/packages/parameter_traits
[3.182s] -- Installing: /home/gustav/P5-Kuka-Dual-Arm/install/parameter_traits/share/parameter_traits/cmake/export_parameter_traitsExport.cmake
[3.182s] -- Installing: /home/gustav/P5-Kuka-Dual-Arm/install/parameter_traits/share/parameter_traits/cmake/ament_cmake_export_targets-extras.cmake
[3.182s] -- Installing: /home/gustav/P5-Kuka-Dual-Arm/install/parameter_traits/share/parameter_traits/cmake/ament_cmake_export_dependencies-extras.cmake
[3.183s] -- Installing: /home/gustav/P5-Kuka-Dual-Arm/install/parameter_traits/share/parameter_traits/cmake/parameter_traitsConfig.cmake
[3.184s] -- Installing: /home/gustav/P5-Kuka-Dual-Arm/install/parameter_traits/share/parameter_traits/cmake/parameter_traitsConfig-version.cmake
[3.184s] -- Installing: /home/gustav/P5-Kuka-Dual-Arm/install/parameter_traits/share/parameter_traits/package.xml
[3.184s] Invoked command in '/home/gustav/P5-Kuka-Dual-Arm/build/parameter_traits' returned '0': CMAKE_PREFIX_PATH=${CMAKE_PREFIX_PATH}:/home/gustav/lbr_stack/install/lbr_demos_py:/home/gustav/lbr_stack/install/lbr_demos_advanced_py:/opt/ros/humble /usr/bin/cmake --install /home/gustav/P5-Kuka-Dual-Arm/build/parameter_traits
