[0.012s] Invoking command in '/home/gustav/P5-Kuka-Dual-Arm/build/cmake_generate_parameter_module_example': AMENT_PREFIX_PATH=/home/gustav/P5-Kuka-Dual-Arm/install/generate_parameter_library:/home/gustav/P5-Kuka-Dual-Arm/install/parameter_traits:/home/gustav/P5-Kuka-Dual-Arm/install/generate_parameter_library_py:${AMENT_PREFIX_PATH} CMAKE_PREFIX_PATH=/home/gustav/P5-Kuka-Dual-Arm/install/generate_parameter_library:/home/gustav/P5-Kuka-Dual-Arm/install/parameter_traits:/opt/ros/humble LD_LIBRARY_PATH=/home/gustav/P5-Kuka-Dual-Arm/install/parameter_traits/lib:${LD_LIBRARY_PATH} PATH=/home/gustav/P5-Kuka-Dual-Arm/install/generate_parameter_library_py/bin:${PATH} PYTHONPATH=/home/gustav/P5-Kuka-Dual-Arm/install/generate_parameter_library_py/lib/python3.10/site-packages:${PYTHONPATH} /usr/bin/cmake --build /home/gustav/P5-Kuka-Dual-Arm/build/cmake_generate_parameter_module_example -- -j8 -l8
[0.064s] [100%] Built target admittance_parameters
[0.073s] [100%] Built target ament_cmake_python_copy_cmake_generate_parameter_module_example
[0.371s] running egg_info
[0.372s] writing cmake_generate_parameter_module_example.egg-info/PKG-INFO
[0.373s] writing dependency_links to cmake_generate_parameter_module_example.egg-info/dependency_links.txt
[0.373s] writing top-level names to cmake_generate_parameter_module_example.egg-info/top_level.txt
[0.376s] reading manifest file 'cmake_generate_parameter_module_example.egg-info/SOURCES.txt'
[0.377s] writing manifest file 'cmake_generate_parameter_module_example.egg-info/SOURCES.txt'
[0.413s] [100%] Built target ament_cmake_python_build_cmake_generate_parameter_module_example_egg
[0.424s] Invoked command in '/home/gustav/P5-Kuka-Dual-Arm/build/cmake_generate_parameter_module_example' returned '0': AMENT_PREFIX_PATH=/home/gustav/P5-Kuka-Dual-Arm/install/generate_parameter_library:/home/gustav/P5-Kuka-Dual-Arm/install/parameter_traits:/home/gustav/P5-Kuka-Dual-Arm/install/generate_parameter_library_py:${AMENT_PREFIX_PATH} CMAKE_PREFIX_PATH=/home/gustav/P5-Kuka-Dual-Arm/install/generate_parameter_library:/home/gustav/P5-Kuka-Dual-Arm/install/parameter_traits:/opt/ros/humble LD_LIBRARY_PATH=/home/gustav/P5-Kuka-Dual-Arm/install/parameter_traits/lib:${LD_LIBRARY_PATH} PATH=/home/gustav/P5-Kuka-Dual-Arm/install/generate_parameter_library_py/bin:${PATH} PYTHONPATH=/home/gustav/P5-Kuka-Dual-Arm/install/generate_parameter_library_py/lib/python3.10/site-packages:${PYTHONPATH} /usr/bin/cmake --build /home/gustav/P5-Kuka-Dual-Arm/build/cmake_generate_parameter_module_example -- -j8 -l8
[0.446s] Invoking command in '/home/gustav/P5-Kuka-Dual-Arm/build/cmake_generate_parameter_module_example': AMENT_PREFIX_PATH=/home/gustav/P5-Kuka-Dual-Arm/install/generate_parameter_library:/home/gustav/P5-Kuka-Dual-Arm/install/parameter_traits:/home/gustav/P5-Kuka-Dual-Arm/install/generate_parameter_library_py:${AMENT_PREFIX_PATH} CMAKE_PREFIX_PATH=/home/gustav/P5-Kuka-Dual-Arm/install/generate_parameter_library:/home/gustav/P5-Kuka-Dual-Arm/install/parameter_traits:/opt/ros/humble LD_LIBRARY_PATH=/home/gustav/P5-Kuka-Dual-Arm/install/parameter_traits/lib:${LD_LIBRARY_PATH} PATH=/home/gustav/P5-Kuka-Dual-Arm/install/generate_parameter_library_py/bin:${PATH} PYTHONPATH=/home/gustav/P5-Kuka-Dual-Arm/install/generate_parameter_library_py/lib/python3.10/site-packages:${PYTHONPATH} /usr/bin/cmake --install /home/gustav/P5-Kuka-Dual-Arm/build/cmake_generate_parameter_module_example
[0.453s] -- Install configuration: "Release"
[0.454s] -- Up-to-date: /home/gustav/P5-Kuka-Dual-Arm/install/cmake_generate_parameter_module_example/share/cmake_generate_parameter_module_example/environment/pythonpath.sh
[0.454s] -- Up-to-date: /home/gustav/P5-Kuka-Dual-Arm/install/cmake_generate_parameter_module_example/share/cmake_generate_parameter_module_example/environment/pythonpath.dsv
[0.454s] -- Up-to-date: /home/gustav/P5-Kuka-Dual-Arm/install/cmake_generate_parameter_module_example/local/lib/python3.10/dist-packages/cmake_generate_parameter_module_example-0.3.7-py3.10.egg-info
[0.454s] -- Installing: /home/gustav/P5-Kuka-Dual-Arm/install/cmake_generate_parameter_module_example/local/lib/python3.10/dist-packages/cmake_generate_parameter_module_example-0.3.7-py3.10.egg-info/dependency_links.txt
[0.454s] -- Installing: /home/gustav/P5-Kuka-Dual-Arm/install/cmake_generate_parameter_module_example/local/lib/python3.10/dist-packages/cmake_generate_parameter_module_example-0.3.7-py3.10.egg-info/PKG-INFO
[0.455s] -- Installing: /home/gustav/P5-Kuka-Dual-Arm/install/cmake_generate_parameter_module_example/local/lib/python3.10/dist-packages/cmake_generate_parameter_module_example-0.3.7-py3.10.egg-info/SOURCES.txt
[0.455s] -- Installing: /home/gustav/P5-Kuka-Dual-Arm/install/cmake_generate_parameter_module_example/local/lib/python3.10/dist-packages/cmake_generate_parameter_module_example-0.3.7-py3.10.egg-info/top_level.txt
[0.455s] -- Up-to-date: /home/gustav/P5-Kuka-Dual-Arm/install/cmake_generate_parameter_module_example/local/lib/python3.10/dist-packages/cmake_generate_parameter_module_example
[0.455s] -- Up-to-date: /home/gustav/P5-Kuka-Dual-Arm/install/cmake_generate_parameter_module_example/local/lib/python3.10/dist-packages/cmake_generate_parameter_module_example/custom_validation.py
[0.455s] -- Up-to-date: /home/gustav/P5-Kuka-Dual-Arm/install/cmake_generate_parameter_module_example/local/lib/python3.10/dist-packages/cmake_generate_parameter_module_example/__init__.py
[0.455s] -- Up-to-date: /home/gustav/P5-Kuka-Dual-Arm/install/cmake_generate_parameter_module_example/local/lib/python3.10/dist-packages/cmake_generate_parameter_module_example/parameters.yaml
[0.456s] -- Up-to-date: /home/gustav/P5-Kuka-Dual-Arm/install/cmake_generate_parameter_module_example/local/lib/python3.10/dist-packages/cmake_generate_parameter_module_example/minimal_publisher.py
[0.490s] Listing '/home/gustav/P5-Kuka-Dual-Arm/install/cmake_generate_parameter_module_example/local/lib/python3.10/dist-packages/cmake_generate_parameter_module_example'...
[0.496s] -- Up-to-date: /home/gustav/P5-Kuka-Dual-Arm/install/cmake_generate_parameter_module_example/share/ament_index/resource_index/package_run_dependencies/cmake_generate_parameter_module_example
[0.496s] -- Up-to-date: /home/gustav/P5-Kuka-Dual-Arm/install/cmake_generate_parameter_module_example/share/ament_index/resource_index/parent_prefix_path/cmake_generate_parameter_module_example
[0.496s] -- Up-to-date: /home/gustav/P5-Kuka-Dual-Arm/install/cmake_generate_parameter_module_example/share/cmake_generate_parameter_module_example/environment/ament_prefix_path.sh
[0.496s] -- Up-to-date: /home/gustav/P5-Kuka-Dual-Arm/install/cmake_generate_parameter_module_example/share/cmake_generate_parameter_module_example/environment/ament_prefix_path.dsv
[0.496s] -- Up-to-date: /home/gustav/P5-Kuka-Dual-Arm/install/cmake_generate_parameter_module_example/share/cmake_generate_parameter_module_example/environment/path.sh
[0.497s] -- Up-to-date: /home/gustav/P5-Kuka-Dual-Arm/install/cmake_generate_parameter_module_example/share/cmake_generate_parameter_module_example/environment/path.dsv
[0.497s] -- Up-to-date: /home/gustav/P5-Kuka-Dual-Arm/install/cmake_generate_parameter_module_example/share/cmake_generate_parameter_module_example/local_setup.bash
[0.497s] -- Up-to-date: /home/gustav/P5-Kuka-Dual-Arm/install/cmake_generate_parameter_module_example/share/cmake_generate_parameter_module_example/local_setup.sh
[0.497s] -- Up-to-date: /home/gustav/P5-Kuka-Dual-Arm/install/cmake_generate_parameter_module_example/share/cmake_generate_parameter_module_example/local_setup.zsh
[0.497s] -- Up-to-date: /home/gustav/P5-Kuka-Dual-Arm/install/cmake_generate_parameter_module_example/share/cmake_generate_parameter_module_example/local_setup.dsv
[0.498s] -- Installing: /home/gustav/P5-Kuka-Dual-Arm/install/cmake_generate_parameter_module_example/share/cmake_generate_parameter_module_example/package.dsv
[0.498s] -- Up-to-date: /home/gustav/P5-Kuka-Dual-Arm/install/cmake_generate_parameter_module_example/share/ament_index/resource_index/packages/cmake_generate_parameter_module_example
[0.498s] -- Up-to-date: /home/gustav/P5-Kuka-Dual-Arm/install/cmake_generate_parameter_module_example/share/cmake_generate_parameter_module_example/cmake/cmake_generate_parameter_module_exampleConfig.cmake
[0.498s] -- Up-to-date: /home/gustav/P5-Kuka-Dual-Arm/install/cmake_generate_parameter_module_example/share/cmake_generate_parameter_module_example/cmake/cmake_generate_parameter_module_exampleConfig-version.cmake
[0.498s] -- Up-to-date: /home/gustav/P5-Kuka-Dual-Arm/install/cmake_generate_parameter_module_example/share/cmake_generate_parameter_module_example/package.xml
[0.500s] Invoked command in '/home/gustav/P5-Kuka-Dual-Arm/build/cmake_generate_parameter_module_example' returned '0': AMENT_PREFIX_PATH=/home/gustav/P5-Kuka-Dual-Arm/install/generate_parameter_library:/home/gustav/P5-Kuka-Dual-Arm/install/parameter_traits:/home/gustav/P5-Kuka-Dual-Arm/install/generate_parameter_library_py:${AMENT_PREFIX_PATH} CMAKE_PREFIX_PATH=/home/gustav/P5-Kuka-Dual-Arm/install/generate_parameter_library:/home/gustav/P5-Kuka-Dual-Arm/install/parameter_traits:/opt/ros/humble LD_LIBRARY_PATH=/home/gustav/P5-Kuka-Dual-Arm/install/parameter_traits/lib:${LD_LIBRARY_PATH} PATH=/home/gustav/P5-Kuka-Dual-Arm/install/generate_parameter_library_py/bin:${PATH} PYTHONPATH=/home/gustav/P5-Kuka-Dual-Arm/install/generate_parameter_library_py/lib/python3.10/site-packages:${PYTHONPATH} /usr/bin/cmake --install /home/gustav/P5-Kuka-Dual-Arm/build/cmake_generate_parameter_module_example
