[0.010s] Invoking command in '/home/gustav/P5-Kuka-Dual-Arm/build/lbr_fri_ros2': AMENT_PREFIX_PATH=/home/gustav/P5-Kuka-Dual-Arm/install/lbr_fri_idl:/home/gustav/P5-Kuka-Dual-Arm/install/lbr_description:${AMENT_PREFIX_PATH} CMAKE_PREFIX_PATH=/home/gustav/P5-Kuka-Dual-Arm/install/lbr_fri_idl:/home/gustav/P5-Kuka-Dual-Arm/install/lbr_description:/home/gustav/P5-Kuka-Dual-Arm/install/fri_client_sdk:/opt/ros/humble LD_LIBRARY_PATH=/home/gustav/P5-Kuka-Dual-Arm/install/lbr_fri_idl/lib:/home/gustav/P5-Kuka-Dual-Arm/install/fri_client_sdk/lib:${LD_LIBRARY_PATH} PKG_CONFIG_PATH=/home/gustav/P5-Kuka-Dual-Arm/install/fri_client_sdk/lib/x86_64-linux-gnu/pkgconfig:/home/gustav/P5-Kuka-Dual-Arm/install/fri_client_sdk/lib/pkgconfig PYTHONPATH=/home/gustav/P5-Kuka-Dual-Arm/install/lbr_fri_idl/local/lib/python3.10/dist-packages:${PYTHONPATH} /usr/bin/cmake --build /home/gustav/P5-Kuka-Dual-Arm/build/lbr_fri_ros2 -- -j8 -l8
[0.075s] [ 11%] Built target gtest_main
[0.077s] [ 23%] Built target gtest
[0.102s] [ 88%] Built target lbr_fri_ros2
[0.127s] [100%] Built target test_command_interfaces
[0.138s] Invoked command in '/home/gustav/P5-Kuka-Dual-Arm/build/lbr_fri_ros2' returned '0': AMENT_PREFIX_PATH=/home/gustav/P5-Kuka-Dual-Arm/install/lbr_fri_idl:/home/gustav/P5-Kuka-Dual-Arm/install/lbr_description:${AMENT_PREFIX_PATH} CMAKE_PREFIX_PATH=/home/gustav/P5-Kuka-Dual-Arm/install/lbr_fri_idl:/home/gustav/P5-Kuka-Dual-Arm/install/lbr_description:/home/gustav/P5-Kuka-Dual-Arm/install/fri_client_sdk:/opt/ros/humble LD_LIBRARY_PATH=/home/gustav/P5-Kuka-Dual-Arm/install/lbr_fri_idl/lib:/home/gustav/P5-Kuka-Dual-Arm/install/fri_client_sdk/lib:${LD_LIBRARY_PATH} PKG_CONFIG_PATH=/home/gustav/P5-Kuka-Dual-Arm/install/fri_client_sdk/lib/x86_64-linux-gnu/pkgconfig:/home/gustav/P5-Kuka-Dual-Arm/install/fri_client_sdk/lib/pkgconfig PYTHONPATH=/home/gustav/P5-Kuka-Dual-Arm/install/lbr_fri_idl/local/lib/python3.10/dist-packages:${PYTHONPATH} /usr/bin/cmake --build /home/gustav/P5-Kuka-Dual-Arm/build/lbr_fri_ros2 -- -j8 -l8
[0.173s] Invoking command in '/home/gustav/P5-Kuka-Dual-Arm/build/lbr_fri_ros2': AMENT_PREFIX_PATH=/home/gustav/P5-Kuka-Dual-Arm/install/lbr_fri_idl:/home/gustav/P5-Kuka-Dual-Arm/install/lbr_description:${AMENT_PREFIX_PATH} CMAKE_PREFIX_PATH=/home/gustav/P5-Kuka-Dual-Arm/install/lbr_fri_idl:/home/gustav/P5-Kuka-Dual-Arm/install/lbr_description:/home/gustav/P5-Kuka-Dual-Arm/install/fri_client_sdk:/opt/ros/humble LD_LIBRARY_PATH=/home/gustav/P5-Kuka-Dual-Arm/install/lbr_fri_idl/lib:/home/gustav/P5-Kuka-Dual-Arm/install/fri_client_sdk/lib:${LD_LIBRARY_PATH} PKG_CONFIG_PATH=/home/gustav/P5-Kuka-Dual-Arm/install/fri_client_sdk/lib/x86_64-linux-gnu/pkgconfig:/home/gustav/P5-Kuka-Dual-Arm/install/fri_client_sdk/lib/pkgconfig PYTHONPATH=/home/gustav/P5-Kuka-Dual-Arm/install/lbr_fri_idl/local/lib/python3.10/dist-packages:${PYTHONPATH} /usr/bin/cmake --install /home/gustav/P5-Kuka-Dual-Arm/build/lbr_fri_ros2
[0.181s] -- Install configuration: "Release"
[0.182s] -- Up-to-date: /home/gustav/P5-Kuka-Dual-Arm/install/lbr_fri_ros2/share/lbr_fri_ros2/environment/library_path.sh
[0.182s] -- Up-to-date: /home/gustav/P5-Kuka-Dual-Arm/install/lbr_fri_ros2/share/lbr_fri_ros2/environment/library_path.dsv
[0.182s] -- Up-to-date: /home/gustav/P5-Kuka-Dual-Arm/install/lbr_fri_ros2/include
[0.182s] -- Up-to-date: /home/gustav/P5-Kuka-Dual-Arm/install/lbr_fri_ros2/include/lbr_fri_ros2
[0.182s] -- Up-to-date: /home/gustav/P5-Kuka-Dual-Arm/install/lbr_fri_ros2/include/lbr_fri_ros2/command_guard.hpp
[0.182s] -- Up-to-date: /home/gustav/P5-Kuka-Dual-Arm/install/lbr_fri_ros2/include/lbr_fri_ros2/async_client.hpp
[0.182s] -- Up-to-date: /home/gustav/P5-Kuka-Dual-Arm/install/lbr_fri_ros2/include/lbr_fri_ros2/pinv.hpp
[0.182s] -- Up-to-date: /home/gustav/P5-Kuka-Dual-Arm/install/lbr_fri_ros2/include/lbr_fri_ros2/app.hpp
[0.182s] -- Up-to-date: /home/gustav/P5-Kuka-Dual-Arm/install/lbr_fri_ros2/include/lbr_fri_ros2/formatting.hpp
[0.182s] -- Up-to-date: /home/gustav/P5-Kuka-Dual-Arm/install/lbr_fri_ros2/include/lbr_fri_ros2/utils.hpp
[0.183s] -- Up-to-date: /home/gustav/P5-Kuka-Dual-Arm/install/lbr_fri_ros2/include/lbr_fri_ros2/filters.hpp
[0.183s] -- Up-to-date: /home/gustav/P5-Kuka-Dual-Arm/install/lbr_fri_ros2/include/lbr_fri_ros2/ft_estimator.hpp
[0.183s] -- Up-to-date: /home/gustav/P5-Kuka-Dual-Arm/install/lbr_fri_ros2/include/lbr_fri_ros2/interfaces
[0.183s] -- Up-to-date: /home/gustav/P5-Kuka-Dual-Arm/install/lbr_fri_ros2/include/lbr_fri_ros2/interfaces/base_command.hpp
[0.183s] -- Up-to-date: /home/gustav/P5-Kuka-Dual-Arm/install/lbr_fri_ros2/include/lbr_fri_ros2/interfaces/position_command.hpp
[0.183s] -- Up-to-date: /home/gustav/P5-Kuka-Dual-Arm/install/lbr_fri_ros2/include/lbr_fri_ros2/interfaces/torque_command.hpp
[0.183s] -- Up-to-date: /home/gustav/P5-Kuka-Dual-Arm/install/lbr_fri_ros2/include/lbr_fri_ros2/interfaces/state.hpp
[0.183s] -- Up-to-date: /home/gustav/P5-Kuka-Dual-Arm/install/lbr_fri_ros2/include/lbr_fri_ros2/interfaces/wrench_command.hpp
[0.183s] -- Up-to-date: /home/gustav/P5-Kuka-Dual-Arm/install/lbr_fri_ros2/lib/liblbr_fri_ros2.so
[0.184s] -- Up-to-date: /home/gustav/P5-Kuka-Dual-Arm/install/lbr_fri_ros2/share/ament_index/resource_index/package_run_dependencies/lbr_fri_ros2
[0.185s] -- Up-to-date: /home/gustav/P5-Kuka-Dual-Arm/install/lbr_fri_ros2/share/ament_index/resource_index/parent_prefix_path/lbr_fri_ros2
[0.185s] -- Up-to-date: /home/gustav/P5-Kuka-Dual-Arm/install/lbr_fri_ros2/share/lbr_fri_ros2/environment/ament_prefix_path.sh
[0.185s] -- Up-to-date: /home/gustav/P5-Kuka-Dual-Arm/install/lbr_fri_ros2/share/lbr_fri_ros2/environment/ament_prefix_path.dsv
[0.185s] -- Up-to-date: /home/gustav/P5-Kuka-Dual-Arm/install/lbr_fri_ros2/share/lbr_fri_ros2/environment/path.sh
[0.185s] -- Up-to-date: /home/gustav/P5-Kuka-Dual-Arm/install/lbr_fri_ros2/share/lbr_fri_ros2/environment/path.dsv
[0.185s] -- Up-to-date: /home/gustav/P5-Kuka-Dual-Arm/install/lbr_fri_ros2/share/lbr_fri_ros2/local_setup.bash
[0.185s] -- Up-to-date: /home/gustav/P5-Kuka-Dual-Arm/install/lbr_fri_ros2/share/lbr_fri_ros2/local_setup.sh
[0.185s] -- Up-to-date: /home/gustav/P5-Kuka-Dual-Arm/install/lbr_fri_ros2/share/lbr_fri_ros2/local_setup.zsh
[0.185s] -- Up-to-date: /home/gustav/P5-Kuka-Dual-Arm/install/lbr_fri_ros2/share/lbr_fri_ros2/local_setup.dsv
[0.185s] -- Installing: /home/gustav/P5-Kuka-Dual-Arm/install/lbr_fri_ros2/share/lbr_fri_ros2/package.dsv
[0.185s] -- Up-to-date: /home/gustav/P5-Kuka-Dual-Arm/install/lbr_fri_ros2/share/ament_index/resource_index/packages/lbr_fri_ros2
[0.186s] -- Up-to-date: /home/gustav/P5-Kuka-Dual-Arm/install/lbr_fri_ros2/share/lbr_fri_ros2/cmake/lbr_fri_ros2_exportExport.cmake
[0.187s] -- Up-to-date: /home/gustav/P5-Kuka-Dual-Arm/install/lbr_fri_ros2/share/lbr_fri_ros2/cmake/lbr_fri_ros2_exportExport-release.cmake
[0.187s] -- Up-to-date: /home/gustav/P5-Kuka-Dual-Arm/install/lbr_fri_ros2/share/lbr_fri_ros2/cmake/ament_cmake_export_targets-extras.cmake
[0.187s] -- Up-to-date: /home/gustav/P5-Kuka-Dual-Arm/install/lbr_fri_ros2/share/lbr_fri_ros2/cmake/ament_cmake_export_dependencies-extras.cmake
[0.187s] -- Up-to-date: /home/gustav/P5-Kuka-Dual-Arm/install/lbr_fri_ros2/share/lbr_fri_ros2/cmake/lbr_fri_ros2Config.cmake
[0.187s] -- Up-to-date: /home/gustav/P5-Kuka-Dual-Arm/install/lbr_fri_ros2/share/lbr_fri_ros2/cmake/lbr_fri_ros2Config-version.cmake
[0.187s] -- Up-to-date: /home/gustav/P5-Kuka-Dual-Arm/install/lbr_fri_ros2/share/lbr_fri_ros2/package.xml
[0.189s] Invoked command in '/home/gustav/P5-Kuka-Dual-Arm/build/lbr_fri_ros2' returned '0': AMENT_PREFIX_PATH=/home/gustav/P5-Kuka-Dual-Arm/install/lbr_fri_idl:/home/gustav/P5-Kuka-Dual-Arm/install/lbr_description:${AMENT_PREFIX_PATH} CMAKE_PREFIX_PATH=/home/gustav/P5-Kuka-Dual-Arm/install/lbr_fri_idl:/home/gustav/P5-Kuka-Dual-Arm/install/lbr_description:/home/gustav/P5-Kuka-Dual-Arm/install/fri_client_sdk:/opt/ros/humble LD_LIBRARY_PATH=/home/gustav/P5-Kuka-Dual-Arm/install/lbr_fri_idl/lib:/home/gustav/P5-Kuka-Dual-Arm/install/fri_client_sdk/lib:${LD_LIBRARY_PATH} PKG_CONFIG_PATH=/home/gustav/P5-Kuka-Dual-Arm/install/fri_client_sdk/lib/x86_64-linux-gnu/pkgconfig:/home/gustav/P5-Kuka-Dual-Arm/install/fri_client_sdk/lib/pkgconfig PYTHONPATH=/home/gustav/P5-Kuka-Dual-Arm/install/lbr_fri_idl/local/lib/python3.10/dist-packages:${PYTHONPATH} /usr/bin/cmake --install /home/gustav/P5-Kuka-Dual-Arm/build/lbr_fri_ros2
