[2.865s] Invoking command in '/home/gustav/P5-Kuka-Dual-Arm/p5_ws/src/lbr_fri_ros2_stack/lbr_demos/lbr_demos_advanced_py': AMENT_PREFIX_PATH=/home/gustav/P5-Kuka-Dual-Arm/install/lbr_fri_ros2:/home/gustav/P5-Kuka-Dual-Arm/install/lbr_fri_idl:/home/gustav/P5-Kuka-Dual-Arm/install/lbr_description:${AMENT_PREFIX_PATH} CMAKE_PREFIX_PATH=/home/gustav/P5-Kuka-Dual-Arm/install/lbr_fri_ros2:/home/gustav/P5-Kuka-Dual-Arm/install/lbr_fri_idl:/home/gustav/P5-Kuka-Dual-Arm/install/lbr_description:/home/gustav/P5-Kuka-Dual-Arm/install/fri_client_sdk:${CMAKE_PREFIX_PATH} LD_LIBRARY_PATH=/home/gustav/P5-Kuka-Dual-Arm/install/lbr_fri_ros2/lib:/home/gustav/P5-Kuka-Dual-Arm/install/lbr_fri_idl/lib:/home/gustav/P5-Kuka-Dual-Arm/install/fri_client_sdk/lib:${LD_LIBRARY_PATH} PKG_CONFIG_PATH=/home/gustav/P5-Kuka-Dual-Arm/install/fri_client_sdk/lib/x86_64-linux-gnu/pkgconfig:/home/gustav/P5-Kuka-Dual-Arm/install/fri_client_sdk/lib/pkgconfig:${PKG_CONFIG_PATH} PYTHONPATH=/home/gustav/P5-Kuka-Dual-Arm/build/lbr_demos_advanced_py/prefix_override:/usr/lib/python3/dist-packages/colcon_core/task/python/colcon_distutils_commands:/home/gustav/P5-Kuka-Dual-Arm/install/lbr_demos_advanced_py/lib/python3.10/site-packages:/home/gustav/P5-Kuka-Dual-Arm/install/lbr_fri_idl/local/lib/python3.10/dist-packages:${PYTHONPATH} /usr/bin/python3 -W ignore:setup.py install is deprecated setup.py egg_info --egg-base ../../../../../build/lbr_demos_advanced_py build --build-base /home/gustav/P5-Kuka-Dual-Arm/build/lbr_demos_advanced_py/build install --record /home/gustav/P5-Kuka-Dual-Arm/build/lbr_demos_advanced_py/install.log --single-version-externally-managed install_data
[3.761s] running egg_info
[3.762s] writing ../../../../../build/lbr_demos_advanced_py/lbr_demos_advanced_py.egg-info/PKG-INFO
[3.762s] writing dependency_links to ../../../../../build/lbr_demos_advanced_py/lbr_demos_advanced_py.egg-info/dependency_links.txt
[3.767s] writing entry points to ../../../../../build/lbr_demos_advanced_py/lbr_demos_advanced_py.egg-info/entry_points.txt
[3.768s] writing requirements to ../../../../../build/lbr_demos_advanced_py/lbr_demos_advanced_py.egg-info/requires.txt
[3.768s] writing top-level names to ../../../../../build/lbr_demos_advanced_py/lbr_demos_advanced_py.egg-info/top_level.txt
[3.773s] reading manifest file '../../../../../build/lbr_demos_advanced_py/lbr_demos_advanced_py.egg-info/SOURCES.txt'
[3.778s] writing manifest file '../../../../../build/lbr_demos_advanced_py/lbr_demos_advanced_py.egg-info/SOURCES.txt'
[3.778s] running build
[3.778s] running build_py
[3.785s] running install
[3.786s] running install_lib
[3.791s] running install_data
[3.791s] running install_egg_info
[3.799s] removing '/home/gustav/P5-Kuka-Dual-Arm/install/lbr_demos_advanced_py/lib/python3.10/site-packages/lbr_demos_advanced_py-2.0.0-py3.10.egg-info' (and everything under it)
[3.800s] Copying ../../../../../build/lbr_demos_advanced_py/lbr_demos_advanced_py.egg-info to /home/gustav/P5-Kuka-Dual-Arm/install/lbr_demos_advanced_py/lib/python3.10/site-packages/lbr_demos_advanced_py-2.0.0-py3.10.egg-info
[3.806s] running install_scripts
[3.922s] Installing admittance_control script to /home/gustav/P5-Kuka-Dual-Arm/install/lbr_demos_advanced_py/lib/lbr_demos_advanced_py
[3.922s] Installing admittance_rcm_control script to /home/gustav/P5-Kuka-Dual-Arm/install/lbr_demos_advanced_py/lib/lbr_demos_advanced_py
[3.924s] writing list of installed files to '/home/gustav/P5-Kuka-Dual-Arm/build/lbr_demos_advanced_py/install.log'
[3.978s] Invoked command in '/home/gustav/P5-Kuka-Dual-Arm/p5_ws/src/lbr_fri_ros2_stack/lbr_demos/lbr_demos_advanced_py' returned '0': AMENT_PREFIX_PATH=/home/gustav/P5-Kuka-Dual-Arm/install/lbr_fri_ros2:/home/gustav/P5-Kuka-Dual-Arm/install/lbr_fri_idl:/home/gustav/P5-Kuka-Dual-Arm/install/lbr_description:${AMENT_PREFIX_PATH} CMAKE_PREFIX_PATH=/home/gustav/P5-Kuka-Dual-Arm/install/lbr_fri_ros2:/home/gustav/P5-Kuka-Dual-Arm/install/lbr_fri_idl:/home/gustav/P5-Kuka-Dual-Arm/install/lbr_description:/home/gustav/P5-Kuka-Dual-Arm/install/fri_client_sdk:${CMAKE_PREFIX_PATH} LD_LIBRARY_PATH=/home/gustav/P5-Kuka-Dual-Arm/install/lbr_fri_ros2/lib:/home/gustav/P5-Kuka-Dual-Arm/install/lbr_fri_idl/lib:/home/gustav/P5-Kuka-Dual-Arm/install/fri_client_sdk/lib:${LD_LIBRARY_PATH} PKG_CONFIG_PATH=/home/gustav/P5-Kuka-Dual-Arm/install/fri_client_sdk/lib/x86_64-linux-gnu/pkgconfig:/home/gustav/P5-Kuka-Dual-Arm/install/fri_client_sdk/lib/pkgconfig:${PKG_CONFIG_PATH} PYTHONPATH=/home/gustav/P5-Kuka-Dual-Arm/build/lbr_demos_advanced_py/prefix_override:/usr/lib/python3/dist-packages/colcon_core/task/python/colcon_distutils_commands:/home/gustav/P5-Kuka-Dual-Arm/install/lbr_demos_advanced_py/lib/python3.10/site-packages:/home/gustav/P5-Kuka-Dual-Arm/install/lbr_fri_idl/local/lib/python3.10/dist-packages:${PYTHONPATH} /usr/bin/python3 -W ignore:setup.py install is deprecated setup.py egg_info --egg-base ../../../../../build/lbr_demos_advanced_py build --build-base /home/gustav/P5-Kuka-Dual-Arm/build/lbr_demos_advanced_py/build install --record /home/gustav/P5-Kuka-Dual-Arm/build/lbr_demos_advanced_py/install.log --single-version-externally-managed install_data
