[3.574s] Invoking command in '/home/gustav/P5-Kuka-Dual-Arm/p5_ws/src/robot_controller': AMENT_PREFIX_PATH=/home/gustav/P5-Kuka-Dual-Arm/install/lbr_fri_idl:${AMENT_PREFIX_PATH} CMAKE_PREFIX_PATH=/home/gustav/P5-Kuka-Dual-Arm/install/lbr_fri_idl:/home/gustav/P5-Kuka-Dual-Arm/install/fri_client_sdk:${CMAKE_PREFIX_PATH} LD_LIBRARY_PATH=/home/gustav/P5-Kuka-Dual-Arm/install/lbr_fri_idl/lib:/home/gustav/P5-Kuka-Dual-Arm/install/fri_client_sdk/lib:${LD_LIBRARY_PATH} PKG_CONFIG_PATH=/home/gustav/P5-Kuka-Dual-Arm/install/fri_client_sdk/lib/x86_64-linux-gnu/pkgconfig:/home/gustav/P5-Kuka-Dual-Arm/install/fri_client_sdk/lib/pkgconfig:${PKG_CONFIG_PATH} PYTHONPATH=/home/gustav/P5-Kuka-Dual-Arm/build/robot_controller/prefix_override:/usr/lib/python3/dist-packages/colcon_core/task/python/colcon_distutils_commands:/home/gustav/P5-Kuka-Dual-Arm/install/robot_controller/lib/python3.10/site-packages:/home/gustav/P5-Kuka-Dual-Arm/install/lbr_fri_idl/local/lib/python3.10/dist-packages:${PYTHONPATH} /usr/bin/python3 -W ignore:setup.py install is deprecated setup.py egg_info --egg-base ../../../build/robot_controller build --build-base /home/gustav/P5-Kuka-Dual-Arm/build/robot_controller/build install --record /home/gustav/P5-Kuka-Dual-Arm/build/robot_controller/install.log --single-version-externally-managed install_data
[5.793s] running egg_info
[5.793s] writing ../../../build/robot_controller/robot_controller.egg-info/PKG-INFO
[5.794s] writing dependency_links to ../../../build/robot_controller/robot_controller.egg-info/dependency_links.txt
[5.797s] writing entry points to ../../../build/robot_controller/robot_controller.egg-info/entry_points.txt
[5.797s] writing requirements to ../../../build/robot_controller/robot_controller.egg-info/requires.txt
[5.797s] writing top-level names to ../../../build/robot_controller/robot_controller.egg-info/top_level.txt
[5.797s] reading manifest file '../../../build/robot_controller/robot_controller.egg-info/SOURCES.txt'
[5.798s] adding license file 'LICENSE'
[5.800s] writing manifest file '../../../build/robot_controller/robot_controller.egg-info/SOURCES.txt'
[5.800s] running build
[5.801s] running build_py
[5.801s] running install
[5.801s] running install_lib
[5.803s] running install_data
[5.803s] running install_egg_info
[5.804s] removing '/home/gustav/P5-Kuka-Dual-Arm/install/robot_controller/lib/python3.10/site-packages/robot_controller-0.0.0-py3.10.egg-info' (and everything under it)
[5.805s] Copying ../../../build/robot_controller/robot_controller.egg-info to /home/gustav/P5-Kuka-Dual-Arm/install/robot_controller/lib/python3.10/site-packages/robot_controller-0.0.0-py3.10.egg-info
[5.805s] running install_scripts
[5.807s] Installing move_world script to /home/gustav/P5-Kuka-Dual-Arm/install/robot_controller/lib/robot_controller
[5.810s] writing list of installed files to '/home/gustav/P5-Kuka-Dual-Arm/build/robot_controller/install.log'
[5.810s] Invoked command in '/home/gustav/P5-Kuka-Dual-Arm/p5_ws/src/robot_controller' returned '0': AMENT_PREFIX_PATH=/home/gustav/P5-Kuka-Dual-Arm/install/lbr_fri_idl:${AMENT_PREFIX_PATH} CMAKE_PREFIX_PATH=/home/gustav/P5-Kuka-Dual-Arm/install/lbr_fri_idl:/home/gustav/P5-Kuka-Dual-Arm/install/fri_client_sdk:${CMAKE_PREFIX_PATH} LD_LIBRARY_PATH=/home/gustav/P5-Kuka-Dual-Arm/install/lbr_fri_idl/lib:/home/gustav/P5-Kuka-Dual-Arm/install/fri_client_sdk/lib:${LD_LIBRARY_PATH} PKG_CONFIG_PATH=/home/gustav/P5-Kuka-Dual-Arm/install/fri_client_sdk/lib/x86_64-linux-gnu/pkgconfig:/home/gustav/P5-Kuka-Dual-Arm/install/fri_client_sdk/lib/pkgconfig:${PKG_CONFIG_PATH} PYTHONPATH=/home/gustav/P5-Kuka-Dual-Arm/build/robot_controller/prefix_override:/usr/lib/python3/dist-packages/colcon_core/task/python/colcon_distutils_commands:/home/gustav/P5-Kuka-Dual-Arm/install/robot_controller/lib/python3.10/site-packages:/home/gustav/P5-Kuka-Dual-Arm/install/lbr_fri_idl/local/lib/python3.10/dist-packages:${PYTHONPATH} /usr/bin/python3 -W ignore:setup.py install is deprecated setup.py egg_info --egg-base ../../../build/robot_controller build --build-base /home/gustav/P5-Kuka-Dual-Arm/build/robot_controller/build install --record /home/gustav/P5-Kuka-Dual-Arm/build/robot_controller/install.log --single-version-externally-managed install_data
