[0.039s] Invoking command in '/home/gustav/P5-Kuka-Dual-Arm/build/generate_parameter_library_example': AMENT_PREFIX_PATH=/home/gustav/P5-Kuka-Dual-Arm/install/generate_parameter_library:/home/gustav/P5-Kuka-Dual-Arm/install/parameter_traits:/home/gustav/P5-Kuka-Dual-Arm/install/generate_parameter_library_py:${AMENT_PREFIX_PATH} CMAKE_PREFIX_PATH=/home/gustav/P5-Kuka-Dual-Arm/install/generate_parameter_library:/home/gustav/P5-Kuka-Dual-Arm/install/parameter_traits:/home/gustav/P5-Kuka-Dual-Arm/moveit2_kuka_table/install/send_cudes:/home/gustav/P5-Kuka-Dual-Arm/moveit2_kuka_table/install/moveit2_launch:/home/gustav/P5-Kuka-Dual-Arm/moveit2_kuka_table/install/kuka_bord_description:/home/gustav/lbr_stack/install/med7_moveit_config:/home/gustav/lbr_stack/install/med14_moveit_config:/home/gustav/lbr_stack/install/lbr_fri_ros2_stack:/home/gustav/lbr_stack/install/lbr_demos_cpp:/home/gustav/lbr_stack/install/lbr_bringup:/home/gustav/lbr_stack/install/lbr_ros2_control:/home/gustav/lbr_stack/install/lbr_moveit_cpp:/home/gustav/lbr_stack/install/lbr_demos_advanced_cpp:/home/gustav/lbr_stack/install/lbr_fri_ros2:/home/gustav/lbr_stack/install/lbr_fri_idl:/home/gustav/lbr_stack/install/iiwa7_moveit_config:/home/gustav/lbr_stack/install/iiwa14_moveit_config:/home/gustav/lbr_stack/install/lbr_description:/home/gustav/lbr_stack/install/fri_client_sdk:/home/gustav/ws_P5/install/send_cudes:/home/gustav/ws_P5/install/moveit2_launch:/home/gustav/ws_P5/install/kuka_bord_description:/home/gustav/lbr_stack/install/lbr_demos_py:/home/gustav/lbr_stack/install/lbr_demos_advanced_py:/opt/ros/humble LD_LIBRARY_PATH=/home/gustav/P5-Kuka-Dual-Arm/install/parameter_traits/lib:${LD_LIBRARY_PATH} PATH=/home/gustav/P5-Kuka-Dual-Arm/install/generate_parameter_library_py/bin:${PATH} PYTHONPATH=/home/gustav/P5-Kuka-Dual-Arm/install/generate_parameter_library_py/lib/python3.10/site-packages:${PYTHONPATH} /usr/bin/cmake /home/gustav/P5-Kuka-Dual-Arm/p5_ws/src/generate_parameter_library/example -DCMAKE_INSTALL_PREFIX=/home/gustav/P5-Kuka-Dual-Arm/install/generate_parameter_library_example
[0.669s] -- The C compiler identification is GNU 11.4.0
[0.670s] -- The CXX compiler identification is GNU 11.4.0
[0.670s] -- Detecting C compiler ABI info
[0.670s] -- Detecting C compiler ABI info - done
[0.670s] -- Check for working C compiler: /usr/bin/cc - skipped
[0.672s] -- Detecting C compile features
[0.672s] -- Detecting C compile features - done
[0.675s] -- Detecting CXX compiler ABI info
[0.675s] -- Detecting CXX compiler ABI info - done
[0.675s] -- Check for working CXX compiler: /usr/bin/c++ - skipped
[0.675s] -- Detecting CXX compile features
[0.676s] -- Detecting CXX compile features - done
[0.676s] -- Found ament_cmake: 1.3.10 (/opt/ros/humble/share/ament_cmake/cmake)
[0.884s] -- Found Python3: /usr/bin/python3 (found version "3.10.12") found components: Interpreter 
[1.049s] -- Found generate_parameter_library: 0.3.7 (/home/gustav/P5-Kuka-Dual-Arm/install/generate_parameter_library/share/generate_parameter_library/cmake)
[1.056s] -- Found parameter_traits: 0.3.7 (/home/gustav/P5-Kuka-Dual-Arm/install/parameter_traits/share/parameter_traits/cmake)
[1.153s] -- Found rosidl_generator_c: 3.1.5 (/opt/ros/humble/share/rosidl_generator_c/cmake)
[1.166s] -- Found rosidl_adapter: 3.1.5 (/opt/ros/humble/share/rosidl_adapter/cmake)
[1.184s] -- Found rosidl_generator_cpp: 3.1.5 (/opt/ros/humble/share/rosidl_generator_cpp/cmake)
[1.207s] -- Using all available rosidl_typesupport_c: rosidl_typesupport_fastrtps_c;rosidl_typesupport_introspection_c
[1.244s] -- Using all available rosidl_typesupport_cpp: rosidl_typesupport_fastrtps_cpp;rosidl_typesupport_introspection_cpp
[1.345s] -- Found rmw_implementation_cmake: 6.1.2 (/opt/ros/humble/share/rmw_implementation_cmake/cmake)
[1.351s] -- Found rmw_fastrtps_cpp: 6.2.7 (/opt/ros/humble/share/rmw_fastrtps_cpp/cmake)
[1.489s] -- Found OpenSSL: /usr/lib/x86_64-linux-gnu/libcrypto.so (found version "3.0.2")  
[1.533s] -- Found FastRTPS: /opt/ros/humble/include  
[1.598s] -- Using RMW implementation 'rmw_fastrtps_cpp' as default
[1.620s] -- Looking for pthread.h
[1.718s] -- Looking for pthread.h - found
[1.718s] -- Performing Test CMAKE_HAVE_LIBC_PTHREAD
[1.823s] -- Performing Test CMAKE_HAVE_LIBC_PTHREAD - Success
[1.823s] -- Found Threads: TRUE  
[1.985s] -- Found rclcpp_lifecycle: 16.0.10 (/opt/ros/humble/share/rclcpp_lifecycle/cmake)
[2.038s] -- Found rclcpp_components: 16.0.10 (/opt/ros/humble/share/rclcpp_components/cmake)
[2.212s] -- Found rclpy: 3.3.14 (/opt/ros/humble/share/rclpy/cmake)
[2.235s] -- Found ament_lint_auto: 0.12.11 (/opt/ros/humble/share/ament_lint_auto/cmake)
[2.399s] -- Found ament_cmake_gtest: 1.3.10 (/opt/ros/humble/share/ament_cmake_gtest/cmake)
[2.410s] -- Found gtest sources under '/opt/ros/humble/src/gtest_vendor': C++ tests using 'Google Test' will be built
[2.417s] -- Found gtest sources under '/opt/ros/humble/src/gtest_vendor': C++ tests using 'Google Test' will be built
[2.427s] -- Found ament_cmake_gmock: 1.3.10 (/opt/ros/humble/share/ament_cmake_gmock/cmake)
[2.441s] -- Found gmock sources under '/opt/ros/humble/src/gmock_vendor': C++ tests using 'Google Mock' will be built
[2.450s] -- Found gtest sources under '/opt/ros/humble/src/gtest_vendor': C++ tests using 'Google Test' will be built
[2.463s] -- Added test 'copyright' to check source files copyright and LICENSE
[2.468s] -- Added test 'cppcheck' to perform static code analysis on C / C++ code
[2.469s] -- Configured cppcheck include dirs: $<BUILD_INTERFACE:/home/gustav/P5-Kuka-Dual-Arm/p5_ws/src/generate_parameter_library/example/include>;/home/gustav/P5-Kuka-Dual-Arm/p5_ws/src/generate_parameter_library/example/include
[2.469s] -- Configured cppcheck exclude dirs and/or files: 
[2.473s] -- Added test 'lint_cmake' to check CMake code style
[2.476s] -- Added test 'xmllint' to check XML markup files
[2.491s] -- Configuring done
[2.590s] -- Generating done
[2.597s] -- Build files have been written to: /home/gustav/P5-Kuka-Dual-Arm/build/generate_parameter_library_example
[2.647s] Invoked command in '/home/gustav/P5-Kuka-Dual-Arm/build/generate_parameter_library_example' returned '0': AMENT_PREFIX_PATH=/home/gustav/P5-Kuka-Dual-Arm/install/generate_parameter_library:/home/gustav/P5-Kuka-Dual-Arm/install/parameter_traits:/home/gustav/P5-Kuka-Dual-Arm/install/generate_parameter_library_py:${AMENT_PREFIX_PATH} CMAKE_PREFIX_PATH=/home/gustav/P5-Kuka-Dual-Arm/install/generate_parameter_library:/home/gustav/P5-Kuka-Dual-Arm/install/parameter_traits:/home/gustav/P5-Kuka-Dual-Arm/moveit2_kuka_table/install/send_cudes:/home/gustav/P5-Kuka-Dual-Arm/moveit2_kuka_table/install/moveit2_launch:/home/gustav/P5-Kuka-Dual-Arm/moveit2_kuka_table/install/kuka_bord_description:/home/gustav/lbr_stack/install/med7_moveit_config:/home/gustav/lbr_stack/install/med14_moveit_config:/home/gustav/lbr_stack/install/lbr_fri_ros2_stack:/home/gustav/lbr_stack/install/lbr_demos_cpp:/home/gustav/lbr_stack/install/lbr_bringup:/home/gustav/lbr_stack/install/lbr_ros2_control:/home/gustav/lbr_stack/install/lbr_moveit_cpp:/home/gustav/lbr_stack/install/lbr_demos_advanced_cpp:/home/gustav/lbr_stack/install/lbr_fri_ros2:/home/gustav/lbr_stack/install/lbr_fri_idl:/home/gustav/lbr_stack/install/iiwa7_moveit_config:/home/gustav/lbr_stack/install/iiwa14_moveit_config:/home/gustav/lbr_stack/install/lbr_description:/home/gustav/lbr_stack/install/fri_client_sdk:/home/gustav/ws_P5/install/send_cudes:/home/gustav/ws_P5/install/moveit2_launch:/home/gustav/ws_P5/install/kuka_bord_description:/home/gustav/lbr_stack/install/lbr_demos_py:/home/gustav/lbr_stack/install/lbr_demos_advanced_py:/opt/ros/humble LD_LIBRARY_PATH=/home/gustav/P5-Kuka-Dual-Arm/install/parameter_traits/lib:${LD_LIBRARY_PATH} PATH=/home/gustav/P5-Kuka-Dual-Arm/install/generate_parameter_library_py/bin:${PATH} PYTHONPATH=/home/gustav/P5-Kuka-Dual-Arm/install/generate_parameter_library_py/lib/python3.10/site-packages:${PYTHONPATH} /usr/bin/cmake /home/gustav/P5-Kuka-Dual-Arm/p5_ws/src/generate_parameter_library/example -DCMAKE_INSTALL_PREFIX=/home/gustav/P5-Kuka-Dual-Arm/install/generate_parameter_library_example
[2.647s] Invoking command in '/home/gustav/P5-Kuka-Dual-Arm/build/generate_parameter_library_example': AMENT_PREFIX_PATH=/home/gustav/P5-Kuka-Dual-Arm/install/generate_parameter_library:/home/gustav/P5-Kuka-Dual-Arm/install/parameter_traits:/home/gustav/P5-Kuka-Dual-Arm/install/generate_parameter_library_py:${AMENT_PREFIX_PATH} CMAKE_PREFIX_PATH=/home/gustav/P5-Kuka-Dual-Arm/install/generate_parameter_library:/home/gustav/P5-Kuka-Dual-Arm/install/parameter_traits:/home/gustav/P5-Kuka-Dual-Arm/moveit2_kuka_table/install/send_cudes:/home/gustav/P5-Kuka-Dual-Arm/moveit2_kuka_table/install/moveit2_launch:/home/gustav/P5-Kuka-Dual-Arm/moveit2_kuka_table/install/kuka_bord_description:/home/gustav/lbr_stack/install/med7_moveit_config:/home/gustav/lbr_stack/install/med14_moveit_config:/home/gustav/lbr_stack/install/lbr_fri_ros2_stack:/home/gustav/lbr_stack/install/lbr_demos_cpp:/home/gustav/lbr_stack/install/lbr_bringup:/home/gustav/lbr_stack/install/lbr_ros2_control:/home/gustav/lbr_stack/install/lbr_moveit_cpp:/home/gustav/lbr_stack/install/lbr_demos_advanced_cpp:/home/gustav/lbr_stack/install/lbr_fri_ros2:/home/gustav/lbr_stack/install/lbr_fri_idl:/home/gustav/lbr_stack/install/iiwa7_moveit_config:/home/gustav/lbr_stack/install/iiwa14_moveit_config:/home/gustav/lbr_stack/install/lbr_description:/home/gustav/lbr_stack/install/fri_client_sdk:/home/gustav/ws_P5/install/send_cudes:/home/gustav/ws_P5/install/moveit2_launch:/home/gustav/ws_P5/install/kuka_bord_description:/home/gustav/lbr_stack/install/lbr_demos_py:/home/gustav/lbr_stack/install/lbr_demos_advanced_py:/opt/ros/humble LD_LIBRARY_PATH=/home/gustav/P5-Kuka-Dual-Arm/install/parameter_traits/lib:${LD_LIBRARY_PATH} PATH=/home/gustav/P5-Kuka-Dual-Arm/install/generate_parameter_library_py/bin:${PATH} PYTHONPATH=/home/gustav/P5-Kuka-Dual-Arm/install/generate_parameter_library_py/lib/python3.10/site-packages:${PYTHONPATH} /usr/bin/cmake --build /home/gustav/P5-Kuka-Dual-Arm/build/generate_parameter_library_example -- -j8 -l8
[3.467s] [  5%] [32mBuilding CXX object CMakeFiles/test_node.dir/rclcpp_components/node_main_test_node.cpp.o[0m
[3.468s] [ 11%] [34m[1mRunning `/usr/bin/cmake -E copy /home/gustav/P5-Kuka-Dual-Arm/p5_ws/src/generate_parameter_library/example/include/generate_parameter_library_example/example_validators.hpp /home/gustav/P5-Kuka-Dual-Arm/build/generate_parameter_library_example/admittance_controller_parameters/include/example_validators.hpp`[0m
[3.468s] [ 17%] [32mBuilding CXX object gmock/CMakeFiles/gmock.dir/opt/ros/humble/src/gtest_vendor/src/gtest-all.cc.o[0m
[3.468s] [ 23%] [32mBuilding CXX object gtest/CMakeFiles/gtest.dir/src/gtest-all.cc.o[0m
[3.468s] [ 29%] [34m[1mRunning `/opt/ros/humble/bin/generate_parameter_library_cpp /home/gustav/P5-Kuka-Dual-Arm/build/generate_parameter_library_example/admittance_controller_parameters/include//admittance_controller_parameters.hpp /home/gustav/P5-Kuka-Dual-Arm/p5_ws/src/generate_parameter_library/example/src/parameters.yaml example_validators.hpp`[0m
[3.468s] [ 35%] [32mBuilding CXX object gmock/CMakeFiles/gmock.dir/src/gmock-all.cc.o[0m
[9.939s] [ 35%] Built target admittance_controller_parameters
[10.025s] [ 41%] [32mBuilding CXX object CMakeFiles/minimal_publisher.dir/src/minimal_publisher.cpp.o[0m
[12.121s] In file included from [01m[K/opt/ros/humble/src/gmock_vendor/include/gmock/gmock.h:66[m[K,
[12.121s]                  from [01m[K/opt/ros/humble/src/gmock_vendor/src/gmock-all.cc:39[m[K:
[12.122s] [01m[K/opt/ros/humble/src/gmock_vendor/include/gmock/gmock-more-actions.h:[m[K In member function ‘[01m[Ktypename testing::internal::Function<F>::Result testing::SetArgRefereeActionP<k, value_type>::gmock_Impl<F>::gmock_PerformImpl(const args_type&, const arg0_type&, const arg1_type&, const arg2_type&, const arg3_type&, const arg4_type&, const arg5_type&, const arg6_type&, const arg7_type&, const arg8_type&, const arg9_type&) const[m[K’:
[12.122s] [01m[K/opt/ros/humble/src/gmock_vendor/include/gmock/gmock-more-actions.h:104:53:[m[K [01;35m[Kwarning: [m[Kconversion to ‘[01m[Klong unsigned int[m[K’ from ‘[01m[Kint[m[K’ may change the sign of the result [[01;35m[K]8;;https://gcc.gnu.org/onlinedocs/gcc/Warning-Options.html#index-Wsign-conversion-Wsign-conversion]8;;[m[K]
[12.122s]   104 |   typedef typename ::std::tuple_element<k, args_type[01;35m[K>[m[K::type argk_type;
[12.123s]       |                                                     [01;35m[K^[m[K
[16.615s] [ 47%] [32m[1mLinking CXX executable test_node[0m
[17.116s] [ 47%] Built target test_node
[19.840s] [ 52%] [32m[1mLinking CXX static library libgmock.a[0m
[19.863s] [ 58%] [32m[1mLinking CXX static library libgtest.a[0m
[19.966s] [ 58%] Built target gmock
[19.978s] [ 58%] Built target gtest
[20.028s] [ 64%] [32mBuilding CXX object CMakeFiles/test_example_gmock.dir/test/example_test_gmock.cpp.o[0m
[20.066s] [ 70%] [32mBuilding CXX object CMakeFiles/test_example_gtest.dir/test/example_test_gtest.cpp.o[0m
[20.073s] [ 76%] [32mBuilding CXX object CMakeFiles/test_descriptor_gtest.dir/test/descriptor_test_gtest.cpp.o[0m
[24.865s] [ 82%] [32m[1mLinking CXX shared library libminimal_publisher.so[0m
[25.172s] [ 82%] Built target minimal_publisher
[26.056s] In file included from [01m[K/opt/ros/humble/src/gmock_vendor/include/gmock/gmock.h:66[m[K,
[26.056s]                  from [01m[K/home/gustav/P5-Kuka-Dual-Arm/p5_ws/src/generate_parameter_library/example/test/example_test_gmock.cpp:33[m[K:
[26.056s] [01m[K/opt/ros/humble/src/gmock_vendor/include/gmock/gmock-more-actions.h:[m[K In member function ‘[01m[Ktypename testing::internal::Function<F>::Result testing::SetArgRefereeActionP<k, value_type>::gmock_Impl<F>::gmock_PerformImpl(const args_type&, const arg0_type&, const arg1_type&, const arg2_type&, const arg3_type&, const arg4_type&, const arg5_type&, const arg6_type&, const arg7_type&, const arg8_type&, const arg9_type&) const[m[K’:
[26.056s] [01m[K/opt/ros/humble/src/gmock_vendor/include/gmock/gmock-more-actions.h:104:53:[m[K [01;35m[Kwarning: [m[Kconversion to ‘[01m[Klong unsigned int[m[K’ from ‘[01m[Kint[m[K’ may change the sign of the result [[01;35m[K]8;;https://gcc.gnu.org/onlinedocs/gcc/Warning-Options.html#index-Wsign-conversion-Wsign-conversion]8;;[m[K]
[26.057s]   104 |   typedef typename ::std::tuple_element<k, args_type[01;35m[K>[m[K::type argk_type;
[26.057s]       |                                                     [01;35m[K^[m[K
[28.101s] [ 88%] [32m[1mLinking CXX executable test_example_gtest[0m
[28.498s] [ 88%] Built target test_example_gtest
[29.180s] [ 94%] [32m[1mLinking CXX executable test_descriptor_gtest[0m
[29.464s] [ 94%] Built target test_descriptor_gtest
[30.266s] [100%] [32m[1mLinking CXX executable test_example_gmock[0m
[30.755s] [100%] Built target test_example_gmock
[30.787s] Invoked command in '/home/gustav/P5-Kuka-Dual-Arm/build/generate_parameter_library_example' returned '0': AMENT_PREFIX_PATH=/home/gustav/P5-Kuka-Dual-Arm/install/generate_parameter_library:/home/gustav/P5-Kuka-Dual-Arm/install/parameter_traits:/home/gustav/P5-Kuka-Dual-Arm/install/generate_parameter_library_py:${AMENT_PREFIX_PATH} CMAKE_PREFIX_PATH=/home/gustav/P5-Kuka-Dual-Arm/install/generate_parameter_library:/home/gustav/P5-Kuka-Dual-Arm/install/parameter_traits:/home/gustav/P5-Kuka-Dual-Arm/moveit2_kuka_table/install/send_cudes:/home/gustav/P5-Kuka-Dual-Arm/moveit2_kuka_table/install/moveit2_launch:/home/gustav/P5-Kuka-Dual-Arm/moveit2_kuka_table/install/kuka_bord_description:/home/gustav/lbr_stack/install/med7_moveit_config:/home/gustav/lbr_stack/install/med14_moveit_config:/home/gustav/lbr_stack/install/lbr_fri_ros2_stack:/home/gustav/lbr_stack/install/lbr_demos_cpp:/home/gustav/lbr_stack/install/lbr_bringup:/home/gustav/lbr_stack/install/lbr_ros2_control:/home/gustav/lbr_stack/install/lbr_moveit_cpp:/home/gustav/lbr_stack/install/lbr_demos_advanced_cpp:/home/gustav/lbr_stack/install/lbr_fri_ros2:/home/gustav/lbr_stack/install/lbr_fri_idl:/home/gustav/lbr_stack/install/iiwa7_moveit_config:/home/gustav/lbr_stack/install/iiwa14_moveit_config:/home/gustav/lbr_stack/install/lbr_description:/home/gustav/lbr_stack/install/fri_client_sdk:/home/gustav/ws_P5/install/send_cudes:/home/gustav/ws_P5/install/moveit2_launch:/home/gustav/ws_P5/install/kuka_bord_description:/home/gustav/lbr_stack/install/lbr_demos_py:/home/gustav/lbr_stack/install/lbr_demos_advanced_py:/opt/ros/humble LD_LIBRARY_PATH=/home/gustav/P5-Kuka-Dual-Arm/install/parameter_traits/lib:${LD_LIBRARY_PATH} PATH=/home/gustav/P5-Kuka-Dual-Arm/install/generate_parameter_library_py/bin:${PATH} PYTHONPATH=/home/gustav/P5-Kuka-Dual-Arm/install/generate_parameter_library_py/lib/python3.10/site-packages:${PYTHONPATH} /usr/bin/cmake --build /home/gustav/P5-Kuka-Dual-Arm/build/generate_parameter_library_example -- -j8 -l8
[30.960s] Invoking command in '/home/gustav/P5-Kuka-Dual-Arm/build/generate_parameter_library_example': AMENT_PREFIX_PATH=/home/gustav/P5-Kuka-Dual-Arm/install/generate_parameter_library:/home/gustav/P5-Kuka-Dual-Arm/install/parameter_traits:/home/gustav/P5-Kuka-Dual-Arm/install/generate_parameter_library_py:${AMENT_PREFIX_PATH} CMAKE_PREFIX_PATH=/home/gustav/P5-Kuka-Dual-Arm/install/generate_parameter_library:/home/gustav/P5-Kuka-Dual-Arm/install/parameter_traits:/home/gustav/P5-Kuka-Dual-Arm/moveit2_kuka_table/install/send_cudes:/home/gustav/P5-Kuka-Dual-Arm/moveit2_kuka_table/install/moveit2_launch:/home/gustav/P5-Kuka-Dual-Arm/moveit2_kuka_table/install/kuka_bord_description:/home/gustav/lbr_stack/install/med7_moveit_config:/home/gustav/lbr_stack/install/med14_moveit_config:/home/gustav/lbr_stack/install/lbr_fri_ros2_stack:/home/gustav/lbr_stack/install/lbr_demos_cpp:/home/gustav/lbr_stack/install/lbr_bringup:/home/gustav/lbr_stack/install/lbr_ros2_control:/home/gustav/lbr_stack/install/lbr_moveit_cpp:/home/gustav/lbr_stack/install/lbr_demos_advanced_cpp:/home/gustav/lbr_stack/install/lbr_fri_ros2:/home/gustav/lbr_stack/install/lbr_fri_idl:/home/gustav/lbr_stack/install/iiwa7_moveit_config:/home/gustav/lbr_stack/install/iiwa14_moveit_config:/home/gustav/lbr_stack/install/lbr_description:/home/gustav/lbr_stack/install/fri_client_sdk:/home/gustav/ws_P5/install/send_cudes:/home/gustav/ws_P5/install/moveit2_launch:/home/gustav/ws_P5/install/kuka_bord_description:/home/gustav/lbr_stack/install/lbr_demos_py:/home/gustav/lbr_stack/install/lbr_demos_advanced_py:/opt/ros/humble LD_LIBRARY_PATH=/home/gustav/P5-Kuka-Dual-Arm/install/parameter_traits/lib:${LD_LIBRARY_PATH} PATH=/home/gustav/P5-Kuka-Dual-Arm/install/generate_parameter_library_py/bin:${PATH} PYTHONPATH=/home/gustav/P5-Kuka-Dual-Arm/install/generate_parameter_library_py/lib/python3.10/site-packages:${PYTHONPATH} /usr/bin/cmake --install /home/gustav/P5-Kuka-Dual-Arm/build/generate_parameter_library_example
[30.979s] -- Install configuration: ""
[30.979s] -- Installing: /home/gustav/P5-Kuka-Dual-Arm/install/generate_parameter_library_example/include/admittance_controller_parameters
[30.980s] -- Installing: /home/gustav/P5-Kuka-Dual-Arm/install/generate_parameter_library_example/include/admittance_controller_parameters/example_validators.hpp
[30.981s] -- Installing: /home/gustav/P5-Kuka-Dual-Arm/install/generate_parameter_library_example/include/admittance_controller_parameters/admittance_controller_parameters.hpp
[30.981s] -- Installing: /home/gustav/P5-Kuka-Dual-Arm/install/generate_parameter_library_example/lib/generate_parameter_library_example/test_node
[30.983s] -- Set runtime path of "/home/gustav/P5-Kuka-Dual-Arm/install/generate_parameter_library_example/lib/generate_parameter_library_example/test_node" to ""
[30.983s] -- Installing: /home/gustav/P5-Kuka-Dual-Arm/install/generate_parameter_library_example/include/generate_parameter_library_example
[30.984s] -- Installing: /home/gustav/P5-Kuka-Dual-Arm/install/generate_parameter_library_example/include/generate_parameter_library_example/generate_parameter_library_example
[30.984s] -- Installing: /home/gustav/P5-Kuka-Dual-Arm/install/generate_parameter_library_example/include/generate_parameter_library_example/generate_parameter_library_example/example_validators.hpp
[30.985s] -- Installing: /home/gustav/P5-Kuka-Dual-Arm/install/generate_parameter_library_example/include/generate_parameter_library_example/generate_parameter_library_example/minimal_publisher.hpp
[30.987s] -- Installing: /home/gustav/P5-Kuka-Dual-Arm/install/generate_parameter_library_example/lib/libminimal_publisher.so
[30.989s] -- Set runtime path of "/home/gustav/P5-Kuka-Dual-Arm/install/generate_parameter_library_example/lib/libminimal_publisher.so" to ""
[30.990s] -- Up-to-date: /home/gustav/P5-Kuka-Dual-Arm/install/generate_parameter_library_example/lib/generate_parameter_library_example/test_node
[30.991s] -- Installing: /home/gustav/P5-Kuka-Dual-Arm/install/generate_parameter_library_example/share/generate_parameter_library_example/environment/library_path.sh
[30.991s] -- Installing: /home/gustav/P5-Kuka-Dual-Arm/install/generate_parameter_library_example/share/generate_parameter_library_example/environment/library_path.dsv
[30.993s] -- Installing: /home/gustav/P5-Kuka-Dual-Arm/install/generate_parameter_library_example/share/ament_index/resource_index/package_run_dependencies/generate_parameter_library_example
[30.993s] -- Installing: /home/gustav/P5-Kuka-Dual-Arm/install/generate_parameter_library_example/share/ament_index/resource_index/parent_prefix_path/generate_parameter_library_example
[30.995s] -- Installing: /home/gustav/P5-Kuka-Dual-Arm/install/generate_parameter_library_example/share/generate_parameter_library_example/environment/ament_prefix_path.sh
[30.995s] -- Installing: /home/gustav/P5-Kuka-Dual-Arm/install/generate_parameter_library_example/share/generate_parameter_library_example/environment/ament_prefix_path.dsv
[30.995s] -- Installing: /home/gustav/P5-Kuka-Dual-Arm/install/generate_parameter_library_example/share/generate_parameter_library_example/environment/path.sh
[30.996s] -- Installing: /home/gustav/P5-Kuka-Dual-Arm/install/generate_parameter_library_example/share/generate_parameter_library_example/environment/path.dsv
[30.996s] -- Installing: /home/gustav/P5-Kuka-Dual-Arm/install/generate_parameter_library_example/share/generate_parameter_library_example/local_setup.bash
[30.997s] -- Installing: /home/gustav/P5-Kuka-Dual-Arm/install/generate_parameter_library_example/share/generate_parameter_library_example/local_setup.sh
[30.997s] -- Installing: /home/gustav/P5-Kuka-Dual-Arm/install/generate_parameter_library_example/share/generate_parameter_library_example/local_setup.zsh
[30.998s] -- Installing: /home/gustav/P5-Kuka-Dual-Arm/install/generate_parameter_library_example/share/generate_parameter_library_example/local_setup.dsv
[30.999s] -- Installing: /home/gustav/P5-Kuka-Dual-Arm/install/generate_parameter_library_example/share/generate_parameter_library_example/package.dsv
[31.000s] -- Installing: /home/gustav/P5-Kuka-Dual-Arm/install/generate_parameter_library_example/share/ament_index/resource_index/packages/generate_parameter_library_example
[31.000s] -- Installing: /home/gustav/P5-Kuka-Dual-Arm/install/generate_parameter_library_example/share/ament_index/resource_index/rclcpp_components/generate_parameter_library_example
[31.002s] -- Installing: /home/gustav/P5-Kuka-Dual-Arm/install/generate_parameter_library_example/share/generate_parameter_library_example/cmake/export_generate_parameter_library_exampleExport.cmake
[31.002s] -- Installing: /home/gustav/P5-Kuka-Dual-Arm/install/generate_parameter_library_example/share/generate_parameter_library_example/cmake/export_generate_parameter_library_exampleExport-noconfig.cmake
[31.002s] -- Installing: /home/gustav/P5-Kuka-Dual-Arm/install/generate_parameter_library_example/share/generate_parameter_library_example/cmake/ament_cmake_export_targets-extras.cmake
[31.003s] -- Installing: /home/gustav/P5-Kuka-Dual-Arm/install/generate_parameter_library_example/share/generate_parameter_library_example/cmake/ament_cmake_export_dependencies-extras.cmake
[31.003s] -- Installing: /home/gustav/P5-Kuka-Dual-Arm/install/generate_parameter_library_example/share/generate_parameter_library_example/cmake/generate_parameter_library_exampleConfig.cmake
[31.004s] -- Installing: /home/gustav/P5-Kuka-Dual-Arm/install/generate_parameter_library_example/share/generate_parameter_library_example/cmake/generate_parameter_library_exampleConfig-version.cmake
[31.005s] -- Installing: /home/gustav/P5-Kuka-Dual-Arm/install/generate_parameter_library_example/share/generate_parameter_library_example/package.xml
[31.012s] Invoked command in '/home/gustav/P5-Kuka-Dual-Arm/build/generate_parameter_library_example' returned '0': AMENT_PREFIX_PATH=/home/gustav/P5-Kuka-Dual-Arm/install/generate_parameter_library:/home/gustav/P5-Kuka-Dual-Arm/install/parameter_traits:/home/gustav/P5-Kuka-Dual-Arm/install/generate_parameter_library_py:${AMENT_PREFIX_PATH} CMAKE_PREFIX_PATH=/home/gustav/P5-Kuka-Dual-Arm/install/generate_parameter_library:/home/gustav/P5-Kuka-Dual-Arm/install/parameter_traits:/home/gustav/P5-Kuka-Dual-Arm/moveit2_kuka_table/install/send_cudes:/home/gustav/P5-Kuka-Dual-Arm/moveit2_kuka_table/install/moveit2_launch:/home/gustav/P5-Kuka-Dual-Arm/moveit2_kuka_table/install/kuka_bord_description:/home/gustav/lbr_stack/install/med7_moveit_config:/home/gustav/lbr_stack/install/med14_moveit_config:/home/gustav/lbr_stack/install/lbr_fri_ros2_stack:/home/gustav/lbr_stack/install/lbr_demos_cpp:/home/gustav/lbr_stack/install/lbr_bringup:/home/gustav/lbr_stack/install/lbr_ros2_control:/home/gustav/lbr_stack/install/lbr_moveit_cpp:/home/gustav/lbr_stack/install/lbr_demos_advanced_cpp:/home/gustav/lbr_stack/install/lbr_fri_ros2:/home/gustav/lbr_stack/install/lbr_fri_idl:/home/gustav/lbr_stack/install/iiwa7_moveit_config:/home/gustav/lbr_stack/install/iiwa14_moveit_config:/home/gustav/lbr_stack/install/lbr_description:/home/gustav/lbr_stack/install/fri_client_sdk:/home/gustav/ws_P5/install/send_cudes:/home/gustav/ws_P5/install/moveit2_launch:/home/gustav/ws_P5/install/kuka_bord_description:/home/gustav/lbr_stack/install/lbr_demos_py:/home/gustav/lbr_stack/install/lbr_demos_advanced_py:/opt/ros/humble LD_LIBRARY_PATH=/home/gustav/P5-Kuka-Dual-Arm/install/parameter_traits/lib:${LD_LIBRARY_PATH} PATH=/home/gustav/P5-Kuka-Dual-Arm/install/generate_parameter_library_py/bin:${PATH} PYTHONPATH=/home/gustav/P5-Kuka-Dual-Arm/install/generate_parameter_library_py/lib/python3.10/site-packages:${PYTHONPATH} /usr/bin/cmake --install /home/gustav/P5-Kuka-Dual-Arm/build/generate_parameter_library_example
