[0.034s] Invoking command in '/home/gustav/P5-Kuka-Dual-Arm/build/moveit_kinematics': AMENT_PREFIX_PATH=/home/gustav/P5-Kuka-Dual-Arm/install/moveit_ros_planning:/home/gustav/P5-Kuka-Dual-Arm/install/moveit_ros_occupancy_map_monitor:/home/gustav/P5-Kuka-Dual-Arm/install/moveit_core:/home/gustav/P5-Kuka-Dual-Arm/install/moveit_resources_panda_moveit_config:/home/gustav/P5-Kuka-Dual-Arm/install/moveit_resources_fanuc_moveit_config:/home/gustav/P5-Kuka-Dual-Arm/install/generate_parameter_library:/home/gustav/P5-Kuka-Dual-Arm/install/parameter_traits:/home/gustav/P5-Kuka-Dual-Arm/install/moveit_resources_pr2_description:/home/gustav/P5-Kuka-Dual-Arm/install/moveit_resources_panda_description:/home/gustav/P5-Kuka-Dual-Arm/install/moveit_resources_fanuc_description:/home/gustav/P5-Kuka-Dual-Arm/install/moveit_msgs:/home/gustav/P5-Kuka-Dual-Arm/install/moveit_configs_utils:/home/gustav/P5-Kuka-Dual-Arm/install/moveit_common:/home/gustav/P5-Kuka-Dual-Arm/install/generate_parameter_library_py:${AMENT_PREFIX_PATH} CMAKE_PREFIX_PATH=/home/gustav/P5-Kuka-Dual-Arm/install/moveit_ros_planning:/home/gustav/P5-Kuka-Dual-Arm/install/moveit_ros_occupancy_map_monitor:/home/gustav/P5-Kuka-Dual-Arm/install/moveit_core:/home/gustav/P5-Kuka-Dual-Arm/install/moveit_resources_panda_moveit_config:/home/gustav/P5-Kuka-Dual-Arm/install/moveit_resources_fanuc_moveit_config:/home/gustav/P5-Kuka-Dual-Arm/install/generate_parameter_library:/home/gustav/P5-Kuka-Dual-Arm/install/parameter_traits:/home/gustav/P5-Kuka-Dual-Arm/install/moveit_resources_pr2_description:/home/gustav/P5-Kuka-Dual-Arm/install/moveit_resources_panda_description:/home/gustav/P5-Kuka-Dual-Arm/install/moveit_resources_fanuc_description:/home/gustav/P5-Kuka-Dual-Arm/install/moveit_msgs:/home/gustav/P5-Kuka-Dual-Arm/install/moveit_common:/opt/ros/humble LD_LIBRARY_PATH=/home/gustav/P5-Kuka-Dual-Arm/install/moveit_ros_planning/lib:/home/gustav/P5-Kuka-Dual-Arm/install/moveit_ros_occupancy_map_monitor/lib:/home/gustav/P5-Kuka-Dual-Arm/install/moveit_core/lib:/home/gustav/P5-Kuka-Dual-Arm/install/parameter_traits/lib:/home/gustav/P5-Kuka-Dual-Arm/install/moveit_msgs/lib:${LD_LIBRARY_PATH} PATH=/home/gustav/P5-Kuka-Dual-Arm/install/moveit_core/bin:/home/gustav/P5-Kuka-Dual-Arm/install/generate_parameter_library_py/bin:${PATH} PYTHONPATH=/home/gustav/P5-Kuka-Dual-Arm/install/moveit_msgs/local/lib/python3.10/dist-packages:/home/gustav/P5-Kuka-Dual-Arm/install/moveit_configs_utils/lib/python3.10/site-packages:/home/gustav/P5-Kuka-Dual-Arm/install/generate_parameter_library_py/lib/python3.10/site-packages:${PYTHONPATH} /usr/bin/cmake --build /home/gustav/P5-Kuka-Dual-Arm/build/moveit_kinematics -- -j8 -l8
[0.089s] [35m[1mConsolidate compiler generated dependencies of target gtest_main[0m
[0.102s] [ 10%] [32mBuilding CXX object gtest/CMakeFiles/gtest.dir/src/gtest-all.cc.o[0m
[0.103s] [ 10%] [32mBuilding CXX object lma_kinematics_plugin/CMakeFiles/moveit_lma_kinematics_plugin.dir/src/lma_kinematics_plugin.cpp.o[0m
[0.105s] [ 15%] [32mBuilding CXX object cached_ik_kinematics_plugin/CMakeFiles/moveit_cached_ik_kinematics_base.dir/src/ik_cache.cpp.o[0m
[0.106s] [ 26%] Built target gtest_main
[0.108s] [ 31%] [32mBuilding CXX object test/CMakeFiles/benchmark_ik.dir/benchmark_ik.cpp.o[0m
[0.109s] [ 42%] [32mBuilding CXX object srv_kinematics_plugin/CMakeFiles/moveit_srv_kinematics_plugin.dir/src/srv_kinematics_plugin.cpp.o[0m
[0.110s] [ 42%] [32mBuilding CXX object kdl_kinematics_plugin/CMakeFiles/moveit_kdl_kinematics_plugin.dir/src/kdl_kinematics_plugin.cpp.o[0m
[0.112s] [ 47%] [32mBuilding CXX object kdl_kinematics_plugin/CMakeFiles/moveit_kdl_kinematics_plugin.dir/src/chainiksolver_vel_mimic_svd.cpp.o[0m
[20.609s] [ 52%] [32m[1mLinking CXX static library libgtest.a[0m
[20.715s] [ 52%] Built target gtest
[21.838s] [ 57%] [32m[1mLinking CXX shared library libmoveit_srv_kinematics_plugin.so[0m
[22.364s] [ 57%] Built target moveit_srv_kinematics_plugin
[23.124s] [ 63%] [32m[1mLinking CXX shared library libmoveit_lma_kinematics_plugin.so[0m
[23.207s] [ 68%] [32m[1mLinking CXX shared library libmoveit_kdl_kinematics_plugin.so[0m
[23.389s] [ 68%] Built target moveit_lma_kinematics_plugin
[23.429s] [ 68%] Built target moveit_kdl_kinematics_plugin
[23.450s] [ 73%] [32mBuilding CXX object test/CMakeFiles/test_kinematics_plugin.dir/test_kinematics_plugin.cpp.o[0m
[24.114s] [ 78%] [32m[1mLinking CXX shared library libmoveit_cached_ik_kinematics_base.so[0m
[24.328s] [ 78%] Built target moveit_cached_ik_kinematics_base
[24.349s] [ 84%] [32mBuilding CXX object cached_ik_kinematics_plugin/CMakeFiles/moveit_cached_ik_kinematics_plugin.dir/src/cached_ik_kinematics_plugin.cpp.o[0m
[24.684s] [ 89%] [32m[1mLinking CXX executable benchmark_ik[0m
[25.049s] [ 89%] Built target benchmark_ik
[39.748s] [ 94%] [32m[1mLinking CXX shared library libmoveit_cached_ik_kinematics_plugin.so[0m
[40.251s] [ 94%] Built target moveit_cached_ik_kinematics_plugin
[62.315s] [100%] [32m[1mLinking CXX executable test_kinematics_plugin[0m
[62.846s] [100%] Built target test_kinematics_plugin
[62.859s] Invoked command in '/home/gustav/P5-Kuka-Dual-Arm/build/moveit_kinematics' returned '0': AMENT_PREFIX_PATH=/home/gustav/P5-Kuka-Dual-Arm/install/moveit_ros_planning:/home/gustav/P5-Kuka-Dual-Arm/install/moveit_ros_occupancy_map_monitor:/home/gustav/P5-Kuka-Dual-Arm/install/moveit_core:/home/gustav/P5-Kuka-Dual-Arm/install/moveit_resources_panda_moveit_config:/home/gustav/P5-Kuka-Dual-Arm/install/moveit_resources_fanuc_moveit_config:/home/gustav/P5-Kuka-Dual-Arm/install/generate_parameter_library:/home/gustav/P5-Kuka-Dual-Arm/install/parameter_traits:/home/gustav/P5-Kuka-Dual-Arm/install/moveit_resources_pr2_description:/home/gustav/P5-Kuka-Dual-Arm/install/moveit_resources_panda_description:/home/gustav/P5-Kuka-Dual-Arm/install/moveit_resources_fanuc_description:/home/gustav/P5-Kuka-Dual-Arm/install/moveit_msgs:/home/gustav/P5-Kuka-Dual-Arm/install/moveit_configs_utils:/home/gustav/P5-Kuka-Dual-Arm/install/moveit_common:/home/gustav/P5-Kuka-Dual-Arm/install/generate_parameter_library_py:${AMENT_PREFIX_PATH} CMAKE_PREFIX_PATH=/home/gustav/P5-Kuka-Dual-Arm/install/moveit_ros_planning:/home/gustav/P5-Kuka-Dual-Arm/install/moveit_ros_occupancy_map_monitor:/home/gustav/P5-Kuka-Dual-Arm/install/moveit_core:/home/gustav/P5-Kuka-Dual-Arm/install/moveit_resources_panda_moveit_config:/home/gustav/P5-Kuka-Dual-Arm/install/moveit_resources_fanuc_moveit_config:/home/gustav/P5-Kuka-Dual-Arm/install/generate_parameter_library:/home/gustav/P5-Kuka-Dual-Arm/install/parameter_traits:/home/gustav/P5-Kuka-Dual-Arm/install/moveit_resources_pr2_description:/home/gustav/P5-Kuka-Dual-Arm/install/moveit_resources_panda_description:/home/gustav/P5-Kuka-Dual-Arm/install/moveit_resources_fanuc_description:/home/gustav/P5-Kuka-Dual-Arm/install/moveit_msgs:/home/gustav/P5-Kuka-Dual-Arm/install/moveit_common:/opt/ros/humble LD_LIBRARY_PATH=/home/gustav/P5-Kuka-Dual-Arm/install/moveit_ros_planning/lib:/home/gustav/P5-Kuka-Dual-Arm/install/moveit_ros_occupancy_map_monitor/lib:/home/gustav/P5-Kuka-Dual-Arm/install/moveit_core/lib:/home/gustav/P5-Kuka-Dual-Arm/install/parameter_traits/lib:/home/gustav/P5-Kuka-Dual-Arm/install/moveit_msgs/lib:${LD_LIBRARY_PATH} PATH=/home/gustav/P5-Kuka-Dual-Arm/install/moveit_core/bin:/home/gustav/P5-Kuka-Dual-Arm/install/generate_parameter_library_py/bin:${PATH} PYTHONPATH=/home/gustav/P5-Kuka-Dual-Arm/install/moveit_msgs/local/lib/python3.10/dist-packages:/home/gustav/P5-Kuka-Dual-Arm/install/moveit_configs_utils/lib/python3.10/site-packages:/home/gustav/P5-Kuka-Dual-Arm/install/generate_parameter_library_py/lib/python3.10/site-packages:${PYTHONPATH} /usr/bin/cmake --build /home/gustav/P5-Kuka-Dual-Arm/build/moveit_kinematics -- -j8 -l8
[62.888s] Invoking command in '/home/gustav/P5-Kuka-Dual-Arm/build/moveit_kinematics': AMENT_PREFIX_PATH=/home/gustav/P5-Kuka-Dual-Arm/install/moveit_ros_planning:/home/gustav/P5-Kuka-Dual-Arm/install/moveit_ros_occupancy_map_monitor:/home/gustav/P5-Kuka-Dual-Arm/install/moveit_core:/home/gustav/P5-Kuka-Dual-Arm/install/moveit_resources_panda_moveit_config:/home/gustav/P5-Kuka-Dual-Arm/install/moveit_resources_fanuc_moveit_config:/home/gustav/P5-Kuka-Dual-Arm/install/generate_parameter_library:/home/gustav/P5-Kuka-Dual-Arm/install/parameter_traits:/home/gustav/P5-Kuka-Dual-Arm/install/moveit_resources_pr2_description:/home/gustav/P5-Kuka-Dual-Arm/install/moveit_resources_panda_description:/home/gustav/P5-Kuka-Dual-Arm/install/moveit_resources_fanuc_description:/home/gustav/P5-Kuka-Dual-Arm/install/moveit_msgs:/home/gustav/P5-Kuka-Dual-Arm/install/moveit_configs_utils:/home/gustav/P5-Kuka-Dual-Arm/install/moveit_common:/home/gustav/P5-Kuka-Dual-Arm/install/generate_parameter_library_py:${AMENT_PREFIX_PATH} CMAKE_PREFIX_PATH=/home/gustav/P5-Kuka-Dual-Arm/install/moveit_ros_planning:/home/gustav/P5-Kuka-Dual-Arm/install/moveit_ros_occupancy_map_monitor:/home/gustav/P5-Kuka-Dual-Arm/install/moveit_core:/home/gustav/P5-Kuka-Dual-Arm/install/moveit_resources_panda_moveit_config:/home/gustav/P5-Kuka-Dual-Arm/install/moveit_resources_fanuc_moveit_config:/home/gustav/P5-Kuka-Dual-Arm/install/generate_parameter_library:/home/gustav/P5-Kuka-Dual-Arm/install/parameter_traits:/home/gustav/P5-Kuka-Dual-Arm/install/moveit_resources_pr2_description:/home/gustav/P5-Kuka-Dual-Arm/install/moveit_resources_panda_description:/home/gustav/P5-Kuka-Dual-Arm/install/moveit_resources_fanuc_description:/home/gustav/P5-Kuka-Dual-Arm/install/moveit_msgs:/home/gustav/P5-Kuka-Dual-Arm/install/moveit_common:/opt/ros/humble LD_LIBRARY_PATH=/home/gustav/P5-Kuka-Dual-Arm/install/moveit_ros_planning/lib:/home/gustav/P5-Kuka-Dual-Arm/install/moveit_ros_occupancy_map_monitor/lib:/home/gustav/P5-Kuka-Dual-Arm/install/moveit_core/lib:/home/gustav/P5-Kuka-Dual-Arm/install/parameter_traits/lib:/home/gustav/P5-Kuka-Dual-Arm/install/moveit_msgs/lib:${LD_LIBRARY_PATH} PATH=/home/gustav/P5-Kuka-Dual-Arm/install/moveit_core/bin:/home/gustav/P5-Kuka-Dual-Arm/install/generate_parameter_library_py/bin:${PATH} PYTHONPATH=/home/gustav/P5-Kuka-Dual-Arm/install/moveit_msgs/local/lib/python3.10/dist-packages:/home/gustav/P5-Kuka-Dual-Arm/install/moveit_configs_utils/lib/python3.10/site-packages:/home/gustav/P5-Kuka-Dual-Arm/install/generate_parameter_library_py/lib/python3.10/site-packages:${PYTHONPATH} /usr/bin/cmake --install /home/gustav/P5-Kuka-Dual-Arm/build/moveit_kinematics
[62.896s] -- Install configuration: "Release"
[62.896s] -- Installing: /home/gustav/P5-Kuka-Dual-Arm/install/moveit_kinematics/share/moveit_kinematics/kdl_kinematics_plugin_description.xml
[62.896s] -- Installing: /home/gustav/P5-Kuka-Dual-Arm/install/moveit_kinematics/share/moveit_kinematics/lma_kinematics_plugin_description.xml
[62.896s] -- Installing: /home/gustav/P5-Kuka-Dual-Arm/install/moveit_kinematics/share/moveit_kinematics/srv_kinematics_plugin_description.xml
[62.896s] -- Installing: /home/gustav/P5-Kuka-Dual-Arm/install/moveit_kinematics/share/moveit_kinematics/cached_ik_kinematics_plugin_description.xml
[62.897s] -- Installing: /home/gustav/P5-Kuka-Dual-Arm/install/moveit_kinematics/include
[62.897s] -- Installing: /home/gustav/P5-Kuka-Dual-Arm/install/moveit_kinematics/include/moveit
[62.897s] -- Installing: /home/gustav/P5-Kuka-Dual-Arm/install/moveit_kinematics/include/moveit/cached_ik_kinematics_plugin
[62.897s] -- Installing: /home/gustav/P5-Kuka-Dual-Arm/install/moveit_kinematics/include/moveit/cached_ik_kinematics_plugin/cached_ik_kinematics_plugin-inl.h
[62.898s] -- Installing: /home/gustav/P5-Kuka-Dual-Arm/install/moveit_kinematics/include/moveit/cached_ik_kinematics_plugin/cached_ik_kinematics_plugin.h
[62.898s] -- Installing: /home/gustav/P5-Kuka-Dual-Arm/install/moveit_kinematics/include/moveit/cached_ik_kinematics_plugin/detail
[62.898s] -- Installing: /home/gustav/P5-Kuka-Dual-Arm/install/moveit_kinematics/include/moveit/cached_ik_kinematics_plugin/detail/NearestNeighbors.h
[62.898s] -- Installing: /home/gustav/P5-Kuka-Dual-Arm/install/moveit_kinematics/include/moveit/cached_ik_kinematics_plugin/detail/NearestNeighborsGNAT.h
[62.898s] -- Installing: /home/gustav/P5-Kuka-Dual-Arm/install/moveit_kinematics/include/moveit/cached_ik_kinematics_plugin/detail/GreedyKCenters.h
[62.898s] -- Installing: /home/gustav/P5-Kuka-Dual-Arm/install/moveit_kinematics/share/moveit_kinematics/launch
[62.898s] -- Installing: /home/gustav/P5-Kuka-Dual-Arm/install/moveit_kinematics/share/moveit_kinematics/launch/measure_ik_call_cost.launch
[62.898s] -- Installing: /home/gustav/P5-Kuka-Dual-Arm/install/moveit_kinematics/lib/moveit_kinematics/auto_create_ikfast_moveit_plugin.sh
[62.899s] -- Installing: /home/gustav/P5-Kuka-Dual-Arm/install/moveit_kinematics/lib/moveit_kinematics/create_ikfast_moveit_plugin.py
[62.899s] -- Installing: /home/gustav/P5-Kuka-Dual-Arm/install/moveit_kinematics/lib/moveit_kinematics/round_collada_numbers.py
[62.899s] -- Installing: /home/gustav/P5-Kuka-Dual-Arm/install/moveit_kinematics/share/moveit_kinematics/ikfast_kinematics_plugin/templates
[62.899s] -- Installing: /home/gustav/P5-Kuka-Dual-Arm/install/moveit_kinematics/share/moveit_kinematics/ikfast_kinematics_plugin/templates/ikfast61_moveit_plugin_template.cpp
[62.900s] -- Installing: /home/gustav/P5-Kuka-Dual-Arm/install/moveit_kinematics/share/moveit_kinematics/ikfast_kinematics_plugin/templates/ikfast.h
[62.900s] -- Installing: /home/gustav/P5-Kuka-Dual-Arm/install/moveit_kinematics/share/moveit_kinematics/ikfast_kinematics_plugin/templates/CMakeLists.txt
[62.900s] -- Up-to-date: /home/gustav/P5-Kuka-Dual-Arm/install/moveit_kinematics/include
[62.900s] -- Up-to-date: /home/gustav/P5-Kuka-Dual-Arm/install/moveit_kinematics/include/moveit
[62.901s] -- Installing: /home/gustav/P5-Kuka-Dual-Arm/install/moveit_kinematics/include/moveit/kdl_kinematics_plugin
[62.901s] -- Installing: /home/gustav/P5-Kuka-Dual-Arm/install/moveit_kinematics/include/moveit/kdl_kinematics_plugin/chainiksolver_vel_mimic_svd.hpp
[62.901s] -- Installing: /home/gustav/P5-Kuka-Dual-Arm/install/moveit_kinematics/include/moveit/kdl_kinematics_plugin/kdl_kinematics_plugin.h
[62.901s] -- Installing: /home/gustav/P5-Kuka-Dual-Arm/install/moveit_kinematics/include/moveit/kdl_kinematics_plugin/joint_mimic.hpp
[62.901s] -- Up-to-date: /home/gustav/P5-Kuka-Dual-Arm/install/moveit_kinematics/include
[62.901s] -- Up-to-date: /home/gustav/P5-Kuka-Dual-Arm/install/moveit_kinematics/include/moveit
[62.901s] -- Installing: /home/gustav/P5-Kuka-Dual-Arm/install/moveit_kinematics/include/moveit/lma_kinematics_plugin
[62.901s] -- Installing: /home/gustav/P5-Kuka-Dual-Arm/install/moveit_kinematics/include/moveit/lma_kinematics_plugin/lma_kinematics_plugin.h
[62.901s] -- Up-to-date: /home/gustav/P5-Kuka-Dual-Arm/install/moveit_kinematics/include
[62.901s] -- Up-to-date: /home/gustav/P5-Kuka-Dual-Arm/install/moveit_kinematics/include/moveit
[62.901s] -- Installing: /home/gustav/P5-Kuka-Dual-Arm/install/moveit_kinematics/include/moveit/srv_kinematics_plugin
[62.902s] -- Installing: /home/gustav/P5-Kuka-Dual-Arm/install/moveit_kinematics/include/moveit/srv_kinematics_plugin/srv_kinematics_plugin.h
[62.902s] -- Installing: /home/gustav/P5-Kuka-Dual-Arm/install/moveit_kinematics/share/moveit_kinematics/config
[62.902s] -- Installing: /home/gustav/P5-Kuka-Dual-Arm/install/moveit_kinematics/share/moveit_kinematics/config/fanuc-lma-singular-test.yaml
[62.902s] -- Installing: /home/gustav/P5-Kuka-Dual-Arm/install/moveit_kinematics/share/moveit_kinematics/config/panda-lma-test.yaml
[62.903s] -- Installing: /home/gustav/P5-Kuka-Dual-Arm/install/moveit_kinematics/share/moveit_kinematics/config/fanuc-kdl-test.yaml
[62.903s] -- Installing: /home/gustav/P5-Kuka-Dual-Arm/install/moveit_kinematics/share/moveit_kinematics/config/fanuc-lma-test.yaml
[62.903s] -- Installing: /home/gustav/P5-Kuka-Dual-Arm/install/moveit_kinematics/share/moveit_kinematics/config/fanuc-kdl-singular-test.yaml
[62.903s] -- Installing: /home/gustav/P5-Kuka-Dual-Arm/install/moveit_kinematics/share/moveit_kinematics/config/panda-kdl-singular-test.yaml
[62.903s] -- Installing: /home/gustav/P5-Kuka-Dual-Arm/install/moveit_kinematics/share/moveit_kinematics/config/panda-lma-singular-test.yaml
[62.904s] -- Installing: /home/gustav/P5-Kuka-Dual-Arm/install/moveit_kinematics/share/moveit_kinematics/config/panda-kdl-test.yaml
[62.904s] -- Up-to-date: /home/gustav/P5-Kuka-Dual-Arm/install/moveit_kinematics/share/moveit_kinematics/launch
[62.904s] -- Installing: /home/gustav/P5-Kuka-Dual-Arm/install/moveit_kinematics/share/moveit_kinematics/launch/fanuc-kdl-singular.test.py
[62.904s] -- Installing: /home/gustav/P5-Kuka-Dual-Arm/install/moveit_kinematics/share/moveit_kinematics/launch/fanuc-lma-singular.test.py
[62.904s] -- Installing: /home/gustav/P5-Kuka-Dual-Arm/install/moveit_kinematics/share/moveit_kinematics/launch/fanuc-kdl.test.py
[62.905s] -- Installing: /home/gustav/P5-Kuka-Dual-Arm/install/moveit_kinematics/share/moveit_kinematics/launch/panda-lma.test.py
[62.905s] -- Installing: /home/gustav/P5-Kuka-Dual-Arm/install/moveit_kinematics/share/moveit_kinematics/launch/fanuc-lma.test.py
[62.905s] -- Installing: /home/gustav/P5-Kuka-Dual-Arm/install/moveit_kinematics/share/moveit_kinematics/launch/panda-lma-singular.test.py
[62.905s] -- Installing: /home/gustav/P5-Kuka-Dual-Arm/install/moveit_kinematics/share/moveit_kinematics/launch/panda-kdl.test.py
[62.905s] -- Installing: /home/gustav/P5-Kuka-Dual-Arm/install/moveit_kinematics/share/moveit_kinematics/launch/panda-kdl-singular.test.py
[62.906s] -- Installing: /home/gustav/P5-Kuka-Dual-Arm/install/moveit_kinematics/lib/moveit_kinematics/benchmark_ik
[62.906s] -- Set runtime path of "/home/gustav/P5-Kuka-Dual-Arm/install/moveit_kinematics/lib/moveit_kinematics/benchmark_ik" to ""
[62.906s] -- Installing: /home/gustav/P5-Kuka-Dual-Arm/install/moveit_kinematics/lib/moveit_kinematics/test_kinematics_plugin
[62.907s] -- Set runtime path of "/home/gustav/P5-Kuka-Dual-Arm/install/moveit_kinematics/lib/moveit_kinematics/test_kinematics_plugin" to ""
[62.908s] -- Installing: /home/gustav/P5-Kuka-Dual-Arm/install/moveit_kinematics/lib/libmoveit_cached_ik_kinematics_base.so.2.5.5
[62.908s] -- Set runtime path of "/home/gustav/P5-Kuka-Dual-Arm/install/moveit_kinematics/lib/libmoveit_cached_ik_kinematics_base.so.2.5.5" to ""
[62.908s] -- Installing: /home/gustav/P5-Kuka-Dual-Arm/install/moveit_kinematics/lib/libmoveit_cached_ik_kinematics_base.so
[62.908s] -- Installing: /home/gustav/P5-Kuka-Dual-Arm/install/moveit_kinematics/lib/libmoveit_cached_ik_kinematics_plugin.so.2.5.5
[62.909s] -- Set runtime path of "/home/gustav/P5-Kuka-Dual-Arm/install/moveit_kinematics/lib/libmoveit_cached_ik_kinematics_plugin.so.2.5.5" to ""
[62.909s] -- Installing: /home/gustav/P5-Kuka-Dual-Arm/install/moveit_kinematics/lib/libmoveit_cached_ik_kinematics_plugin.so
[62.909s] -- Installing: /home/gustav/P5-Kuka-Dual-Arm/install/moveit_kinematics/lib/libmoveit_kdl_kinematics_plugin.so
[62.909s] -- Set runtime path of "/home/gustav/P5-Kuka-Dual-Arm/install/moveit_kinematics/lib/libmoveit_kdl_kinematics_plugin.so" to ""
[62.909s] -- Installing: /home/gustav/P5-Kuka-Dual-Arm/install/moveit_kinematics/lib/libmoveit_lma_kinematics_plugin.so.2.5.5
[62.910s] -- Set runtime path of "/home/gustav/P5-Kuka-Dual-Arm/install/moveit_kinematics/lib/libmoveit_lma_kinematics_plugin.so.2.5.5" to ""
[62.910s] -- Installing: /home/gustav/P5-Kuka-Dual-Arm/install/moveit_kinematics/lib/libmoveit_lma_kinematics_plugin.so
[62.910s] -- Installing: /home/gustav/P5-Kuka-Dual-Arm/install/moveit_kinematics/lib/libmoveit_srv_kinematics_plugin.so.2.5.5
[62.911s] -- Set runtime path of "/home/gustav/P5-Kuka-Dual-Arm/install/moveit_kinematics/lib/libmoveit_srv_kinematics_plugin.so.2.5.5" to ""
[62.911s] -- Installing: /home/gustav/P5-Kuka-Dual-Arm/install/moveit_kinematics/lib/libmoveit_srv_kinematics_plugin.so
[62.911s] -- Installing: /home/gustav/P5-Kuka-Dual-Arm/install/moveit_kinematics/share/moveit_kinematics/environment/library_path.sh
[62.911s] -- Installing: /home/gustav/P5-Kuka-Dual-Arm/install/moveit_kinematics/share/moveit_kinematics/environment/library_path.dsv
[62.911s] -- Installing: /home/gustav/P5-Kuka-Dual-Arm/install/moveit_kinematics/share/ament_index/resource_index/package_run_dependencies/moveit_kinematics
[62.912s] -- Installing: /home/gustav/P5-Kuka-Dual-Arm/install/moveit_kinematics/share/ament_index/resource_index/parent_prefix_path/moveit_kinematics
[62.912s] -- Installing: /home/gustav/P5-Kuka-Dual-Arm/install/moveit_kinematics/share/moveit_kinematics/environment/ament_prefix_path.sh
[62.912s] -- Installing: /home/gustav/P5-Kuka-Dual-Arm/install/moveit_kinematics/share/moveit_kinematics/environment/ament_prefix_path.dsv
[62.912s] -- Installing: /home/gustav/P5-Kuka-Dual-Arm/install/moveit_kinematics/share/moveit_kinematics/environment/path.sh
[62.913s] -- Installing: /home/gustav/P5-Kuka-Dual-Arm/install/moveit_kinematics/share/moveit_kinematics/environment/path.dsv
[62.913s] -- Installing: /home/gustav/P5-Kuka-Dual-Arm/install/moveit_kinematics/share/moveit_kinematics/local_setup.bash
[62.913s] -- Installing: /home/gustav/P5-Kuka-Dual-Arm/install/moveit_kinematics/share/moveit_kinematics/local_setup.sh
[62.913s] -- Installing: /home/gustav/P5-Kuka-Dual-Arm/install/moveit_kinematics/share/moveit_kinematics/local_setup.zsh
[62.914s] -- Installing: /home/gustav/P5-Kuka-Dual-Arm/install/moveit_kinematics/share/moveit_kinematics/local_setup.dsv
[62.914s] -- Installing: /home/gustav/P5-Kuka-Dual-Arm/install/moveit_kinematics/share/moveit_kinematics/package.dsv
[62.914s] -- Installing: /home/gustav/P5-Kuka-Dual-Arm/install/moveit_kinematics/share/ament_index/resource_index/packages/moveit_kinematics
[62.914s] -- Installing: /home/gustav/P5-Kuka-Dual-Arm/install/moveit_kinematics/share/ament_index/resource_index/moveit_core__pluginlib__plugin/moveit_kinematics
[62.915s] -- Installing: /home/gustav/P5-Kuka-Dual-Arm/install/moveit_kinematics/share/moveit_kinematics/cmake/export_moveit_kinematicsExport.cmake
[62.915s] -- Installing: /home/gustav/P5-Kuka-Dual-Arm/install/moveit_kinematics/share/moveit_kinematics/cmake/export_moveit_kinematicsExport-release.cmake
[62.915s] -- Installing: /home/gustav/P5-Kuka-Dual-Arm/install/moveit_kinematics/share/moveit_kinematics/cmake/ConfigExtras.cmake
[62.916s] -- Installing: /home/gustav/P5-Kuka-Dual-Arm/install/moveit_kinematics/share/moveit_kinematics/cmake/ament_cmake_export_targets-extras.cmake
[62.916s] -- Installing: /home/gustav/P5-Kuka-Dual-Arm/install/moveit_kinematics/share/moveit_kinematics/cmake/ament_cmake_export_dependencies-extras.cmake
[62.916s] -- Installing: /home/gustav/P5-Kuka-Dual-Arm/install/moveit_kinematics/share/moveit_kinematics/cmake/moveit_kinematicsConfig.cmake
[62.916s] -- Installing: /home/gustav/P5-Kuka-Dual-Arm/install/moveit_kinematics/share/moveit_kinematics/cmake/moveit_kinematicsConfig-version.cmake
[62.917s] -- Installing: /home/gustav/P5-Kuka-Dual-Arm/install/moveit_kinematics/share/moveit_kinematics/package.xml
[62.919s] Invoked command in '/home/gustav/P5-Kuka-Dual-Arm/build/moveit_kinematics' returned '0': AMENT_PREFIX_PATH=/home/gustav/P5-Kuka-Dual-Arm/install/moveit_ros_planning:/home/gustav/P5-Kuka-Dual-Arm/install/moveit_ros_occupancy_map_monitor:/home/gustav/P5-Kuka-Dual-Arm/install/moveit_core:/home/gustav/P5-Kuka-Dual-Arm/install/moveit_resources_panda_moveit_config:/home/gustav/P5-Kuka-Dual-Arm/install/moveit_resources_fanuc_moveit_config:/home/gustav/P5-Kuka-Dual-Arm/install/generate_parameter_library:/home/gustav/P5-Kuka-Dual-Arm/install/parameter_traits:/home/gustav/P5-Kuka-Dual-Arm/install/moveit_resources_pr2_description:/home/gustav/P5-Kuka-Dual-Arm/install/moveit_resources_panda_description:/home/gustav/P5-Kuka-Dual-Arm/install/moveit_resources_fanuc_description:/home/gustav/P5-Kuka-Dual-Arm/install/moveit_msgs:/home/gustav/P5-Kuka-Dual-Arm/install/moveit_configs_utils:/home/gustav/P5-Kuka-Dual-Arm/install/moveit_common:/home/gustav/P5-Kuka-Dual-Arm/install/generate_parameter_library_py:${AMENT_PREFIX_PATH} CMAKE_PREFIX_PATH=/home/gustav/P5-Kuka-Dual-Arm/install/moveit_ros_planning:/home/gustav/P5-Kuka-Dual-Arm/install/moveit_ros_occupancy_map_monitor:/home/gustav/P5-Kuka-Dual-Arm/install/moveit_core:/home/gustav/P5-Kuka-Dual-Arm/install/moveit_resources_panda_moveit_config:/home/gustav/P5-Kuka-Dual-Arm/install/moveit_resources_fanuc_moveit_config:/home/gustav/P5-Kuka-Dual-Arm/install/generate_parameter_library:/home/gustav/P5-Kuka-Dual-Arm/install/parameter_traits:/home/gustav/P5-Kuka-Dual-Arm/install/moveit_resources_pr2_description:/home/gustav/P5-Kuka-Dual-Arm/install/moveit_resources_panda_description:/home/gustav/P5-Kuka-Dual-Arm/install/moveit_resources_fanuc_description:/home/gustav/P5-Kuka-Dual-Arm/install/moveit_msgs:/home/gustav/P5-Kuka-Dual-Arm/install/moveit_common:/opt/ros/humble LD_LIBRARY_PATH=/home/gustav/P5-Kuka-Dual-Arm/install/moveit_ros_planning/lib:/home/gustav/P5-Kuka-Dual-Arm/install/moveit_ros_occupancy_map_monitor/lib:/home/gustav/P5-Kuka-Dual-Arm/install/moveit_core/lib:/home/gustav/P5-Kuka-Dual-Arm/install/parameter_traits/lib:/home/gustav/P5-Kuka-Dual-Arm/install/moveit_msgs/lib:${LD_LIBRARY_PATH} PATH=/home/gustav/P5-Kuka-Dual-Arm/install/moveit_core/bin:/home/gustav/P5-Kuka-Dual-Arm/install/generate_parameter_library_py/bin:${PATH} PYTHONPATH=/home/gustav/P5-Kuka-Dual-Arm/install/moveit_msgs/local/lib/python3.10/dist-packages:/home/gustav/P5-Kuka-Dual-Arm/install/moveit_configs_utils/lib/python3.10/site-packages:/home/gustav/P5-Kuka-Dual-Arm/install/generate_parameter_library_py/lib/python3.10/site-packages:${PYTHONPATH} /usr/bin/cmake --install /home/gustav/P5-Kuka-Dual-Arm/build/moveit_kinematics
