[0.017s] Invoking command in '/home/gustav/P5-Kuka-Dual-Arm/build/lbr_fri_ros2': AMENT_PREFIX_PATH=/home/gustav/P5-Kuka-Dual-Arm/install/lbr_fri_idl:/home/gustav/P5-Kuka-Dual-Arm/install/lbr_description:${AMENT_PREFIX_PATH} CMAKE_PREFIX_PATH=/home/gustav/P5-Kuka-Dual-Arm/install/lbr_fri_idl:/home/gustav/P5-Kuka-Dual-Arm/install/lbr_description:/home/gustav/P5-Kuka-Dual-Arm/install/fri_client_sdk:/opt/ros/humble LD_LIBRARY_PATH=/home/gustav/P5-Kuka-Dual-Arm/install/lbr_fri_idl/lib:/home/gustav/P5-Kuka-Dual-Arm/install/fri_client_sdk/lib:${LD_LIBRARY_PATH} PKG_CONFIG_PATH=/home/gustav/P5-Kuka-Dual-Arm/install/fri_client_sdk/lib/x86_64-linux-gnu/pkgconfig:/home/gustav/P5-Kuka-Dual-Arm/install/fri_client_sdk/lib/pkgconfig PYTHONPATH=/home/gustav/P5-Kuka-Dual-Arm/install/lbr_fri_idl/local/lib/python3.10/dist-packages:${PYTHONPATH} /usr/bin/cmake /home/gustav/P5-Kuka-Dual-Arm/p5_ws/src/lbr_fri_ros2_stack/lbr_fri_ros2 -DCMAKE_INSTALL_PREFIX=/home/gustav/P5-Kuka-Dual-Arm/install/lbr_fri_ros2
[0.042s] -- Found ament_cmake: 1.3.10 (/opt/ros/humble/share/ament_cmake/cmake)
[0.280s] -- Found control_toolbox: 3.2.0 (/opt/ros/humble/share/control_toolbox/cmake)
[0.322s] -- Found rosidl_generator_c: 3.1.5 (/opt/ros/humble/share/rosidl_generator_c/cmake)
[0.326s] -- Found rosidl_adapter: 3.1.5 (/opt/ros/humble/share/rosidl_adapter/cmake)
[0.337s] -- Found rosidl_generator_cpp: 3.1.5 (/opt/ros/humble/share/rosidl_generator_cpp/cmake)
[0.355s] -- Using all available rosidl_typesupport_c: rosidl_typesupport_fastrtps_c;rosidl_typesupport_introspection_c
[0.377s] -- Using all available rosidl_typesupport_cpp: rosidl_typesupport_fastrtps_cpp;rosidl_typesupport_introspection_cpp
[0.627s] -- Found rmw_implementation_cmake: 6.1.2 (/opt/ros/humble/share/rmw_implementation_cmake/cmake)
[0.629s] -- Found rmw_fastrtps_cpp: 6.2.7 (/opt/ros/humble/share/rmw_fastrtps_cpp/cmake)
[0.775s] -- Using RMW implementation 'rmw_fastrtps_cpp' as default
[0.844s] -- Found parameter_traits: 0.3.8 (/opt/ros/humble/share/parameter_traits/cmake)
[0.853s] -- Found rclcpp_lifecycle: 16.0.10 (/opt/ros/humble/share/rclcpp_lifecycle/cmake)
[0.889s] -- Found eigen3_cmake_module: 0.1.1 (/opt/ros/humble/share/eigen3_cmake_module/cmake)
[0.891s] -- Found kdl_parser: 2.6.4 (/opt/ros/humble/share/kdl_parser/cmake)
[0.895s] -- Ensuring Eigen3 include directory is part of orocos-kdl CMake target
[0.897s] -- Found lbr_fri_idl: 1.5.0 (/home/gustav/P5-Kuka-Dual-Arm/install/lbr_fri_idl/share/lbr_fri_idl/cmake)
[0.912s] -- Found urdf: 2.6.1 (/opt/ros/humble/share/urdf/cmake)
[0.920s] -- Found ament_cmake_gtest: 1.3.10 (/opt/ros/humble/share/ament_cmake_gtest/cmake)
[0.921s] -- Found gtest sources under '/opt/ros/humble/src/gtest_vendor': C++ tests using 'Google Test' will be built
[1.030s] -- Configuring done
[1.078s] -- Generating done
[1.081s] -- Build files have been written to: /home/gustav/P5-Kuka-Dual-Arm/build/lbr_fri_ros2
[1.096s] Invoked command in '/home/gustav/P5-Kuka-Dual-Arm/build/lbr_fri_ros2' returned '0': AMENT_PREFIX_PATH=/home/gustav/P5-Kuka-Dual-Arm/install/lbr_fri_idl:/home/gustav/P5-Kuka-Dual-Arm/install/lbr_description:${AMENT_PREFIX_PATH} CMAKE_PREFIX_PATH=/home/gustav/P5-Kuka-Dual-Arm/install/lbr_fri_idl:/home/gustav/P5-Kuka-Dual-Arm/install/lbr_description:/home/gustav/P5-Kuka-Dual-Arm/install/fri_client_sdk:/opt/ros/humble LD_LIBRARY_PATH=/home/gustav/P5-Kuka-Dual-Arm/install/lbr_fri_idl/lib:/home/gustav/P5-Kuka-Dual-Arm/install/fri_client_sdk/lib:${LD_LIBRARY_PATH} PKG_CONFIG_PATH=/home/gustav/P5-Kuka-Dual-Arm/install/fri_client_sdk/lib/x86_64-linux-gnu/pkgconfig:/home/gustav/P5-Kuka-Dual-Arm/install/fri_client_sdk/lib/pkgconfig PYTHONPATH=/home/gustav/P5-Kuka-Dual-Arm/install/lbr_fri_idl/local/lib/python3.10/dist-packages:${PYTHONPATH} /usr/bin/cmake /home/gustav/P5-Kuka-Dual-Arm/p5_ws/src/lbr_fri_ros2_stack/lbr_fri_ros2 -DCMAKE_INSTALL_PREFIX=/home/gustav/P5-Kuka-Dual-Arm/install/lbr_fri_ros2
[1.098s] Invoking command in '/home/gustav/P5-Kuka-Dual-Arm/build/lbr_fri_ros2': AMENT_PREFIX_PATH=/home/gustav/P5-Kuka-Dual-Arm/install/lbr_fri_idl:/home/gustav/P5-Kuka-Dual-Arm/install/lbr_description:${AMENT_PREFIX_PATH} CMAKE_PREFIX_PATH=/home/gustav/P5-Kuka-Dual-Arm/install/lbr_fri_idl:/home/gustav/P5-Kuka-Dual-Arm/install/lbr_description:/home/gustav/P5-Kuka-Dual-Arm/install/fri_client_sdk:/opt/ros/humble LD_LIBRARY_PATH=/home/gustav/P5-Kuka-Dual-Arm/install/lbr_fri_idl/lib:/home/gustav/P5-Kuka-Dual-Arm/install/fri_client_sdk/lib:${LD_LIBRARY_PATH} PKG_CONFIG_PATH=/home/gustav/P5-Kuka-Dual-Arm/install/fri_client_sdk/lib/x86_64-linux-gnu/pkgconfig:/home/gustav/P5-Kuka-Dual-Arm/install/fri_client_sdk/lib/pkgconfig PYTHONPATH=/home/gustav/P5-Kuka-Dual-Arm/install/lbr_fri_idl/local/lib/python3.10/dist-packages:${PYTHONPATH} /usr/bin/cmake --build /home/gustav/P5-Kuka-Dual-Arm/build/lbr_fri_ros2 -- -j8 -l8
[1.145s] [35m[1mConsolidate compiler generated dependencies of target gtest_main[0m
[1.145s] [35m[1mConsolidate compiler generated dependencies of target gtest[0m
[1.155s] [35m[1mConsolidate compiler generated dependencies of target lbr_fri_ros2[0m
[1.161s] [ 11%] Built target gtest
[1.161s] [ 23%] Built target gtest_main
[1.195s] [ 88%] Built target lbr_fri_ros2
[1.206s] [35m[1mConsolidate compiler generated dependencies of target test_command_interfaces[0m
[1.221s] [100%] Built target test_command_interfaces
[1.234s] Invoked command in '/home/gustav/P5-Kuka-Dual-Arm/build/lbr_fri_ros2' returned '0': AMENT_PREFIX_PATH=/home/gustav/P5-Kuka-Dual-Arm/install/lbr_fri_idl:/home/gustav/P5-Kuka-Dual-Arm/install/lbr_description:${AMENT_PREFIX_PATH} CMAKE_PREFIX_PATH=/home/gustav/P5-Kuka-Dual-Arm/install/lbr_fri_idl:/home/gustav/P5-Kuka-Dual-Arm/install/lbr_description:/home/gustav/P5-Kuka-Dual-Arm/install/fri_client_sdk:/opt/ros/humble LD_LIBRARY_PATH=/home/gustav/P5-Kuka-Dual-Arm/install/lbr_fri_idl/lib:/home/gustav/P5-Kuka-Dual-Arm/install/fri_client_sdk/lib:${LD_LIBRARY_PATH} PKG_CONFIG_PATH=/home/gustav/P5-Kuka-Dual-Arm/install/fri_client_sdk/lib/x86_64-linux-gnu/pkgconfig:/home/gustav/P5-Kuka-Dual-Arm/install/fri_client_sdk/lib/pkgconfig PYTHONPATH=/home/gustav/P5-Kuka-Dual-Arm/install/lbr_fri_idl/local/lib/python3.10/dist-packages:${PYTHONPATH} /usr/bin/cmake --build /home/gustav/P5-Kuka-Dual-Arm/build/lbr_fri_ros2 -- -j8 -l8
[1.278s] Invoking command in '/home/gustav/P5-Kuka-Dual-Arm/build/lbr_fri_ros2': AMENT_PREFIX_PATH=/home/gustav/P5-Kuka-Dual-Arm/install/lbr_fri_idl:/home/gustav/P5-Kuka-Dual-Arm/install/lbr_description:${AMENT_PREFIX_PATH} CMAKE_PREFIX_PATH=/home/gustav/P5-Kuka-Dual-Arm/install/lbr_fri_idl:/home/gustav/P5-Kuka-Dual-Arm/install/lbr_description:/home/gustav/P5-Kuka-Dual-Arm/install/fri_client_sdk:/opt/ros/humble LD_LIBRARY_PATH=/home/gustav/P5-Kuka-Dual-Arm/install/lbr_fri_idl/lib:/home/gustav/P5-Kuka-Dual-Arm/install/fri_client_sdk/lib:${LD_LIBRARY_PATH} PKG_CONFIG_PATH=/home/gustav/P5-Kuka-Dual-Arm/install/fri_client_sdk/lib/x86_64-linux-gnu/pkgconfig:/home/gustav/P5-Kuka-Dual-Arm/install/fri_client_sdk/lib/pkgconfig PYTHONPATH=/home/gustav/P5-Kuka-Dual-Arm/install/lbr_fri_idl/local/lib/python3.10/dist-packages:${PYTHONPATH} /usr/bin/cmake --install /home/gustav/P5-Kuka-Dual-Arm/build/lbr_fri_ros2
[1.285s] -- Install configuration: "Release"
[1.285s] -- Up-to-date: /home/gustav/P5-Kuka-Dual-Arm/install/lbr_fri_ros2/share/lbr_fri_ros2/environment/library_path.sh
[1.286s] -- Installing: /home/gustav/P5-Kuka-Dual-Arm/install/lbr_fri_ros2/share/lbr_fri_ros2/environment/library_path.dsv
[1.286s] -- Up-to-date: /home/gustav/P5-Kuka-Dual-Arm/install/lbr_fri_ros2/include
[1.286s] -- Up-to-date: /home/gustav/P5-Kuka-Dual-Arm/install/lbr_fri_ros2/include/lbr_fri_ros2
[1.286s] -- Up-to-date: /home/gustav/P5-Kuka-Dual-Arm/install/lbr_fri_ros2/include/lbr_fri_ros2/command_guard.hpp
[1.286s] -- Up-to-date: /home/gustav/P5-Kuka-Dual-Arm/install/lbr_fri_ros2/include/lbr_fri_ros2/async_client.hpp
[1.286s] -- Up-to-date: /home/gustav/P5-Kuka-Dual-Arm/install/lbr_fri_ros2/include/lbr_fri_ros2/pinv.hpp
[1.287s] -- Up-to-date: /home/gustav/P5-Kuka-Dual-Arm/install/lbr_fri_ros2/include/lbr_fri_ros2/app.hpp
[1.287s] -- Up-to-date: /home/gustav/P5-Kuka-Dual-Arm/install/lbr_fri_ros2/include/lbr_fri_ros2/formatting.hpp
[1.287s] -- Up-to-date: /home/gustav/P5-Kuka-Dual-Arm/install/lbr_fri_ros2/include/lbr_fri_ros2/utils.hpp
[1.287s] -- Up-to-date: /home/gustav/P5-Kuka-Dual-Arm/install/lbr_fri_ros2/include/lbr_fri_ros2/filters.hpp
[1.287s] -- Up-to-date: /home/gustav/P5-Kuka-Dual-Arm/install/lbr_fri_ros2/include/lbr_fri_ros2/ft_estimator.hpp
[1.287s] -- Up-to-date: /home/gustav/P5-Kuka-Dual-Arm/install/lbr_fri_ros2/include/lbr_fri_ros2/interfaces
[1.287s] -- Up-to-date: /home/gustav/P5-Kuka-Dual-Arm/install/lbr_fri_ros2/include/lbr_fri_ros2/interfaces/base_command.hpp
[1.287s] -- Up-to-date: /home/gustav/P5-Kuka-Dual-Arm/install/lbr_fri_ros2/include/lbr_fri_ros2/interfaces/position_command.hpp
[1.288s] -- Up-to-date: /home/gustav/P5-Kuka-Dual-Arm/install/lbr_fri_ros2/include/lbr_fri_ros2/interfaces/torque_command.hpp
[1.288s] -- Up-to-date: /home/gustav/P5-Kuka-Dual-Arm/install/lbr_fri_ros2/include/lbr_fri_ros2/interfaces/state.hpp
[1.288s] -- Up-to-date: /home/gustav/P5-Kuka-Dual-Arm/install/lbr_fri_ros2/include/lbr_fri_ros2/interfaces/wrench_command.hpp
[1.288s] -- Up-to-date: /home/gustav/P5-Kuka-Dual-Arm/install/lbr_fri_ros2/lib/liblbr_fri_ros2.so
[1.288s] -- Up-to-date: /home/gustav/P5-Kuka-Dual-Arm/install/lbr_fri_ros2/share/ament_index/resource_index/package_run_dependencies/lbr_fri_ros2
[1.288s] -- Installing: /home/gustav/P5-Kuka-Dual-Arm/install/lbr_fri_ros2/share/ament_index/resource_index/parent_prefix_path/lbr_fri_ros2
[1.288s] -- Up-to-date: /home/gustav/P5-Kuka-Dual-Arm/install/lbr_fri_ros2/share/lbr_fri_ros2/environment/ament_prefix_path.sh
[1.289s] -- Installing: /home/gustav/P5-Kuka-Dual-Arm/install/lbr_fri_ros2/share/lbr_fri_ros2/environment/ament_prefix_path.dsv
[1.289s] -- Up-to-date: /home/gustav/P5-Kuka-Dual-Arm/install/lbr_fri_ros2/share/lbr_fri_ros2/environment/path.sh
[1.289s] -- Installing: /home/gustav/P5-Kuka-Dual-Arm/install/lbr_fri_ros2/share/lbr_fri_ros2/environment/path.dsv
[1.289s] -- Up-to-date: /home/gustav/P5-Kuka-Dual-Arm/install/lbr_fri_ros2/share/lbr_fri_ros2/local_setup.bash
[1.289s] -- Up-to-date: /home/gustav/P5-Kuka-Dual-Arm/install/lbr_fri_ros2/share/lbr_fri_ros2/local_setup.sh
[1.289s] -- Up-to-date: /home/gustav/P5-Kuka-Dual-Arm/install/lbr_fri_ros2/share/lbr_fri_ros2/local_setup.zsh
[1.289s] -- Installing: /home/gustav/P5-Kuka-Dual-Arm/install/lbr_fri_ros2/share/lbr_fri_ros2/local_setup.dsv
[1.289s] -- Installing: /home/gustav/P5-Kuka-Dual-Arm/install/lbr_fri_ros2/share/lbr_fri_ros2/package.dsv
[1.290s] -- Up-to-date: /home/gustav/P5-Kuka-Dual-Arm/install/lbr_fri_ros2/share/ament_index/resource_index/packages/lbr_fri_ros2
[1.290s] -- Up-to-date: /home/gustav/P5-Kuka-Dual-Arm/install/lbr_fri_ros2/share/lbr_fri_ros2/cmake/lbr_fri_ros2_exportExport.cmake
[1.290s] -- Up-to-date: /home/gustav/P5-Kuka-Dual-Arm/install/lbr_fri_ros2/share/lbr_fri_ros2/cmake/lbr_fri_ros2_exportExport-release.cmake
[1.290s] -- Up-to-date: /home/gustav/P5-Kuka-Dual-Arm/install/lbr_fri_ros2/share/lbr_fri_ros2/cmake/ament_cmake_export_targets-extras.cmake
[1.290s] -- Up-to-date: /home/gustav/P5-Kuka-Dual-Arm/install/lbr_fri_ros2/share/lbr_fri_ros2/cmake/ament_cmake_export_dependencies-extras.cmake
[1.290s] -- Up-to-date: /home/gustav/P5-Kuka-Dual-Arm/install/lbr_fri_ros2/share/lbr_fri_ros2/cmake/lbr_fri_ros2Config.cmake
[1.290s] -- Up-to-date: /home/gustav/P5-Kuka-Dual-Arm/install/lbr_fri_ros2/share/lbr_fri_ros2/cmake/lbr_fri_ros2Config-version.cmake
[1.290s] -- Up-to-date: /home/gustav/P5-Kuka-Dual-Arm/install/lbr_fri_ros2/share/lbr_fri_ros2/package.xml
[1.293s] Invoked command in '/home/gustav/P5-Kuka-Dual-Arm/build/lbr_fri_ros2' returned '0': AMENT_PREFIX_PATH=/home/gustav/P5-Kuka-Dual-Arm/install/lbr_fri_idl:/home/gustav/P5-Kuka-Dual-Arm/install/lbr_description:${AMENT_PREFIX_PATH} CMAKE_PREFIX_PATH=/home/gustav/P5-Kuka-Dual-Arm/install/lbr_fri_idl:/home/gustav/P5-Kuka-Dual-Arm/install/lbr_description:/home/gustav/P5-Kuka-Dual-Arm/install/fri_client_sdk:/opt/ros/humble LD_LIBRARY_PATH=/home/gustav/P5-Kuka-Dual-Arm/install/lbr_fri_idl/lib:/home/gustav/P5-Kuka-Dual-Arm/install/fri_client_sdk/lib:${LD_LIBRARY_PATH} PKG_CONFIG_PATH=/home/gustav/P5-Kuka-Dual-Arm/install/fri_client_sdk/lib/x86_64-linux-gnu/pkgconfig:/home/gustav/P5-Kuka-Dual-Arm/install/fri_client_sdk/lib/pkgconfig PYTHONPATH=/home/gustav/P5-Kuka-Dual-Arm/install/lbr_fri_idl/local/lib/python3.10/dist-packages:${PYTHONPATH} /usr/bin/cmake --install /home/gustav/P5-Kuka-Dual-Arm/build/lbr_fri_ros2
