[1.264s] Invoking command in '/home/gustav/P5-Kuka-Dual-Arm/p5_ws/src/generate_parameter_library/example_python': AMENT_PREFIX_PATH=/home/gustav/P5-Kuka-Dual-Arm/install/generate_parameter_library:/home/gustav/P5-Kuka-Dual-Arm/install/parameter_traits:/home/gustav/P5-Kuka-Dual-Arm/install/generate_parameter_library_py:${AMENT_PREFIX_PATH} CMAKE_PREFIX_PATH=/home/gustav/P5-Kuka-Dual-Arm/install/generate_parameter_library:/home/gustav/P5-Kuka-Dual-Arm/install/parameter_traits:${CMAKE_PREFIX_PATH} LD_LIBRARY_PATH=/home/gustav/P5-Kuka-Dual-Arm/install/parameter_traits/lib:${LD_LIBRARY_PATH} PATH=/home/gustav/P5-Kuka-Dual-Arm/install/generate_parameter_library_py/bin:${PATH} PYTHONPATH=/home/gustav/P5-Kuka-Dual-Arm/build/generate_parameter_module_example/prefix_override:/usr/lib/python3/dist-packages/colcon_core/task/python/colcon_distutils_commands:/home/gustav/P5-Kuka-Dual-Arm/install/generate_parameter_module_example/lib/python3.10/site-packages:/home/gustav/P5-Kuka-Dual-Arm/install/generate_parameter_library_py/lib/python3.10/site-packages:${PYTHONPATH} /usr/bin/python3 -W ignore:setup.py install is deprecated setup.py egg_info --egg-base ../../../../build/generate_parameter_module_example build --build-base /home/gustav/P5-Kuka-Dual-Arm/build/generate_parameter_module_example/build install --record /home/gustav/P5-Kuka-Dual-Arm/build/generate_parameter_module_example/install.log --single-version-externally-managed install_data
[11.242s] running egg_info
[11.248s] creating ../../../../build/generate_parameter_module_example/generate_parameter_module_example.egg-info
[11.248s] writing ../../../../build/generate_parameter_module_example/generate_parameter_module_example.egg-info/PKG-INFO
[11.250s] writing dependency_links to ../../../../build/generate_parameter_module_example/generate_parameter_module_example.egg-info/dependency_links.txt
[11.252s] writing entry points to ../../../../build/generate_parameter_module_example/generate_parameter_module_example.egg-info/entry_points.txt
[11.253s] writing requirements to ../../../../build/generate_parameter_module_example/generate_parameter_module_example.egg-info/requires.txt
[11.255s] writing top-level names to ../../../../build/generate_parameter_module_example/generate_parameter_module_example.egg-info/top_level.txt
[11.257s] writing manifest file '../../../../build/generate_parameter_module_example/generate_parameter_module_example.egg-info/SOURCES.txt'
[11.268s] reading manifest file '../../../../build/generate_parameter_module_example/generate_parameter_module_example.egg-info/SOURCES.txt'
[11.277s] writing manifest file '../../../../build/generate_parameter_module_example/generate_parameter_module_example.egg-info/SOURCES.txt'
[11.277s] running build
[11.278s] running build_py
[11.282s] creating /home/gustav/P5-Kuka-Dual-Arm/build/generate_parameter_module_example/build
[11.282s] creating /home/gustav/P5-Kuka-Dual-Arm/build/generate_parameter_module_example/build/lib
[11.284s] creating /home/gustav/P5-Kuka-Dual-Arm/build/generate_parameter_module_example/build/lib/generate_parameter_module_example
[11.284s] copying generate_parameter_module_example/custom_validation.py -> /home/gustav/P5-Kuka-Dual-Arm/build/generate_parameter_module_example/build/lib/generate_parameter_module_example
[11.284s] copying generate_parameter_module_example/__init__.py -> /home/gustav/P5-Kuka-Dual-Arm/build/generate_parameter_module_example/build/lib/generate_parameter_module_example
[11.284s] copying generate_parameter_module_example/minimal_publisher.py -> /home/gustav/P5-Kuka-Dual-Arm/build/generate_parameter_module_example/build/lib/generate_parameter_module_example
[11.285s] running install
[11.285s] running install_lib
[11.295s] copying /home/gustav/P5-Kuka-Dual-Arm/build/generate_parameter_module_example/build/lib/generate_parameter_module_example/custom_validation.py -> /home/gustav/P5-Kuka-Dual-Arm/install/generate_parameter_module_example/lib/python3.10/site-packages/generate_parameter_module_example
[11.296s] copying /home/gustav/P5-Kuka-Dual-Arm/build/generate_parameter_module_example/build/lib/generate_parameter_module_example/__init__.py -> /home/gustav/P5-Kuka-Dual-Arm/install/generate_parameter_module_example/lib/python3.10/site-packages/generate_parameter_module_example
[11.297s] copying /home/gustav/P5-Kuka-Dual-Arm/build/generate_parameter_module_example/build/lib/generate_parameter_module_example/minimal_publisher.py -> /home/gustav/P5-Kuka-Dual-Arm/install/generate_parameter_module_example/lib/python3.10/site-packages/generate_parameter_module_example
[11.304s] byte-compiling /home/gustav/P5-Kuka-Dual-Arm/install/generate_parameter_module_example/lib/python3.10/site-packages/generate_parameter_module_example/custom_validation.py to custom_validation.cpython-310.pyc
[11.305s] byte-compiling /home/gustav/P5-Kuka-Dual-Arm/install/generate_parameter_module_example/lib/python3.10/site-packages/generate_parameter_module_example/__init__.py to __init__.cpython-310.pyc
[11.307s] byte-compiling /home/gustav/P5-Kuka-Dual-Arm/install/generate_parameter_module_example/lib/python3.10/site-packages/generate_parameter_module_example/minimal_publisher.py to minimal_publisher.cpython-310.pyc
[11.310s] running install_data
[11.314s] creating /home/gustav/P5-Kuka-Dual-Arm/install/generate_parameter_module_example/share/ament_index
[11.314s] creating /home/gustav/P5-Kuka-Dual-Arm/install/generate_parameter_module_example/share/ament_index/resource_index
[11.314s] creating /home/gustav/P5-Kuka-Dual-Arm/install/generate_parameter_module_example/share/ament_index/resource_index/packages
[11.315s] copying resource/generate_parameter_module_example -> /home/gustav/P5-Kuka-Dual-Arm/install/generate_parameter_module_example/share/ament_index/resource_index/packages
[11.316s] copying package.xml -> /home/gustav/P5-Kuka-Dual-Arm/install/generate_parameter_module_example/share/generate_parameter_module_example
[11.316s] running install_egg_info
[11.335s] Copying ../../../../build/generate_parameter_module_example/generate_parameter_module_example.egg-info to /home/gustav/P5-Kuka-Dual-Arm/install/generate_parameter_module_example/lib/python3.10/site-packages/generate_parameter_module_example-0.3.7-py3.10.egg-info
[11.342s] running install_scripts
[11.499s] Installing test_node script to /home/gustav/P5-Kuka-Dual-Arm/install/generate_parameter_module_example/lib/generate_parameter_module_example
[11.502s] writing list of installed files to '/home/gustav/P5-Kuka-Dual-Arm/build/generate_parameter_module_example/install.log'
[11.736s] Invoked command in '/home/gustav/P5-Kuka-Dual-Arm/p5_ws/src/generate_parameter_library/example_python' returned '0': AMENT_PREFIX_PATH=/home/gustav/P5-Kuka-Dual-Arm/install/generate_parameter_library:/home/gustav/P5-Kuka-Dual-Arm/install/parameter_traits:/home/gustav/P5-Kuka-Dual-Arm/install/generate_parameter_library_py:${AMENT_PREFIX_PATH} CMAKE_PREFIX_PATH=/home/gustav/P5-Kuka-Dual-Arm/install/generate_parameter_library:/home/gustav/P5-Kuka-Dual-Arm/install/parameter_traits:${CMAKE_PREFIX_PATH} LD_LIBRARY_PATH=/home/gustav/P5-Kuka-Dual-Arm/install/parameter_traits/lib:${LD_LIBRARY_PATH} PATH=/home/gustav/P5-Kuka-Dual-Arm/install/generate_parameter_library_py/bin:${PATH} PYTHONPATH=/home/gustav/P5-Kuka-Dual-Arm/build/generate_parameter_module_example/prefix_override:/usr/lib/python3/dist-packages/colcon_core/task/python/colcon_distutils_commands:/home/gustav/P5-Kuka-Dual-Arm/install/generate_parameter_module_example/lib/python3.10/site-packages:/home/gustav/P5-Kuka-Dual-Arm/install/generate_parameter_library_py/lib/python3.10/site-packages:${PYTHONPATH} /usr/bin/python3 -W ignore:setup.py install is deprecated setup.py egg_info --egg-base ../../../../build/generate_parameter_module_example build --build-base /home/gustav/P5-Kuka-Dual-Arm/build/generate_parameter_module_example/build install --record /home/gustav/P5-Kuka-Dual-Arm/build/generate_parameter_module_example/install.log --single-version-externally-managed install_data
