[0.049s] Invoking command in '/home/gustav/P5-Kuka-Dual-Arm/build/moveit_hybrid_planning': AMENT_PREFIX_PATH=/home/gustav/P5-Kuka-Dual-Arm/install/moveit_ros_planning_interface:/home/gustav/P5-Kuka-Dual-Arm/install/moveit_ros_move_group:/home/gustav/P5-Kuka-Dual-Arm/install/moveit_ros_warehouse:/home/gustav/P5-Kuka-Dual-Arm/install/moveit_planners_ompl:/home/gustav/P5-Kuka-Dual-Arm/install/moveit_kinematics:/home/gustav/P5-Kuka-Dual-Arm/install/moveit_ros_planning:/home/gustav/P5-Kuka-Dual-Arm/install/moveit_simple_controller_manager:/home/gustav/P5-Kuka-Dual-Arm/install/moveit_ros_occupancy_map_monitor:/home/gustav/P5-Kuka-Dual-Arm/install/moveit_core:/home/gustav/P5-Kuka-Dual-Arm/install/moveit_resources_panda_moveit_config:/home/gustav/P5-Kuka-Dual-Arm/install/moveit_resources_fanuc_moveit_config:/home/gustav/P5-Kuka-Dual-Arm/install/generate_parameter_library:/home/gustav/P5-Kuka-Dual-Arm/install/parameter_traits:/home/gustav/P5-Kuka-Dual-Arm/install/moveit_resources_pr2_description:/home/gustav/P5-Kuka-Dual-Arm/install/moveit_resources_panda_description:/home/gustav/P5-Kuka-Dual-Arm/install/moveit_resources_fanuc_description:/home/gustav/P5-Kuka-Dual-Arm/install/moveit_msgs:/home/gustav/P5-Kuka-Dual-Arm/install/moveit_configs_utils:/home/gustav/P5-Kuka-Dual-Arm/install/moveit_common:/home/gustav/P5-Kuka-Dual-Arm/install/generate_parameter_library_py:${AMENT_PREFIX_PATH} CMAKE_PREFIX_PATH=/home/gustav/P5-Kuka-Dual-Arm/install/moveit_ros_planning_interface:/home/gustav/P5-Kuka-Dual-Arm/install/moveit_ros_move_group:/home/gustav/P5-Kuka-Dual-Arm/install/moveit_ros_warehouse:/home/gustav/P5-Kuka-Dual-Arm/install/moveit_planners_ompl:/home/gustav/P5-Kuka-Dual-Arm/install/moveit_kinematics:/home/gustav/P5-Kuka-Dual-Arm/install/moveit_ros_planning:/home/gustav/P5-Kuka-Dual-Arm/install/moveit_simple_controller_manager:/home/gustav/P5-Kuka-Dual-Arm/install/moveit_ros_occupancy_map_monitor:/home/gustav/P5-Kuka-Dual-Arm/install/moveit_core:/home/gustav/P5-Kuka-Dual-Arm/install/moveit_resources_panda_moveit_config:/home/gustav/P5-Kuka-Dual-Arm/install/moveit_resources_fanuc_moveit_config:/home/gustav/P5-Kuka-Dual-Arm/install/generate_parameter_library:/home/gustav/P5-Kuka-Dual-Arm/install/parameter_traits:/home/gustav/P5-Kuka-Dual-Arm/install/moveit_resources_pr2_description:/home/gustav/P5-Kuka-Dual-Arm/install/moveit_resources_panda_description:/home/gustav/P5-Kuka-Dual-Arm/install/moveit_resources_fanuc_description:/home/gustav/P5-Kuka-Dual-Arm/install/moveit_msgs:/home/gustav/P5-Kuka-Dual-Arm/install/moveit_common:/opt/ros/humble LD_LIBRARY_PATH=/home/gustav/P5-Kuka-Dual-Arm/install/moveit_ros_planning_interface/lib:/home/gustav/P5-Kuka-Dual-Arm/install/moveit_ros_move_group/lib:/home/gustav/P5-Kuka-Dual-Arm/install/moveit_ros_warehouse/lib:/home/gustav/P5-Kuka-Dual-Arm/install/moveit_planners_ompl/lib:/home/gustav/P5-Kuka-Dual-Arm/install/moveit_kinematics/lib:/home/gustav/P5-Kuka-Dual-Arm/install/moveit_ros_planning/lib:/home/gustav/P5-Kuka-Dual-Arm/install/moveit_simple_controller_manager/lib:/home/gustav/P5-Kuka-Dual-Arm/install/moveit_ros_occupancy_map_monitor/lib:/home/gustav/P5-Kuka-Dual-Arm/install/moveit_core/lib:/home/gustav/P5-Kuka-Dual-Arm/install/parameter_traits/lib:/home/gustav/P5-Kuka-Dual-Arm/install/moveit_msgs/lib:${LD_LIBRARY_PATH} PATH=/home/gustav/P5-Kuka-Dual-Arm/install/moveit_core/bin:/home/gustav/P5-Kuka-Dual-Arm/install/generate_parameter_library_py/bin:${PATH} PYTHONPATH=/home/gustav/P5-Kuka-Dual-Arm/install/moveit_msgs/local/lib/python3.10/dist-packages:/home/gustav/P5-Kuka-Dual-Arm/install/moveit_configs_utils/lib/python3.10/site-packages:/home/gustav/P5-Kuka-Dual-Arm/install/generate_parameter_library_py/lib/python3.10/site-packages:${PYTHONPATH} /usr/bin/cmake /home/gustav/P5-Kuka-Dual-Arm/p5_ws/src/moveit2/moveit_ros/hybrid_planning -DCMAKE_INSTALL_PREFIX=/home/gustav/P5-Kuka-Dual-Arm/install/moveit_hybrid_planning
[0.063s] -- Found moveit_common: 2.5.5 (/home/gustav/P5-Kuka-Dual-Arm/install/moveit_common/share/moveit_common/cmake)
[0.063s] -- Found ament_cmake: 1.3.10 (/opt/ros/humble/share/ament_cmake/cmake)
[0.346s] -- Found moveit_core: 2.5.5 (/home/gustav/P5-Kuka-Dual-Arm/install/moveit_core/share/moveit_core/cmake)
[0.361s] -- Found Boost: /usr/lib/x86_64-linux-gnu/cmake/Boost-1.74.0/BoostConfig.cmake (found version "1.74.0") found components: chrono date_time filesystem iostreams program_options regex serialization system thread 
[0.391s] -- Found parameter_traits: 0.3.7 (/home/gustav/P5-Kuka-Dual-Arm/install/parameter_traits/share/parameter_traits/cmake)
[0.418s] -- Found rosidl_generator_c: 3.1.5 (/opt/ros/humble/share/rosidl_generator_c/cmake)
[0.423s] -- Found rosidl_adapter: 3.1.5 (/opt/ros/humble/share/rosidl_adapter/cmake)
[0.427s] -- Found rosidl_generator_cpp: 3.1.5 (/opt/ros/humble/share/rosidl_generator_cpp/cmake)
[0.436s] -- Using all available rosidl_typesupport_c: rosidl_typesupport_fastrtps_c;rosidl_typesupport_introspection_c
[0.448s] -- Using all available rosidl_typesupport_cpp: rosidl_typesupport_fastrtps_cpp;rosidl_typesupport_introspection_cpp
[0.479s] -- Found rmw_implementation_cmake: 6.1.2 (/opt/ros/humble/share/rmw_implementation_cmake/cmake)
[0.481s] -- Found rmw_fastrtps_cpp: 6.2.7 (/opt/ros/humble/share/rmw_fastrtps_cpp/cmake)
[0.574s] -- Using RMW implementation 'rmw_fastrtps_cpp' as default
[0.634s] -- Found rclcpp_lifecycle: 16.0.10 (/opt/ros/humble/share/rclcpp_lifecycle/cmake)
[0.654s] -- Found Boost: /usr/lib/x86_64-linux-gnu/cmake/Boost-1.74.0/BoostConfig.cmake (found version "1.74.0") found components: filesystem 
[0.698s] -- library: /usr/lib/x86_64-linux-gnu/libcurl.so
[0.756s] -- Ensuring Eigen3 include directory is part of orocos-kdl CMake target
[0.962s] -- Found moveit_ros_planning: 2.5.5 (/home/gustav/P5-Kuka-Dual-Arm/install/moveit_ros_planning/share/moveit_ros_planning/cmake)
[0.967s] -- Found Boost: /usr/lib/x86_64-linux-gnu/cmake/Boost-1.74.0/BoostConfig.cmake (found version "1.74.0") found components: system filesystem date_time program_options thread chrono 
[0.991s] -- Found moveit_ros_planning_interface: 2.5.5 (/home/gustav/P5-Kuka-Dual-Arm/install/moveit_ros_planning_interface/share/moveit_ros_planning_interface/cmake)
[0.996s] -- Found Boost: /usr/lib/x86_64-linux-gnu/cmake/Boost-1.74.0/BoostConfig.cmake (found version "1.74.0") found components: date_time filesystem program_options system thread 
[1.010s] -- Found Boost: /usr/lib/x86_64-linux-gnu/cmake/Boost-1.74.0/BoostConfig.cmake (found version "1.74.0") found components: thread system filesystem regex date_time program_options 
[1.032s] -- Found Boost: /usr/lib/x86_64-linux-gnu/cmake/Boost-1.74.0/BoostConfig.cmake (found version "1.74.0") found components: system filesystem date_time program_options thread 
[1.189s] -- Found ament_lint_auto: 0.12.11 (/opt/ros/humble/share/ament_lint_auto/cmake)
[1.189s] -- Found ament_cmake_gtest: 1.3.10 (/opt/ros/humble/share/ament_cmake_gtest/cmake)
[1.190s] -- Found ros_testing: 0.4.0 (/opt/ros/humble/share/ros_testing/cmake)
[1.190s] -- Found launch_testing_ament_cmake: 1.0.6 (/opt/ros/humble/share/launch_testing_ament_cmake/cmake)
[1.190s] -- Found python_cmake_module: 0.10.0 (/opt/ros/humble/share/python_cmake_module/cmake)
[1.214s] -- Using PYTHON_EXECUTABLE: /usr/bin/python3
[1.214s] -- Using PYTHON_INCLUDE_DIRS: /usr/include/python3.10
[1.215s] -- Using PYTHON_LIBRARIES: /usr/lib/x86_64-linux-gnu/libpython3.10.so
[1.219s] -- Found Boost: /usr/lib/x86_64-linux-gnu/cmake/Boost-1.74.0/BoostConfig.cmake (found version "1.74.0") found components: filesystem 
[1.234s] -- Configuring done
[1.516s] -- Generating done
[1.523s] -- Build files have been written to: /home/gustav/P5-Kuka-Dual-Arm/build/moveit_hybrid_planning
[1.556s] Invoked command in '/home/gustav/P5-Kuka-Dual-Arm/build/moveit_hybrid_planning' returned '0': AMENT_PREFIX_PATH=/home/gustav/P5-Kuka-Dual-Arm/install/moveit_ros_planning_interface:/home/gustav/P5-Kuka-Dual-Arm/install/moveit_ros_move_group:/home/gustav/P5-Kuka-Dual-Arm/install/moveit_ros_warehouse:/home/gustav/P5-Kuka-Dual-Arm/install/moveit_planners_ompl:/home/gustav/P5-Kuka-Dual-Arm/install/moveit_kinematics:/home/gustav/P5-Kuka-Dual-Arm/install/moveit_ros_planning:/home/gustav/P5-Kuka-Dual-Arm/install/moveit_simple_controller_manager:/home/gustav/P5-Kuka-Dual-Arm/install/moveit_ros_occupancy_map_monitor:/home/gustav/P5-Kuka-Dual-Arm/install/moveit_core:/home/gustav/P5-Kuka-Dual-Arm/install/moveit_resources_panda_moveit_config:/home/gustav/P5-Kuka-Dual-Arm/install/moveit_resources_fanuc_moveit_config:/home/gustav/P5-Kuka-Dual-Arm/install/generate_parameter_library:/home/gustav/P5-Kuka-Dual-Arm/install/parameter_traits:/home/gustav/P5-Kuka-Dual-Arm/install/moveit_resources_pr2_description:/home/gustav/P5-Kuka-Dual-Arm/install/moveit_resources_panda_description:/home/gustav/P5-Kuka-Dual-Arm/install/moveit_resources_fanuc_description:/home/gustav/P5-Kuka-Dual-Arm/install/moveit_msgs:/home/gustav/P5-Kuka-Dual-Arm/install/moveit_configs_utils:/home/gustav/P5-Kuka-Dual-Arm/install/moveit_common:/home/gustav/P5-Kuka-Dual-Arm/install/generate_parameter_library_py:${AMENT_PREFIX_PATH} CMAKE_PREFIX_PATH=/home/gustav/P5-Kuka-Dual-Arm/install/moveit_ros_planning_interface:/home/gustav/P5-Kuka-Dual-Arm/install/moveit_ros_move_group:/home/gustav/P5-Kuka-Dual-Arm/install/moveit_ros_warehouse:/home/gustav/P5-Kuka-Dual-Arm/install/moveit_planners_ompl:/home/gustav/P5-Kuka-Dual-Arm/install/moveit_kinematics:/home/gustav/P5-Kuka-Dual-Arm/install/moveit_ros_planning:/home/gustav/P5-Kuka-Dual-Arm/install/moveit_simple_controller_manager:/home/gustav/P5-Kuka-Dual-Arm/install/moveit_ros_occupancy_map_monitor:/home/gustav/P5-Kuka-Dual-Arm/install/moveit_core:/home/gustav/P5-Kuka-Dual-Arm/install/moveit_resources_panda_moveit_config:/home/gustav/P5-Kuka-Dual-Arm/install/moveit_resources_fanuc_moveit_config:/home/gustav/P5-Kuka-Dual-Arm/install/generate_parameter_library:/home/gustav/P5-Kuka-Dual-Arm/install/parameter_traits:/home/gustav/P5-Kuka-Dual-Arm/install/moveit_resources_pr2_description:/home/gustav/P5-Kuka-Dual-Arm/install/moveit_resources_panda_description:/home/gustav/P5-Kuka-Dual-Arm/install/moveit_resources_fanuc_description:/home/gustav/P5-Kuka-Dual-Arm/install/moveit_msgs:/home/gustav/P5-Kuka-Dual-Arm/install/moveit_common:/opt/ros/humble LD_LIBRARY_PATH=/home/gustav/P5-Kuka-Dual-Arm/install/moveit_ros_planning_interface/lib:/home/gustav/P5-Kuka-Dual-Arm/install/moveit_ros_move_group/lib:/home/gustav/P5-Kuka-Dual-Arm/install/moveit_ros_warehouse/lib:/home/gustav/P5-Kuka-Dual-Arm/install/moveit_planners_ompl/lib:/home/gustav/P5-Kuka-Dual-Arm/install/moveit_kinematics/lib:/home/gustav/P5-Kuka-Dual-Arm/install/moveit_ros_planning/lib:/home/gustav/P5-Kuka-Dual-Arm/install/moveit_simple_controller_manager/lib:/home/gustav/P5-Kuka-Dual-Arm/install/moveit_ros_occupancy_map_monitor/lib:/home/gustav/P5-Kuka-Dual-Arm/install/moveit_core/lib:/home/gustav/P5-Kuka-Dual-Arm/install/parameter_traits/lib:/home/gustav/P5-Kuka-Dual-Arm/install/moveit_msgs/lib:${LD_LIBRARY_PATH} PATH=/home/gustav/P5-Kuka-Dual-Arm/install/moveit_core/bin:/home/gustav/P5-Kuka-Dual-Arm/install/generate_parameter_library_py/bin:${PATH} PYTHONPATH=/home/gustav/P5-Kuka-Dual-Arm/install/moveit_msgs/local/lib/python3.10/dist-packages:/home/gustav/P5-Kuka-Dual-Arm/install/moveit_configs_utils/lib/python3.10/site-packages:/home/gustav/P5-Kuka-Dual-Arm/install/generate_parameter_library_py/lib/python3.10/site-packages:${PYTHONPATH} /usr/bin/cmake /home/gustav/P5-Kuka-Dual-Arm/p5_ws/src/moveit2/moveit_ros/hybrid_planning -DCMAKE_INSTALL_PREFIX=/home/gustav/P5-Kuka-Dual-Arm/install/moveit_hybrid_planning
[1.558s] Invoking command in '/home/gustav/P5-Kuka-Dual-Arm/build/moveit_hybrid_planning': AMENT_PREFIX_PATH=/home/gustav/P5-Kuka-Dual-Arm/install/moveit_ros_planning_interface:/home/gustav/P5-Kuka-Dual-Arm/install/moveit_ros_move_group:/home/gustav/P5-Kuka-Dual-Arm/install/moveit_ros_warehouse:/home/gustav/P5-Kuka-Dual-Arm/install/moveit_planners_ompl:/home/gustav/P5-Kuka-Dual-Arm/install/moveit_kinematics:/home/gustav/P5-Kuka-Dual-Arm/install/moveit_ros_planning:/home/gustav/P5-Kuka-Dual-Arm/install/moveit_simple_controller_manager:/home/gustav/P5-Kuka-Dual-Arm/install/moveit_ros_occupancy_map_monitor:/home/gustav/P5-Kuka-Dual-Arm/install/moveit_core:/home/gustav/P5-Kuka-Dual-Arm/install/moveit_resources_panda_moveit_config:/home/gustav/P5-Kuka-Dual-Arm/install/moveit_resources_fanuc_moveit_config:/home/gustav/P5-Kuka-Dual-Arm/install/generate_parameter_library:/home/gustav/P5-Kuka-Dual-Arm/install/parameter_traits:/home/gustav/P5-Kuka-Dual-Arm/install/moveit_resources_pr2_description:/home/gustav/P5-Kuka-Dual-Arm/install/moveit_resources_panda_description:/home/gustav/P5-Kuka-Dual-Arm/install/moveit_resources_fanuc_description:/home/gustav/P5-Kuka-Dual-Arm/install/moveit_msgs:/home/gustav/P5-Kuka-Dual-Arm/install/moveit_configs_utils:/home/gustav/P5-Kuka-Dual-Arm/install/moveit_common:/home/gustav/P5-Kuka-Dual-Arm/install/generate_parameter_library_py:${AMENT_PREFIX_PATH} CMAKE_PREFIX_PATH=/home/gustav/P5-Kuka-Dual-Arm/install/moveit_ros_planning_interface:/home/gustav/P5-Kuka-Dual-Arm/install/moveit_ros_move_group:/home/gustav/P5-Kuka-Dual-Arm/install/moveit_ros_warehouse:/home/gustav/P5-Kuka-Dual-Arm/install/moveit_planners_ompl:/home/gustav/P5-Kuka-Dual-Arm/install/moveit_kinematics:/home/gustav/P5-Kuka-Dual-Arm/install/moveit_ros_planning:/home/gustav/P5-Kuka-Dual-Arm/install/moveit_simple_controller_manager:/home/gustav/P5-Kuka-Dual-Arm/install/moveit_ros_occupancy_map_monitor:/home/gustav/P5-Kuka-Dual-Arm/install/moveit_core:/home/gustav/P5-Kuka-Dual-Arm/install/moveit_resources_panda_moveit_config:/home/gustav/P5-Kuka-Dual-Arm/install/moveit_resources_fanuc_moveit_config:/home/gustav/P5-Kuka-Dual-Arm/install/generate_parameter_library:/home/gustav/P5-Kuka-Dual-Arm/install/parameter_traits:/home/gustav/P5-Kuka-Dual-Arm/install/moveit_resources_pr2_description:/home/gustav/P5-Kuka-Dual-Arm/install/moveit_resources_panda_description:/home/gustav/P5-Kuka-Dual-Arm/install/moveit_resources_fanuc_description:/home/gustav/P5-Kuka-Dual-Arm/install/moveit_msgs:/home/gustav/P5-Kuka-Dual-Arm/install/moveit_common:/opt/ros/humble LD_LIBRARY_PATH=/home/gustav/P5-Kuka-Dual-Arm/install/moveit_ros_planning_interface/lib:/home/gustav/P5-Kuka-Dual-Arm/install/moveit_ros_move_group/lib:/home/gustav/P5-Kuka-Dual-Arm/install/moveit_ros_warehouse/lib:/home/gustav/P5-Kuka-Dual-Arm/install/moveit_planners_ompl/lib:/home/gustav/P5-Kuka-Dual-Arm/install/moveit_kinematics/lib:/home/gustav/P5-Kuka-Dual-Arm/install/moveit_ros_planning/lib:/home/gustav/P5-Kuka-Dual-Arm/install/moveit_simple_controller_manager/lib:/home/gustav/P5-Kuka-Dual-Arm/install/moveit_ros_occupancy_map_monitor/lib:/home/gustav/P5-Kuka-Dual-Arm/install/moveit_core/lib:/home/gustav/P5-Kuka-Dual-Arm/install/parameter_traits/lib:/home/gustav/P5-Kuka-Dual-Arm/install/moveit_msgs/lib:${LD_LIBRARY_PATH} PATH=/home/gustav/P5-Kuka-Dual-Arm/install/moveit_core/bin:/home/gustav/P5-Kuka-Dual-Arm/install/generate_parameter_library_py/bin:${PATH} PYTHONPATH=/home/gustav/P5-Kuka-Dual-Arm/install/moveit_msgs/local/lib/python3.10/dist-packages:/home/gustav/P5-Kuka-Dual-Arm/install/moveit_configs_utils/lib/python3.10/site-packages:/home/gustav/P5-Kuka-Dual-Arm/install/generate_parameter_library_py/lib/python3.10/site-packages:${PYTHONPATH} /usr/bin/cmake --build /home/gustav/P5-Kuka-Dual-Arm/build/moveit_hybrid_planning -- -j8 -l8
[1.620s] [35m[1mConsolidate compiler generated dependencies of target simple_sampler_plugin[0m
[1.620s] [35m[1mConsolidate compiler generated dependencies of target moveit_global_planner_component[0m
[1.624s] [35m[1mConsolidate compiler generated dependencies of target forward_trajectory_plugin[0m
[1.625s] [35m[1mConsolidate compiler generated dependencies of target motion_planning_pipeline_plugin[0m
[1.626s] [35m[1mConsolidate compiler generated dependencies of target moveit_local_planner_component[0m
[1.628s] [35m[1mConsolidate compiler generated dependencies of target moveit_hybrid_planning_manager[0m
[1.657s] [  5%] [32m[1mLinking CXX shared library libsimple_sampler_plugin.so[0m
[1.664s] [ 10%] [32m[1mLinking CXX shared library libmotion_planning_pipeline_plugin.so[0m
[1.674s] [ 15%] [32m[1mLinking CXX shared library libmoveit_global_planner_component.so[0m
[1.679s] [ 20%] [32m[1mLinking CXX shared library libforward_trajectory_plugin.so[0m
[1.680s] [ 25%] [32m[1mLinking CXX shared library libmoveit_hybrid_planning_manager.so[0m
[1.691s] [ 30%] [32m[1mLinking CXX shared library libmoveit_local_planner_component.so[0m
[2.290s] [ 35%] Built target simple_sampler_plugin
[2.322s] [ 40%] Built target forward_trajectory_plugin
[2.420s] [ 45%] Built target motion_planning_pipeline_plugin
[2.486s] [ 50%] Built target moveit_global_planner_component
[2.513s] [ 55%] Built target moveit_local_planner_component
[2.712s] [ 60%] Built target moveit_hybrid_planning_manager
[2.738s] [35m[1mConsolidate compiler generated dependencies of target single_plan_execution_plugin[0m
[2.777s] [ 65%] [32m[1mLinking CXX shared library libsingle_plan_execution_plugin.so[0m
[3.310s] [ 70%] Built target single_plan_execution_plugin
[3.340s] [35m[1mConsolidate compiler generated dependencies of target replan_invalidated_trajectory_plugin[0m
[3.390s] [ 75%] [32m[1mLinking CXX shared library libreplan_invalidated_trajectory_plugin.so[0m
[4.118s] [ 80%] Built target replan_invalidated_trajectory_plugin
[4.150s] [35m[1mConsolidate compiler generated dependencies of target cancel_action[0m
[4.167s] [35m[1mConsolidate compiler generated dependencies of target hybrid_planning_demo_node[0m
[4.187s] [ 85%] [32m[1mLinking CXX executable cancel_action[0m
[4.226s] [ 90%] [32m[1mLinking CXX executable hybrid_planning_demo_node[0m
[5.430s] [ 95%] Built target hybrid_planning_demo_node
[5.498s] [100%] Built target cancel_action
[5.529s] Invoked command in '/home/gustav/P5-Kuka-Dual-Arm/build/moveit_hybrid_planning' returned '0': AMENT_PREFIX_PATH=/home/gustav/P5-Kuka-Dual-Arm/install/moveit_ros_planning_interface:/home/gustav/P5-Kuka-Dual-Arm/install/moveit_ros_move_group:/home/gustav/P5-Kuka-Dual-Arm/install/moveit_ros_warehouse:/home/gustav/P5-Kuka-Dual-Arm/install/moveit_planners_ompl:/home/gustav/P5-Kuka-Dual-Arm/install/moveit_kinematics:/home/gustav/P5-Kuka-Dual-Arm/install/moveit_ros_planning:/home/gustav/P5-Kuka-Dual-Arm/install/moveit_simple_controller_manager:/home/gustav/P5-Kuka-Dual-Arm/install/moveit_ros_occupancy_map_monitor:/home/gustav/P5-Kuka-Dual-Arm/install/moveit_core:/home/gustav/P5-Kuka-Dual-Arm/install/moveit_resources_panda_moveit_config:/home/gustav/P5-Kuka-Dual-Arm/install/moveit_resources_fanuc_moveit_config:/home/gustav/P5-Kuka-Dual-Arm/install/generate_parameter_library:/home/gustav/P5-Kuka-Dual-Arm/install/parameter_traits:/home/gustav/P5-Kuka-Dual-Arm/install/moveit_resources_pr2_description:/home/gustav/P5-Kuka-Dual-Arm/install/moveit_resources_panda_description:/home/gustav/P5-Kuka-Dual-Arm/install/moveit_resources_fanuc_description:/home/gustav/P5-Kuka-Dual-Arm/install/moveit_msgs:/home/gustav/P5-Kuka-Dual-Arm/install/moveit_configs_utils:/home/gustav/P5-Kuka-Dual-Arm/install/moveit_common:/home/gustav/P5-Kuka-Dual-Arm/install/generate_parameter_library_py:${AMENT_PREFIX_PATH} CMAKE_PREFIX_PATH=/home/gustav/P5-Kuka-Dual-Arm/install/moveit_ros_planning_interface:/home/gustav/P5-Kuka-Dual-Arm/install/moveit_ros_move_group:/home/gustav/P5-Kuka-Dual-Arm/install/moveit_ros_warehouse:/home/gustav/P5-Kuka-Dual-Arm/install/moveit_planners_ompl:/home/gustav/P5-Kuka-Dual-Arm/install/moveit_kinematics:/home/gustav/P5-Kuka-Dual-Arm/install/moveit_ros_planning:/home/gustav/P5-Kuka-Dual-Arm/install/moveit_simple_controller_manager:/home/gustav/P5-Kuka-Dual-Arm/install/moveit_ros_occupancy_map_monitor:/home/gustav/P5-Kuka-Dual-Arm/install/moveit_core:/home/gustav/P5-Kuka-Dual-Arm/install/moveit_resources_panda_moveit_config:/home/gustav/P5-Kuka-Dual-Arm/install/moveit_resources_fanuc_moveit_config:/home/gustav/P5-Kuka-Dual-Arm/install/generate_parameter_library:/home/gustav/P5-Kuka-Dual-Arm/install/parameter_traits:/home/gustav/P5-Kuka-Dual-Arm/install/moveit_resources_pr2_description:/home/gustav/P5-Kuka-Dual-Arm/install/moveit_resources_panda_description:/home/gustav/P5-Kuka-Dual-Arm/install/moveit_resources_fanuc_description:/home/gustav/P5-Kuka-Dual-Arm/install/moveit_msgs:/home/gustav/P5-Kuka-Dual-Arm/install/moveit_common:/opt/ros/humble LD_LIBRARY_PATH=/home/gustav/P5-Kuka-Dual-Arm/install/moveit_ros_planning_interface/lib:/home/gustav/P5-Kuka-Dual-Arm/install/moveit_ros_move_group/lib:/home/gustav/P5-Kuka-Dual-Arm/install/moveit_ros_warehouse/lib:/home/gustav/P5-Kuka-Dual-Arm/install/moveit_planners_ompl/lib:/home/gustav/P5-Kuka-Dual-Arm/install/moveit_kinematics/lib:/home/gustav/P5-Kuka-Dual-Arm/install/moveit_ros_planning/lib:/home/gustav/P5-Kuka-Dual-Arm/install/moveit_simple_controller_manager/lib:/home/gustav/P5-Kuka-Dual-Arm/install/moveit_ros_occupancy_map_monitor/lib:/home/gustav/P5-Kuka-Dual-Arm/install/moveit_core/lib:/home/gustav/P5-Kuka-Dual-Arm/install/parameter_traits/lib:/home/gustav/P5-Kuka-Dual-Arm/install/moveit_msgs/lib:${LD_LIBRARY_PATH} PATH=/home/gustav/P5-Kuka-Dual-Arm/install/moveit_core/bin:/home/gustav/P5-Kuka-Dual-Arm/install/generate_parameter_library_py/bin:${PATH} PYTHONPATH=/home/gustav/P5-Kuka-Dual-Arm/install/moveit_msgs/local/lib/python3.10/dist-packages:/home/gustav/P5-Kuka-Dual-Arm/install/moveit_configs_utils/lib/python3.10/site-packages:/home/gustav/P5-Kuka-Dual-Arm/install/generate_parameter_library_py/lib/python3.10/site-packages:${PYTHONPATH} /usr/bin/cmake --build /home/gustav/P5-Kuka-Dual-Arm/build/moveit_hybrid_planning -- -j8 -l8
[5.590s] Invoking command in '/home/gustav/P5-Kuka-Dual-Arm/build/moveit_hybrid_planning': AMENT_PREFIX_PATH=/home/gustav/P5-Kuka-Dual-Arm/install/moveit_ros_planning_interface:/home/gustav/P5-Kuka-Dual-Arm/install/moveit_ros_move_group:/home/gustav/P5-Kuka-Dual-Arm/install/moveit_ros_warehouse:/home/gustav/P5-Kuka-Dual-Arm/install/moveit_planners_ompl:/home/gustav/P5-Kuka-Dual-Arm/install/moveit_kinematics:/home/gustav/P5-Kuka-Dual-Arm/install/moveit_ros_planning:/home/gustav/P5-Kuka-Dual-Arm/install/moveit_simple_controller_manager:/home/gustav/P5-Kuka-Dual-Arm/install/moveit_ros_occupancy_map_monitor:/home/gustav/P5-Kuka-Dual-Arm/install/moveit_core:/home/gustav/P5-Kuka-Dual-Arm/install/moveit_resources_panda_moveit_config:/home/gustav/P5-Kuka-Dual-Arm/install/moveit_resources_fanuc_moveit_config:/home/gustav/P5-Kuka-Dual-Arm/install/generate_parameter_library:/home/gustav/P5-Kuka-Dual-Arm/install/parameter_traits:/home/gustav/P5-Kuka-Dual-Arm/install/moveit_resources_pr2_description:/home/gustav/P5-Kuka-Dual-Arm/install/moveit_resources_panda_description:/home/gustav/P5-Kuka-Dual-Arm/install/moveit_resources_fanuc_description:/home/gustav/P5-Kuka-Dual-Arm/install/moveit_msgs:/home/gustav/P5-Kuka-Dual-Arm/install/moveit_configs_utils:/home/gustav/P5-Kuka-Dual-Arm/install/moveit_common:/home/gustav/P5-Kuka-Dual-Arm/install/generate_parameter_library_py:${AMENT_PREFIX_PATH} CMAKE_PREFIX_PATH=/home/gustav/P5-Kuka-Dual-Arm/install/moveit_ros_planning_interface:/home/gustav/P5-Kuka-Dual-Arm/install/moveit_ros_move_group:/home/gustav/P5-Kuka-Dual-Arm/install/moveit_ros_warehouse:/home/gustav/P5-Kuka-Dual-Arm/install/moveit_planners_ompl:/home/gustav/P5-Kuka-Dual-Arm/install/moveit_kinematics:/home/gustav/P5-Kuka-Dual-Arm/install/moveit_ros_planning:/home/gustav/P5-Kuka-Dual-Arm/install/moveit_simple_controller_manager:/home/gustav/P5-Kuka-Dual-Arm/install/moveit_ros_occupancy_map_monitor:/home/gustav/P5-Kuka-Dual-Arm/install/moveit_core:/home/gustav/P5-Kuka-Dual-Arm/install/moveit_resources_panda_moveit_config:/home/gustav/P5-Kuka-Dual-Arm/install/moveit_resources_fanuc_moveit_config:/home/gustav/P5-Kuka-Dual-Arm/install/generate_parameter_library:/home/gustav/P5-Kuka-Dual-Arm/install/parameter_traits:/home/gustav/P5-Kuka-Dual-Arm/install/moveit_resources_pr2_description:/home/gustav/P5-Kuka-Dual-Arm/install/moveit_resources_panda_description:/home/gustav/P5-Kuka-Dual-Arm/install/moveit_resources_fanuc_description:/home/gustav/P5-Kuka-Dual-Arm/install/moveit_msgs:/home/gustav/P5-Kuka-Dual-Arm/install/moveit_common:/opt/ros/humble LD_LIBRARY_PATH=/home/gustav/P5-Kuka-Dual-Arm/install/moveit_ros_planning_interface/lib:/home/gustav/P5-Kuka-Dual-Arm/install/moveit_ros_move_group/lib:/home/gustav/P5-Kuka-Dual-Arm/install/moveit_ros_warehouse/lib:/home/gustav/P5-Kuka-Dual-Arm/install/moveit_planners_ompl/lib:/home/gustav/P5-Kuka-Dual-Arm/install/moveit_kinematics/lib:/home/gustav/P5-Kuka-Dual-Arm/install/moveit_ros_planning/lib:/home/gustav/P5-Kuka-Dual-Arm/install/moveit_simple_controller_manager/lib:/home/gustav/P5-Kuka-Dual-Arm/install/moveit_ros_occupancy_map_monitor/lib:/home/gustav/P5-Kuka-Dual-Arm/install/moveit_core/lib:/home/gustav/P5-Kuka-Dual-Arm/install/parameter_traits/lib:/home/gustav/P5-Kuka-Dual-Arm/install/moveit_msgs/lib:${LD_LIBRARY_PATH} PATH=/home/gustav/P5-Kuka-Dual-Arm/install/moveit_core/bin:/home/gustav/P5-Kuka-Dual-Arm/install/generate_parameter_library_py/bin:${PATH} PYTHONPATH=/home/gustav/P5-Kuka-Dual-Arm/install/moveit_msgs/local/lib/python3.10/dist-packages:/home/gustav/P5-Kuka-Dual-Arm/install/moveit_configs_utils/lib/python3.10/site-packages:/home/gustav/P5-Kuka-Dual-Arm/install/generate_parameter_library_py/lib/python3.10/site-packages:${PYTHONPATH} /usr/bin/cmake --install /home/gustav/P5-Kuka-Dual-Arm/build/moveit_hybrid_planning
[5.608s] -- Install configuration: "Release"
[5.611s] -- Installing: /home/gustav/P5-Kuka-Dual-Arm/install/moveit_hybrid_planning/lib/libmoveit_global_planner_component.so.2.5.5
[5.613s] -- Set runtime path of "/home/gustav/P5-Kuka-Dual-Arm/install/moveit_hybrid_planning/lib/libmoveit_global_planner_component.so.2.5.5" to ""
[5.613s] -- Up-to-date: /home/gustav/P5-Kuka-Dual-Arm/install/moveit_hybrid_planning/lib/libmoveit_global_planner_component.so
[5.613s] -- Installing: /home/gustav/P5-Kuka-Dual-Arm/install/moveit_hybrid_planning/lib/libmoveit_hybrid_planning_manager.so.2.5.5
[5.618s] -- Set runtime path of "/home/gustav/P5-Kuka-Dual-Arm/install/moveit_hybrid_planning/lib/libmoveit_hybrid_planning_manager.so.2.5.5" to ""
[5.618s] -- Up-to-date: /home/gustav/P5-Kuka-Dual-Arm/install/moveit_hybrid_planning/lib/libmoveit_hybrid_planning_manager.so
[5.618s] -- Installing: /home/gustav/P5-Kuka-Dual-Arm/install/moveit_hybrid_planning/lib/libmoveit_local_planner_component.so.2.5.5
[5.622s] -- Set runtime path of "/home/gustav/P5-Kuka-Dual-Arm/install/moveit_hybrid_planning/lib/libmoveit_local_planner_component.so.2.5.5" to ""
[5.622s] -- Up-to-date: /home/gustav/P5-Kuka-Dual-Arm/install/moveit_hybrid_planning/lib/libmoveit_local_planner_component.so
[5.622s] -- Installing: /home/gustav/P5-Kuka-Dual-Arm/install/moveit_hybrid_planning/lib/libforward_trajectory_plugin.so.2.5.5
[5.623s] -- Set runtime path of "/home/gustav/P5-Kuka-Dual-Arm/install/moveit_hybrid_planning/lib/libforward_trajectory_plugin.so.2.5.5" to ""
[5.623s] -- Up-to-date: /home/gustav/P5-Kuka-Dual-Arm/install/moveit_hybrid_planning/lib/libforward_trajectory_plugin.so
[5.624s] -- Installing: /home/gustav/P5-Kuka-Dual-Arm/install/moveit_hybrid_planning/lib/libmotion_planning_pipeline_plugin.so.2.5.5
[5.625s] -- Set runtime path of "/home/gustav/P5-Kuka-Dual-Arm/install/moveit_hybrid_planning/lib/libmotion_planning_pipeline_plugin.so.2.5.5" to ""
[5.625s] -- Up-to-date: /home/gustav/P5-Kuka-Dual-Arm/install/moveit_hybrid_planning/lib/libmotion_planning_pipeline_plugin.so
[5.625s] -- Installing: /home/gustav/P5-Kuka-Dual-Arm/install/moveit_hybrid_planning/lib/libreplan_invalidated_trajectory_plugin.so.2.5.5
[5.626s] -- Set runtime path of "/home/gustav/P5-Kuka-Dual-Arm/install/moveit_hybrid_planning/lib/libreplan_invalidated_trajectory_plugin.so.2.5.5" to ""
[5.626s] -- Up-to-date: /home/gustav/P5-Kuka-Dual-Arm/install/moveit_hybrid_planning/lib/libreplan_invalidated_trajectory_plugin.so
[5.626s] -- Installing: /home/gustav/P5-Kuka-Dual-Arm/install/moveit_hybrid_planning/lib/libsimple_sampler_plugin.so.2.5.5
[5.627s] -- Set runtime path of "/home/gustav/P5-Kuka-Dual-Arm/install/moveit_hybrid_planning/lib/libsimple_sampler_plugin.so.2.5.5" to ""
[5.627s] -- Up-to-date: /home/gustav/P5-Kuka-Dual-Arm/install/moveit_hybrid_planning/lib/libsimple_sampler_plugin.so
[5.628s] -- Installing: /home/gustav/P5-Kuka-Dual-Arm/install/moveit_hybrid_planning/lib/libsingle_plan_execution_plugin.so.2.5.5
[5.628s] -- Set runtime path of "/home/gustav/P5-Kuka-Dual-Arm/install/moveit_hybrid_planning/lib/libsingle_plan_execution_plugin.so.2.5.5" to ""
[5.629s] -- Up-to-date: /home/gustav/P5-Kuka-Dual-Arm/install/moveit_hybrid_planning/lib/libsingle_plan_execution_plugin.so
[5.629s] -- Installing: /home/gustav/P5-Kuka-Dual-Arm/install/moveit_hybrid_planning/lib/moveit_hybrid_planning/cancel_action
[5.630s] -- Set runtime path of "/home/gustav/P5-Kuka-Dual-Arm/install/moveit_hybrid_planning/lib/moveit_hybrid_planning/cancel_action" to ""
[5.630s] -- Installing: /home/gustav/P5-Kuka-Dual-Arm/install/moveit_hybrid_planning/lib/moveit_hybrid_planning/hybrid_planning_demo_node
[5.633s] -- Set runtime path of "/home/gustav/P5-Kuka-Dual-Arm/install/moveit_hybrid_planning/lib/moveit_hybrid_planning/hybrid_planning_demo_node" to ""
[5.633s] -- Up-to-date: /home/gustav/P5-Kuka-Dual-Arm/install/moveit_hybrid_planning/include
[5.634s] -- Up-to-date: /home/gustav/P5-Kuka-Dual-Arm/install/moveit_hybrid_planning/include/moveit
[5.634s] -- Up-to-date: /home/gustav/P5-Kuka-Dual-Arm/install/moveit_hybrid_planning/include/moveit/global_planner
[5.634s] -- Up-to-date: /home/gustav/P5-Kuka-Dual-Arm/install/moveit_hybrid_planning/include/moveit/global_planner/global_planner_component.h
[5.634s] -- Up-to-date: /home/gustav/P5-Kuka-Dual-Arm/install/moveit_hybrid_planning/include/moveit/global_planner/global_planner_interface.h
[5.634s] -- Up-to-date: /home/gustav/P5-Kuka-Dual-Arm/install/moveit_hybrid_planning/include
[5.634s] -- Up-to-date: /home/gustav/P5-Kuka-Dual-Arm/install/moveit_hybrid_planning/include/moveit
[5.635s] -- Up-to-date: /home/gustav/P5-Kuka-Dual-Arm/install/moveit_hybrid_planning/include/moveit/global_planner
[5.635s] -- Up-to-date: /home/gustav/P5-Kuka-Dual-Arm/install/moveit_hybrid_planning/include/moveit/global_planner/moveit_planning_pipeline.h
[5.635s] -- Up-to-date: /home/gustav/P5-Kuka-Dual-Arm/install/moveit_hybrid_planning/include
[5.635s] -- Up-to-date: /home/gustav/P5-Kuka-Dual-Arm/install/moveit_hybrid_planning/include/moveit
[5.635s] -- Up-to-date: /home/gustav/P5-Kuka-Dual-Arm/install/moveit_hybrid_planning/include/moveit/hybrid_planning_manager
[5.635s] -- Up-to-date: /home/gustav/P5-Kuka-Dual-Arm/install/moveit_hybrid_planning/include/moveit/hybrid_planning_manager/planner_logic_interface.h
[5.635s] -- Up-to-date: /home/gustav/P5-Kuka-Dual-Arm/install/moveit_hybrid_planning/include/moveit/hybrid_planning_manager/hybrid_planning_events.h
[5.635s] -- Up-to-date: /home/gustav/P5-Kuka-Dual-Arm/install/moveit_hybrid_planning/include/moveit/hybrid_planning_manager/hybrid_planning_manager.h
[5.636s] -- Up-to-date: /home/gustav/P5-Kuka-Dual-Arm/install/moveit_hybrid_planning/include/moveit/hybrid_planning_manager/moveit_error_code_interface.h
[5.636s] -- Up-to-date: /home/gustav/P5-Kuka-Dual-Arm/install/moveit_hybrid_planning/include
[5.636s] -- Up-to-date: /home/gustav/P5-Kuka-Dual-Arm/install/moveit_hybrid_planning/include/moveit
[5.636s] -- Up-to-date: /home/gustav/P5-Kuka-Dual-Arm/install/moveit_hybrid_planning/include/moveit/planner_logic_plugins
[5.637s] -- Up-to-date: /home/gustav/P5-Kuka-Dual-Arm/install/moveit_hybrid_planning/include/moveit/planner_logic_plugins/single_plan_execution.h
[5.637s] -- Up-to-date: /home/gustav/P5-Kuka-Dual-Arm/install/moveit_hybrid_planning/include/moveit/planner_logic_plugins/replan_invalidated_trajectory.h
[5.637s] -- Up-to-date: /home/gustav/P5-Kuka-Dual-Arm/install/moveit_hybrid_planning/include
[5.637s] -- Up-to-date: /home/gustav/P5-Kuka-Dual-Arm/install/moveit_hybrid_planning/include/moveit
[5.637s] -- Up-to-date: /home/gustav/P5-Kuka-Dual-Arm/install/moveit_hybrid_planning/include/moveit/local_planner
[5.638s] -- Up-to-date: /home/gustav/P5-Kuka-Dual-Arm/install/moveit_hybrid_planning/include/moveit/local_planner/feedback_types.h
[5.638s] -- Up-to-date: /home/gustav/P5-Kuka-Dual-Arm/install/moveit_hybrid_planning/include/moveit/local_planner/local_planner_component.h
[5.638s] -- Up-to-date: /home/gustav/P5-Kuka-Dual-Arm/install/moveit_hybrid_planning/include/moveit/local_planner/local_constraint_solver_interface.h
[5.638s] -- Up-to-date: /home/gustav/P5-Kuka-Dual-Arm/install/moveit_hybrid_planning/include/moveit/local_planner/trajectory_operator_interface.h
[5.638s] -- Up-to-date: /home/gustav/P5-Kuka-Dual-Arm/install/moveit_hybrid_planning/include
[5.639s] -- Up-to-date: /home/gustav/P5-Kuka-Dual-Arm/install/moveit_hybrid_planning/include/moveit
[5.639s] -- Up-to-date: /home/gustav/P5-Kuka-Dual-Arm/install/moveit_hybrid_planning/include/moveit/trajectory_operator_plugins
[5.639s] -- Up-to-date: /home/gustav/P5-Kuka-Dual-Arm/install/moveit_hybrid_planning/include/moveit/trajectory_operator_plugins/simple_sampler.h
[5.639s] -- Up-to-date: /home/gustav/P5-Kuka-Dual-Arm/install/moveit_hybrid_planning/include
[5.639s] -- Up-to-date: /home/gustav/P5-Kuka-Dual-Arm/install/moveit_hybrid_planning/include/moveit
[5.640s] -- Up-to-date: /home/gustav/P5-Kuka-Dual-Arm/install/moveit_hybrid_planning/include/moveit/local_constraint_solver_plugins
[5.640s] -- Up-to-date: /home/gustav/P5-Kuka-Dual-Arm/install/moveit_hybrid_planning/include/moveit/local_constraint_solver_plugins/forward_trajectory.h
[5.640s] -- Up-to-date: /home/gustav/P5-Kuka-Dual-Arm/install/moveit_hybrid_planning/share/moveit_hybrid_planning/launch
[5.640s] -- Up-to-date: /home/gustav/P5-Kuka-Dual-Arm/install/moveit_hybrid_planning/share/moveit_hybrid_planning/launch/hybrid_planning_demo.launch.py
[5.640s] -- Up-to-date: /home/gustav/P5-Kuka-Dual-Arm/install/moveit_hybrid_planning/share/moveit_hybrid_planning/launch/test_basic_integration.test.py
[5.640s] -- Up-to-date: /home/gustav/P5-Kuka-Dual-Arm/install/moveit_hybrid_planning/share/moveit_hybrid_planning/launch/hybrid_planning_common.py
[5.641s] -- Up-to-date: /home/gustav/P5-Kuka-Dual-Arm/install/moveit_hybrid_planning/share/moveit_hybrid_planning/config
[5.641s] -- Up-to-date: /home/gustav/P5-Kuka-Dual-Arm/install/moveit_hybrid_planning/share/moveit_hybrid_planning/config/hybrid_planning_demo.rviz
[5.641s] -- Up-to-date: /home/gustav/P5-Kuka-Dual-Arm/install/moveit_hybrid_planning/share/moveit_hybrid_planning/config/local_planner.yaml
[5.641s] -- Up-to-date: /home/gustav/P5-Kuka-Dual-Arm/install/moveit_hybrid_planning/share/moveit_hybrid_planning/config/common_hybrid_planning_params.yaml
[5.641s] -- Up-to-date: /home/gustav/P5-Kuka-Dual-Arm/install/moveit_hybrid_planning/share/moveit_hybrid_planning/config/hybrid_planning_manager.yaml
[5.641s] -- Up-to-date: /home/gustav/P5-Kuka-Dual-Arm/install/moveit_hybrid_planning/share/moveit_hybrid_planning/config/demo_controller.yaml
[5.641s] -- Up-to-date: /home/gustav/P5-Kuka-Dual-Arm/install/moveit_hybrid_planning/share/moveit_hybrid_planning/config/global_planner.yaml
[5.641s] -- Up-to-date: /home/gustav/P5-Kuka-Dual-Arm/install/moveit_hybrid_planning/share/moveit_hybrid_planning/single_plan_execution_plugin.xml
[5.642s] -- Up-to-date: /home/gustav/P5-Kuka-Dual-Arm/install/moveit_hybrid_planning/share/moveit_hybrid_planning/moveit_planning_pipeline_plugin.xml
[5.642s] -- Up-to-date: /home/gustav/P5-Kuka-Dual-Arm/install/moveit_hybrid_planning/share/moveit_hybrid_planning/simple_sampler_plugin.xml
[5.642s] -- Up-to-date: /home/gustav/P5-Kuka-Dual-Arm/install/moveit_hybrid_planning/share/moveit_hybrid_planning/replan_invalidated_trajectory_plugin.xml
[5.642s] -- Up-to-date: /home/gustav/P5-Kuka-Dual-Arm/install/moveit_hybrid_planning/share/moveit_hybrid_planning/forward_trajectory_plugin.xml
[5.642s] -- Up-to-date: /home/gustav/P5-Kuka-Dual-Arm/install/moveit_hybrid_planning/share/moveit_hybrid_planning/environment/library_path.sh
[5.642s] -- Installing: /home/gustav/P5-Kuka-Dual-Arm/install/moveit_hybrid_planning/share/moveit_hybrid_planning/environment/library_path.dsv
[5.642s] -- Up-to-date: /home/gustav/P5-Kuka-Dual-Arm/install/moveit_hybrid_planning/share/ament_index/resource_index/package_run_dependencies/moveit_hybrid_planning
[5.643s] -- Up-to-date: /home/gustav/P5-Kuka-Dual-Arm/install/moveit_hybrid_planning/share/ament_index/resource_index/parent_prefix_path/moveit_hybrid_planning
[5.643s] -- Up-to-date: /home/gustav/P5-Kuka-Dual-Arm/install/moveit_hybrid_planning/share/moveit_hybrid_planning/environment/ament_prefix_path.sh
[5.644s] -- Installing: /home/gustav/P5-Kuka-Dual-Arm/install/moveit_hybrid_planning/share/moveit_hybrid_planning/environment/ament_prefix_path.dsv
[5.644s] -- Up-to-date: /home/gustav/P5-Kuka-Dual-Arm/install/moveit_hybrid_planning/share/moveit_hybrid_planning/environment/path.sh
[5.644s] -- Installing: /home/gustav/P5-Kuka-Dual-Arm/install/moveit_hybrid_planning/share/moveit_hybrid_planning/environment/path.dsv
[5.644s] -- Up-to-date: /home/gustav/P5-Kuka-Dual-Arm/install/moveit_hybrid_planning/share/moveit_hybrid_planning/local_setup.bash
[5.644s] -- Up-to-date: /home/gustav/P5-Kuka-Dual-Arm/install/moveit_hybrid_planning/share/moveit_hybrid_planning/local_setup.sh
[5.644s] -- Up-to-date: /home/gustav/P5-Kuka-Dual-Arm/install/moveit_hybrid_planning/share/moveit_hybrid_planning/local_setup.zsh
[5.649s] -- Installing: /home/gustav/P5-Kuka-Dual-Arm/install/moveit_hybrid_planning/share/moveit_hybrid_planning/local_setup.dsv
[5.650s] -- Installing: /home/gustav/P5-Kuka-Dual-Arm/install/moveit_hybrid_planning/share/moveit_hybrid_planning/package.dsv
[5.650s] -- Up-to-date: /home/gustav/P5-Kuka-Dual-Arm/install/moveit_hybrid_planning/share/ament_index/resource_index/packages/moveit_hybrid_planning
[5.650s] -- Up-to-date: /home/gustav/P5-Kuka-Dual-Arm/install/moveit_hybrid_planning/share/ament_index/resource_index/moveit_hybrid_planning__pluginlib__plugin/moveit_hybrid_planning
[5.650s] -- Up-to-date: /home/gustav/P5-Kuka-Dual-Arm/install/moveit_hybrid_planning/share/ament_index/resource_index/rclcpp_components/moveit_hybrid_planning
[5.650s] -- Up-to-date: /home/gustav/P5-Kuka-Dual-Arm/install/moveit_hybrid_planning/share/moveit_hybrid_planning/cmake/export_moveit_hybrid_planningExport.cmake
[5.651s] -- Up-to-date: /home/gustav/P5-Kuka-Dual-Arm/install/moveit_hybrid_planning/share/moveit_hybrid_planning/cmake/export_moveit_hybrid_planningExport-release.cmake
[5.651s] -- Up-to-date: /home/gustav/P5-Kuka-Dual-Arm/install/moveit_hybrid_planning/share/moveit_hybrid_planning/cmake/ament_cmake_export_include_directories-extras.cmake
[5.651s] -- Up-to-date: /home/gustav/P5-Kuka-Dual-Arm/install/moveit_hybrid_planning/share/moveit_hybrid_planning/cmake/ament_cmake_export_libraries-extras.cmake
[5.651s] -- Up-to-date: /home/gustav/P5-Kuka-Dual-Arm/install/moveit_hybrid_planning/share/moveit_hybrid_planning/cmake/ament_cmake_export_dependencies-extras.cmake
[5.651s] -- Up-to-date: /home/gustav/P5-Kuka-Dual-Arm/install/moveit_hybrid_planning/share/moveit_hybrid_planning/cmake/ament_cmake_export_targets-extras.cmake
[5.651s] -- Up-to-date: /home/gustav/P5-Kuka-Dual-Arm/install/moveit_hybrid_planning/share/moveit_hybrid_planning/cmake/moveit_hybrid_planningConfig.cmake
[5.651s] -- Up-to-date: /home/gustav/P5-Kuka-Dual-Arm/install/moveit_hybrid_planning/share/moveit_hybrid_planning/cmake/moveit_hybrid_planningConfig-version.cmake
[5.651s] -- Up-to-date: /home/gustav/P5-Kuka-Dual-Arm/install/moveit_hybrid_planning/share/moveit_hybrid_planning/package.xml
[5.652s] Invoked command in '/home/gustav/P5-Kuka-Dual-Arm/build/moveit_hybrid_planning' returned '0': AMENT_PREFIX_PATH=/home/gustav/P5-Kuka-Dual-Arm/install/moveit_ros_planning_interface:/home/gustav/P5-Kuka-Dual-Arm/install/moveit_ros_move_group:/home/gustav/P5-Kuka-Dual-Arm/install/moveit_ros_warehouse:/home/gustav/P5-Kuka-Dual-Arm/install/moveit_planners_ompl:/home/gustav/P5-Kuka-Dual-Arm/install/moveit_kinematics:/home/gustav/P5-Kuka-Dual-Arm/install/moveit_ros_planning:/home/gustav/P5-Kuka-Dual-Arm/install/moveit_simple_controller_manager:/home/gustav/P5-Kuka-Dual-Arm/install/moveit_ros_occupancy_map_monitor:/home/gustav/P5-Kuka-Dual-Arm/install/moveit_core:/home/gustav/P5-Kuka-Dual-Arm/install/moveit_resources_panda_moveit_config:/home/gustav/P5-Kuka-Dual-Arm/install/moveit_resources_fanuc_moveit_config:/home/gustav/P5-Kuka-Dual-Arm/install/generate_parameter_library:/home/gustav/P5-Kuka-Dual-Arm/install/parameter_traits:/home/gustav/P5-Kuka-Dual-Arm/install/moveit_resources_pr2_description:/home/gustav/P5-Kuka-Dual-Arm/install/moveit_resources_panda_description:/home/gustav/P5-Kuka-Dual-Arm/install/moveit_resources_fanuc_description:/home/gustav/P5-Kuka-Dual-Arm/install/moveit_msgs:/home/gustav/P5-Kuka-Dual-Arm/install/moveit_configs_utils:/home/gustav/P5-Kuka-Dual-Arm/install/moveit_common:/home/gustav/P5-Kuka-Dual-Arm/install/generate_parameter_library_py:${AMENT_PREFIX_PATH} CMAKE_PREFIX_PATH=/home/gustav/P5-Kuka-Dual-Arm/install/moveit_ros_planning_interface:/home/gustav/P5-Kuka-Dual-Arm/install/moveit_ros_move_group:/home/gustav/P5-Kuka-Dual-Arm/install/moveit_ros_warehouse:/home/gustav/P5-Kuka-Dual-Arm/install/moveit_planners_ompl:/home/gustav/P5-Kuka-Dual-Arm/install/moveit_kinematics:/home/gustav/P5-Kuka-Dual-Arm/install/moveit_ros_planning:/home/gustav/P5-Kuka-Dual-Arm/install/moveit_simple_controller_manager:/home/gustav/P5-Kuka-Dual-Arm/install/moveit_ros_occupancy_map_monitor:/home/gustav/P5-Kuka-Dual-Arm/install/moveit_core:/home/gustav/P5-Kuka-Dual-Arm/install/moveit_resources_panda_moveit_config:/home/gustav/P5-Kuka-Dual-Arm/install/moveit_resources_fanuc_moveit_config:/home/gustav/P5-Kuka-Dual-Arm/install/generate_parameter_library:/home/gustav/P5-Kuka-Dual-Arm/install/parameter_traits:/home/gustav/P5-Kuka-Dual-Arm/install/moveit_resources_pr2_description:/home/gustav/P5-Kuka-Dual-Arm/install/moveit_resources_panda_description:/home/gustav/P5-Kuka-Dual-Arm/install/moveit_resources_fanuc_description:/home/gustav/P5-Kuka-Dual-Arm/install/moveit_msgs:/home/gustav/P5-Kuka-Dual-Arm/install/moveit_common:/opt/ros/humble LD_LIBRARY_PATH=/home/gustav/P5-Kuka-Dual-Arm/install/moveit_ros_planning_interface/lib:/home/gustav/P5-Kuka-Dual-Arm/install/moveit_ros_move_group/lib:/home/gustav/P5-Kuka-Dual-Arm/install/moveit_ros_warehouse/lib:/home/gustav/P5-Kuka-Dual-Arm/install/moveit_planners_ompl/lib:/home/gustav/P5-Kuka-Dual-Arm/install/moveit_kinematics/lib:/home/gustav/P5-Kuka-Dual-Arm/install/moveit_ros_planning/lib:/home/gustav/P5-Kuka-Dual-Arm/install/moveit_simple_controller_manager/lib:/home/gustav/P5-Kuka-Dual-Arm/install/moveit_ros_occupancy_map_monitor/lib:/home/gustav/P5-Kuka-Dual-Arm/install/moveit_core/lib:/home/gustav/P5-Kuka-Dual-Arm/install/parameter_traits/lib:/home/gustav/P5-Kuka-Dual-Arm/install/moveit_msgs/lib:${LD_LIBRARY_PATH} PATH=/home/gustav/P5-Kuka-Dual-Arm/install/moveit_core/bin:/home/gustav/P5-Kuka-Dual-Arm/install/generate_parameter_library_py/bin:${PATH} PYTHONPATH=/home/gustav/P5-Kuka-Dual-Arm/install/moveit_msgs/local/lib/python3.10/dist-packages:/home/gustav/P5-Kuka-Dual-Arm/install/moveit_configs_utils/lib/python3.10/site-packages:/home/gustav/P5-Kuka-Dual-Arm/install/generate_parameter_library_py/lib/python3.10/site-packages:${PYTHONPATH} /usr/bin/cmake --install /home/gustav/P5-Kuka-Dual-Arm/build/moveit_hybrid_planning
