[1.192s] Invoking command in '/home/gustav/P5-Kuka-Dual-Arm/p5_ws/src/generate_parameter_library/example_python': AMENT_PREFIX_PATH=/home/gustav/P5-Kuka-Dual-Arm/install/generate_parameter_library:/home/gustav/P5-Kuka-Dual-Arm/install/parameter_traits:/home/gustav/P5-Kuka-Dual-Arm/install/generate_parameter_library_py:${AMENT_PREFIX_PATH} CMAKE_PREFIX_PATH=/home/gustav/P5-Kuka-Dual-Arm/install/generate_parameter_library:/home/gustav/P5-Kuka-Dual-Arm/install/parameter_traits LD_LIBRARY_PATH=/home/gustav/P5-Kuka-Dual-Arm/install/parameter_traits/lib:${LD_LIBRARY_PATH} PATH=/home/gustav/P5-Kuka-Dual-Arm/install/generate_parameter_library_py/bin:${PATH} PYTHONPATH=/home/gustav/P5-Kuka-Dual-Arm/build/generate_parameter_module_example/prefix_override:/usr/lib/python3/dist-packages/colcon_core/task/python/colcon_distutils_commands:/home/gustav/P5-Kuka-Dual-Arm/install/generate_parameter_module_example/lib/python3.10/site-packages:/home/gustav/P5-Kuka-Dual-Arm/install/generate_parameter_library_py/lib/python3.10/site-packages:${PYTHONPATH} /usr/bin/python3 -W ignore:setup.py install is deprecated setup.py egg_info --egg-base ../../../../build/generate_parameter_module_example build --build-base /home/gustav/P5-Kuka-Dual-Arm/build/generate_parameter_module_example/build install --record /home/gustav/P5-Kuka-Dual-Arm/build/generate_parameter_module_example/install.log --single-version-externally-managed install_data
[4.157s] running egg_info
[4.157s] writing ../../../../build/generate_parameter_module_example/generate_parameter_module_example.egg-info/PKG-INFO
[4.157s] writing dependency_links to ../../../../build/generate_parameter_module_example/generate_parameter_module_example.egg-info/dependency_links.txt
[4.157s] writing entry points to ../../../../build/generate_parameter_module_example/generate_parameter_module_example.egg-info/entry_points.txt
[4.157s] writing requirements to ../../../../build/generate_parameter_module_example/generate_parameter_module_example.egg-info/requires.txt
[4.157s] writing top-level names to ../../../../build/generate_parameter_module_example/generate_parameter_module_example.egg-info/top_level.txt
[4.157s] reading manifest file '../../../../build/generate_parameter_module_example/generate_parameter_module_example.egg-info/SOURCES.txt'
[4.157s] writing manifest file '../../../../build/generate_parameter_module_example/generate_parameter_module_example.egg-info/SOURCES.txt'
[4.157s] running build
[4.157s] running build_py
[4.157s] running install
[4.157s] running install_lib
[4.157s] running install_data
[4.157s] running install_egg_info
[4.158s] removing '/home/gustav/P5-Kuka-Dual-Arm/install/generate_parameter_module_example/lib/python3.10/site-packages/generate_parameter_module_example-0.3.7-py3.10.egg-info' (and everything under it)
[4.158s] Copying ../../../../build/generate_parameter_module_example/generate_parameter_module_example.egg-info to /home/gustav/P5-Kuka-Dual-Arm/install/generate_parameter_module_example/lib/python3.10/site-packages/generate_parameter_module_example-0.3.7-py3.10.egg-info
[4.158s] running install_scripts
[4.158s] Installing test_node script to /home/gustav/P5-Kuka-Dual-Arm/install/generate_parameter_module_example/lib/generate_parameter_module_example
[4.158s] writing list of installed files to '/home/gustav/P5-Kuka-Dual-Arm/build/generate_parameter_module_example/install.log'
[4.179s] Invoked command in '/home/gustav/P5-Kuka-Dual-Arm/p5_ws/src/generate_parameter_library/example_python' returned '0': AMENT_PREFIX_PATH=/home/gustav/P5-Kuka-Dual-Arm/install/generate_parameter_library:/home/gustav/P5-Kuka-Dual-Arm/install/parameter_traits:/home/gustav/P5-Kuka-Dual-Arm/install/generate_parameter_library_py:${AMENT_PREFIX_PATH} CMAKE_PREFIX_PATH=/home/gustav/P5-Kuka-Dual-Arm/install/generate_parameter_library:/home/gustav/P5-Kuka-Dual-Arm/install/parameter_traits LD_LIBRARY_PATH=/home/gustav/P5-Kuka-Dual-Arm/install/parameter_traits/lib:${LD_LIBRARY_PATH} PATH=/home/gustav/P5-Kuka-Dual-Arm/install/generate_parameter_library_py/bin:${PATH} PYTHONPATH=/home/gustav/P5-Kuka-Dual-Arm/build/generate_parameter_module_example/prefix_override:/usr/lib/python3/dist-packages/colcon_core/task/python/colcon_distutils_commands:/home/gustav/P5-Kuka-Dual-Arm/install/generate_parameter_module_example/lib/python3.10/site-packages:/home/gustav/P5-Kuka-Dual-Arm/install/generate_parameter_library_py/lib/python3.10/site-packages:${PYTHONPATH} /usr/bin/python3 -W ignore:setup.py install is deprecated setup.py egg_info --egg-base ../../../../build/generate_parameter_module_example build --build-base /home/gustav/P5-Kuka-Dual-Arm/build/generate_parameter_module_example/build install --record /home/gustav/P5-Kuka-Dual-Arm/build/generate_parameter_module_example/install.log --single-version-externally-managed install_data
