[0.042s] Invoking command in '/home/gustav/P5-Kuka-Dual-Arm/build/cmake_generate_parameter_module_example': AMENT_PREFIX_PATH=/home/gustav/P5-Kuka-Dual-Arm/install/generate_parameter_library:/home/gustav/P5-Kuka-Dual-Arm/install/parameter_traits:/home/gustav/P5-Kuka-Dual-Arm/install/generate_parameter_library_py:${AMENT_PREFIX_PATH} CMAKE_PREFIX_PATH=/home/gustav/P5-Kuka-Dual-Arm/install/generate_parameter_library:/home/gustav/P5-Kuka-Dual-Arm/install/parameter_traits:/home/gustav/P5-Kuka-Dual-Arm/moveit2_kuka_table/install/send_cudes:/home/gustav/P5-Kuka-Dual-Arm/moveit2_kuka_table/install/moveit2_launch:/home/gustav/P5-Kuka-Dual-Arm/moveit2_kuka_table/install/kuka_bord_description:/home/gustav/lbr_stack/install/med7_moveit_config:/home/gustav/lbr_stack/install/med14_moveit_config:/home/gustav/lbr_stack/install/lbr_fri_ros2_stack:/home/gustav/lbr_stack/install/lbr_demos_cpp:/home/gustav/lbr_stack/install/lbr_bringup:/home/gustav/lbr_stack/install/lbr_ros2_control:/home/gustav/lbr_stack/install/lbr_moveit_cpp:/home/gustav/lbr_stack/install/lbr_demos_advanced_cpp:/home/gustav/lbr_stack/install/lbr_fri_ros2:/home/gustav/lbr_stack/install/lbr_fri_idl:/home/gustav/lbr_stack/install/iiwa7_moveit_config:/home/gustav/lbr_stack/install/iiwa14_moveit_config:/home/gustav/lbr_stack/install/lbr_description:/home/gustav/lbr_stack/install/fri_client_sdk:/home/gustav/ws_P5/install/send_cudes:/home/gustav/ws_P5/install/moveit2_launch:/home/gustav/ws_P5/install/kuka_bord_description:/home/gustav/lbr_stack/install/lbr_demos_py:/home/gustav/lbr_stack/install/lbr_demos_advanced_py:/opt/ros/humble LD_LIBRARY_PATH=/home/gustav/P5-Kuka-Dual-Arm/install/parameter_traits/lib:${LD_LIBRARY_PATH} PATH=/home/gustav/P5-Kuka-Dual-Arm/install/generate_parameter_library_py/bin:${PATH} PYTHONPATH=/home/gustav/P5-Kuka-Dual-Arm/install/generate_parameter_library_py/lib/python3.10/site-packages:${PYTHONPATH} /usr/bin/cmake /home/gustav/P5-Kuka-Dual-Arm/p5_ws/src/generate_parameter_library/example_cmake_python -DCMAKE_INSTALL_PREFIX=/home/gustav/P5-Kuka-Dual-Arm/install/cmake_generate_parameter_module_example
[0.130s] -- The C compiler identification is GNU 11.4.0
[0.237s] -- The CXX compiler identification is GNU 11.4.0
[0.249s] -- Detecting C compiler ABI info
[0.483s] -- Detecting C compiler ABI info - done
[0.499s] -- Check for working C compiler: /usr/bin/cc - skipped
[0.499s] -- Detecting C compile features
[0.500s] -- Detecting C compile features - done
[0.506s] -- Detecting CXX compiler ABI info
[0.621s] -- Detecting CXX compiler ABI info - done
[0.636s] -- Check for working CXX compiler: /usr/bin/c++ - skipped
[0.636s] -- Detecting CXX compile features
[0.637s] -- Detecting CXX compile features - done
[0.642s] -- Found ament_cmake: 1.3.10 (/opt/ros/humble/share/ament_cmake/cmake)
[0.909s] -- Found Python3: /usr/bin/python3 (found version "3.10.12") found components: Interpreter 
[1.080s] -- Found generate_parameter_library: 0.3.7 (/home/gustav/P5-Kuka-Dual-Arm/install/generate_parameter_library/share/generate_parameter_library/cmake)
[1.087s] -- Found parameter_traits: 0.3.7 (/home/gustav/P5-Kuka-Dual-Arm/install/parameter_traits/share/parameter_traits/cmake)
[1.154s] -- Found rosidl_generator_c: 3.1.5 (/opt/ros/humble/share/rosidl_generator_c/cmake)
[1.164s] -- Found rosidl_adapter: 3.1.5 (/opt/ros/humble/share/rosidl_adapter/cmake)
[1.180s] -- Found rosidl_generator_cpp: 3.1.5 (/opt/ros/humble/share/rosidl_generator_cpp/cmake)
[1.206s] -- Using all available rosidl_typesupport_c: rosidl_typesupport_fastrtps_c;rosidl_typesupport_introspection_c
[1.241s] -- Using all available rosidl_typesupport_cpp: rosidl_typesupport_fastrtps_cpp;rosidl_typesupport_introspection_cpp
[1.335s] -- Found rmw_implementation_cmake: 6.1.2 (/opt/ros/humble/share/rmw_implementation_cmake/cmake)
[1.342s] -- Found rmw_fastrtps_cpp: 6.2.7 (/opt/ros/humble/share/rmw_fastrtps_cpp/cmake)
[1.497s] -- Found OpenSSL: /usr/lib/x86_64-linux-gnu/libcrypto.so (found version "3.0.2")  
[1.529s] -- Found FastRTPS: /opt/ros/humble/include  
[1.587s] -- Using RMW implementation 'rmw_fastrtps_cpp' as default
[1.611s] -- Looking for pthread.h
[1.714s] -- Looking for pthread.h - found
[1.715s] -- Performing Test CMAKE_HAVE_LIBC_PTHREAD
[1.817s] -- Performing Test CMAKE_HAVE_LIBC_PTHREAD - Success
[1.818s] -- Found Threads: TRUE  
[1.967s] -- Found rclcpp_lifecycle: 16.0.10 (/opt/ros/humble/share/rclcpp_lifecycle/cmake)
[2.092s] -- Found PythonInterp: /usr/bin/python3.10 (found version "3.10.12") 
[2.557s] -- Configuring done
[2.567s] -- Generating done
[2.570s] -- Build files have been written to: /home/gustav/P5-Kuka-Dual-Arm/build/cmake_generate_parameter_module_example
[2.595s] Invoked command in '/home/gustav/P5-Kuka-Dual-Arm/build/cmake_generate_parameter_module_example' returned '0': AMENT_PREFIX_PATH=/home/gustav/P5-Kuka-Dual-Arm/install/generate_parameter_library:/home/gustav/P5-Kuka-Dual-Arm/install/parameter_traits:/home/gustav/P5-Kuka-Dual-Arm/install/generate_parameter_library_py:${AMENT_PREFIX_PATH} CMAKE_PREFIX_PATH=/home/gustav/P5-Kuka-Dual-Arm/install/generate_parameter_library:/home/gustav/P5-Kuka-Dual-Arm/install/parameter_traits:/home/gustav/P5-Kuka-Dual-Arm/moveit2_kuka_table/install/send_cudes:/home/gustav/P5-Kuka-Dual-Arm/moveit2_kuka_table/install/moveit2_launch:/home/gustav/P5-Kuka-Dual-Arm/moveit2_kuka_table/install/kuka_bord_description:/home/gustav/lbr_stack/install/med7_moveit_config:/home/gustav/lbr_stack/install/med14_moveit_config:/home/gustav/lbr_stack/install/lbr_fri_ros2_stack:/home/gustav/lbr_stack/install/lbr_demos_cpp:/home/gustav/lbr_stack/install/lbr_bringup:/home/gustav/lbr_stack/install/lbr_ros2_control:/home/gustav/lbr_stack/install/lbr_moveit_cpp:/home/gustav/lbr_stack/install/lbr_demos_advanced_cpp:/home/gustav/lbr_stack/install/lbr_fri_ros2:/home/gustav/lbr_stack/install/lbr_fri_idl:/home/gustav/lbr_stack/install/iiwa7_moveit_config:/home/gustav/lbr_stack/install/iiwa14_moveit_config:/home/gustav/lbr_stack/install/lbr_description:/home/gustav/lbr_stack/install/fri_client_sdk:/home/gustav/ws_P5/install/send_cudes:/home/gustav/ws_P5/install/moveit2_launch:/home/gustav/ws_P5/install/kuka_bord_description:/home/gustav/lbr_stack/install/lbr_demos_py:/home/gustav/lbr_stack/install/lbr_demos_advanced_py:/opt/ros/humble LD_LIBRARY_PATH=/home/gustav/P5-Kuka-Dual-Arm/install/parameter_traits/lib:${LD_LIBRARY_PATH} PATH=/home/gustav/P5-Kuka-Dual-Arm/install/generate_parameter_library_py/bin:${PATH} PYTHONPATH=/home/gustav/P5-Kuka-Dual-Arm/install/generate_parameter_library_py/lib/python3.10/site-packages:${PYTHONPATH} /usr/bin/cmake /home/gustav/P5-Kuka-Dual-Arm/p5_ws/src/generate_parameter_library/example_cmake_python -DCMAKE_INSTALL_PREFIX=/home/gustav/P5-Kuka-Dual-Arm/install/cmake_generate_parameter_module_example
[2.597s] Invoking command in '/home/gustav/P5-Kuka-Dual-Arm/build/cmake_generate_parameter_module_example': AMENT_PREFIX_PATH=/home/gustav/P5-Kuka-Dual-Arm/install/generate_parameter_library:/home/gustav/P5-Kuka-Dual-Arm/install/parameter_traits:/home/gustav/P5-Kuka-Dual-Arm/install/generate_parameter_library_py:${AMENT_PREFIX_PATH} CMAKE_PREFIX_PATH=/home/gustav/P5-Kuka-Dual-Arm/install/generate_parameter_library:/home/gustav/P5-Kuka-Dual-Arm/install/parameter_traits:/home/gustav/P5-Kuka-Dual-Arm/moveit2_kuka_table/install/send_cudes:/home/gustav/P5-Kuka-Dual-Arm/moveit2_kuka_table/install/moveit2_launch:/home/gustav/P5-Kuka-Dual-Arm/moveit2_kuka_table/install/kuka_bord_description:/home/gustav/lbr_stack/install/med7_moveit_config:/home/gustav/lbr_stack/install/med14_moveit_config:/home/gustav/lbr_stack/install/lbr_fri_ros2_stack:/home/gustav/lbr_stack/install/lbr_demos_cpp:/home/gustav/lbr_stack/install/lbr_bringup:/home/gustav/lbr_stack/install/lbr_ros2_control:/home/gustav/lbr_stack/install/lbr_moveit_cpp:/home/gustav/lbr_stack/install/lbr_demos_advanced_cpp:/home/gustav/lbr_stack/install/lbr_fri_ros2:/home/gustav/lbr_stack/install/lbr_fri_idl:/home/gustav/lbr_stack/install/iiwa7_moveit_config:/home/gustav/lbr_stack/install/iiwa14_moveit_config:/home/gustav/lbr_stack/install/lbr_description:/home/gustav/lbr_stack/install/fri_client_sdk:/home/gustav/ws_P5/install/send_cudes:/home/gustav/ws_P5/install/moveit2_launch:/home/gustav/ws_P5/install/kuka_bord_description:/home/gustav/lbr_stack/install/lbr_demos_py:/home/gustav/lbr_stack/install/lbr_demos_advanced_py:/opt/ros/humble LD_LIBRARY_PATH=/home/gustav/P5-Kuka-Dual-Arm/install/parameter_traits/lib:${LD_LIBRARY_PATH} PATH=/home/gustav/P5-Kuka-Dual-Arm/install/generate_parameter_library_py/bin:${PATH} PYTHONPATH=/home/gustav/P5-Kuka-Dual-Arm/install/generate_parameter_library_py/lib/python3.10/site-packages:${PYTHONPATH} /usr/bin/cmake --build /home/gustav/P5-Kuka-Dual-Arm/build/cmake_generate_parameter_module_example -- -j8 -l8
[2.733s] [100%] [34m[1mRunning `/opt/ros/humble/bin/generate_parameter_library_python /home/gustav/P5-Kuka-Dual-Arm/install/cmake_generate_parameter_module_example/local/lib/python3.10/dist-packages/cmake_generate_parameter_module_example/admittance_parameters.py /home/gustav/P5-Kuka-Dual-Arm/p5_ws/src/generate_parameter_library/example_cmake_python/cmake_generate_parameter_module_example/parameters.yaml cmake_generate_parameter_module_example.custom_validation`[0m
[2.765s] [100%] Built target ament_cmake_python_copy_cmake_generate_parameter_module_example
[4.201s] running egg_info
[4.201s] creating cmake_generate_parameter_module_example.egg-info
[4.202s] writing cmake_generate_parameter_module_example.egg-info/PKG-INFO
[4.210s] writing dependency_links to cmake_generate_parameter_module_example.egg-info/dependency_links.txt
[4.210s] writing top-level names to cmake_generate_parameter_module_example.egg-info/top_level.txt
[4.210s] writing manifest file 'cmake_generate_parameter_module_example.egg-info/SOURCES.txt'
[4.218s] reading manifest file 'cmake_generate_parameter_module_example.egg-info/SOURCES.txt'
[4.224s] writing manifest file 'cmake_generate_parameter_module_example.egg-info/SOURCES.txt'
[4.378s] [100%] Built target ament_cmake_python_build_cmake_generate_parameter_module_example_egg
[10.565s] [100%] Built target admittance_parameters
[10.617s] Invoked command in '/home/gustav/P5-Kuka-Dual-Arm/build/cmake_generate_parameter_module_example' returned '0': AMENT_PREFIX_PATH=/home/gustav/P5-Kuka-Dual-Arm/install/generate_parameter_library:/home/gustav/P5-Kuka-Dual-Arm/install/parameter_traits:/home/gustav/P5-Kuka-Dual-Arm/install/generate_parameter_library_py:${AMENT_PREFIX_PATH} CMAKE_PREFIX_PATH=/home/gustav/P5-Kuka-Dual-Arm/install/generate_parameter_library:/home/gustav/P5-Kuka-Dual-Arm/install/parameter_traits:/home/gustav/P5-Kuka-Dual-Arm/moveit2_kuka_table/install/send_cudes:/home/gustav/P5-Kuka-Dual-Arm/moveit2_kuka_table/install/moveit2_launch:/home/gustav/P5-Kuka-Dual-Arm/moveit2_kuka_table/install/kuka_bord_description:/home/gustav/lbr_stack/install/med7_moveit_config:/home/gustav/lbr_stack/install/med14_moveit_config:/home/gustav/lbr_stack/install/lbr_fri_ros2_stack:/home/gustav/lbr_stack/install/lbr_demos_cpp:/home/gustav/lbr_stack/install/lbr_bringup:/home/gustav/lbr_stack/install/lbr_ros2_control:/home/gustav/lbr_stack/install/lbr_moveit_cpp:/home/gustav/lbr_stack/install/lbr_demos_advanced_cpp:/home/gustav/lbr_stack/install/lbr_fri_ros2:/home/gustav/lbr_stack/install/lbr_fri_idl:/home/gustav/lbr_stack/install/iiwa7_moveit_config:/home/gustav/lbr_stack/install/iiwa14_moveit_config:/home/gustav/lbr_stack/install/lbr_description:/home/gustav/lbr_stack/install/fri_client_sdk:/home/gustav/ws_P5/install/send_cudes:/home/gustav/ws_P5/install/moveit2_launch:/home/gustav/ws_P5/install/kuka_bord_description:/home/gustav/lbr_stack/install/lbr_demos_py:/home/gustav/lbr_stack/install/lbr_demos_advanced_py:/opt/ros/humble LD_LIBRARY_PATH=/home/gustav/P5-Kuka-Dual-Arm/install/parameter_traits/lib:${LD_LIBRARY_PATH} PATH=/home/gustav/P5-Kuka-Dual-Arm/install/generate_parameter_library_py/bin:${PATH} PYTHONPATH=/home/gustav/P5-Kuka-Dual-Arm/install/generate_parameter_library_py/lib/python3.10/site-packages:${PYTHONPATH} /usr/bin/cmake --build /home/gustav/P5-Kuka-Dual-Arm/build/cmake_generate_parameter_module_example -- -j8 -l8
[10.732s] Invoking command in '/home/gustav/P5-Kuka-Dual-Arm/build/cmake_generate_parameter_module_example': AMENT_PREFIX_PATH=/home/gustav/P5-Kuka-Dual-Arm/install/generate_parameter_library:/home/gustav/P5-Kuka-Dual-Arm/install/parameter_traits:/home/gustav/P5-Kuka-Dual-Arm/install/generate_parameter_library_py:${AMENT_PREFIX_PATH} CMAKE_PREFIX_PATH=/home/gustav/P5-Kuka-Dual-Arm/install/generate_parameter_library:/home/gustav/P5-Kuka-Dual-Arm/install/parameter_traits:/home/gustav/P5-Kuka-Dual-Arm/moveit2_kuka_table/install/send_cudes:/home/gustav/P5-Kuka-Dual-Arm/moveit2_kuka_table/install/moveit2_launch:/home/gustav/P5-Kuka-Dual-Arm/moveit2_kuka_table/install/kuka_bord_description:/home/gustav/lbr_stack/install/med7_moveit_config:/home/gustav/lbr_stack/install/med14_moveit_config:/home/gustav/lbr_stack/install/lbr_fri_ros2_stack:/home/gustav/lbr_stack/install/lbr_demos_cpp:/home/gustav/lbr_stack/install/lbr_bringup:/home/gustav/lbr_stack/install/lbr_ros2_control:/home/gustav/lbr_stack/install/lbr_moveit_cpp:/home/gustav/lbr_stack/install/lbr_demos_advanced_cpp:/home/gustav/lbr_stack/install/lbr_fri_ros2:/home/gustav/lbr_stack/install/lbr_fri_idl:/home/gustav/lbr_stack/install/iiwa7_moveit_config:/home/gustav/lbr_stack/install/iiwa14_moveit_config:/home/gustav/lbr_stack/install/lbr_description:/home/gustav/lbr_stack/install/fri_client_sdk:/home/gustav/ws_P5/install/send_cudes:/home/gustav/ws_P5/install/moveit2_launch:/home/gustav/ws_P5/install/kuka_bord_description:/home/gustav/lbr_stack/install/lbr_demos_py:/home/gustav/lbr_stack/install/lbr_demos_advanced_py:/opt/ros/humble LD_LIBRARY_PATH=/home/gustav/P5-Kuka-Dual-Arm/install/parameter_traits/lib:${LD_LIBRARY_PATH} PATH=/home/gustav/P5-Kuka-Dual-Arm/install/generate_parameter_library_py/bin:${PATH} PYTHONPATH=/home/gustav/P5-Kuka-Dual-Arm/install/generate_parameter_library_py/lib/python3.10/site-packages:${PYTHONPATH} /usr/bin/cmake --install /home/gustav/P5-Kuka-Dual-Arm/build/cmake_generate_parameter_module_example
[11.751s] -- Install configuration: ""
[11.751s] -- Installing: /home/gustav/P5-Kuka-Dual-Arm/install/cmake_generate_parameter_module_example/share/cmake_generate_parameter_module_example/environment/pythonpath.sh
[11.751s] -- Installing: /home/gustav/P5-Kuka-Dual-Arm/install/cmake_generate_parameter_module_example/share/cmake_generate_parameter_module_example/environment/pythonpath.dsv
[11.751s] -- Installing: /home/gustav/P5-Kuka-Dual-Arm/install/cmake_generate_parameter_module_example/local/lib/python3.10/dist-packages/cmake_generate_parameter_module_example-0.3.7-py3.10.egg-info
[11.751s] -- Installing: /home/gustav/P5-Kuka-Dual-Arm/install/cmake_generate_parameter_module_example/local/lib/python3.10/dist-packages/cmake_generate_parameter_module_example-0.3.7-py3.10.egg-info/dependency_links.txt
[11.751s] -- Installing: /home/gustav/P5-Kuka-Dual-Arm/install/cmake_generate_parameter_module_example/local/lib/python3.10/dist-packages/cmake_generate_parameter_module_example-0.3.7-py3.10.egg-info/PKG-INFO
[11.752s] -- Installing: /home/gustav/P5-Kuka-Dual-Arm/install/cmake_generate_parameter_module_example/local/lib/python3.10/dist-packages/cmake_generate_parameter_module_example-0.3.7-py3.10.egg-info/SOURCES.txt
[11.752s] -- Installing: /home/gustav/P5-Kuka-Dual-Arm/install/cmake_generate_parameter_module_example/local/lib/python3.10/dist-packages/cmake_generate_parameter_module_example-0.3.7-py3.10.egg-info/top_level.txt
[11.752s] -- Up-to-date: /home/gustav/P5-Kuka-Dual-Arm/install/cmake_generate_parameter_module_example/local/lib/python3.10/dist-packages/cmake_generate_parameter_module_example
[11.752s] -- Installing: /home/gustav/P5-Kuka-Dual-Arm/install/cmake_generate_parameter_module_example/local/lib/python3.10/dist-packages/cmake_generate_parameter_module_example/custom_validation.py
[11.755s] -- Installing: /home/gustav/P5-Kuka-Dual-Arm/install/cmake_generate_parameter_module_example/local/lib/python3.10/dist-packages/cmake_generate_parameter_module_example/__init__.py
[11.755s] -- Installing: /home/gustav/P5-Kuka-Dual-Arm/install/cmake_generate_parameter_module_example/local/lib/python3.10/dist-packages/cmake_generate_parameter_module_example/parameters.yaml
[11.756s] -- Installing: /home/gustav/P5-Kuka-Dual-Arm/install/cmake_generate_parameter_module_example/local/lib/python3.10/dist-packages/cmake_generate_parameter_module_example/minimal_publisher.py
[11.756s] Listing '/home/gustav/P5-Kuka-Dual-Arm/install/cmake_generate_parameter_module_example/local/lib/python3.10/dist-packages/cmake_generate_parameter_module_example'...
[11.756s] Compiling '/home/gustav/P5-Kuka-Dual-Arm/install/cmake_generate_parameter_module_example/local/lib/python3.10/dist-packages/cmake_generate_parameter_module_example/__init__.py'...
[11.756s] Compiling '/home/gustav/P5-Kuka-Dual-Arm/install/cmake_generate_parameter_module_example/local/lib/python3.10/dist-packages/cmake_generate_parameter_module_example/admittance_parameters.py'...
[11.756s] Compiling '/home/gustav/P5-Kuka-Dual-Arm/install/cmake_generate_parameter_module_example/local/lib/python3.10/dist-packages/cmake_generate_parameter_module_example/custom_validation.py'...
[11.756s] Compiling '/home/gustav/P5-Kuka-Dual-Arm/install/cmake_generate_parameter_module_example/local/lib/python3.10/dist-packages/cmake_generate_parameter_module_example/minimal_publisher.py'...
[11.757s] -- Installing: /home/gustav/P5-Kuka-Dual-Arm/install/cmake_generate_parameter_module_example/share/ament_index/resource_index/package_run_dependencies/cmake_generate_parameter_module_example
[11.757s] -- Installing: /home/gustav/P5-Kuka-Dual-Arm/install/cmake_generate_parameter_module_example/share/ament_index/resource_index/parent_prefix_path/cmake_generate_parameter_module_example
[11.757s] -- Installing: /home/gustav/P5-Kuka-Dual-Arm/install/cmake_generate_parameter_module_example/share/cmake_generate_parameter_module_example/environment/ament_prefix_path.sh
[11.757s] -- Installing: /home/gustav/P5-Kuka-Dual-Arm/install/cmake_generate_parameter_module_example/share/cmake_generate_parameter_module_example/environment/ament_prefix_path.dsv
[11.757s] -- Installing: /home/gustav/P5-Kuka-Dual-Arm/install/cmake_generate_parameter_module_example/share/cmake_generate_parameter_module_example/environment/path.sh
[11.757s] -- Installing: /home/gustav/P5-Kuka-Dual-Arm/install/cmake_generate_parameter_module_example/share/cmake_generate_parameter_module_example/environment/path.dsv
[11.757s] -- Installing: /home/gustav/P5-Kuka-Dual-Arm/install/cmake_generate_parameter_module_example/share/cmake_generate_parameter_module_example/local_setup.bash
[11.757s] -- Installing: /home/gustav/P5-Kuka-Dual-Arm/install/cmake_generate_parameter_module_example/share/cmake_generate_parameter_module_example/local_setup.sh
[11.757s] -- Installing: /home/gustav/P5-Kuka-Dual-Arm/install/cmake_generate_parameter_module_example/share/cmake_generate_parameter_module_example/local_setup.zsh
[11.758s] -- Installing: /home/gustav/P5-Kuka-Dual-Arm/install/cmake_generate_parameter_module_example/share/cmake_generate_parameter_module_example/local_setup.dsv
[11.758s] -- Installing: /home/gustav/P5-Kuka-Dual-Arm/install/cmake_generate_parameter_module_example/share/cmake_generate_parameter_module_example/package.dsv
[11.758s] -- Installing: /home/gustav/P5-Kuka-Dual-Arm/install/cmake_generate_parameter_module_example/share/ament_index/resource_index/packages/cmake_generate_parameter_module_example
[11.758s] -- Installing: /home/gustav/P5-Kuka-Dual-Arm/install/cmake_generate_parameter_module_example/share/cmake_generate_parameter_module_example/cmake/cmake_generate_parameter_module_exampleConfig.cmake
[11.758s] -- Installing: /home/gustav/P5-Kuka-Dual-Arm/install/cmake_generate_parameter_module_example/share/cmake_generate_parameter_module_example/cmake/cmake_generate_parameter_module_exampleConfig-version.cmake
[11.758s] -- Installing: /home/gustav/P5-Kuka-Dual-Arm/install/cmake_generate_parameter_module_example/share/cmake_generate_parameter_module_example/package.xml
[11.784s] Invoked command in '/home/gustav/P5-Kuka-Dual-Arm/build/cmake_generate_parameter_module_example' returned '0': AMENT_PREFIX_PATH=/home/gustav/P5-Kuka-Dual-Arm/install/generate_parameter_library:/home/gustav/P5-Kuka-Dual-Arm/install/parameter_traits:/home/gustav/P5-Kuka-Dual-Arm/install/generate_parameter_library_py:${AMENT_PREFIX_PATH} CMAKE_PREFIX_PATH=/home/gustav/P5-Kuka-Dual-Arm/install/generate_parameter_library:/home/gustav/P5-Kuka-Dual-Arm/install/parameter_traits:/home/gustav/P5-Kuka-Dual-Arm/moveit2_kuka_table/install/send_cudes:/home/gustav/P5-Kuka-Dual-Arm/moveit2_kuka_table/install/moveit2_launch:/home/gustav/P5-Kuka-Dual-Arm/moveit2_kuka_table/install/kuka_bord_description:/home/gustav/lbr_stack/install/med7_moveit_config:/home/gustav/lbr_stack/install/med14_moveit_config:/home/gustav/lbr_stack/install/lbr_fri_ros2_stack:/home/gustav/lbr_stack/install/lbr_demos_cpp:/home/gustav/lbr_stack/install/lbr_bringup:/home/gustav/lbr_stack/install/lbr_ros2_control:/home/gustav/lbr_stack/install/lbr_moveit_cpp:/home/gustav/lbr_stack/install/lbr_demos_advanced_cpp:/home/gustav/lbr_stack/install/lbr_fri_ros2:/home/gustav/lbr_stack/install/lbr_fri_idl:/home/gustav/lbr_stack/install/iiwa7_moveit_config:/home/gustav/lbr_stack/install/iiwa14_moveit_config:/home/gustav/lbr_stack/install/lbr_description:/home/gustav/lbr_stack/install/fri_client_sdk:/home/gustav/ws_P5/install/send_cudes:/home/gustav/ws_P5/install/moveit2_launch:/home/gustav/ws_P5/install/kuka_bord_description:/home/gustav/lbr_stack/install/lbr_demos_py:/home/gustav/lbr_stack/install/lbr_demos_advanced_py:/opt/ros/humble LD_LIBRARY_PATH=/home/gustav/P5-Kuka-Dual-Arm/install/parameter_traits/lib:${LD_LIBRARY_PATH} PATH=/home/gustav/P5-Kuka-Dual-Arm/install/generate_parameter_library_py/bin:${PATH} PYTHONPATH=/home/gustav/P5-Kuka-Dual-Arm/install/generate_parameter_library_py/lib/python3.10/site-packages:${PYTHONPATH} /usr/bin/cmake --install /home/gustav/P5-Kuka-Dual-Arm/build/cmake_generate_parameter_module_example
