[0.015s] Invoking command in '/home/gustav/P5-Kuka-Dual-Arm/build/lbr_demos_advanced_cpp': AMENT_PREFIX_PATH=/home/gustav/P5-Kuka-Dual-Arm/install/lbr_fri_ros2:/home/gustav/P5-Kuka-Dual-Arm/install/lbr_fri_idl:/home/gustav/P5-Kuka-Dual-Arm/install/lbr_description:${AMENT_PREFIX_PATH} CMAKE_PREFIX_PATH=/home/gustav/P5-Kuka-Dual-Arm/install/lbr_fri_ros2:/home/gustav/P5-Kuka-Dual-Arm/install/lbr_fri_idl:/home/gustav/P5-Kuka-Dual-Arm/install/lbr_description:/home/gustav/P5-Kuka-Dual-Arm/install/fri_client_sdk:/opt/ros/humble LD_LIBRARY_PATH=/home/gustav/P5-Kuka-Dual-Arm/install/lbr_fri_ros2/lib:/home/gustav/P5-Kuka-Dual-Arm/install/lbr_fri_idl/lib:/home/gustav/P5-Kuka-Dual-Arm/install/fri_client_sdk/lib:${LD_LIBRARY_PATH} PKG_CONFIG_PATH=/home/gustav/P5-Kuka-Dual-Arm/install/fri_client_sdk/lib/x86_64-linux-gnu/pkgconfig:/home/gustav/P5-Kuka-Dual-Arm/install/fri_client_sdk/lib/pkgconfig PYTHONPATH=/home/gustav/P5-Kuka-Dual-Arm/install/lbr_fri_idl/local/lib/python3.10/dist-packages:${PYTHONPATH} /usr/bin/cmake --build /home/gustav/P5-Kuka-Dual-Arm/build/lbr_demos_advanced_cpp -- -j8 -l8
[0.067s] [35m[1mConsolidate compiler generated dependencies of target pose_planning[0m
[0.067s] [35m[1mConsolidate compiler generated dependencies of target pose_planning_component[0m
[0.067s] [35m[1mConsolidate compiler generated dependencies of target pose_control[0m
[0.067s] [35m[1mConsolidate compiler generated dependencies of target admittance_control[0m
[0.072s] [35m[1mConsolidate compiler generated dependencies of target admittance_control_component[0m
[0.074s] [35m[1mConsolidate compiler generated dependencies of target pose_control_component[0m
[0.091s] [ 16%] Built target pose_planning_component
[0.091s] [ 33%] Built target pose_control
[0.092s] [ 66%] Built target pose_planning
[0.094s] [ 66%] Built target admittance_control
[0.099s] [ 83%] Built target admittance_control_component
[0.102s] [100%] Built target pose_control_component
[0.114s] Invoked command in '/home/gustav/P5-Kuka-Dual-Arm/build/lbr_demos_advanced_cpp' returned '0': AMENT_PREFIX_PATH=/home/gustav/P5-Kuka-Dual-Arm/install/lbr_fri_ros2:/home/gustav/P5-Kuka-Dual-Arm/install/lbr_fri_idl:/home/gustav/P5-Kuka-Dual-Arm/install/lbr_description:${AMENT_PREFIX_PATH} CMAKE_PREFIX_PATH=/home/gustav/P5-Kuka-Dual-Arm/install/lbr_fri_ros2:/home/gustav/P5-Kuka-Dual-Arm/install/lbr_fri_idl:/home/gustav/P5-Kuka-Dual-Arm/install/lbr_description:/home/gustav/P5-Kuka-Dual-Arm/install/fri_client_sdk:/opt/ros/humble LD_LIBRARY_PATH=/home/gustav/P5-Kuka-Dual-Arm/install/lbr_fri_ros2/lib:/home/gustav/P5-Kuka-Dual-Arm/install/lbr_fri_idl/lib:/home/gustav/P5-Kuka-Dual-Arm/install/fri_client_sdk/lib:${LD_LIBRARY_PATH} PKG_CONFIG_PATH=/home/gustav/P5-Kuka-Dual-Arm/install/fri_client_sdk/lib/x86_64-linux-gnu/pkgconfig:/home/gustav/P5-Kuka-Dual-Arm/install/fri_client_sdk/lib/pkgconfig PYTHONPATH=/home/gustav/P5-Kuka-Dual-Arm/install/lbr_fri_idl/local/lib/python3.10/dist-packages:${PYTHONPATH} /usr/bin/cmake --build /home/gustav/P5-Kuka-Dual-Arm/build/lbr_demos_advanced_cpp -- -j8 -l8
[0.152s] Invoking command in '/home/gustav/P5-Kuka-Dual-Arm/build/lbr_demos_advanced_cpp': AMENT_PREFIX_PATH=/home/gustav/P5-Kuka-Dual-Arm/install/lbr_fri_ros2:/home/gustav/P5-Kuka-Dual-Arm/install/lbr_fri_idl:/home/gustav/P5-Kuka-Dual-Arm/install/lbr_description:${AMENT_PREFIX_PATH} CMAKE_PREFIX_PATH=/home/gustav/P5-Kuka-Dual-Arm/install/lbr_fri_ros2:/home/gustav/P5-Kuka-Dual-Arm/install/lbr_fri_idl:/home/gustav/P5-Kuka-Dual-Arm/install/lbr_description:/home/gustav/P5-Kuka-Dual-Arm/install/fri_client_sdk:/opt/ros/humble LD_LIBRARY_PATH=/home/gustav/P5-Kuka-Dual-Arm/install/lbr_fri_ros2/lib:/home/gustav/P5-Kuka-Dual-Arm/install/lbr_fri_idl/lib:/home/gustav/P5-Kuka-Dual-Arm/install/fri_client_sdk/lib:${LD_LIBRARY_PATH} PKG_CONFIG_PATH=/home/gustav/P5-Kuka-Dual-Arm/install/fri_client_sdk/lib/x86_64-linux-gnu/pkgconfig:/home/gustav/P5-Kuka-Dual-Arm/install/fri_client_sdk/lib/pkgconfig PYTHONPATH=/home/gustav/P5-Kuka-Dual-Arm/install/lbr_fri_idl/local/lib/python3.10/dist-packages:${PYTHONPATH} /usr/bin/cmake --install /home/gustav/P5-Kuka-Dual-Arm/build/lbr_demos_advanced_cpp
[0.161s] -- Install configuration: "Release"
[0.162s] -- Up-to-date: /home/gustav/P5-Kuka-Dual-Arm/install/lbr_demos_advanced_cpp/lib/lbr_demos_advanced_cpp/admittance_control
[0.163s] -- Up-to-date: /home/gustav/P5-Kuka-Dual-Arm/install/lbr_demos_advanced_cpp/lib/lbr_demos_advanced_cpp/pose_planning
[0.163s] -- Up-to-date: /home/gustav/P5-Kuka-Dual-Arm/install/lbr_demos_advanced_cpp/lib/lbr_demos_advanced_cpp/pose_control
[0.164s] -- Up-to-date: /home/gustav/P5-Kuka-Dual-Arm/install/lbr_demos_advanced_cpp/lib/libadmittance_control_component.so
[0.165s] -- Up-to-date: /home/gustav/P5-Kuka-Dual-Arm/install/lbr_demos_advanced_cpp/lib/libpose_planning_component.so
[0.166s] -- Up-to-date: /home/gustav/P5-Kuka-Dual-Arm/install/lbr_demos_advanced_cpp/lib/libpose_control_component.so
[0.166s] -- Up-to-date: /home/gustav/P5-Kuka-Dual-Arm/install/lbr_demos_advanced_cpp/share/lbr_demos_advanced_cpp/config
[0.167s] -- Up-to-date: /home/gustav/P5-Kuka-Dual-Arm/install/lbr_demos_advanced_cpp/share/lbr_demos_advanced_cpp/config/admittance_control.yaml
[0.167s] -- Up-to-date: /home/gustav/P5-Kuka-Dual-Arm/install/lbr_demos_advanced_cpp/share/ament_index/resource_index/package_run_dependencies/lbr_demos_advanced_cpp
[0.167s] -- Up-to-date: /home/gustav/P5-Kuka-Dual-Arm/install/lbr_demos_advanced_cpp/share/ament_index/resource_index/parent_prefix_path/lbr_demos_advanced_cpp
[0.168s] -- Up-to-date: /home/gustav/P5-Kuka-Dual-Arm/install/lbr_demos_advanced_cpp/share/lbr_demos_advanced_cpp/environment/ament_prefix_path.sh
[0.168s] -- Up-to-date: /home/gustav/P5-Kuka-Dual-Arm/install/lbr_demos_advanced_cpp/share/lbr_demos_advanced_cpp/environment/ament_prefix_path.dsv
[0.168s] -- Up-to-date: /home/gustav/P5-Kuka-Dual-Arm/install/lbr_demos_advanced_cpp/share/lbr_demos_advanced_cpp/environment/path.sh
[0.168s] -- Up-to-date: /home/gustav/P5-Kuka-Dual-Arm/install/lbr_demos_advanced_cpp/share/lbr_demos_advanced_cpp/environment/path.dsv
[0.168s] -- Up-to-date: /home/gustav/P5-Kuka-Dual-Arm/install/lbr_demos_advanced_cpp/share/lbr_demos_advanced_cpp/local_setup.bash
[0.168s] -- Up-to-date: /home/gustav/P5-Kuka-Dual-Arm/install/lbr_demos_advanced_cpp/share/lbr_demos_advanced_cpp/local_setup.sh
[0.168s] -- Up-to-date: /home/gustav/P5-Kuka-Dual-Arm/install/lbr_demos_advanced_cpp/share/lbr_demos_advanced_cpp/local_setup.zsh
[0.168s] -- Up-to-date: /home/gustav/P5-Kuka-Dual-Arm/install/lbr_demos_advanced_cpp/share/lbr_demos_advanced_cpp/local_setup.dsv
[0.168s] -- Installing: /home/gustav/P5-Kuka-Dual-Arm/install/lbr_demos_advanced_cpp/share/lbr_demos_advanced_cpp/package.dsv
[0.169s] -- Up-to-date: /home/gustav/P5-Kuka-Dual-Arm/install/lbr_demos_advanced_cpp/share/ament_index/resource_index/packages/lbr_demos_advanced_cpp
[0.169s] -- Up-to-date: /home/gustav/P5-Kuka-Dual-Arm/install/lbr_demos_advanced_cpp/share/ament_index/resource_index/rclcpp_components/lbr_demos_advanced_cpp
[0.169s] -- Up-to-date: /home/gustav/P5-Kuka-Dual-Arm/install/lbr_demos_advanced_cpp/share/lbr_demos_advanced_cpp/cmake/lbr_demos_advanced_cppConfig.cmake
[0.169s] -- Up-to-date: /home/gustav/P5-Kuka-Dual-Arm/install/lbr_demos_advanced_cpp/share/lbr_demos_advanced_cpp/cmake/lbr_demos_advanced_cppConfig-version.cmake
[0.169s] -- Up-to-date: /home/gustav/P5-Kuka-Dual-Arm/install/lbr_demos_advanced_cpp/share/lbr_demos_advanced_cpp/package.xml
[0.172s] Invoked command in '/home/gustav/P5-Kuka-Dual-Arm/build/lbr_demos_advanced_cpp' returned '0': AMENT_PREFIX_PATH=/home/gustav/P5-Kuka-Dual-Arm/install/lbr_fri_ros2:/home/gustav/P5-Kuka-Dual-Arm/install/lbr_fri_idl:/home/gustav/P5-Kuka-Dual-Arm/install/lbr_description:${AMENT_PREFIX_PATH} CMAKE_PREFIX_PATH=/home/gustav/P5-Kuka-Dual-Arm/install/lbr_fri_ros2:/home/gustav/P5-Kuka-Dual-Arm/install/lbr_fri_idl:/home/gustav/P5-Kuka-Dual-Arm/install/lbr_description:/home/gustav/P5-Kuka-Dual-Arm/install/fri_client_sdk:/opt/ros/humble LD_LIBRARY_PATH=/home/gustav/P5-Kuka-Dual-Arm/install/lbr_fri_ros2/lib:/home/gustav/P5-Kuka-Dual-Arm/install/lbr_fri_idl/lib:/home/gustav/P5-Kuka-Dual-Arm/install/fri_client_sdk/lib:${LD_LIBRARY_PATH} PKG_CONFIG_PATH=/home/gustav/P5-Kuka-Dual-Arm/install/fri_client_sdk/lib/x86_64-linux-gnu/pkgconfig:/home/gustav/P5-Kuka-Dual-Arm/install/fri_client_sdk/lib/pkgconfig PYTHONPATH=/home/gustav/P5-Kuka-Dual-Arm/install/lbr_fri_idl/local/lib/python3.10/dist-packages:${PYTHONPATH} /usr/bin/cmake --install /home/gustav/P5-Kuka-Dual-Arm/build/lbr_demos_advanced_cpp
