[0.724s] Invoking command in '/home/gustav/P5-Kuka-Dual-Arm/p5_ws/src/py_srvcli': AMENT_PREFIX_PATH=/home/gustav/P5-Kuka-Dual-Arm/install/tutorial_interfaces:${AMENT_PREFIX_PATH} CMAKE_PREFIX_PATH=/home/gustav/P5-Kuka-Dual-Arm/install/tutorial_interfaces LD_LIBRARY_PATH=/home/gustav/P5-Kuka-Dual-Arm/install/tutorial_interfaces/lib:${LD_LIBRARY_PATH} PYTHONPATH=/home/gustav/P5-Kuka-Dual-Arm/build/py_srvcli/prefix_override:/usr/lib/python3/dist-packages/colcon_core/task/python/colcon_distutils_commands:/home/gustav/P5-Kuka-Dual-Arm/install/py_srvcli/lib/python3.10/site-packages:/home/gustav/P5-Kuka-Dual-Arm/install/tutorial_interfaces/local/lib/python3.10/dist-packages:${PYTHONPATH} /usr/bin/python3 -W ignore:setup.py install is deprecated setup.py egg_info --egg-base ../../../build/py_srvcli build --build-base /home/gustav/P5-Kuka-Dual-Arm/build/py_srvcli/build install --record /home/gustav/P5-Kuka-Dual-Arm/build/py_srvcli/install.log --single-version-externally-managed install_data
[1.021s] running egg_info
[1.022s] writing ../../../build/py_srvcli/py_srvcli.egg-info/PKG-INFO
[1.024s] writing dependency_links to ../../../build/py_srvcli/py_srvcli.egg-info/dependency_links.txt
[1.024s] writing entry points to ../../../build/py_srvcli/py_srvcli.egg-info/entry_points.txt
[1.024s] writing requirements to ../../../build/py_srvcli/py_srvcli.egg-info/requires.txt
[1.024s] writing top-level names to ../../../build/py_srvcli/py_srvcli.egg-info/top_level.txt
[1.026s] reading manifest file '../../../build/py_srvcli/py_srvcli.egg-info/SOURCES.txt'
[1.027s] adding license file 'LICENSE'
[1.028s] writing manifest file '../../../build/py_srvcli/py_srvcli.egg-info/SOURCES.txt'
[1.028s] running build
[1.028s] running build_py
[1.029s] running install
[1.029s] running install_lib
[1.031s] running install_data
[1.032s] running install_egg_info
[1.034s] removing '/home/gustav/P5-Kuka-Dual-Arm/install/py_srvcli/lib/python3.10/site-packages/py_srvcli-0.0.0-py3.10.egg-info' (and everything under it)
[1.034s] Copying ../../../build/py_srvcli/py_srvcli.egg-info to /home/gustav/P5-Kuka-Dual-Arm/install/py_srvcli/lib/python3.10/site-packages/py_srvcli-0.0.0-py3.10.egg-info
[1.035s] running install_scripts
[1.060s] Installing client script to /home/gustav/P5-Kuka-Dual-Arm/install/py_srvcli/lib/py_srvcli
[1.060s] Installing service script to /home/gustav/P5-Kuka-Dual-Arm/install/py_srvcli/lib/py_srvcli
[1.061s] writing list of installed files to '/home/gustav/P5-Kuka-Dual-Arm/build/py_srvcli/install.log'
[1.090s] Invoked command in '/home/gustav/P5-Kuka-Dual-Arm/p5_ws/src/py_srvcli' returned '0': AMENT_PREFIX_PATH=/home/gustav/P5-Kuka-Dual-Arm/install/tutorial_interfaces:${AMENT_PREFIX_PATH} CMAKE_PREFIX_PATH=/home/gustav/P5-Kuka-Dual-Arm/install/tutorial_interfaces LD_LIBRARY_PATH=/home/gustav/P5-Kuka-Dual-Arm/install/tutorial_interfaces/lib:${LD_LIBRARY_PATH} PYTHONPATH=/home/gustav/P5-Kuka-Dual-Arm/build/py_srvcli/prefix_override:/usr/lib/python3/dist-packages/colcon_core/task/python/colcon_distutils_commands:/home/gustav/P5-Kuka-Dual-Arm/install/py_srvcli/lib/python3.10/site-packages:/home/gustav/P5-Kuka-Dual-Arm/install/tutorial_interfaces/local/lib/python3.10/dist-packages:${PYTHONPATH} /usr/bin/python3 -W ignore:setup.py install is deprecated setup.py egg_info --egg-base ../../../build/py_srvcli build --build-base /home/gustav/P5-Kuka-Dual-Arm/build/py_srvcli/build install --record /home/gustav/P5-Kuka-Dual-Arm/build/py_srvcli/install.log --single-version-externally-managed install_data
