[0.070s] Invoking command in '/home/gustav/P5-Kuka-Dual-Arm/build/moveit_ros_planning': AMENT_PREFIX_PATH=/home/gustav/P5-Kuka-Dual-Arm/install/moveit_ros_occupancy_map_monitor:/home/gustav/P5-Kuka-Dual-Arm/install/moveit_core:/home/gustav/P5-Kuka-Dual-Arm/install/moveit_resources_panda_moveit_config:/home/gustav/P5-Kuka-Dual-Arm/install/generate_parameter_library:/home/gustav/P5-Kuka-Dual-Arm/install/parameter_traits:/home/gustav/P5-Kuka-Dual-Arm/install/moveit_resources_pr2_description:/home/gustav/P5-Kuka-Dual-Arm/install/moveit_resources_panda_description:/home/gustav/P5-Kuka-Dual-Arm/install/moveit_msgs:/home/gustav/P5-Kuka-Dual-Arm/install/moveit_common:/home/gustav/P5-Kuka-Dual-Arm/install/generate_parameter_library_py:${AMENT_PREFIX_PATH} CMAKE_PREFIX_PATH=/home/gustav/P5-Kuka-Dual-Arm/install/moveit_ros_occupancy_map_monitor:/home/gustav/P5-Kuka-Dual-Arm/install/moveit_core:/home/gustav/P5-Kuka-Dual-Arm/install/moveit_resources_panda_moveit_config:/home/gustav/P5-Kuka-Dual-Arm/install/generate_parameter_library:/home/gustav/P5-Kuka-Dual-Arm/install/parameter_traits:/home/gustav/P5-Kuka-Dual-Arm/install/moveit_resources_pr2_description:/home/gustav/P5-Kuka-Dual-Arm/install/moveit_resources_panda_description:/home/gustav/P5-Kuka-Dual-Arm/install/moveit_msgs:/home/gustav/P5-Kuka-Dual-Arm/install/moveit_common:/home/gustav/ws_lbr/install/med7_moveit_config:/home/gustav/ws_lbr/install/med14_moveit_config:/home/gustav/ws_lbr/install/lbr_moveit_cpp:/home/gustav/ws_lbr/install/iiwa7_moveit_config:/home/gustav/ws_lbr/install/iiwa14_moveit_config:/home/gustav/ws_lbr/install/lbr_description:/home/gustav/ws_moveit2/install/pilz_industrial_motion_planner_testutils:/home/gustav/ws_moveit2/install/moveit_runtime:/home/gustav/ws_moveit2/install/moveit2_tutorials:/home/gustav/ws_moveit2/install/moveit:/home/gustav/ws_moveit2/install/moveit_planners:/home/gustav/ws_moveit2/install/pilz_industrial_motion_planner:/home/gustav/ws_moveit2/install/moveit_visual_tools:/home/gustav/ws_moveit2/install/moveit_task_constructor_visualization:/home/gustav/ws_moveit2/install/moveit_task_constructor_demo:/home/gustav/ws_moveit2/install/moveit_task_constructor_capabilities:/home/gustav/ws_moveit2/install/moveit_task_constructor_core:/home/gustav/ws_moveit2/install/moveit_ros_control_interface:/home/gustav/ws_moveit2/install/moveit_plugins:/home/gustav/ws_moveit2/install/moveit_simple_controller_manager:/home/gustav/ws_moveit2/install/moveit_setup_assistant:/home/gustav/ws_moveit2/install/moveit_setup_srdf_plugins:/home/gustav/ws_moveit2/install/moveit_setup_core_plugins:/home/gustav/ws_moveit2/install/moveit_setup_controllers:/home/gustav/ws_moveit2/install/moveit_setup_app_plugins:/home/gustav/ws_moveit2/install/moveit_setup_framework:/home/gustav/ws_moveit2/install/moveit_servo:/home/gustav/ws_moveit2/install/moveit_ros:/home/gustav/ws_moveit2/install/moveit_ros_visualization:/home/gustav/ws_moveit2/install/moveit_hybrid_planning:/home/gustav/ws_moveit2/install/hello_moveit:/home/gustav/ws_moveit2/install/moveit_ros_planning_interface:/home/gustav/ws_moveit2/install/moveit_ros_benchmarks:/home/gustav/ws_moveit2/install/moveit_ros_warehouse:/home/gustav/ws_moveit2/install/moveit_ros_robot_interaction:/home/gustav/ws_moveit2/install/moveit_ros_perception:/home/gustav/ws_moveit2/install/moveit_resources_prbt_pg70_support:/home/gustav/ws_moveit2/install/moveit_resources_prbt_moveit_config:/home/gustav/ws_moveit2/install/moveit_ros_move_group:/home/gustav/ws_moveit2/install/moveit_planners_ompl:/home/gustav/ws_moveit2/install/moveit_ros_planning:/home/gustav/ws_moveit2/install/moveit_ros_occupancy_map_monitor:/home/gustav/ws_moveit2/install/moveit_resources_prbt_ikfast_manipulator_plugin:/home/gustav/ws_moveit2/install/moveit_planners_chomp:/home/gustav/ws_moveit2/install/moveit_kinematics:/home/gustav/ws_moveit2/install/moveit_chomp_optimizer_adapter:/home/gustav/ws_moveit2/install/chomp_motion_planner:/home/gustav/ws_moveit2/install/moveit_core:/home/gustav/ws_moveit2/install/srdfdom:/home/gustav/ws_moveit2/install/rviz_marker_tools:/home/gustav/ws_moveit2/install/rosparam_shortcuts:/home/gustav/ws_moveit2/install/moveit_task_constructor_msgs:/home/gustav/ws_moveit2/install/moveit_resources_prbt_support:/home/gustav/ws_moveit2/install/moveit_resources:/home/gustav/ws_moveit2/install/moveit_resources_pr2_description:/home/gustav/ws_moveit2/install/moveit_resources_panda_moveit_config:/home/gustav/ws_moveit2/install/moveit_resources_panda_description:/home/gustav/ws_moveit2/install/moveit_resources_fanuc_moveit_config:/home/gustav/ws_moveit2/install/moveit_resources_fanuc_description:/home/gustav/ws_moveit2/install/moveit_common:/home/gustav/ws_moveit2/install/lbr_description:/home/gustav/ws_moveit2/install/kuka_bord_description:/home/gustav/P5-Kuka-Dual-Arm/moveit2_kuka_table/install/send_cudes:/home/gustav/P5-Kuka-Dual-Arm/moveit2_kuka_table/install/moveit2_launch:/home/gustav/P5-Kuka-Dual-Arm/moveit2_kuka_table/install/kuka_bord_description:/home/gustav/lbr_stack/install/med7_moveit_config:/home/gustav/lbr_stack/install/med14_moveit_config:/home/gustav/lbr_stack/install/lbr_fri_ros2_stack:/home/gustav/lbr_stack/install/lbr_demos_cpp:/home/gustav/lbr_stack/install/lbr_bringup:/home/gustav/lbr_stack/install/lbr_ros2_control:/home/gustav/lbr_stack/install/lbr_moveit_cpp:/home/gustav/lbr_stack/install/lbr_demos_advanced_cpp:/home/gustav/lbr_stack/install/lbr_fri_ros2:/home/gustav/lbr_stack/install/lbr_fri_idl:/home/gustav/lbr_stack/install/iiwa7_moveit_config:/home/gustav/lbr_stack/install/iiwa14_moveit_config:/home/gustav/lbr_stack/install/lbr_description:/home/gustav/lbr_stack/install/fri_client_sdk:/home/gustav/ws_P5/install/send_cudes:/home/gustav/ws_P5/install/moveit2_launch:/home/gustav/ws_P5/install/kuka_bord_description:/home/gustav/ws_moveit2/install/moveit_configs_utils:/home/gustav/ws_moveit2/install/launch_param_builder:/home/gustav/lbr_stack/install/lbr_demos_py:/home/gustav/lbr_stack/install/lbr_demos_advanced_py:/opt/ros/humble LD_LIBRARY_PATH=/home/gustav/P5-Kuka-Dual-Arm/install/moveit_ros_occupancy_map_monitor/lib:/home/gustav/P5-Kuka-Dual-Arm/install/moveit_core/lib:/home/gustav/P5-Kuka-Dual-Arm/install/parameter_traits/lib:/home/gustav/P5-Kuka-Dual-Arm/install/moveit_msgs/lib:${LD_LIBRARY_PATH} PATH=/home/gustav/P5-Kuka-Dual-Arm/install/moveit_core/bin:/home/gustav/P5-Kuka-Dual-Arm/install/generate_parameter_library_py/bin:${PATH} PYTHONPATH=/home/gustav/P5-Kuka-Dual-Arm/install/moveit_msgs/local/lib/python3.10/dist-packages:/home/gustav/P5-Kuka-Dual-Arm/install/generate_parameter_library_py/lib/python3.10/site-packages:${PYTHONPATH} /usr/bin/cmake /home/gustav/P5-Kuka-Dual-Arm/p5_ws/src/moveit2/moveit_ros/planning -DCMAKE_BUILD_TYPE=Release -DCMAKE_INSTALL_PREFIX=/home/gustav/P5-Kuka-Dual-Arm/install/moveit_ros_planning
[0.158s] -- The C compiler identification is GNU 11.4.0
[0.238s] -- The CXX compiler identification is GNU 11.4.0
[0.250s] -- Detecting C compiler ABI info
[0.352s] -- Detecting C compiler ABI info - done
[0.371s] -- Check for working C compiler: /usr/bin/cc - skipped
[0.371s] -- Detecting C compile features
[0.372s] -- Detecting C compile features - done
[0.378s] -- Detecting CXX compiler ABI info
[0.496s] -- Detecting CXX compiler ABI info - done
[0.511s] -- Check for working CXX compiler: /usr/bin/c++ - skipped
[0.511s] -- Detecting CXX compile features
[0.512s] -- Detecting CXX compile features - done
[0.514s] -- Found moveit_common: 2.5.5 (/home/gustav/P5-Kuka-Dual-Arm/install/moveit_common/share/moveit_common/cmake)
[0.526s] -- Found ament_cmake: 1.3.10 (/opt/ros/humble/share/ament_cmake/cmake)
[0.767s] -- Found Python3: /usr/bin/python3 (found version "3.10.12") found components: Interpreter 
[1.116s] -- Found moveit_msgs: 2.2.1 (/home/gustav/P5-Kuka-Dual-Arm/install/moveit_msgs/share/moveit_msgs/cmake)
[1.318s] -- Found rosidl_generator_c: 3.1.5 (/opt/ros/humble/share/rosidl_generator_c/cmake)
[1.353s] -- Found rosidl_adapter: 3.1.5 (/opt/ros/humble/share/rosidl_adapter/cmake)
[1.396s] -- Found rosidl_generator_cpp: 3.1.5 (/opt/ros/humble/share/rosidl_generator_cpp/cmake)
[1.457s] -- Using all available rosidl_typesupport_c: rosidl_typesupport_fastrtps_c;rosidl_typesupport_introspection_c
[1.542s] -- Using all available rosidl_typesupport_cpp: rosidl_typesupport_fastrtps_cpp;rosidl_typesupport_introspection_cpp
[1.954s] -- Found pluginlib: 5.1.0 (/opt/ros/humble/share/pluginlib/cmake)
[2.039s] -- Found rclcpp: 16.0.10 (/opt/ros/humble/share/rclcpp/cmake)
[2.160s] -- Found rmw_implementation_cmake: 6.1.2 (/opt/ros/humble/share/rmw_implementation_cmake/cmake)
[2.177s] -- Found rmw_fastrtps_cpp: 6.2.7 (/opt/ros/humble/share/rmw_fastrtps_cpp/cmake)
[2.251s] -- Found TinyXML2 via Config file: TinyXML2_DIR-NOTFOUND
[2.372s] -- Found OpenSSL: /usr/lib/x86_64-linux-gnu/libcrypto.so (found version "3.0.2")  
[2.378s] -- Found TinyXML2 via Config file: TinyXML2_DIR-NOTFOUND
[2.416s] -- Found FastRTPS: /opt/ros/humble/include  
[2.423s] -- Found TinyXML2 via Config file: TinyXML2_DIR-NOTFOUND
[2.438s] -- Found TinyXML2 via Config file: TinyXML2_DIR-NOTFOUND
[2.471s] -- Using RMW implementation 'rmw_fastrtps_cpp' as default
[2.523s] -- Looking for pthread.h
[2.630s] -- Looking for pthread.h - found
[2.630s] -- Performing Test CMAKE_HAVE_LIBC_PTHREAD
[2.734s] -- Performing Test CMAKE_HAVE_LIBC_PTHREAD - Success
[2.736s] -- Found Threads: TRUE  
[2.850s] -- Found message_filters: 4.3.5 (/opt/ros/humble/share/message_filters/cmake)
[2.859s] -- Found srdfdom: 2.0.4 (/home/gustav/ws_moveit2/install/srdfdom/share/srdfdom/cmake)
[2.914s] -- Found tf2: 0.25.8 (/opt/ros/humble/share/tf2/cmake)
[2.928s] -- Found tf2_geometry_msgs: 0.25.8 (/opt/ros/humble/share/tf2_geometry_msgs/cmake)
[2.976s] -- Found eigen3_cmake_module: 0.1.1 (/opt/ros/humble/share/eigen3_cmake_module/cmake)
[2.979s] -- Found Eigen3: TRUE (found version "3.4.0") 
[2.979s] -- Ensuring Eigen3 include directory is part of orocos-kdl CMake target
[3.126s] -- Found tf2_eigen: 0.25.8 (/opt/ros/humble/share/tf2_eigen/cmake)
[3.132s] -- Found moveit_core: 2.5.5 (/home/gustav/P5-Kuka-Dual-Arm/install/moveit_core/share/moveit_core/cmake)
[3.279s] -- Found Boost: /usr/lib/x86_64-linux-gnu/cmake/Boost-1.74.0/BoostConfig.cmake (found version "1.74.0") found components: chrono date_time filesystem iostreams program_options regex serialization system thread 
[3.384s] -- Found parameter_traits: 0.3.7 (/home/gustav/P5-Kuka-Dual-Arm/install/parameter_traits/share/parameter_traits/cmake)
[3.432s] -- Found rclcpp_lifecycle: 16.0.10 (/opt/ros/humble/share/rclcpp_lifecycle/cmake)
[3.486s] -- Found Boost: /usr/lib/x86_64-linux-gnu/cmake/Boost-1.74.0/BoostConfig.cmake (found version "1.74.0") found components: filesystem 
[3.664s] -- library: /usr/lib/x86_64-linux-gnu/libcurl.so
[3.757s] -- Found moveit_ros_occupancy_map_monitor: 2.5.5 (/home/gustav/P5-Kuka-Dual-Arm/install/moveit_ros_occupancy_map_monitor/share/moveit_ros_occupancy_map_monitor/cmake)
[3.777s] -- Found Boost: /usr/lib/x86_64-linux-gnu/cmake/Boost-1.74.0/BoostConfig.cmake (found version "1.74.0") found components: system filesystem date_time program_options thread chrono 
[3.970s] -- Performing Test COMPILER_HAS_HIDDEN_VISIBILITY
[4.085s] -- Performing Test COMPILER_HAS_HIDDEN_VISIBILITY - Success
[4.087s] -- Performing Test COMPILER_HAS_HIDDEN_INLINE_VISIBILITY
[4.197s] -- Performing Test COMPILER_HAS_HIDDEN_INLINE_VISIBILITY - Success
[4.198s] -- Performing Test COMPILER_HAS_DEPRECATED_ATTR
[4.305s] -- Performing Test COMPILER_HAS_DEPRECATED_ATTR - Success
[4.494s] -- Found ament_cmake_gtest: 1.3.10 (/opt/ros/humble/share/ament_cmake_gtest/cmake)
[4.505s] -- Found ament_cmake_gmock: 1.3.10 (/opt/ros/humble/share/ament_cmake_gmock/cmake)
[4.515s] -- Found gmock sources under '/opt/ros/humble/src/gmock_vendor': C++ tests using 'Google Mock' will be built
[4.528s] -- Found gtest sources under '/opt/ros/humble/src/gtest_vendor': C++ tests using 'Google Test' will be built
[4.696s] -- Found ament_lint_auto: 0.12.11 (/opt/ros/humble/share/ament_lint_auto/cmake)
[4.765s] -- Found launch_testing_ament_cmake: 1.0.6 (/opt/ros/humble/share/launch_testing_ament_cmake/cmake)
[4.775s] -- Found python_cmake_module: 0.10.0 (/opt/ros/humble/share/python_cmake_module/cmake)
[4.806s] -- Found PythonInterp: /usr/bin/python3 (found suitable version "3.10.12", minimum required is "3.6") 
[4.818s] -- Found PythonLibs: /usr/lib/x86_64-linux-gnu/libpython3.10.so (found suitable version "3.10.12", minimum required is "3.5") 
[4.818s] -- Using PYTHON_EXECUTABLE: /usr/bin/python3
[4.818s] -- Using PYTHON_INCLUDE_DIRS: /usr/include/python3.10
[4.818s] -- Using PYTHON_LIBRARIES: /usr/lib/x86_64-linux-gnu/libpython3.10.so
[4.847s] -- Found PythonExtra: .so  
[4.866s] -- Added test 'cppcheck' to perform static code analysis on C / C++ code
[4.867s] -- Configured cppcheck include dirs: /home/gustav/P5-Kuka-Dual-Arm/p5_ws/src/moveit2/moveit_ros/planning/rdf_loader/include;/home/gustav/P5-Kuka-Dual-Arm/p5_ws/src/moveit2/moveit_ros/planning/kinematics_plugin_loader/include;/home/gustav/P5-Kuka-Dual-Arm/p5_ws/src/moveit2/moveit_ros/planning/robot_model_loader/include;/home/gustav/P5-Kuka-Dual-Arm/p5_ws/src/moveit2/moveit_ros/planning/constraint_sampler_manager_loader/include;/home/gustav/P5-Kuka-Dual-Arm/p5_ws/src/moveit2/moveit_ros/planning/planning_pipeline/include;/home/gustav/P5-Kuka-Dual-Arm/p5_ws/src/moveit2/moveit_ros/planning/planning_scene_monitor/include;/home/gustav/P5-Kuka-Dual-Arm/p5_ws/src/moveit2/moveit_ros/planning/trajectory_execution_manager/include;/home/gustav/P5-Kuka-Dual-Arm/p5_ws/src/moveit2/moveit_ros/planning/plan_execution/include;/home/gustav/P5-Kuka-Dual-Arm/p5_ws/src/moveit2/moveit_ros/planning/collision_plugin_loader/include;/home/gustav/P5-Kuka-Dual-Arm/p5_ws/src/moveit2/moveit_ros/planning/moveit_cpp/include
[4.867s] -- Configured cppcheck exclude dirs and/or files: 
[4.871s] -- Added test 'lint_cmake' to check CMake code style
[4.873s] -- Added test 'pep257' to check Python code against some of the docstring style conventions in PEP 257
[4.877s] -- Added test 'xmllint' to check XML markup files
[4.882s] -- Configuring done
[5.262s] -- Generating done
[5.268s] -- Build files have been written to: /home/gustav/P5-Kuka-Dual-Arm/build/moveit_ros_planning
[5.298s] Invoked command in '/home/gustav/P5-Kuka-Dual-Arm/build/moveit_ros_planning' returned '0': AMENT_PREFIX_PATH=/home/gustav/P5-Kuka-Dual-Arm/install/moveit_ros_occupancy_map_monitor:/home/gustav/P5-Kuka-Dual-Arm/install/moveit_core:/home/gustav/P5-Kuka-Dual-Arm/install/moveit_resources_panda_moveit_config:/home/gustav/P5-Kuka-Dual-Arm/install/generate_parameter_library:/home/gustav/P5-Kuka-Dual-Arm/install/parameter_traits:/home/gustav/P5-Kuka-Dual-Arm/install/moveit_resources_pr2_description:/home/gustav/P5-Kuka-Dual-Arm/install/moveit_resources_panda_description:/home/gustav/P5-Kuka-Dual-Arm/install/moveit_msgs:/home/gustav/P5-Kuka-Dual-Arm/install/moveit_common:/home/gustav/P5-Kuka-Dual-Arm/install/generate_parameter_library_py:${AMENT_PREFIX_PATH} CMAKE_PREFIX_PATH=/home/gustav/P5-Kuka-Dual-Arm/install/moveit_ros_occupancy_map_monitor:/home/gustav/P5-Kuka-Dual-Arm/install/moveit_core:/home/gustav/P5-Kuka-Dual-Arm/install/moveit_resources_panda_moveit_config:/home/gustav/P5-Kuka-Dual-Arm/install/generate_parameter_library:/home/gustav/P5-Kuka-Dual-Arm/install/parameter_traits:/home/gustav/P5-Kuka-Dual-Arm/install/moveit_resources_pr2_description:/home/gustav/P5-Kuka-Dual-Arm/install/moveit_resources_panda_description:/home/gustav/P5-Kuka-Dual-Arm/install/moveit_msgs:/home/gustav/P5-Kuka-Dual-Arm/install/moveit_common:/home/gustav/ws_lbr/install/med7_moveit_config:/home/gustav/ws_lbr/install/med14_moveit_config:/home/gustav/ws_lbr/install/lbr_moveit_cpp:/home/gustav/ws_lbr/install/iiwa7_moveit_config:/home/gustav/ws_lbr/install/iiwa14_moveit_config:/home/gustav/ws_lbr/install/lbr_description:/home/gustav/ws_moveit2/install/pilz_industrial_motion_planner_testutils:/home/gustav/ws_moveit2/install/moveit_runtime:/home/gustav/ws_moveit2/install/moveit2_tutorials:/home/gustav/ws_moveit2/install/moveit:/home/gustav/ws_moveit2/install/moveit_planners:/home/gustav/ws_moveit2/install/pilz_industrial_motion_planner:/home/gustav/ws_moveit2/install/moveit_visual_tools:/home/gustav/ws_moveit2/install/moveit_task_constructor_visualization:/home/gustav/ws_moveit2/install/moveit_task_constructor_demo:/home/gustav/ws_moveit2/install/moveit_task_constructor_capabilities:/home/gustav/ws_moveit2/install/moveit_task_constructor_core:/home/gustav/ws_moveit2/install/moveit_ros_control_interface:/home/gustav/ws_moveit2/install/moveit_plugins:/home/gustav/ws_moveit2/install/moveit_simple_controller_manager:/home/gustav/ws_moveit2/install/moveit_setup_assistant:/home/gustav/ws_moveit2/install/moveit_setup_srdf_plugins:/home/gustav/ws_moveit2/install/moveit_setup_core_plugins:/home/gustav/ws_moveit2/install/moveit_setup_controllers:/home/gustav/ws_moveit2/install/moveit_setup_app_plugins:/home/gustav/ws_moveit2/install/moveit_setup_framework:/home/gustav/ws_moveit2/install/moveit_servo:/home/gustav/ws_moveit2/install/moveit_ros:/home/gustav/ws_moveit2/install/moveit_ros_visualization:/home/gustav/ws_moveit2/install/moveit_hybrid_planning:/home/gustav/ws_moveit2/install/hello_moveit:/home/gustav/ws_moveit2/install/moveit_ros_planning_interface:/home/gustav/ws_moveit2/install/moveit_ros_benchmarks:/home/gustav/ws_moveit2/install/moveit_ros_warehouse:/home/gustav/ws_moveit2/install/moveit_ros_robot_interaction:/home/gustav/ws_moveit2/install/moveit_ros_perception:/home/gustav/ws_moveit2/install/moveit_resources_prbt_pg70_support:/home/gustav/ws_moveit2/install/moveit_resources_prbt_moveit_config:/home/gustav/ws_moveit2/install/moveit_ros_move_group:/home/gustav/ws_moveit2/install/moveit_planners_ompl:/home/gustav/ws_moveit2/install/moveit_ros_planning:/home/gustav/ws_moveit2/install/moveit_ros_occupancy_map_monitor:/home/gustav/ws_moveit2/install/moveit_resources_prbt_ikfast_manipulator_plugin:/home/gustav/ws_moveit2/install/moveit_planners_chomp:/home/gustav/ws_moveit2/install/moveit_kinematics:/home/gustav/ws_moveit2/install/moveit_chomp_optimizer_adapter:/home/gustav/ws_moveit2/install/chomp_motion_planner:/home/gustav/ws_moveit2/install/moveit_core:/home/gustav/ws_moveit2/install/srdfdom:/home/gustav/ws_moveit2/install/rviz_marker_tools:/home/gustav/ws_moveit2/install/rosparam_shortcuts:/home/gustav/ws_moveit2/install/moveit_task_constructor_msgs:/home/gustav/ws_moveit2/install/moveit_resources_prbt_support:/home/gustav/ws_moveit2/install/moveit_resources:/home/gustav/ws_moveit2/install/moveit_resources_pr2_description:/home/gustav/ws_moveit2/install/moveit_resources_panda_moveit_config:/home/gustav/ws_moveit2/install/moveit_resources_panda_description:/home/gustav/ws_moveit2/install/moveit_resources_fanuc_moveit_config:/home/gustav/ws_moveit2/install/moveit_resources_fanuc_description:/home/gustav/ws_moveit2/install/moveit_common:/home/gustav/ws_moveit2/install/lbr_description:/home/gustav/ws_moveit2/install/kuka_bord_description:/home/gustav/P5-Kuka-Dual-Arm/moveit2_kuka_table/install/send_cudes:/home/gustav/P5-Kuka-Dual-Arm/moveit2_kuka_table/install/moveit2_launch:/home/gustav/P5-Kuka-Dual-Arm/moveit2_kuka_table/install/kuka_bord_description:/home/gustav/lbr_stack/install/med7_moveit_config:/home/gustav/lbr_stack/install/med14_moveit_config:/home/gustav/lbr_stack/install/lbr_fri_ros2_stack:/home/gustav/lbr_stack/install/lbr_demos_cpp:/home/gustav/lbr_stack/install/lbr_bringup:/home/gustav/lbr_stack/install/lbr_ros2_control:/home/gustav/lbr_stack/install/lbr_moveit_cpp:/home/gustav/lbr_stack/install/lbr_demos_advanced_cpp:/home/gustav/lbr_stack/install/lbr_fri_ros2:/home/gustav/lbr_stack/install/lbr_fri_idl:/home/gustav/lbr_stack/install/iiwa7_moveit_config:/home/gustav/lbr_stack/install/iiwa14_moveit_config:/home/gustav/lbr_stack/install/lbr_description:/home/gustav/lbr_stack/install/fri_client_sdk:/home/gustav/ws_P5/install/send_cudes:/home/gustav/ws_P5/install/moveit2_launch:/home/gustav/ws_P5/install/kuka_bord_description:/home/gustav/ws_moveit2/install/moveit_configs_utils:/home/gustav/ws_moveit2/install/launch_param_builder:/home/gustav/lbr_stack/install/lbr_demos_py:/home/gustav/lbr_stack/install/lbr_demos_advanced_py:/opt/ros/humble LD_LIBRARY_PATH=/home/gustav/P5-Kuka-Dual-Arm/install/moveit_ros_occupancy_map_monitor/lib:/home/gustav/P5-Kuka-Dual-Arm/install/moveit_core/lib:/home/gustav/P5-Kuka-Dual-Arm/install/parameter_traits/lib:/home/gustav/P5-Kuka-Dual-Arm/install/moveit_msgs/lib:${LD_LIBRARY_PATH} PATH=/home/gustav/P5-Kuka-Dual-Arm/install/moveit_core/bin:/home/gustav/P5-Kuka-Dual-Arm/install/generate_parameter_library_py/bin:${PATH} PYTHONPATH=/home/gustav/P5-Kuka-Dual-Arm/install/moveit_msgs/local/lib/python3.10/dist-packages:/home/gustav/P5-Kuka-Dual-Arm/install/generate_parameter_library_py/lib/python3.10/site-packages:${PYTHONPATH} /usr/bin/cmake /home/gustav/P5-Kuka-Dual-Arm/p5_ws/src/moveit2/moveit_ros/planning -DCMAKE_BUILD_TYPE=Release -DCMAKE_INSTALL_PREFIX=/home/gustav/P5-Kuka-Dual-Arm/install/moveit_ros_planning
[5.300s] Invoking command in '/home/gustav/P5-Kuka-Dual-Arm/build/moveit_ros_planning': AMENT_PREFIX_PATH=/home/gustav/P5-Kuka-Dual-Arm/install/moveit_ros_occupancy_map_monitor:/home/gustav/P5-Kuka-Dual-Arm/install/moveit_core:/home/gustav/P5-Kuka-Dual-Arm/install/moveit_resources_panda_moveit_config:/home/gustav/P5-Kuka-Dual-Arm/install/generate_parameter_library:/home/gustav/P5-Kuka-Dual-Arm/install/parameter_traits:/home/gustav/P5-Kuka-Dual-Arm/install/moveit_resources_pr2_description:/home/gustav/P5-Kuka-Dual-Arm/install/moveit_resources_panda_description:/home/gustav/P5-Kuka-Dual-Arm/install/moveit_msgs:/home/gustav/P5-Kuka-Dual-Arm/install/moveit_common:/home/gustav/P5-Kuka-Dual-Arm/install/generate_parameter_library_py:${AMENT_PREFIX_PATH} CMAKE_PREFIX_PATH=/home/gustav/P5-Kuka-Dual-Arm/install/moveit_ros_occupancy_map_monitor:/home/gustav/P5-Kuka-Dual-Arm/install/moveit_core:/home/gustav/P5-Kuka-Dual-Arm/install/moveit_resources_panda_moveit_config:/home/gustav/P5-Kuka-Dual-Arm/install/generate_parameter_library:/home/gustav/P5-Kuka-Dual-Arm/install/parameter_traits:/home/gustav/P5-Kuka-Dual-Arm/install/moveit_resources_pr2_description:/home/gustav/P5-Kuka-Dual-Arm/install/moveit_resources_panda_description:/home/gustav/P5-Kuka-Dual-Arm/install/moveit_msgs:/home/gustav/P5-Kuka-Dual-Arm/install/moveit_common:/home/gustav/ws_lbr/install/med7_moveit_config:/home/gustav/ws_lbr/install/med14_moveit_config:/home/gustav/ws_lbr/install/lbr_moveit_cpp:/home/gustav/ws_lbr/install/iiwa7_moveit_config:/home/gustav/ws_lbr/install/iiwa14_moveit_config:/home/gustav/ws_lbr/install/lbr_description:/home/gustav/ws_moveit2/install/pilz_industrial_motion_planner_testutils:/home/gustav/ws_moveit2/install/moveit_runtime:/home/gustav/ws_moveit2/install/moveit2_tutorials:/home/gustav/ws_moveit2/install/moveit:/home/gustav/ws_moveit2/install/moveit_planners:/home/gustav/ws_moveit2/install/pilz_industrial_motion_planner:/home/gustav/ws_moveit2/install/moveit_visual_tools:/home/gustav/ws_moveit2/install/moveit_task_constructor_visualization:/home/gustav/ws_moveit2/install/moveit_task_constructor_demo:/home/gustav/ws_moveit2/install/moveit_task_constructor_capabilities:/home/gustav/ws_moveit2/install/moveit_task_constructor_core:/home/gustav/ws_moveit2/install/moveit_ros_control_interface:/home/gustav/ws_moveit2/install/moveit_plugins:/home/gustav/ws_moveit2/install/moveit_simple_controller_manager:/home/gustav/ws_moveit2/install/moveit_setup_assistant:/home/gustav/ws_moveit2/install/moveit_setup_srdf_plugins:/home/gustav/ws_moveit2/install/moveit_setup_core_plugins:/home/gustav/ws_moveit2/install/moveit_setup_controllers:/home/gustav/ws_moveit2/install/moveit_setup_app_plugins:/home/gustav/ws_moveit2/install/moveit_setup_framework:/home/gustav/ws_moveit2/install/moveit_servo:/home/gustav/ws_moveit2/install/moveit_ros:/home/gustav/ws_moveit2/install/moveit_ros_visualization:/home/gustav/ws_moveit2/install/moveit_hybrid_planning:/home/gustav/ws_moveit2/install/hello_moveit:/home/gustav/ws_moveit2/install/moveit_ros_planning_interface:/home/gustav/ws_moveit2/install/moveit_ros_benchmarks:/home/gustav/ws_moveit2/install/moveit_ros_warehouse:/home/gustav/ws_moveit2/install/moveit_ros_robot_interaction:/home/gustav/ws_moveit2/install/moveit_ros_perception:/home/gustav/ws_moveit2/install/moveit_resources_prbt_pg70_support:/home/gustav/ws_moveit2/install/moveit_resources_prbt_moveit_config:/home/gustav/ws_moveit2/install/moveit_ros_move_group:/home/gustav/ws_moveit2/install/moveit_planners_ompl:/home/gustav/ws_moveit2/install/moveit_ros_planning:/home/gustav/ws_moveit2/install/moveit_ros_occupancy_map_monitor:/home/gustav/ws_moveit2/install/moveit_resources_prbt_ikfast_manipulator_plugin:/home/gustav/ws_moveit2/install/moveit_planners_chomp:/home/gustav/ws_moveit2/install/moveit_kinematics:/home/gustav/ws_moveit2/install/moveit_chomp_optimizer_adapter:/home/gustav/ws_moveit2/install/chomp_motion_planner:/home/gustav/ws_moveit2/install/moveit_core:/home/gustav/ws_moveit2/install/srdfdom:/home/gustav/ws_moveit2/install/rviz_marker_tools:/home/gustav/ws_moveit2/install/rosparam_shortcuts:/home/gustav/ws_moveit2/install/moveit_task_constructor_msgs:/home/gustav/ws_moveit2/install/moveit_resources_prbt_support:/home/gustav/ws_moveit2/install/moveit_resources:/home/gustav/ws_moveit2/install/moveit_resources_pr2_description:/home/gustav/ws_moveit2/install/moveit_resources_panda_moveit_config:/home/gustav/ws_moveit2/install/moveit_resources_panda_description:/home/gustav/ws_moveit2/install/moveit_resources_fanuc_moveit_config:/home/gustav/ws_moveit2/install/moveit_resources_fanuc_description:/home/gustav/ws_moveit2/install/moveit_common:/home/gustav/ws_moveit2/install/lbr_description:/home/gustav/ws_moveit2/install/kuka_bord_description:/home/gustav/P5-Kuka-Dual-Arm/moveit2_kuka_table/install/send_cudes:/home/gustav/P5-Kuka-Dual-Arm/moveit2_kuka_table/install/moveit2_launch:/home/gustav/P5-Kuka-Dual-Arm/moveit2_kuka_table/install/kuka_bord_description:/home/gustav/lbr_stack/install/med7_moveit_config:/home/gustav/lbr_stack/install/med14_moveit_config:/home/gustav/lbr_stack/install/lbr_fri_ros2_stack:/home/gustav/lbr_stack/install/lbr_demos_cpp:/home/gustav/lbr_stack/install/lbr_bringup:/home/gustav/lbr_stack/install/lbr_ros2_control:/home/gustav/lbr_stack/install/lbr_moveit_cpp:/home/gustav/lbr_stack/install/lbr_demos_advanced_cpp:/home/gustav/lbr_stack/install/lbr_fri_ros2:/home/gustav/lbr_stack/install/lbr_fri_idl:/home/gustav/lbr_stack/install/iiwa7_moveit_config:/home/gustav/lbr_stack/install/iiwa14_moveit_config:/home/gustav/lbr_stack/install/lbr_description:/home/gustav/lbr_stack/install/fri_client_sdk:/home/gustav/ws_P5/install/send_cudes:/home/gustav/ws_P5/install/moveit2_launch:/home/gustav/ws_P5/install/kuka_bord_description:/home/gustav/ws_moveit2/install/moveit_configs_utils:/home/gustav/ws_moveit2/install/launch_param_builder:/home/gustav/lbr_stack/install/lbr_demos_py:/home/gustav/lbr_stack/install/lbr_demos_advanced_py:/opt/ros/humble LD_LIBRARY_PATH=/home/gustav/P5-Kuka-Dual-Arm/install/moveit_ros_occupancy_map_monitor/lib:/home/gustav/P5-Kuka-Dual-Arm/install/moveit_core/lib:/home/gustav/P5-Kuka-Dual-Arm/install/parameter_traits/lib:/home/gustav/P5-Kuka-Dual-Arm/install/moveit_msgs/lib:${LD_LIBRARY_PATH} PATH=/home/gustav/P5-Kuka-Dual-Arm/install/moveit_core/bin:/home/gustav/P5-Kuka-Dual-Arm/install/generate_parameter_library_py/bin:${PATH} PYTHONPATH=/home/gustav/P5-Kuka-Dual-Arm/install/moveit_msgs/local/lib/python3.10/dist-packages:/home/gustav/P5-Kuka-Dual-Arm/install/generate_parameter_library_py/lib/python3.10/site-packages:${PYTHONPATH} /usr/bin/cmake --build /home/gustav/P5-Kuka-Dual-Arm/build/moveit_ros_planning -- -j8 -l8
[5.379s] [  1%] [32mBuilding CXX object rdf_loader/CMakeFiles/moveit_rdf_loader.dir/src/rdf_loader.cpp.o[0m
[10.669s] [  3%] [32mBuilding CXX object rdf_loader/CMakeFiles/moveit_rdf_loader.dir/src/synchronized_string_parameter.cpp.o[0m
[24.323s] [  4%] [32m[1mLinking CXX shared library libmoveit_rdf_loader.so[0m
[24.604s] [  4%] Built target moveit_rdf_loader
[24.633s] [  9%] [32mBuilding CXX object gmock/CMakeFiles/gmock.dir/opt/ros/humble/src/gtest_vendor/src/gtest-all.cc.o[0m
[24.633s] [  9%] [32mBuilding CXX object gmock/CMakeFiles/gmock_main.dir/src/gmock_main.cc.o[0m
[24.633s] [  9%] [32mBuilding CXX object planning_request_adapter_plugins/CMakeFiles/moveit_list_request_adapter_plugins.dir/src/list.cpp.o[0m
[24.633s] [ 11%] [32mBuilding CXX object planning_request_adapter_plugins/CMakeFiles/moveit_default_planning_request_adapter_plugins.dir/src/empty.cpp.o[0m
[26.140s] [ 12%] [32m[1mLinking CXX static library libgmock_main.a[0m
[26.187s] [ 12%] Built target gmock_main
[26.207s] [ 14%] [32mBuilding CXX object planning_request_adapter_plugins/CMakeFiles/moveit_default_planning_request_adapter_plugins.dir/src/fix_start_state_bounds.cpp.o[0m
[26.228s] [ 16%] [32mBuilding CXX object kinematics_plugin_loader/CMakeFiles/moveit_kinematics_plugin_loader.dir/src/kinematics_plugin_loader.cpp.o[0m
[26.232s] [ 17%] [32mBuilding CXX object constraint_sampler_manager_loader/CMakeFiles/moveit_constraint_sampler_manager_loader.dir/src/constraint_sampler_manager_loader.cpp.o[0m
[35.596s] [ 19%] [32mBuilding CXX object planning_request_adapter_plugins/CMakeFiles/moveit_default_planning_request_adapter_plugins.dir/src/fix_start_state_collision.cpp.o[0m
[38.942s] [ 20%] [32mBuilding CXX object gmock/CMakeFiles/gmock.dir/src/gmock-all.cc.o[0m
[45.984s] [ 22%] [32m[1mLinking CXX static library libgmock.a[0m
[46.089s] [ 22%] Built target gmock
[46.115s] [ 24%] [32mBuilding CXX object planning_request_adapter_plugins/CMakeFiles/moveit_default_planning_request_adapter_plugins.dir/src/fix_start_state_path_constraints.cpp.o[0m
[46.157s] [ 25%] [32mBuilding CXX object collision_plugin_loader/CMakeFiles/moveit_collision_plugin_loader.dir/src/collision_plugin_loader.cpp.o[0m
[46.158s] [ 27%] [32mBuilding CXX object planning_pipeline/CMakeFiles/moveit_planning_pipeline.dir/src/planning_pipeline.cpp.o[0m
[46.452s] [ 29%] [32mBuilding CXX object planning_request_adapter_plugins/CMakeFiles/moveit_default_planning_request_adapter_plugins.dir/src/fix_workspace_bounds.cpp.o[0m
[48.513s] [ 30%] [32m[1mLinking CXX executable moveit_list_request_adapter_plugins[0m
[48.991s] [ 30%] Built target moveit_list_request_adapter_plugins
[49.021s] [ 32%] [32mBuilding CXX object planning_request_adapter_plugins/CMakeFiles/moveit_default_planning_request_adapter_plugins.dir/src/add_time_parameterization.cpp.o[0m
[51.324s] [ 33%] [32m[1mLinking CXX shared library libmoveit_kinematics_plugin_loader.so[0m
[51.984s] [ 33%] Built target moveit_kinematics_plugin_loader
[52.014s] [ 35%] [32mBuilding CXX object planning_request_adapter_plugins/CMakeFiles/moveit_default_planning_request_adapter_plugins.dir/src/add_ruckig_traj_smoothing.cpp.o[0m
[54.637s] [ 37%] [32mBuilding CXX object planning_request_adapter_plugins/CMakeFiles/moveit_default_planning_request_adapter_plugins.dir/src/add_iterative_spline_parameterization.cpp.o[0m
[55.613s] [ 38%] [32m[1mLinking CXX shared library libmoveit_constraint_sampler_manager_loader.so[0m
[56.287s] [ 38%] Built target moveit_constraint_sampler_manager_loader
[56.319s] [ 40%] [32mBuilding CXX object planning_request_adapter_plugins/CMakeFiles/moveit_default_planning_request_adapter_plugins.dir/src/add_time_optimal_parameterization.cpp.o[0m
[65.924s] [ 41%] [32m[1mLinking CXX shared library libmoveit_collision_plugin_loader.so[0m
[66.440s] [ 41%] Built target moveit_collision_plugin_loader
[66.469s] [ 43%] [32mBuilding CXX object planning_request_adapter_plugins/CMakeFiles/moveit_default_planning_request_adapter_plugins.dir/src/resolve_constraint_frames.cpp.o[0m
[66.864s] [ 45%] [32mBuilding CXX object robot_model_loader/CMakeFiles/moveit_robot_model_loader.dir/src/robot_model_loader.cpp.o[0m
[77.260s] [ 46%] [32m[1mLinking CXX shared library libmoveit_robot_model_loader.so[0m
[77.534s] [ 46%] Built target moveit_robot_model_loader
[77.577s] [ 50%] [32mBuilding CXX object planning_components_tools/CMakeFiles/moveit_print_planning_model_info.dir/src/print_planning_model_info.cpp.o[0m
[77.577s] [ 50%] [32mBuilding CXX object planning_scene_monitor/CMakeFiles/moveit_planning_scene_monitor.dir/src/current_state_monitor.cpp.o[0m
[77.577s] [ 51%] [32mBuilding CXX object planning_scene_monitor/CMakeFiles/moveit_planning_scene_monitor.dir/src/planning_scene_monitor.cpp.o[0m
[77.578s] [ 53%] [32mBuilding CXX object planning_scene_monitor/CMakeFiles/moveit_planning_scene_monitor.dir/src/current_state_monitor_middleware_handle.cpp.o[0m
[77.578s] [ 54%] [32mBuilding CXX object planning_scene_monitor/CMakeFiles/moveit_planning_scene_monitor.dir/src/trajectory_monitor.cpp.o[0m
[77.578s] [ 56%] [32mBuilding CXX object planning_scene_monitor/CMakeFiles/moveit_planning_scene_monitor.dir/src/trajectory_monitor_middleware_handle.cpp.o[0m
[81.322s] [ 58%] [32m[1mLinking CXX shared library libmoveit_default_planning_request_adapter_plugins.so[0m
[81.903s] [ 58%] Built target moveit_default_planning_request_adapter_plugins
[89.553s] [ 59%] [32m[1mLinking CXX shared library libmoveit_planning_pipeline.so[0m
[90.141s] [ 59%] Built target moveit_planning_pipeline
[90.492s] [ 61%] [32m[1mLinking CXX executable moveit_print_planning_model_info[0m
[91.050s] [ 61%] Built target moveit_print_planning_model_info
[124.213s] [ 62%] [32m[1mLinking CXX shared library libmoveit_planning_scene_monitor.so[0m
[124.784s] [ 62%] Built target moveit_planning_scene_monitor
[124.832s] [ 64%] [32mBuilding CXX object planning_scene_monitor/CMakeFiles/demo_scene.dir/demos/demo_scene.cpp.o[0m
[124.833s] [ 66%] [32mBuilding CXX object planning_components_tools/CMakeFiles/moveit_display_random_state.dir/src/display_random_state.cpp.o[0m
[124.833s] [ 67%] [32mBuilding CXX object planning_components_tools/CMakeFiles/moveit_print_planning_scene_info.dir/src/print_planning_scene_info.cpp.o[0m
[124.833s] [ 69%] [32mBuilding CXX object planning_scene_monitor/CMakeFiles/trajectory_monitor_tests.dir/test/trajectory_monitor_tests.cpp.o[0m
[124.836s] [ 72%] [32mBuilding CXX object planning_components_tools/CMakeFiles/moveit_visualize_robot_collision_volume.dir/src/visualize_robot_collision_volume.cpp.o[0m
[124.837s] [ 72%] [32mBuilding CXX object planning_scene_monitor/CMakeFiles/current_state_monitor_tests.dir/test/current_state_monitor_tests.cpp.o[0m
[124.846s] [ 74%] [32mBuilding CXX object planning_components_tools/CMakeFiles/moveit_evaluate_collision_checking_speed.dir/src/evaluate_collision_checking_speed.cpp.o[0m
[124.853s] [ 75%] [32mBuilding CXX object planning_components_tools/CMakeFiles/moveit_publish_scene_from_text.dir/src/publish_scene_from_text.cpp.o[0m
[153.076s] [ 77%] [32m[1mLinking CXX executable moveit_print_planning_scene_info[0m
[153.881s] [ 77%] Built target moveit_print_planning_scene_info
[153.954s] [ 79%] [32mBuilding CXX object trajectory_execution_manager/CMakeFiles/moveit_trajectory_execution_manager.dir/src/trajectory_execution_manager.cpp.o[0m
[156.959s] [ 80%] [32m[1mLinking CXX executable moveit_evaluate_collision_checking_speed[0m
[157.801s] [ 80%] Built target moveit_evaluate_collision_checking_speed
[157.863s] [ 82%] [32m[1mLinking CXX executable trajectory_monitor_tests[0m
[158.904s] [ 82%] Built target trajectory_monitor_tests
[159.141s] [ 83%] [32m[1mLinking CXX executable demo_scene[0m
[159.274s] [ 85%] [32m[1mLinking CXX executable current_state_monitor_tests[0m
[159.293s] [ 87%] [32m[1mLinking CXX executable moveit_visualize_robot_collision_volume[0m
[159.467s] [ 88%] [32m[1mLinking CXX executable moveit_display_random_state[0m
[159.612s] [ 88%] Built target demo_scene
[159.930s] [ 88%] Built target moveit_visualize_robot_collision_volume
[160.066s] [ 88%] Built target moveit_display_random_state
[160.087s] [ 90%] [32m[1mLinking CXX executable moveit_publish_scene_from_text[0m
[160.179s] [ 90%] Built target current_state_monitor_tests
[160.519s] [ 90%] Built target moveit_publish_scene_from_text
[185.507s] [ 91%] [32m[1mLinking CXX shared library libmoveit_trajectory_execution_manager.so[0m
[185.840s] [ 91%] Built target moveit_trajectory_execution_manager
[185.870s] [ 96%] [32mBuilding CXX object moveit_cpp/CMakeFiles/moveit_cpp.dir/src/planning_component.cpp.o[0m
[185.870s] [ 96%] [32mBuilding CXX object plan_execution/CMakeFiles/moveit_plan_execution.dir/src/plan_execution.cpp.o[0m
[185.871s] [ 96%] [32mBuilding CXX object moveit_cpp/CMakeFiles/moveit_cpp.dir/src/moveit_cpp.cpp.o[0m
[200.523s] [ 98%] [32m[1mLinking CXX shared library libmoveit_plan_execution.so[0m
[200.899s] [ 98%] Built target moveit_plan_execution
[206.832s] [100%] [32m[1mLinking CXX shared library libmoveit_cpp.so[0m
[207.139s] [100%] Built target moveit_cpp
[207.154s] Invoked command in '/home/gustav/P5-Kuka-Dual-Arm/build/moveit_ros_planning' returned '0': AMENT_PREFIX_PATH=/home/gustav/P5-Kuka-Dual-Arm/install/moveit_ros_occupancy_map_monitor:/home/gustav/P5-Kuka-Dual-Arm/install/moveit_core:/home/gustav/P5-Kuka-Dual-Arm/install/moveit_resources_panda_moveit_config:/home/gustav/P5-Kuka-Dual-Arm/install/generate_parameter_library:/home/gustav/P5-Kuka-Dual-Arm/install/parameter_traits:/home/gustav/P5-Kuka-Dual-Arm/install/moveit_resources_pr2_description:/home/gustav/P5-Kuka-Dual-Arm/install/moveit_resources_panda_description:/home/gustav/P5-Kuka-Dual-Arm/install/moveit_msgs:/home/gustav/P5-Kuka-Dual-Arm/install/moveit_common:/home/gustav/P5-Kuka-Dual-Arm/install/generate_parameter_library_py:${AMENT_PREFIX_PATH} CMAKE_PREFIX_PATH=/home/gustav/P5-Kuka-Dual-Arm/install/moveit_ros_occupancy_map_monitor:/home/gustav/P5-Kuka-Dual-Arm/install/moveit_core:/home/gustav/P5-Kuka-Dual-Arm/install/moveit_resources_panda_moveit_config:/home/gustav/P5-Kuka-Dual-Arm/install/generate_parameter_library:/home/gustav/P5-Kuka-Dual-Arm/install/parameter_traits:/home/gustav/P5-Kuka-Dual-Arm/install/moveit_resources_pr2_description:/home/gustav/P5-Kuka-Dual-Arm/install/moveit_resources_panda_description:/home/gustav/P5-Kuka-Dual-Arm/install/moveit_msgs:/home/gustav/P5-Kuka-Dual-Arm/install/moveit_common:/home/gustav/ws_lbr/install/med7_moveit_config:/home/gustav/ws_lbr/install/med14_moveit_config:/home/gustav/ws_lbr/install/lbr_moveit_cpp:/home/gustav/ws_lbr/install/iiwa7_moveit_config:/home/gustav/ws_lbr/install/iiwa14_moveit_config:/home/gustav/ws_lbr/install/lbr_description:/home/gustav/ws_moveit2/install/pilz_industrial_motion_planner_testutils:/home/gustav/ws_moveit2/install/moveit_runtime:/home/gustav/ws_moveit2/install/moveit2_tutorials:/home/gustav/ws_moveit2/install/moveit:/home/gustav/ws_moveit2/install/moveit_planners:/home/gustav/ws_moveit2/install/pilz_industrial_motion_planner:/home/gustav/ws_moveit2/install/moveit_visual_tools:/home/gustav/ws_moveit2/install/moveit_task_constructor_visualization:/home/gustav/ws_moveit2/install/moveit_task_constructor_demo:/home/gustav/ws_moveit2/install/moveit_task_constructor_capabilities:/home/gustav/ws_moveit2/install/moveit_task_constructor_core:/home/gustav/ws_moveit2/install/moveit_ros_control_interface:/home/gustav/ws_moveit2/install/moveit_plugins:/home/gustav/ws_moveit2/install/moveit_simple_controller_manager:/home/gustav/ws_moveit2/install/moveit_setup_assistant:/home/gustav/ws_moveit2/install/moveit_setup_srdf_plugins:/home/gustav/ws_moveit2/install/moveit_setup_core_plugins:/home/gustav/ws_moveit2/install/moveit_setup_controllers:/home/gustav/ws_moveit2/install/moveit_setup_app_plugins:/home/gustav/ws_moveit2/install/moveit_setup_framework:/home/gustav/ws_moveit2/install/moveit_servo:/home/gustav/ws_moveit2/install/moveit_ros:/home/gustav/ws_moveit2/install/moveit_ros_visualization:/home/gustav/ws_moveit2/install/moveit_hybrid_planning:/home/gustav/ws_moveit2/install/hello_moveit:/home/gustav/ws_moveit2/install/moveit_ros_planning_interface:/home/gustav/ws_moveit2/install/moveit_ros_benchmarks:/home/gustav/ws_moveit2/install/moveit_ros_warehouse:/home/gustav/ws_moveit2/install/moveit_ros_robot_interaction:/home/gustav/ws_moveit2/install/moveit_ros_perception:/home/gustav/ws_moveit2/install/moveit_resources_prbt_pg70_support:/home/gustav/ws_moveit2/install/moveit_resources_prbt_moveit_config:/home/gustav/ws_moveit2/install/moveit_ros_move_group:/home/gustav/ws_moveit2/install/moveit_planners_ompl:/home/gustav/ws_moveit2/install/moveit_ros_planning:/home/gustav/ws_moveit2/install/moveit_ros_occupancy_map_monitor:/home/gustav/ws_moveit2/install/moveit_resources_prbt_ikfast_manipulator_plugin:/home/gustav/ws_moveit2/install/moveit_planners_chomp:/home/gustav/ws_moveit2/install/moveit_kinematics:/home/gustav/ws_moveit2/install/moveit_chomp_optimizer_adapter:/home/gustav/ws_moveit2/install/chomp_motion_planner:/home/gustav/ws_moveit2/install/moveit_core:/home/gustav/ws_moveit2/install/srdfdom:/home/gustav/ws_moveit2/install/rviz_marker_tools:/home/gustav/ws_moveit2/install/rosparam_shortcuts:/home/gustav/ws_moveit2/install/moveit_task_constructor_msgs:/home/gustav/ws_moveit2/install/moveit_resources_prbt_support:/home/gustav/ws_moveit2/install/moveit_resources:/home/gustav/ws_moveit2/install/moveit_resources_pr2_description:/home/gustav/ws_moveit2/install/moveit_resources_panda_moveit_config:/home/gustav/ws_moveit2/install/moveit_resources_panda_description:/home/gustav/ws_moveit2/install/moveit_resources_fanuc_moveit_config:/home/gustav/ws_moveit2/install/moveit_resources_fanuc_description:/home/gustav/ws_moveit2/install/moveit_common:/home/gustav/ws_moveit2/install/lbr_description:/home/gustav/ws_moveit2/install/kuka_bord_description:/home/gustav/P5-Kuka-Dual-Arm/moveit2_kuka_table/install/send_cudes:/home/gustav/P5-Kuka-Dual-Arm/moveit2_kuka_table/install/moveit2_launch:/home/gustav/P5-Kuka-Dual-Arm/moveit2_kuka_table/install/kuka_bord_description:/home/gustav/lbr_stack/install/med7_moveit_config:/home/gustav/lbr_stack/install/med14_moveit_config:/home/gustav/lbr_stack/install/lbr_fri_ros2_stack:/home/gustav/lbr_stack/install/lbr_demos_cpp:/home/gustav/lbr_stack/install/lbr_bringup:/home/gustav/lbr_stack/install/lbr_ros2_control:/home/gustav/lbr_stack/install/lbr_moveit_cpp:/home/gustav/lbr_stack/install/lbr_demos_advanced_cpp:/home/gustav/lbr_stack/install/lbr_fri_ros2:/home/gustav/lbr_stack/install/lbr_fri_idl:/home/gustav/lbr_stack/install/iiwa7_moveit_config:/home/gustav/lbr_stack/install/iiwa14_moveit_config:/home/gustav/lbr_stack/install/lbr_description:/home/gustav/lbr_stack/install/fri_client_sdk:/home/gustav/ws_P5/install/send_cudes:/home/gustav/ws_P5/install/moveit2_launch:/home/gustav/ws_P5/install/kuka_bord_description:/home/gustav/ws_moveit2/install/moveit_configs_utils:/home/gustav/ws_moveit2/install/launch_param_builder:/home/gustav/lbr_stack/install/lbr_demos_py:/home/gustav/lbr_stack/install/lbr_demos_advanced_py:/opt/ros/humble LD_LIBRARY_PATH=/home/gustav/P5-Kuka-Dual-Arm/install/moveit_ros_occupancy_map_monitor/lib:/home/gustav/P5-Kuka-Dual-Arm/install/moveit_core/lib:/home/gustav/P5-Kuka-Dual-Arm/install/parameter_traits/lib:/home/gustav/P5-Kuka-Dual-Arm/install/moveit_msgs/lib:${LD_LIBRARY_PATH} PATH=/home/gustav/P5-Kuka-Dual-Arm/install/moveit_core/bin:/home/gustav/P5-Kuka-Dual-Arm/install/generate_parameter_library_py/bin:${PATH} PYTHONPATH=/home/gustav/P5-Kuka-Dual-Arm/install/moveit_msgs/local/lib/python3.10/dist-packages:/home/gustav/P5-Kuka-Dual-Arm/install/generate_parameter_library_py/lib/python3.10/site-packages:${PYTHONPATH} /usr/bin/cmake --build /home/gustav/P5-Kuka-Dual-Arm/build/moveit_ros_planning -- -j8 -l8
[207.220s] Invoking command in '/home/gustav/P5-Kuka-Dual-Arm/build/moveit_ros_planning': AMENT_PREFIX_PATH=/home/gustav/P5-Kuka-Dual-Arm/install/moveit_ros_occupancy_map_monitor:/home/gustav/P5-Kuka-Dual-Arm/install/moveit_core:/home/gustav/P5-Kuka-Dual-Arm/install/moveit_resources_panda_moveit_config:/home/gustav/P5-Kuka-Dual-Arm/install/generate_parameter_library:/home/gustav/P5-Kuka-Dual-Arm/install/parameter_traits:/home/gustav/P5-Kuka-Dual-Arm/install/moveit_resources_pr2_description:/home/gustav/P5-Kuka-Dual-Arm/install/moveit_resources_panda_description:/home/gustav/P5-Kuka-Dual-Arm/install/moveit_msgs:/home/gustav/P5-Kuka-Dual-Arm/install/moveit_common:/home/gustav/P5-Kuka-Dual-Arm/install/generate_parameter_library_py:${AMENT_PREFIX_PATH} CMAKE_PREFIX_PATH=/home/gustav/P5-Kuka-Dual-Arm/install/moveit_ros_occupancy_map_monitor:/home/gustav/P5-Kuka-Dual-Arm/install/moveit_core:/home/gustav/P5-Kuka-Dual-Arm/install/moveit_resources_panda_moveit_config:/home/gustav/P5-Kuka-Dual-Arm/install/generate_parameter_library:/home/gustav/P5-Kuka-Dual-Arm/install/parameter_traits:/home/gustav/P5-Kuka-Dual-Arm/install/moveit_resources_pr2_description:/home/gustav/P5-Kuka-Dual-Arm/install/moveit_resources_panda_description:/home/gustav/P5-Kuka-Dual-Arm/install/moveit_msgs:/home/gustav/P5-Kuka-Dual-Arm/install/moveit_common:/home/gustav/ws_lbr/install/med7_moveit_config:/home/gustav/ws_lbr/install/med14_moveit_config:/home/gustav/ws_lbr/install/lbr_moveit_cpp:/home/gustav/ws_lbr/install/iiwa7_moveit_config:/home/gustav/ws_lbr/install/iiwa14_moveit_config:/home/gustav/ws_lbr/install/lbr_description:/home/gustav/ws_moveit2/install/pilz_industrial_motion_planner_testutils:/home/gustav/ws_moveit2/install/moveit_runtime:/home/gustav/ws_moveit2/install/moveit2_tutorials:/home/gustav/ws_moveit2/install/moveit:/home/gustav/ws_moveit2/install/moveit_planners:/home/gustav/ws_moveit2/install/pilz_industrial_motion_planner:/home/gustav/ws_moveit2/install/moveit_visual_tools:/home/gustav/ws_moveit2/install/moveit_task_constructor_visualization:/home/gustav/ws_moveit2/install/moveit_task_constructor_demo:/home/gustav/ws_moveit2/install/moveit_task_constructor_capabilities:/home/gustav/ws_moveit2/install/moveit_task_constructor_core:/home/gustav/ws_moveit2/install/moveit_ros_control_interface:/home/gustav/ws_moveit2/install/moveit_plugins:/home/gustav/ws_moveit2/install/moveit_simple_controller_manager:/home/gustav/ws_moveit2/install/moveit_setup_assistant:/home/gustav/ws_moveit2/install/moveit_setup_srdf_plugins:/home/gustav/ws_moveit2/install/moveit_setup_core_plugins:/home/gustav/ws_moveit2/install/moveit_setup_controllers:/home/gustav/ws_moveit2/install/moveit_setup_app_plugins:/home/gustav/ws_moveit2/install/moveit_setup_framework:/home/gustav/ws_moveit2/install/moveit_servo:/home/gustav/ws_moveit2/install/moveit_ros:/home/gustav/ws_moveit2/install/moveit_ros_visualization:/home/gustav/ws_moveit2/install/moveit_hybrid_planning:/home/gustav/ws_moveit2/install/hello_moveit:/home/gustav/ws_moveit2/install/moveit_ros_planning_interface:/home/gustav/ws_moveit2/install/moveit_ros_benchmarks:/home/gustav/ws_moveit2/install/moveit_ros_warehouse:/home/gustav/ws_moveit2/install/moveit_ros_robot_interaction:/home/gustav/ws_moveit2/install/moveit_ros_perception:/home/gustav/ws_moveit2/install/moveit_resources_prbt_pg70_support:/home/gustav/ws_moveit2/install/moveit_resources_prbt_moveit_config:/home/gustav/ws_moveit2/install/moveit_ros_move_group:/home/gustav/ws_moveit2/install/moveit_planners_ompl:/home/gustav/ws_moveit2/install/moveit_ros_planning:/home/gustav/ws_moveit2/install/moveit_ros_occupancy_map_monitor:/home/gustav/ws_moveit2/install/moveit_resources_prbt_ikfast_manipulator_plugin:/home/gustav/ws_moveit2/install/moveit_planners_chomp:/home/gustav/ws_moveit2/install/moveit_kinematics:/home/gustav/ws_moveit2/install/moveit_chomp_optimizer_adapter:/home/gustav/ws_moveit2/install/chomp_motion_planner:/home/gustav/ws_moveit2/install/moveit_core:/home/gustav/ws_moveit2/install/srdfdom:/home/gustav/ws_moveit2/install/rviz_marker_tools:/home/gustav/ws_moveit2/install/rosparam_shortcuts:/home/gustav/ws_moveit2/install/moveit_task_constructor_msgs:/home/gustav/ws_moveit2/install/moveit_resources_prbt_support:/home/gustav/ws_moveit2/install/moveit_resources:/home/gustav/ws_moveit2/install/moveit_resources_pr2_description:/home/gustav/ws_moveit2/install/moveit_resources_panda_moveit_config:/home/gustav/ws_moveit2/install/moveit_resources_panda_description:/home/gustav/ws_moveit2/install/moveit_resources_fanuc_moveit_config:/home/gustav/ws_moveit2/install/moveit_resources_fanuc_description:/home/gustav/ws_moveit2/install/moveit_common:/home/gustav/ws_moveit2/install/lbr_description:/home/gustav/ws_moveit2/install/kuka_bord_description:/home/gustav/P5-Kuka-Dual-Arm/moveit2_kuka_table/install/send_cudes:/home/gustav/P5-Kuka-Dual-Arm/moveit2_kuka_table/install/moveit2_launch:/home/gustav/P5-Kuka-Dual-Arm/moveit2_kuka_table/install/kuka_bord_description:/home/gustav/lbr_stack/install/med7_moveit_config:/home/gustav/lbr_stack/install/med14_moveit_config:/home/gustav/lbr_stack/install/lbr_fri_ros2_stack:/home/gustav/lbr_stack/install/lbr_demos_cpp:/home/gustav/lbr_stack/install/lbr_bringup:/home/gustav/lbr_stack/install/lbr_ros2_control:/home/gustav/lbr_stack/install/lbr_moveit_cpp:/home/gustav/lbr_stack/install/lbr_demos_advanced_cpp:/home/gustav/lbr_stack/install/lbr_fri_ros2:/home/gustav/lbr_stack/install/lbr_fri_idl:/home/gustav/lbr_stack/install/iiwa7_moveit_config:/home/gustav/lbr_stack/install/iiwa14_moveit_config:/home/gustav/lbr_stack/install/lbr_description:/home/gustav/lbr_stack/install/fri_client_sdk:/home/gustav/ws_P5/install/send_cudes:/home/gustav/ws_P5/install/moveit2_launch:/home/gustav/ws_P5/install/kuka_bord_description:/home/gustav/ws_moveit2/install/moveit_configs_utils:/home/gustav/ws_moveit2/install/launch_param_builder:/home/gustav/lbr_stack/install/lbr_demos_py:/home/gustav/lbr_stack/install/lbr_demos_advanced_py:/opt/ros/humble LD_LIBRARY_PATH=/home/gustav/P5-Kuka-Dual-Arm/install/moveit_ros_occupancy_map_monitor/lib:/home/gustav/P5-Kuka-Dual-Arm/install/moveit_core/lib:/home/gustav/P5-Kuka-Dual-Arm/install/parameter_traits/lib:/home/gustav/P5-Kuka-Dual-Arm/install/moveit_msgs/lib:${LD_LIBRARY_PATH} PATH=/home/gustav/P5-Kuka-Dual-Arm/install/moveit_core/bin:/home/gustav/P5-Kuka-Dual-Arm/install/generate_parameter_library_py/bin:${PATH} PYTHONPATH=/home/gustav/P5-Kuka-Dual-Arm/install/moveit_msgs/local/lib/python3.10/dist-packages:/home/gustav/P5-Kuka-Dual-Arm/install/generate_parameter_library_py/lib/python3.10/site-packages:${PYTHONPATH} /usr/bin/cmake --install /home/gustav/P5-Kuka-Dual-Arm/build/moveit_ros_planning
[207.231s] -- Install configuration: "Release"
[207.231s] -- Installing: /home/gustav/P5-Kuka-Dual-Arm/install/moveit_ros_planning/include
[207.231s] -- Installing: /home/gustav/P5-Kuka-Dual-Arm/install/moveit_ros_planning/include/moveit
[207.232s] -- Installing: /home/gustav/P5-Kuka-Dual-Arm/install/moveit_ros_planning/include/moveit/rdf_loader
[207.232s] -- Installing: /home/gustav/P5-Kuka-Dual-Arm/install/moveit_ros_planning/include/moveit/rdf_loader/synchronized_string_parameter.h
[207.232s] -- Installing: /home/gustav/P5-Kuka-Dual-Arm/install/moveit_ros_planning/include/moveit/rdf_loader/rdf_loader.h
[207.232s] -- Installing: /home/gustav/P5-Kuka-Dual-Arm/install/moveit_ros_planning/share/moveit_ros_planning/rdf_loader/test/data
[207.232s] -- Installing: /home/gustav/P5-Kuka-Dual-Arm/install/moveit_ros_planning/share/moveit_ros_planning/rdf_loader/test/data/kermit.srdf
[207.232s] -- Installing: /home/gustav/P5-Kuka-Dual-Arm/install/moveit_ros_planning/share/moveit_ros_planning/rdf_loader/test/data/kermit.urdf
[207.233s] -- Installing: /home/gustav/P5-Kuka-Dual-Arm/install/moveit_ros_planning/share/moveit_ros_planning/rdf_loader/test/data/robin.srdf.xacro
[207.233s] -- Installing: /home/gustav/P5-Kuka-Dual-Arm/install/moveit_ros_planning/share/moveit_ros_planning/rdf_loader/test/data/gonzo.urdf
[207.233s] -- Installing: /home/gustav/P5-Kuka-Dual-Arm/install/moveit_ros_planning/share/moveit_ros_planning/rdf_loader/test/data/gonzo.srdf
[207.233s] -- Installing: /home/gustav/P5-Kuka-Dual-Arm/install/moveit_ros_planning/share/moveit_ros_planning/rdf_loader/test/launch
[207.233s] -- Installing: /home/gustav/P5-Kuka-Dual-Arm/install/moveit_ros_planning/share/moveit_ros_planning/rdf_loader/test/launch/test_rdf_integration.test.py
[207.234s] -- Up-to-date: /home/gustav/P5-Kuka-Dual-Arm/install/moveit_ros_planning/include
[207.234s] -- Up-to-date: /home/gustav/P5-Kuka-Dual-Arm/install/moveit_ros_planning/include/moveit
[207.234s] -- Installing: /home/gustav/P5-Kuka-Dual-Arm/install/moveit_ros_planning/include/moveit/collision_plugin_loader
[207.234s] -- Installing: /home/gustav/P5-Kuka-Dual-Arm/install/moveit_ros_planning/include/moveit/collision_plugin_loader/collision_plugin_loader.h
[207.234s] -- Up-to-date: /home/gustav/P5-Kuka-Dual-Arm/install/moveit_ros_planning/include
[207.234s] -- Up-to-date: /home/gustav/P5-Kuka-Dual-Arm/install/moveit_ros_planning/include/moveit
[207.234s] -- Installing: /home/gustav/P5-Kuka-Dual-Arm/install/moveit_ros_planning/include/moveit/kinematics_plugin_loader
[207.234s] -- Installing: /home/gustav/P5-Kuka-Dual-Arm/install/moveit_ros_planning/include/moveit/kinematics_plugin_loader/kinematics_plugin_loader.h
[207.234s] -- Up-to-date: /home/gustav/P5-Kuka-Dual-Arm/install/moveit_ros_planning/include
[207.234s] -- Up-to-date: /home/gustav/P5-Kuka-Dual-Arm/install/moveit_ros_planning/include/moveit
[207.235s] -- Installing: /home/gustav/P5-Kuka-Dual-Arm/install/moveit_ros_planning/include/moveit/robot_model_loader
[207.235s] -- Installing: /home/gustav/P5-Kuka-Dual-Arm/install/moveit_ros_planning/include/moveit/robot_model_loader/robot_model_loader.h
[207.235s] -- Up-to-date: /home/gustav/P5-Kuka-Dual-Arm/install/moveit_ros_planning/include
[207.235s] -- Up-to-date: /home/gustav/P5-Kuka-Dual-Arm/install/moveit_ros_planning/include/moveit
[207.235s] -- Installing: /home/gustav/P5-Kuka-Dual-Arm/install/moveit_ros_planning/include/moveit/constraint_sampler_manager_loader
[207.235s] -- Installing: /home/gustav/P5-Kuka-Dual-Arm/install/moveit_ros_planning/include/moveit/constraint_sampler_manager_loader/constraint_sampler_manager_loader.h
[207.235s] -- Up-to-date: /home/gustav/P5-Kuka-Dual-Arm/install/moveit_ros_planning/include
[207.235s] -- Up-to-date: /home/gustav/P5-Kuka-Dual-Arm/install/moveit_ros_planning/include/moveit
[207.235s] -- Installing: /home/gustav/P5-Kuka-Dual-Arm/install/moveit_ros_planning/include/moveit/planning_pipeline
[207.235s] -- Installing: /home/gustav/P5-Kuka-Dual-Arm/install/moveit_ros_planning/include/moveit/planning_pipeline/planning_pipeline.h
[207.235s] -- Installing: /home/gustav/P5-Kuka-Dual-Arm/install/moveit_ros_planning/include/moveit_planning_pipeline_export.h
[207.236s] -- Installing: /home/gustav/P5-Kuka-Dual-Arm/install/moveit_ros_planning/lib/moveit_ros_planning/moveit_list_request_adapter_plugins
[207.236s] -- Set runtime path of "/home/gustav/P5-Kuka-Dual-Arm/install/moveit_ros_planning/lib/moveit_ros_planning/moveit_list_request_adapter_plugins" to ""
[207.236s] -- Installing: /home/gustav/P5-Kuka-Dual-Arm/install/moveit_ros_planning/lib/moveit_ros_planning/demo_scene
[207.237s] -- Set runtime path of "/home/gustav/P5-Kuka-Dual-Arm/install/moveit_ros_planning/lib/moveit_ros_planning/demo_scene" to ""
[207.237s] -- Up-to-date: /home/gustav/P5-Kuka-Dual-Arm/install/moveit_ros_planning/include
[207.237s] -- Up-to-date: /home/gustav/P5-Kuka-Dual-Arm/install/moveit_ros_planning/include/moveit
[207.237s] -- Installing: /home/gustav/P5-Kuka-Dual-Arm/install/moveit_ros_planning/include/moveit/planning_scene_monitor
[207.237s] -- Installing: /home/gustav/P5-Kuka-Dual-Arm/install/moveit_ros_planning/include/moveit/planning_scene_monitor/trajectory_monitor.h
[207.237s] -- Installing: /home/gustav/P5-Kuka-Dual-Arm/install/moveit_ros_planning/include/moveit/planning_scene_monitor/current_state_monitor_middleware_handle.hpp
[207.237s] -- Installing: /home/gustav/P5-Kuka-Dual-Arm/install/moveit_ros_planning/include/moveit/planning_scene_monitor/current_state_monitor.h
[207.237s] -- Installing: /home/gustav/P5-Kuka-Dual-Arm/install/moveit_ros_planning/include/moveit/planning_scene_monitor/planning_scene_monitor.h
[207.237s] -- Installing: /home/gustav/P5-Kuka-Dual-Arm/install/moveit_ros_planning/include/moveit/planning_scene_monitor/trajectory_monitor_middleware_handle.hpp
[207.237s] -- Installing: /home/gustav/P5-Kuka-Dual-Arm/install/moveit_ros_planning/include/moveit_planning_scene_monitor_export.h
[207.238s] -- Installing: /home/gustav/P5-Kuka-Dual-Arm/install/moveit_ros_planning/lib/moveit_ros_planning/moveit_print_planning_model_info
[207.238s] -- Set runtime path of "/home/gustav/P5-Kuka-Dual-Arm/install/moveit_ros_planning/lib/moveit_ros_planning/moveit_print_planning_model_info" to ""
[207.238s] -- Installing: /home/gustav/P5-Kuka-Dual-Arm/install/moveit_ros_planning/lib/moveit_ros_planning/moveit_print_planning_scene_info
[207.238s] -- Set runtime path of "/home/gustav/P5-Kuka-Dual-Arm/install/moveit_ros_planning/lib/moveit_ros_planning/moveit_print_planning_scene_info" to ""
[207.239s] -- Installing: /home/gustav/P5-Kuka-Dual-Arm/install/moveit_ros_planning/lib/moveit_ros_planning/moveit_display_random_state
[207.239s] -- Set runtime path of "/home/gustav/P5-Kuka-Dual-Arm/install/moveit_ros_planning/lib/moveit_ros_planning/moveit_display_random_state" to ""
[207.239s] -- Installing: /home/gustav/P5-Kuka-Dual-Arm/install/moveit_ros_planning/lib/moveit_ros_planning/moveit_visualize_robot_collision_volume
[207.240s] -- Set runtime path of "/home/gustav/P5-Kuka-Dual-Arm/install/moveit_ros_planning/lib/moveit_ros_planning/moveit_visualize_robot_collision_volume" to ""
[207.240s] -- Installing: /home/gustav/P5-Kuka-Dual-Arm/install/moveit_ros_planning/lib/moveit_ros_planning/moveit_evaluate_collision_checking_speed
[207.240s] -- Set runtime path of "/home/gustav/P5-Kuka-Dual-Arm/install/moveit_ros_planning/lib/moveit_ros_planning/moveit_evaluate_collision_checking_speed" to ""
[207.240s] -- Installing: /home/gustav/P5-Kuka-Dual-Arm/install/moveit_ros_planning/lib/moveit_ros_planning/moveit_publish_scene_from_text
[207.240s] -- Set runtime path of "/home/gustav/P5-Kuka-Dual-Arm/install/moveit_ros_planning/lib/moveit_ros_planning/moveit_publish_scene_from_text" to ""
[207.241s] -- Up-to-date: /home/gustav/P5-Kuka-Dual-Arm/install/moveit_ros_planning/include
[207.241s] -- Up-to-date: /home/gustav/P5-Kuka-Dual-Arm/install/moveit_ros_planning/include/moveit
[207.241s] -- Installing: /home/gustav/P5-Kuka-Dual-Arm/install/moveit_ros_planning/include/moveit/trajectory_execution_manager
[207.241s] -- Installing: /home/gustav/P5-Kuka-Dual-Arm/install/moveit_ros_planning/include/moveit/trajectory_execution_manager/trajectory_execution_manager.h
[207.241s] -- Installing: /home/gustav/P5-Kuka-Dual-Arm/install/moveit_ros_planning/include/moveit_trajectory_execution_manager_export.h
[207.241s] -- Up-to-date: /home/gustav/P5-Kuka-Dual-Arm/install/moveit_ros_planning/include
[207.241s] -- Up-to-date: /home/gustav/P5-Kuka-Dual-Arm/install/moveit_ros_planning/include/moveit
[207.241s] -- Installing: /home/gustav/P5-Kuka-Dual-Arm/install/moveit_ros_planning/include/moveit/plan_execution
[207.241s] -- Installing: /home/gustav/P5-Kuka-Dual-Arm/install/moveit_ros_planning/include/moveit/plan_execution/plan_execution.h
[207.241s] -- Installing: /home/gustav/P5-Kuka-Dual-Arm/install/moveit_ros_planning/include/moveit/plan_execution/plan_representation.h
[207.242s] -- Up-to-date: /home/gustav/P5-Kuka-Dual-Arm/install/moveit_ros_planning/include
[207.242s] -- Up-to-date: /home/gustav/P5-Kuka-Dual-Arm/install/moveit_ros_planning/include/moveit
[207.242s] -- Installing: /home/gustav/P5-Kuka-Dual-Arm/install/moveit_ros_planning/include/moveit/moveit_cpp
[207.242s] -- Installing: /home/gustav/P5-Kuka-Dual-Arm/install/moveit_ros_planning/include/moveit/moveit_cpp/planning_component.h
[207.242s] -- Installing: /home/gustav/P5-Kuka-Dual-Arm/install/moveit_ros_planning/include/moveit/moveit_cpp/moveit_cpp.h
[207.242s] -- Installing: /home/gustav/P5-Kuka-Dual-Arm/install/moveit_ros_planning/lib/libmoveit_rdf_loader.so.2.5.5
[207.243s] -- Set runtime path of "/home/gustav/P5-Kuka-Dual-Arm/install/moveit_ros_planning/lib/libmoveit_rdf_loader.so.2.5.5" to ""
[207.243s] -- Installing: /home/gustav/P5-Kuka-Dual-Arm/install/moveit_ros_planning/lib/libmoveit_rdf_loader.so
[207.243s] -- Installing: /home/gustav/P5-Kuka-Dual-Arm/install/moveit_ros_planning/lib/libmoveit_kinematics_plugin_loader.so.2.5.5
[207.243s] -- Set runtime path of "/home/gustav/P5-Kuka-Dual-Arm/install/moveit_ros_planning/lib/libmoveit_kinematics_plugin_loader.so.2.5.5" to ""
[207.244s] -- Installing: /home/gustav/P5-Kuka-Dual-Arm/install/moveit_ros_planning/lib/libmoveit_kinematics_plugin_loader.so
[207.244s] -- Installing: /home/gustav/P5-Kuka-Dual-Arm/install/moveit_ros_planning/lib/libmoveit_robot_model_loader.so.2.5.5
[207.244s] -- Set runtime path of "/home/gustav/P5-Kuka-Dual-Arm/install/moveit_ros_planning/lib/libmoveit_robot_model_loader.so.2.5.5" to ""
[207.244s] -- Installing: /home/gustav/P5-Kuka-Dual-Arm/install/moveit_ros_planning/lib/libmoveit_robot_model_loader.so
[207.244s] -- Installing: /home/gustav/P5-Kuka-Dual-Arm/install/moveit_ros_planning/lib/libmoveit_constraint_sampler_manager_loader.so.2.5.5
[207.245s] -- Set runtime path of "/home/gustav/P5-Kuka-Dual-Arm/install/moveit_ros_planning/lib/libmoveit_constraint_sampler_manager_loader.so.2.5.5" to ""
[207.245s] -- Installing: /home/gustav/P5-Kuka-Dual-Arm/install/moveit_ros_planning/lib/libmoveit_constraint_sampler_manager_loader.so
[207.245s] -- Installing: /home/gustav/P5-Kuka-Dual-Arm/install/moveit_ros_planning/lib/libmoveit_planning_pipeline.so.2.5.5
[207.246s] -- Set runtime path of "/home/gustav/P5-Kuka-Dual-Arm/install/moveit_ros_planning/lib/libmoveit_planning_pipeline.so.2.5.5" to ""
[207.246s] -- Installing: /home/gustav/P5-Kuka-Dual-Arm/install/moveit_ros_planning/lib/libmoveit_planning_pipeline.so
[207.246s] -- Installing: /home/gustav/P5-Kuka-Dual-Arm/install/moveit_ros_planning/lib/libmoveit_trajectory_execution_manager.so.2.5.5
[207.247s] -- Set runtime path of "/home/gustav/P5-Kuka-Dual-Arm/install/moveit_ros_planning/lib/libmoveit_trajectory_execution_manager.so.2.5.5" to ""
[207.247s] -- Installing: /home/gustav/P5-Kuka-Dual-Arm/install/moveit_ros_planning/lib/libmoveit_trajectory_execution_manager.so
[207.247s] -- Installing: /home/gustav/P5-Kuka-Dual-Arm/install/moveit_ros_planning/lib/libmoveit_plan_execution.so.2.5.5
[207.247s] -- Set runtime path of "/home/gustav/P5-Kuka-Dual-Arm/install/moveit_ros_planning/lib/libmoveit_plan_execution.so.2.5.5" to ""
[207.248s] -- Installing: /home/gustav/P5-Kuka-Dual-Arm/install/moveit_ros_planning/lib/libmoveit_plan_execution.so
[207.248s] -- Installing: /home/gustav/P5-Kuka-Dual-Arm/install/moveit_ros_planning/lib/libmoveit_planning_scene_monitor.so.2.5.5
[207.251s] -- Set runtime path of "/home/gustav/P5-Kuka-Dual-Arm/install/moveit_ros_planning/lib/libmoveit_planning_scene_monitor.so.2.5.5" to ""
[207.251s] -- Installing: /home/gustav/P5-Kuka-Dual-Arm/install/moveit_ros_planning/lib/libmoveit_planning_scene_monitor.so
[207.251s] -- Installing: /home/gustav/P5-Kuka-Dual-Arm/install/moveit_ros_planning/lib/libmoveit_collision_plugin_loader.so.2.5.5
[207.251s] -- Set runtime path of "/home/gustav/P5-Kuka-Dual-Arm/install/moveit_ros_planning/lib/libmoveit_collision_plugin_loader.so.2.5.5" to ""
[207.251s] -- Installing: /home/gustav/P5-Kuka-Dual-Arm/install/moveit_ros_planning/lib/libmoveit_collision_plugin_loader.so
[207.251s] -- Installing: /home/gustav/P5-Kuka-Dual-Arm/install/moveit_ros_planning/lib/libmoveit_default_planning_request_adapter_plugins.so.2.5.5
[207.252s] -- Set runtime path of "/home/gustav/P5-Kuka-Dual-Arm/install/moveit_ros_planning/lib/libmoveit_default_planning_request_adapter_plugins.so.2.5.5" to ""
[207.252s] -- Installing: /home/gustav/P5-Kuka-Dual-Arm/install/moveit_ros_planning/lib/libmoveit_default_planning_request_adapter_plugins.so
[207.252s] -- Installing: /home/gustav/P5-Kuka-Dual-Arm/install/moveit_ros_planning/lib/libmoveit_cpp.so.2.5.5
[207.252s] -- Set runtime path of "/home/gustav/P5-Kuka-Dual-Arm/install/moveit_ros_planning/lib/libmoveit_cpp.so.2.5.5" to ""
[207.252s] -- Installing: /home/gustav/P5-Kuka-Dual-Arm/install/moveit_ros_planning/lib/libmoveit_cpp.so
[207.253s] -- Installing: /home/gustav/P5-Kuka-Dual-Arm/install/moveit_ros_planning/share/moveit_ros_planning/environment/library_path.sh
[207.253s] -- Installing: /home/gustav/P5-Kuka-Dual-Arm/install/moveit_ros_planning/share/moveit_ros_planning/environment/library_path.dsv
[207.253s] -- Installing: /home/gustav/P5-Kuka-Dual-Arm/install/moveit_ros_planning/share/moveit_ros_planning/planning_request_adapters_plugin_description.xml
[207.253s] -- Installing: /home/gustav/P5-Kuka-Dual-Arm/install/moveit_ros_planning/share/ament_index/resource_index/package_run_dependencies/moveit_ros_planning
[207.253s] -- Installing: /home/gustav/P5-Kuka-Dual-Arm/install/moveit_ros_planning/share/ament_index/resource_index/parent_prefix_path/moveit_ros_planning
[207.253s] -- Installing: /home/gustav/P5-Kuka-Dual-Arm/install/moveit_ros_planning/share/moveit_ros_planning/environment/ament_prefix_path.sh
[207.254s] -- Installing: /home/gustav/P5-Kuka-Dual-Arm/install/moveit_ros_planning/share/moveit_ros_planning/environment/ament_prefix_path.dsv
[207.254s] -- Installing: /home/gustav/P5-Kuka-Dual-Arm/install/moveit_ros_planning/share/moveit_ros_planning/environment/path.sh
[207.254s] -- Installing: /home/gustav/P5-Kuka-Dual-Arm/install/moveit_ros_planning/share/moveit_ros_planning/environment/path.dsv
[207.254s] -- Installing: /home/gustav/P5-Kuka-Dual-Arm/install/moveit_ros_planning/share/moveit_ros_planning/local_setup.bash
[207.254s] -- Installing: /home/gustav/P5-Kuka-Dual-Arm/install/moveit_ros_planning/share/moveit_ros_planning/local_setup.sh
[207.254s] -- Installing: /home/gustav/P5-Kuka-Dual-Arm/install/moveit_ros_planning/share/moveit_ros_planning/local_setup.zsh
[207.254s] -- Installing: /home/gustav/P5-Kuka-Dual-Arm/install/moveit_ros_planning/share/moveit_ros_planning/local_setup.dsv
[207.254s] -- Installing: /home/gustav/P5-Kuka-Dual-Arm/install/moveit_ros_planning/share/moveit_ros_planning/package.dsv
[207.255s] -- Installing: /home/gustav/P5-Kuka-Dual-Arm/install/moveit_ros_planning/share/ament_index/resource_index/packages/moveit_ros_planning
[207.255s] -- Installing: /home/gustav/P5-Kuka-Dual-Arm/install/moveit_ros_planning/share/ament_index/resource_index/moveit_core__pluginlib__plugin/moveit_ros_planning
[207.255s] -- Installing: /home/gustav/P5-Kuka-Dual-Arm/install/moveit_ros_planning/share/moveit_ros_planning/cmake/export_moveit_ros_planningExport.cmake
[207.255s] -- Installing: /home/gustav/P5-Kuka-Dual-Arm/install/moveit_ros_planning/share/moveit_ros_planning/cmake/export_moveit_ros_planningExport-release.cmake
[207.255s] -- Installing: /home/gustav/P5-Kuka-Dual-Arm/install/moveit_ros_planning/share/moveit_ros_planning/cmake/ConfigExtras.cmake
[207.255s] -- Installing: /home/gustav/P5-Kuka-Dual-Arm/install/moveit_ros_planning/share/moveit_ros_planning/cmake/ament_cmake_export_targets-extras.cmake
[207.255s] -- Installing: /home/gustav/P5-Kuka-Dual-Arm/install/moveit_ros_planning/share/moveit_ros_planning/cmake/ament_cmake_export_dependencies-extras.cmake
[207.255s] -- Installing: /home/gustav/P5-Kuka-Dual-Arm/install/moveit_ros_planning/share/moveit_ros_planning/cmake/moveit_ros_planningConfig.cmake
[207.256s] -- Installing: /home/gustav/P5-Kuka-Dual-Arm/install/moveit_ros_planning/share/moveit_ros_planning/cmake/moveit_ros_planningConfig-version.cmake
[207.256s] -- Installing: /home/gustav/P5-Kuka-Dual-Arm/install/moveit_ros_planning/share/moveit_ros_planning/package.xml
[207.258s] Invoked command in '/home/gustav/P5-Kuka-Dual-Arm/build/moveit_ros_planning' returned '0': AMENT_PREFIX_PATH=/home/gustav/P5-Kuka-Dual-Arm/install/moveit_ros_occupancy_map_monitor:/home/gustav/P5-Kuka-Dual-Arm/install/moveit_core:/home/gustav/P5-Kuka-Dual-Arm/install/moveit_resources_panda_moveit_config:/home/gustav/P5-Kuka-Dual-Arm/install/generate_parameter_library:/home/gustav/P5-Kuka-Dual-Arm/install/parameter_traits:/home/gustav/P5-Kuka-Dual-Arm/install/moveit_resources_pr2_description:/home/gustav/P5-Kuka-Dual-Arm/install/moveit_resources_panda_description:/home/gustav/P5-Kuka-Dual-Arm/install/moveit_msgs:/home/gustav/P5-Kuka-Dual-Arm/install/moveit_common:/home/gustav/P5-Kuka-Dual-Arm/install/generate_parameter_library_py:${AMENT_PREFIX_PATH} CMAKE_PREFIX_PATH=/home/gustav/P5-Kuka-Dual-Arm/install/moveit_ros_occupancy_map_monitor:/home/gustav/P5-Kuka-Dual-Arm/install/moveit_core:/home/gustav/P5-Kuka-Dual-Arm/install/moveit_resources_panda_moveit_config:/home/gustav/P5-Kuka-Dual-Arm/install/generate_parameter_library:/home/gustav/P5-Kuka-Dual-Arm/install/parameter_traits:/home/gustav/P5-Kuka-Dual-Arm/install/moveit_resources_pr2_description:/home/gustav/P5-Kuka-Dual-Arm/install/moveit_resources_panda_description:/home/gustav/P5-Kuka-Dual-Arm/install/moveit_msgs:/home/gustav/P5-Kuka-Dual-Arm/install/moveit_common:/home/gustav/ws_lbr/install/med7_moveit_config:/home/gustav/ws_lbr/install/med14_moveit_config:/home/gustav/ws_lbr/install/lbr_moveit_cpp:/home/gustav/ws_lbr/install/iiwa7_moveit_config:/home/gustav/ws_lbr/install/iiwa14_moveit_config:/home/gustav/ws_lbr/install/lbr_description:/home/gustav/ws_moveit2/install/pilz_industrial_motion_planner_testutils:/home/gustav/ws_moveit2/install/moveit_runtime:/home/gustav/ws_moveit2/install/moveit2_tutorials:/home/gustav/ws_moveit2/install/moveit:/home/gustav/ws_moveit2/install/moveit_planners:/home/gustav/ws_moveit2/install/pilz_industrial_motion_planner:/home/gustav/ws_moveit2/install/moveit_visual_tools:/home/gustav/ws_moveit2/install/moveit_task_constructor_visualization:/home/gustav/ws_moveit2/install/moveit_task_constructor_demo:/home/gustav/ws_moveit2/install/moveit_task_constructor_capabilities:/home/gustav/ws_moveit2/install/moveit_task_constructor_core:/home/gustav/ws_moveit2/install/moveit_ros_control_interface:/home/gustav/ws_moveit2/install/moveit_plugins:/home/gustav/ws_moveit2/install/moveit_simple_controller_manager:/home/gustav/ws_moveit2/install/moveit_setup_assistant:/home/gustav/ws_moveit2/install/moveit_setup_srdf_plugins:/home/gustav/ws_moveit2/install/moveit_setup_core_plugins:/home/gustav/ws_moveit2/install/moveit_setup_controllers:/home/gustav/ws_moveit2/install/moveit_setup_app_plugins:/home/gustav/ws_moveit2/install/moveit_setup_framework:/home/gustav/ws_moveit2/install/moveit_servo:/home/gustav/ws_moveit2/install/moveit_ros:/home/gustav/ws_moveit2/install/moveit_ros_visualization:/home/gustav/ws_moveit2/install/moveit_hybrid_planning:/home/gustav/ws_moveit2/install/hello_moveit:/home/gustav/ws_moveit2/install/moveit_ros_planning_interface:/home/gustav/ws_moveit2/install/moveit_ros_benchmarks:/home/gustav/ws_moveit2/install/moveit_ros_warehouse:/home/gustav/ws_moveit2/install/moveit_ros_robot_interaction:/home/gustav/ws_moveit2/install/moveit_ros_perception:/home/gustav/ws_moveit2/install/moveit_resources_prbt_pg70_support:/home/gustav/ws_moveit2/install/moveit_resources_prbt_moveit_config:/home/gustav/ws_moveit2/install/moveit_ros_move_group:/home/gustav/ws_moveit2/install/moveit_planners_ompl:/home/gustav/ws_moveit2/install/moveit_ros_planning:/home/gustav/ws_moveit2/install/moveit_ros_occupancy_map_monitor:/home/gustav/ws_moveit2/install/moveit_resources_prbt_ikfast_manipulator_plugin:/home/gustav/ws_moveit2/install/moveit_planners_chomp:/home/gustav/ws_moveit2/install/moveit_kinematics:/home/gustav/ws_moveit2/install/moveit_chomp_optimizer_adapter:/home/gustav/ws_moveit2/install/chomp_motion_planner:/home/gustav/ws_moveit2/install/moveit_core:/home/gustav/ws_moveit2/install/srdfdom:/home/gustav/ws_moveit2/install/rviz_marker_tools:/home/gustav/ws_moveit2/install/rosparam_shortcuts:/home/gustav/ws_moveit2/install/moveit_task_constructor_msgs:/home/gustav/ws_moveit2/install/moveit_resources_prbt_support:/home/gustav/ws_moveit2/install/moveit_resources:/home/gustav/ws_moveit2/install/moveit_resources_pr2_description:/home/gustav/ws_moveit2/install/moveit_resources_panda_moveit_config:/home/gustav/ws_moveit2/install/moveit_resources_panda_description:/home/gustav/ws_moveit2/install/moveit_resources_fanuc_moveit_config:/home/gustav/ws_moveit2/install/moveit_resources_fanuc_description:/home/gustav/ws_moveit2/install/moveit_common:/home/gustav/ws_moveit2/install/lbr_description:/home/gustav/ws_moveit2/install/kuka_bord_description:/home/gustav/P5-Kuka-Dual-Arm/moveit2_kuka_table/install/send_cudes:/home/gustav/P5-Kuka-Dual-Arm/moveit2_kuka_table/install/moveit2_launch:/home/gustav/P5-Kuka-Dual-Arm/moveit2_kuka_table/install/kuka_bord_description:/home/gustav/lbr_stack/install/med7_moveit_config:/home/gustav/lbr_stack/install/med14_moveit_config:/home/gustav/lbr_stack/install/lbr_fri_ros2_stack:/home/gustav/lbr_stack/install/lbr_demos_cpp:/home/gustav/lbr_stack/install/lbr_bringup:/home/gustav/lbr_stack/install/lbr_ros2_control:/home/gustav/lbr_stack/install/lbr_moveit_cpp:/home/gustav/lbr_stack/install/lbr_demos_advanced_cpp:/home/gustav/lbr_stack/install/lbr_fri_ros2:/home/gustav/lbr_stack/install/lbr_fri_idl:/home/gustav/lbr_stack/install/iiwa7_moveit_config:/home/gustav/lbr_stack/install/iiwa14_moveit_config:/home/gustav/lbr_stack/install/lbr_description:/home/gustav/lbr_stack/install/fri_client_sdk:/home/gustav/ws_P5/install/send_cudes:/home/gustav/ws_P5/install/moveit2_launch:/home/gustav/ws_P5/install/kuka_bord_description:/home/gustav/ws_moveit2/install/moveit_configs_utils:/home/gustav/ws_moveit2/install/launch_param_builder:/home/gustav/lbr_stack/install/lbr_demos_py:/home/gustav/lbr_stack/install/lbr_demos_advanced_py:/opt/ros/humble LD_LIBRARY_PATH=/home/gustav/P5-Kuka-Dual-Arm/install/moveit_ros_occupancy_map_monitor/lib:/home/gustav/P5-Kuka-Dual-Arm/install/moveit_core/lib:/home/gustav/P5-Kuka-Dual-Arm/install/parameter_traits/lib:/home/gustav/P5-Kuka-Dual-Arm/install/moveit_msgs/lib:${LD_LIBRARY_PATH} PATH=/home/gustav/P5-Kuka-Dual-Arm/install/moveit_core/bin:/home/gustav/P5-Kuka-Dual-Arm/install/generate_parameter_library_py/bin:${PATH} PYTHONPATH=/home/gustav/P5-Kuka-Dual-Arm/install/moveit_msgs/local/lib/python3.10/dist-packages:/home/gustav/P5-Kuka-Dual-Arm/install/generate_parameter_library_py/lib/python3.10/site-packages:${PYTHONPATH} /usr/bin/cmake --install /home/gustav/P5-Kuka-Dual-Arm/build/moveit_ros_planning
