[0.055s] Invoking command in '/home/gustav/P5-Kuka-Dual-Arm/build/pilz_industrial_motion_planner': AMENT_PREFIX_PATH=/home/gustav/P5-Kuka-Dual-Arm/install/moveit_resources_prbt_pg70_support:/home/gustav/P5-Kuka-Dual-Arm/install/moveit_ros_planning_interface:/home/gustav/P5-Kuka-Dual-Arm/install/moveit_resources_prbt_moveit_config:/home/gustav/P5-Kuka-Dual-Arm/install/moveit_ros_move_group:/home/gustav/P5-Kuka-Dual-Arm/install/moveit_ros_warehouse:/home/gustav/P5-Kuka-Dual-Arm/install/moveit_planners_ompl:/home/gustav/P5-Kuka-Dual-Arm/install/moveit_kinematics:/home/gustav/P5-Kuka-Dual-Arm/install/moveit_ros_planning:/home/gustav/P5-Kuka-Dual-Arm/install/pilz_industrial_motion_planner_testutils:/home/gustav/P5-Kuka-Dual-Arm/install/moveit_simple_controller_manager:/home/gustav/P5-Kuka-Dual-Arm/install/moveit_ros_occupancy_map_monitor:/home/gustav/P5-Kuka-Dual-Arm/install/moveit_resources_prbt_ikfast_manipulator_plugin:/home/gustav/P5-Kuka-Dual-Arm/install/moveit_core:/home/gustav/P5-Kuka-Dual-Arm/install/moveit_resources_panda_moveit_config:/home/gustav/P5-Kuka-Dual-Arm/install/moveit_resources_fanuc_moveit_config:/home/gustav/P5-Kuka-Dual-Arm/install/generate_parameter_library:/home/gustav/P5-Kuka-Dual-Arm/install/parameter_traits:/home/gustav/P5-Kuka-Dual-Arm/install/moveit_resources_prbt_support:/home/gustav/P5-Kuka-Dual-Arm/install/moveit_resources_pr2_description:/home/gustav/P5-Kuka-Dual-Arm/install/moveit_resources_panda_description:/home/gustav/P5-Kuka-Dual-Arm/install/moveit_resources_fanuc_description:/home/gustav/P5-Kuka-Dual-Arm/install/moveit_msgs:/home/gustav/P5-Kuka-Dual-Arm/install/moveit_configs_utils:/home/gustav/P5-Kuka-Dual-Arm/install/moveit_common:/home/gustav/P5-Kuka-Dual-Arm/install/generate_parameter_library_py:${AMENT_PREFIX_PATH} CMAKE_PREFIX_PATH=/home/gustav/P5-Kuka-Dual-Arm/install/moveit_resources_prbt_pg70_support:/home/gustav/P5-Kuka-Dual-Arm/install/moveit_ros_planning_interface:/home/gustav/P5-Kuka-Dual-Arm/install/moveit_resources_prbt_moveit_config:/home/gustav/P5-Kuka-Dual-Arm/install/moveit_ros_move_group:/home/gustav/P5-Kuka-Dual-Arm/install/moveit_ros_warehouse:/home/gustav/P5-Kuka-Dual-Arm/install/moveit_planners_ompl:/home/gustav/P5-Kuka-Dual-Arm/install/moveit_kinematics:/home/gustav/P5-Kuka-Dual-Arm/install/moveit_ros_planning:/home/gustav/P5-Kuka-Dual-Arm/install/pilz_industrial_motion_planner_testutils:/home/gustav/P5-Kuka-Dual-Arm/install/moveit_simple_controller_manager:/home/gustav/P5-Kuka-Dual-Arm/install/moveit_ros_occupancy_map_monitor:/home/gustav/P5-Kuka-Dual-Arm/install/moveit_resources_prbt_ikfast_manipulator_plugin:/home/gustav/P5-Kuka-Dual-Arm/install/moveit_core:/home/gustav/P5-Kuka-Dual-Arm/install/moveit_resources_panda_moveit_config:/home/gustav/P5-Kuka-Dual-Arm/install/moveit_resources_fanuc_moveit_config:/home/gustav/P5-Kuka-Dual-Arm/install/generate_parameter_library:/home/gustav/P5-Kuka-Dual-Arm/install/parameter_traits:/home/gustav/P5-Kuka-Dual-Arm/install/moveit_resources_prbt_support:/home/gustav/P5-Kuka-Dual-Arm/install/moveit_resources_pr2_description:/home/gustav/P5-Kuka-Dual-Arm/install/moveit_resources_panda_description:/home/gustav/P5-Kuka-Dual-Arm/install/moveit_resources_fanuc_description:/home/gustav/P5-Kuka-Dual-Arm/install/moveit_msgs:/home/gustav/P5-Kuka-Dual-Arm/install/moveit_common:/opt/ros/humble LD_LIBRARY_PATH=/home/gustav/P5-Kuka-Dual-Arm/install/moveit_ros_planning_interface/lib:/home/gustav/P5-Kuka-Dual-Arm/install/moveit_ros_move_group/lib:/home/gustav/P5-Kuka-Dual-Arm/install/moveit_ros_warehouse/lib:/home/gustav/P5-Kuka-Dual-Arm/install/moveit_planners_ompl/lib:/home/gustav/P5-Kuka-Dual-Arm/install/moveit_kinematics/lib:/home/gustav/P5-Kuka-Dual-Arm/install/moveit_ros_planning/lib:/home/gustav/P5-Kuka-Dual-Arm/install/pilz_industrial_motion_planner_testutils/lib:/home/gustav/P5-Kuka-Dual-Arm/install/moveit_simple_controller_manager/lib:/home/gustav/P5-Kuka-Dual-Arm/install/moveit_ros_occupancy_map_monitor/lib:/home/gustav/P5-Kuka-Dual-Arm/install/moveit_resources_prbt_ikfast_manipulator_plugin/lib:/home/gustav/P5-Kuka-Dual-Arm/install/moveit_core/lib:/home/gustav/P5-Kuka-Dual-Arm/install/parameter_traits/lib:/home/gustav/P5-Kuka-Dual-Arm/install/moveit_msgs/lib:${LD_LIBRARY_PATH} PATH=/home/gustav/P5-Kuka-Dual-Arm/install/moveit_core/bin:/home/gustav/P5-Kuka-Dual-Arm/install/generate_parameter_library_py/bin:${PATH} PYTHONPATH=/home/gustav/P5-Kuka-Dual-Arm/install/moveit_msgs/local/lib/python3.10/dist-packages:/home/gustav/P5-Kuka-Dual-Arm/install/moveit_configs_utils/lib/python3.10/site-packages:/home/gustav/P5-Kuka-Dual-Arm/install/generate_parameter_library_py/lib/python3.10/site-packages:${PYTHONPATH} /usr/bin/cmake /home/gustav/P5-Kuka-Dual-Arm/p5_ws/src/moveit2/moveit_planners/pilz_industrial_motion_planner -DCMAKE_INSTALL_PREFIX=/home/gustav/P5-Kuka-Dual-Arm/install/pilz_industrial_motion_planner
[0.072s] -- Found moveit_common: 2.5.5 (/home/gustav/P5-Kuka-Dual-Arm/install/moveit_common/share/moveit_common/cmake)
[0.072s] -- Found ament_cmake: 1.3.10 (/opt/ros/humble/share/ament_cmake/cmake)
[0.336s] -- Found eigen3_cmake_module: 0.1.1 (/opt/ros/humble/share/eigen3_cmake_module/cmake)
[0.338s] -- Found geometry_msgs: 4.2.4 (/opt/ros/humble/share/geometry_msgs/cmake)
[0.377s] -- Found rosidl_generator_c: 3.1.5 (/opt/ros/humble/share/rosidl_generator_c/cmake)
[0.382s] -- Found rosidl_adapter: 3.1.5 (/opt/ros/humble/share/rosidl_adapter/cmake)
[0.391s] -- Found rosidl_generator_cpp: 3.1.5 (/opt/ros/humble/share/rosidl_generator_cpp/cmake)
[0.407s] -- Using all available rosidl_typesupport_c: rosidl_typesupport_fastrtps_c;rosidl_typesupport_introspection_c
[0.429s] -- Using all available rosidl_typesupport_cpp: rosidl_typesupport_fastrtps_cpp;rosidl_typesupport_introspection_cpp
[0.485s] -- Found moveit_core: 2.5.5 (/home/gustav/P5-Kuka-Dual-Arm/install/moveit_core/share/moveit_core/cmake)
[0.506s] -- Found Boost: /usr/lib/x86_64-linux-gnu/cmake/Boost-1.74.0/BoostConfig.cmake (found version "1.74.0") found components: chrono date_time filesystem iostreams program_options regex serialization system thread 
[0.547s] -- Found parameter_traits: 0.3.7 (/home/gustav/P5-Kuka-Dual-Arm/install/parameter_traits/share/parameter_traits/cmake)
[0.589s] -- Found rmw_implementation_cmake: 6.1.2 (/opt/ros/humble/share/rmw_implementation_cmake/cmake)
[0.593s] -- Found rmw_fastrtps_cpp: 6.2.7 (/opt/ros/humble/share/rmw_fastrtps_cpp/cmake)
[0.740s] -- Using RMW implementation 'rmw_fastrtps_cpp' as default
[0.814s] -- Found rclcpp_lifecycle: 16.0.10 (/opt/ros/humble/share/rclcpp_lifecycle/cmake)
[0.846s] -- Found Boost: /usr/lib/x86_64-linux-gnu/cmake/Boost-1.74.0/BoostConfig.cmake (found version "1.74.0") found components: filesystem 
[0.889s] -- library: /usr/lib/x86_64-linux-gnu/libcurl.so
[0.984s] -- Ensuring Eigen3 include directory is part of orocos-kdl CMake target
[1.342s] -- Found moveit_ros_move_group: 2.5.5 (/home/gustav/P5-Kuka-Dual-Arm/install/moveit_ros_move_group/share/moveit_ros_move_group/cmake)
[1.348s] -- Found Boost: /usr/lib/x86_64-linux-gnu/cmake/Boost-1.74.0/BoostConfig.cmake (found version "1.74.0") found components: system filesystem date_time program_options thread 
[1.407s] -- Found Boost: /usr/lib/x86_64-linux-gnu/cmake/Boost-1.74.0/BoostConfig.cmake (found version "1.74.0") found components: system filesystem date_time program_options thread chrono 
[1.432s] -- Found moveit_ros_planning_interface: 2.5.5 (/home/gustav/P5-Kuka-Dual-Arm/install/moveit_ros_planning_interface/share/moveit_ros_planning_interface/cmake)
[1.439s] -- Found Boost: /usr/lib/x86_64-linux-gnu/cmake/Boost-1.74.0/BoostConfig.cmake (found version "1.74.0") found components: date_time filesystem program_options system thread 
[1.455s] -- Found Boost: /usr/lib/x86_64-linux-gnu/cmake/Boost-1.74.0/BoostConfig.cmake (found version "1.74.0") found components: thread system filesystem regex date_time program_options 
[1.482s] -- Found tf2_eigen_kdl: 0.25.8 (/opt/ros/humble/share/tf2_eigen_kdl/cmake)
[1.490s] -- Found Boost: /usr/lib/x86_64-linux-gnu/cmake/Boost-1.74.0/BoostConfig.cmake (found version "1.74.0")  
[1.646s] -- Found ament_cmake_gtest: 1.3.10 (/opt/ros/humble/share/ament_cmake_gtest/cmake)
[1.647s] -- Found ament_cmake_gmock: 1.3.10 (/opt/ros/humble/share/ament_cmake_gmock/cmake)
[1.648s] -- Found ros_testing: 0.4.0 (/opt/ros/humble/share/ros_testing/cmake)
[1.648s] -- Found launch_testing_ament_cmake: 1.0.6 (/opt/ros/humble/share/launch_testing_ament_cmake/cmake)
[1.648s] -- Found python_cmake_module: 0.10.0 (/opt/ros/humble/share/python_cmake_module/cmake)
[1.685s] -- Using PYTHON_EXECUTABLE: /usr/bin/python3
[1.685s] -- Using PYTHON_INCLUDE_DIRS: /usr/include/python3.10
[1.687s] -- Using PYTHON_LIBRARIES: /usr/lib/x86_64-linux-gnu/libpython3.10.so
[1.688s] -- Found moveit_resources_prbt_support: 2.5.5 (/home/gustav/P5-Kuka-Dual-Arm/install/moveit_resources_prbt_support/share/moveit_resources_prbt_support/cmake)
[1.690s] -- Found moveit_resources_prbt_moveit_config: 2.5.5 (/home/gustav/P5-Kuka-Dual-Arm/install/moveit_resources_prbt_moveit_config/share/moveit_resources_prbt_moveit_config/cmake)
[1.696s] -- Found Boost: /usr/lib/x86_64-linux-gnu/cmake/Boost-1.74.0/BoostConfig.cmake (found version "1.74.0") found components: thread 
[1.697s] -- Found pilz_industrial_motion_planner_testutils: 2.5.5 (/home/gustav/P5-Kuka-Dual-Arm/install/pilz_industrial_motion_planner_testutils/share/pilz_industrial_motion_planner_testutils/cmake)
[1.744s] -- Found gtest sources under '/opt/ros/humble/src/gtest_vendor': C++ tests using 'Google Test' will be built
[1.853s] -- Found gmock sources under '/opt/ros/humble/src/gmock_vendor': C++ tests using 'Google Mock' will be built
[1.862s] -- Found ament_lint_auto: 0.12.11 (/opt/ros/humble/share/ament_lint_auto/cmake)
[2.017s] -- Found launch_testing_ament_cmake: 1.0.6 (/opt/ros/humble/share/launch_testing_ament_cmake/cmake)
[2.021s] -- Found python_cmake_module: 0.10.0 (/opt/ros/humble/share/python_cmake_module/cmake)
[2.109s] -- Using PYTHON_EXECUTABLE: /usr/bin/python3
[2.110s] -- Using PYTHON_INCLUDE_DIRS: /usr/include/python3.10
[2.110s] -- Using PYTHON_LIBRARIES: /usr/lib/x86_64-linux-gnu/libpython3.10.so
[2.152s] -- Added test 'cppcheck' to perform static code analysis on C / C++ code
[2.161s] -- Configured cppcheck include dirs: /home/gustav/P5-Kuka-Dual-Arm/p5_ws/src/moveit2/moveit_planners/pilz_industrial_motion_planner/include
[2.162s] -- Configured cppcheck exclude dirs and/or files: 
[2.167s] -- Added test 'pep257' to check Python code against some of the docstring style conventions in PEP 257
[2.168s] -- Added test 'xmllint' to check XML markup files
[2.182s] -- Configuring done
[3.217s] -- Generating done
[3.235s] -- Build files have been written to: /home/gustav/P5-Kuka-Dual-Arm/build/pilz_industrial_motion_planner
[3.298s] Invoked command in '/home/gustav/P5-Kuka-Dual-Arm/build/pilz_industrial_motion_planner' returned '0': AMENT_PREFIX_PATH=/home/gustav/P5-Kuka-Dual-Arm/install/moveit_resources_prbt_pg70_support:/home/gustav/P5-Kuka-Dual-Arm/install/moveit_ros_planning_interface:/home/gustav/P5-Kuka-Dual-Arm/install/moveit_resources_prbt_moveit_config:/home/gustav/P5-Kuka-Dual-Arm/install/moveit_ros_move_group:/home/gustav/P5-Kuka-Dual-Arm/install/moveit_ros_warehouse:/home/gustav/P5-Kuka-Dual-Arm/install/moveit_planners_ompl:/home/gustav/P5-Kuka-Dual-Arm/install/moveit_kinematics:/home/gustav/P5-Kuka-Dual-Arm/install/moveit_ros_planning:/home/gustav/P5-Kuka-Dual-Arm/install/pilz_industrial_motion_planner_testutils:/home/gustav/P5-Kuka-Dual-Arm/install/moveit_simple_controller_manager:/home/gustav/P5-Kuka-Dual-Arm/install/moveit_ros_occupancy_map_monitor:/home/gustav/P5-Kuka-Dual-Arm/install/moveit_resources_prbt_ikfast_manipulator_plugin:/home/gustav/P5-Kuka-Dual-Arm/install/moveit_core:/home/gustav/P5-Kuka-Dual-Arm/install/moveit_resources_panda_moveit_config:/home/gustav/P5-Kuka-Dual-Arm/install/moveit_resources_fanuc_moveit_config:/home/gustav/P5-Kuka-Dual-Arm/install/generate_parameter_library:/home/gustav/P5-Kuka-Dual-Arm/install/parameter_traits:/home/gustav/P5-Kuka-Dual-Arm/install/moveit_resources_prbt_support:/home/gustav/P5-Kuka-Dual-Arm/install/moveit_resources_pr2_description:/home/gustav/P5-Kuka-Dual-Arm/install/moveit_resources_panda_description:/home/gustav/P5-Kuka-Dual-Arm/install/moveit_resources_fanuc_description:/home/gustav/P5-Kuka-Dual-Arm/install/moveit_msgs:/home/gustav/P5-Kuka-Dual-Arm/install/moveit_configs_utils:/home/gustav/P5-Kuka-Dual-Arm/install/moveit_common:/home/gustav/P5-Kuka-Dual-Arm/install/generate_parameter_library_py:${AMENT_PREFIX_PATH} CMAKE_PREFIX_PATH=/home/gustav/P5-Kuka-Dual-Arm/install/moveit_resources_prbt_pg70_support:/home/gustav/P5-Kuka-Dual-Arm/install/moveit_ros_planning_interface:/home/gustav/P5-Kuka-Dual-Arm/install/moveit_resources_prbt_moveit_config:/home/gustav/P5-Kuka-Dual-Arm/install/moveit_ros_move_group:/home/gustav/P5-Kuka-Dual-Arm/install/moveit_ros_warehouse:/home/gustav/P5-Kuka-Dual-Arm/install/moveit_planners_ompl:/home/gustav/P5-Kuka-Dual-Arm/install/moveit_kinematics:/home/gustav/P5-Kuka-Dual-Arm/install/moveit_ros_planning:/home/gustav/P5-Kuka-Dual-Arm/install/pilz_industrial_motion_planner_testutils:/home/gustav/P5-Kuka-Dual-Arm/install/moveit_simple_controller_manager:/home/gustav/P5-Kuka-Dual-Arm/install/moveit_ros_occupancy_map_monitor:/home/gustav/P5-Kuka-Dual-Arm/install/moveit_resources_prbt_ikfast_manipulator_plugin:/home/gustav/P5-Kuka-Dual-Arm/install/moveit_core:/home/gustav/P5-Kuka-Dual-Arm/install/moveit_resources_panda_moveit_config:/home/gustav/P5-Kuka-Dual-Arm/install/moveit_resources_fanuc_moveit_config:/home/gustav/P5-Kuka-Dual-Arm/install/generate_parameter_library:/home/gustav/P5-Kuka-Dual-Arm/install/parameter_traits:/home/gustav/P5-Kuka-Dual-Arm/install/moveit_resources_prbt_support:/home/gustav/P5-Kuka-Dual-Arm/install/moveit_resources_pr2_description:/home/gustav/P5-Kuka-Dual-Arm/install/moveit_resources_panda_description:/home/gustav/P5-Kuka-Dual-Arm/install/moveit_resources_fanuc_description:/home/gustav/P5-Kuka-Dual-Arm/install/moveit_msgs:/home/gustav/P5-Kuka-Dual-Arm/install/moveit_common:/opt/ros/humble LD_LIBRARY_PATH=/home/gustav/P5-Kuka-Dual-Arm/install/moveit_ros_planning_interface/lib:/home/gustav/P5-Kuka-Dual-Arm/install/moveit_ros_move_group/lib:/home/gustav/P5-Kuka-Dual-Arm/install/moveit_ros_warehouse/lib:/home/gustav/P5-Kuka-Dual-Arm/install/moveit_planners_ompl/lib:/home/gustav/P5-Kuka-Dual-Arm/install/moveit_kinematics/lib:/home/gustav/P5-Kuka-Dual-Arm/install/moveit_ros_planning/lib:/home/gustav/P5-Kuka-Dual-Arm/install/pilz_industrial_motion_planner_testutils/lib:/home/gustav/P5-Kuka-Dual-Arm/install/moveit_simple_controller_manager/lib:/home/gustav/P5-Kuka-Dual-Arm/install/moveit_ros_occupancy_map_monitor/lib:/home/gustav/P5-Kuka-Dual-Arm/install/moveit_resources_prbt_ikfast_manipulator_plugin/lib:/home/gustav/P5-Kuka-Dual-Arm/install/moveit_core/lib:/home/gustav/P5-Kuka-Dual-Arm/install/parameter_traits/lib:/home/gustav/P5-Kuka-Dual-Arm/install/moveit_msgs/lib:${LD_LIBRARY_PATH} PATH=/home/gustav/P5-Kuka-Dual-Arm/install/moveit_core/bin:/home/gustav/P5-Kuka-Dual-Arm/install/generate_parameter_library_py/bin:${PATH} PYTHONPATH=/home/gustav/P5-Kuka-Dual-Arm/install/moveit_msgs/local/lib/python3.10/dist-packages:/home/gustav/P5-Kuka-Dual-Arm/install/moveit_configs_utils/lib/python3.10/site-packages:/home/gustav/P5-Kuka-Dual-Arm/install/generate_parameter_library_py/lib/python3.10/site-packages:${PYTHONPATH} /usr/bin/cmake /home/gustav/P5-Kuka-Dual-Arm/p5_ws/src/moveit2/moveit_planners/pilz_industrial_motion_planner -DCMAKE_INSTALL_PREFIX=/home/gustav/P5-Kuka-Dual-Arm/install/pilz_industrial_motion_planner
[3.301s] Invoking command in '/home/gustav/P5-Kuka-Dual-Arm/build/pilz_industrial_motion_planner': AMENT_PREFIX_PATH=/home/gustav/P5-Kuka-Dual-Arm/install/moveit_resources_prbt_pg70_support:/home/gustav/P5-Kuka-Dual-Arm/install/moveit_ros_planning_interface:/home/gustav/P5-Kuka-Dual-Arm/install/moveit_resources_prbt_moveit_config:/home/gustav/P5-Kuka-Dual-Arm/install/moveit_ros_move_group:/home/gustav/P5-Kuka-Dual-Arm/install/moveit_ros_warehouse:/home/gustav/P5-Kuka-Dual-Arm/install/moveit_planners_ompl:/home/gustav/P5-Kuka-Dual-Arm/install/moveit_kinematics:/home/gustav/P5-Kuka-Dual-Arm/install/moveit_ros_planning:/home/gustav/P5-Kuka-Dual-Arm/install/pilz_industrial_motion_planner_testutils:/home/gustav/P5-Kuka-Dual-Arm/install/moveit_simple_controller_manager:/home/gustav/P5-Kuka-Dual-Arm/install/moveit_ros_occupancy_map_monitor:/home/gustav/P5-Kuka-Dual-Arm/install/moveit_resources_prbt_ikfast_manipulator_plugin:/home/gustav/P5-Kuka-Dual-Arm/install/moveit_core:/home/gustav/P5-Kuka-Dual-Arm/install/moveit_resources_panda_moveit_config:/home/gustav/P5-Kuka-Dual-Arm/install/moveit_resources_fanuc_moveit_config:/home/gustav/P5-Kuka-Dual-Arm/install/generate_parameter_library:/home/gustav/P5-Kuka-Dual-Arm/install/parameter_traits:/home/gustav/P5-Kuka-Dual-Arm/install/moveit_resources_prbt_support:/home/gustav/P5-Kuka-Dual-Arm/install/moveit_resources_pr2_description:/home/gustav/P5-Kuka-Dual-Arm/install/moveit_resources_panda_description:/home/gustav/P5-Kuka-Dual-Arm/install/moveit_resources_fanuc_description:/home/gustav/P5-Kuka-Dual-Arm/install/moveit_msgs:/home/gustav/P5-Kuka-Dual-Arm/install/moveit_configs_utils:/home/gustav/P5-Kuka-Dual-Arm/install/moveit_common:/home/gustav/P5-Kuka-Dual-Arm/install/generate_parameter_library_py:${AMENT_PREFIX_PATH} CMAKE_PREFIX_PATH=/home/gustav/P5-Kuka-Dual-Arm/install/moveit_resources_prbt_pg70_support:/home/gustav/P5-Kuka-Dual-Arm/install/moveit_ros_planning_interface:/home/gustav/P5-Kuka-Dual-Arm/install/moveit_resources_prbt_moveit_config:/home/gustav/P5-Kuka-Dual-Arm/install/moveit_ros_move_group:/home/gustav/P5-Kuka-Dual-Arm/install/moveit_ros_warehouse:/home/gustav/P5-Kuka-Dual-Arm/install/moveit_planners_ompl:/home/gustav/P5-Kuka-Dual-Arm/install/moveit_kinematics:/home/gustav/P5-Kuka-Dual-Arm/install/moveit_ros_planning:/home/gustav/P5-Kuka-Dual-Arm/install/pilz_industrial_motion_planner_testutils:/home/gustav/P5-Kuka-Dual-Arm/install/moveit_simple_controller_manager:/home/gustav/P5-Kuka-Dual-Arm/install/moveit_ros_occupancy_map_monitor:/home/gustav/P5-Kuka-Dual-Arm/install/moveit_resources_prbt_ikfast_manipulator_plugin:/home/gustav/P5-Kuka-Dual-Arm/install/moveit_core:/home/gustav/P5-Kuka-Dual-Arm/install/moveit_resources_panda_moveit_config:/home/gustav/P5-Kuka-Dual-Arm/install/moveit_resources_fanuc_moveit_config:/home/gustav/P5-Kuka-Dual-Arm/install/generate_parameter_library:/home/gustav/P5-Kuka-Dual-Arm/install/parameter_traits:/home/gustav/P5-Kuka-Dual-Arm/install/moveit_resources_prbt_support:/home/gustav/P5-Kuka-Dual-Arm/install/moveit_resources_pr2_description:/home/gustav/P5-Kuka-Dual-Arm/install/moveit_resources_panda_description:/home/gustav/P5-Kuka-Dual-Arm/install/moveit_resources_fanuc_description:/home/gustav/P5-Kuka-Dual-Arm/install/moveit_msgs:/home/gustav/P5-Kuka-Dual-Arm/install/moveit_common:/opt/ros/humble LD_LIBRARY_PATH=/home/gustav/P5-Kuka-Dual-Arm/install/moveit_ros_planning_interface/lib:/home/gustav/P5-Kuka-Dual-Arm/install/moveit_ros_move_group/lib:/home/gustav/P5-Kuka-Dual-Arm/install/moveit_ros_warehouse/lib:/home/gustav/P5-Kuka-Dual-Arm/install/moveit_planners_ompl/lib:/home/gustav/P5-Kuka-Dual-Arm/install/moveit_kinematics/lib:/home/gustav/P5-Kuka-Dual-Arm/install/moveit_ros_planning/lib:/home/gustav/P5-Kuka-Dual-Arm/install/pilz_industrial_motion_planner_testutils/lib:/home/gustav/P5-Kuka-Dual-Arm/install/moveit_simple_controller_manager/lib:/home/gustav/P5-Kuka-Dual-Arm/install/moveit_ros_occupancy_map_monitor/lib:/home/gustav/P5-Kuka-Dual-Arm/install/moveit_resources_prbt_ikfast_manipulator_plugin/lib:/home/gustav/P5-Kuka-Dual-Arm/install/moveit_core/lib:/home/gustav/P5-Kuka-Dual-Arm/install/parameter_traits/lib:/home/gustav/P5-Kuka-Dual-Arm/install/moveit_msgs/lib:${LD_LIBRARY_PATH} PATH=/home/gustav/P5-Kuka-Dual-Arm/install/moveit_core/bin:/home/gustav/P5-Kuka-Dual-Arm/install/generate_parameter_library_py/bin:${PATH} PYTHONPATH=/home/gustav/P5-Kuka-Dual-Arm/install/moveit_msgs/local/lib/python3.10/dist-packages:/home/gustav/P5-Kuka-Dual-Arm/install/moveit_configs_utils/lib/python3.10/site-packages:/home/gustav/P5-Kuka-Dual-Arm/install/generate_parameter_library_py/lib/python3.10/site-packages:${PYTHONPATH} /usr/bin/cmake --build /home/gustav/P5-Kuka-Dual-Arm/build/pilz_industrial_motion_planner -- -j8 -l8
[3.445s] [35m[1mConsolidate compiler generated dependencies of target gtest_main[0m
[3.455s] [35m[1mConsolidate compiler generated dependencies of target planning_context_loader_base[0m
[3.455s] [35m[1mConsolidate compiler generated dependencies of target gmock_main[0m
[3.455s] [35m[1mConsolidate compiler generated dependencies of target gtest[0m
[3.456s] [35m[1mConsolidate compiler generated dependencies of target trajectory_generation_common[0m
[3.463s] [35m[1mConsolidate compiler generated dependencies of target joint_limits_common[0m
[3.479s] [35m[1mConsolidate compiler generated dependencies of target gmock[0m
[3.499s] [  2%] Built target gtest_main
[3.520s] [  4%] Built target gmock_main
[3.528s] [  7%] Built target gtest
[3.535s] [ 10%] Built target gmock
[3.550s] [ 12%] [32m[1mLinking CXX shared library libplanning_context_loader_base.so[0m
[3.587s] [ 14%] [32m[1mLinking CXX shared library libtrajectory_generation_common.so[0m
[3.588s] [ 13%] [32m[1mLinking CXX shared library libjoint_limits_common.so[0m
[4.211s] [ 18%] Built target trajectory_generation_common
[6.243s] [ 25%] Built target joint_limits_common
[6.277s] [35m[1mConsolidate compiler generated dependencies of target pilz_industrial_motion_planner_test_utils[0m
[6.277s] [35m[1mConsolidate compiler generated dependencies of target unittest_joint_limits_container[0m
[6.278s] [35m[1mConsolidate compiler generated dependencies of target unittest_joint_limits_aggregator[0m
[6.289s] [35m[1mConsolidate compiler generated dependencies of target unittest_joint_limit[0m
[6.289s] [35m[1mConsolidate compiler generated dependencies of target command_list_manager[0m
[6.289s] [35m[1mConsolidate compiler generated dependencies of target unittest_joint_limits_validator[0m
[6.292s] [35m[1mConsolidate compiler generated dependencies of target unittest_cartesian_limits_aggregator[0m
[6.309s] [ 26%] [32m[1mLinking CXX executable unittest_joint_limits_container[0m
[6.334s] [ 27%] [32m[1mLinking CXX executable unittest_cartesian_limits_aggregator[0m
[6.336s] [ 28%] [32m[1mLinking CXX executable unittest_joint_limit[0m
[6.347s] [ 30%] [32m[1mLinking CXX executable unittest_joint_limits_validator[0m
[6.347s] [ 31%] [32m[1mLinking CXX executable unittest_joint_limits_aggregator[0m
[6.354s] [ 33%] Built target pilz_industrial_motion_planner_test_utils
[6.369s] [ 34%] [32m[1mLinking CXX shared library libcommand_list_manager.so[0m
[6.393s] [35m[1mConsolidate compiler generated dependencies of target unittest_trajectory_functions[0m
[6.497s] [ 36%] [32m[1mLinking CXX executable unittest_trajectory_functions[0m
[6.897s] [ 37%] Built target unittest_joint_limits_container
[6.934s] [ 39%] Built target command_list_manager
[6.995s] [35m[1mConsolidate compiler generated dependencies of target sequence_capability[0m
[7.005s] [ 40%] Built target unittest_joint_limits_validator
[7.070s] [ 42%] [32m[1mLinking CXX shared library libsequence_capability.so[0m
[7.108s] [ 43%] Built target unittest_joint_limit
[7.198s] [ 44%] Built target unittest_joint_limits_aggregator
[7.212s] [ 45%] Built target unittest_cartesian_limits_aggregator
[7.483s] [ 46%] Built target unittest_trajectory_functions
[7.558s] [ 49%] Built target sequence_capability
[24.091s] [ 50%] Built target planning_context_loader_base
[24.112s] [35m[1mConsolidate compiler generated dependencies of target planning_context_loader_lin[0m
[24.112s] [35m[1mConsolidate compiler generated dependencies of target pilz_industrial_motion_planner[0m
[24.114s] [35m[1mConsolidate compiler generated dependencies of target planning_context_loader_ptp[0m
[24.120s] [35m[1mConsolidate compiler generated dependencies of target planning_context_loader_circ[0m
[24.141s] [ 51%] [32m[1mLinking CXX shared library libpilz_industrial_motion_planner.so[0m
[24.150s] [ 53%] [32m[1mLinking CXX shared library libplanning_context_loader_lin.so[0m
[24.155s] [ 54%] [32m[1mLinking CXX shared library libplanning_context_loader_ptp.so[0m
[24.159s] [ 55%] [32m[1mLinking CXX shared library libplanning_context_loader_circ.so[0m
[24.472s] [ 56%] Built target pilz_industrial_motion_planner
[24.503s] [35m[1mConsolidate compiler generated dependencies of target unittest_velocity_profile_atrap[0m
[24.503s] [35m[1mConsolidate compiler generated dependencies of target unittest_planning_context_loaders[0m
[24.506s] [35m[1mConsolidate compiler generated dependencies of target unittest_pilz_industrial_motion_planner[0m
[24.509s] [35m[1mConsolidate compiler generated dependencies of target unittest_get_solver_tip_frame[0m
[24.510s] [35m[1mConsolidate compiler generated dependencies of target unittest_trajectory_generator[0m
[24.511s] [ 60%] Built target planning_context_loader_lin
[24.523s] [ 63%] Built target planning_context_loader_ptp
[24.527s] [ 65%] [32m[1mLinking CXX executable unittest_velocity_profile_atrap[0m
[24.539s] [35m[1mConsolidate compiler generated dependencies of target unittest_trajectory_blender_transition_window[0m
[24.547s] [ 66%] [32m[1mLinking CXX executable unittest_planning_context_loaders[0m
[24.554s] [35m[1mConsolidate compiler generated dependencies of target unittest_trajectory_generator_lin[0m
[24.555s] [ 67%] [32m[1mLinking CXX executable unittest_get_solver_tip_frame[0m
[24.557s] [ 68%] [32m[1mLinking CXX executable unittest_pilz_industrial_motion_planner[0m
[24.571s] [ 69%] [32m[1mLinking CXX executable unittest_trajectory_generator[0m
[24.602s] [ 71%] [32m[1mLinking CXX executable unittest_trajectory_generator_lin[0m
[24.609s] [ 72%] [32m[1mLinking CXX executable unittest_trajectory_blender_transition_window[0m
[24.660s] [ 75%] Built target planning_context_loader_circ
[24.696s] [35m[1mConsolidate compiler generated dependencies of target unittest_trajectory_generator_ptp[0m
[24.781s] [ 77%] [32m[1mLinking CXX executable unittest_trajectory_generator_ptp[0m
[25.417s] [ 78%] Built target unittest_pilz_industrial_motion_planner
[25.441s] [ 79%] Built target unittest_planning_context_loaders
[25.460s] [35m[1mConsolidate compiler generated dependencies of target unittest_planning_context[0m
[25.477s] [35m[1mConsolidate compiler generated dependencies of target unittest_pilz_industrial_motion_planner_direct[0m
[25.523s] [ 81%] Built target unittest_trajectory_generator
[25.532s] [ 83%] [32m[1mLinking CXX executable unittest_planning_context[0m
[25.541s] [ 84%] [32m[1mLinking CXX executable unittest_pilz_industrial_motion_planner_direct[0m
[25.547s] [35m[1mConsolidate compiler generated dependencies of target unittest_trajectory_generator_common[0m
[25.593s] [ 85%] [32m[1mLinking CXX executable unittest_trajectory_generator_common[0m
[25.625s] [ 87%] Built target unittest_trajectory_blender_transition_window
[25.668s] [35m[1mConsolidate compiler generated dependencies of target unittest_trajectory_generator_circ[0m
[25.717s] [ 89%] Built target unittest_trajectory_generator_ptp
[25.738s] [ 90%] [32m[1mLinking CXX executable unittest_trajectory_generator_circ[0m
[25.852s] [ 91%] Built target unittest_trajectory_generator_lin
[26.153s] [ 92%] Built target unittest_pilz_industrial_motion_planner_direct
[26.329s] [ 93%] Built target unittest_planning_context
[26.399s] [ 95%] Built target unittest_trajectory_generator_common
[26.507s] [ 96%] Built target unittest_trajectory_generator_circ
[30.751s] [ 98%] Built target unittest_velocity_profile_atrap
[30.802s] [100%] Built target unittest_get_solver_tip_frame
[30.820s] Invoked command in '/home/gustav/P5-Kuka-Dual-Arm/build/pilz_industrial_motion_planner' returned '0': AMENT_PREFIX_PATH=/home/gustav/P5-Kuka-Dual-Arm/install/moveit_resources_prbt_pg70_support:/home/gustav/P5-Kuka-Dual-Arm/install/moveit_ros_planning_interface:/home/gustav/P5-Kuka-Dual-Arm/install/moveit_resources_prbt_moveit_config:/home/gustav/P5-Kuka-Dual-Arm/install/moveit_ros_move_group:/home/gustav/P5-Kuka-Dual-Arm/install/moveit_ros_warehouse:/home/gustav/P5-Kuka-Dual-Arm/install/moveit_planners_ompl:/home/gustav/P5-Kuka-Dual-Arm/install/moveit_kinematics:/home/gustav/P5-Kuka-Dual-Arm/install/moveit_ros_planning:/home/gustav/P5-Kuka-Dual-Arm/install/pilz_industrial_motion_planner_testutils:/home/gustav/P5-Kuka-Dual-Arm/install/moveit_simple_controller_manager:/home/gustav/P5-Kuka-Dual-Arm/install/moveit_ros_occupancy_map_monitor:/home/gustav/P5-Kuka-Dual-Arm/install/moveit_resources_prbt_ikfast_manipulator_plugin:/home/gustav/P5-Kuka-Dual-Arm/install/moveit_core:/home/gustav/P5-Kuka-Dual-Arm/install/moveit_resources_panda_moveit_config:/home/gustav/P5-Kuka-Dual-Arm/install/moveit_resources_fanuc_moveit_config:/home/gustav/P5-Kuka-Dual-Arm/install/generate_parameter_library:/home/gustav/P5-Kuka-Dual-Arm/install/parameter_traits:/home/gustav/P5-Kuka-Dual-Arm/install/moveit_resources_prbt_support:/home/gustav/P5-Kuka-Dual-Arm/install/moveit_resources_pr2_description:/home/gustav/P5-Kuka-Dual-Arm/install/moveit_resources_panda_description:/home/gustav/P5-Kuka-Dual-Arm/install/moveit_resources_fanuc_description:/home/gustav/P5-Kuka-Dual-Arm/install/moveit_msgs:/home/gustav/P5-Kuka-Dual-Arm/install/moveit_configs_utils:/home/gustav/P5-Kuka-Dual-Arm/install/moveit_common:/home/gustav/P5-Kuka-Dual-Arm/install/generate_parameter_library_py:${AMENT_PREFIX_PATH} CMAKE_PREFIX_PATH=/home/gustav/P5-Kuka-Dual-Arm/install/moveit_resources_prbt_pg70_support:/home/gustav/P5-Kuka-Dual-Arm/install/moveit_ros_planning_interface:/home/gustav/P5-Kuka-Dual-Arm/install/moveit_resources_prbt_moveit_config:/home/gustav/P5-Kuka-Dual-Arm/install/moveit_ros_move_group:/home/gustav/P5-Kuka-Dual-Arm/install/moveit_ros_warehouse:/home/gustav/P5-Kuka-Dual-Arm/install/moveit_planners_ompl:/home/gustav/P5-Kuka-Dual-Arm/install/moveit_kinematics:/home/gustav/P5-Kuka-Dual-Arm/install/moveit_ros_planning:/home/gustav/P5-Kuka-Dual-Arm/install/pilz_industrial_motion_planner_testutils:/home/gustav/P5-Kuka-Dual-Arm/install/moveit_simple_controller_manager:/home/gustav/P5-Kuka-Dual-Arm/install/moveit_ros_occupancy_map_monitor:/home/gustav/P5-Kuka-Dual-Arm/install/moveit_resources_prbt_ikfast_manipulator_plugin:/home/gustav/P5-Kuka-Dual-Arm/install/moveit_core:/home/gustav/P5-Kuka-Dual-Arm/install/moveit_resources_panda_moveit_config:/home/gustav/P5-Kuka-Dual-Arm/install/moveit_resources_fanuc_moveit_config:/home/gustav/P5-Kuka-Dual-Arm/install/generate_parameter_library:/home/gustav/P5-Kuka-Dual-Arm/install/parameter_traits:/home/gustav/P5-Kuka-Dual-Arm/install/moveit_resources_prbt_support:/home/gustav/P5-Kuka-Dual-Arm/install/moveit_resources_pr2_description:/home/gustav/P5-Kuka-Dual-Arm/install/moveit_resources_panda_description:/home/gustav/P5-Kuka-Dual-Arm/install/moveit_resources_fanuc_description:/home/gustav/P5-Kuka-Dual-Arm/install/moveit_msgs:/home/gustav/P5-Kuka-Dual-Arm/install/moveit_common:/opt/ros/humble LD_LIBRARY_PATH=/home/gustav/P5-Kuka-Dual-Arm/install/moveit_ros_planning_interface/lib:/home/gustav/P5-Kuka-Dual-Arm/install/moveit_ros_move_group/lib:/home/gustav/P5-Kuka-Dual-Arm/install/moveit_ros_warehouse/lib:/home/gustav/P5-Kuka-Dual-Arm/install/moveit_planners_ompl/lib:/home/gustav/P5-Kuka-Dual-Arm/install/moveit_kinematics/lib:/home/gustav/P5-Kuka-Dual-Arm/install/moveit_ros_planning/lib:/home/gustav/P5-Kuka-Dual-Arm/install/pilz_industrial_motion_planner_testutils/lib:/home/gustav/P5-Kuka-Dual-Arm/install/moveit_simple_controller_manager/lib:/home/gustav/P5-Kuka-Dual-Arm/install/moveit_ros_occupancy_map_monitor/lib:/home/gustav/P5-Kuka-Dual-Arm/install/moveit_resources_prbt_ikfast_manipulator_plugin/lib:/home/gustav/P5-Kuka-Dual-Arm/install/moveit_core/lib:/home/gustav/P5-Kuka-Dual-Arm/install/parameter_traits/lib:/home/gustav/P5-Kuka-Dual-Arm/install/moveit_msgs/lib:${LD_LIBRARY_PATH} PATH=/home/gustav/P5-Kuka-Dual-Arm/install/moveit_core/bin:/home/gustav/P5-Kuka-Dual-Arm/install/generate_parameter_library_py/bin:${PATH} PYTHONPATH=/home/gustav/P5-Kuka-Dual-Arm/install/moveit_msgs/local/lib/python3.10/dist-packages:/home/gustav/P5-Kuka-Dual-Arm/install/moveit_configs_utils/lib/python3.10/site-packages:/home/gustav/P5-Kuka-Dual-Arm/install/generate_parameter_library_py/lib/python3.10/site-packages:${PYTHONPATH} /usr/bin/cmake --build /home/gustav/P5-Kuka-Dual-Arm/build/pilz_industrial_motion_planner -- -j8 -l8
[30.927s] Invoking command in '/home/gustav/P5-Kuka-Dual-Arm/build/pilz_industrial_motion_planner': AMENT_PREFIX_PATH=/home/gustav/P5-Kuka-Dual-Arm/install/moveit_resources_prbt_pg70_support:/home/gustav/P5-Kuka-Dual-Arm/install/moveit_ros_planning_interface:/home/gustav/P5-Kuka-Dual-Arm/install/moveit_resources_prbt_moveit_config:/home/gustav/P5-Kuka-Dual-Arm/install/moveit_ros_move_group:/home/gustav/P5-Kuka-Dual-Arm/install/moveit_ros_warehouse:/home/gustav/P5-Kuka-Dual-Arm/install/moveit_planners_ompl:/home/gustav/P5-Kuka-Dual-Arm/install/moveit_kinematics:/home/gustav/P5-Kuka-Dual-Arm/install/moveit_ros_planning:/home/gustav/P5-Kuka-Dual-Arm/install/pilz_industrial_motion_planner_testutils:/home/gustav/P5-Kuka-Dual-Arm/install/moveit_simple_controller_manager:/home/gustav/P5-Kuka-Dual-Arm/install/moveit_ros_occupancy_map_monitor:/home/gustav/P5-Kuka-Dual-Arm/install/moveit_resources_prbt_ikfast_manipulator_plugin:/home/gustav/P5-Kuka-Dual-Arm/install/moveit_core:/home/gustav/P5-Kuka-Dual-Arm/install/moveit_resources_panda_moveit_config:/home/gustav/P5-Kuka-Dual-Arm/install/moveit_resources_fanuc_moveit_config:/home/gustav/P5-Kuka-Dual-Arm/install/generate_parameter_library:/home/gustav/P5-Kuka-Dual-Arm/install/parameter_traits:/home/gustav/P5-Kuka-Dual-Arm/install/moveit_resources_prbt_support:/home/gustav/P5-Kuka-Dual-Arm/install/moveit_resources_pr2_description:/home/gustav/P5-Kuka-Dual-Arm/install/moveit_resources_panda_description:/home/gustav/P5-Kuka-Dual-Arm/install/moveit_resources_fanuc_description:/home/gustav/P5-Kuka-Dual-Arm/install/moveit_msgs:/home/gustav/P5-Kuka-Dual-Arm/install/moveit_configs_utils:/home/gustav/P5-Kuka-Dual-Arm/install/moveit_common:/home/gustav/P5-Kuka-Dual-Arm/install/generate_parameter_library_py:${AMENT_PREFIX_PATH} CMAKE_PREFIX_PATH=/home/gustav/P5-Kuka-Dual-Arm/install/moveit_resources_prbt_pg70_support:/home/gustav/P5-Kuka-Dual-Arm/install/moveit_ros_planning_interface:/home/gustav/P5-Kuka-Dual-Arm/install/moveit_resources_prbt_moveit_config:/home/gustav/P5-Kuka-Dual-Arm/install/moveit_ros_move_group:/home/gustav/P5-Kuka-Dual-Arm/install/moveit_ros_warehouse:/home/gustav/P5-Kuka-Dual-Arm/install/moveit_planners_ompl:/home/gustav/P5-Kuka-Dual-Arm/install/moveit_kinematics:/home/gustav/P5-Kuka-Dual-Arm/install/moveit_ros_planning:/home/gustav/P5-Kuka-Dual-Arm/install/pilz_industrial_motion_planner_testutils:/home/gustav/P5-Kuka-Dual-Arm/install/moveit_simple_controller_manager:/home/gustav/P5-Kuka-Dual-Arm/install/moveit_ros_occupancy_map_monitor:/home/gustav/P5-Kuka-Dual-Arm/install/moveit_resources_prbt_ikfast_manipulator_plugin:/home/gustav/P5-Kuka-Dual-Arm/install/moveit_core:/home/gustav/P5-Kuka-Dual-Arm/install/moveit_resources_panda_moveit_config:/home/gustav/P5-Kuka-Dual-Arm/install/moveit_resources_fanuc_moveit_config:/home/gustav/P5-Kuka-Dual-Arm/install/generate_parameter_library:/home/gustav/P5-Kuka-Dual-Arm/install/parameter_traits:/home/gustav/P5-Kuka-Dual-Arm/install/moveit_resources_prbt_support:/home/gustav/P5-Kuka-Dual-Arm/install/moveit_resources_pr2_description:/home/gustav/P5-Kuka-Dual-Arm/install/moveit_resources_panda_description:/home/gustav/P5-Kuka-Dual-Arm/install/moveit_resources_fanuc_description:/home/gustav/P5-Kuka-Dual-Arm/install/moveit_msgs:/home/gustav/P5-Kuka-Dual-Arm/install/moveit_common:/opt/ros/humble LD_LIBRARY_PATH=/home/gustav/P5-Kuka-Dual-Arm/install/moveit_ros_planning_interface/lib:/home/gustav/P5-Kuka-Dual-Arm/install/moveit_ros_move_group/lib:/home/gustav/P5-Kuka-Dual-Arm/install/moveit_ros_warehouse/lib:/home/gustav/P5-Kuka-Dual-Arm/install/moveit_planners_ompl/lib:/home/gustav/P5-Kuka-Dual-Arm/install/moveit_kinematics/lib:/home/gustav/P5-Kuka-Dual-Arm/install/moveit_ros_planning/lib:/home/gustav/P5-Kuka-Dual-Arm/install/pilz_industrial_motion_planner_testutils/lib:/home/gustav/P5-Kuka-Dual-Arm/install/moveit_simple_controller_manager/lib:/home/gustav/P5-Kuka-Dual-Arm/install/moveit_ros_occupancy_map_monitor/lib:/home/gustav/P5-Kuka-Dual-Arm/install/moveit_resources_prbt_ikfast_manipulator_plugin/lib:/home/gustav/P5-Kuka-Dual-Arm/install/moveit_core/lib:/home/gustav/P5-Kuka-Dual-Arm/install/parameter_traits/lib:/home/gustav/P5-Kuka-Dual-Arm/install/moveit_msgs/lib:${LD_LIBRARY_PATH} PATH=/home/gustav/P5-Kuka-Dual-Arm/install/moveit_core/bin:/home/gustav/P5-Kuka-Dual-Arm/install/generate_parameter_library_py/bin:${PATH} PYTHONPATH=/home/gustav/P5-Kuka-Dual-Arm/install/moveit_msgs/local/lib/python3.10/dist-packages:/home/gustav/P5-Kuka-Dual-Arm/install/moveit_configs_utils/lib/python3.10/site-packages:/home/gustav/P5-Kuka-Dual-Arm/install/generate_parameter_library_py/lib/python3.10/site-packages:${PYTHONPATH} /usr/bin/cmake --install /home/gustav/P5-Kuka-Dual-Arm/build/pilz_industrial_motion_planner
[30.939s] -- Install configuration: "Release"
[30.939s] -- Up-to-date: /home/gustav/P5-Kuka-Dual-Arm/install/pilz_industrial_motion_planner/share/pilz_industrial_motion_planner/plugins/pilz_industrial_motion_planner_plugin_description.xml
[30.939s] -- Up-to-date: /home/gustav/P5-Kuka-Dual-Arm/install/pilz_industrial_motion_planner/share/pilz_industrial_motion_planner/plugins/sequence_capability_plugin_description.xml
[30.939s] -- Up-to-date: /home/gustav/P5-Kuka-Dual-Arm/install/pilz_industrial_motion_planner/share/pilz_industrial_motion_planner/plugins/planning_context_plugin_description.xml
[30.940s] -- Installing: /home/gustav/P5-Kuka-Dual-Arm/install/pilz_industrial_motion_planner/lib/libpilz_industrial_motion_planner.so
[30.940s] -- Set runtime path of "/home/gustav/P5-Kuka-Dual-Arm/install/pilz_industrial_motion_planner/lib/libpilz_industrial_motion_planner.so" to ""
[30.940s] -- Installing: /home/gustav/P5-Kuka-Dual-Arm/install/pilz_industrial_motion_planner/lib/libjoint_limits_common.so
[30.941s] -- Set runtime path of "/home/gustav/P5-Kuka-Dual-Arm/install/pilz_industrial_motion_planner/lib/libjoint_limits_common.so" to ""
[30.941s] -- Installing: /home/gustav/P5-Kuka-Dual-Arm/install/pilz_industrial_motion_planner/lib/libplanning_context_loader_base.so
[30.941s] -- Set runtime path of "/home/gustav/P5-Kuka-Dual-Arm/install/pilz_industrial_motion_planner/lib/libplanning_context_loader_base.so" to ""
[30.942s] -- Installing: /home/gustav/P5-Kuka-Dual-Arm/install/pilz_industrial_motion_planner/lib/libplanning_context_loader_ptp.so
[30.942s] -- Set runtime path of "/home/gustav/P5-Kuka-Dual-Arm/install/pilz_industrial_motion_planner/lib/libplanning_context_loader_ptp.so" to ""
[30.942s] -- Installing: /home/gustav/P5-Kuka-Dual-Arm/install/pilz_industrial_motion_planner/lib/libplanning_context_loader_lin.so
[30.943s] -- Set runtime path of "/home/gustav/P5-Kuka-Dual-Arm/install/pilz_industrial_motion_planner/lib/libplanning_context_loader_lin.so" to ""
[30.943s] -- Installing: /home/gustav/P5-Kuka-Dual-Arm/install/pilz_industrial_motion_planner/lib/libplanning_context_loader_circ.so
[30.944s] -- Set runtime path of "/home/gustav/P5-Kuka-Dual-Arm/install/pilz_industrial_motion_planner/lib/libplanning_context_loader_circ.so" to ""
[30.944s] -- Installing: /home/gustav/P5-Kuka-Dual-Arm/install/pilz_industrial_motion_planner/lib/libcommand_list_manager.so
[30.945s] -- Set runtime path of "/home/gustav/P5-Kuka-Dual-Arm/install/pilz_industrial_motion_planner/lib/libcommand_list_manager.so" to ""
[30.945s] -- Installing: /home/gustav/P5-Kuka-Dual-Arm/install/pilz_industrial_motion_planner/lib/libsequence_capability.so
[30.946s] -- Set runtime path of "/home/gustav/P5-Kuka-Dual-Arm/install/pilz_industrial_motion_planner/lib/libsequence_capability.so" to ""
[30.946s] -- Installing: /home/gustav/P5-Kuka-Dual-Arm/install/pilz_industrial_motion_planner/lib/libtrajectory_generation_common.so
[30.947s] -- Set runtime path of "/home/gustav/P5-Kuka-Dual-Arm/install/pilz_industrial_motion_planner/lib/libtrajectory_generation_common.so" to ""
[30.948s] -- Up-to-date: /home/gustav/P5-Kuka-Dual-Arm/install/pilz_industrial_motion_planner/include
[30.948s] -- Up-to-date: /home/gustav/P5-Kuka-Dual-Arm/install/pilz_industrial_motion_planner/include/joint_limits_copy
[30.948s] -- Up-to-date: /home/gustav/P5-Kuka-Dual-Arm/install/pilz_industrial_motion_planner/include/joint_limits_copy/joint_limits_rosparam.hpp
[30.948s] -- Up-to-date: /home/gustav/P5-Kuka-Dual-Arm/install/pilz_industrial_motion_planner/include/joint_limits_copy/joint_limits.hpp
[30.948s] -- Up-to-date: /home/gustav/P5-Kuka-Dual-Arm/install/pilz_industrial_motion_planner/include/pilz_industrial_motion_planner
[30.948s] -- Up-to-date: /home/gustav/P5-Kuka-Dual-Arm/install/pilz_industrial_motion_planner/include/pilz_industrial_motion_planner/joint_limits_validator.h
[30.948s] -- Up-to-date: /home/gustav/P5-Kuka-Dual-Arm/install/pilz_industrial_motion_planner/include/pilz_industrial_motion_planner/limits_container.h
[30.948s] -- Up-to-date: /home/gustav/P5-Kuka-Dual-Arm/install/pilz_industrial_motion_planner/include/pilz_industrial_motion_planner/planning_exceptions.h
[30.949s] -- Up-to-date: /home/gustav/P5-Kuka-Dual-Arm/install/pilz_industrial_motion_planner/include/pilz_industrial_motion_planner/planning_context_loader_lin.h
[30.949s] -- Up-to-date: /home/gustav/P5-Kuka-Dual-Arm/install/pilz_industrial_motion_planner/include/pilz_industrial_motion_planner/move_group_sequence_service.h
[30.949s] -- Up-to-date: /home/gustav/P5-Kuka-Dual-Arm/install/pilz_industrial_motion_planner/include/pilz_industrial_motion_planner/tip_frame_getter.h
[30.949s] -- Up-to-date: /home/gustav/P5-Kuka-Dual-Arm/install/pilz_industrial_motion_planner/include/pilz_industrial_motion_planner/trajectory_blender_transition_window.h
[30.950s] -- Up-to-date: /home/gustav/P5-Kuka-Dual-Arm/install/pilz_industrial_motion_planner/include/pilz_industrial_motion_planner/cartesian_trajectory.h
[30.950s] -- Up-to-date: /home/gustav/P5-Kuka-Dual-Arm/install/pilz_industrial_motion_planner/include/pilz_industrial_motion_planner/trajectory_blend_request.h
[30.950s] -- Up-to-date: /home/gustav/P5-Kuka-Dual-Arm/install/pilz_industrial_motion_planner/include/pilz_industrial_motion_planner/joint_limits_extension.h
[30.950s] -- Up-to-date: /home/gustav/P5-Kuka-Dual-Arm/install/pilz_industrial_motion_planner/include/pilz_industrial_motion_planner/joint_limits_container.h
[30.950s] -- Up-to-date: /home/gustav/P5-Kuka-Dual-Arm/install/pilz_industrial_motion_planner/include/pilz_industrial_motion_planner/joint_limits_interface_extension.h
[30.950s] -- Up-to-date: /home/gustav/P5-Kuka-Dual-Arm/install/pilz_industrial_motion_planner/include/pilz_industrial_motion_planner/planning_context_loader.h
[30.950s] -- Up-to-date: /home/gustav/P5-Kuka-Dual-Arm/install/pilz_industrial_motion_planner/include/pilz_industrial_motion_planner/planning_context_loader_circ.h
[30.951s] -- Up-to-date: /home/gustav/P5-Kuka-Dual-Arm/install/pilz_industrial_motion_planner/include/pilz_industrial_motion_planner/planning_context_lin.h
[30.951s] -- Up-to-date: /home/gustav/P5-Kuka-Dual-Arm/install/pilz_industrial_motion_planner/include/pilz_industrial_motion_planner/trajectory_generator.h
[30.951s] -- Up-to-date: /home/gustav/P5-Kuka-Dual-Arm/install/pilz_industrial_motion_planner/include/pilz_industrial_motion_planner/planning_context_ptp.h
[30.951s] -- Up-to-date: /home/gustav/P5-Kuka-Dual-Arm/install/pilz_industrial_motion_planner/include/pilz_industrial_motion_planner/cartesian_trajectory_point.h
[30.951s] -- Up-to-date: /home/gustav/P5-Kuka-Dual-Arm/install/pilz_industrial_motion_planner/include/pilz_industrial_motion_planner/trajectory_generator_circ.h
[30.951s] -- Up-to-date: /home/gustav/P5-Kuka-Dual-Arm/install/pilz_industrial_motion_planner/include/pilz_industrial_motion_planner/planning_context_loader_ptp.h
[30.951s] -- Up-to-date: /home/gustav/P5-Kuka-Dual-Arm/install/pilz_industrial_motion_planner/include/pilz_industrial_motion_planner/planning_context_circ.h
[30.951s] -- Up-to-date: /home/gustav/P5-Kuka-Dual-Arm/install/pilz_industrial_motion_planner/include/pilz_industrial_motion_planner/velocity_profile_atrap.h
[30.952s] -- Up-to-date: /home/gustav/P5-Kuka-Dual-Arm/install/pilz_industrial_motion_planner/include/pilz_industrial_motion_planner/trajectory_generator_lin.h
[30.952s] -- Up-to-date: /home/gustav/P5-Kuka-Dual-Arm/install/pilz_industrial_motion_planner/include/pilz_industrial_motion_planner/trajectory_blender.h
[30.952s] -- Up-to-date: /home/gustav/P5-Kuka-Dual-Arm/install/pilz_industrial_motion_planner/include/pilz_industrial_motion_planner/plan_components_builder.h
[30.952s] -- Up-to-date: /home/gustav/P5-Kuka-Dual-Arm/install/pilz_industrial_motion_planner/include/pilz_industrial_motion_planner/path_circle_generator.h
[30.952s] -- Up-to-date: /home/gustav/P5-Kuka-Dual-Arm/install/pilz_industrial_motion_planner/include/pilz_industrial_motion_planner/capability_names.h
[30.952s] -- Up-to-date: /home/gustav/P5-Kuka-Dual-Arm/install/pilz_industrial_motion_planner/include/pilz_industrial_motion_planner/move_group_sequence_action.h
[30.953s] -- Up-to-date: /home/gustav/P5-Kuka-Dual-Arm/install/pilz_industrial_motion_planner/include/pilz_industrial_motion_planner/trajectory_generator_ptp.h
[30.953s] -- Up-to-date: /home/gustav/P5-Kuka-Dual-Arm/install/pilz_industrial_motion_planner/include/pilz_industrial_motion_planner/planning_context_base.h
[30.953s] -- Up-to-date: /home/gustav/P5-Kuka-Dual-Arm/install/pilz_industrial_motion_planner/include/pilz_industrial_motion_planner/joint_limits_aggregator.h
[30.953s] -- Up-to-date: /home/gustav/P5-Kuka-Dual-Arm/install/pilz_industrial_motion_planner/include/pilz_industrial_motion_planner/cartesian_limit.h
[30.953s] -- Up-to-date: /home/gustav/P5-Kuka-Dual-Arm/install/pilz_industrial_motion_planner/include/pilz_industrial_motion_planner/trajectory_functions.h
[30.953s] -- Up-to-date: /home/gustav/P5-Kuka-Dual-Arm/install/pilz_industrial_motion_planner/include/pilz_industrial_motion_planner/pilz_industrial_motion_planner.h
[30.953s] -- Up-to-date: /home/gustav/P5-Kuka-Dual-Arm/install/pilz_industrial_motion_planner/include/pilz_industrial_motion_planner/trajectory_blend_response.h
[30.953s] -- Up-to-date: /home/gustav/P5-Kuka-Dual-Arm/install/pilz_industrial_motion_planner/include/pilz_industrial_motion_planner/command_list_manager.h
[30.954s] -- Up-to-date: /home/gustav/P5-Kuka-Dual-Arm/install/pilz_industrial_motion_planner/include/pilz_industrial_motion_planner/cartesian_limits_aggregator.h
[30.954s] -- Up-to-date: /home/gustav/P5-Kuka-Dual-Arm/install/pilz_industrial_motion_planner/include/pilz_industrial_motion_planner/trajectory_generation_exceptions.h
[30.954s] -- Up-to-date: /home/gustav/P5-Kuka-Dual-Arm/install/pilz_industrial_motion_planner/share/pilz_industrial_motion_planner/environment/library_path.sh
[30.954s] -- Installing: /home/gustav/P5-Kuka-Dual-Arm/install/pilz_industrial_motion_planner/share/pilz_industrial_motion_planner/environment/library_path.dsv
[30.954s] -- Installing: /home/gustav/P5-Kuka-Dual-Arm/install/pilz_industrial_motion_planner/lib/pilz_industrial_motion_planner/unittest_pilz_industrial_motion_planner_direct
[30.954s] -- Set runtime path of "/home/gustav/P5-Kuka-Dual-Arm/install/pilz_industrial_motion_planner/lib/pilz_industrial_motion_planner/unittest_pilz_industrial_motion_planner_direct" to ""
[30.954s] -- Installing: /home/gustav/P5-Kuka-Dual-Arm/install/pilz_industrial_motion_planner/lib/pilz_industrial_motion_planner/unittest_velocity_profile_atrap
[30.955s] -- Set runtime path of "/home/gustav/P5-Kuka-Dual-Arm/install/pilz_industrial_motion_planner/lib/pilz_industrial_motion_planner/unittest_velocity_profile_atrap" to ""
[30.959s] -- Installing: /home/gustav/P5-Kuka-Dual-Arm/install/pilz_industrial_motion_planner/lib/pilz_industrial_motion_planner/unittest_trajectory_generator
[30.959s] -- Set runtime path of "/home/gustav/P5-Kuka-Dual-Arm/install/pilz_industrial_motion_planner/lib/pilz_industrial_motion_planner/unittest_trajectory_generator" to ""
[30.959s] -- Installing: /home/gustav/P5-Kuka-Dual-Arm/install/pilz_industrial_motion_planner/lib/pilz_industrial_motion_planner/unittest_trajectory_functions
[30.960s] -- Set runtime path of "/home/gustav/P5-Kuka-Dual-Arm/install/pilz_industrial_motion_planner/lib/pilz_industrial_motion_planner/unittest_trajectory_functions" to ""
[30.960s] -- Installing: /home/gustav/P5-Kuka-Dual-Arm/install/pilz_industrial_motion_planner/lib/pilz_industrial_motion_planner/unittest_trajectory_blender_transition_window
[30.960s] -- Set runtime path of "/home/gustav/P5-Kuka-Dual-Arm/install/pilz_industrial_motion_planner/lib/pilz_industrial_motion_planner/unittest_trajectory_blender_transition_window" to ""
[30.960s] -- Installing: /home/gustav/P5-Kuka-Dual-Arm/install/pilz_industrial_motion_planner/lib/pilz_industrial_motion_planner/unittest_trajectory_generator_common
[30.962s] -- Set runtime path of "/home/gustav/P5-Kuka-Dual-Arm/install/pilz_industrial_motion_planner/lib/pilz_industrial_motion_planner/unittest_trajectory_generator_common" to ""
[30.962s] -- Installing: /home/gustav/P5-Kuka-Dual-Arm/install/pilz_industrial_motion_planner/lib/pilz_industrial_motion_planner/unittest_trajectory_generator_circ
[30.965s] -- Set runtime path of "/home/gustav/P5-Kuka-Dual-Arm/install/pilz_industrial_motion_planner/lib/pilz_industrial_motion_planner/unittest_trajectory_generator_circ" to ""
[30.965s] -- Installing: /home/gustav/P5-Kuka-Dual-Arm/install/pilz_industrial_motion_planner/lib/pilz_industrial_motion_planner/unittest_trajectory_generator_lin
[30.967s] -- Set runtime path of "/home/gustav/P5-Kuka-Dual-Arm/install/pilz_industrial_motion_planner/lib/pilz_industrial_motion_planner/unittest_trajectory_generator_lin" to ""
[30.967s] -- Installing: /home/gustav/P5-Kuka-Dual-Arm/install/pilz_industrial_motion_planner/lib/pilz_industrial_motion_planner/unittest_trajectory_generator_ptp
[30.968s] -- Set runtime path of "/home/gustav/P5-Kuka-Dual-Arm/install/pilz_industrial_motion_planner/lib/pilz_industrial_motion_planner/unittest_trajectory_generator_ptp" to ""
[30.969s] -- Installing: /home/gustav/P5-Kuka-Dual-Arm/install/pilz_industrial_motion_planner/lib/pilz_industrial_motion_planner/unittest_pilz_industrial_motion_planner
[30.970s] -- Set runtime path of "/home/gustav/P5-Kuka-Dual-Arm/install/pilz_industrial_motion_planner/lib/pilz_industrial_motion_planner/unittest_pilz_industrial_motion_planner" to ""
[30.971s] -- Installing: /home/gustav/P5-Kuka-Dual-Arm/install/pilz_industrial_motion_planner/lib/pilz_industrial_motion_planner/unittest_joint_limit
[30.971s] -- Set runtime path of "/home/gustav/P5-Kuka-Dual-Arm/install/pilz_industrial_motion_planner/lib/pilz_industrial_motion_planner/unittest_joint_limit" to ""
[30.972s] -- Installing: /home/gustav/P5-Kuka-Dual-Arm/install/pilz_industrial_motion_planner/lib/pilz_industrial_motion_planner/unittest_joint_limits_aggregator
[30.973s] -- Set runtime path of "/home/gustav/P5-Kuka-Dual-Arm/install/pilz_industrial_motion_planner/lib/pilz_industrial_motion_planner/unittest_joint_limits_aggregator" to ""
[30.973s] -- Installing: /home/gustav/P5-Kuka-Dual-Arm/install/pilz_industrial_motion_planner/lib/pilz_industrial_motion_planner/unittest_joint_limits_container
[30.974s] -- Set runtime path of "/home/gustav/P5-Kuka-Dual-Arm/install/pilz_industrial_motion_planner/lib/pilz_industrial_motion_planner/unittest_joint_limits_container" to ""
[30.974s] -- Installing: /home/gustav/P5-Kuka-Dual-Arm/install/pilz_industrial_motion_planner/lib/pilz_industrial_motion_planner/unittest_joint_limits_validator
[30.975s] -- Set runtime path of "/home/gustav/P5-Kuka-Dual-Arm/install/pilz_industrial_motion_planner/lib/pilz_industrial_motion_planner/unittest_joint_limits_validator" to ""
[30.976s] -- Installing: /home/gustav/P5-Kuka-Dual-Arm/install/pilz_industrial_motion_planner/lib/pilz_industrial_motion_planner/unittest_cartesian_limits_aggregator
[30.977s] -- Set runtime path of "/home/gustav/P5-Kuka-Dual-Arm/install/pilz_industrial_motion_planner/lib/pilz_industrial_motion_planner/unittest_cartesian_limits_aggregator" to ""
[30.978s] -- Installing: /home/gustav/P5-Kuka-Dual-Arm/install/pilz_industrial_motion_planner/lib/pilz_industrial_motion_planner/unittest_planning_context_loaders
[30.980s] -- Set runtime path of "/home/gustav/P5-Kuka-Dual-Arm/install/pilz_industrial_motion_planner/lib/pilz_industrial_motion_planner/unittest_planning_context_loaders" to ""
[30.980s] -- Installing: /home/gustav/P5-Kuka-Dual-Arm/install/pilz_industrial_motion_planner/lib/pilz_industrial_motion_planner/unittest_planning_context
[30.982s] -- Set runtime path of "/home/gustav/P5-Kuka-Dual-Arm/install/pilz_industrial_motion_planner/lib/pilz_industrial_motion_planner/unittest_planning_context" to ""
[30.982s] -- Installing: /home/gustav/P5-Kuka-Dual-Arm/install/pilz_industrial_motion_planner/lib/pilz_industrial_motion_planner/unittest_get_solver_tip_frame
[30.984s] -- Set runtime path of "/home/gustav/P5-Kuka-Dual-Arm/install/pilz_industrial_motion_planner/lib/pilz_industrial_motion_planner/unittest_get_solver_tip_frame" to ""
[30.984s] -- Up-to-date: /home/gustav/P5-Kuka-Dual-Arm/install/pilz_industrial_motion_planner/share/pilz_industrial_motion_planner/config
[30.985s] -- Up-to-date: /home/gustav/P5-Kuka-Dual-Arm/install/pilz_industrial_motion_planner/share/pilz_industrial_motion_planner/config/unittest_trajectory_generator_ptp.yaml
[30.985s] -- Up-to-date: /home/gustav/P5-Kuka-Dual-Arm/install/pilz_industrial_motion_planner/share/pilz_industrial_motion_planner/config/unittest_joint_limit_config.yaml
[30.985s] -- Up-to-date: /home/gustav/P5-Kuka-Dual-Arm/install/pilz_industrial_motion_planner/share/pilz_industrial_motion_planner/config/unittest_trajectory_generator_lin.yaml
[30.985s] -- Up-to-date: /home/gustav/P5-Kuka-Dual-Arm/install/pilz_industrial_motion_planner/share/pilz_industrial_motion_planner/config/unittest_trajectory_functions.yaml
[30.985s] -- Up-to-date: /home/gustav/P5-Kuka-Dual-Arm/install/pilz_industrial_motion_planner/share/pilz_industrial_motion_planner/config/unittest_cartesian_limits_aggregator.yaml
[30.986s] -- Up-to-date: /home/gustav/P5-Kuka-Dual-Arm/install/pilz_industrial_motion_planner/share/pilz_industrial_motion_planner/config/unittest_trajectory_generator_circ.yaml
[30.986s] -- Up-to-date: /home/gustav/P5-Kuka-Dual-Arm/install/pilz_industrial_motion_planner/share/pilz_industrial_motion_planner/config/unittest_trajectory_blender_transition_window.yaml
[30.986s] -- Up-to-date: /home/gustav/P5-Kuka-Dual-Arm/install/pilz_industrial_motion_planner/share/pilz_industrial_motion_planner/config/unittest_trajectory_generator_common.yaml
[30.986s] -- Up-to-date: /home/gustav/P5-Kuka-Dual-Arm/install/pilz_industrial_motion_planner/share/pilz_industrial_motion_planner/config/unittest_joint_limits_aggregator.yaml
[30.987s] -- Up-to-date: /home/gustav/P5-Kuka-Dual-Arm/install/pilz_industrial_motion_planner/share/pilz_industrial_motion_planner/launch
[30.987s] -- Up-to-date: /home/gustav/P5-Kuka-Dual-Arm/install/pilz_industrial_motion_planner/share/pilz_industrial_motion_planner/launch/unittest_trajectory_generator_lin.test.py
[30.987s] -- Up-to-date: /home/gustav/P5-Kuka-Dual-Arm/install/pilz_industrial_motion_planner/share/pilz_industrial_motion_planner/launch/unittest_cartesian_limits_aggregator.test.py
[30.987s] -- Up-to-date: /home/gustav/P5-Kuka-Dual-Arm/install/pilz_industrial_motion_planner/share/pilz_industrial_motion_planner/launch/unittest_planning_context.test.py
[30.987s] -- Up-to-date: /home/gustav/P5-Kuka-Dual-Arm/install/pilz_industrial_motion_planner/share/pilz_industrial_motion_planner/launch/unittest_trajectory_generator_common.test.py
[30.987s] -- Up-to-date: /home/gustav/P5-Kuka-Dual-Arm/install/pilz_industrial_motion_planner/share/pilz_industrial_motion_planner/launch/unittest_trajectory_generator_circ.test.py
[30.988s] -- Up-to-date: /home/gustav/P5-Kuka-Dual-Arm/install/pilz_industrial_motion_planner/share/pilz_industrial_motion_planner/launch/unittest_joint_limits_aggregator.test.py
[30.988s] -- Up-to-date: /home/gustav/P5-Kuka-Dual-Arm/install/pilz_industrial_motion_planner/share/pilz_industrial_motion_planner/launch/unittest_joint_limit.test.py
[30.988s] -- Up-to-date: /home/gustav/P5-Kuka-Dual-Arm/install/pilz_industrial_motion_planner/share/pilz_industrial_motion_planner/launch/unittest_trajectory_generator_ptp.test.py
[30.988s] -- Up-to-date: /home/gustav/P5-Kuka-Dual-Arm/install/pilz_industrial_motion_planner/share/pilz_industrial_motion_planner/launch/common_parameters.py
[30.988s] -- Up-to-date: /home/gustav/P5-Kuka-Dual-Arm/install/pilz_industrial_motion_planner/share/pilz_industrial_motion_planner/launch/unittest_planning_context_loaders.test.py
[30.989s] -- Up-to-date: /home/gustav/P5-Kuka-Dual-Arm/install/pilz_industrial_motion_planner/share/pilz_industrial_motion_planner/launch/unittest_trajectory_blender_transition_window.test.py
[30.989s] -- Up-to-date: /home/gustav/P5-Kuka-Dual-Arm/install/pilz_industrial_motion_planner/share/pilz_industrial_motion_planner/launch/unittest_trajectory_functions.test.py
[30.989s] -- Up-to-date: /home/gustav/P5-Kuka-Dual-Arm/install/pilz_industrial_motion_planner/share/pilz_industrial_motion_planner/launch/unittest_pilz_industrial_motion_planner.test.py
[30.989s] -- Up-to-date: /home/gustav/P5-Kuka-Dual-Arm/install/pilz_industrial_motion_planner/share/pilz_industrial_motion_planner/test_data
[30.989s] -- Up-to-date: /home/gustav/P5-Kuka-Dual-Arm/install/pilz_industrial_motion_planner/share/pilz_industrial_motion_planner/test_data/prbt
[30.989s] -- Up-to-date: /home/gustav/P5-Kuka-Dual-Arm/install/pilz_industrial_motion_planner/share/pilz_industrial_motion_planner/test_data/prbt/testdata_sequence.xml
[30.990s] -- Up-to-date: /home/gustav/P5-Kuka-Dual-Arm/install/pilz_industrial_motion_planner/share/pilz_industrial_motion_planner/test_data/prbt/testdata_with_gripper.xml
[30.990s] -- Up-to-date: /home/gustav/P5-Kuka-Dual-Arm/install/pilz_industrial_motion_planner/share/pilz_industrial_motion_planner/test_data/prbt/testdata_deprecated.xml
[30.990s] -- Up-to-date: /home/gustav/P5-Kuka-Dual-Arm/install/pilz_industrial_motion_planner/share/pilz_industrial_motion_planner/test_data/frankaemika_panda
[30.990s] -- Up-to-date: /home/gustav/P5-Kuka-Dual-Arm/install/pilz_industrial_motion_planner/share/pilz_industrial_motion_planner/test_data/frankaemika_panda/testdata_sequence.xml
[30.990s] -- Up-to-date: /home/gustav/P5-Kuka-Dual-Arm/install/pilz_industrial_motion_planner/share/pilz_industrial_motion_planner/test_data/testpoints.py
[30.990s] -- Up-to-date: /home/gustav/P5-Kuka-Dual-Arm/install/pilz_industrial_motion_planner/share/pilz_industrial_motion_planner/test_data/concept_testdata.png
[30.990s] -- Up-to-date: /home/gustav/P5-Kuka-Dual-Arm/install/pilz_industrial_motion_planner/share/pilz_industrial_motion_planner/test_data/concept_testdata.odp
[30.991s] -- Up-to-date: /home/gustav/P5-Kuka-Dual-Arm/install/pilz_industrial_motion_planner/share/ament_index/resource_index/package_run_dependencies/pilz_industrial_motion_planner
[30.991s] -- Up-to-date: /home/gustav/P5-Kuka-Dual-Arm/install/pilz_industrial_motion_planner/share/ament_index/resource_index/parent_prefix_path/pilz_industrial_motion_planner
[30.991s] -- Up-to-date: /home/gustav/P5-Kuka-Dual-Arm/install/pilz_industrial_motion_planner/share/pilz_industrial_motion_planner/environment/ament_prefix_path.sh
[30.991s] -- Installing: /home/gustav/P5-Kuka-Dual-Arm/install/pilz_industrial_motion_planner/share/pilz_industrial_motion_planner/environment/ament_prefix_path.dsv
[30.991s] -- Up-to-date: /home/gustav/P5-Kuka-Dual-Arm/install/pilz_industrial_motion_planner/share/pilz_industrial_motion_planner/environment/path.sh
[30.991s] -- Installing: /home/gustav/P5-Kuka-Dual-Arm/install/pilz_industrial_motion_planner/share/pilz_industrial_motion_planner/environment/path.dsv
[30.991s] -- Up-to-date: /home/gustav/P5-Kuka-Dual-Arm/install/pilz_industrial_motion_planner/share/pilz_industrial_motion_planner/local_setup.bash
[30.991s] -- Up-to-date: /home/gustav/P5-Kuka-Dual-Arm/install/pilz_industrial_motion_planner/share/pilz_industrial_motion_planner/local_setup.sh
[30.992s] -- Up-to-date: /home/gustav/P5-Kuka-Dual-Arm/install/pilz_industrial_motion_planner/share/pilz_industrial_motion_planner/local_setup.zsh
[30.992s] -- Installing: /home/gustav/P5-Kuka-Dual-Arm/install/pilz_industrial_motion_planner/share/pilz_industrial_motion_planner/local_setup.dsv
[30.992s] -- Installing: /home/gustav/P5-Kuka-Dual-Arm/install/pilz_industrial_motion_planner/share/pilz_industrial_motion_planner/package.dsv
[30.992s] -- Up-to-date: /home/gustav/P5-Kuka-Dual-Arm/install/pilz_industrial_motion_planner/share/ament_index/resource_index/packages/pilz_industrial_motion_planner
[30.992s] -- Up-to-date: /home/gustav/P5-Kuka-Dual-Arm/install/pilz_industrial_motion_planner/share/ament_index/resource_index/moveit_core__pluginlib__plugin/pilz_industrial_motion_planner
[30.992s] -- Up-to-date: /home/gustav/P5-Kuka-Dual-Arm/install/pilz_industrial_motion_planner/share/ament_index/resource_index/moveit_ros_move_group__pluginlib__plugin/pilz_industrial_motion_planner
[30.992s] -- Up-to-date: /home/gustav/P5-Kuka-Dual-Arm/install/pilz_industrial_motion_planner/share/ament_index/resource_index/pilz_industrial_motion_planner__pluginlib__plugin/pilz_industrial_motion_planner
[30.992s] -- Up-to-date: /home/gustav/P5-Kuka-Dual-Arm/install/pilz_industrial_motion_planner/share/pilz_industrial_motion_planner/cmake/pilz_industrial_motion_plannerTargetsExport.cmake
[30.993s] -- Up-to-date: /home/gustav/P5-Kuka-Dual-Arm/install/pilz_industrial_motion_planner/share/pilz_industrial_motion_planner/cmake/pilz_industrial_motion_plannerTargetsExport-release.cmake
[30.993s] -- Up-to-date: /home/gustav/P5-Kuka-Dual-Arm/install/pilz_industrial_motion_planner/share/pilz_industrial_motion_planner/cmake/ament_cmake_export_include_directories-extras.cmake
[30.993s] -- Up-to-date: /home/gustav/P5-Kuka-Dual-Arm/install/pilz_industrial_motion_planner/share/pilz_industrial_motion_planner/cmake/ament_cmake_export_targets-extras.cmake
[30.993s] -- Up-to-date: /home/gustav/P5-Kuka-Dual-Arm/install/pilz_industrial_motion_planner/share/pilz_industrial_motion_planner/cmake/ament_cmake_export_dependencies-extras.cmake
[30.993s] -- Up-to-date: /home/gustav/P5-Kuka-Dual-Arm/install/pilz_industrial_motion_planner/share/pilz_industrial_motion_planner/cmake/pilz_industrial_motion_plannerConfig.cmake
[30.993s] -- Up-to-date: /home/gustav/P5-Kuka-Dual-Arm/install/pilz_industrial_motion_planner/share/pilz_industrial_motion_planner/cmake/pilz_industrial_motion_plannerConfig-version.cmake
[30.993s] -- Up-to-date: /home/gustav/P5-Kuka-Dual-Arm/install/pilz_industrial_motion_planner/share/pilz_industrial_motion_planner/package.xml
[30.996s] Invoked command in '/home/gustav/P5-Kuka-Dual-Arm/build/pilz_industrial_motion_planner' returned '0': AMENT_PREFIX_PATH=/home/gustav/P5-Kuka-Dual-Arm/install/moveit_resources_prbt_pg70_support:/home/gustav/P5-Kuka-Dual-Arm/install/moveit_ros_planning_interface:/home/gustav/P5-Kuka-Dual-Arm/install/moveit_resources_prbt_moveit_config:/home/gustav/P5-Kuka-Dual-Arm/install/moveit_ros_move_group:/home/gustav/P5-Kuka-Dual-Arm/install/moveit_ros_warehouse:/home/gustav/P5-Kuka-Dual-Arm/install/moveit_planners_ompl:/home/gustav/P5-Kuka-Dual-Arm/install/moveit_kinematics:/home/gustav/P5-Kuka-Dual-Arm/install/moveit_ros_planning:/home/gustav/P5-Kuka-Dual-Arm/install/pilz_industrial_motion_planner_testutils:/home/gustav/P5-Kuka-Dual-Arm/install/moveit_simple_controller_manager:/home/gustav/P5-Kuka-Dual-Arm/install/moveit_ros_occupancy_map_monitor:/home/gustav/P5-Kuka-Dual-Arm/install/moveit_resources_prbt_ikfast_manipulator_plugin:/home/gustav/P5-Kuka-Dual-Arm/install/moveit_core:/home/gustav/P5-Kuka-Dual-Arm/install/moveit_resources_panda_moveit_config:/home/gustav/P5-Kuka-Dual-Arm/install/moveit_resources_fanuc_moveit_config:/home/gustav/P5-Kuka-Dual-Arm/install/generate_parameter_library:/home/gustav/P5-Kuka-Dual-Arm/install/parameter_traits:/home/gustav/P5-Kuka-Dual-Arm/install/moveit_resources_prbt_support:/home/gustav/P5-Kuka-Dual-Arm/install/moveit_resources_pr2_description:/home/gustav/P5-Kuka-Dual-Arm/install/moveit_resources_panda_description:/home/gustav/P5-Kuka-Dual-Arm/install/moveit_resources_fanuc_description:/home/gustav/P5-Kuka-Dual-Arm/install/moveit_msgs:/home/gustav/P5-Kuka-Dual-Arm/install/moveit_configs_utils:/home/gustav/P5-Kuka-Dual-Arm/install/moveit_common:/home/gustav/P5-Kuka-Dual-Arm/install/generate_parameter_library_py:${AMENT_PREFIX_PATH} CMAKE_PREFIX_PATH=/home/gustav/P5-Kuka-Dual-Arm/install/moveit_resources_prbt_pg70_support:/home/gustav/P5-Kuka-Dual-Arm/install/moveit_ros_planning_interface:/home/gustav/P5-Kuka-Dual-Arm/install/moveit_resources_prbt_moveit_config:/home/gustav/P5-Kuka-Dual-Arm/install/moveit_ros_move_group:/home/gustav/P5-Kuka-Dual-Arm/install/moveit_ros_warehouse:/home/gustav/P5-Kuka-Dual-Arm/install/moveit_planners_ompl:/home/gustav/P5-Kuka-Dual-Arm/install/moveit_kinematics:/home/gustav/P5-Kuka-Dual-Arm/install/moveit_ros_planning:/home/gustav/P5-Kuka-Dual-Arm/install/pilz_industrial_motion_planner_testutils:/home/gustav/P5-Kuka-Dual-Arm/install/moveit_simple_controller_manager:/home/gustav/P5-Kuka-Dual-Arm/install/moveit_ros_occupancy_map_monitor:/home/gustav/P5-Kuka-Dual-Arm/install/moveit_resources_prbt_ikfast_manipulator_plugin:/home/gustav/P5-Kuka-Dual-Arm/install/moveit_core:/home/gustav/P5-Kuka-Dual-Arm/install/moveit_resources_panda_moveit_config:/home/gustav/P5-Kuka-Dual-Arm/install/moveit_resources_fanuc_moveit_config:/home/gustav/P5-Kuka-Dual-Arm/install/generate_parameter_library:/home/gustav/P5-Kuka-Dual-Arm/install/parameter_traits:/home/gustav/P5-Kuka-Dual-Arm/install/moveit_resources_prbt_support:/home/gustav/P5-Kuka-Dual-Arm/install/moveit_resources_pr2_description:/home/gustav/P5-Kuka-Dual-Arm/install/moveit_resources_panda_description:/home/gustav/P5-Kuka-Dual-Arm/install/moveit_resources_fanuc_description:/home/gustav/P5-Kuka-Dual-Arm/install/moveit_msgs:/home/gustav/P5-Kuka-Dual-Arm/install/moveit_common:/opt/ros/humble LD_LIBRARY_PATH=/home/gustav/P5-Kuka-Dual-Arm/install/moveit_ros_planning_interface/lib:/home/gustav/P5-Kuka-Dual-Arm/install/moveit_ros_move_group/lib:/home/gustav/P5-Kuka-Dual-Arm/install/moveit_ros_warehouse/lib:/home/gustav/P5-Kuka-Dual-Arm/install/moveit_planners_ompl/lib:/home/gustav/P5-Kuka-Dual-Arm/install/moveit_kinematics/lib:/home/gustav/P5-Kuka-Dual-Arm/install/moveit_ros_planning/lib:/home/gustav/P5-Kuka-Dual-Arm/install/pilz_industrial_motion_planner_testutils/lib:/home/gustav/P5-Kuka-Dual-Arm/install/moveit_simple_controller_manager/lib:/home/gustav/P5-Kuka-Dual-Arm/install/moveit_ros_occupancy_map_monitor/lib:/home/gustav/P5-Kuka-Dual-Arm/install/moveit_resources_prbt_ikfast_manipulator_plugin/lib:/home/gustav/P5-Kuka-Dual-Arm/install/moveit_core/lib:/home/gustav/P5-Kuka-Dual-Arm/install/parameter_traits/lib:/home/gustav/P5-Kuka-Dual-Arm/install/moveit_msgs/lib:${LD_LIBRARY_PATH} PATH=/home/gustav/P5-Kuka-Dual-Arm/install/moveit_core/bin:/home/gustav/P5-Kuka-Dual-Arm/install/generate_parameter_library_py/bin:${PATH} PYTHONPATH=/home/gustav/P5-Kuka-Dual-Arm/install/moveit_msgs/local/lib/python3.10/dist-packages:/home/gustav/P5-Kuka-Dual-Arm/install/moveit_configs_utils/lib/python3.10/site-packages:/home/gustav/P5-Kuka-Dual-Arm/install/generate_parameter_library_py/lib/python3.10/site-packages:${PYTHONPATH} /usr/bin/cmake --install /home/gustav/P5-Kuka-Dual-Arm/build/pilz_industrial_motion_planner
