[3.215s] Invoking command in '/home/gustav/P5-Kuka-Dual-Arm/p5_ws/src/py_srvcli': AMENT_PREFIX_PATH=/home/gustav/P5-Kuka-Dual-Arm/install/tutorial_interfaces:${AMENT_PREFIX_PATH} CMAKE_PREFIX_PATH=/home/gustav/P5-Kuka-Dual-Arm/install/tutorial_interfaces:${CMAKE_PREFIX_PATH} LD_LIBRARY_PATH=/home/gustav/P5-Kuka-Dual-Arm/install/tutorial_interfaces/lib:${LD_LIBRARY_PATH} PYTHONPATH=/home/gustav/P5-Kuka-Dual-Arm/build/py_srvcli/prefix_override:/usr/lib/python3/dist-packages/colcon_core/task/python/colcon_distutils_commands:/home/gustav/P5-Kuka-Dual-Arm/install/py_srvcli/lib/python3.10/site-packages:/home/gustav/P5-Kuka-Dual-Arm/install/tutorial_interfaces/local/lib/python3.10/dist-packages:${PYTHONPATH} /usr/bin/python3 -W ignore:setup.py install is deprecated setup.py egg_info --egg-base ../../../build/py_srvcli build --build-base /home/gustav/P5-Kuka-Dual-Arm/build/py_srvcli/build install --record /home/gustav/P5-Kuka-Dual-Arm/build/py_srvcli/install.log --single-version-externally-managed install_data
[6.113s] running egg_info
[6.122s] writing ../../../build/py_srvcli/py_srvcli.egg-info/PKG-INFO
[6.125s] writing dependency_links to ../../../build/py_srvcli/py_srvcli.egg-info/dependency_links.txt
[6.126s] writing entry points to ../../../build/py_srvcli/py_srvcli.egg-info/entry_points.txt
[6.129s] writing requirements to ../../../build/py_srvcli/py_srvcli.egg-info/requires.txt
[6.134s] writing top-level names to ../../../build/py_srvcli/py_srvcli.egg-info/top_level.txt
[6.152s] reading manifest file '../../../build/py_srvcli/py_srvcli.egg-info/SOURCES.txt'
[6.158s] adding license file 'LICENSE'
[6.169s] writing manifest file '../../../build/py_srvcli/py_srvcli.egg-info/SOURCES.txt'
[6.169s] running build
[6.171s] running build_py
[6.177s] running install
[6.180s] running install_lib
[6.197s] running install_data
[6.199s] running install_egg_info
[6.225s] removing '/home/gustav/P5-Kuka-Dual-Arm/install/py_srvcli/lib/python3.10/site-packages/py_srvcli-0.0.0-py3.10.egg-info' (and everything under it)
[6.230s] Copying ../../../build/py_srvcli/py_srvcli.egg-info to /home/gustav/P5-Kuka-Dual-Arm/install/py_srvcli/lib/python3.10/site-packages/py_srvcli-0.0.0-py3.10.egg-info
[6.246s] running install_scripts
[6.563s] Installing client script to /home/gustav/P5-Kuka-Dual-Arm/install/py_srvcli/lib/py_srvcli
[6.564s] Installing service script to /home/gustav/P5-Kuka-Dual-Arm/install/py_srvcli/lib/py_srvcli
[6.564s] writing list of installed files to '/home/gustav/P5-Kuka-Dual-Arm/build/py_srvcli/install.log'
[7.076s] Invoked command in '/home/gustav/P5-Kuka-Dual-Arm/p5_ws/src/py_srvcli' returned '0': AMENT_PREFIX_PATH=/home/gustav/P5-Kuka-Dual-Arm/install/tutorial_interfaces:${AMENT_PREFIX_PATH} CMAKE_PREFIX_PATH=/home/gustav/P5-Kuka-Dual-Arm/install/tutorial_interfaces:${CMAKE_PREFIX_PATH} LD_LIBRARY_PATH=/home/gustav/P5-Kuka-Dual-Arm/install/tutorial_interfaces/lib:${LD_LIBRARY_PATH} PYTHONPATH=/home/gustav/P5-Kuka-Dual-Arm/build/py_srvcli/prefix_override:/usr/lib/python3/dist-packages/colcon_core/task/python/colcon_distutils_commands:/home/gustav/P5-Kuka-Dual-Arm/install/py_srvcli/lib/python3.10/site-packages:/home/gustav/P5-Kuka-Dual-Arm/install/tutorial_interfaces/local/lib/python3.10/dist-packages:${PYTHONPATH} /usr/bin/python3 -W ignore:setup.py install is deprecated setup.py egg_info --egg-base ../../../build/py_srvcli build --build-base /home/gustav/P5-Kuka-Dual-Arm/build/py_srvcli/build install --record /home/gustav/P5-Kuka-Dual-Arm/build/py_srvcli/install.log --single-version-externally-managed install_data
