[0.036s] Invoking command in '/home/gustav/P5-Kuka-Dual-Arm/build/moveit_ros_perception': AMENT_PREFIX_PATH=/home/gustav/P5-Kuka-Dual-Arm/install/moveit_ros_planning:/home/gustav/P5-Kuka-Dual-Arm/install/moveit_ros_occupancy_map_monitor:/home/gustav/P5-Kuka-Dual-Arm/install/moveit_core:/home/gustav/P5-Kuka-Dual-Arm/install/moveit_resources_panda_moveit_config:/home/gustav/P5-Kuka-Dual-Arm/install/generate_parameter_library:/home/gustav/P5-Kuka-Dual-Arm/install/parameter_traits:/home/gustav/P5-Kuka-Dual-Arm/install/moveit_resources_pr2_description:/home/gustav/P5-Kuka-Dual-Arm/install/moveit_resources_panda_description:/home/gustav/P5-Kuka-Dual-Arm/install/moveit_msgs:/home/gustav/P5-Kuka-Dual-Arm/install/moveit_common:/home/gustav/P5-Kuka-Dual-Arm/install/generate_parameter_library_py:${AMENT_PREFIX_PATH} CMAKE_PREFIX_PATH=/home/gustav/P5-Kuka-Dual-Arm/install/moveit_ros_planning:/home/gustav/P5-Kuka-Dual-Arm/install/moveit_ros_occupancy_map_monitor:/home/gustav/P5-Kuka-Dual-Arm/install/moveit_core:/home/gustav/P5-Kuka-Dual-Arm/install/moveit_resources_panda_moveit_config:/home/gustav/P5-Kuka-Dual-Arm/install/generate_parameter_library:/home/gustav/P5-Kuka-Dual-Arm/install/parameter_traits:/home/gustav/P5-Kuka-Dual-Arm/install/moveit_resources_pr2_description:/home/gustav/P5-Kuka-Dual-Arm/install/moveit_resources_panda_description:/home/gustav/P5-Kuka-Dual-Arm/install/moveit_msgs:/home/gustav/P5-Kuka-Dual-Arm/install/moveit_common:/opt/ros/humble LD_LIBRARY_PATH=/home/gustav/P5-Kuka-Dual-Arm/install/moveit_ros_planning/lib:/home/gustav/P5-Kuka-Dual-Arm/install/moveit_ros_occupancy_map_monitor/lib:/home/gustav/P5-Kuka-Dual-Arm/install/moveit_core/lib:/home/gustav/P5-Kuka-Dual-Arm/install/parameter_traits/lib:/home/gustav/P5-Kuka-Dual-Arm/install/moveit_msgs/lib:${LD_LIBRARY_PATH} PATH=/home/gustav/P5-Kuka-Dual-Arm/install/moveit_core/bin:/home/gustav/P5-Kuka-Dual-Arm/install/generate_parameter_library_py/bin:${PATH} PYTHONPATH=/home/gustav/P5-Kuka-Dual-Arm/install/moveit_msgs/local/lib/python3.10/dist-packages:/home/gustav/P5-Kuka-Dual-Arm/install/generate_parameter_library_py/lib/python3.10/site-packages:${PYTHONPATH} /usr/bin/cmake --build /home/gustav/P5-Kuka-Dual-Arm/build/moveit_ros_perception -- -j8 -l8
[0.117s] [35m[1mConsolidate compiler generated dependencies of target moveit_point_containment_filter[0m
[0.120s] [35m[1mConsolidate compiler generated dependencies of target moveit_mesh_filter[0m
[0.120s] [35m[1mConsolidate compiler generated dependencies of target moveit_lazy_free_space_updater[0m
[0.137s] [ 10%] Built target moveit_point_containment_filter
[0.140s] [ 20%] Built target moveit_lazy_free_space_updater
[0.147s] [ 25%] [32mBuilding CXX object mesh_filter/CMakeFiles/moveit_mesh_filter.dir/src/gl_mesh.cpp.o[0m
[0.164s] [ 30%] [32mBuilding CXX object semantic_world/CMakeFiles/moveit_semantic_world.dir/src/semantic_world.cpp.o[0m
[0.167s] [ 35%] [32mBuilding CXX object pointcloud_octomap_updater/CMakeFiles/moveit_pointcloud_octomap_updater_core.dir/src/pointcloud_octomap_updater.cpp.o[0m
[2.183s] [ 40%] [32m[1mLinking CXX shared library libmoveit_mesh_filter.so[0m
[2.717s] [ 60%] Built target moveit_mesh_filter
[2.756s] [ 65%] [32mBuilding CXX object depth_image_octomap_updater/CMakeFiles/moveit_depth_image_octomap_updater_core.dir/src/depth_image_octomap_updater.cpp.o[0m
[13.641s] [ 70%] [32m[1mLinking CXX shared library libmoveit_depth_image_octomap_updater_core.so[0m
[13.922s] [ 70%] Built target moveit_depth_image_octomap_updater_core
[13.949s] [ 75%] [32mBuilding CXX object depth_image_octomap_updater/CMakeFiles/moveit_depth_image_octomap_updater.dir/src/updater_plugin.cpp.o[0m
[19.977s] [ 80%] [32m[1mLinking CXX shared library libmoveit_depth_image_octomap_updater.so[0m
[20.207s] [ 80%] Built target moveit_depth_image_octomap_updater
[21.562s] [ 85%] [32m[1mLinking CXX shared library libmoveit_pointcloud_octomap_updater_core.so[0m
[21.914s] [ 85%] Built target moveit_pointcloud_octomap_updater_core
[21.941s] [ 90%] [32mBuilding CXX object pointcloud_octomap_updater/CMakeFiles/moveit_pointcloud_octomap_updater.dir/src/plugin_init.cpp.o[0m
[26.769s] [ 95%] [32m[1mLinking CXX shared library libmoveit_semantic_world.so[0m
[27.177s] [ 95%] Built target moveit_semantic_world
[28.118s] [100%] [32m[1mLinking CXX shared library libmoveit_pointcloud_octomap_updater.so[0m
[28.320s] [100%] Built target moveit_pointcloud_octomap_updater
[28.331s] Invoked command in '/home/gustav/P5-Kuka-Dual-Arm/build/moveit_ros_perception' returned '0': AMENT_PREFIX_PATH=/home/gustav/P5-Kuka-Dual-Arm/install/moveit_ros_planning:/home/gustav/P5-Kuka-Dual-Arm/install/moveit_ros_occupancy_map_monitor:/home/gustav/P5-Kuka-Dual-Arm/install/moveit_core:/home/gustav/P5-Kuka-Dual-Arm/install/moveit_resources_panda_moveit_config:/home/gustav/P5-Kuka-Dual-Arm/install/generate_parameter_library:/home/gustav/P5-Kuka-Dual-Arm/install/parameter_traits:/home/gustav/P5-Kuka-Dual-Arm/install/moveit_resources_pr2_description:/home/gustav/P5-Kuka-Dual-Arm/install/moveit_resources_panda_description:/home/gustav/P5-Kuka-Dual-Arm/install/moveit_msgs:/home/gustav/P5-Kuka-Dual-Arm/install/moveit_common:/home/gustav/P5-Kuka-Dual-Arm/install/generate_parameter_library_py:${AMENT_PREFIX_PATH} CMAKE_PREFIX_PATH=/home/gustav/P5-Kuka-Dual-Arm/install/moveit_ros_planning:/home/gustav/P5-Kuka-Dual-Arm/install/moveit_ros_occupancy_map_monitor:/home/gustav/P5-Kuka-Dual-Arm/install/moveit_core:/home/gustav/P5-Kuka-Dual-Arm/install/moveit_resources_panda_moveit_config:/home/gustav/P5-Kuka-Dual-Arm/install/generate_parameter_library:/home/gustav/P5-Kuka-Dual-Arm/install/parameter_traits:/home/gustav/P5-Kuka-Dual-Arm/install/moveit_resources_pr2_description:/home/gustav/P5-Kuka-Dual-Arm/install/moveit_resources_panda_description:/home/gustav/P5-Kuka-Dual-Arm/install/moveit_msgs:/home/gustav/P5-Kuka-Dual-Arm/install/moveit_common:/opt/ros/humble LD_LIBRARY_PATH=/home/gustav/P5-Kuka-Dual-Arm/install/moveit_ros_planning/lib:/home/gustav/P5-Kuka-Dual-Arm/install/moveit_ros_occupancy_map_monitor/lib:/home/gustav/P5-Kuka-Dual-Arm/install/moveit_core/lib:/home/gustav/P5-Kuka-Dual-Arm/install/parameter_traits/lib:/home/gustav/P5-Kuka-Dual-Arm/install/moveit_msgs/lib:${LD_LIBRARY_PATH} PATH=/home/gustav/P5-Kuka-Dual-Arm/install/moveit_core/bin:/home/gustav/P5-Kuka-Dual-Arm/install/generate_parameter_library_py/bin:${PATH} PYTHONPATH=/home/gustav/P5-Kuka-Dual-Arm/install/moveit_msgs/local/lib/python3.10/dist-packages:/home/gustav/P5-Kuka-Dual-Arm/install/generate_parameter_library_py/lib/python3.10/site-packages:${PYTHONPATH} /usr/bin/cmake --build /home/gustav/P5-Kuka-Dual-Arm/build/moveit_ros_perception -- -j8 -l8
[28.358s] Invoking command in '/home/gustav/P5-Kuka-Dual-Arm/build/moveit_ros_perception': AMENT_PREFIX_PATH=/home/gustav/P5-Kuka-Dual-Arm/install/moveit_ros_planning:/home/gustav/P5-Kuka-Dual-Arm/install/moveit_ros_occupancy_map_monitor:/home/gustav/P5-Kuka-Dual-Arm/install/moveit_core:/home/gustav/P5-Kuka-Dual-Arm/install/moveit_resources_panda_moveit_config:/home/gustav/P5-Kuka-Dual-Arm/install/generate_parameter_library:/home/gustav/P5-Kuka-Dual-Arm/install/parameter_traits:/home/gustav/P5-Kuka-Dual-Arm/install/moveit_resources_pr2_description:/home/gustav/P5-Kuka-Dual-Arm/install/moveit_resources_panda_description:/home/gustav/P5-Kuka-Dual-Arm/install/moveit_msgs:/home/gustav/P5-Kuka-Dual-Arm/install/moveit_common:/home/gustav/P5-Kuka-Dual-Arm/install/generate_parameter_library_py:${AMENT_PREFIX_PATH} CMAKE_PREFIX_PATH=/home/gustav/P5-Kuka-Dual-Arm/install/moveit_ros_planning:/home/gustav/P5-Kuka-Dual-Arm/install/moveit_ros_occupancy_map_monitor:/home/gustav/P5-Kuka-Dual-Arm/install/moveit_core:/home/gustav/P5-Kuka-Dual-Arm/install/moveit_resources_panda_moveit_config:/home/gustav/P5-Kuka-Dual-Arm/install/generate_parameter_library:/home/gustav/P5-Kuka-Dual-Arm/install/parameter_traits:/home/gustav/P5-Kuka-Dual-Arm/install/moveit_resources_pr2_description:/home/gustav/P5-Kuka-Dual-Arm/install/moveit_resources_panda_description:/home/gustav/P5-Kuka-Dual-Arm/install/moveit_msgs:/home/gustav/P5-Kuka-Dual-Arm/install/moveit_common:/opt/ros/humble LD_LIBRARY_PATH=/home/gustav/P5-Kuka-Dual-Arm/install/moveit_ros_planning/lib:/home/gustav/P5-Kuka-Dual-Arm/install/moveit_ros_occupancy_map_monitor/lib:/home/gustav/P5-Kuka-Dual-Arm/install/moveit_core/lib:/home/gustav/P5-Kuka-Dual-Arm/install/parameter_traits/lib:/home/gustav/P5-Kuka-Dual-Arm/install/moveit_msgs/lib:${LD_LIBRARY_PATH} PATH=/home/gustav/P5-Kuka-Dual-Arm/install/moveit_core/bin:/home/gustav/P5-Kuka-Dual-Arm/install/generate_parameter_library_py/bin:${PATH} PYTHONPATH=/home/gustav/P5-Kuka-Dual-Arm/install/moveit_msgs/local/lib/python3.10/dist-packages:/home/gustav/P5-Kuka-Dual-Arm/install/generate_parameter_library_py/lib/python3.10/site-packages:${PYTHONPATH} /usr/bin/cmake --install /home/gustav/P5-Kuka-Dual-Arm/build/moveit_ros_perception
[28.367s] -- Install configuration: "Release"
[28.368s] -- Installing: /home/gustav/P5-Kuka-Dual-Arm/install/moveit_ros_perception/include
[28.368s] -- Installing: /home/gustav/P5-Kuka-Dual-Arm/install/moveit_ros_perception/include/moveit
[28.368s] -- Installing: /home/gustav/P5-Kuka-Dual-Arm/install/moveit_ros_perception/include/moveit/lazy_free_space_updater
[28.368s] -- Installing: /home/gustav/P5-Kuka-Dual-Arm/install/moveit_ros_perception/include/moveit/lazy_free_space_updater/lazy_free_space_updater.h
[28.368s] -- Up-to-date: /home/gustav/P5-Kuka-Dual-Arm/install/moveit_ros_perception/include
[28.368s] -- Up-to-date: /home/gustav/P5-Kuka-Dual-Arm/install/moveit_ros_perception/include/moveit
[28.368s] -- Installing: /home/gustav/P5-Kuka-Dual-Arm/install/moveit_ros_perception/include/moveit/point_containment_filter
[28.369s] -- Installing: /home/gustav/P5-Kuka-Dual-Arm/install/moveit_ros_perception/include/moveit/point_containment_filter/shape_mask.h
[28.369s] -- Up-to-date: /home/gustav/P5-Kuka-Dual-Arm/install/moveit_ros_perception/include
[28.369s] -- Up-to-date: /home/gustav/P5-Kuka-Dual-Arm/install/moveit_ros_perception/include/moveit
[28.369s] -- Installing: /home/gustav/P5-Kuka-Dual-Arm/install/moveit_ros_perception/include/moveit/pointcloud_octomap_updater
[28.369s] -- Installing: /home/gustav/P5-Kuka-Dual-Arm/install/moveit_ros_perception/include/moveit/pointcloud_octomap_updater/pointcloud_octomap_updater.h
[28.369s] -- Up-to-date: /home/gustav/P5-Kuka-Dual-Arm/install/moveit_ros_perception/include
[28.369s] -- Up-to-date: /home/gustav/P5-Kuka-Dual-Arm/install/moveit_ros_perception/include/moveit
[28.369s] -- Installing: /home/gustav/P5-Kuka-Dual-Arm/install/moveit_ros_perception/include/moveit/mesh_filter
[28.370s] -- Installing: /home/gustav/P5-Kuka-Dual-Arm/install/moveit_ros_perception/include/moveit/mesh_filter/filter_job.h
[28.370s] -- Installing: /home/gustav/P5-Kuka-Dual-Arm/install/moveit_ros_perception/include/moveit/mesh_filter/gl_mesh.h
[28.370s] -- Installing: /home/gustav/P5-Kuka-Dual-Arm/install/moveit_ros_perception/include/moveit/mesh_filter/gl_renderer.h
[28.370s] -- Installing: /home/gustav/P5-Kuka-Dual-Arm/install/moveit_ros_perception/include/moveit/mesh_filter/depth_self_filter_nodelet.h
[28.370s] -- Installing: /home/gustav/P5-Kuka-Dual-Arm/install/moveit_ros_perception/include/moveit/mesh_filter/stereo_camera_model.h
[28.370s] -- Installing: /home/gustav/P5-Kuka-Dual-Arm/install/moveit_ros_perception/include/moveit/mesh_filter/mesh_filter_base.h
[28.370s] -- Installing: /home/gustav/P5-Kuka-Dual-Arm/install/moveit_ros_perception/include/moveit/mesh_filter/transform_provider.h
[28.370s] -- Installing: /home/gustav/P5-Kuka-Dual-Arm/install/moveit_ros_perception/include/moveit/mesh_filter/mesh_filter.h
[28.371s] -- Installing: /home/gustav/P5-Kuka-Dual-Arm/install/moveit_ros_perception/include/moveit/mesh_filter/sensor_model.h
[28.371s] -- Installing: /home/gustav/P5-Kuka-Dual-Arm/install/moveit_ros_perception/include/moveit_mesh_filter_export.h
[28.371s] -- Up-to-date: /home/gustav/P5-Kuka-Dual-Arm/install/moveit_ros_perception/include
[28.371s] -- Up-to-date: /home/gustav/P5-Kuka-Dual-Arm/install/moveit_ros_perception/include/moveit
[28.371s] -- Installing: /home/gustav/P5-Kuka-Dual-Arm/install/moveit_ros_perception/include/moveit/depth_image_octomap_updater
[28.371s] -- Installing: /home/gustav/P5-Kuka-Dual-Arm/install/moveit_ros_perception/include/moveit/depth_image_octomap_updater/depth_image_octomap_updater.h
[28.372s] -- Up-to-date: /home/gustav/P5-Kuka-Dual-Arm/install/moveit_ros_perception/include
[28.372s] -- Up-to-date: /home/gustav/P5-Kuka-Dual-Arm/install/moveit_ros_perception/include/moveit
[28.372s] -- Installing: /home/gustav/P5-Kuka-Dual-Arm/install/moveit_ros_perception/include/moveit/semantic_world
[28.372s] -- Installing: /home/gustav/P5-Kuka-Dual-Arm/install/moveit_ros_perception/include/moveit/semantic_world/semantic_world.h
[28.372s] -- Installing: /home/gustav/P5-Kuka-Dual-Arm/install/moveit_ros_perception/lib/libmoveit_depth_image_octomap_updater.so.2.5.5
[28.372s] -- Set runtime path of "/home/gustav/P5-Kuka-Dual-Arm/install/moveit_ros_perception/lib/libmoveit_depth_image_octomap_updater.so.2.5.5" to ""
[28.372s] -- Installing: /home/gustav/P5-Kuka-Dual-Arm/install/moveit_ros_perception/lib/libmoveit_depth_image_octomap_updater.so
[28.372s] -- Installing: /home/gustav/P5-Kuka-Dual-Arm/install/moveit_ros_perception/lib/libmoveit_depth_image_octomap_updater_core.so.2.5.5
[28.373s] -- Set runtime path of "/home/gustav/P5-Kuka-Dual-Arm/install/moveit_ros_perception/lib/libmoveit_depth_image_octomap_updater_core.so.2.5.5" to ""
[28.373s] -- Installing: /home/gustav/P5-Kuka-Dual-Arm/install/moveit_ros_perception/lib/libmoveit_depth_image_octomap_updater_core.so
[28.373s] -- Installing: /home/gustav/P5-Kuka-Dual-Arm/install/moveit_ros_perception/lib/libmoveit_lazy_free_space_updater.so.2.5.5
[28.374s] -- Set runtime path of "/home/gustav/P5-Kuka-Dual-Arm/install/moveit_ros_perception/lib/libmoveit_lazy_free_space_updater.so.2.5.5" to ""
[28.374s] -- Installing: /home/gustav/P5-Kuka-Dual-Arm/install/moveit_ros_perception/lib/libmoveit_lazy_free_space_updater.so
[28.374s] -- Installing: /home/gustav/P5-Kuka-Dual-Arm/install/moveit_ros_perception/lib/libmoveit_mesh_filter.so.2.5.5
[28.375s] -- Set runtime path of "/home/gustav/P5-Kuka-Dual-Arm/install/moveit_ros_perception/lib/libmoveit_mesh_filter.so.2.5.5" to ""
[28.375s] -- Installing: /home/gustav/P5-Kuka-Dual-Arm/install/moveit_ros_perception/lib/libmoveit_mesh_filter.so
[28.375s] -- Installing: /home/gustav/P5-Kuka-Dual-Arm/install/moveit_ros_perception/lib/libmoveit_point_containment_filter.so.2.5.5
[28.375s] -- Set runtime path of "/home/gustav/P5-Kuka-Dual-Arm/install/moveit_ros_perception/lib/libmoveit_point_containment_filter.so.2.5.5" to ""
[28.375s] -- Installing: /home/gustav/P5-Kuka-Dual-Arm/install/moveit_ros_perception/lib/libmoveit_point_containment_filter.so
[28.375s] -- Installing: /home/gustav/P5-Kuka-Dual-Arm/install/moveit_ros_perception/lib/libmoveit_pointcloud_octomap_updater.so.2.5.5
[28.375s] -- Set runtime path of "/home/gustav/P5-Kuka-Dual-Arm/install/moveit_ros_perception/lib/libmoveit_pointcloud_octomap_updater.so.2.5.5" to ""
[28.375s] -- Installing: /home/gustav/P5-Kuka-Dual-Arm/install/moveit_ros_perception/lib/libmoveit_pointcloud_octomap_updater.so
[28.375s] -- Installing: /home/gustav/P5-Kuka-Dual-Arm/install/moveit_ros_perception/lib/libmoveit_pointcloud_octomap_updater_core.so.2.5.5
[28.377s] -- Set runtime path of "/home/gustav/P5-Kuka-Dual-Arm/install/moveit_ros_perception/lib/libmoveit_pointcloud_octomap_updater_core.so.2.5.5" to ""
[28.377s] -- Installing: /home/gustav/P5-Kuka-Dual-Arm/install/moveit_ros_perception/lib/libmoveit_pointcloud_octomap_updater_core.so
[28.377s] -- Installing: /home/gustav/P5-Kuka-Dual-Arm/install/moveit_ros_perception/lib/libmoveit_semantic_world.so.2.5.5
[28.378s] -- Set runtime path of "/home/gustav/P5-Kuka-Dual-Arm/install/moveit_ros_perception/lib/libmoveit_semantic_world.so.2.5.5" to ""
[28.378s] -- Installing: /home/gustav/P5-Kuka-Dual-Arm/install/moveit_ros_perception/lib/libmoveit_semantic_world.so
[28.378s] -- Installing: /home/gustav/P5-Kuka-Dual-Arm/install/moveit_ros_perception/share/moveit_ros_perception/environment/library_path.sh
[28.378s] -- Installing: /home/gustav/P5-Kuka-Dual-Arm/install/moveit_ros_perception/share/moveit_ros_perception/environment/library_path.dsv
[28.378s] -- Installing: /home/gustav/P5-Kuka-Dual-Arm/install/moveit_ros_perception/share/moveit_ros_perception/pointcloud_octomap_updater_plugin_description.xml
[28.379s] -- Installing: /home/gustav/P5-Kuka-Dual-Arm/install/moveit_ros_perception/share/moveit_ros_perception/depth_image_octomap_updater_plugin_description.xml
[28.379s] -- Installing: /home/gustav/P5-Kuka-Dual-Arm/install/moveit_ros_perception/share/ament_index/resource_index/package_run_dependencies/moveit_ros_perception
[28.379s] -- Installing: /home/gustav/P5-Kuka-Dual-Arm/install/moveit_ros_perception/share/ament_index/resource_index/parent_prefix_path/moveit_ros_perception
[28.380s] -- Installing: /home/gustav/P5-Kuka-Dual-Arm/install/moveit_ros_perception/share/moveit_ros_perception/environment/ament_prefix_path.sh
[28.380s] -- Installing: /home/gustav/P5-Kuka-Dual-Arm/install/moveit_ros_perception/share/moveit_ros_perception/environment/ament_prefix_path.dsv
[28.380s] -- Installing: /home/gustav/P5-Kuka-Dual-Arm/install/moveit_ros_perception/share/moveit_ros_perception/environment/path.sh
[28.380s] -- Installing: /home/gustav/P5-Kuka-Dual-Arm/install/moveit_ros_perception/share/moveit_ros_perception/environment/path.dsv
[28.380s] -- Installing: /home/gustav/P5-Kuka-Dual-Arm/install/moveit_ros_perception/share/moveit_ros_perception/local_setup.bash
[28.381s] -- Installing: /home/gustav/P5-Kuka-Dual-Arm/install/moveit_ros_perception/share/moveit_ros_perception/local_setup.sh
[28.381s] -- Installing: /home/gustav/P5-Kuka-Dual-Arm/install/moveit_ros_perception/share/moveit_ros_perception/local_setup.zsh
[28.381s] -- Installing: /home/gustav/P5-Kuka-Dual-Arm/install/moveit_ros_perception/share/moveit_ros_perception/local_setup.dsv
[28.381s] -- Installing: /home/gustav/P5-Kuka-Dual-Arm/install/moveit_ros_perception/share/moveit_ros_perception/package.dsv
[28.381s] -- Installing: /home/gustav/P5-Kuka-Dual-Arm/install/moveit_ros_perception/share/ament_index/resource_index/packages/moveit_ros_perception
[28.381s] -- Installing: /home/gustav/P5-Kuka-Dual-Arm/install/moveit_ros_perception/share/ament_index/resource_index/moveit_ros_occupancy_map_monitor__pluginlib__plugin/moveit_ros_perception
[28.382s] -- Installing: /home/gustav/P5-Kuka-Dual-Arm/install/moveit_ros_perception/share/moveit_ros_perception/cmake/export_moveit_ros_perceptionExport.cmake
[28.383s] -- Installing: /home/gustav/P5-Kuka-Dual-Arm/install/moveit_ros_perception/share/moveit_ros_perception/cmake/export_moveit_ros_perceptionExport-release.cmake
[28.383s] -- Installing: /home/gustav/P5-Kuka-Dual-Arm/install/moveit_ros_perception/share/moveit_ros_perception/cmake/ConfigExtras.cmake
[28.383s] -- Installing: /home/gustav/P5-Kuka-Dual-Arm/install/moveit_ros_perception/share/moveit_ros_perception/cmake/ament_cmake_export_targets-extras.cmake
[28.383s] -- Installing: /home/gustav/P5-Kuka-Dual-Arm/install/moveit_ros_perception/share/moveit_ros_perception/cmake/ament_cmake_export_dependencies-extras.cmake
[28.384s] -- Installing: /home/gustav/P5-Kuka-Dual-Arm/install/moveit_ros_perception/share/moveit_ros_perception/cmake/moveit_ros_perceptionConfig.cmake
[28.384s] -- Installing: /home/gustav/P5-Kuka-Dual-Arm/install/moveit_ros_perception/share/moveit_ros_perception/cmake/moveit_ros_perceptionConfig-version.cmake
[28.384s] -- Installing: /home/gustav/P5-Kuka-Dual-Arm/install/moveit_ros_perception/share/moveit_ros_perception/package.xml
[28.387s] Invoked command in '/home/gustav/P5-Kuka-Dual-Arm/build/moveit_ros_perception' returned '0': AMENT_PREFIX_PATH=/home/gustav/P5-Kuka-Dual-Arm/install/moveit_ros_planning:/home/gustav/P5-Kuka-Dual-Arm/install/moveit_ros_occupancy_map_monitor:/home/gustav/P5-Kuka-Dual-Arm/install/moveit_core:/home/gustav/P5-Kuka-Dual-Arm/install/moveit_resources_panda_moveit_config:/home/gustav/P5-Kuka-Dual-Arm/install/generate_parameter_library:/home/gustav/P5-Kuka-Dual-Arm/install/parameter_traits:/home/gustav/P5-Kuka-Dual-Arm/install/moveit_resources_pr2_description:/home/gustav/P5-Kuka-Dual-Arm/install/moveit_resources_panda_description:/home/gustav/P5-Kuka-Dual-Arm/install/moveit_msgs:/home/gustav/P5-Kuka-Dual-Arm/install/moveit_common:/home/gustav/P5-Kuka-Dual-Arm/install/generate_parameter_library_py:${AMENT_PREFIX_PATH} CMAKE_PREFIX_PATH=/home/gustav/P5-Kuka-Dual-Arm/install/moveit_ros_planning:/home/gustav/P5-Kuka-Dual-Arm/install/moveit_ros_occupancy_map_monitor:/home/gustav/P5-Kuka-Dual-Arm/install/moveit_core:/home/gustav/P5-Kuka-Dual-Arm/install/moveit_resources_panda_moveit_config:/home/gustav/P5-Kuka-Dual-Arm/install/generate_parameter_library:/home/gustav/P5-Kuka-Dual-Arm/install/parameter_traits:/home/gustav/P5-Kuka-Dual-Arm/install/moveit_resources_pr2_description:/home/gustav/P5-Kuka-Dual-Arm/install/moveit_resources_panda_description:/home/gustav/P5-Kuka-Dual-Arm/install/moveit_msgs:/home/gustav/P5-Kuka-Dual-Arm/install/moveit_common:/opt/ros/humble LD_LIBRARY_PATH=/home/gustav/P5-Kuka-Dual-Arm/install/moveit_ros_planning/lib:/home/gustav/P5-Kuka-Dual-Arm/install/moveit_ros_occupancy_map_monitor/lib:/home/gustav/P5-Kuka-Dual-Arm/install/moveit_core/lib:/home/gustav/P5-Kuka-Dual-Arm/install/parameter_traits/lib:/home/gustav/P5-Kuka-Dual-Arm/install/moveit_msgs/lib:${LD_LIBRARY_PATH} PATH=/home/gustav/P5-Kuka-Dual-Arm/install/moveit_core/bin:/home/gustav/P5-Kuka-Dual-Arm/install/generate_parameter_library_py/bin:${PATH} PYTHONPATH=/home/gustav/P5-Kuka-Dual-Arm/install/moveit_msgs/local/lib/python3.10/dist-packages:/home/gustav/P5-Kuka-Dual-Arm/install/generate_parameter_library_py/lib/python3.10/site-packages:${PYTHONPATH} /usr/bin/cmake --install /home/gustav/P5-Kuka-Dual-Arm/build/moveit_ros_perception
