[0.667s] Invoking command in '/home/gustav/P5-Kuka-Dual-Arm/p5_ws/src/lbr_fri_ros2_stack/lbr_demos/lbr_demos_py': AMENT_PREFIX_PATH=/home/gustav/P5-Kuka-Dual-Arm/install/lbr_bringup:/home/gustav/P5-Kuka-Dual-Arm/install/lbr_ros2_control:/home/gustav/P5-Kuka-Dual-Arm/install/lbr_fri_ros2:/home/gustav/P5-Kuka-Dual-Arm/install/lbr_fri_idl:/home/gustav/P5-Kuka-Dual-Arm/install/lbr_description:${AMENT_PREFIX_PATH} CMAKE_PREFIX_PATH=/home/gustav/P5-Kuka-Dual-Arm/install/lbr_bringup:/home/gustav/P5-Kuka-Dual-Arm/install/lbr_ros2_control:/home/gustav/P5-Kuka-Dual-Arm/install/lbr_fri_ros2:/home/gustav/P5-Kuka-Dual-Arm/install/lbr_fri_idl:/home/gustav/P5-Kuka-Dual-Arm/install/lbr_description:/home/gustav/P5-Kuka-Dual-Arm/install/fri_client_sdk LD_LIBRARY_PATH=/home/gustav/P5-Kuka-Dual-Arm/install/lbr_ros2_control/lib:/home/gustav/P5-Kuka-Dual-Arm/install/lbr_fri_ros2/lib:/home/gustav/P5-Kuka-Dual-Arm/install/lbr_fri_idl/lib:/home/gustav/P5-Kuka-Dual-Arm/install/fri_client_sdk/lib:${LD_LIBRARY_PATH} PKG_CONFIG_PATH=/home/gustav/P5-Kuka-Dual-Arm/install/fri_client_sdk/lib/x86_64-linux-gnu/pkgconfig:/home/gustav/P5-Kuka-Dual-Arm/install/fri_client_sdk/lib/pkgconfig PYTHONPATH=/home/gustav/P5-Kuka-Dual-Arm/build/lbr_demos_py/prefix_override:/usr/lib/python3/dist-packages/colcon_core/task/python/colcon_distutils_commands:/home/gustav/P5-Kuka-Dual-Arm/install/lbr_demos_py/lib/python3.10/site-packages:/home/gustav/P5-Kuka-Dual-Arm/install/lbr_bringup/local/lib/python3.10/dist-packages:/home/gustav/P5-Kuka-Dual-Arm/install/lbr_fri_idl/local/lib/python3.10/dist-packages:${PYTHONPATH} /usr/bin/python3 -W ignore:setup.py install is deprecated setup.py egg_info --egg-base ../../../../../build/lbr_demos_py build --build-base /home/gustav/P5-Kuka-Dual-Arm/build/lbr_demos_py/build install --record /home/gustav/P5-Kuka-Dual-Arm/build/lbr_demos_py/install.log --single-version-externally-managed install_data
[0.928s] running egg_info
[0.929s] writing ../../../../../build/lbr_demos_py/lbr_demos_py.egg-info/PKG-INFO
[0.929s] writing dependency_links to ../../../../../build/lbr_demos_py/lbr_demos_py.egg-info/dependency_links.txt
[0.929s] writing entry points to ../../../../../build/lbr_demos_py/lbr_demos_py.egg-info/entry_points.txt
[0.930s] writing requirements to ../../../../../build/lbr_demos_py/lbr_demos_py.egg-info/requires.txt
[0.930s] writing top-level names to ../../../../../build/lbr_demos_py/lbr_demos_py.egg-info/top_level.txt
[0.931s] reading manifest file '../../../../../build/lbr_demos_py/lbr_demos_py.egg-info/SOURCES.txt'
[0.932s] writing manifest file '../../../../../build/lbr_demos_py/lbr_demos_py.egg-info/SOURCES.txt'
[0.932s] running build
[0.932s] running build_py
[0.933s] running install
[0.933s] running install_lib
[0.935s] running install_data
[0.935s] running install_egg_info
[0.936s] removing '/home/gustav/P5-Kuka-Dual-Arm/install/lbr_demos_py/lib/python3.10/site-packages/lbr_demos_py-2.0.0-py3.10.egg-info' (and everything under it)
[0.937s] Copying ../../../../../build/lbr_demos_py/lbr_demos_py.egg-info to /home/gustav/P5-Kuka-Dual-Arm/install/lbr_demos_py/lib/python3.10/site-packages/lbr_demos_py-2.0.0-py3.10.egg-info
[0.937s] running install_scripts
[0.958s] Installing joint_sine_overlay script to /home/gustav/P5-Kuka-Dual-Arm/install/lbr_demos_py/lib/lbr_demos_py
[0.958s] Installing joint_trajectory_client script to /home/gustav/P5-Kuka-Dual-Arm/install/lbr_demos_py/lib/lbr_demos_py
[0.958s] Installing torque_sine_overlay script to /home/gustav/P5-Kuka-Dual-Arm/install/lbr_demos_py/lib/lbr_demos_py
[0.958s] Installing wrench_sine_overlay script to /home/gustav/P5-Kuka-Dual-Arm/install/lbr_demos_py/lib/lbr_demos_py
[0.958s] writing list of installed files to '/home/gustav/P5-Kuka-Dual-Arm/build/lbr_demos_py/install.log'
[0.981s] Invoked command in '/home/gustav/P5-Kuka-Dual-Arm/p5_ws/src/lbr_fri_ros2_stack/lbr_demos/lbr_demos_py' returned '0': AMENT_PREFIX_PATH=/home/gustav/P5-Kuka-Dual-Arm/install/lbr_bringup:/home/gustav/P5-Kuka-Dual-Arm/install/lbr_ros2_control:/home/gustav/P5-Kuka-Dual-Arm/install/lbr_fri_ros2:/home/gustav/P5-Kuka-Dual-Arm/install/lbr_fri_idl:/home/gustav/P5-Kuka-Dual-Arm/install/lbr_description:${AMENT_PREFIX_PATH} CMAKE_PREFIX_PATH=/home/gustav/P5-Kuka-Dual-Arm/install/lbr_bringup:/home/gustav/P5-Kuka-Dual-Arm/install/lbr_ros2_control:/home/gustav/P5-Kuka-Dual-Arm/install/lbr_fri_ros2:/home/gustav/P5-Kuka-Dual-Arm/install/lbr_fri_idl:/home/gustav/P5-Kuka-Dual-Arm/install/lbr_description:/home/gustav/P5-Kuka-Dual-Arm/install/fri_client_sdk LD_LIBRARY_PATH=/home/gustav/P5-Kuka-Dual-Arm/install/lbr_ros2_control/lib:/home/gustav/P5-Kuka-Dual-Arm/install/lbr_fri_ros2/lib:/home/gustav/P5-Kuka-Dual-Arm/install/lbr_fri_idl/lib:/home/gustav/P5-Kuka-Dual-Arm/install/fri_client_sdk/lib:${LD_LIBRARY_PATH} PKG_CONFIG_PATH=/home/gustav/P5-Kuka-Dual-Arm/install/fri_client_sdk/lib/x86_64-linux-gnu/pkgconfig:/home/gustav/P5-Kuka-Dual-Arm/install/fri_client_sdk/lib/pkgconfig PYTHONPATH=/home/gustav/P5-Kuka-Dual-Arm/build/lbr_demos_py/prefix_override:/usr/lib/python3/dist-packages/colcon_core/task/python/colcon_distutils_commands:/home/gustav/P5-Kuka-Dual-Arm/install/lbr_demos_py/lib/python3.10/site-packages:/home/gustav/P5-Kuka-Dual-Arm/install/lbr_bringup/local/lib/python3.10/dist-packages:/home/gustav/P5-Kuka-Dual-Arm/install/lbr_fri_idl/local/lib/python3.10/dist-packages:${PYTHONPATH} /usr/bin/python3 -W ignore:setup.py install is deprecated setup.py egg_info --egg-base ../../../../../build/lbr_demos_py build --build-base /home/gustav/P5-Kuka-Dual-Arm/build/lbr_demos_py/build install --record /home/gustav/P5-Kuka-Dual-Arm/build/lbr_demos_py/install.log --single-version-externally-managed install_data
