[0.039s] Invoking command in '/home/gustav/P5-Kuka-Dual-Arm/build/lbr_fri_idl': CMAKE_PREFIX_PATH=/home/gustav/P5-Kuka-Dual-Arm/install/fri_client_sdk:/opt/ros/humble LD_LIBRARY_PATH=/home/gustav/P5-Kuka-Dual-Arm/install/fri_client_sdk/lib:${LD_LIBRARY_PATH} PKG_CONFIG_PATH=/home/gustav/P5-Kuka-Dual-Arm/install/fri_client_sdk/lib/x86_64-linux-gnu/pkgconfig:/home/gustav/P5-Kuka-Dual-Arm/install/fri_client_sdk/lib/pkgconfig /usr/bin/cmake /home/gustav/P5-Kuka-Dual-Arm/p5_ws/src/lbr_fri_idl -DCMAKE_INSTALL_PREFIX=/home/gustav/P5-Kuka-Dual-Arm/install/lbr_fri_idl
[0.059s] -- Found ament_cmake: 1.3.10 (/opt/ros/humble/share/ament_cmake/cmake)
[0.251s] -- Found builtin_interfaces: 1.2.1 (/opt/ros/humble/share/builtin_interfaces/cmake)
[0.290s] -- Found rosidl_generator_c: 3.1.5 (/opt/ros/humble/share/rosidl_generator_c/cmake)
[0.293s] -- Found rosidl_adapter: 3.1.5 (/opt/ros/humble/share/rosidl_adapter/cmake)
[0.304s] -- Found rosidl_generator_cpp: 3.1.5 (/opt/ros/humble/share/rosidl_generator_cpp/cmake)
[0.326s] -- Using all available rosidl_typesupport_c: rosidl_typesupport_fastrtps_c;rosidl_typesupport_introspection_c
[0.347s] -- Using all available rosidl_typesupport_cpp: rosidl_typesupport_fastrtps_cpp;rosidl_typesupport_introspection_cpp
[0.366s] -- Found rosidl_default_generators: 1.2.0 (/opt/ros/humble/share/rosidl_default_generators/cmake)
[0.784s] -- Found ament_cmake_cppcheck: 0.12.11 (/opt/ros/humble/share/ament_cmake_cppcheck/cmake)
[0.786s] -- Found ament_cmake_cpplint: 0.12.11 (/opt/ros/humble/share/ament_cmake_cpplint/cmake)
[0.786s] -- Found ament_cmake_uncrustify: 0.12.11 (/opt/ros/humble/share/ament_cmake_uncrustify/cmake)
[0.786s] -- Found ament_cmake_ros: 0.10.0 (/opt/ros/humble/share/ament_cmake_ros/cmake)
[1.233s] -- Using all available rosidl_typesupport_c: rosidl_typesupport_fastrtps_c;rosidl_typesupport_introspection_c
[1.417s] -- Using all available rosidl_typesupport_cpp: rosidl_typesupport_fastrtps_cpp;rosidl_typesupport_introspection_cpp
[1.446s] -- Found python_cmake_module: 0.10.0 (/opt/ros/humble/share/python_cmake_module/cmake)
[1.486s] -- Using PYTHON_EXECUTABLE: /usr/bin/python3
[1.486s] -- Using PYTHON_INCLUDE_DIRS: /usr/include/python3.10
[1.486s] -- Using PYTHON_LIBRARIES: /usr/lib/x86_64-linux-gnu/libpython3.10.so
[1.516s] -- Found ament_cmake_flake8: 0.12.11 (/opt/ros/humble/share/ament_cmake_flake8/cmake)
[1.521s] -- Found ament_cmake_pep257: 0.12.11 (/opt/ros/humble/share/ament_cmake_pep257/cmake)
[1.523s] -- Found gtest sources under '/opt/ros/humble/src/gtest_vendor': C++ tests using 'Google Test' will be built
[1.566s] -- Configuring done
[1.666s] -- Generating done
[1.668s] -- Build files have been written to: /home/gustav/P5-Kuka-Dual-Arm/build/lbr_fri_idl
[1.685s] Invoked command in '/home/gustav/P5-Kuka-Dual-Arm/build/lbr_fri_idl' returned '0': CMAKE_PREFIX_PATH=/home/gustav/P5-Kuka-Dual-Arm/install/fri_client_sdk:/opt/ros/humble LD_LIBRARY_PATH=/home/gustav/P5-Kuka-Dual-Arm/install/fri_client_sdk/lib:${LD_LIBRARY_PATH} PKG_CONFIG_PATH=/home/gustav/P5-Kuka-Dual-Arm/install/fri_client_sdk/lib/x86_64-linux-gnu/pkgconfig:/home/gustav/P5-Kuka-Dual-Arm/install/fri_client_sdk/lib/pkgconfig /usr/bin/cmake /home/gustav/P5-Kuka-Dual-Arm/p5_ws/src/lbr_fri_idl -DCMAKE_INSTALL_PREFIX=/home/gustav/P5-Kuka-Dual-Arm/install/lbr_fri_idl
[1.686s] Invoking command in '/home/gustav/P5-Kuka-Dual-Arm/build/lbr_fri_idl': CMAKE_PREFIX_PATH=/home/gustav/P5-Kuka-Dual-Arm/install/fri_client_sdk:/opt/ros/humble LD_LIBRARY_PATH=/home/gustav/P5-Kuka-Dual-Arm/install/fri_client_sdk/lib:${LD_LIBRARY_PATH} PKG_CONFIG_PATH=/home/gustav/P5-Kuka-Dual-Arm/install/fri_client_sdk/lib/x86_64-linux-gnu/pkgconfig:/home/gustav/P5-Kuka-Dual-Arm/install/fri_client_sdk/lib/pkgconfig /usr/bin/cmake --build /home/gustav/P5-Kuka-Dual-Arm/build/lbr_fri_idl -- -j8 -l8
[1.762s] [35m[1mConsolidate compiler generated dependencies of target gtest_main[0m
[1.763s] [35m[1mConsolidate compiler generated dependencies of target lbr_fri_idl__rosidl_generator_c[0m
[1.768s] [  1%] Built target lbr_fri_idl__cpp
[1.778s] [35m[1mConsolidate compiler generated dependencies of target gtest[0m
[1.787s] [  4%] Built target gtest_main
[1.795s] [35m[1mConsolidate compiler generated dependencies of target lbr_fri_idl__rosidl_typesupport_fastrtps_cpp[0m
[1.798s] [ 14%] Built target lbr_fri_idl__rosidl_generator_c
[1.802s] [35m[1mConsolidate compiler generated dependencies of target lbr_fri_idl__rosidl_typesupport_cpp[0m
[1.805s] [35m[1mConsolidate compiler generated dependencies of target lbr_fri_idl__rosidl_typesupport_introspection_cpp[0m
[1.816s] [ 17%] Built target gtest
[1.824s] [ 17%] Built target ament_cmake_python_copy_lbr_fri_idl
[1.838s] [ 27%] Built target lbr_fri_idl__rosidl_typesupport_introspection_cpp
[1.845s] [ 37%] Built target lbr_fri_idl__rosidl_typesupport_fastrtps_cpp
[1.845s] [35m[1mConsolidate compiler generated dependencies of target lbr_fri_idl__rosidl_typesupport_fastrtps_c[0m
[1.845s] [35m[1mConsolidate compiler generated dependencies of target lbr_fri_idl__rosidl_typesupport_introspection_c[0m
[1.848s] [35m[1mConsolidate compiler generated dependencies of target lbr_fri_idl__rosidl_typesupport_c[0m
[1.849s] [ 47%] Built target lbr_fri_idl__rosidl_typesupport_cpp
[1.866s] [ 57%] Built target lbr_fri_idl__rosidl_typesupport_c
[1.870s] [ 68%] Built target lbr_fri_idl__rosidl_typesupport_introspection_c
[1.877s] [ 78%] Built target lbr_fri_idl__rosidl_typesupport_fastrtps_c
[1.879s] [35m[1mConsolidate compiler generated dependencies of target lbr_fri_idl_test_command_interfaces[0m
[1.912s] [ 81%] Built target lbr_fri_idl_test_command_interfaces
[1.916s] [ 81%] Built target lbr_fri_idl
[1.970s] [ 82%] Built target lbr_fri_idl__py
[1.992s] [35m[1mConsolidate compiler generated dependencies of target lbr_fri_idl__rosidl_generator_py[0m
[2.021s] [ 91%] Built target lbr_fri_idl__rosidl_generator_py
[2.051s] [35m[1mConsolidate compiler generated dependencies of target lbr_fri_idl__rosidl_typesupport_introspection_c__pyext[0m
[2.052s] [35m[1mConsolidate compiler generated dependencies of target lbr_fri_idl__rosidl_typesupport_c__pyext[0m
[2.059s] [35m[1mConsolidate compiler generated dependencies of target lbr_fri_idl__rosidl_typesupport_fastrtps_c__pyext[0m
[2.064s] [ 94%] Built target lbr_fri_idl__rosidl_typesupport_introspection_c__pyext
[2.066s] [ 97%] Built target lbr_fri_idl__rosidl_typesupport_c__pyext
[2.080s] [100%] Built target lbr_fri_idl__rosidl_typesupport_fastrtps_c__pyext
[2.317s] running egg_info
[2.319s] writing lbr_fri_idl.egg-info/PKG-INFO
[2.319s] writing dependency_links to lbr_fri_idl.egg-info/dependency_links.txt
[2.319s] writing top-level names to lbr_fri_idl.egg-info/top_level.txt
[2.330s] reading manifest file 'lbr_fri_idl.egg-info/SOURCES.txt'
[2.330s] writing manifest file 'lbr_fri_idl.egg-info/SOURCES.txt'
[2.376s] [100%] Built target ament_cmake_python_build_lbr_fri_idl_egg
[2.391s] Invoked command in '/home/gustav/P5-Kuka-Dual-Arm/build/lbr_fri_idl' returned '0': CMAKE_PREFIX_PATH=/home/gustav/P5-Kuka-Dual-Arm/install/fri_client_sdk:/opt/ros/humble LD_LIBRARY_PATH=/home/gustav/P5-Kuka-Dual-Arm/install/fri_client_sdk/lib:${LD_LIBRARY_PATH} PKG_CONFIG_PATH=/home/gustav/P5-Kuka-Dual-Arm/install/fri_client_sdk/lib/x86_64-linux-gnu/pkgconfig:/home/gustav/P5-Kuka-Dual-Arm/install/fri_client_sdk/lib/pkgconfig /usr/bin/cmake --build /home/gustav/P5-Kuka-Dual-Arm/build/lbr_fri_idl -- -j8 -l8
[2.723s] Invoking command in '/home/gustav/P5-Kuka-Dual-Arm/build/lbr_fri_idl': CMAKE_PREFIX_PATH=/home/gustav/P5-Kuka-Dual-Arm/install/fri_client_sdk:/opt/ros/humble LD_LIBRARY_PATH=/home/gustav/P5-Kuka-Dual-Arm/install/fri_client_sdk/lib:${LD_LIBRARY_PATH} PKG_CONFIG_PATH=/home/gustav/P5-Kuka-Dual-Arm/install/fri_client_sdk/lib/x86_64-linux-gnu/pkgconfig:/home/gustav/P5-Kuka-Dual-Arm/install/fri_client_sdk/lib/pkgconfig /usr/bin/cmake --install /home/gustav/P5-Kuka-Dual-Arm/build/lbr_fri_idl
[2.731s] -- Install configuration: "Release"
[2.731s] -- Up-to-date: /home/gustav/P5-Kuka-Dual-Arm/install/lbr_fri_idl/share/ament_index/resource_index/rosidl_interfaces/lbr_fri_idl
[2.732s] -- Up-to-date: /home/gustav/P5-Kuka-Dual-Arm/install/lbr_fri_idl/include/lbr_fri_idl/lbr_fri_idl
[2.732s] -- Up-to-date: /home/gustav/P5-Kuka-Dual-Arm/install/lbr_fri_idl/include/lbr_fri_idl/lbr_fri_idl/msg
[2.732s] -- Up-to-date: /home/gustav/P5-Kuka-Dual-Arm/install/lbr_fri_idl/include/lbr_fri_idl/lbr_fri_idl/msg/lbr_torque_command.h
[2.733s] -- Up-to-date: /home/gustav/P5-Kuka-Dual-Arm/install/lbr_fri_idl/include/lbr_fri_idl/lbr_fri_idl/msg/rosidl_generator_c__visibility_control.h
[2.733s] -- Up-to-date: /home/gustav/P5-Kuka-Dual-Arm/install/lbr_fri_idl/include/lbr_fri_idl/lbr_fri_idl/msg/lbr_wrench_command.h
[2.733s] -- Up-to-date: /home/gustav/P5-Kuka-Dual-Arm/install/lbr_fri_idl/include/lbr_fri_idl/lbr_fri_idl/msg/lbr_joint_position_command.h
[2.733s] -- Up-to-date: /home/gustav/P5-Kuka-Dual-Arm/install/lbr_fri_idl/include/lbr_fri_idl/lbr_fri_idl/msg/lbr_command.h
[2.733s] -- Up-to-date: /home/gustav/P5-Kuka-Dual-Arm/install/lbr_fri_idl/include/lbr_fri_idl/lbr_fri_idl/msg/detail
[2.733s] -- Up-to-date: /home/gustav/P5-Kuka-Dual-Arm/install/lbr_fri_idl/include/lbr_fri_idl/lbr_fri_idl/msg/detail/lbr_state__functions.h
[2.733s] -- Up-to-date: /home/gustav/P5-Kuka-Dual-Arm/install/lbr_fri_idl/include/lbr_fri_idl/lbr_fri_idl/msg/detail/lbr_joint_position_command__type_support.h
[2.733s] -- Up-to-date: /home/gustav/P5-Kuka-Dual-Arm/install/lbr_fri_idl/include/lbr_fri_idl/lbr_fri_idl/msg/detail/lbr_state__type_support.h
[2.733s] -- Up-to-date: /home/gustav/P5-Kuka-Dual-Arm/install/lbr_fri_idl/include/lbr_fri_idl/lbr_fri_idl/msg/detail/lbr_joint_position_command__struct.h
[2.733s] -- Up-to-date: /home/gustav/P5-Kuka-Dual-Arm/install/lbr_fri_idl/include/lbr_fri_idl/lbr_fri_idl/msg/detail/lbr_torque_command__struct.h
[2.733s] -- Up-to-date: /home/gustav/P5-Kuka-Dual-Arm/install/lbr_fri_idl/include/lbr_fri_idl/lbr_fri_idl/msg/detail/lbr_torque_command__functions.c
[2.734s] -- Up-to-date: /home/gustav/P5-Kuka-Dual-Arm/install/lbr_fri_idl/include/lbr_fri_idl/lbr_fri_idl/msg/detail/lbr_command__struct.h
[2.734s] -- Up-to-date: /home/gustav/P5-Kuka-Dual-Arm/install/lbr_fri_idl/include/lbr_fri_idl/lbr_fri_idl/msg/detail/lbr_command__functions.c
[2.734s] -- Up-to-date: /home/gustav/P5-Kuka-Dual-Arm/install/lbr_fri_idl/include/lbr_fri_idl/lbr_fri_idl/msg/detail/lbr_state__functions.c
[2.734s] -- Up-to-date: /home/gustav/P5-Kuka-Dual-Arm/install/lbr_fri_idl/include/lbr_fri_idl/lbr_fri_idl/msg/detail/lbr_state__struct.h
[2.735s] -- Up-to-date: /home/gustav/P5-Kuka-Dual-Arm/install/lbr_fri_idl/include/lbr_fri_idl/lbr_fri_idl/msg/detail/lbr_wrench_command__functions.c
[2.735s] -- Up-to-date: /home/gustav/P5-Kuka-Dual-Arm/install/lbr_fri_idl/include/lbr_fri_idl/lbr_fri_idl/msg/detail/lbr_joint_position_command__functions.c
[2.735s] -- Up-to-date: /home/gustav/P5-Kuka-Dual-Arm/install/lbr_fri_idl/include/lbr_fri_idl/lbr_fri_idl/msg/detail/lbr_torque_command__type_support.h
[2.735s] -- Up-to-date: /home/gustav/P5-Kuka-Dual-Arm/install/lbr_fri_idl/include/lbr_fri_idl/lbr_fri_idl/msg/detail/lbr_command__functions.h
[2.735s] -- Up-to-date: /home/gustav/P5-Kuka-Dual-Arm/install/lbr_fri_idl/include/lbr_fri_idl/lbr_fri_idl/msg/detail/lbr_command__type_support.h
[2.735s] -- Up-to-date: /home/gustav/P5-Kuka-Dual-Arm/install/lbr_fri_idl/include/lbr_fri_idl/lbr_fri_idl/msg/detail/lbr_joint_position_command__functions.h
[2.735s] -- Up-to-date: /home/gustav/P5-Kuka-Dual-Arm/install/lbr_fri_idl/include/lbr_fri_idl/lbr_fri_idl/msg/detail/lbr_wrench_command__struct.h
[2.735s] -- Up-to-date: /home/gustav/P5-Kuka-Dual-Arm/install/lbr_fri_idl/include/lbr_fri_idl/lbr_fri_idl/msg/detail/lbr_wrench_command__type_support.h
[2.736s] -- Up-to-date: /home/gustav/P5-Kuka-Dual-Arm/install/lbr_fri_idl/include/lbr_fri_idl/lbr_fri_idl/msg/detail/lbr_torque_command__functions.h
[2.736s] -- Up-to-date: /home/gustav/P5-Kuka-Dual-Arm/install/lbr_fri_idl/include/lbr_fri_idl/lbr_fri_idl/msg/detail/lbr_wrench_command__functions.h
[2.736s] -- Up-to-date: /home/gustav/P5-Kuka-Dual-Arm/install/lbr_fri_idl/include/lbr_fri_idl/lbr_fri_idl/msg/lbr_state.h
[2.736s] -- Up-to-date: /home/gustav/P5-Kuka-Dual-Arm/install/lbr_fri_idl/share/lbr_fri_idl/environment/library_path.sh
[2.736s] -- Installing: /home/gustav/P5-Kuka-Dual-Arm/install/lbr_fri_idl/share/lbr_fri_idl/environment/library_path.dsv
[2.737s] -- Up-to-date: /home/gustav/P5-Kuka-Dual-Arm/install/lbr_fri_idl/lib/liblbr_fri_idl__rosidl_generator_c.so
[2.737s] -- Up-to-date: /home/gustav/P5-Kuka-Dual-Arm/install/lbr_fri_idl/include/lbr_fri_idl/lbr_fri_idl
[2.737s] -- Up-to-date: /home/gustav/P5-Kuka-Dual-Arm/install/lbr_fri_idl/include/lbr_fri_idl/lbr_fri_idl/msg
[2.737s] -- Up-to-date: /home/gustav/P5-Kuka-Dual-Arm/install/lbr_fri_idl/include/lbr_fri_idl/lbr_fri_idl/msg/rosidl_typesupport_fastrtps_c__visibility_control.h
[2.737s] -- Up-to-date: /home/gustav/P5-Kuka-Dual-Arm/install/lbr_fri_idl/include/lbr_fri_idl/lbr_fri_idl/msg/detail
[2.737s] -- Up-to-date: /home/gustav/P5-Kuka-Dual-Arm/install/lbr_fri_idl/include/lbr_fri_idl/lbr_fri_idl/msg/detail/lbr_wrench_command__rosidl_typesupport_fastrtps_c.h
[2.738s] -- Up-to-date: /home/gustav/P5-Kuka-Dual-Arm/install/lbr_fri_idl/include/lbr_fri_idl/lbr_fri_idl/msg/detail/lbr_joint_position_command__rosidl_typesupport_fastrtps_c.h
[2.738s] -- Up-to-date: /home/gustav/P5-Kuka-Dual-Arm/install/lbr_fri_idl/include/lbr_fri_idl/lbr_fri_idl/msg/detail/lbr_state__rosidl_typesupport_fastrtps_c.h
[2.738s] -- Up-to-date: /home/gustav/P5-Kuka-Dual-Arm/install/lbr_fri_idl/include/lbr_fri_idl/lbr_fri_idl/msg/detail/lbr_command__rosidl_typesupport_fastrtps_c.h
[2.738s] -- Up-to-date: /home/gustav/P5-Kuka-Dual-Arm/install/lbr_fri_idl/include/lbr_fri_idl/lbr_fri_idl/msg/detail/lbr_torque_command__rosidl_typesupport_fastrtps_c.h
[2.738s] -- Up-to-date: /home/gustav/P5-Kuka-Dual-Arm/install/lbr_fri_idl/lib/liblbr_fri_idl__rosidl_typesupport_fastrtps_c.so
[2.739s] -- Up-to-date: /home/gustav/P5-Kuka-Dual-Arm/install/lbr_fri_idl/include/lbr_fri_idl/lbr_fri_idl
[2.739s] -- Up-to-date: /home/gustav/P5-Kuka-Dual-Arm/install/lbr_fri_idl/include/lbr_fri_idl/lbr_fri_idl/msg
[2.739s] -- Up-to-date: /home/gustav/P5-Kuka-Dual-Arm/install/lbr_fri_idl/include/lbr_fri_idl/lbr_fri_idl/msg/lbr_wrench_command.hpp
[2.739s] -- Up-to-date: /home/gustav/P5-Kuka-Dual-Arm/install/lbr_fri_idl/include/lbr_fri_idl/lbr_fri_idl/msg/lbr_joint_position_command.hpp
[2.739s] -- Up-to-date: /home/gustav/P5-Kuka-Dual-Arm/install/lbr_fri_idl/include/lbr_fri_idl/lbr_fri_idl/msg/lbr_command.hpp
[2.739s] -- Up-to-date: /home/gustav/P5-Kuka-Dual-Arm/install/lbr_fri_idl/include/lbr_fri_idl/lbr_fri_idl/msg/lbr_state.hpp
[2.739s] -- Up-to-date: /home/gustav/P5-Kuka-Dual-Arm/install/lbr_fri_idl/include/lbr_fri_idl/lbr_fri_idl/msg/detail
[2.739s] -- Up-to-date: /home/gustav/P5-Kuka-Dual-Arm/install/lbr_fri_idl/include/lbr_fri_idl/lbr_fri_idl/msg/detail/lbr_state__traits.hpp
[2.740s] -- Up-to-date: /home/gustav/P5-Kuka-Dual-Arm/install/lbr_fri_idl/include/lbr_fri_idl/lbr_fri_idl/msg/detail/lbr_state__struct.hpp
[2.740s] -- Up-to-date: /home/gustav/P5-Kuka-Dual-Arm/install/lbr_fri_idl/include/lbr_fri_idl/lbr_fri_idl/msg/detail/lbr_wrench_command__builder.hpp
[2.740s] -- Up-to-date: /home/gustav/P5-Kuka-Dual-Arm/install/lbr_fri_idl/include/lbr_fri_idl/lbr_fri_idl/msg/detail/lbr_state__builder.hpp
[2.740s] -- Up-to-date: /home/gustav/P5-Kuka-Dual-Arm/install/lbr_fri_idl/include/lbr_fri_idl/lbr_fri_idl/msg/detail/lbr_command__traits.hpp
[2.740s] -- Up-to-date: /home/gustav/P5-Kuka-Dual-Arm/install/lbr_fri_idl/include/lbr_fri_idl/lbr_fri_idl/msg/detail/lbr_torque_command__traits.hpp
[2.740s] -- Up-to-date: /home/gustav/P5-Kuka-Dual-Arm/install/lbr_fri_idl/include/lbr_fri_idl/lbr_fri_idl/msg/detail/lbr_wrench_command__traits.hpp
[2.740s] -- Up-to-date: /home/gustav/P5-Kuka-Dual-Arm/install/lbr_fri_idl/include/lbr_fri_idl/lbr_fri_idl/msg/detail/lbr_torque_command__struct.hpp
[2.741s] -- Up-to-date: /home/gustav/P5-Kuka-Dual-Arm/install/lbr_fri_idl/include/lbr_fri_idl/lbr_fri_idl/msg/detail/lbr_torque_command__builder.hpp
[2.741s] -- Up-to-date: /home/gustav/P5-Kuka-Dual-Arm/install/lbr_fri_idl/include/lbr_fri_idl/lbr_fri_idl/msg/detail/lbr_command__builder.hpp
[2.741s] -- Up-to-date: /home/gustav/P5-Kuka-Dual-Arm/install/lbr_fri_idl/include/lbr_fri_idl/lbr_fri_idl/msg/detail/lbr_joint_position_command__struct.hpp
[2.741s] -- Up-to-date: /home/gustav/P5-Kuka-Dual-Arm/install/lbr_fri_idl/include/lbr_fri_idl/lbr_fri_idl/msg/detail/lbr_command__struct.hpp
[2.741s] -- Up-to-date: /home/gustav/P5-Kuka-Dual-Arm/install/lbr_fri_idl/include/lbr_fri_idl/lbr_fri_idl/msg/detail/lbr_wrench_command__struct.hpp
[2.741s] -- Up-to-date: /home/gustav/P5-Kuka-Dual-Arm/install/lbr_fri_idl/include/lbr_fri_idl/lbr_fri_idl/msg/detail/lbr_joint_position_command__builder.hpp
[2.741s] -- Up-to-date: /home/gustav/P5-Kuka-Dual-Arm/install/lbr_fri_idl/include/lbr_fri_idl/lbr_fri_idl/msg/detail/lbr_joint_position_command__traits.hpp
[2.742s] -- Up-to-date: /home/gustav/P5-Kuka-Dual-Arm/install/lbr_fri_idl/include/lbr_fri_idl/lbr_fri_idl/msg/lbr_torque_command.hpp
[2.742s] -- Up-to-date: /home/gustav/P5-Kuka-Dual-Arm/install/lbr_fri_idl/include/lbr_fri_idl/lbr_fri_idl
[2.742s] -- Up-to-date: /home/gustav/P5-Kuka-Dual-Arm/install/lbr_fri_idl/include/lbr_fri_idl/lbr_fri_idl/msg
[2.742s] -- Up-to-date: /home/gustav/P5-Kuka-Dual-Arm/install/lbr_fri_idl/include/lbr_fri_idl/lbr_fri_idl/msg/detail
[2.742s] -- Up-to-date: /home/gustav/P5-Kuka-Dual-Arm/install/lbr_fri_idl/include/lbr_fri_idl/lbr_fri_idl/msg/detail/lbr_state__rosidl_typesupport_fastrtps_cpp.hpp
[2.743s] -- Up-to-date: /home/gustav/P5-Kuka-Dual-Arm/install/lbr_fri_idl/include/lbr_fri_idl/lbr_fri_idl/msg/detail/lbr_torque_command__rosidl_typesupport_fastrtps_cpp.hpp
[2.743s] -- Up-to-date: /home/gustav/P5-Kuka-Dual-Arm/install/lbr_fri_idl/include/lbr_fri_idl/lbr_fri_idl/msg/detail/lbr_wrench_command__rosidl_typesupport_fastrtps_cpp.hpp
[2.743s] -- Up-to-date: /home/gustav/P5-Kuka-Dual-Arm/install/lbr_fri_idl/include/lbr_fri_idl/lbr_fri_idl/msg/detail/lbr_command__rosidl_typesupport_fastrtps_cpp.hpp
[2.743s] -- Up-to-date: /home/gustav/P5-Kuka-Dual-Arm/install/lbr_fri_idl/include/lbr_fri_idl/lbr_fri_idl/msg/detail/lbr_joint_position_command__rosidl_typesupport_fastrtps_cpp.hpp
[2.743s] -- Up-to-date: /home/gustav/P5-Kuka-Dual-Arm/install/lbr_fri_idl/include/lbr_fri_idl/lbr_fri_idl/msg/detail/dds_fastrtps
[2.743s] -- Up-to-date: /home/gustav/P5-Kuka-Dual-Arm/install/lbr_fri_idl/include/lbr_fri_idl/lbr_fri_idl/msg/rosidl_typesupport_fastrtps_cpp__visibility_control.h
[2.744s] -- Up-to-date: /home/gustav/P5-Kuka-Dual-Arm/install/lbr_fri_idl/lib/liblbr_fri_idl__rosidl_typesupport_fastrtps_cpp.so
[2.744s] -- Up-to-date: /home/gustav/P5-Kuka-Dual-Arm/install/lbr_fri_idl/include/lbr_fri_idl/lbr_fri_idl
[2.744s] -- Up-to-date: /home/gustav/P5-Kuka-Dual-Arm/install/lbr_fri_idl/include/lbr_fri_idl/lbr_fri_idl/msg
[2.744s] -- Up-to-date: /home/gustav/P5-Kuka-Dual-Arm/install/lbr_fri_idl/include/lbr_fri_idl/lbr_fri_idl/msg/rosidl_typesupport_introspection_c__visibility_control.h
[2.744s] -- Up-to-date: /home/gustav/P5-Kuka-Dual-Arm/install/lbr_fri_idl/include/lbr_fri_idl/lbr_fri_idl/msg/detail
[2.744s] -- Up-to-date: /home/gustav/P5-Kuka-Dual-Arm/install/lbr_fri_idl/include/lbr_fri_idl/lbr_fri_idl/msg/detail/lbr_joint_position_command__type_support.c
[2.744s] -- Up-to-date: /home/gustav/P5-Kuka-Dual-Arm/install/lbr_fri_idl/include/lbr_fri_idl/lbr_fri_idl/msg/detail/lbr_torque_command__type_support.c
[2.744s] -- Up-to-date: /home/gustav/P5-Kuka-Dual-Arm/install/lbr_fri_idl/include/lbr_fri_idl/lbr_fri_idl/msg/detail/lbr_command__type_support.c
[2.745s] -- Up-to-date: /home/gustav/P5-Kuka-Dual-Arm/install/lbr_fri_idl/include/lbr_fri_idl/lbr_fri_idl/msg/detail/lbr_state__rosidl_typesupport_introspection_c.h
[2.745s] -- Up-to-date: /home/gustav/P5-Kuka-Dual-Arm/install/lbr_fri_idl/include/lbr_fri_idl/lbr_fri_idl/msg/detail/lbr_state__type_support.c
[2.745s] -- Up-to-date: /home/gustav/P5-Kuka-Dual-Arm/install/lbr_fri_idl/include/lbr_fri_idl/lbr_fri_idl/msg/detail/lbr_wrench_command__rosidl_typesupport_introspection_c.h
[2.745s] -- Up-to-date: /home/gustav/P5-Kuka-Dual-Arm/install/lbr_fri_idl/include/lbr_fri_idl/lbr_fri_idl/msg/detail/lbr_wrench_command__type_support.c
[2.745s] -- Up-to-date: /home/gustav/P5-Kuka-Dual-Arm/install/lbr_fri_idl/include/lbr_fri_idl/lbr_fri_idl/msg/detail/lbr_torque_command__rosidl_typesupport_introspection_c.h
[2.745s] -- Up-to-date: /home/gustav/P5-Kuka-Dual-Arm/install/lbr_fri_idl/include/lbr_fri_idl/lbr_fri_idl/msg/detail/lbr_joint_position_command__rosidl_typesupport_introspection_c.h
[2.746s] -- Up-to-date: /home/gustav/P5-Kuka-Dual-Arm/install/lbr_fri_idl/include/lbr_fri_idl/lbr_fri_idl/msg/detail/lbr_command__rosidl_typesupport_introspection_c.h
[2.746s] -- Up-to-date: /home/gustav/P5-Kuka-Dual-Arm/install/lbr_fri_idl/lib/liblbr_fri_idl__rosidl_typesupport_introspection_c.so
[2.746s] -- Up-to-date: /home/gustav/P5-Kuka-Dual-Arm/install/lbr_fri_idl/lib/liblbr_fri_idl__rosidl_typesupport_c.so
[2.746s] -- Up-to-date: /home/gustav/P5-Kuka-Dual-Arm/install/lbr_fri_idl/include/lbr_fri_idl/lbr_fri_idl
[2.746s] -- Up-to-date: /home/gustav/P5-Kuka-Dual-Arm/install/lbr_fri_idl/include/lbr_fri_idl/lbr_fri_idl/msg
[2.746s] -- Up-to-date: /home/gustav/P5-Kuka-Dual-Arm/install/lbr_fri_idl/include/lbr_fri_idl/lbr_fri_idl/msg/detail
[2.746s] -- Up-to-date: /home/gustav/P5-Kuka-Dual-Arm/install/lbr_fri_idl/include/lbr_fri_idl/lbr_fri_idl/msg/detail/lbr_joint_position_command__rosidl_typesupport_introspection_cpp.hpp
[2.746s] -- Up-to-date: /home/gustav/P5-Kuka-Dual-Arm/install/lbr_fri_idl/include/lbr_fri_idl/lbr_fri_idl/msg/detail/lbr_joint_position_command__type_support.cpp
[2.748s] -- Up-to-date: /home/gustav/P5-Kuka-Dual-Arm/install/lbr_fri_idl/include/lbr_fri_idl/lbr_fri_idl/msg/detail/lbr_wrench_command__rosidl_typesupport_introspection_cpp.hpp
[2.748s] -- Up-to-date: /home/gustav/P5-Kuka-Dual-Arm/install/lbr_fri_idl/include/lbr_fri_idl/lbr_fri_idl/msg/detail/lbr_torque_command__rosidl_typesupport_introspection_cpp.hpp
[2.748s] -- Up-to-date: /home/gustav/P5-Kuka-Dual-Arm/install/lbr_fri_idl/include/lbr_fri_idl/lbr_fri_idl/msg/detail/lbr_state__rosidl_typesupport_introspection_cpp.hpp
[2.748s] -- Up-to-date: /home/gustav/P5-Kuka-Dual-Arm/install/lbr_fri_idl/include/lbr_fri_idl/lbr_fri_idl/msg/detail/lbr_torque_command__type_support.cpp
[2.748s] -- Up-to-date: /home/gustav/P5-Kuka-Dual-Arm/install/lbr_fri_idl/include/lbr_fri_idl/lbr_fri_idl/msg/detail/lbr_command__rosidl_typesupport_introspection_cpp.hpp
[2.749s] -- Up-to-date: /home/gustav/P5-Kuka-Dual-Arm/install/lbr_fri_idl/include/lbr_fri_idl/lbr_fri_idl/msg/detail/lbr_state__type_support.cpp
[2.749s] -- Up-to-date: /home/gustav/P5-Kuka-Dual-Arm/install/lbr_fri_idl/include/lbr_fri_idl/lbr_fri_idl/msg/detail/lbr_wrench_command__type_support.cpp
[2.749s] -- Up-to-date: /home/gustav/P5-Kuka-Dual-Arm/install/lbr_fri_idl/include/lbr_fri_idl/lbr_fri_idl/msg/detail/lbr_command__type_support.cpp
[2.749s] -- Up-to-date: /home/gustav/P5-Kuka-Dual-Arm/install/lbr_fri_idl/lib/liblbr_fri_idl__rosidl_typesupport_introspection_cpp.so
[2.749s] -- Up-to-date: /home/gustav/P5-Kuka-Dual-Arm/install/lbr_fri_idl/lib/liblbr_fri_idl__rosidl_typesupport_cpp.so
[2.749s] -- Up-to-date: /home/gustav/P5-Kuka-Dual-Arm/install/lbr_fri_idl/share/lbr_fri_idl/environment/pythonpath.sh
[2.749s] -- Installing: /home/gustav/P5-Kuka-Dual-Arm/install/lbr_fri_idl/share/lbr_fri_idl/environment/pythonpath.dsv
[2.749s] -- Up-to-date: /home/gustav/P5-Kuka-Dual-Arm/install/lbr_fri_idl/local/lib/python3.10/dist-packages/lbr_fri_idl-1.5.0-py3.10.egg-info
[2.749s] -- Installing: /home/gustav/P5-Kuka-Dual-Arm/install/lbr_fri_idl/local/lib/python3.10/dist-packages/lbr_fri_idl-1.5.0-py3.10.egg-info/dependency_links.txt
[2.749s] -- Installing: /home/gustav/P5-Kuka-Dual-Arm/install/lbr_fri_idl/local/lib/python3.10/dist-packages/lbr_fri_idl-1.5.0-py3.10.egg-info/PKG-INFO
[2.750s] -- Installing: /home/gustav/P5-Kuka-Dual-Arm/install/lbr_fri_idl/local/lib/python3.10/dist-packages/lbr_fri_idl-1.5.0-py3.10.egg-info/SOURCES.txt
[2.750s] -- Installing: /home/gustav/P5-Kuka-Dual-Arm/install/lbr_fri_idl/local/lib/python3.10/dist-packages/lbr_fri_idl-1.5.0-py3.10.egg-info/top_level.txt
[2.750s] -- Up-to-date: /home/gustav/P5-Kuka-Dual-Arm/install/lbr_fri_idl/local/lib/python3.10/dist-packages/lbr_fri_idl
[2.750s] -- Up-to-date: /home/gustav/P5-Kuka-Dual-Arm/install/lbr_fri_idl/local/lib/python3.10/dist-packages/lbr_fri_idl/_lbr_fri_idl_s.ep.rosidl_typesupport_introspection_c.c
[2.750s] -- Up-to-date: /home/gustav/P5-Kuka-Dual-Arm/install/lbr_fri_idl/local/lib/python3.10/dist-packages/lbr_fri_idl/lbr_fri_idl_s__rosidl_typesupport_c.cpython-310-x86_64-linux-gnu.so
[2.750s] -- Up-to-date: /home/gustav/P5-Kuka-Dual-Arm/install/lbr_fri_idl/local/lib/python3.10/dist-packages/lbr_fri_idl/liblbr_fri_idl__rosidl_generator_py.so
[2.750s] -- Up-to-date: /home/gustav/P5-Kuka-Dual-Arm/install/lbr_fri_idl/local/lib/python3.10/dist-packages/lbr_fri_idl/lbr_fri_idl_s__rosidl_typesupport_fastrtps_c.cpython-310-x86_64-linux-gnu.so
[2.750s] -- Up-to-date: /home/gustav/P5-Kuka-Dual-Arm/install/lbr_fri_idl/local/lib/python3.10/dist-packages/lbr_fri_idl/_lbr_fri_idl_s.ep.rosidl_typesupport_c.c
[2.750s] -- Up-to-date: /home/gustav/P5-Kuka-Dual-Arm/install/lbr_fri_idl/local/lib/python3.10/dist-packages/lbr_fri_idl/msg
[2.750s] -- Up-to-date: /home/gustav/P5-Kuka-Dual-Arm/install/lbr_fri_idl/local/lib/python3.10/dist-packages/lbr_fri_idl/msg/_lbr_torque_command_s.c
[2.751s] -- Up-to-date: /home/gustav/P5-Kuka-Dual-Arm/install/lbr_fri_idl/local/lib/python3.10/dist-packages/lbr_fri_idl/msg/_lbr_torque_command.py
[2.751s] -- Up-to-date: /home/gustav/P5-Kuka-Dual-Arm/install/lbr_fri_idl/local/lib/python3.10/dist-packages/lbr_fri_idl/msg/_lbr_command.py
[2.751s] -- Up-to-date: /home/gustav/P5-Kuka-Dual-Arm/install/lbr_fri_idl/local/lib/python3.10/dist-packages/lbr_fri_idl/msg/_lbr_command_s.c
[2.751s] -- Up-to-date: /home/gustav/P5-Kuka-Dual-Arm/install/lbr_fri_idl/local/lib/python3.10/dist-packages/lbr_fri_idl/msg/_lbr_state_s.c
[2.751s] -- Up-to-date: /home/gustav/P5-Kuka-Dual-Arm/install/lbr_fri_idl/local/lib/python3.10/dist-packages/lbr_fri_idl/msg/_lbr_wrench_command_s.c
[2.751s] -- Up-to-date: /home/gustav/P5-Kuka-Dual-Arm/install/lbr_fri_idl/local/lib/python3.10/dist-packages/lbr_fri_idl/msg/_lbr_wrench_command.py
[2.751s] -- Up-to-date: /home/gustav/P5-Kuka-Dual-Arm/install/lbr_fri_idl/local/lib/python3.10/dist-packages/lbr_fri_idl/msg/__init__.py
[2.751s] -- Up-to-date: /home/gustav/P5-Kuka-Dual-Arm/install/lbr_fri_idl/local/lib/python3.10/dist-packages/lbr_fri_idl/msg/_lbr_joint_position_command_s.c
[2.751s] -- Up-to-date: /home/gustav/P5-Kuka-Dual-Arm/install/lbr_fri_idl/local/lib/python3.10/dist-packages/lbr_fri_idl/msg/_lbr_state.py
[2.752s] -- Up-to-date: /home/gustav/P5-Kuka-Dual-Arm/install/lbr_fri_idl/local/lib/python3.10/dist-packages/lbr_fri_idl/msg/_lbr_joint_position_command.py
[2.752s] -- Installing: /home/gustav/P5-Kuka-Dual-Arm/install/lbr_fri_idl/local/lib/python3.10/dist-packages/lbr_fri_idl/__init__.py
[2.752s] -- Up-to-date: /home/gustav/P5-Kuka-Dual-Arm/install/lbr_fri_idl/local/lib/python3.10/dist-packages/lbr_fri_idl/lbr_fri_idl_s__rosidl_typesupport_introspection_c.cpython-310-x86_64-linux-gnu.so
[2.752s] -- Up-to-date: /home/gustav/P5-Kuka-Dual-Arm/install/lbr_fri_idl/local/lib/python3.10/dist-packages/lbr_fri_idl/_lbr_fri_idl_s.ep.rosidl_typesupport_fastrtps_c.c
[2.787s] Listing '/home/gustav/P5-Kuka-Dual-Arm/install/lbr_fri_idl/local/lib/python3.10/dist-packages/lbr_fri_idl'...
[2.787s] Compiling '/home/gustav/P5-Kuka-Dual-Arm/install/lbr_fri_idl/local/lib/python3.10/dist-packages/lbr_fri_idl/__init__.py'...
[2.787s] Listing '/home/gustav/P5-Kuka-Dual-Arm/install/lbr_fri_idl/local/lib/python3.10/dist-packages/lbr_fri_idl/msg'...
[2.795s] -- Up-to-date: /home/gustav/P5-Kuka-Dual-Arm/install/lbr_fri_idl/local/lib/python3.10/dist-packages/lbr_fri_idl/lbr_fri_idl_s__rosidl_typesupport_fastrtps_c.cpython-310-x86_64-linux-gnu.so
[2.796s] -- Up-to-date: /home/gustav/P5-Kuka-Dual-Arm/install/lbr_fri_idl/local/lib/python3.10/dist-packages/lbr_fri_idl/lbr_fri_idl_s__rosidl_typesupport_introspection_c.cpython-310-x86_64-linux-gnu.so
[2.796s] -- Up-to-date: /home/gustav/P5-Kuka-Dual-Arm/install/lbr_fri_idl/local/lib/python3.10/dist-packages/lbr_fri_idl/lbr_fri_idl_s__rosidl_typesupport_c.cpython-310-x86_64-linux-gnu.so
[2.797s] -- Up-to-date: /home/gustav/P5-Kuka-Dual-Arm/install/lbr_fri_idl/lib/liblbr_fri_idl__rosidl_generator_py.so
[2.798s] -- Up-to-date: /home/gustav/P5-Kuka-Dual-Arm/install/lbr_fri_idl/share/lbr_fri_idl/msg/LBRCommand.idl
[2.798s] -- Up-to-date: /home/gustav/P5-Kuka-Dual-Arm/install/lbr_fri_idl/share/lbr_fri_idl/msg/LBRJointPositionCommand.idl
[2.798s] -- Up-to-date: /home/gustav/P5-Kuka-Dual-Arm/install/lbr_fri_idl/share/lbr_fri_idl/msg/LBRState.idl
[2.799s] -- Up-to-date: /home/gustav/P5-Kuka-Dual-Arm/install/lbr_fri_idl/share/lbr_fri_idl/msg/LBRTorqueCommand.idl
[2.799s] -- Up-to-date: /home/gustav/P5-Kuka-Dual-Arm/install/lbr_fri_idl/share/lbr_fri_idl/msg/LBRWrenchCommand.idl
[2.799s] -- Up-to-date: /home/gustav/P5-Kuka-Dual-Arm/install/lbr_fri_idl/share/lbr_fri_idl/msg/LBRCommand.msg
[2.799s] -- Up-to-date: /home/gustav/P5-Kuka-Dual-Arm/install/lbr_fri_idl/share/lbr_fri_idl/msg/LBRJointPositionCommand.msg
[2.799s] -- Up-to-date: /home/gustav/P5-Kuka-Dual-Arm/install/lbr_fri_idl/share/lbr_fri_idl/msg/LBRState.msg
[2.800s] -- Up-to-date: /home/gustav/P5-Kuka-Dual-Arm/install/lbr_fri_idl/share/lbr_fri_idl/msg/LBRTorqueCommand.msg
[2.800s] -- Up-to-date: /home/gustav/P5-Kuka-Dual-Arm/install/lbr_fri_idl/share/lbr_fri_idl/msg/LBRWrenchCommand.msg
[2.800s] -- Up-to-date: /home/gustav/P5-Kuka-Dual-Arm/install/lbr_fri_idl/share/ament_index/resource_index/package_run_dependencies/lbr_fri_idl
[2.800s] -- Installing: /home/gustav/P5-Kuka-Dual-Arm/install/lbr_fri_idl/share/ament_index/resource_index/parent_prefix_path/lbr_fri_idl
[2.800s] -- Up-to-date: /home/gustav/P5-Kuka-Dual-Arm/install/lbr_fri_idl/share/lbr_fri_idl/environment/ament_prefix_path.sh
[2.800s] -- Installing: /home/gustav/P5-Kuka-Dual-Arm/install/lbr_fri_idl/share/lbr_fri_idl/environment/ament_prefix_path.dsv
[2.800s] -- Up-to-date: /home/gustav/P5-Kuka-Dual-Arm/install/lbr_fri_idl/share/lbr_fri_idl/environment/path.sh
[2.800s] -- Installing: /home/gustav/P5-Kuka-Dual-Arm/install/lbr_fri_idl/share/lbr_fri_idl/environment/path.dsv
[2.800s] -- Up-to-date: /home/gustav/P5-Kuka-Dual-Arm/install/lbr_fri_idl/share/lbr_fri_idl/local_setup.bash
[2.800s] -- Up-to-date: /home/gustav/P5-Kuka-Dual-Arm/install/lbr_fri_idl/share/lbr_fri_idl/local_setup.sh
[2.800s] -- Up-to-date: /home/gustav/P5-Kuka-Dual-Arm/install/lbr_fri_idl/share/lbr_fri_idl/local_setup.zsh
[2.800s] -- Installing: /home/gustav/P5-Kuka-Dual-Arm/install/lbr_fri_idl/share/lbr_fri_idl/local_setup.dsv
[2.801s] -- Installing: /home/gustav/P5-Kuka-Dual-Arm/install/lbr_fri_idl/share/lbr_fri_idl/package.dsv
[2.801s] -- Up-to-date: /home/gustav/P5-Kuka-Dual-Arm/install/lbr_fri_idl/share/ament_index/resource_index/packages/lbr_fri_idl
[2.801s] -- Up-to-date: /home/gustav/P5-Kuka-Dual-Arm/install/lbr_fri_idl/share/lbr_fri_idl/cmake/export_lbr_fri_idl__rosidl_generator_cExport.cmake
[2.801s] -- Up-to-date: /home/gustav/P5-Kuka-Dual-Arm/install/lbr_fri_idl/share/lbr_fri_idl/cmake/export_lbr_fri_idl__rosidl_generator_cExport-release.cmake
[2.801s] -- Up-to-date: /home/gustav/P5-Kuka-Dual-Arm/install/lbr_fri_idl/share/lbr_fri_idl/cmake/export_lbr_fri_idl__rosidl_typesupport_fastrtps_cExport.cmake
[2.801s] -- Up-to-date: /home/gustav/P5-Kuka-Dual-Arm/install/lbr_fri_idl/share/lbr_fri_idl/cmake/export_lbr_fri_idl__rosidl_typesupport_fastrtps_cExport-release.cmake
[2.801s] -- Up-to-date: /home/gustav/P5-Kuka-Dual-Arm/install/lbr_fri_idl/share/lbr_fri_idl/cmake/export_lbr_fri_idl__rosidl_generator_cppExport.cmake
[2.801s] -- Up-to-date: /home/gustav/P5-Kuka-Dual-Arm/install/lbr_fri_idl/share/lbr_fri_idl/cmake/export_lbr_fri_idl__rosidl_typesupport_fastrtps_cppExport.cmake
[2.802s] -- Up-to-date: /home/gustav/P5-Kuka-Dual-Arm/install/lbr_fri_idl/share/lbr_fri_idl/cmake/export_lbr_fri_idl__rosidl_typesupport_fastrtps_cppExport-release.cmake
[2.802s] -- Up-to-date: /home/gustav/P5-Kuka-Dual-Arm/install/lbr_fri_idl/share/lbr_fri_idl/cmake/lbr_fri_idl__rosidl_typesupport_introspection_cExport.cmake
[2.802s] -- Up-to-date: /home/gustav/P5-Kuka-Dual-Arm/install/lbr_fri_idl/share/lbr_fri_idl/cmake/lbr_fri_idl__rosidl_typesupport_introspection_cExport-release.cmake
[2.802s] -- Up-to-date: /home/gustav/P5-Kuka-Dual-Arm/install/lbr_fri_idl/share/lbr_fri_idl/cmake/lbr_fri_idl__rosidl_typesupport_cExport.cmake
[2.802s] -- Up-to-date: /home/gustav/P5-Kuka-Dual-Arm/install/lbr_fri_idl/share/lbr_fri_idl/cmake/lbr_fri_idl__rosidl_typesupport_cExport-release.cmake
[2.802s] -- Up-to-date: /home/gustav/P5-Kuka-Dual-Arm/install/lbr_fri_idl/share/lbr_fri_idl/cmake/lbr_fri_idl__rosidl_typesupport_introspection_cppExport.cmake
[2.802s] -- Up-to-date: /home/gustav/P5-Kuka-Dual-Arm/install/lbr_fri_idl/share/lbr_fri_idl/cmake/lbr_fri_idl__rosidl_typesupport_introspection_cppExport-release.cmake
[2.803s] -- Up-to-date: /home/gustav/P5-Kuka-Dual-Arm/install/lbr_fri_idl/share/lbr_fri_idl/cmake/lbr_fri_idl__rosidl_typesupport_cppExport.cmake
[2.803s] -- Up-to-date: /home/gustav/P5-Kuka-Dual-Arm/install/lbr_fri_idl/share/lbr_fri_idl/cmake/lbr_fri_idl__rosidl_typesupport_cppExport-release.cmake
[2.804s] -- Up-to-date: /home/gustav/P5-Kuka-Dual-Arm/install/lbr_fri_idl/share/lbr_fri_idl/cmake/export_lbr_fri_idl__rosidl_generator_pyExport.cmake
[2.804s] -- Up-to-date: /home/gustav/P5-Kuka-Dual-Arm/install/lbr_fri_idl/share/lbr_fri_idl/cmake/export_lbr_fri_idl__rosidl_generator_pyExport-release.cmake
[2.804s] -- Up-to-date: /home/gustav/P5-Kuka-Dual-Arm/install/lbr_fri_idl/share/lbr_fri_idl/cmake/rosidl_cmake-extras.cmake
[2.804s] -- Up-to-date: /home/gustav/P5-Kuka-Dual-Arm/install/lbr_fri_idl/share/lbr_fri_idl/cmake/ament_cmake_export_dependencies-extras.cmake
[2.804s] -- Up-to-date: /home/gustav/P5-Kuka-Dual-Arm/install/lbr_fri_idl/share/lbr_fri_idl/cmake/ament_cmake_export_include_directories-extras.cmake
[2.804s] -- Up-to-date: /home/gustav/P5-Kuka-Dual-Arm/install/lbr_fri_idl/share/lbr_fri_idl/cmake/ament_cmake_export_libraries-extras.cmake
[2.804s] -- Up-to-date: /home/gustav/P5-Kuka-Dual-Arm/install/lbr_fri_idl/share/lbr_fri_idl/cmake/ament_cmake_export_targets-extras.cmake
[2.805s] -- Up-to-date: /home/gustav/P5-Kuka-Dual-Arm/install/lbr_fri_idl/share/lbr_fri_idl/cmake/rosidl_cmake_export_typesupport_targets-extras.cmake
[2.805s] -- Up-to-date: /home/gustav/P5-Kuka-Dual-Arm/install/lbr_fri_idl/share/lbr_fri_idl/cmake/rosidl_cmake_export_typesupport_libraries-extras.cmake
[2.805s] -- Up-to-date: /home/gustav/P5-Kuka-Dual-Arm/install/lbr_fri_idl/share/lbr_fri_idl/cmake/lbr_fri_idlConfig.cmake
[2.805s] -- Up-to-date: /home/gustav/P5-Kuka-Dual-Arm/install/lbr_fri_idl/share/lbr_fri_idl/cmake/lbr_fri_idlConfig-version.cmake
[2.805s] -- Up-to-date: /home/gustav/P5-Kuka-Dual-Arm/install/lbr_fri_idl/share/lbr_fri_idl/package.xml
[2.815s] Invoked command in '/home/gustav/P5-Kuka-Dual-Arm/build/lbr_fri_idl' returned '0': CMAKE_PREFIX_PATH=/home/gustav/P5-Kuka-Dual-Arm/install/fri_client_sdk:/opt/ros/humble LD_LIBRARY_PATH=/home/gustav/P5-Kuka-Dual-Arm/install/fri_client_sdk/lib:${LD_LIBRARY_PATH} PKG_CONFIG_PATH=/home/gustav/P5-Kuka-Dual-Arm/install/fri_client_sdk/lib/x86_64-linux-gnu/pkgconfig:/home/gustav/P5-Kuka-Dual-Arm/install/fri_client_sdk/lib/pkgconfig /usr/bin/cmake --install /home/gustav/P5-Kuka-Dual-Arm/build/lbr_fri_idl
