[0.014s] Invoking command in '/home/gustav/P5-Kuka-Dual-Arm/build/generate_parameter_library': AMENT_PREFIX_PATH=/home/gustav/P5-Kuka-Dual-Arm/install/parameter_traits:/home/gustav/P5-Kuka-Dual-Arm/install/generate_parameter_library_py:${AMENT_PREFIX_PATH} CMAKE_PREFIX_PATH=/home/gustav/P5-Kuka-Dual-Arm/install/parameter_traits:/opt/ros/humble LD_LIBRARY_PATH=/home/gustav/P5-Kuka-Dual-Arm/install/parameter_traits/lib:${LD_LIBRARY_PATH} PATH=/home/gustav/P5-Kuka-Dual-Arm/install/generate_parameter_library_py/bin:${PATH} PYTHONPATH=/home/gustav/P5-Kuka-Dual-Arm/install/generate_parameter_library_py/lib/python3.10/site-packages:${PYTHONPATH} /usr/bin/cmake --build /home/gustav/P5-Kuka-Dual-Arm/build/generate_parameter_library -- -j8 -l8
[0.059s] Invoked command in '/home/gustav/P5-Kuka-Dual-Arm/build/generate_parameter_library' returned '0': AMENT_PREFIX_PATH=/home/gustav/P5-Kuka-Dual-Arm/install/parameter_traits:/home/gustav/P5-Kuka-Dual-Arm/install/generate_parameter_library_py:${AMENT_PREFIX_PATH} CMAKE_PREFIX_PATH=/home/gustav/P5-Kuka-Dual-Arm/install/parameter_traits:/opt/ros/humble LD_LIBRARY_PATH=/home/gustav/P5-Kuka-Dual-Arm/install/parameter_traits/lib:${LD_LIBRARY_PATH} PATH=/home/gustav/P5-Kuka-Dual-Arm/install/generate_parameter_library_py/bin:${PATH} PYTHONPATH=/home/gustav/P5-Kuka-Dual-Arm/install/generate_parameter_library_py/lib/python3.10/site-packages:${PYTHONPATH} /usr/bin/cmake --build /home/gustav/P5-Kuka-Dual-Arm/build/generate_parameter_library -- -j8 -l8
[0.076s] Invoking command in '/home/gustav/P5-Kuka-Dual-Arm/build/generate_parameter_library': AMENT_PREFIX_PATH=/home/gustav/P5-Kuka-Dual-Arm/install/parameter_traits:/home/gustav/P5-Kuka-Dual-Arm/install/generate_parameter_library_py:${AMENT_PREFIX_PATH} CMAKE_PREFIX_PATH=/home/gustav/P5-Kuka-Dual-Arm/install/parameter_traits:/opt/ros/humble LD_LIBRARY_PATH=/home/gustav/P5-Kuka-Dual-Arm/install/parameter_traits/lib:${LD_LIBRARY_PATH} PATH=/home/gustav/P5-Kuka-Dual-Arm/install/generate_parameter_library_py/bin:${PATH} PYTHONPATH=/home/gustav/P5-Kuka-Dual-Arm/install/generate_parameter_library_py/lib/python3.10/site-packages:${PYTHONPATH} /usr/bin/cmake --install /home/gustav/P5-Kuka-Dual-Arm/build/generate_parameter_library
[0.082s] -- Install configuration: "Release"
[0.082s] -- Up-to-date: /home/gustav/P5-Kuka-Dual-Arm/install/generate_parameter_library/share/generate_parameter_library/cmake
[0.082s] -- Up-to-date: /home/gustav/P5-Kuka-Dual-Arm/install/generate_parameter_library/share/generate_parameter_library/cmake/generate_parameter_library.cmake
[0.083s] -- Up-to-date: /home/gustav/P5-Kuka-Dual-Arm/install/generate_parameter_library/share/ament_index/resource_index/package_run_dependencies/generate_parameter_library
[0.083s] -- Up-to-date: /home/gustav/P5-Kuka-Dual-Arm/install/generate_parameter_library/share/ament_index/resource_index/parent_prefix_path/generate_parameter_library
[0.083s] -- Up-to-date: /home/gustav/P5-Kuka-Dual-Arm/install/generate_parameter_library/share/generate_parameter_library/environment/ament_prefix_path.sh
[0.083s] -- Up-to-date: /home/gustav/P5-Kuka-Dual-Arm/install/generate_parameter_library/share/generate_parameter_library/environment/ament_prefix_path.dsv
[0.083s] -- Up-to-date: /home/gustav/P5-Kuka-Dual-Arm/install/generate_parameter_library/share/generate_parameter_library/environment/path.sh
[0.083s] -- Up-to-date: /home/gustav/P5-Kuka-Dual-Arm/install/generate_parameter_library/share/generate_parameter_library/environment/path.dsv
[0.083s] -- Up-to-date: /home/gustav/P5-Kuka-Dual-Arm/install/generate_parameter_library/share/generate_parameter_library/local_setup.bash
[0.083s] -- Up-to-date: /home/gustav/P5-Kuka-Dual-Arm/install/generate_parameter_library/share/generate_parameter_library/local_setup.sh
[0.084s] -- Up-to-date: /home/gustav/P5-Kuka-Dual-Arm/install/generate_parameter_library/share/generate_parameter_library/local_setup.zsh
[0.084s] -- Up-to-date: /home/gustav/P5-Kuka-Dual-Arm/install/generate_parameter_library/share/generate_parameter_library/local_setup.dsv
[0.084s] -- Installing: /home/gustav/P5-Kuka-Dual-Arm/install/generate_parameter_library/share/generate_parameter_library/package.dsv
[0.084s] -- Up-to-date: /home/gustav/P5-Kuka-Dual-Arm/install/generate_parameter_library/share/ament_index/resource_index/packages/generate_parameter_library
[0.084s] -- Up-to-date: /home/gustav/P5-Kuka-Dual-Arm/install/generate_parameter_library/share/generate_parameter_library/cmake/generate_parameter_library-extras.cmake
[0.084s] -- Up-to-date: /home/gustav/P5-Kuka-Dual-Arm/install/generate_parameter_library/share/generate_parameter_library/cmake/generate_parameter_libraryConfig.cmake
[0.084s] -- Up-to-date: /home/gustav/P5-Kuka-Dual-Arm/install/generate_parameter_library/share/generate_parameter_library/cmake/generate_parameter_libraryConfig-version.cmake
[0.084s] -- Up-to-date: /home/gustav/P5-Kuka-Dual-Arm/install/generate_parameter_library/share/generate_parameter_library/package.xml
[0.086s] Invoked command in '/home/gustav/P5-Kuka-Dual-Arm/build/generate_parameter_library' returned '0': AMENT_PREFIX_PATH=/home/gustav/P5-Kuka-Dual-Arm/install/parameter_traits:/home/gustav/P5-Kuka-Dual-Arm/install/generate_parameter_library_py:${AMENT_PREFIX_PATH} CMAKE_PREFIX_PATH=/home/gustav/P5-Kuka-Dual-Arm/install/parameter_traits:/opt/ros/humble LD_LIBRARY_PATH=/home/gustav/P5-Kuka-Dual-Arm/install/parameter_traits/lib:${LD_LIBRARY_PATH} PATH=/home/gustav/P5-Kuka-Dual-Arm/install/generate_parameter_library_py/bin:${PATH} PYTHONPATH=/home/gustav/P5-Kuka-Dual-Arm/install/generate_parameter_library_py/lib/python3.10/site-packages:${PYTHONPATH} /usr/bin/cmake --install /home/gustav/P5-Kuka-Dual-Arm/build/generate_parameter_library
