[0.243s] Invoking command in '/home/gustav/P5-Kuka-Dual-Arm/build/moveit_common': CMAKE_PREFIX_PATH=/opt/ros/humble /usr/bin/cmake /home/gustav/P5-Kuka-Dual-Arm/p5_ws/src/moveit2/moveit_common -DCMAKE_INSTALL_PREFIX=/home/gustav/P5-Kuka-Dual-Arm/install/moveit_common
[0.256s] -- Found ament_cmake: 1.3.10 (/opt/ros/humble/share/ament_cmake/cmake)
[0.414s] -- Found ament_lint_auto: 0.12.11 (/opt/ros/humble/share/ament_lint_auto/cmake)
[0.522s] -- Added test 'copyright' to check source files copyright and LICENSE
[0.522s] -- Added test 'lint_cmake' to check CMake code style
[0.522s] -- Added test 'xmllint' to check XML markup files
[0.523s] -- Configuring done
[0.527s] -- Generating done
[0.528s] -- Build files have been written to: /home/gustav/P5-Kuka-Dual-Arm/build/moveit_common
[0.648s] Invoked command in '/home/gustav/P5-Kuka-Dual-Arm/build/moveit_common' returned '0': CMAKE_PREFIX_PATH=/opt/ros/humble /usr/bin/cmake /home/gustav/P5-Kuka-Dual-Arm/p5_ws/src/moveit2/moveit_common -DCMAKE_INSTALL_PREFIX=/home/gustav/P5-Kuka-Dual-Arm/install/moveit_common
[0.649s] Invoking command in '/home/gustav/P5-Kuka-Dual-Arm/build/moveit_common': CMAKE_PREFIX_PATH=/opt/ros/humble /usr/bin/cmake --build /home/gustav/P5-Kuka-Dual-Arm/build/moveit_common -- -j8 -l8
[0.698s] Invoked command in '/home/gustav/P5-Kuka-Dual-Arm/build/moveit_common' returned '0': CMAKE_PREFIX_PATH=/opt/ros/humble /usr/bin/cmake --build /home/gustav/P5-Kuka-Dual-Arm/build/moveit_common -- -j8 -l8
[0.733s] Invoking command in '/home/gustav/P5-Kuka-Dual-Arm/build/moveit_common': CMAKE_PREFIX_PATH=/opt/ros/humble /usr/bin/cmake --install /home/gustav/P5-Kuka-Dual-Arm/build/moveit_common
[0.742s] -- Install configuration: "Release"
[0.742s] -- Up-to-date: /home/gustav/P5-Kuka-Dual-Arm/install/moveit_common/share/ament_index/resource_index/package_run_dependencies/moveit_common
[0.743s] -- Installing: /home/gustav/P5-Kuka-Dual-Arm/install/moveit_common/share/ament_index/resource_index/parent_prefix_path/moveit_common
[0.743s] -- Up-to-date: /home/gustav/P5-Kuka-Dual-Arm/install/moveit_common/share/moveit_common/environment/ament_prefix_path.sh
[0.744s] -- Installing: /home/gustav/P5-Kuka-Dual-Arm/install/moveit_common/share/moveit_common/environment/ament_prefix_path.dsv
[0.744s] -- Up-to-date: /home/gustav/P5-Kuka-Dual-Arm/install/moveit_common/share/moveit_common/environment/path.sh
[0.745s] -- Installing: /home/gustav/P5-Kuka-Dual-Arm/install/moveit_common/share/moveit_common/environment/path.dsv
[0.745s] -- Up-to-date: /home/gustav/P5-Kuka-Dual-Arm/install/moveit_common/share/moveit_common/local_setup.bash
[0.745s] -- Up-to-date: /home/gustav/P5-Kuka-Dual-Arm/install/moveit_common/share/moveit_common/local_setup.sh
[0.745s] -- Up-to-date: /home/gustav/P5-Kuka-Dual-Arm/install/moveit_common/share/moveit_common/local_setup.zsh
[0.746s] -- Installing: /home/gustav/P5-Kuka-Dual-Arm/install/moveit_common/share/moveit_common/local_setup.dsv
[0.746s] -- Installing: /home/gustav/P5-Kuka-Dual-Arm/install/moveit_common/share/moveit_common/package.dsv
[0.746s] -- Up-to-date: /home/gustav/P5-Kuka-Dual-Arm/install/moveit_common/share/ament_index/resource_index/packages/moveit_common
[0.747s] -- Up-to-date: /home/gustav/P5-Kuka-Dual-Arm/install/moveit_common/share/moveit_common/cmake/moveit_common-extras.cmake
[0.749s] -- Up-to-date: /home/gustav/P5-Kuka-Dual-Arm/install/moveit_common/share/moveit_common/cmake/moveit_commonConfig.cmake
[0.750s] -- Up-to-date: /home/gustav/P5-Kuka-Dual-Arm/install/moveit_common/share/moveit_common/cmake/moveit_commonConfig-version.cmake
[0.750s] -- Up-to-date: /home/gustav/P5-Kuka-Dual-Arm/install/moveit_common/share/moveit_common/package.xml
[0.750s] -- Up-to-date: /home/gustav/P5-Kuka-Dual-Arm/install/moveit_common/share/moveit_common/cmake
[0.750s] -- Up-to-date: /home/gustav/P5-Kuka-Dual-Arm/install/moveit_common/share/moveit_common/cmake/moveit_package.cmake
[0.767s] Invoked command in '/home/gustav/P5-Kuka-Dual-Arm/build/moveit_common' returned '0': CMAKE_PREFIX_PATH=/opt/ros/humble /usr/bin/cmake --install /home/gustav/P5-Kuka-Dual-Arm/build/moveit_common
