[0.601s] Invoking command in '/home/gustav/P5-Kuka-Dual-Arm/p5_ws/src/moveit2/moveit_configs_utils': PYTHONPATH=/home/gustav/P5-Kuka-Dual-Arm/build/moveit_configs_utils/prefix_override:/usr/lib/python3/dist-packages/colcon_core/task/python/colcon_distutils_commands:/home/gustav/P5-Kuka-Dual-Arm/install/moveit_configs_utils/lib/python3.10/site-packages:${PYTHONPATH} /usr/bin/python3 -W ignore:setup.py install is deprecated setup.py egg_info --egg-base ../../../../build/moveit_configs_utils build --build-base /home/gustav/P5-Kuka-Dual-Arm/build/moveit_configs_utils/build install --record /home/gustav/P5-Kuka-Dual-Arm/build/moveit_configs_utils/install.log --single-version-externally-managed install_data
[0.827s] running egg_info
[0.828s] writing ../../../../build/moveit_configs_utils/moveit_configs_utils.egg-info/PKG-INFO
[0.829s] writing dependency_links to ../../../../build/moveit_configs_utils/moveit_configs_utils.egg-info/dependency_links.txt
[0.830s] writing entry points to ../../../../build/moveit_configs_utils/moveit_configs_utils.egg-info/entry_points.txt
[0.830s] writing requirements to ../../../../build/moveit_configs_utils/moveit_configs_utils.egg-info/requires.txt
[0.830s] writing top-level names to ../../../../build/moveit_configs_utils/moveit_configs_utils.egg-info/top_level.txt
[0.832s] reading manifest file '../../../../build/moveit_configs_utils/moveit_configs_utils.egg-info/SOURCES.txt'
[0.833s] writing manifest file '../../../../build/moveit_configs_utils/moveit_configs_utils.egg-info/SOURCES.txt'
[0.833s] running build
[0.833s] running build_py
[0.834s] running install
[0.835s] running install_lib
[0.836s] running install_data
[0.837s] running install_egg_info
[0.839s] removing '/home/gustav/P5-Kuka-Dual-Arm/install/moveit_configs_utils/lib/python3.10/site-packages/moveit_configs_utils-2.5.5-py3.10.egg-info' (and everything under it)
[0.839s] Copying ../../../../build/moveit_configs_utils/moveit_configs_utils.egg-info to /home/gustav/P5-Kuka-Dual-Arm/install/moveit_configs_utils/lib/python3.10/site-packages/moveit_configs_utils-2.5.5-py3.10.egg-info
[0.840s] running install_scripts
[0.863s] writing list of installed files to '/home/gustav/P5-Kuka-Dual-Arm/build/moveit_configs_utils/install.log'
[0.897s] Invoked command in '/home/gustav/P5-Kuka-Dual-Arm/p5_ws/src/moveit2/moveit_configs_utils' returned '0': PYTHONPATH=/home/gustav/P5-Kuka-Dual-Arm/build/moveit_configs_utils/prefix_override:/usr/lib/python3/dist-packages/colcon_core/task/python/colcon_distutils_commands:/home/gustav/P5-Kuka-Dual-Arm/install/moveit_configs_utils/lib/python3.10/site-packages:${PYTHONPATH} /usr/bin/python3 -W ignore:setup.py install is deprecated setup.py egg_info --egg-base ../../../../build/moveit_configs_utils build --build-base /home/gustav/P5-Kuka-Dual-Arm/build/moveit_configs_utils/build install --record /home/gustav/P5-Kuka-Dual-Arm/build/moveit_configs_utils/install.log --single-version-externally-managed install_data
