[0.025s] Invoking command in '/home/gustav/P5-Kuka-Dual-Arm/build/tutorial_interfaces': CMAKE_PREFIX_PATH=/opt/ros/humble /usr/bin/cmake /home/gustav/P5-Kuka-Dual-Arm/p5_ws/src/tutorial_interfaces -DCMAKE_INSTALL_PREFIX=/home/gustav/P5-Kuka-Dual-Arm/install/tutorial_interfaces
[0.349s] -- Found ament_cmake: 1.3.10 (/opt/ros/humble/share/ament_cmake/cmake)
[0.349s] -- Found ament_lint_auto: 0.12.11 (/opt/ros/humble/share/ament_lint_auto/cmake)
[0.354s] -- Found geometry_msgs: 4.2.4 (/opt/ros/humble/share/geometry_msgs/cmake)
[0.389s] -- Found rosidl_generator_c: 3.1.5 (/opt/ros/humble/share/rosidl_generator_c/cmake)
[0.392s] -- Found rosidl_adapter: 3.1.5 (/opt/ros/humble/share/rosidl_adapter/cmake)
[0.406s] -- Found rosidl_generator_cpp: 3.1.5 (/opt/ros/humble/share/rosidl_generator_cpp/cmake)
[0.418s] -- Using all available rosidl_typesupport_c: rosidl_typesupport_fastrtps_c;rosidl_typesupport_introspection_c
[0.441s] -- Using all available rosidl_typesupport_cpp: rosidl_typesupport_fastrtps_cpp;rosidl_typesupport_introspection_cpp
[0.505s] -- Found rosidl_default_generators: 1.2.0 (/opt/ros/humble/share/rosidl_default_generators/cmake)
[0.799s] -- Found ament_cmake_ros: 0.10.0 (/opt/ros/humble/share/ament_cmake_ros/cmake)
[1.426s] -- Using all available rosidl_typesupport_c: rosidl_typesupport_fastrtps_c;rosidl_typesupport_introspection_c
[1.736s] -- Using all available rosidl_typesupport_cpp: rosidl_typesupport_fastrtps_cpp;rosidl_typesupport_introspection_cpp
[1.805s] -- Found python_cmake_module: 0.10.0 (/opt/ros/humble/share/python_cmake_module/cmake)
[1.848s] -- Using PYTHON_EXECUTABLE: /usr/bin/python3
[1.849s] -- Using PYTHON_INCLUDE_DIRS: /usr/include/python3.10
[1.849s] -- Using PYTHON_LIBRARIES: /usr/lib/x86_64-linux-gnu/libpython3.10.so
[1.940s] -- Added test 'lint_cmake' to check CMake code style
[1.941s] -- Added test 'xmllint' to check XML markup files
[1.958s] -- Configuring done
[2.038s] -- Generating done
[2.043s] -- Build files have been written to: /home/gustav/P5-Kuka-Dual-Arm/build/tutorial_interfaces
[2.057s] Invoked command in '/home/gustav/P5-Kuka-Dual-Arm/build/tutorial_interfaces' returned '0': CMAKE_PREFIX_PATH=/opt/ros/humble /usr/bin/cmake /home/gustav/P5-Kuka-Dual-Arm/p5_ws/src/tutorial_interfaces -DCMAKE_INSTALL_PREFIX=/home/gustav/P5-Kuka-Dual-Arm/install/tutorial_interfaces
[2.057s] Invoking command in '/home/gustav/P5-Kuka-Dual-Arm/build/tutorial_interfaces': CMAKE_PREFIX_PATH=/opt/ros/humble /usr/bin/cmake --build /home/gustav/P5-Kuka-Dual-Arm/build/tutorial_interfaces -- -j8 -l8
[2.118s] [35m[1mConsolidate compiler generated dependencies of target tutorial_interfaces__rosidl_generator_c[0m
[2.127s] [ 10%] Built target tutorial_interfaces__rosidl_generator_c
[2.130s] [ 12%] Built target tutorial_interfaces__cpp
[2.140s] [ 12%] Built target ament_cmake_python_copy_tutorial_interfaces
[2.149s] [35m[1mConsolidate compiler generated dependencies of target tutorial_interfaces__rosidl_typesupport_fastrtps_c[0m
[2.154s] [35m[1mConsolidate compiler generated dependencies of target tutorial_interfaces__rosidl_typesupport_c[0m
[2.170s] [35m[1mConsolidate compiler generated dependencies of target tutorial_interfaces__rosidl_typesupport_introspection_c[0m
[2.170s] [35m[1mConsolidate compiler generated dependencies of target tutorial_interfaces__rosidl_typesupport_introspection_cpp[0m
[2.170s] [35m[1mConsolidate compiler generated dependencies of target tutorial_interfaces__rosidl_typesupport_cpp[0m
[2.176s] [35m[1mConsolidate compiler generated dependencies of target tutorial_interfaces__rosidl_typesupport_fastrtps_cpp[0m
[2.180s] [ 23%] Built target tutorial_interfaces__rosidl_typesupport_c
[2.183s] [ 34%] Built target tutorial_interfaces__rosidl_typesupport_introspection_c
[2.187s] [ 44%] Built target tutorial_interfaces__rosidl_typesupport_fastrtps_c
[2.207s] [ 55%] Built target tutorial_interfaces__rosidl_typesupport_introspection_cpp
[2.207s] [ 65%] Built target tutorial_interfaces__rosidl_typesupport_cpp
[2.207s] [ 76%] Built target tutorial_interfaces__rosidl_typesupport_fastrtps_cpp
[2.230s] [ 76%] Built target tutorial_interfaces
[2.259s] [ 78%] Built target tutorial_interfaces__py
[2.281s] [35m[1mConsolidate compiler generated dependencies of target tutorial_interfaces__rosidl_generator_py[0m
[2.300s] [ 87%] Built target tutorial_interfaces__rosidl_generator_py
[2.318s] [35m[1mConsolidate compiler generated dependencies of target tutorial_interfaces__rosidl_typesupport_fastrtps_c__pyext[0m
[2.318s] [35m[1mConsolidate compiler generated dependencies of target tutorial_interfaces__rosidl_typesupport_c__pyext[0m
[2.322s] [35m[1mConsolidate compiler generated dependencies of target tutorial_interfaces__rosidl_typesupport_introspection_c__pyext[0m
[2.338s] [ 91%] Built target tutorial_interfaces__rosidl_typesupport_c__pyext
[2.342s] [ 95%] Built target tutorial_interfaces__rosidl_typesupport_fastrtps_c__pyext
[2.343s] [100%] Built target tutorial_interfaces__rosidl_typesupport_introspection_c__pyext
[2.561s] running egg_info
[2.561s] writing tutorial_interfaces.egg-info/PKG-INFO
[2.562s] writing dependency_links to tutorial_interfaces.egg-info/dependency_links.txt
[2.562s] writing top-level names to tutorial_interfaces.egg-info/top_level.txt
[2.564s] reading manifest file 'tutorial_interfaces.egg-info/SOURCES.txt'
[2.565s] writing manifest file 'tutorial_interfaces.egg-info/SOURCES.txt'
[2.593s] [100%] Built target ament_cmake_python_build_tutorial_interfaces_egg
[2.686s] Invoked command in '/home/gustav/P5-Kuka-Dual-Arm/build/tutorial_interfaces' returned '0': CMAKE_PREFIX_PATH=/opt/ros/humble /usr/bin/cmake --build /home/gustav/P5-Kuka-Dual-Arm/build/tutorial_interfaces -- -j8 -l8
[2.787s] Invoking command in '/home/gustav/P5-Kuka-Dual-Arm/build/tutorial_interfaces': CMAKE_PREFIX_PATH=/opt/ros/humble /usr/bin/cmake --install /home/gustav/P5-Kuka-Dual-Arm/build/tutorial_interfaces
[2.795s] -- Install configuration: "Release"
[2.795s] -- Up-to-date: /home/gustav/P5-Kuka-Dual-Arm/install/tutorial_interfaces/share/ament_index/resource_index/rosidl_interfaces/tutorial_interfaces
[2.795s] -- Up-to-date: /home/gustav/P5-Kuka-Dual-Arm/install/tutorial_interfaces/include/tutorial_interfaces/tutorial_interfaces
[2.795s] -- Up-to-date: /home/gustav/P5-Kuka-Dual-Arm/install/tutorial_interfaces/include/tutorial_interfaces/tutorial_interfaces/msg
[2.795s] -- Up-to-date: /home/gustav/P5-Kuka-Dual-Arm/install/tutorial_interfaces/include/tutorial_interfaces/tutorial_interfaces/msg/rosidl_generator_c__visibility_control.h
[2.795s] -- Up-to-date: /home/gustav/P5-Kuka-Dual-Arm/install/tutorial_interfaces/include/tutorial_interfaces/tutorial_interfaces/msg/num.h
[2.796s] -- Up-to-date: /home/gustav/P5-Kuka-Dual-Arm/install/tutorial_interfaces/include/tutorial_interfaces/tutorial_interfaces/msg/sphere.h
[2.796s] -- Up-to-date: /home/gustav/P5-Kuka-Dual-Arm/install/tutorial_interfaces/include/tutorial_interfaces/tutorial_interfaces/msg/detail
[2.798s] -- Up-to-date: /home/gustav/P5-Kuka-Dual-Arm/install/tutorial_interfaces/include/tutorial_interfaces/tutorial_interfaces/msg/detail/num__functions.c
[2.798s] -- Up-to-date: /home/gustav/P5-Kuka-Dual-Arm/install/tutorial_interfaces/include/tutorial_interfaces/tutorial_interfaces/msg/detail/num__functions.h
[2.799s] -- Up-to-date: /home/gustav/P5-Kuka-Dual-Arm/install/tutorial_interfaces/include/tutorial_interfaces/tutorial_interfaces/msg/detail/sphere__functions.c
[2.799s] -- Up-to-date: /home/gustav/P5-Kuka-Dual-Arm/install/tutorial_interfaces/include/tutorial_interfaces/tutorial_interfaces/msg/detail/sphere__functions.h
[2.799s] -- Up-to-date: /home/gustav/P5-Kuka-Dual-Arm/install/tutorial_interfaces/include/tutorial_interfaces/tutorial_interfaces/msg/detail/num__type_support.h
[2.799s] -- Up-to-date: /home/gustav/P5-Kuka-Dual-Arm/install/tutorial_interfaces/include/tutorial_interfaces/tutorial_interfaces/msg/detail/num__struct.h
[2.800s] -- Up-to-date: /home/gustav/P5-Kuka-Dual-Arm/install/tutorial_interfaces/include/tutorial_interfaces/tutorial_interfaces/msg/detail/sphere__type_support.h
[2.800s] -- Up-to-date: /home/gustav/P5-Kuka-Dual-Arm/install/tutorial_interfaces/include/tutorial_interfaces/tutorial_interfaces/msg/detail/sphere__struct.h
[2.800s] -- Up-to-date: /home/gustav/P5-Kuka-Dual-Arm/install/tutorial_interfaces/include/tutorial_interfaces/tutorial_interfaces/srv
[2.800s] -- Up-to-date: /home/gustav/P5-Kuka-Dual-Arm/install/tutorial_interfaces/include/tutorial_interfaces/tutorial_interfaces/srv/get_six_ints.h
[2.801s] -- Up-to-date: /home/gustav/P5-Kuka-Dual-Arm/install/tutorial_interfaces/include/tutorial_interfaces/tutorial_interfaces/srv/detail
[2.801s] -- Up-to-date: /home/gustav/P5-Kuka-Dual-Arm/install/tutorial_interfaces/include/tutorial_interfaces/tutorial_interfaces/srv/detail/get_six_ints__functions.h
[2.801s] -- Up-to-date: /home/gustav/P5-Kuka-Dual-Arm/install/tutorial_interfaces/include/tutorial_interfaces/tutorial_interfaces/srv/detail/get_six_ints__struct.h
[2.802s] -- Up-to-date: /home/gustav/P5-Kuka-Dual-Arm/install/tutorial_interfaces/include/tutorial_interfaces/tutorial_interfaces/srv/detail/get_six_ints__functions.c
[2.802s] -- Up-to-date: /home/gustav/P5-Kuka-Dual-Arm/install/tutorial_interfaces/include/tutorial_interfaces/tutorial_interfaces/srv/detail/get_six_ints__type_support.h
[2.802s] -- Up-to-date: /home/gustav/P5-Kuka-Dual-Arm/install/tutorial_interfaces/share/tutorial_interfaces/environment/library_path.sh
[2.802s] -- Installing: /home/gustav/P5-Kuka-Dual-Arm/install/tutorial_interfaces/share/tutorial_interfaces/environment/library_path.dsv
[2.802s] -- Up-to-date: /home/gustav/P5-Kuka-Dual-Arm/install/tutorial_interfaces/lib/libtutorial_interfaces__rosidl_generator_c.so
[2.802s] -- Up-to-date: /home/gustav/P5-Kuka-Dual-Arm/install/tutorial_interfaces/include/tutorial_interfaces/tutorial_interfaces
[2.803s] -- Up-to-date: /home/gustav/P5-Kuka-Dual-Arm/install/tutorial_interfaces/include/tutorial_interfaces/tutorial_interfaces/msg
[2.803s] -- Up-to-date: /home/gustav/P5-Kuka-Dual-Arm/install/tutorial_interfaces/include/tutorial_interfaces/tutorial_interfaces/msg/rosidl_typesupport_fastrtps_c__visibility_control.h
[2.803s] -- Up-to-date: /home/gustav/P5-Kuka-Dual-Arm/install/tutorial_interfaces/include/tutorial_interfaces/tutorial_interfaces/msg/detail
[2.803s] -- Up-to-date: /home/gustav/P5-Kuka-Dual-Arm/install/tutorial_interfaces/include/tutorial_interfaces/tutorial_interfaces/msg/detail/sphere__rosidl_typesupport_fastrtps_c.h
[2.803s] -- Up-to-date: /home/gustav/P5-Kuka-Dual-Arm/install/tutorial_interfaces/include/tutorial_interfaces/tutorial_interfaces/msg/detail/num__rosidl_typesupport_fastrtps_c.h
[2.803s] -- Up-to-date: /home/gustav/P5-Kuka-Dual-Arm/install/tutorial_interfaces/include/tutorial_interfaces/tutorial_interfaces/srv
[2.804s] -- Up-to-date: /home/gustav/P5-Kuka-Dual-Arm/install/tutorial_interfaces/include/tutorial_interfaces/tutorial_interfaces/srv/detail
[2.804s] -- Up-to-date: /home/gustav/P5-Kuka-Dual-Arm/install/tutorial_interfaces/include/tutorial_interfaces/tutorial_interfaces/srv/detail/get_six_ints__rosidl_typesupport_fastrtps_c.h
[2.804s] -- Up-to-date: /home/gustav/P5-Kuka-Dual-Arm/install/tutorial_interfaces/lib/libtutorial_interfaces__rosidl_typesupport_fastrtps_c.so
[2.804s] -- Up-to-date: /home/gustav/P5-Kuka-Dual-Arm/install/tutorial_interfaces/include/tutorial_interfaces/tutorial_interfaces
[2.804s] -- Up-to-date: /home/gustav/P5-Kuka-Dual-Arm/install/tutorial_interfaces/include/tutorial_interfaces/tutorial_interfaces/msg
[2.804s] -- Up-to-date: /home/gustav/P5-Kuka-Dual-Arm/install/tutorial_interfaces/include/tutorial_interfaces/tutorial_interfaces/msg/num.hpp
[2.804s] -- Up-to-date: /home/gustav/P5-Kuka-Dual-Arm/install/tutorial_interfaces/include/tutorial_interfaces/tutorial_interfaces/msg/detail
[2.805s] -- Up-to-date: /home/gustav/P5-Kuka-Dual-Arm/install/tutorial_interfaces/include/tutorial_interfaces/tutorial_interfaces/msg/detail/num__builder.hpp
[2.805s] -- Up-to-date: /home/gustav/P5-Kuka-Dual-Arm/install/tutorial_interfaces/include/tutorial_interfaces/tutorial_interfaces/msg/detail/sphere__traits.hpp
[2.805s] -- Up-to-date: /home/gustav/P5-Kuka-Dual-Arm/install/tutorial_interfaces/include/tutorial_interfaces/tutorial_interfaces/msg/detail/sphere__struct.hpp
[2.805s] -- Up-to-date: /home/gustav/P5-Kuka-Dual-Arm/install/tutorial_interfaces/include/tutorial_interfaces/tutorial_interfaces/msg/detail/sphere__builder.hpp
[2.805s] -- Up-to-date: /home/gustav/P5-Kuka-Dual-Arm/install/tutorial_interfaces/include/tutorial_interfaces/tutorial_interfaces/msg/detail/num__struct.hpp
[2.805s] -- Up-to-date: /home/gustav/P5-Kuka-Dual-Arm/install/tutorial_interfaces/include/tutorial_interfaces/tutorial_interfaces/msg/detail/num__traits.hpp
[2.805s] -- Up-to-date: /home/gustav/P5-Kuka-Dual-Arm/install/tutorial_interfaces/include/tutorial_interfaces/tutorial_interfaces/msg/sphere.hpp
[2.805s] -- Up-to-date: /home/gustav/P5-Kuka-Dual-Arm/install/tutorial_interfaces/include/tutorial_interfaces/tutorial_interfaces/srv
[2.805s] -- Up-to-date: /home/gustav/P5-Kuka-Dual-Arm/install/tutorial_interfaces/include/tutorial_interfaces/tutorial_interfaces/srv/get_six_ints.hpp
[2.805s] -- Up-to-date: /home/gustav/P5-Kuka-Dual-Arm/install/tutorial_interfaces/include/tutorial_interfaces/tutorial_interfaces/srv/detail
[2.806s] -- Up-to-date: /home/gustav/P5-Kuka-Dual-Arm/install/tutorial_interfaces/include/tutorial_interfaces/tutorial_interfaces/srv/detail/get_six_ints__traits.hpp
[2.806s] -- Up-to-date: /home/gustav/P5-Kuka-Dual-Arm/install/tutorial_interfaces/include/tutorial_interfaces/tutorial_interfaces/srv/detail/get_six_ints__struct.hpp
[2.806s] -- Up-to-date: /home/gustav/P5-Kuka-Dual-Arm/install/tutorial_interfaces/include/tutorial_interfaces/tutorial_interfaces/srv/detail/get_six_ints__builder.hpp
[2.806s] -- Up-to-date: /home/gustav/P5-Kuka-Dual-Arm/install/tutorial_interfaces/include/tutorial_interfaces/tutorial_interfaces
[2.806s] -- Up-to-date: /home/gustav/P5-Kuka-Dual-Arm/install/tutorial_interfaces/include/tutorial_interfaces/tutorial_interfaces/msg
[2.806s] -- Up-to-date: /home/gustav/P5-Kuka-Dual-Arm/install/tutorial_interfaces/include/tutorial_interfaces/tutorial_interfaces/msg/detail
[2.806s] -- Up-to-date: /home/gustav/P5-Kuka-Dual-Arm/install/tutorial_interfaces/include/tutorial_interfaces/tutorial_interfaces/msg/detail/num__rosidl_typesupport_fastrtps_cpp.hpp
[2.806s] -- Up-to-date: /home/gustav/P5-Kuka-Dual-Arm/install/tutorial_interfaces/include/tutorial_interfaces/tutorial_interfaces/msg/detail/sphere__rosidl_typesupport_fastrtps_cpp.hpp
[2.807s] -- Up-to-date: /home/gustav/P5-Kuka-Dual-Arm/install/tutorial_interfaces/include/tutorial_interfaces/tutorial_interfaces/msg/detail/dds_fastrtps
[2.807s] -- Up-to-date: /home/gustav/P5-Kuka-Dual-Arm/install/tutorial_interfaces/include/tutorial_interfaces/tutorial_interfaces/msg/rosidl_typesupport_fastrtps_cpp__visibility_control.h
[2.807s] -- Up-to-date: /home/gustav/P5-Kuka-Dual-Arm/install/tutorial_interfaces/include/tutorial_interfaces/tutorial_interfaces/srv
[2.807s] -- Up-to-date: /home/gustav/P5-Kuka-Dual-Arm/install/tutorial_interfaces/include/tutorial_interfaces/tutorial_interfaces/srv/detail
[2.807s] -- Up-to-date: /home/gustav/P5-Kuka-Dual-Arm/install/tutorial_interfaces/include/tutorial_interfaces/tutorial_interfaces/srv/detail/get_six_ints__rosidl_typesupport_fastrtps_cpp.hpp
[2.807s] -- Up-to-date: /home/gustav/P5-Kuka-Dual-Arm/install/tutorial_interfaces/include/tutorial_interfaces/tutorial_interfaces/srv/detail/dds_fastrtps
[2.807s] -- Up-to-date: /home/gustav/P5-Kuka-Dual-Arm/install/tutorial_interfaces/lib/libtutorial_interfaces__rosidl_typesupport_fastrtps_cpp.so
[2.807s] -- Up-to-date: /home/gustav/P5-Kuka-Dual-Arm/install/tutorial_interfaces/include/tutorial_interfaces/tutorial_interfaces
[2.807s] -- Up-to-date: /home/gustav/P5-Kuka-Dual-Arm/install/tutorial_interfaces/include/tutorial_interfaces/tutorial_interfaces/msg
[2.808s] -- Up-to-date: /home/gustav/P5-Kuka-Dual-Arm/install/tutorial_interfaces/include/tutorial_interfaces/tutorial_interfaces/msg/rosidl_typesupport_introspection_c__visibility_control.h
[2.808s] -- Up-to-date: /home/gustav/P5-Kuka-Dual-Arm/install/tutorial_interfaces/include/tutorial_interfaces/tutorial_interfaces/msg/detail
[2.808s] -- Up-to-date: /home/gustav/P5-Kuka-Dual-Arm/install/tutorial_interfaces/include/tutorial_interfaces/tutorial_interfaces/msg/detail/num__rosidl_typesupport_introspection_c.h
[2.808s] -- Up-to-date: /home/gustav/P5-Kuka-Dual-Arm/install/tutorial_interfaces/include/tutorial_interfaces/tutorial_interfaces/msg/detail/num__type_support.c
[2.808s] -- Up-to-date: /home/gustav/P5-Kuka-Dual-Arm/install/tutorial_interfaces/include/tutorial_interfaces/tutorial_interfaces/msg/detail/sphere__type_support.c
[2.808s] -- Up-to-date: /home/gustav/P5-Kuka-Dual-Arm/install/tutorial_interfaces/include/tutorial_interfaces/tutorial_interfaces/msg/detail/sphere__rosidl_typesupport_introspection_c.h
[2.808s] -- Up-to-date: /home/gustav/P5-Kuka-Dual-Arm/install/tutorial_interfaces/include/tutorial_interfaces/tutorial_interfaces/srv
[2.808s] -- Up-to-date: /home/gustav/P5-Kuka-Dual-Arm/install/tutorial_interfaces/include/tutorial_interfaces/tutorial_interfaces/srv/detail
[2.809s] -- Up-to-date: /home/gustav/P5-Kuka-Dual-Arm/install/tutorial_interfaces/include/tutorial_interfaces/tutorial_interfaces/srv/detail/get_six_ints__type_support.c
[2.809s] -- Up-to-date: /home/gustav/P5-Kuka-Dual-Arm/install/tutorial_interfaces/include/tutorial_interfaces/tutorial_interfaces/srv/detail/get_six_ints__rosidl_typesupport_introspection_c.h
[2.809s] -- Up-to-date: /home/gustav/P5-Kuka-Dual-Arm/install/tutorial_interfaces/lib/libtutorial_interfaces__rosidl_typesupport_introspection_c.so
[2.809s] -- Up-to-date: /home/gustav/P5-Kuka-Dual-Arm/install/tutorial_interfaces/lib/libtutorial_interfaces__rosidl_typesupport_c.so
[2.809s] -- Up-to-date: /home/gustav/P5-Kuka-Dual-Arm/install/tutorial_interfaces/include/tutorial_interfaces/tutorial_interfaces
[2.809s] -- Up-to-date: /home/gustav/P5-Kuka-Dual-Arm/install/tutorial_interfaces/include/tutorial_interfaces/tutorial_interfaces/msg
[2.809s] -- Up-to-date: /home/gustav/P5-Kuka-Dual-Arm/install/tutorial_interfaces/include/tutorial_interfaces/tutorial_interfaces/msg/detail
[2.809s] -- Up-to-date: /home/gustav/P5-Kuka-Dual-Arm/install/tutorial_interfaces/include/tutorial_interfaces/tutorial_interfaces/msg/detail/sphere__type_support.cpp
[2.809s] -- Up-to-date: /home/gustav/P5-Kuka-Dual-Arm/install/tutorial_interfaces/include/tutorial_interfaces/tutorial_interfaces/msg/detail/num__rosidl_typesupport_introspection_cpp.hpp
[2.810s] -- Up-to-date: /home/gustav/P5-Kuka-Dual-Arm/install/tutorial_interfaces/include/tutorial_interfaces/tutorial_interfaces/msg/detail/sphere__rosidl_typesupport_introspection_cpp.hpp
[2.811s] -- Up-to-date: /home/gustav/P5-Kuka-Dual-Arm/install/tutorial_interfaces/include/tutorial_interfaces/tutorial_interfaces/msg/detail/num__type_support.cpp
[2.811s] -- Up-to-date: /home/gustav/P5-Kuka-Dual-Arm/install/tutorial_interfaces/include/tutorial_interfaces/tutorial_interfaces/srv
[2.811s] -- Up-to-date: /home/gustav/P5-Kuka-Dual-Arm/install/tutorial_interfaces/include/tutorial_interfaces/tutorial_interfaces/srv/detail
[2.811s] -- Up-to-date: /home/gustav/P5-Kuka-Dual-Arm/install/tutorial_interfaces/include/tutorial_interfaces/tutorial_interfaces/srv/detail/get_six_ints__rosidl_typesupport_introspection_cpp.hpp
[2.811s] -- Up-to-date: /home/gustav/P5-Kuka-Dual-Arm/install/tutorial_interfaces/include/tutorial_interfaces/tutorial_interfaces/srv/detail/get_six_ints__type_support.cpp
[2.811s] -- Up-to-date: /home/gustav/P5-Kuka-Dual-Arm/install/tutorial_interfaces/lib/libtutorial_interfaces__rosidl_typesupport_introspection_cpp.so
[2.811s] -- Up-to-date: /home/gustav/P5-Kuka-Dual-Arm/install/tutorial_interfaces/lib/libtutorial_interfaces__rosidl_typesupport_cpp.so
[2.812s] -- Up-to-date: /home/gustav/P5-Kuka-Dual-Arm/install/tutorial_interfaces/share/tutorial_interfaces/environment/pythonpath.sh
[2.812s] -- Installing: /home/gustav/P5-Kuka-Dual-Arm/install/tutorial_interfaces/share/tutorial_interfaces/environment/pythonpath.dsv
[2.812s] -- Up-to-date: /home/gustav/P5-Kuka-Dual-Arm/install/tutorial_interfaces/local/lib/python3.10/dist-packages/tutorial_interfaces-0.0.0-py3.10.egg-info
[2.812s] -- Installing: /home/gustav/P5-Kuka-Dual-Arm/install/tutorial_interfaces/local/lib/python3.10/dist-packages/tutorial_interfaces-0.0.0-py3.10.egg-info/dependency_links.txt
[2.812s] -- Installing: /home/gustav/P5-Kuka-Dual-Arm/install/tutorial_interfaces/local/lib/python3.10/dist-packages/tutorial_interfaces-0.0.0-py3.10.egg-info/PKG-INFO
[2.812s] -- Installing: /home/gustav/P5-Kuka-Dual-Arm/install/tutorial_interfaces/local/lib/python3.10/dist-packages/tutorial_interfaces-0.0.0-py3.10.egg-info/SOURCES.txt
[2.812s] -- Installing: /home/gustav/P5-Kuka-Dual-Arm/install/tutorial_interfaces/local/lib/python3.10/dist-packages/tutorial_interfaces-0.0.0-py3.10.egg-info/top_level.txt
[2.812s] -- Up-to-date: /home/gustav/P5-Kuka-Dual-Arm/install/tutorial_interfaces/local/lib/python3.10/dist-packages/tutorial_interfaces
[2.813s] -- Up-to-date: /home/gustav/P5-Kuka-Dual-Arm/install/tutorial_interfaces/local/lib/python3.10/dist-packages/tutorial_interfaces/libtutorial_interfaces__rosidl_generator_py.so
[2.813s] -- Up-to-date: /home/gustav/P5-Kuka-Dual-Arm/install/tutorial_interfaces/local/lib/python3.10/dist-packages/tutorial_interfaces/_tutorial_interfaces_s.ep.rosidl_typesupport_c.c
[2.813s] -- Up-to-date: /home/gustav/P5-Kuka-Dual-Arm/install/tutorial_interfaces/local/lib/python3.10/dist-packages/tutorial_interfaces/tutorial_interfaces_s__rosidl_typesupport_fastrtps_c.cpython-310-x86_64-linux-gnu.so
[2.813s] -- Up-to-date: /home/gustav/P5-Kuka-Dual-Arm/install/tutorial_interfaces/local/lib/python3.10/dist-packages/tutorial_interfaces/tutorial_interfaces_s__rosidl_typesupport_c.cpython-310-x86_64-linux-gnu.so
[2.813s] -- Up-to-date: /home/gustav/P5-Kuka-Dual-Arm/install/tutorial_interfaces/local/lib/python3.10/dist-packages/tutorial_interfaces/msg
[2.813s] -- Up-to-date: /home/gustav/P5-Kuka-Dual-Arm/install/tutorial_interfaces/local/lib/python3.10/dist-packages/tutorial_interfaces/msg/_sphere.py
[2.813s] -- Up-to-date: /home/gustav/P5-Kuka-Dual-Arm/install/tutorial_interfaces/local/lib/python3.10/dist-packages/tutorial_interfaces/msg/_sphere_s.c
[2.813s] -- Up-to-date: /home/gustav/P5-Kuka-Dual-Arm/install/tutorial_interfaces/local/lib/python3.10/dist-packages/tutorial_interfaces/msg/__init__.py
[2.813s] -- Up-to-date: /home/gustav/P5-Kuka-Dual-Arm/install/tutorial_interfaces/local/lib/python3.10/dist-packages/tutorial_interfaces/msg/_num.py
[2.814s] -- Up-to-date: /home/gustav/P5-Kuka-Dual-Arm/install/tutorial_interfaces/local/lib/python3.10/dist-packages/tutorial_interfaces/msg/_num_s.c
[2.814s] -- Up-to-date: /home/gustav/P5-Kuka-Dual-Arm/install/tutorial_interfaces/local/lib/python3.10/dist-packages/tutorial_interfaces/_tutorial_interfaces_s.ep.rosidl_typesupport_introspection_c.c
[2.814s] -- Installing: /home/gustav/P5-Kuka-Dual-Arm/install/tutorial_interfaces/local/lib/python3.10/dist-packages/tutorial_interfaces/__init__.py
[2.814s] -- Up-to-date: /home/gustav/P5-Kuka-Dual-Arm/install/tutorial_interfaces/local/lib/python3.10/dist-packages/tutorial_interfaces/srv
[2.814s] -- Up-to-date: /home/gustav/P5-Kuka-Dual-Arm/install/tutorial_interfaces/local/lib/python3.10/dist-packages/tutorial_interfaces/srv/_get_six_ints_s.c
[2.815s] -- Up-to-date: /home/gustav/P5-Kuka-Dual-Arm/install/tutorial_interfaces/local/lib/python3.10/dist-packages/tutorial_interfaces/srv/__init__.py
[2.815s] -- Up-to-date: /home/gustav/P5-Kuka-Dual-Arm/install/tutorial_interfaces/local/lib/python3.10/dist-packages/tutorial_interfaces/srv/_get_six_ints.py
[2.815s] -- Up-to-date: /home/gustav/P5-Kuka-Dual-Arm/install/tutorial_interfaces/local/lib/python3.10/dist-packages/tutorial_interfaces/_tutorial_interfaces_s.ep.rosidl_typesupport_fastrtps_c.c
[2.815s] -- Up-to-date: /home/gustav/P5-Kuka-Dual-Arm/install/tutorial_interfaces/local/lib/python3.10/dist-packages/tutorial_interfaces/tutorial_interfaces_s__rosidl_typesupport_introspection_c.cpython-310-x86_64-linux-gnu.so
[2.841s] Listing '/home/gustav/P5-Kuka-Dual-Arm/install/tutorial_interfaces/local/lib/python3.10/dist-packages/tutorial_interfaces'...
[2.841s] Compiling '/home/gustav/P5-Kuka-Dual-Arm/install/tutorial_interfaces/local/lib/python3.10/dist-packages/tutorial_interfaces/__init__.py'...
[2.841s] Listing '/home/gustav/P5-Kuka-Dual-Arm/install/tutorial_interfaces/local/lib/python3.10/dist-packages/tutorial_interfaces/msg'...
[2.841s] Listing '/home/gustav/P5-Kuka-Dual-Arm/install/tutorial_interfaces/local/lib/python3.10/dist-packages/tutorial_interfaces/srv'...
[2.848s] -- Up-to-date: /home/gustav/P5-Kuka-Dual-Arm/install/tutorial_interfaces/local/lib/python3.10/dist-packages/tutorial_interfaces/tutorial_interfaces_s__rosidl_typesupport_fastrtps_c.cpython-310-x86_64-linux-gnu.so
[2.849s] -- Up-to-date: /home/gustav/P5-Kuka-Dual-Arm/install/tutorial_interfaces/local/lib/python3.10/dist-packages/tutorial_interfaces/tutorial_interfaces_s__rosidl_typesupport_introspection_c.cpython-310-x86_64-linux-gnu.so
[2.849s] -- Up-to-date: /home/gustav/P5-Kuka-Dual-Arm/install/tutorial_interfaces/local/lib/python3.10/dist-packages/tutorial_interfaces/tutorial_interfaces_s__rosidl_typesupport_c.cpython-310-x86_64-linux-gnu.so
[2.849s] -- Up-to-date: /home/gustav/P5-Kuka-Dual-Arm/install/tutorial_interfaces/lib/libtutorial_interfaces__rosidl_generator_py.so
[2.850s] -- Up-to-date: /home/gustav/P5-Kuka-Dual-Arm/install/tutorial_interfaces/share/tutorial_interfaces/msg/Num.idl
[2.850s] -- Up-to-date: /home/gustav/P5-Kuka-Dual-Arm/install/tutorial_interfaces/share/tutorial_interfaces/msg/Sphere.idl
[2.850s] -- Up-to-date: /home/gustav/P5-Kuka-Dual-Arm/install/tutorial_interfaces/share/tutorial_interfaces/srv/GetSixInts.idl
[2.850s] -- Up-to-date: /home/gustav/P5-Kuka-Dual-Arm/install/tutorial_interfaces/share/tutorial_interfaces/msg/Num.msg
[2.850s] -- Up-to-date: /home/gustav/P5-Kuka-Dual-Arm/install/tutorial_interfaces/share/tutorial_interfaces/msg/Sphere.msg
[2.850s] -- Up-to-date: /home/gustav/P5-Kuka-Dual-Arm/install/tutorial_interfaces/share/tutorial_interfaces/srv/GetSixInts.srv
[2.851s] -- Up-to-date: /home/gustav/P5-Kuka-Dual-Arm/install/tutorial_interfaces/share/tutorial_interfaces/srv/GetSixInts_Request.msg
[2.851s] -- Up-to-date: /home/gustav/P5-Kuka-Dual-Arm/install/tutorial_interfaces/share/tutorial_interfaces/srv/GetSixInts_Response.msg
[2.851s] -- Up-to-date: /home/gustav/P5-Kuka-Dual-Arm/install/tutorial_interfaces/share/ament_index/resource_index/package_run_dependencies/tutorial_interfaces
[2.851s] -- Installing: /home/gustav/P5-Kuka-Dual-Arm/install/tutorial_interfaces/share/ament_index/resource_index/parent_prefix_path/tutorial_interfaces
[2.851s] -- Up-to-date: /home/gustav/P5-Kuka-Dual-Arm/install/tutorial_interfaces/share/tutorial_interfaces/environment/ament_prefix_path.sh
[2.851s] -- Installing: /home/gustav/P5-Kuka-Dual-Arm/install/tutorial_interfaces/share/tutorial_interfaces/environment/ament_prefix_path.dsv
[2.851s] -- Up-to-date: /home/gustav/P5-Kuka-Dual-Arm/install/tutorial_interfaces/share/tutorial_interfaces/environment/path.sh
[2.852s] -- Installing: /home/gustav/P5-Kuka-Dual-Arm/install/tutorial_interfaces/share/tutorial_interfaces/environment/path.dsv
[2.852s] -- Up-to-date: /home/gustav/P5-Kuka-Dual-Arm/install/tutorial_interfaces/share/tutorial_interfaces/local_setup.bash
[2.852s] -- Up-to-date: /home/gustav/P5-Kuka-Dual-Arm/install/tutorial_interfaces/share/tutorial_interfaces/local_setup.sh
[2.852s] -- Up-to-date: /home/gustav/P5-Kuka-Dual-Arm/install/tutorial_interfaces/share/tutorial_interfaces/local_setup.zsh
[2.853s] -- Installing: /home/gustav/P5-Kuka-Dual-Arm/install/tutorial_interfaces/share/tutorial_interfaces/local_setup.dsv
[2.853s] -- Installing: /home/gustav/P5-Kuka-Dual-Arm/install/tutorial_interfaces/share/tutorial_interfaces/package.dsv
[2.853s] -- Up-to-date: /home/gustav/P5-Kuka-Dual-Arm/install/tutorial_interfaces/share/ament_index/resource_index/packages/tutorial_interfaces
[2.853s] -- Up-to-date: /home/gustav/P5-Kuka-Dual-Arm/install/tutorial_interfaces/share/tutorial_interfaces/cmake/export_tutorial_interfaces__rosidl_generator_cExport.cmake
[2.853s] -- Up-to-date: /home/gustav/P5-Kuka-Dual-Arm/install/tutorial_interfaces/share/tutorial_interfaces/cmake/export_tutorial_interfaces__rosidl_generator_cExport-release.cmake
[2.853s] -- Up-to-date: /home/gustav/P5-Kuka-Dual-Arm/install/tutorial_interfaces/share/tutorial_interfaces/cmake/export_tutorial_interfaces__rosidl_typesupport_fastrtps_cExport.cmake
[2.854s] -- Up-to-date: /home/gustav/P5-Kuka-Dual-Arm/install/tutorial_interfaces/share/tutorial_interfaces/cmake/export_tutorial_interfaces__rosidl_typesupport_fastrtps_cExport-release.cmake
[2.854s] -- Up-to-date: /home/gustav/P5-Kuka-Dual-Arm/install/tutorial_interfaces/share/tutorial_interfaces/cmake/export_tutorial_interfaces__rosidl_generator_cppExport.cmake
[2.854s] -- Up-to-date: /home/gustav/P5-Kuka-Dual-Arm/install/tutorial_interfaces/share/tutorial_interfaces/cmake/export_tutorial_interfaces__rosidl_typesupport_fastrtps_cppExport.cmake
[2.854s] -- Up-to-date: /home/gustav/P5-Kuka-Dual-Arm/install/tutorial_interfaces/share/tutorial_interfaces/cmake/export_tutorial_interfaces__rosidl_typesupport_fastrtps_cppExport-release.cmake
[2.854s] -- Up-to-date: /home/gustav/P5-Kuka-Dual-Arm/install/tutorial_interfaces/share/tutorial_interfaces/cmake/tutorial_interfaces__rosidl_typesupport_introspection_cExport.cmake
[2.854s] -- Up-to-date: /home/gustav/P5-Kuka-Dual-Arm/install/tutorial_interfaces/share/tutorial_interfaces/cmake/tutorial_interfaces__rosidl_typesupport_introspection_cExport-release.cmake
[2.855s] -- Up-to-date: /home/gustav/P5-Kuka-Dual-Arm/install/tutorial_interfaces/share/tutorial_interfaces/cmake/tutorial_interfaces__rosidl_typesupport_cExport.cmake
[2.855s] -- Up-to-date: /home/gustav/P5-Kuka-Dual-Arm/install/tutorial_interfaces/share/tutorial_interfaces/cmake/tutorial_interfaces__rosidl_typesupport_cExport-release.cmake
[2.855s] -- Up-to-date: /home/gustav/P5-Kuka-Dual-Arm/install/tutorial_interfaces/share/tutorial_interfaces/cmake/tutorial_interfaces__rosidl_typesupport_introspection_cppExport.cmake
[2.855s] -- Up-to-date: /home/gustav/P5-Kuka-Dual-Arm/install/tutorial_interfaces/share/tutorial_interfaces/cmake/tutorial_interfaces__rosidl_typesupport_introspection_cppExport-release.cmake
[2.855s] -- Up-to-date: /home/gustav/P5-Kuka-Dual-Arm/install/tutorial_interfaces/share/tutorial_interfaces/cmake/tutorial_interfaces__rosidl_typesupport_cppExport.cmake
[2.855s] -- Up-to-date: /home/gustav/P5-Kuka-Dual-Arm/install/tutorial_interfaces/share/tutorial_interfaces/cmake/tutorial_interfaces__rosidl_typesupport_cppExport-release.cmake
[2.855s] -- Up-to-date: /home/gustav/P5-Kuka-Dual-Arm/install/tutorial_interfaces/share/tutorial_interfaces/cmake/export_tutorial_interfaces__rosidl_generator_pyExport.cmake
[2.855s] -- Up-to-date: /home/gustav/P5-Kuka-Dual-Arm/install/tutorial_interfaces/share/tutorial_interfaces/cmake/export_tutorial_interfaces__rosidl_generator_pyExport-release.cmake
[2.855s] -- Up-to-date: /home/gustav/P5-Kuka-Dual-Arm/install/tutorial_interfaces/share/tutorial_interfaces/cmake/rosidl_cmake-extras.cmake
[2.856s] -- Up-to-date: /home/gustav/P5-Kuka-Dual-Arm/install/tutorial_interfaces/share/tutorial_interfaces/cmake/ament_cmake_export_dependencies-extras.cmake
[2.856s] -- Up-to-date: /home/gustav/P5-Kuka-Dual-Arm/install/tutorial_interfaces/share/tutorial_interfaces/cmake/ament_cmake_export_include_directories-extras.cmake
[2.856s] -- Up-to-date: /home/gustav/P5-Kuka-Dual-Arm/install/tutorial_interfaces/share/tutorial_interfaces/cmake/ament_cmake_export_libraries-extras.cmake
[2.856s] -- Up-to-date: /home/gustav/P5-Kuka-Dual-Arm/install/tutorial_interfaces/share/tutorial_interfaces/cmake/ament_cmake_export_targets-extras.cmake
[2.856s] -- Up-to-date: /home/gustav/P5-Kuka-Dual-Arm/install/tutorial_interfaces/share/tutorial_interfaces/cmake/rosidl_cmake_export_typesupport_targets-extras.cmake
[2.856s] -- Up-to-date: /home/gustav/P5-Kuka-Dual-Arm/install/tutorial_interfaces/share/tutorial_interfaces/cmake/rosidl_cmake_export_typesupport_libraries-extras.cmake
[2.856s] -- Up-to-date: /home/gustav/P5-Kuka-Dual-Arm/install/tutorial_interfaces/share/tutorial_interfaces/cmake/tutorial_interfacesConfig.cmake
[2.856s] -- Up-to-date: /home/gustav/P5-Kuka-Dual-Arm/install/tutorial_interfaces/share/tutorial_interfaces/cmake/tutorial_interfacesConfig-version.cmake
[2.856s] -- Up-to-date: /home/gustav/P5-Kuka-Dual-Arm/install/tutorial_interfaces/share/tutorial_interfaces/package.xml
[2.861s] Invoked command in '/home/gustav/P5-Kuka-Dual-Arm/build/tutorial_interfaces' returned '0': CMAKE_PREFIX_PATH=/opt/ros/humble /usr/bin/cmake --install /home/gustav/P5-Kuka-Dual-Arm/build/tutorial_interfaces
