[0.241s] Invoking command in '/home/gustav/P5-Kuka-Dual-Arm/build/parameter_traits': CMAKE_PREFIX_PATH=/opt/ros/humble /usr/bin/cmake /home/gustav/P5-Kuka-Dual-Arm/p5_ws/src/generate_parameter_library/parameter_traits -DCMAKE_INSTALL_PREFIX=/home/gustav/P5-Kuka-Dual-Arm/install/parameter_traits
[0.258s] -- Found ament_cmake: 1.3.10 (/opt/ros/humble/share/ament_cmake/cmake)
[0.446s] -- Found rclcpp: 16.0.10 (/opt/ros/humble/share/rclcpp/cmake)
[0.494s] -- Found rosidl_generator_c: 3.1.5 (/opt/ros/humble/share/rosidl_generator_c/cmake)
[0.497s] -- Found rosidl_adapter: 3.1.5 (/opt/ros/humble/share/rosidl_adapter/cmake)
[0.508s] -- Found rosidl_generator_cpp: 3.1.5 (/opt/ros/humble/share/rosidl_generator_cpp/cmake)
[0.528s] -- Using all available rosidl_typesupport_c: rosidl_typesupport_fastrtps_c;rosidl_typesupport_introspection_c
[0.544s] -- Using all available rosidl_typesupport_cpp: rosidl_typesupport_fastrtps_cpp;rosidl_typesupport_introspection_cpp
[0.577s] -- Found rmw_implementation_cmake: 6.1.2 (/opt/ros/humble/share/rmw_implementation_cmake/cmake)
[0.578s] -- Found rmw_fastrtps_cpp: 6.2.7 (/opt/ros/humble/share/rmw_fastrtps_cpp/cmake)
[0.679s] -- Using RMW implementation 'rmw_fastrtps_cpp' as default
[0.789s] -- Found tcb_span: 1.0.2 (/opt/ros/humble/share/tcb_span/cmake)
[0.789s] -- Found tl_expected: 1.0.2 (/opt/ros/humble/share/tl_expected/cmake)
[0.793s] -- Found ament_lint_auto: 0.12.11 (/opt/ros/humble/share/ament_lint_auto/cmake)
[0.863s] -- Added test 'copyright' to check source files copyright and LICENSE
[0.865s] -- Added test 'cppcheck' to perform static code analysis on C / C++ code
[0.865s] -- Configured cppcheck include dirs: $<BUILD_INTERFACE:/home/gustav/P5-Kuka-Dual-Arm/p5_ws/src/generate_parameter_library/parameter_traits/include>
[0.865s] -- Configured cppcheck exclude dirs and/or files: 
[0.865s] -- Added test 'lint_cmake' to check CMake code style
[0.866s] -- Added test 'xmllint' to check XML markup files
[0.870s] -- Configuring done
[0.878s] -- Generating done
[0.879s] -- Build files have been written to: /home/gustav/P5-Kuka-Dual-Arm/build/parameter_traits
[0.909s] Invoked command in '/home/gustav/P5-Kuka-Dual-Arm/build/parameter_traits' returned '0': CMAKE_PREFIX_PATH=/opt/ros/humble /usr/bin/cmake /home/gustav/P5-Kuka-Dual-Arm/p5_ws/src/generate_parameter_library/parameter_traits -DCMAKE_INSTALL_PREFIX=/home/gustav/P5-Kuka-Dual-Arm/install/parameter_traits
[0.911s] Invoking command in '/home/gustav/P5-Kuka-Dual-Arm/build/parameter_traits': CMAKE_PREFIX_PATH=/opt/ros/humble /usr/bin/cmake --build /home/gustav/P5-Kuka-Dual-Arm/build/parameter_traits -- -j8 -l8
[0.965s] Invoked command in '/home/gustav/P5-Kuka-Dual-Arm/build/parameter_traits' returned '0': CMAKE_PREFIX_PATH=/opt/ros/humble /usr/bin/cmake --build /home/gustav/P5-Kuka-Dual-Arm/build/parameter_traits -- -j8 -l8
[0.999s] Invoking command in '/home/gustav/P5-Kuka-Dual-Arm/build/parameter_traits': CMAKE_PREFIX_PATH=/opt/ros/humble /usr/bin/cmake --install /home/gustav/P5-Kuka-Dual-Arm/build/parameter_traits
[1.006s] -- Install configuration: "Release"
[1.007s] -- Up-to-date: /home/gustav/P5-Kuka-Dual-Arm/install/parameter_traits/include/parameter_traits
[1.007s] -- Up-to-date: /home/gustav/P5-Kuka-Dual-Arm/install/parameter_traits/include/parameter_traits/parameter_traits
[1.007s] -- Up-to-date: /home/gustav/P5-Kuka-Dual-Arm/install/parameter_traits/include/parameter_traits/parameter_traits/parameter_traits.hpp
[1.008s] -- Up-to-date: /home/gustav/P5-Kuka-Dual-Arm/install/parameter_traits/share/parameter_traits/environment/library_path.sh
[1.008s] -- Installing: /home/gustav/P5-Kuka-Dual-Arm/install/parameter_traits/share/parameter_traits/environment/library_path.dsv
[1.008s] -- Up-to-date: /home/gustav/P5-Kuka-Dual-Arm/install/parameter_traits/share/ament_index/resource_index/package_run_dependencies/parameter_traits
[1.008s] -- Installing: /home/gustav/P5-Kuka-Dual-Arm/install/parameter_traits/share/ament_index/resource_index/parent_prefix_path/parameter_traits
[1.008s] -- Up-to-date: /home/gustav/P5-Kuka-Dual-Arm/install/parameter_traits/share/parameter_traits/environment/ament_prefix_path.sh
[1.009s] -- Installing: /home/gustav/P5-Kuka-Dual-Arm/install/parameter_traits/share/parameter_traits/environment/ament_prefix_path.dsv
[1.009s] -- Up-to-date: /home/gustav/P5-Kuka-Dual-Arm/install/parameter_traits/share/parameter_traits/environment/path.sh
[1.010s] -- Installing: /home/gustav/P5-Kuka-Dual-Arm/install/parameter_traits/share/parameter_traits/environment/path.dsv
[1.010s] -- Up-to-date: /home/gustav/P5-Kuka-Dual-Arm/install/parameter_traits/share/parameter_traits/local_setup.bash
[1.010s] -- Up-to-date: /home/gustav/P5-Kuka-Dual-Arm/install/parameter_traits/share/parameter_traits/local_setup.sh
[1.010s] -- Up-to-date: /home/gustav/P5-Kuka-Dual-Arm/install/parameter_traits/share/parameter_traits/local_setup.zsh
[1.010s] -- Installing: /home/gustav/P5-Kuka-Dual-Arm/install/parameter_traits/share/parameter_traits/local_setup.dsv
[1.012s] -- Installing: /home/gustav/P5-Kuka-Dual-Arm/install/parameter_traits/share/parameter_traits/package.dsv
[1.016s] -- Up-to-date: /home/gustav/P5-Kuka-Dual-Arm/install/parameter_traits/share/ament_index/resource_index/packages/parameter_traits
[1.018s] -- Up-to-date: /home/gustav/P5-Kuka-Dual-Arm/install/parameter_traits/share/parameter_traits/cmake/export_parameter_traitsExport.cmake
[1.018s] -- Up-to-date: /home/gustav/P5-Kuka-Dual-Arm/install/parameter_traits/share/parameter_traits/cmake/ament_cmake_export_targets-extras.cmake
[1.018s] -- Up-to-date: /home/gustav/P5-Kuka-Dual-Arm/install/parameter_traits/share/parameter_traits/cmake/ament_cmake_export_dependencies-extras.cmake
[1.018s] -- Up-to-date: /home/gustav/P5-Kuka-Dual-Arm/install/parameter_traits/share/parameter_traits/cmake/parameter_traitsConfig.cmake
[1.018s] -- Up-to-date: /home/gustav/P5-Kuka-Dual-Arm/install/parameter_traits/share/parameter_traits/cmake/parameter_traitsConfig-version.cmake
[1.018s] -- Up-to-date: /home/gustav/P5-Kuka-Dual-Arm/install/parameter_traits/share/parameter_traits/package.xml
[1.018s] Invoked command in '/home/gustav/P5-Kuka-Dual-Arm/build/parameter_traits' returned '0': CMAKE_PREFIX_PATH=/opt/ros/humble /usr/bin/cmake --install /home/gustav/P5-Kuka-Dual-Arm/build/parameter_traits
