[0.096s] Invoking command in '/home/gustav/P5-Kuka-Dual-Arm/build/lbr_fri_ros2': AMENT_PREFIX_PATH=/home/gustav/P5-Kuka-Dual-Arm/install/lbr_fri_idl:/home/gustav/P5-Kuka-Dual-Arm/install/lbr_description:${AMENT_PREFIX_PATH} CMAKE_PREFIX_PATH=/home/gustav/P5-Kuka-Dual-Arm/install/lbr_fri_idl:/home/gustav/P5-Kuka-Dual-Arm/install/lbr_description:/home/gustav/P5-Kuka-Dual-Arm/install/fri_client_sdk:/home/gustav/P5-Kuka-Dual-Arm/moveit2_kuka_table/install/send_cudes:/home/gustav/P5-Kuka-Dual-Arm/moveit2_kuka_table/install/moveit2_launch:/home/gustav/P5-Kuka-Dual-Arm/moveit2_kuka_table/install/kuka_bord_description:/home/gustav/lbr_stack/install/med7_moveit_config:/home/gustav/lbr_stack/install/med14_moveit_config:/home/gustav/lbr_stack/install/lbr_fri_ros2_stack:/home/gustav/lbr_stack/install/lbr_demos_cpp:/home/gustav/lbr_stack/install/lbr_bringup:/home/gustav/lbr_stack/install/lbr_ros2_control:/home/gustav/lbr_stack/install/lbr_moveit_cpp:/home/gustav/lbr_stack/install/lbr_demos_advanced_cpp:/home/gustav/lbr_stack/install/lbr_fri_ros2:/home/gustav/lbr_stack/install/lbr_fri_idl:/home/gustav/lbr_stack/install/iiwa7_moveit_config:/home/gustav/lbr_stack/install/iiwa14_moveit_config:/home/gustav/lbr_stack/install/lbr_description:/home/gustav/lbr_stack/install/fri_client_sdk:/home/gustav/ws_P5/install/send_cudes:/home/gustav/ws_P5/install/moveit2_launch:/home/gustav/ws_P5/install/kuka_bord_description:/home/gustav/lbr_stack/install/lbr_demos_py:/home/gustav/lbr_stack/install/lbr_demos_advanced_py:/opt/ros/humble LD_LIBRARY_PATH=/home/gustav/P5-Kuka-Dual-Arm/install/lbr_fri_idl/lib:/home/gustav/P5-Kuka-Dual-Arm/install/fri_client_sdk/lib:${LD_LIBRARY_PATH} PKG_CONFIG_PATH=/home/gustav/P5-Kuka-Dual-Arm/install/fri_client_sdk/lib/x86_64-linux-gnu/pkgconfig:/home/gustav/P5-Kuka-Dual-Arm/install/fri_client_sdk/lib/pkgconfig:${PKG_CONFIG_PATH} PYTHONPATH=/home/gustav/P5-Kuka-Dual-Arm/install/lbr_fri_idl/local/lib/python3.10/dist-packages:${PYTHONPATH} /usr/bin/cmake /home/gustav/P5-Kuka-Dual-Arm/p5_ws/src/lbr_fri_ros2_stack/lbr_fri_ros2 -DCMAKE_BUILD_TYPE=Release -DCMAKE_INSTALL_PREFIX=/home/gustav/P5-Kuka-Dual-Arm/install/lbr_fri_ros2
[0.144s] -- Found ament_cmake: 1.3.10 (/opt/ros/humble/share/ament_cmake/cmake)
[1.009s] -- Found control_toolbox: 3.2.0 (/opt/ros/humble/share/control_toolbox/cmake)
[1.191s] -- Found rosidl_generator_c: 3.1.5 (/opt/ros/humble/share/rosidl_generator_c/cmake)
[1.209s] -- Found rosidl_adapter: 3.1.5 (/opt/ros/humble/share/rosidl_adapter/cmake)
[1.232s] -- Found rosidl_generator_cpp: 3.1.5 (/opt/ros/humble/share/rosidl_generator_cpp/cmake)
[1.254s] -- Using all available rosidl_typesupport_c: rosidl_typesupport_fastrtps_c;rosidl_typesupport_introspection_c
[1.299s] -- Using all available rosidl_typesupport_cpp: rosidl_typesupport_fastrtps_cpp;rosidl_typesupport_introspection_cpp
[2.429s] -- Found rmw_implementation_cmake: 6.1.2 (/opt/ros/humble/share/rmw_implementation_cmake/cmake)
[2.449s] -- Found rmw_fastrtps_cpp: 6.2.7 (/opt/ros/humble/share/rmw_fastrtps_cpp/cmake)
[3.161s] -- Using RMW implementation 'rmw_fastrtps_cpp' as default
[3.785s] -- Found parameter_traits: 0.3.8 (/opt/ros/humble/share/parameter_traits/cmake)
[3.864s] -- Found rclcpp_lifecycle: 16.0.10 (/opt/ros/humble/share/rclcpp_lifecycle/cmake)
[4.325s] -- Found eigen3_cmake_module: 0.1.1 (/opt/ros/humble/share/eigen3_cmake_module/cmake)
[4.352s] -- Found kdl_parser: 2.6.4 (/opt/ros/humble/share/kdl_parser/cmake)
[4.395s] -- Ensuring Eigen3 include directory is part of orocos-kdl CMake target
[4.411s] -- Found lbr_fri_idl: 1.5.0 (/home/gustav/P5-Kuka-Dual-Arm/install/lbr_fri_idl/share/lbr_fri_idl/cmake)
[4.571s] -- Found urdf: 2.6.1 (/opt/ros/humble/share/urdf/cmake)
[4.691s] -- Found ament_cmake_gtest: 1.3.10 (/opt/ros/humble/share/ament_cmake_gtest/cmake)
[4.695s] -- Found gtest sources under '/opt/ros/humble/src/gtest_vendor': C++ tests using 'Google Test' will be built
[5.475s] -- Configuring done
[5.725s] -- Generating done
[5.751s] -- Build files have been written to: /home/gustav/P5-Kuka-Dual-Arm/build/lbr_fri_ros2
[5.837s] Invoked command in '/home/gustav/P5-Kuka-Dual-Arm/build/lbr_fri_ros2' returned '0': AMENT_PREFIX_PATH=/home/gustav/P5-Kuka-Dual-Arm/install/lbr_fri_idl:/home/gustav/P5-Kuka-Dual-Arm/install/lbr_description:${AMENT_PREFIX_PATH} CMAKE_PREFIX_PATH=/home/gustav/P5-Kuka-Dual-Arm/install/lbr_fri_idl:/home/gustav/P5-Kuka-Dual-Arm/install/lbr_description:/home/gustav/P5-Kuka-Dual-Arm/install/fri_client_sdk:/home/gustav/P5-Kuka-Dual-Arm/moveit2_kuka_table/install/send_cudes:/home/gustav/P5-Kuka-Dual-Arm/moveit2_kuka_table/install/moveit2_launch:/home/gustav/P5-Kuka-Dual-Arm/moveit2_kuka_table/install/kuka_bord_description:/home/gustav/lbr_stack/install/med7_moveit_config:/home/gustav/lbr_stack/install/med14_moveit_config:/home/gustav/lbr_stack/install/lbr_fri_ros2_stack:/home/gustav/lbr_stack/install/lbr_demos_cpp:/home/gustav/lbr_stack/install/lbr_bringup:/home/gustav/lbr_stack/install/lbr_ros2_control:/home/gustav/lbr_stack/install/lbr_moveit_cpp:/home/gustav/lbr_stack/install/lbr_demos_advanced_cpp:/home/gustav/lbr_stack/install/lbr_fri_ros2:/home/gustav/lbr_stack/install/lbr_fri_idl:/home/gustav/lbr_stack/install/iiwa7_moveit_config:/home/gustav/lbr_stack/install/iiwa14_moveit_config:/home/gustav/lbr_stack/install/lbr_description:/home/gustav/lbr_stack/install/fri_client_sdk:/home/gustav/ws_P5/install/send_cudes:/home/gustav/ws_P5/install/moveit2_launch:/home/gustav/ws_P5/install/kuka_bord_description:/home/gustav/lbr_stack/install/lbr_demos_py:/home/gustav/lbr_stack/install/lbr_demos_advanced_py:/opt/ros/humble LD_LIBRARY_PATH=/home/gustav/P5-Kuka-Dual-Arm/install/lbr_fri_idl/lib:/home/gustav/P5-Kuka-Dual-Arm/install/fri_client_sdk/lib:${LD_LIBRARY_PATH} PKG_CONFIG_PATH=/home/gustav/P5-Kuka-Dual-Arm/install/fri_client_sdk/lib/x86_64-linux-gnu/pkgconfig:/home/gustav/P5-Kuka-Dual-Arm/install/fri_client_sdk/lib/pkgconfig:${PKG_CONFIG_PATH} PYTHONPATH=/home/gustav/P5-Kuka-Dual-Arm/install/lbr_fri_idl/local/lib/python3.10/dist-packages:${PYTHONPATH} /usr/bin/cmake /home/gustav/P5-Kuka-Dual-Arm/p5_ws/src/lbr_fri_ros2_stack/lbr_fri_ros2 -DCMAKE_BUILD_TYPE=Release -DCMAKE_INSTALL_PREFIX=/home/gustav/P5-Kuka-Dual-Arm/install/lbr_fri_ros2
[5.838s] Invoking command in '/home/gustav/P5-Kuka-Dual-Arm/build/lbr_fri_ros2': AMENT_PREFIX_PATH=/home/gustav/P5-Kuka-Dual-Arm/install/lbr_fri_idl:/home/gustav/P5-Kuka-Dual-Arm/install/lbr_description:${AMENT_PREFIX_PATH} CMAKE_PREFIX_PATH=/home/gustav/P5-Kuka-Dual-Arm/install/lbr_fri_idl:/home/gustav/P5-Kuka-Dual-Arm/install/lbr_description:/home/gustav/P5-Kuka-Dual-Arm/install/fri_client_sdk:/home/gustav/P5-Kuka-Dual-Arm/moveit2_kuka_table/install/send_cudes:/home/gustav/P5-Kuka-Dual-Arm/moveit2_kuka_table/install/moveit2_launch:/home/gustav/P5-Kuka-Dual-Arm/moveit2_kuka_table/install/kuka_bord_description:/home/gustav/lbr_stack/install/med7_moveit_config:/home/gustav/lbr_stack/install/med14_moveit_config:/home/gustav/lbr_stack/install/lbr_fri_ros2_stack:/home/gustav/lbr_stack/install/lbr_demos_cpp:/home/gustav/lbr_stack/install/lbr_bringup:/home/gustav/lbr_stack/install/lbr_ros2_control:/home/gustav/lbr_stack/install/lbr_moveit_cpp:/home/gustav/lbr_stack/install/lbr_demos_advanced_cpp:/home/gustav/lbr_stack/install/lbr_fri_ros2:/home/gustav/lbr_stack/install/lbr_fri_idl:/home/gustav/lbr_stack/install/iiwa7_moveit_config:/home/gustav/lbr_stack/install/iiwa14_moveit_config:/home/gustav/lbr_stack/install/lbr_description:/home/gustav/lbr_stack/install/fri_client_sdk:/home/gustav/ws_P5/install/send_cudes:/home/gustav/ws_P5/install/moveit2_launch:/home/gustav/ws_P5/install/kuka_bord_description:/home/gustav/lbr_stack/install/lbr_demos_py:/home/gustav/lbr_stack/install/lbr_demos_advanced_py:/opt/ros/humble LD_LIBRARY_PATH=/home/gustav/P5-Kuka-Dual-Arm/install/lbr_fri_idl/lib:/home/gustav/P5-Kuka-Dual-Arm/install/fri_client_sdk/lib:${LD_LIBRARY_PATH} PKG_CONFIG_PATH=/home/gustav/P5-Kuka-Dual-Arm/install/fri_client_sdk/lib/x86_64-linux-gnu/pkgconfig:/home/gustav/P5-Kuka-Dual-Arm/install/fri_client_sdk/lib/pkgconfig:${PKG_CONFIG_PATH} PYTHONPATH=/home/gustav/P5-Kuka-Dual-Arm/install/lbr_fri_idl/local/lib/python3.10/dist-packages:${PYTHONPATH} /usr/bin/cmake --build /home/gustav/P5-Kuka-Dual-Arm/build/lbr_fri_ros2 -- -j8 -l8
[6.049s] [35m[1mConsolidate compiler generated dependencies of target gtest[0m
[6.057s] [35m[1mConsolidate compiler generated dependencies of target lbr_fri_ros2[0m
[6.089s] [35m[1mConsolidate compiler generated dependencies of target gtest_main[0m
[6.116s] [ 11%] Built target gtest
[6.168s] [ 23%] Built target gtest_main
[6.191s] [ 88%] Built target lbr_fri_ros2
[6.240s] [35m[1mConsolidate compiler generated dependencies of target test_command_interfaces[0m
[6.331s] [100%] Built target test_command_interfaces
[6.379s] Invoked command in '/home/gustav/P5-Kuka-Dual-Arm/build/lbr_fri_ros2' returned '0': AMENT_PREFIX_PATH=/home/gustav/P5-Kuka-Dual-Arm/install/lbr_fri_idl:/home/gustav/P5-Kuka-Dual-Arm/install/lbr_description:${AMENT_PREFIX_PATH} CMAKE_PREFIX_PATH=/home/gustav/P5-Kuka-Dual-Arm/install/lbr_fri_idl:/home/gustav/P5-Kuka-Dual-Arm/install/lbr_description:/home/gustav/P5-Kuka-Dual-Arm/install/fri_client_sdk:/home/gustav/P5-Kuka-Dual-Arm/moveit2_kuka_table/install/send_cudes:/home/gustav/P5-Kuka-Dual-Arm/moveit2_kuka_table/install/moveit2_launch:/home/gustav/P5-Kuka-Dual-Arm/moveit2_kuka_table/install/kuka_bord_description:/home/gustav/lbr_stack/install/med7_moveit_config:/home/gustav/lbr_stack/install/med14_moveit_config:/home/gustav/lbr_stack/install/lbr_fri_ros2_stack:/home/gustav/lbr_stack/install/lbr_demos_cpp:/home/gustav/lbr_stack/install/lbr_bringup:/home/gustav/lbr_stack/install/lbr_ros2_control:/home/gustav/lbr_stack/install/lbr_moveit_cpp:/home/gustav/lbr_stack/install/lbr_demos_advanced_cpp:/home/gustav/lbr_stack/install/lbr_fri_ros2:/home/gustav/lbr_stack/install/lbr_fri_idl:/home/gustav/lbr_stack/install/iiwa7_moveit_config:/home/gustav/lbr_stack/install/iiwa14_moveit_config:/home/gustav/lbr_stack/install/lbr_description:/home/gustav/lbr_stack/install/fri_client_sdk:/home/gustav/ws_P5/install/send_cudes:/home/gustav/ws_P5/install/moveit2_launch:/home/gustav/ws_P5/install/kuka_bord_description:/home/gustav/lbr_stack/install/lbr_demos_py:/home/gustav/lbr_stack/install/lbr_demos_advanced_py:/opt/ros/humble LD_LIBRARY_PATH=/home/gustav/P5-Kuka-Dual-Arm/install/lbr_fri_idl/lib:/home/gustav/P5-Kuka-Dual-Arm/install/fri_client_sdk/lib:${LD_LIBRARY_PATH} PKG_CONFIG_PATH=/home/gustav/P5-Kuka-Dual-Arm/install/fri_client_sdk/lib/x86_64-linux-gnu/pkgconfig:/home/gustav/P5-Kuka-Dual-Arm/install/fri_client_sdk/lib/pkgconfig:${PKG_CONFIG_PATH} PYTHONPATH=/home/gustav/P5-Kuka-Dual-Arm/install/lbr_fri_idl/local/lib/python3.10/dist-packages:${PYTHONPATH} /usr/bin/cmake --build /home/gustav/P5-Kuka-Dual-Arm/build/lbr_fri_ros2 -- -j8 -l8
[6.675s] Invoking command in '/home/gustav/P5-Kuka-Dual-Arm/build/lbr_fri_ros2': AMENT_PREFIX_PATH=/home/gustav/P5-Kuka-Dual-Arm/install/lbr_fri_idl:/home/gustav/P5-Kuka-Dual-Arm/install/lbr_description:${AMENT_PREFIX_PATH} CMAKE_PREFIX_PATH=/home/gustav/P5-Kuka-Dual-Arm/install/lbr_fri_idl:/home/gustav/P5-Kuka-Dual-Arm/install/lbr_description:/home/gustav/P5-Kuka-Dual-Arm/install/fri_client_sdk:/home/gustav/P5-Kuka-Dual-Arm/moveit2_kuka_table/install/send_cudes:/home/gustav/P5-Kuka-Dual-Arm/moveit2_kuka_table/install/moveit2_launch:/home/gustav/P5-Kuka-Dual-Arm/moveit2_kuka_table/install/kuka_bord_description:/home/gustav/lbr_stack/install/med7_moveit_config:/home/gustav/lbr_stack/install/med14_moveit_config:/home/gustav/lbr_stack/install/lbr_fri_ros2_stack:/home/gustav/lbr_stack/install/lbr_demos_cpp:/home/gustav/lbr_stack/install/lbr_bringup:/home/gustav/lbr_stack/install/lbr_ros2_control:/home/gustav/lbr_stack/install/lbr_moveit_cpp:/home/gustav/lbr_stack/install/lbr_demos_advanced_cpp:/home/gustav/lbr_stack/install/lbr_fri_ros2:/home/gustav/lbr_stack/install/lbr_fri_idl:/home/gustav/lbr_stack/install/iiwa7_moveit_config:/home/gustav/lbr_stack/install/iiwa14_moveit_config:/home/gustav/lbr_stack/install/lbr_description:/home/gustav/lbr_stack/install/fri_client_sdk:/home/gustav/ws_P5/install/send_cudes:/home/gustav/ws_P5/install/moveit2_launch:/home/gustav/ws_P5/install/kuka_bord_description:/home/gustav/lbr_stack/install/lbr_demos_py:/home/gustav/lbr_stack/install/lbr_demos_advanced_py:/opt/ros/humble LD_LIBRARY_PATH=/home/gustav/P5-Kuka-Dual-Arm/install/lbr_fri_idl/lib:/home/gustav/P5-Kuka-Dual-Arm/install/fri_client_sdk/lib:${LD_LIBRARY_PATH} PKG_CONFIG_PATH=/home/gustav/P5-Kuka-Dual-Arm/install/fri_client_sdk/lib/x86_64-linux-gnu/pkgconfig:/home/gustav/P5-Kuka-Dual-Arm/install/fri_client_sdk/lib/pkgconfig:${PKG_CONFIG_PATH} PYTHONPATH=/home/gustav/P5-Kuka-Dual-Arm/install/lbr_fri_idl/local/lib/python3.10/dist-packages:${PYTHONPATH} /usr/bin/cmake --install /home/gustav/P5-Kuka-Dual-Arm/build/lbr_fri_ros2
[6.710s] -- Install configuration: "Release"
[6.711s] -- Up-to-date: /home/gustav/P5-Kuka-Dual-Arm/install/lbr_fri_ros2/share/lbr_fri_ros2/environment/library_path.sh
[6.714s] -- Installing: /home/gustav/P5-Kuka-Dual-Arm/install/lbr_fri_ros2/share/lbr_fri_ros2/environment/library_path.dsv
[6.714s] -- Up-to-date: /home/gustav/P5-Kuka-Dual-Arm/install/lbr_fri_ros2/include
[6.715s] -- Up-to-date: /home/gustav/P5-Kuka-Dual-Arm/install/lbr_fri_ros2/include/lbr_fri_ros2
[6.715s] -- Up-to-date: /home/gustav/P5-Kuka-Dual-Arm/install/lbr_fri_ros2/include/lbr_fri_ros2/command_guard.hpp
[6.715s] -- Up-to-date: /home/gustav/P5-Kuka-Dual-Arm/install/lbr_fri_ros2/include/lbr_fri_ros2/async_client.hpp
[6.715s] -- Up-to-date: /home/gustav/P5-Kuka-Dual-Arm/install/lbr_fri_ros2/include/lbr_fri_ros2/pinv.hpp
[6.715s] -- Up-to-date: /home/gustav/P5-Kuka-Dual-Arm/install/lbr_fri_ros2/include/lbr_fri_ros2/app.hpp
[6.721s] -- Up-to-date: /home/gustav/P5-Kuka-Dual-Arm/install/lbr_fri_ros2/include/lbr_fri_ros2/formatting.hpp
[6.721s] -- Up-to-date: /home/gustav/P5-Kuka-Dual-Arm/install/lbr_fri_ros2/include/lbr_fri_ros2/utils.hpp
[6.721s] -- Up-to-date: /home/gustav/P5-Kuka-Dual-Arm/install/lbr_fri_ros2/include/lbr_fri_ros2/filters.hpp
[6.722s] -- Up-to-date: /home/gustav/P5-Kuka-Dual-Arm/install/lbr_fri_ros2/include/lbr_fri_ros2/ft_estimator.hpp
[6.722s] -- Up-to-date: /home/gustav/P5-Kuka-Dual-Arm/install/lbr_fri_ros2/include/lbr_fri_ros2/interfaces
[6.722s] -- Up-to-date: /home/gustav/P5-Kuka-Dual-Arm/install/lbr_fri_ros2/include/lbr_fri_ros2/interfaces/base_command.hpp
[6.722s] -- Up-to-date: /home/gustav/P5-Kuka-Dual-Arm/install/lbr_fri_ros2/include/lbr_fri_ros2/interfaces/position_command.hpp
[6.722s] -- Up-to-date: /home/gustav/P5-Kuka-Dual-Arm/install/lbr_fri_ros2/include/lbr_fri_ros2/interfaces/torque_command.hpp
[6.722s] -- Up-to-date: /home/gustav/P5-Kuka-Dual-Arm/install/lbr_fri_ros2/include/lbr_fri_ros2/interfaces/state.hpp
[6.722s] -- Up-to-date: /home/gustav/P5-Kuka-Dual-Arm/install/lbr_fri_ros2/include/lbr_fri_ros2/interfaces/wrench_command.hpp
[6.725s] -- Up-to-date: /home/gustav/P5-Kuka-Dual-Arm/install/lbr_fri_ros2/lib/liblbr_fri_ros2.so
[6.726s] -- Up-to-date: /home/gustav/P5-Kuka-Dual-Arm/install/lbr_fri_ros2/share/ament_index/resource_index/package_run_dependencies/lbr_fri_ros2
[6.726s] -- Up-to-date: /home/gustav/P5-Kuka-Dual-Arm/install/lbr_fri_ros2/share/ament_index/resource_index/parent_prefix_path/lbr_fri_ros2
[6.726s] -- Up-to-date: /home/gustav/P5-Kuka-Dual-Arm/install/lbr_fri_ros2/share/lbr_fri_ros2/environment/ament_prefix_path.sh
[6.726s] -- Installing: /home/gustav/P5-Kuka-Dual-Arm/install/lbr_fri_ros2/share/lbr_fri_ros2/environment/ament_prefix_path.dsv
[6.726s] -- Up-to-date: /home/gustav/P5-Kuka-Dual-Arm/install/lbr_fri_ros2/share/lbr_fri_ros2/environment/path.sh
[6.730s] -- Installing: /home/gustav/P5-Kuka-Dual-Arm/install/lbr_fri_ros2/share/lbr_fri_ros2/environment/path.dsv
[6.731s] -- Up-to-date: /home/gustav/P5-Kuka-Dual-Arm/install/lbr_fri_ros2/share/lbr_fri_ros2/local_setup.bash
[6.732s] -- Up-to-date: /home/gustav/P5-Kuka-Dual-Arm/install/lbr_fri_ros2/share/lbr_fri_ros2/local_setup.sh
[6.732s] -- Up-to-date: /home/gustav/P5-Kuka-Dual-Arm/install/lbr_fri_ros2/share/lbr_fri_ros2/local_setup.zsh
[6.732s] -- Installing: /home/gustav/P5-Kuka-Dual-Arm/install/lbr_fri_ros2/share/lbr_fri_ros2/local_setup.dsv
[6.732s] -- Installing: /home/gustav/P5-Kuka-Dual-Arm/install/lbr_fri_ros2/share/lbr_fri_ros2/package.dsv
[6.732s] -- Up-to-date: /home/gustav/P5-Kuka-Dual-Arm/install/lbr_fri_ros2/share/ament_index/resource_index/packages/lbr_fri_ros2
[6.732s] -- Up-to-date: /home/gustav/P5-Kuka-Dual-Arm/install/lbr_fri_ros2/share/lbr_fri_ros2/cmake/lbr_fri_ros2_exportExport.cmake
[6.733s] -- Up-to-date: /home/gustav/P5-Kuka-Dual-Arm/install/lbr_fri_ros2/share/lbr_fri_ros2/cmake/lbr_fri_ros2_exportExport-release.cmake
[6.733s] -- Up-to-date: /home/gustav/P5-Kuka-Dual-Arm/install/lbr_fri_ros2/share/lbr_fri_ros2/cmake/ament_cmake_export_targets-extras.cmake
[6.733s] -- Up-to-date: /home/gustav/P5-Kuka-Dual-Arm/install/lbr_fri_ros2/share/lbr_fri_ros2/cmake/ament_cmake_export_dependencies-extras.cmake
[6.733s] -- Up-to-date: /home/gustav/P5-Kuka-Dual-Arm/install/lbr_fri_ros2/share/lbr_fri_ros2/cmake/lbr_fri_ros2Config.cmake
[6.733s] -- Up-to-date: /home/gustav/P5-Kuka-Dual-Arm/install/lbr_fri_ros2/share/lbr_fri_ros2/cmake/lbr_fri_ros2Config-version.cmake
[6.733s] -- Up-to-date: /home/gustav/P5-Kuka-Dual-Arm/install/lbr_fri_ros2/share/lbr_fri_ros2/package.xml
[6.744s] Invoked command in '/home/gustav/P5-Kuka-Dual-Arm/build/lbr_fri_ros2' returned '0': AMENT_PREFIX_PATH=/home/gustav/P5-Kuka-Dual-Arm/install/lbr_fri_idl:/home/gustav/P5-Kuka-Dual-Arm/install/lbr_description:${AMENT_PREFIX_PATH} CMAKE_PREFIX_PATH=/home/gustav/P5-Kuka-Dual-Arm/install/lbr_fri_idl:/home/gustav/P5-Kuka-Dual-Arm/install/lbr_description:/home/gustav/P5-Kuka-Dual-Arm/install/fri_client_sdk:/home/gustav/P5-Kuka-Dual-Arm/moveit2_kuka_table/install/send_cudes:/home/gustav/P5-Kuka-Dual-Arm/moveit2_kuka_table/install/moveit2_launch:/home/gustav/P5-Kuka-Dual-Arm/moveit2_kuka_table/install/kuka_bord_description:/home/gustav/lbr_stack/install/med7_moveit_config:/home/gustav/lbr_stack/install/med14_moveit_config:/home/gustav/lbr_stack/install/lbr_fri_ros2_stack:/home/gustav/lbr_stack/install/lbr_demos_cpp:/home/gustav/lbr_stack/install/lbr_bringup:/home/gustav/lbr_stack/install/lbr_ros2_control:/home/gustav/lbr_stack/install/lbr_moveit_cpp:/home/gustav/lbr_stack/install/lbr_demos_advanced_cpp:/home/gustav/lbr_stack/install/lbr_fri_ros2:/home/gustav/lbr_stack/install/lbr_fri_idl:/home/gustav/lbr_stack/install/iiwa7_moveit_config:/home/gustav/lbr_stack/install/iiwa14_moveit_config:/home/gustav/lbr_stack/install/lbr_description:/home/gustav/lbr_stack/install/fri_client_sdk:/home/gustav/ws_P5/install/send_cudes:/home/gustav/ws_P5/install/moveit2_launch:/home/gustav/ws_P5/install/kuka_bord_description:/home/gustav/lbr_stack/install/lbr_demos_py:/home/gustav/lbr_stack/install/lbr_demos_advanced_py:/opt/ros/humble LD_LIBRARY_PATH=/home/gustav/P5-Kuka-Dual-Arm/install/lbr_fri_idl/lib:/home/gustav/P5-Kuka-Dual-Arm/install/fri_client_sdk/lib:${LD_LIBRARY_PATH} PKG_CONFIG_PATH=/home/gustav/P5-Kuka-Dual-Arm/install/fri_client_sdk/lib/x86_64-linux-gnu/pkgconfig:/home/gustav/P5-Kuka-Dual-Arm/install/fri_client_sdk/lib/pkgconfig:${PKG_CONFIG_PATH} PYTHONPATH=/home/gustav/P5-Kuka-Dual-Arm/install/lbr_fri_idl/local/lib/python3.10/dist-packages:${PYTHONPATH} /usr/bin/cmake --install /home/gustav/P5-Kuka-Dual-Arm/build/lbr_fri_ros2
