[0.029s] Invoking command in '/home/gustav/P5-Kuka-Dual-Arm/build/moveit_ros_robot_interaction': AMENT_PREFIX_PATH=/home/gustav/P5-Kuka-Dual-Arm/install/moveit_ros_planning:/home/gustav/P5-Kuka-Dual-Arm/install/moveit_ros_occupancy_map_monitor:/home/gustav/P5-Kuka-Dual-Arm/install/moveit_core:/home/gustav/P5-Kuka-Dual-Arm/install/moveit_resources_panda_moveit_config:/home/gustav/P5-Kuka-Dual-Arm/install/generate_parameter_library:/home/gustav/P5-Kuka-Dual-Arm/install/parameter_traits:/home/gustav/P5-Kuka-Dual-Arm/install/moveit_resources_pr2_description:/home/gustav/P5-Kuka-Dual-Arm/install/moveit_resources_panda_description:/home/gustav/P5-Kuka-Dual-Arm/install/moveit_msgs:/home/gustav/P5-Kuka-Dual-Arm/install/moveit_common:/home/gustav/P5-Kuka-Dual-Arm/install/generate_parameter_library_py:${AMENT_PREFIX_PATH} CMAKE_PREFIX_PATH=/home/gustav/P5-Kuka-Dual-Arm/install/moveit_ros_planning:/home/gustav/P5-Kuka-Dual-Arm/install/moveit_ros_occupancy_map_monitor:/home/gustav/P5-Kuka-Dual-Arm/install/moveit_core:/home/gustav/P5-Kuka-Dual-Arm/install/moveit_resources_panda_moveit_config:/home/gustav/P5-Kuka-Dual-Arm/install/generate_parameter_library:/home/gustav/P5-Kuka-Dual-Arm/install/parameter_traits:/home/gustav/P5-Kuka-Dual-Arm/install/moveit_resources_pr2_description:/home/gustav/P5-Kuka-Dual-Arm/install/moveit_resources_panda_description:/home/gustav/P5-Kuka-Dual-Arm/install/moveit_msgs:/home/gustav/P5-Kuka-Dual-Arm/install/moveit_common:/opt/ros/humble LD_LIBRARY_PATH=/home/gustav/P5-Kuka-Dual-Arm/install/moveit_ros_planning/lib:/home/gustav/P5-Kuka-Dual-Arm/install/moveit_ros_occupancy_map_monitor/lib:/home/gustav/P5-Kuka-Dual-Arm/install/moveit_core/lib:/home/gustav/P5-Kuka-Dual-Arm/install/parameter_traits/lib:/home/gustav/P5-Kuka-Dual-Arm/install/moveit_msgs/lib:${LD_LIBRARY_PATH} PATH=/home/gustav/P5-Kuka-Dual-Arm/install/moveit_core/bin:/home/gustav/P5-Kuka-Dual-Arm/install/generate_parameter_library_py/bin:${PATH} PYTHONPATH=/home/gustav/P5-Kuka-Dual-Arm/install/moveit_msgs/local/lib/python3.10/dist-packages:/home/gustav/P5-Kuka-Dual-Arm/install/generate_parameter_library_py/lib/python3.10/site-packages:${PYTHONPATH} /usr/bin/cmake /home/gustav/P5-Kuka-Dual-Arm/p5_ws/src/moveit2/moveit_ros/robot_interaction -DCMAKE_INSTALL_PREFIX=/home/gustav/P5-Kuka-Dual-Arm/install/moveit_ros_robot_interaction
[0.046s] -- Found moveit_common: 2.5.5 (/home/gustav/P5-Kuka-Dual-Arm/install/moveit_common/share/moveit_common/cmake)
[0.046s] -- Found ament_cmake: 1.3.10 (/opt/ros/humble/share/ament_cmake/cmake)
[0.300s] -- Found moveit_core: 2.5.5 (/home/gustav/P5-Kuka-Dual-Arm/install/moveit_core/share/moveit_core/cmake)
[0.315s] -- Found Boost: /usr/lib/x86_64-linux-gnu/cmake/Boost-1.74.0/BoostConfig.cmake (found version "1.74.0") found components: chrono date_time filesystem iostreams program_options regex serialization system thread 
[0.345s] -- Found parameter_traits: 0.3.7 (/home/gustav/P5-Kuka-Dual-Arm/install/parameter_traits/share/parameter_traits/cmake)
[0.366s] -- Found rosidl_generator_c: 3.1.5 (/opt/ros/humble/share/rosidl_generator_c/cmake)
[0.368s] -- Found rosidl_adapter: 3.1.5 (/opt/ros/humble/share/rosidl_adapter/cmake)
[0.374s] -- Found rosidl_generator_cpp: 3.1.5 (/opt/ros/humble/share/rosidl_generator_cpp/cmake)
[0.383s] -- Using all available rosidl_typesupport_c: rosidl_typesupport_fastrtps_c;rosidl_typesupport_introspection_c
[0.396s] -- Using all available rosidl_typesupport_cpp: rosidl_typesupport_fastrtps_cpp;rosidl_typesupport_introspection_cpp
[0.427s] -- Found rmw_implementation_cmake: 6.1.2 (/opt/ros/humble/share/rmw_implementation_cmake/cmake)
[0.428s] -- Found rmw_fastrtps_cpp: 6.2.7 (/opt/ros/humble/share/rmw_fastrtps_cpp/cmake)
[0.518s] -- Using RMW implementation 'rmw_fastrtps_cpp' as default
[0.575s] -- Found rclcpp_lifecycle: 16.0.10 (/opt/ros/humble/share/rclcpp_lifecycle/cmake)
[0.595s] -- Found Boost: /usr/lib/x86_64-linux-gnu/cmake/Boost-1.74.0/BoostConfig.cmake (found version "1.74.0") found components: filesystem 
[0.635s] -- library: /usr/lib/x86_64-linux-gnu/libcurl.so
[0.691s] -- Ensuring Eigen3 include directory is part of orocos-kdl CMake target
[0.896s] -- Found moveit_ros_planning: 2.5.5 (/home/gustav/P5-Kuka-Dual-Arm/install/moveit_ros_planning/share/moveit_ros_planning/cmake)
[0.900s] -- Found Boost: /usr/lib/x86_64-linux-gnu/cmake/Boost-1.74.0/BoostConfig.cmake (found version "1.74.0") found components: system filesystem date_time program_options thread chrono 
[0.923s] -- Found interactive_markers: 2.3.2 (/opt/ros/humble/share/interactive_markers/cmake)
[0.932s] -- Found ament_cmake_gtest: 1.3.10 (/opt/ros/humble/share/ament_cmake_gtest/cmake)
[0.932s] -- Found gtest sources under '/opt/ros/humble/src/gtest_vendor': C++ tests using 'Google Test' will be built
[0.938s] -- Found ament_lint_auto: 0.12.11 (/opt/ros/humble/share/ament_lint_auto/cmake)
[0.947s] -- Added test 'cppcheck' to perform static code analysis on C / C++ code
[0.947s] -- Configured cppcheck include dirs: /home/gustav/P5-Kuka-Dual-Arm/p5_ws/src/moveit2/moveit_ros/robot_interaction/include
[0.947s] -- Configured cppcheck exclude dirs and/or files: 
[0.947s] -- Added test 'lint_cmake' to check CMake code style
[0.948s] -- Added test 'xmllint' to check XML markup files
[0.950s] -- Configuring done
[1.018s] -- Generating done
[1.022s] -- Build files have been written to: /home/gustav/P5-Kuka-Dual-Arm/build/moveit_ros_robot_interaction
[1.041s] Invoked command in '/home/gustav/P5-Kuka-Dual-Arm/build/moveit_ros_robot_interaction' returned '0': AMENT_PREFIX_PATH=/home/gustav/P5-Kuka-Dual-Arm/install/moveit_ros_planning:/home/gustav/P5-Kuka-Dual-Arm/install/moveit_ros_occupancy_map_monitor:/home/gustav/P5-Kuka-Dual-Arm/install/moveit_core:/home/gustav/P5-Kuka-Dual-Arm/install/moveit_resources_panda_moveit_config:/home/gustav/P5-Kuka-Dual-Arm/install/generate_parameter_library:/home/gustav/P5-Kuka-Dual-Arm/install/parameter_traits:/home/gustav/P5-Kuka-Dual-Arm/install/moveit_resources_pr2_description:/home/gustav/P5-Kuka-Dual-Arm/install/moveit_resources_panda_description:/home/gustav/P5-Kuka-Dual-Arm/install/moveit_msgs:/home/gustav/P5-Kuka-Dual-Arm/install/moveit_common:/home/gustav/P5-Kuka-Dual-Arm/install/generate_parameter_library_py:${AMENT_PREFIX_PATH} CMAKE_PREFIX_PATH=/home/gustav/P5-Kuka-Dual-Arm/install/moveit_ros_planning:/home/gustav/P5-Kuka-Dual-Arm/install/moveit_ros_occupancy_map_monitor:/home/gustav/P5-Kuka-Dual-Arm/install/moveit_core:/home/gustav/P5-Kuka-Dual-Arm/install/moveit_resources_panda_moveit_config:/home/gustav/P5-Kuka-Dual-Arm/install/generate_parameter_library:/home/gustav/P5-Kuka-Dual-Arm/install/parameter_traits:/home/gustav/P5-Kuka-Dual-Arm/install/moveit_resources_pr2_description:/home/gustav/P5-Kuka-Dual-Arm/install/moveit_resources_panda_description:/home/gustav/P5-Kuka-Dual-Arm/install/moveit_msgs:/home/gustav/P5-Kuka-Dual-Arm/install/moveit_common:/opt/ros/humble LD_LIBRARY_PATH=/home/gustav/P5-Kuka-Dual-Arm/install/moveit_ros_planning/lib:/home/gustav/P5-Kuka-Dual-Arm/install/moveit_ros_occupancy_map_monitor/lib:/home/gustav/P5-Kuka-Dual-Arm/install/moveit_core/lib:/home/gustav/P5-Kuka-Dual-Arm/install/parameter_traits/lib:/home/gustav/P5-Kuka-Dual-Arm/install/moveit_msgs/lib:${LD_LIBRARY_PATH} PATH=/home/gustav/P5-Kuka-Dual-Arm/install/moveit_core/bin:/home/gustav/P5-Kuka-Dual-Arm/install/generate_parameter_library_py/bin:${PATH} PYTHONPATH=/home/gustav/P5-Kuka-Dual-Arm/install/moveit_msgs/local/lib/python3.10/dist-packages:/home/gustav/P5-Kuka-Dual-Arm/install/generate_parameter_library_py/lib/python3.10/site-packages:${PYTHONPATH} /usr/bin/cmake /home/gustav/P5-Kuka-Dual-Arm/p5_ws/src/moveit2/moveit_ros/robot_interaction -DCMAKE_INSTALL_PREFIX=/home/gustav/P5-Kuka-Dual-Arm/install/moveit_ros_robot_interaction
[1.043s] Invoking command in '/home/gustav/P5-Kuka-Dual-Arm/build/moveit_ros_robot_interaction': AMENT_PREFIX_PATH=/home/gustav/P5-Kuka-Dual-Arm/install/moveit_ros_planning:/home/gustav/P5-Kuka-Dual-Arm/install/moveit_ros_occupancy_map_monitor:/home/gustav/P5-Kuka-Dual-Arm/install/moveit_core:/home/gustav/P5-Kuka-Dual-Arm/install/moveit_resources_panda_moveit_config:/home/gustav/P5-Kuka-Dual-Arm/install/generate_parameter_library:/home/gustav/P5-Kuka-Dual-Arm/install/parameter_traits:/home/gustav/P5-Kuka-Dual-Arm/install/moveit_resources_pr2_description:/home/gustav/P5-Kuka-Dual-Arm/install/moveit_resources_panda_description:/home/gustav/P5-Kuka-Dual-Arm/install/moveit_msgs:/home/gustav/P5-Kuka-Dual-Arm/install/moveit_common:/home/gustav/P5-Kuka-Dual-Arm/install/generate_parameter_library_py:${AMENT_PREFIX_PATH} CMAKE_PREFIX_PATH=/home/gustav/P5-Kuka-Dual-Arm/install/moveit_ros_planning:/home/gustav/P5-Kuka-Dual-Arm/install/moveit_ros_occupancy_map_monitor:/home/gustav/P5-Kuka-Dual-Arm/install/moveit_core:/home/gustav/P5-Kuka-Dual-Arm/install/moveit_resources_panda_moveit_config:/home/gustav/P5-Kuka-Dual-Arm/install/generate_parameter_library:/home/gustav/P5-Kuka-Dual-Arm/install/parameter_traits:/home/gustav/P5-Kuka-Dual-Arm/install/moveit_resources_pr2_description:/home/gustav/P5-Kuka-Dual-Arm/install/moveit_resources_panda_description:/home/gustav/P5-Kuka-Dual-Arm/install/moveit_msgs:/home/gustav/P5-Kuka-Dual-Arm/install/moveit_common:/opt/ros/humble LD_LIBRARY_PATH=/home/gustav/P5-Kuka-Dual-Arm/install/moveit_ros_planning/lib:/home/gustav/P5-Kuka-Dual-Arm/install/moveit_ros_occupancy_map_monitor/lib:/home/gustav/P5-Kuka-Dual-Arm/install/moveit_core/lib:/home/gustav/P5-Kuka-Dual-Arm/install/parameter_traits/lib:/home/gustav/P5-Kuka-Dual-Arm/install/moveit_msgs/lib:${LD_LIBRARY_PATH} PATH=/home/gustav/P5-Kuka-Dual-Arm/install/moveit_core/bin:/home/gustav/P5-Kuka-Dual-Arm/install/generate_parameter_library_py/bin:${PATH} PYTHONPATH=/home/gustav/P5-Kuka-Dual-Arm/install/moveit_msgs/local/lib/python3.10/dist-packages:/home/gustav/P5-Kuka-Dual-Arm/install/generate_parameter_library_py/lib/python3.10/site-packages:${PYTHONPATH} /usr/bin/cmake --build /home/gustav/P5-Kuka-Dual-Arm/build/moveit_ros_robot_interaction -- -j8 -l8
[1.101s] [35m[1mConsolidate compiler generated dependencies of target gtest[0m
[1.101s] [35m[1mConsolidate compiler generated dependencies of target gtest_main[0m
[1.112s] [35m[1mConsolidate compiler generated dependencies of target moveit_robot_interaction[0m
[1.113s] [ 15%] Built target gtest_main
[1.115s] [ 30%] Built target gtest
[1.150s] [ 38%] [32m[1mLinking CXX shared library libmoveit_robot_interaction.so[0m
[1.724s] [ 84%] Built target moveit_robot_interaction
[1.776s] [35m[1mConsolidate compiler generated dependencies of target locked_robot_state_test[0m
[1.799s] [ 92%] [32m[1mLinking CXX executable locked_robot_state_test[0m
[2.809s] [100%] Built target locked_robot_state_test
[2.839s] Invoked command in '/home/gustav/P5-Kuka-Dual-Arm/build/moveit_ros_robot_interaction' returned '0': AMENT_PREFIX_PATH=/home/gustav/P5-Kuka-Dual-Arm/install/moveit_ros_planning:/home/gustav/P5-Kuka-Dual-Arm/install/moveit_ros_occupancy_map_monitor:/home/gustav/P5-Kuka-Dual-Arm/install/moveit_core:/home/gustav/P5-Kuka-Dual-Arm/install/moveit_resources_panda_moveit_config:/home/gustav/P5-Kuka-Dual-Arm/install/generate_parameter_library:/home/gustav/P5-Kuka-Dual-Arm/install/parameter_traits:/home/gustav/P5-Kuka-Dual-Arm/install/moveit_resources_pr2_description:/home/gustav/P5-Kuka-Dual-Arm/install/moveit_resources_panda_description:/home/gustav/P5-Kuka-Dual-Arm/install/moveit_msgs:/home/gustav/P5-Kuka-Dual-Arm/install/moveit_common:/home/gustav/P5-Kuka-Dual-Arm/install/generate_parameter_library_py:${AMENT_PREFIX_PATH} CMAKE_PREFIX_PATH=/home/gustav/P5-Kuka-Dual-Arm/install/moveit_ros_planning:/home/gustav/P5-Kuka-Dual-Arm/install/moveit_ros_occupancy_map_monitor:/home/gustav/P5-Kuka-Dual-Arm/install/moveit_core:/home/gustav/P5-Kuka-Dual-Arm/install/moveit_resources_panda_moveit_config:/home/gustav/P5-Kuka-Dual-Arm/install/generate_parameter_library:/home/gustav/P5-Kuka-Dual-Arm/install/parameter_traits:/home/gustav/P5-Kuka-Dual-Arm/install/moveit_resources_pr2_description:/home/gustav/P5-Kuka-Dual-Arm/install/moveit_resources_panda_description:/home/gustav/P5-Kuka-Dual-Arm/install/moveit_msgs:/home/gustav/P5-Kuka-Dual-Arm/install/moveit_common:/opt/ros/humble LD_LIBRARY_PATH=/home/gustav/P5-Kuka-Dual-Arm/install/moveit_ros_planning/lib:/home/gustav/P5-Kuka-Dual-Arm/install/moveit_ros_occupancy_map_monitor/lib:/home/gustav/P5-Kuka-Dual-Arm/install/moveit_core/lib:/home/gustav/P5-Kuka-Dual-Arm/install/parameter_traits/lib:/home/gustav/P5-Kuka-Dual-Arm/install/moveit_msgs/lib:${LD_LIBRARY_PATH} PATH=/home/gustav/P5-Kuka-Dual-Arm/install/moveit_core/bin:/home/gustav/P5-Kuka-Dual-Arm/install/generate_parameter_library_py/bin:${PATH} PYTHONPATH=/home/gustav/P5-Kuka-Dual-Arm/install/moveit_msgs/local/lib/python3.10/dist-packages:/home/gustav/P5-Kuka-Dual-Arm/install/generate_parameter_library_py/lib/python3.10/site-packages:${PYTHONPATH} /usr/bin/cmake --build /home/gustav/P5-Kuka-Dual-Arm/build/moveit_ros_robot_interaction -- -j8 -l8
[2.909s] Invoking command in '/home/gustav/P5-Kuka-Dual-Arm/build/moveit_ros_robot_interaction': AMENT_PREFIX_PATH=/home/gustav/P5-Kuka-Dual-Arm/install/moveit_ros_planning:/home/gustav/P5-Kuka-Dual-Arm/install/moveit_ros_occupancy_map_monitor:/home/gustav/P5-Kuka-Dual-Arm/install/moveit_core:/home/gustav/P5-Kuka-Dual-Arm/install/moveit_resources_panda_moveit_config:/home/gustav/P5-Kuka-Dual-Arm/install/generate_parameter_library:/home/gustav/P5-Kuka-Dual-Arm/install/parameter_traits:/home/gustav/P5-Kuka-Dual-Arm/install/moveit_resources_pr2_description:/home/gustav/P5-Kuka-Dual-Arm/install/moveit_resources_panda_description:/home/gustav/P5-Kuka-Dual-Arm/install/moveit_msgs:/home/gustav/P5-Kuka-Dual-Arm/install/moveit_common:/home/gustav/P5-Kuka-Dual-Arm/install/generate_parameter_library_py:${AMENT_PREFIX_PATH} CMAKE_PREFIX_PATH=/home/gustav/P5-Kuka-Dual-Arm/install/moveit_ros_planning:/home/gustav/P5-Kuka-Dual-Arm/install/moveit_ros_occupancy_map_monitor:/home/gustav/P5-Kuka-Dual-Arm/install/moveit_core:/home/gustav/P5-Kuka-Dual-Arm/install/moveit_resources_panda_moveit_config:/home/gustav/P5-Kuka-Dual-Arm/install/generate_parameter_library:/home/gustav/P5-Kuka-Dual-Arm/install/parameter_traits:/home/gustav/P5-Kuka-Dual-Arm/install/moveit_resources_pr2_description:/home/gustav/P5-Kuka-Dual-Arm/install/moveit_resources_panda_description:/home/gustav/P5-Kuka-Dual-Arm/install/moveit_msgs:/home/gustav/P5-Kuka-Dual-Arm/install/moveit_common:/opt/ros/humble LD_LIBRARY_PATH=/home/gustav/P5-Kuka-Dual-Arm/install/moveit_ros_planning/lib:/home/gustav/P5-Kuka-Dual-Arm/install/moveit_ros_occupancy_map_monitor/lib:/home/gustav/P5-Kuka-Dual-Arm/install/moveit_core/lib:/home/gustav/P5-Kuka-Dual-Arm/install/parameter_traits/lib:/home/gustav/P5-Kuka-Dual-Arm/install/moveit_msgs/lib:${LD_LIBRARY_PATH} PATH=/home/gustav/P5-Kuka-Dual-Arm/install/moveit_core/bin:/home/gustav/P5-Kuka-Dual-Arm/install/generate_parameter_library_py/bin:${PATH} PYTHONPATH=/home/gustav/P5-Kuka-Dual-Arm/install/moveit_msgs/local/lib/python3.10/dist-packages:/home/gustav/P5-Kuka-Dual-Arm/install/generate_parameter_library_py/lib/python3.10/site-packages:${PYTHONPATH} /usr/bin/cmake --install /home/gustav/P5-Kuka-Dual-Arm/build/moveit_ros_robot_interaction
[2.924s] -- Install configuration: "Release"
[2.925s] -- Installing: /home/gustav/P5-Kuka-Dual-Arm/install/moveit_ros_robot_interaction/lib/libmoveit_robot_interaction.so.2.5.5
[2.930s] -- Set runtime path of "/home/gustav/P5-Kuka-Dual-Arm/install/moveit_ros_robot_interaction/lib/libmoveit_robot_interaction.so.2.5.5" to ""
[2.930s] -- Up-to-date: /home/gustav/P5-Kuka-Dual-Arm/install/moveit_ros_robot_interaction/lib/libmoveit_robot_interaction.so
[2.930s] -- Up-to-date: /home/gustav/P5-Kuka-Dual-Arm/install/moveit_ros_robot_interaction/include
[2.931s] -- Up-to-date: /home/gustav/P5-Kuka-Dual-Arm/install/moveit_ros_robot_interaction/include/moveit
[2.931s] -- Up-to-date: /home/gustav/P5-Kuka-Dual-Arm/install/moveit_ros_robot_interaction/include/moveit/robot_interaction
[2.931s] -- Up-to-date: /home/gustav/P5-Kuka-Dual-Arm/install/moveit_ros_robot_interaction/include/moveit/robot_interaction/kinematic_options.h
[2.931s] -- Up-to-date: /home/gustav/P5-Kuka-Dual-Arm/install/moveit_ros_robot_interaction/include/moveit/robot_interaction/kinematic_options_map.h
[2.931s] -- Up-to-date: /home/gustav/P5-Kuka-Dual-Arm/install/moveit_ros_robot_interaction/include/moveit/robot_interaction/locked_robot_state.h
[2.931s] -- Up-to-date: /home/gustav/P5-Kuka-Dual-Arm/install/moveit_ros_robot_interaction/include/moveit/robot_interaction/interaction_handler.h
[2.931s] -- Up-to-date: /home/gustav/P5-Kuka-Dual-Arm/install/moveit_ros_robot_interaction/include/moveit/robot_interaction/interactive_marker_helpers.h
[2.932s] -- Up-to-date: /home/gustav/P5-Kuka-Dual-Arm/install/moveit_ros_robot_interaction/include/moveit/robot_interaction/interaction.h
[2.932s] -- Up-to-date: /home/gustav/P5-Kuka-Dual-Arm/install/moveit_ros_robot_interaction/include/moveit/robot_interaction/robot_interaction.h
[2.932s] -- Up-to-date: /home/gustav/P5-Kuka-Dual-Arm/install/moveit_ros_robot_interaction/include/moveit_robot_interaction_export.h
[2.932s] -- Up-to-date: /home/gustav/P5-Kuka-Dual-Arm/install/moveit_ros_robot_interaction/share/moveit_ros_robot_interaction/resources
[2.932s] -- Up-to-date: /home/gustav/P5-Kuka-Dual-Arm/install/moveit_ros_robot_interaction/share/moveit_ros_robot_interaction/resources/access-denied.stl
[2.932s] -- Up-to-date: /home/gustav/P5-Kuka-Dual-Arm/install/moveit_ros_robot_interaction/share/moveit_ros_robot_interaction/resources/access-denied.dae
[2.932s] -- Up-to-date: /home/gustav/P5-Kuka-Dual-Arm/install/moveit_ros_robot_interaction/share/moveit_ros_robot_interaction/environment/library_path.sh
[2.932s] -- Installing: /home/gustav/P5-Kuka-Dual-Arm/install/moveit_ros_robot_interaction/share/moveit_ros_robot_interaction/environment/library_path.dsv
[2.933s] -- Up-to-date: /home/gustav/P5-Kuka-Dual-Arm/install/moveit_ros_robot_interaction/share/ament_index/resource_index/package_run_dependencies/moveit_ros_robot_interaction
[2.933s] -- Installing: /home/gustav/P5-Kuka-Dual-Arm/install/moveit_ros_robot_interaction/share/ament_index/resource_index/parent_prefix_path/moveit_ros_robot_interaction
[2.933s] -- Up-to-date: /home/gustav/P5-Kuka-Dual-Arm/install/moveit_ros_robot_interaction/share/moveit_ros_robot_interaction/environment/ament_prefix_path.sh
[2.933s] -- Installing: /home/gustav/P5-Kuka-Dual-Arm/install/moveit_ros_robot_interaction/share/moveit_ros_robot_interaction/environment/ament_prefix_path.dsv
[2.933s] -- Up-to-date: /home/gustav/P5-Kuka-Dual-Arm/install/moveit_ros_robot_interaction/share/moveit_ros_robot_interaction/environment/path.sh
[2.933s] -- Installing: /home/gustav/P5-Kuka-Dual-Arm/install/moveit_ros_robot_interaction/share/moveit_ros_robot_interaction/environment/path.dsv
[2.933s] -- Up-to-date: /home/gustav/P5-Kuka-Dual-Arm/install/moveit_ros_robot_interaction/share/moveit_ros_robot_interaction/local_setup.bash
[2.934s] -- Up-to-date: /home/gustav/P5-Kuka-Dual-Arm/install/moveit_ros_robot_interaction/share/moveit_ros_robot_interaction/local_setup.sh
[2.934s] -- Up-to-date: /home/gustav/P5-Kuka-Dual-Arm/install/moveit_ros_robot_interaction/share/moveit_ros_robot_interaction/local_setup.zsh
[2.934s] -- Installing: /home/gustav/P5-Kuka-Dual-Arm/install/moveit_ros_robot_interaction/share/moveit_ros_robot_interaction/local_setup.dsv
[2.934s] -- Installing: /home/gustav/P5-Kuka-Dual-Arm/install/moveit_ros_robot_interaction/share/moveit_ros_robot_interaction/package.dsv
[2.934s] -- Up-to-date: /home/gustav/P5-Kuka-Dual-Arm/install/moveit_ros_robot_interaction/share/ament_index/resource_index/packages/moveit_ros_robot_interaction
[2.934s] -- Up-to-date: /home/gustav/P5-Kuka-Dual-Arm/install/moveit_ros_robot_interaction/share/moveit_ros_robot_interaction/cmake/export_moveit_ros_robot_interactionExport.cmake
[2.934s] -- Up-to-date: /home/gustav/P5-Kuka-Dual-Arm/install/moveit_ros_robot_interaction/share/moveit_ros_robot_interaction/cmake/export_moveit_ros_robot_interactionExport-release.cmake
[2.934s] -- Up-to-date: /home/gustav/P5-Kuka-Dual-Arm/install/moveit_ros_robot_interaction/share/moveit_ros_robot_interaction/cmake/ament_cmake_export_targets-extras.cmake
[2.934s] -- Up-to-date: /home/gustav/P5-Kuka-Dual-Arm/install/moveit_ros_robot_interaction/share/moveit_ros_robot_interaction/cmake/ament_cmake_export_dependencies-extras.cmake
[2.934s] -- Up-to-date: /home/gustav/P5-Kuka-Dual-Arm/install/moveit_ros_robot_interaction/share/moveit_ros_robot_interaction/cmake/moveit_ros_robot_interactionConfig.cmake
[2.935s] -- Up-to-date: /home/gustav/P5-Kuka-Dual-Arm/install/moveit_ros_robot_interaction/share/moveit_ros_robot_interaction/cmake/moveit_ros_robot_interactionConfig-version.cmake
[2.935s] -- Up-to-date: /home/gustav/P5-Kuka-Dual-Arm/install/moveit_ros_robot_interaction/share/moveit_ros_robot_interaction/package.xml
[2.939s] Invoked command in '/home/gustav/P5-Kuka-Dual-Arm/build/moveit_ros_robot_interaction' returned '0': AMENT_PREFIX_PATH=/home/gustav/P5-Kuka-Dual-Arm/install/moveit_ros_planning:/home/gustav/P5-Kuka-Dual-Arm/install/moveit_ros_occupancy_map_monitor:/home/gustav/P5-Kuka-Dual-Arm/install/moveit_core:/home/gustav/P5-Kuka-Dual-Arm/install/moveit_resources_panda_moveit_config:/home/gustav/P5-Kuka-Dual-Arm/install/generate_parameter_library:/home/gustav/P5-Kuka-Dual-Arm/install/parameter_traits:/home/gustav/P5-Kuka-Dual-Arm/install/moveit_resources_pr2_description:/home/gustav/P5-Kuka-Dual-Arm/install/moveit_resources_panda_description:/home/gustav/P5-Kuka-Dual-Arm/install/moveit_msgs:/home/gustav/P5-Kuka-Dual-Arm/install/moveit_common:/home/gustav/P5-Kuka-Dual-Arm/install/generate_parameter_library_py:${AMENT_PREFIX_PATH} CMAKE_PREFIX_PATH=/home/gustav/P5-Kuka-Dual-Arm/install/moveit_ros_planning:/home/gustav/P5-Kuka-Dual-Arm/install/moveit_ros_occupancy_map_monitor:/home/gustav/P5-Kuka-Dual-Arm/install/moveit_core:/home/gustav/P5-Kuka-Dual-Arm/install/moveit_resources_panda_moveit_config:/home/gustav/P5-Kuka-Dual-Arm/install/generate_parameter_library:/home/gustav/P5-Kuka-Dual-Arm/install/parameter_traits:/home/gustav/P5-Kuka-Dual-Arm/install/moveit_resources_pr2_description:/home/gustav/P5-Kuka-Dual-Arm/install/moveit_resources_panda_description:/home/gustav/P5-Kuka-Dual-Arm/install/moveit_msgs:/home/gustav/P5-Kuka-Dual-Arm/install/moveit_common:/opt/ros/humble LD_LIBRARY_PATH=/home/gustav/P5-Kuka-Dual-Arm/install/moveit_ros_planning/lib:/home/gustav/P5-Kuka-Dual-Arm/install/moveit_ros_occupancy_map_monitor/lib:/home/gustav/P5-Kuka-Dual-Arm/install/moveit_core/lib:/home/gustav/P5-Kuka-Dual-Arm/install/parameter_traits/lib:/home/gustav/P5-Kuka-Dual-Arm/install/moveit_msgs/lib:${LD_LIBRARY_PATH} PATH=/home/gustav/P5-Kuka-Dual-Arm/install/moveit_core/bin:/home/gustav/P5-Kuka-Dual-Arm/install/generate_parameter_library_py/bin:${PATH} PYTHONPATH=/home/gustav/P5-Kuka-Dual-Arm/install/moveit_msgs/local/lib/python3.10/dist-packages:/home/gustav/P5-Kuka-Dual-Arm/install/generate_parameter_library_py/lib/python3.10/site-packages:${PYTHONPATH} /usr/bin/cmake --install /home/gustav/P5-Kuka-Dual-Arm/build/moveit_ros_robot_interaction
