[0.025s] Invoking command in '/home/gustav/P5-Kuka-Dual-Arm/build/moveit_ros_planning': AMENT_PREFIX_PATH=/home/gustav/P5-Kuka-Dual-Arm/install/moveit_ros_occupancy_map_monitor:/home/gustav/P5-Kuka-Dual-Arm/install/moveit_core:/home/gustav/P5-Kuka-Dual-Arm/install/moveit_resources_panda_moveit_config:/home/gustav/P5-Kuka-Dual-Arm/install/generate_parameter_library:/home/gustav/P5-Kuka-Dual-Arm/install/parameter_traits:/home/gustav/P5-Kuka-Dual-Arm/install/moveit_resources_pr2_description:/home/gustav/P5-Kuka-Dual-Arm/install/moveit_resources_panda_description:/home/gustav/P5-Kuka-Dual-Arm/install/moveit_msgs:/home/gustav/P5-Kuka-Dual-Arm/install/moveit_common:/home/gustav/P5-Kuka-Dual-Arm/install/generate_parameter_library_py:${AMENT_PREFIX_PATH} CMAKE_PREFIX_PATH=/home/gustav/P5-Kuka-Dual-Arm/install/moveit_ros_occupancy_map_monitor:/home/gustav/P5-Kuka-Dual-Arm/install/moveit_core:/home/gustav/P5-Kuka-Dual-Arm/install/moveit_resources_panda_moveit_config:/home/gustav/P5-Kuka-Dual-Arm/install/generate_parameter_library:/home/gustav/P5-Kuka-Dual-Arm/install/parameter_traits:/home/gustav/P5-Kuka-Dual-Arm/install/moveit_resources_pr2_description:/home/gustav/P5-Kuka-Dual-Arm/install/moveit_resources_panda_description:/home/gustav/P5-Kuka-Dual-Arm/install/moveit_msgs:/home/gustav/P5-Kuka-Dual-Arm/install/moveit_common:/opt/ros/humble LD_LIBRARY_PATH=/home/gustav/P5-Kuka-Dual-Arm/install/moveit_ros_occupancy_map_monitor/lib:/home/gustav/P5-Kuka-Dual-Arm/install/moveit_core/lib:/home/gustav/P5-Kuka-Dual-Arm/install/parameter_traits/lib:/home/gustav/P5-Kuka-Dual-Arm/install/moveit_msgs/lib:${LD_LIBRARY_PATH} PATH=/home/gustav/P5-Kuka-Dual-Arm/install/moveit_core/bin:/home/gustav/P5-Kuka-Dual-Arm/install/generate_parameter_library_py/bin:${PATH} PYTHONPATH=/home/gustav/P5-Kuka-Dual-Arm/install/moveit_msgs/local/lib/python3.10/dist-packages:/home/gustav/P5-Kuka-Dual-Arm/install/generate_parameter_library_py/lib/python3.10/site-packages:${PYTHONPATH} /usr/bin/cmake --build /home/gustav/P5-Kuka-Dual-Arm/build/moveit_ros_planning -- -j8 -l8
[0.078s] [35m[1mConsolidate compiler generated dependencies of target gmock_main[0m
[0.078s] [35m[1mConsolidate compiler generated dependencies of target moveit_collision_plugin_loader[0m
[0.078s] [35m[1mConsolidate compiler generated dependencies of target gmock[0m
[0.079s] [35m[1mConsolidate compiler generated dependencies of target moveit_list_request_adapter_plugins[0m
[0.082s] [35m[1mConsolidate compiler generated dependencies of target moveit_rdf_loader[0m
[0.082s] [35m[1mConsolidate compiler generated dependencies of target moveit_planning_pipeline[0m
[0.096s] [  3%] Built target gmock_main
[0.097s] [  8%] Built target gmock
[0.108s] [35m[1mConsolidate compiler generated dependencies of target moveit_default_planning_request_adapter_plugins[0m
[0.108s] [ 12%] Built target moveit_rdf_loader
[0.109s] [ 16%] Built target moveit_collision_plugin_loader
[0.111s] [ 19%] Built target moveit_list_request_adapter_plugins
[0.114s] [ 22%] Built target moveit_planning_pipeline
[0.121s] [35m[1mConsolidate compiler generated dependencies of target moveit_constraint_sampler_manager_loader[0m
[0.122s] [35m[1mConsolidate compiler generated dependencies of target moveit_kinematics_plugin_loader[0m
[0.141s] [ 25%] Built target moveit_kinematics_plugin_loader
[0.142s] [ 29%] Built target moveit_constraint_sampler_manager_loader
[0.154s] [35m[1mConsolidate compiler generated dependencies of target moveit_robot_model_loader[0m
[0.164s] [ 46%] Built target moveit_default_planning_request_adapter_plugins
[0.172s] [ 50%] Built target moveit_robot_model_loader
[0.183s] [35m[1mConsolidate compiler generated dependencies of target moveit_print_planning_model_info[0m
[0.191s] [35m[1mConsolidate compiler generated dependencies of target moveit_planning_scene_monitor[0m
[0.204s] [ 53%] Built target moveit_print_planning_model_info
[0.246s] [ 62%] Built target moveit_planning_scene_monitor
[0.264s] [35m[1mConsolidate compiler generated dependencies of target trajectory_monitor_tests[0m
[0.264s] [35m[1mConsolidate compiler generated dependencies of target demo_scene[0m
[0.264s] [35m[1mConsolidate compiler generated dependencies of target moveit_evaluate_collision_checking_speed[0m
[0.265s] [35m[1mConsolidate compiler generated dependencies of target moveit_visualize_robot_collision_volume[0m
[0.265s] [35m[1mConsolidate compiler generated dependencies of target moveit_publish_scene_from_text[0m
[0.265s] [35m[1mConsolidate compiler generated dependencies of target current_state_monitor_tests[0m
[0.268s] [35m[1mConsolidate compiler generated dependencies of target moveit_print_planning_scene_info[0m
[0.275s] [35m[1mConsolidate compiler generated dependencies of target moveit_display_random_state[0m
[0.300s] [ 66%] Built target trajectory_monitor_tests
[0.302s] [ 69%] Built target demo_scene
[0.308s] [ 72%] Built target current_state_monitor_tests
[0.312s] [ 75%] Built target moveit_visualize_robot_collision_volume
[0.312s] [ 79%] Built target moveit_publish_scene_from_text
[0.313s] [ 82%] Built target moveit_print_planning_scene_info
[0.313s] [ 85%] Built target moveit_evaluate_collision_checking_speed
[0.316s] [ 88%] Built target moveit_display_random_state
[0.323s] [35m[1mConsolidate compiler generated dependencies of target moveit_trajectory_execution_manager[0m
[0.347s] [ 91%] Built target moveit_trajectory_execution_manager
[0.359s] [35m[1mConsolidate compiler generated dependencies of target moveit_plan_execution[0m
[0.361s] [35m[1mConsolidate compiler generated dependencies of target moveit_cpp[0m
[0.388s] [ 95%] Built target moveit_plan_execution
[0.389s] [100%] Built target moveit_cpp
[0.414s] Invoked command in '/home/gustav/P5-Kuka-Dual-Arm/build/moveit_ros_planning' returned '0': AMENT_PREFIX_PATH=/home/gustav/P5-Kuka-Dual-Arm/install/moveit_ros_occupancy_map_monitor:/home/gustav/P5-Kuka-Dual-Arm/install/moveit_core:/home/gustav/P5-Kuka-Dual-Arm/install/moveit_resources_panda_moveit_config:/home/gustav/P5-Kuka-Dual-Arm/install/generate_parameter_library:/home/gustav/P5-Kuka-Dual-Arm/install/parameter_traits:/home/gustav/P5-Kuka-Dual-Arm/install/moveit_resources_pr2_description:/home/gustav/P5-Kuka-Dual-Arm/install/moveit_resources_panda_description:/home/gustav/P5-Kuka-Dual-Arm/install/moveit_msgs:/home/gustav/P5-Kuka-Dual-Arm/install/moveit_common:/home/gustav/P5-Kuka-Dual-Arm/install/generate_parameter_library_py:${AMENT_PREFIX_PATH} CMAKE_PREFIX_PATH=/home/gustav/P5-Kuka-Dual-Arm/install/moveit_ros_occupancy_map_monitor:/home/gustav/P5-Kuka-Dual-Arm/install/moveit_core:/home/gustav/P5-Kuka-Dual-Arm/install/moveit_resources_panda_moveit_config:/home/gustav/P5-Kuka-Dual-Arm/install/generate_parameter_library:/home/gustav/P5-Kuka-Dual-Arm/install/parameter_traits:/home/gustav/P5-Kuka-Dual-Arm/install/moveit_resources_pr2_description:/home/gustav/P5-Kuka-Dual-Arm/install/moveit_resources_panda_description:/home/gustav/P5-Kuka-Dual-Arm/install/moveit_msgs:/home/gustav/P5-Kuka-Dual-Arm/install/moveit_common:/opt/ros/humble LD_LIBRARY_PATH=/home/gustav/P5-Kuka-Dual-Arm/install/moveit_ros_occupancy_map_monitor/lib:/home/gustav/P5-Kuka-Dual-Arm/install/moveit_core/lib:/home/gustav/P5-Kuka-Dual-Arm/install/parameter_traits/lib:/home/gustav/P5-Kuka-Dual-Arm/install/moveit_msgs/lib:${LD_LIBRARY_PATH} PATH=/home/gustav/P5-Kuka-Dual-Arm/install/moveit_core/bin:/home/gustav/P5-Kuka-Dual-Arm/install/generate_parameter_library_py/bin:${PATH} PYTHONPATH=/home/gustav/P5-Kuka-Dual-Arm/install/moveit_msgs/local/lib/python3.10/dist-packages:/home/gustav/P5-Kuka-Dual-Arm/install/generate_parameter_library_py/lib/python3.10/site-packages:${PYTHONPATH} /usr/bin/cmake --build /home/gustav/P5-Kuka-Dual-Arm/build/moveit_ros_planning -- -j8 -l8
[0.446s] Invoking command in '/home/gustav/P5-Kuka-Dual-Arm/build/moveit_ros_planning': AMENT_PREFIX_PATH=/home/gustav/P5-Kuka-Dual-Arm/install/moveit_ros_occupancy_map_monitor:/home/gustav/P5-Kuka-Dual-Arm/install/moveit_core:/home/gustav/P5-Kuka-Dual-Arm/install/moveit_resources_panda_moveit_config:/home/gustav/P5-Kuka-Dual-Arm/install/generate_parameter_library:/home/gustav/P5-Kuka-Dual-Arm/install/parameter_traits:/home/gustav/P5-Kuka-Dual-Arm/install/moveit_resources_pr2_description:/home/gustav/P5-Kuka-Dual-Arm/install/moveit_resources_panda_description:/home/gustav/P5-Kuka-Dual-Arm/install/moveit_msgs:/home/gustav/P5-Kuka-Dual-Arm/install/moveit_common:/home/gustav/P5-Kuka-Dual-Arm/install/generate_parameter_library_py:${AMENT_PREFIX_PATH} CMAKE_PREFIX_PATH=/home/gustav/P5-Kuka-Dual-Arm/install/moveit_ros_occupancy_map_monitor:/home/gustav/P5-Kuka-Dual-Arm/install/moveit_core:/home/gustav/P5-Kuka-Dual-Arm/install/moveit_resources_panda_moveit_config:/home/gustav/P5-Kuka-Dual-Arm/install/generate_parameter_library:/home/gustav/P5-Kuka-Dual-Arm/install/parameter_traits:/home/gustav/P5-Kuka-Dual-Arm/install/moveit_resources_pr2_description:/home/gustav/P5-Kuka-Dual-Arm/install/moveit_resources_panda_description:/home/gustav/P5-Kuka-Dual-Arm/install/moveit_msgs:/home/gustav/P5-Kuka-Dual-Arm/install/moveit_common:/opt/ros/humble LD_LIBRARY_PATH=/home/gustav/P5-Kuka-Dual-Arm/install/moveit_ros_occupancy_map_monitor/lib:/home/gustav/P5-Kuka-Dual-Arm/install/moveit_core/lib:/home/gustav/P5-Kuka-Dual-Arm/install/parameter_traits/lib:/home/gustav/P5-Kuka-Dual-Arm/install/moveit_msgs/lib:${LD_LIBRARY_PATH} PATH=/home/gustav/P5-Kuka-Dual-Arm/install/moveit_core/bin:/home/gustav/P5-Kuka-Dual-Arm/install/generate_parameter_library_py/bin:${PATH} PYTHONPATH=/home/gustav/P5-Kuka-Dual-Arm/install/moveit_msgs/local/lib/python3.10/dist-packages:/home/gustav/P5-Kuka-Dual-Arm/install/generate_parameter_library_py/lib/python3.10/site-packages:${PYTHONPATH} /usr/bin/cmake --install /home/gustav/P5-Kuka-Dual-Arm/build/moveit_ros_planning
[0.453s] -- Install configuration: "Release"
[0.454s] -- Up-to-date: /home/gustav/P5-Kuka-Dual-Arm/install/moveit_ros_planning/include
[0.454s] -- Up-to-date: /home/gustav/P5-Kuka-Dual-Arm/install/moveit_ros_planning/include/moveit
[0.454s] -- Up-to-date: /home/gustav/P5-Kuka-Dual-Arm/install/moveit_ros_planning/include/moveit/rdf_loader
[0.454s] -- Up-to-date: /home/gustav/P5-Kuka-Dual-Arm/install/moveit_ros_planning/include/moveit/rdf_loader/synchronized_string_parameter.h
[0.454s] -- Up-to-date: /home/gustav/P5-Kuka-Dual-Arm/install/moveit_ros_planning/include/moveit/rdf_loader/rdf_loader.h
[0.455s] -- Up-to-date: /home/gustav/P5-Kuka-Dual-Arm/install/moveit_ros_planning/share/moveit_ros_planning/rdf_loader/test/data
[0.455s] -- Up-to-date: /home/gustav/P5-Kuka-Dual-Arm/install/moveit_ros_planning/share/moveit_ros_planning/rdf_loader/test/data/kermit.srdf
[0.455s] -- Up-to-date: /home/gustav/P5-Kuka-Dual-Arm/install/moveit_ros_planning/share/moveit_ros_planning/rdf_loader/test/data/kermit.urdf
[0.455s] -- Up-to-date: /home/gustav/P5-Kuka-Dual-Arm/install/moveit_ros_planning/share/moveit_ros_planning/rdf_loader/test/data/robin.srdf.xacro
[0.455s] -- Up-to-date: /home/gustav/P5-Kuka-Dual-Arm/install/moveit_ros_planning/share/moveit_ros_planning/rdf_loader/test/data/gonzo.urdf
[0.455s] -- Up-to-date: /home/gustav/P5-Kuka-Dual-Arm/install/moveit_ros_planning/share/moveit_ros_planning/rdf_loader/test/data/gonzo.srdf
[0.455s] -- Up-to-date: /home/gustav/P5-Kuka-Dual-Arm/install/moveit_ros_planning/share/moveit_ros_planning/rdf_loader/test/launch
[0.455s] -- Up-to-date: /home/gustav/P5-Kuka-Dual-Arm/install/moveit_ros_planning/share/moveit_ros_planning/rdf_loader/test/launch/test_rdf_integration.test.py
[0.455s] -- Up-to-date: /home/gustav/P5-Kuka-Dual-Arm/install/moveit_ros_planning/include
[0.455s] -- Up-to-date: /home/gustav/P5-Kuka-Dual-Arm/install/moveit_ros_planning/include/moveit
[0.455s] -- Up-to-date: /home/gustav/P5-Kuka-Dual-Arm/install/moveit_ros_planning/include/moveit/collision_plugin_loader
[0.455s] -- Up-to-date: /home/gustav/P5-Kuka-Dual-Arm/install/moveit_ros_planning/include/moveit/collision_plugin_loader/collision_plugin_loader.h
[0.456s] -- Up-to-date: /home/gustav/P5-Kuka-Dual-Arm/install/moveit_ros_planning/include
[0.456s] -- Up-to-date: /home/gustav/P5-Kuka-Dual-Arm/install/moveit_ros_planning/include/moveit
[0.456s] -- Up-to-date: /home/gustav/P5-Kuka-Dual-Arm/install/moveit_ros_planning/include/moveit/kinematics_plugin_loader
[0.456s] -- Up-to-date: /home/gustav/P5-Kuka-Dual-Arm/install/moveit_ros_planning/include/moveit/kinematics_plugin_loader/kinematics_plugin_loader.h
[0.456s] -- Up-to-date: /home/gustav/P5-Kuka-Dual-Arm/install/moveit_ros_planning/include
[0.456s] -- Up-to-date: /home/gustav/P5-Kuka-Dual-Arm/install/moveit_ros_planning/include/moveit
[0.456s] -- Up-to-date: /home/gustav/P5-Kuka-Dual-Arm/install/moveit_ros_planning/include/moveit/robot_model_loader
[0.456s] -- Up-to-date: /home/gustav/P5-Kuka-Dual-Arm/install/moveit_ros_planning/include/moveit/robot_model_loader/robot_model_loader.h
[0.456s] -- Up-to-date: /home/gustav/P5-Kuka-Dual-Arm/install/moveit_ros_planning/include
[0.456s] -- Up-to-date: /home/gustav/P5-Kuka-Dual-Arm/install/moveit_ros_planning/include/moveit
[0.456s] -- Up-to-date: /home/gustav/P5-Kuka-Dual-Arm/install/moveit_ros_planning/include/moveit/constraint_sampler_manager_loader
[0.457s] -- Up-to-date: /home/gustav/P5-Kuka-Dual-Arm/install/moveit_ros_planning/include/moveit/constraint_sampler_manager_loader/constraint_sampler_manager_loader.h
[0.457s] -- Up-to-date: /home/gustav/P5-Kuka-Dual-Arm/install/moveit_ros_planning/include
[0.457s] -- Up-to-date: /home/gustav/P5-Kuka-Dual-Arm/install/moveit_ros_planning/include/moveit
[0.457s] -- Up-to-date: /home/gustav/P5-Kuka-Dual-Arm/install/moveit_ros_planning/include/moveit/planning_pipeline
[0.457s] -- Up-to-date: /home/gustav/P5-Kuka-Dual-Arm/install/moveit_ros_planning/include/moveit/planning_pipeline/planning_pipeline.h
[0.457s] -- Up-to-date: /home/gustav/P5-Kuka-Dual-Arm/install/moveit_ros_planning/include/moveit_planning_pipeline_export.h
[0.458s] -- Up-to-date: /home/gustav/P5-Kuka-Dual-Arm/install/moveit_ros_planning/lib/moveit_ros_planning/moveit_list_request_adapter_plugins
[0.459s] -- Up-to-date: /home/gustav/P5-Kuka-Dual-Arm/install/moveit_ros_planning/lib/moveit_ros_planning/demo_scene
[0.459s] -- Up-to-date: /home/gustav/P5-Kuka-Dual-Arm/install/moveit_ros_planning/include
[0.459s] -- Up-to-date: /home/gustav/P5-Kuka-Dual-Arm/install/moveit_ros_planning/include/moveit
[0.459s] -- Up-to-date: /home/gustav/P5-Kuka-Dual-Arm/install/moveit_ros_planning/include/moveit/planning_scene_monitor
[0.459s] -- Up-to-date: /home/gustav/P5-Kuka-Dual-Arm/install/moveit_ros_planning/include/moveit/planning_scene_monitor/trajectory_monitor.h
[0.459s] -- Up-to-date: /home/gustav/P5-Kuka-Dual-Arm/install/moveit_ros_planning/include/moveit/planning_scene_monitor/current_state_monitor_middleware_handle.hpp
[0.459s] -- Up-to-date: /home/gustav/P5-Kuka-Dual-Arm/install/moveit_ros_planning/include/moveit/planning_scene_monitor/current_state_monitor.h
[0.459s] -- Up-to-date: /home/gustav/P5-Kuka-Dual-Arm/install/moveit_ros_planning/include/moveit/planning_scene_monitor/planning_scene_monitor.h
[0.460s] -- Up-to-date: /home/gustav/P5-Kuka-Dual-Arm/install/moveit_ros_planning/include/moveit/planning_scene_monitor/trajectory_monitor_middleware_handle.hpp
[0.460s] -- Up-to-date: /home/gustav/P5-Kuka-Dual-Arm/install/moveit_ros_planning/include/moveit_planning_scene_monitor_export.h
[0.461s] -- Up-to-date: /home/gustav/P5-Kuka-Dual-Arm/install/moveit_ros_planning/lib/moveit_ros_planning/moveit_print_planning_model_info
[0.461s] -- Up-to-date: /home/gustav/P5-Kuka-Dual-Arm/install/moveit_ros_planning/lib/moveit_ros_planning/moveit_print_planning_scene_info
[0.462s] -- Up-to-date: /home/gustav/P5-Kuka-Dual-Arm/install/moveit_ros_planning/lib/moveit_ros_planning/moveit_display_random_state
[0.463s] -- Up-to-date: /home/gustav/P5-Kuka-Dual-Arm/install/moveit_ros_planning/lib/moveit_ros_planning/moveit_visualize_robot_collision_volume
[0.463s] -- Up-to-date: /home/gustav/P5-Kuka-Dual-Arm/install/moveit_ros_planning/lib/moveit_ros_planning/moveit_evaluate_collision_checking_speed
[0.464s] -- Up-to-date: /home/gustav/P5-Kuka-Dual-Arm/install/moveit_ros_planning/lib/moveit_ros_planning/moveit_publish_scene_from_text
[0.464s] -- Up-to-date: /home/gustav/P5-Kuka-Dual-Arm/install/moveit_ros_planning/include
[0.464s] -- Up-to-date: /home/gustav/P5-Kuka-Dual-Arm/install/moveit_ros_planning/include/moveit
[0.464s] -- Up-to-date: /home/gustav/P5-Kuka-Dual-Arm/install/moveit_ros_planning/include/moveit/trajectory_execution_manager
[0.465s] -- Up-to-date: /home/gustav/P5-Kuka-Dual-Arm/install/moveit_ros_planning/include/moveit/trajectory_execution_manager/trajectory_execution_manager.h
[0.465s] -- Up-to-date: /home/gustav/P5-Kuka-Dual-Arm/install/moveit_ros_planning/include/moveit_trajectory_execution_manager_export.h
[0.465s] -- Up-to-date: /home/gustav/P5-Kuka-Dual-Arm/install/moveit_ros_planning/include
[0.465s] -- Up-to-date: /home/gustav/P5-Kuka-Dual-Arm/install/moveit_ros_planning/include/moveit
[0.465s] -- Up-to-date: /home/gustav/P5-Kuka-Dual-Arm/install/moveit_ros_planning/include/moveit/plan_execution
[0.465s] -- Up-to-date: /home/gustav/P5-Kuka-Dual-Arm/install/moveit_ros_planning/include/moveit/plan_execution/plan_execution.h
[0.465s] -- Up-to-date: /home/gustav/P5-Kuka-Dual-Arm/install/moveit_ros_planning/include/moveit/plan_execution/plan_representation.h
[0.465s] -- Up-to-date: /home/gustav/P5-Kuka-Dual-Arm/install/moveit_ros_planning/include
[0.465s] -- Up-to-date: /home/gustav/P5-Kuka-Dual-Arm/install/moveit_ros_planning/include/moveit
[0.466s] -- Up-to-date: /home/gustav/P5-Kuka-Dual-Arm/install/moveit_ros_planning/include/moveit/moveit_cpp
[0.466s] -- Up-to-date: /home/gustav/P5-Kuka-Dual-Arm/install/moveit_ros_planning/include/moveit/moveit_cpp/planning_component.h
[0.466s] -- Up-to-date: /home/gustav/P5-Kuka-Dual-Arm/install/moveit_ros_planning/include/moveit/moveit_cpp/moveit_cpp.h
[0.466s] -- Up-to-date: /home/gustav/P5-Kuka-Dual-Arm/install/moveit_ros_planning/lib/libmoveit_rdf_loader.so.2.5.5
[0.466s] -- Up-to-date: /home/gustav/P5-Kuka-Dual-Arm/install/moveit_ros_planning/lib/libmoveit_rdf_loader.so
[0.466s] -- Up-to-date: /home/gustav/P5-Kuka-Dual-Arm/install/moveit_ros_planning/lib/libmoveit_kinematics_plugin_loader.so.2.5.5
[0.467s] -- Up-to-date: /home/gustav/P5-Kuka-Dual-Arm/install/moveit_ros_planning/lib/libmoveit_kinematics_plugin_loader.so
[0.467s] -- Up-to-date: /home/gustav/P5-Kuka-Dual-Arm/install/moveit_ros_planning/lib/libmoveit_robot_model_loader.so.2.5.5
[0.467s] -- Up-to-date: /home/gustav/P5-Kuka-Dual-Arm/install/moveit_ros_planning/lib/libmoveit_robot_model_loader.so
[0.468s] -- Up-to-date: /home/gustav/P5-Kuka-Dual-Arm/install/moveit_ros_planning/lib/libmoveit_constraint_sampler_manager_loader.so.2.5.5
[0.468s] -- Up-to-date: /home/gustav/P5-Kuka-Dual-Arm/install/moveit_ros_planning/lib/libmoveit_constraint_sampler_manager_loader.so
[0.469s] -- Up-to-date: /home/gustav/P5-Kuka-Dual-Arm/install/moveit_ros_planning/lib/libmoveit_planning_pipeline.so.2.5.5
[0.469s] -- Up-to-date: /home/gustav/P5-Kuka-Dual-Arm/install/moveit_ros_planning/lib/libmoveit_planning_pipeline.so
[0.469s] -- Up-to-date: /home/gustav/P5-Kuka-Dual-Arm/install/moveit_ros_planning/lib/libmoveit_trajectory_execution_manager.so.2.5.5
[0.469s] -- Up-to-date: /home/gustav/P5-Kuka-Dual-Arm/install/moveit_ros_planning/lib/libmoveit_trajectory_execution_manager.so
[0.470s] -- Up-to-date: /home/gustav/P5-Kuka-Dual-Arm/install/moveit_ros_planning/lib/libmoveit_plan_execution.so.2.5.5
[0.470s] -- Up-to-date: /home/gustav/P5-Kuka-Dual-Arm/install/moveit_ros_planning/lib/libmoveit_plan_execution.so
[0.471s] -- Up-to-date: /home/gustav/P5-Kuka-Dual-Arm/install/moveit_ros_planning/lib/libmoveit_planning_scene_monitor.so.2.5.5
[0.471s] -- Up-to-date: /home/gustav/P5-Kuka-Dual-Arm/install/moveit_ros_planning/lib/libmoveit_planning_scene_monitor.so
[0.471s] -- Up-to-date: /home/gustav/P5-Kuka-Dual-Arm/install/moveit_ros_planning/lib/libmoveit_collision_plugin_loader.so.2.5.5
[0.471s] -- Up-to-date: /home/gustav/P5-Kuka-Dual-Arm/install/moveit_ros_planning/lib/libmoveit_collision_plugin_loader.so
[0.472s] -- Up-to-date: /home/gustav/P5-Kuka-Dual-Arm/install/moveit_ros_planning/lib/libmoveit_default_planning_request_adapter_plugins.so.2.5.5
[0.472s] -- Up-to-date: /home/gustav/P5-Kuka-Dual-Arm/install/moveit_ros_planning/lib/libmoveit_default_planning_request_adapter_plugins.so
[0.473s] -- Up-to-date: /home/gustav/P5-Kuka-Dual-Arm/install/moveit_ros_planning/lib/libmoveit_cpp.so.2.5.5
[0.473s] -- Up-to-date: /home/gustav/P5-Kuka-Dual-Arm/install/moveit_ros_planning/lib/libmoveit_cpp.so
[0.473s] -- Up-to-date: /home/gustav/P5-Kuka-Dual-Arm/install/moveit_ros_planning/share/moveit_ros_planning/environment/library_path.sh
[0.473s] -- Up-to-date: /home/gustav/P5-Kuka-Dual-Arm/install/moveit_ros_planning/share/moveit_ros_planning/environment/library_path.dsv
[0.473s] -- Up-to-date: /home/gustav/P5-Kuka-Dual-Arm/install/moveit_ros_planning/share/moveit_ros_planning/planning_request_adapters_plugin_description.xml
[0.473s] -- Up-to-date: /home/gustav/P5-Kuka-Dual-Arm/install/moveit_ros_planning/share/ament_index/resource_index/package_run_dependencies/moveit_ros_planning
[0.474s] -- Up-to-date: /home/gustav/P5-Kuka-Dual-Arm/install/moveit_ros_planning/share/ament_index/resource_index/parent_prefix_path/moveit_ros_planning
[0.474s] -- Up-to-date: /home/gustav/P5-Kuka-Dual-Arm/install/moveit_ros_planning/share/moveit_ros_planning/environment/ament_prefix_path.sh
[0.474s] -- Up-to-date: /home/gustav/P5-Kuka-Dual-Arm/install/moveit_ros_planning/share/moveit_ros_planning/environment/ament_prefix_path.dsv
[0.474s] -- Up-to-date: /home/gustav/P5-Kuka-Dual-Arm/install/moveit_ros_planning/share/moveit_ros_planning/environment/path.sh
[0.474s] -- Up-to-date: /home/gustav/P5-Kuka-Dual-Arm/install/moveit_ros_planning/share/moveit_ros_planning/environment/path.dsv
[0.474s] -- Up-to-date: /home/gustav/P5-Kuka-Dual-Arm/install/moveit_ros_planning/share/moveit_ros_planning/local_setup.bash
[0.474s] -- Up-to-date: /home/gustav/P5-Kuka-Dual-Arm/install/moveit_ros_planning/share/moveit_ros_planning/local_setup.sh
[0.474s] -- Up-to-date: /home/gustav/P5-Kuka-Dual-Arm/install/moveit_ros_planning/share/moveit_ros_planning/local_setup.zsh
[0.474s] -- Up-to-date: /home/gustav/P5-Kuka-Dual-Arm/install/moveit_ros_planning/share/moveit_ros_planning/local_setup.dsv
[0.474s] -- Installing: /home/gustav/P5-Kuka-Dual-Arm/install/moveit_ros_planning/share/moveit_ros_planning/package.dsv
[0.474s] -- Up-to-date: /home/gustav/P5-Kuka-Dual-Arm/install/moveit_ros_planning/share/ament_index/resource_index/packages/moveit_ros_planning
[0.475s] -- Up-to-date: /home/gustav/P5-Kuka-Dual-Arm/install/moveit_ros_planning/share/ament_index/resource_index/moveit_core__pluginlib__plugin/moveit_ros_planning
[0.475s] -- Up-to-date: /home/gustav/P5-Kuka-Dual-Arm/install/moveit_ros_planning/share/moveit_ros_planning/cmake/export_moveit_ros_planningExport.cmake
[0.475s] -- Up-to-date: /home/gustav/P5-Kuka-Dual-Arm/install/moveit_ros_planning/share/moveit_ros_planning/cmake/export_moveit_ros_planningExport-release.cmake
[0.475s] -- Up-to-date: /home/gustav/P5-Kuka-Dual-Arm/install/moveit_ros_planning/share/moveit_ros_planning/cmake/ConfigExtras.cmake
[0.476s] -- Up-to-date: /home/gustav/P5-Kuka-Dual-Arm/install/moveit_ros_planning/share/moveit_ros_planning/cmake/ament_cmake_export_targets-extras.cmake
[0.476s] -- Up-to-date: /home/gustav/P5-Kuka-Dual-Arm/install/moveit_ros_planning/share/moveit_ros_planning/cmake/ament_cmake_export_dependencies-extras.cmake
[0.476s] -- Up-to-date: /home/gustav/P5-Kuka-Dual-Arm/install/moveit_ros_planning/share/moveit_ros_planning/cmake/moveit_ros_planningConfig.cmake
[0.476s] -- Up-to-date: /home/gustav/P5-Kuka-Dual-Arm/install/moveit_ros_planning/share/moveit_ros_planning/cmake/moveit_ros_planningConfig-version.cmake
[0.476s] -- Up-to-date: /home/gustav/P5-Kuka-Dual-Arm/install/moveit_ros_planning/share/moveit_ros_planning/package.xml
[0.478s] Invoked command in '/home/gustav/P5-Kuka-Dual-Arm/build/moveit_ros_planning' returned '0': AMENT_PREFIX_PATH=/home/gustav/P5-Kuka-Dual-Arm/install/moveit_ros_occupancy_map_monitor:/home/gustav/P5-Kuka-Dual-Arm/install/moveit_core:/home/gustav/P5-Kuka-Dual-Arm/install/moveit_resources_panda_moveit_config:/home/gustav/P5-Kuka-Dual-Arm/install/generate_parameter_library:/home/gustav/P5-Kuka-Dual-Arm/install/parameter_traits:/home/gustav/P5-Kuka-Dual-Arm/install/moveit_resources_pr2_description:/home/gustav/P5-Kuka-Dual-Arm/install/moveit_resources_panda_description:/home/gustav/P5-Kuka-Dual-Arm/install/moveit_msgs:/home/gustav/P5-Kuka-Dual-Arm/install/moveit_common:/home/gustav/P5-Kuka-Dual-Arm/install/generate_parameter_library_py:${AMENT_PREFIX_PATH} CMAKE_PREFIX_PATH=/home/gustav/P5-Kuka-Dual-Arm/install/moveit_ros_occupancy_map_monitor:/home/gustav/P5-Kuka-Dual-Arm/install/moveit_core:/home/gustav/P5-Kuka-Dual-Arm/install/moveit_resources_panda_moveit_config:/home/gustav/P5-Kuka-Dual-Arm/install/generate_parameter_library:/home/gustav/P5-Kuka-Dual-Arm/install/parameter_traits:/home/gustav/P5-Kuka-Dual-Arm/install/moveit_resources_pr2_description:/home/gustav/P5-Kuka-Dual-Arm/install/moveit_resources_panda_description:/home/gustav/P5-Kuka-Dual-Arm/install/moveit_msgs:/home/gustav/P5-Kuka-Dual-Arm/install/moveit_common:/opt/ros/humble LD_LIBRARY_PATH=/home/gustav/P5-Kuka-Dual-Arm/install/moveit_ros_occupancy_map_monitor/lib:/home/gustav/P5-Kuka-Dual-Arm/install/moveit_core/lib:/home/gustav/P5-Kuka-Dual-Arm/install/parameter_traits/lib:/home/gustav/P5-Kuka-Dual-Arm/install/moveit_msgs/lib:${LD_LIBRARY_PATH} PATH=/home/gustav/P5-Kuka-Dual-Arm/install/moveit_core/bin:/home/gustav/P5-Kuka-Dual-Arm/install/generate_parameter_library_py/bin:${PATH} PYTHONPATH=/home/gustav/P5-Kuka-Dual-Arm/install/moveit_msgs/local/lib/python3.10/dist-packages:/home/gustav/P5-Kuka-Dual-Arm/install/generate_parameter_library_py/lib/python3.10/site-packages:${PYTHONPATH} /usr/bin/cmake --install /home/gustav/P5-Kuka-Dual-Arm/build/moveit_ros_planning
