[0.770s] Invoking command in '/home/gustav/P5-Kuka-Dual-Arm/p5_ws/src/lbr_fri_ros2_stack/lbr_demos/lbr_demos_advanced_py': AMENT_PREFIX_PATH=/home/gustav/P5-Kuka-Dual-Arm/install/lbr_fri_ros2:/home/gustav/P5-Kuka-Dual-Arm/install/lbr_fri_idl:/home/gustav/P5-Kuka-Dual-Arm/install/lbr_description:${AMENT_PREFIX_PATH} CMAKE_PREFIX_PATH=/home/gustav/P5-Kuka-Dual-Arm/install/lbr_fri_ros2:/home/gustav/P5-Kuka-Dual-Arm/install/lbr_fri_idl:/home/gustav/P5-Kuka-Dual-Arm/install/lbr_description:/home/gustav/P5-Kuka-Dual-Arm/install/fri_client_sdk LD_LIBRARY_PATH=/home/gustav/P5-Kuka-Dual-Arm/install/lbr_fri_ros2/lib:/home/gustav/P5-Kuka-Dual-Arm/install/lbr_fri_idl/lib:/home/gustav/P5-Kuka-Dual-Arm/install/fri_client_sdk/lib:${LD_LIBRARY_PATH} PKG_CONFIG_PATH=/home/gustav/P5-Kuka-Dual-Arm/install/fri_client_sdk/lib/x86_64-linux-gnu/pkgconfig:/home/gustav/P5-Kuka-Dual-Arm/install/fri_client_sdk/lib/pkgconfig PYTHONPATH=/home/gustav/P5-Kuka-Dual-Arm/build/lbr_demos_advanced_py/prefix_override:/usr/lib/python3/dist-packages/colcon_core/task/python/colcon_distutils_commands:/home/gustav/P5-Kuka-Dual-Arm/install/lbr_demos_advanced_py/lib/python3.10/site-packages:/home/gustav/P5-Kuka-Dual-Arm/install/lbr_fri_idl/local/lib/python3.10/dist-packages:${PYTHONPATH} /usr/bin/python3 -W ignore:setup.py install is deprecated setup.py egg_info --egg-base ../../../../../build/lbr_demos_advanced_py build --build-base /home/gustav/P5-Kuka-Dual-Arm/build/lbr_demos_advanced_py/build install --record /home/gustav/P5-Kuka-Dual-Arm/build/lbr_demos_advanced_py/install.log --single-version-externally-managed install_data
[1.046s] running egg_info
[1.047s] writing ../../../../../build/lbr_demos_advanced_py/lbr_demos_advanced_py.egg-info/PKG-INFO
[1.049s] writing dependency_links to ../../../../../build/lbr_demos_advanced_py/lbr_demos_advanced_py.egg-info/dependency_links.txt
[1.049s] writing entry points to ../../../../../build/lbr_demos_advanced_py/lbr_demos_advanced_py.egg-info/entry_points.txt
[1.049s] writing requirements to ../../../../../build/lbr_demos_advanced_py/lbr_demos_advanced_py.egg-info/requires.txt
[1.049s] writing top-level names to ../../../../../build/lbr_demos_advanced_py/lbr_demos_advanced_py.egg-info/top_level.txt
[1.052s] reading manifest file '../../../../../build/lbr_demos_advanced_py/lbr_demos_advanced_py.egg-info/SOURCES.txt'
[1.053s] writing manifest file '../../../../../build/lbr_demos_advanced_py/lbr_demos_advanced_py.egg-info/SOURCES.txt'
[1.053s] running build
[1.053s] running build_py
[1.054s] running install
[1.054s] running install_lib
[1.056s] running install_data
[1.057s] running install_egg_info
[1.059s] removing '/home/gustav/P5-Kuka-Dual-Arm/install/lbr_demos_advanced_py/lib/python3.10/site-packages/lbr_demos_advanced_py-2.0.0-py3.10.egg-info' (and everything under it)
[1.059s] Copying ../../../../../build/lbr_demos_advanced_py/lbr_demos_advanced_py.egg-info to /home/gustav/P5-Kuka-Dual-Arm/install/lbr_demos_advanced_py/lib/python3.10/site-packages/lbr_demos_advanced_py-2.0.0-py3.10.egg-info
[1.060s] running install_scripts
[1.084s] Installing admittance_control script to /home/gustav/P5-Kuka-Dual-Arm/install/lbr_demos_advanced_py/lib/lbr_demos_advanced_py
[1.085s] Installing admittance_rcm_control script to /home/gustav/P5-Kuka-Dual-Arm/install/lbr_demos_advanced_py/lib/lbr_demos_advanced_py
[1.085s] writing list of installed files to '/home/gustav/P5-Kuka-Dual-Arm/build/lbr_demos_advanced_py/install.log'
[1.118s] Invoked command in '/home/gustav/P5-Kuka-Dual-Arm/p5_ws/src/lbr_fri_ros2_stack/lbr_demos/lbr_demos_advanced_py' returned '0': AMENT_PREFIX_PATH=/home/gustav/P5-Kuka-Dual-Arm/install/lbr_fri_ros2:/home/gustav/P5-Kuka-Dual-Arm/install/lbr_fri_idl:/home/gustav/P5-Kuka-Dual-Arm/install/lbr_description:${AMENT_PREFIX_PATH} CMAKE_PREFIX_PATH=/home/gustav/P5-Kuka-Dual-Arm/install/lbr_fri_ros2:/home/gustav/P5-Kuka-Dual-Arm/install/lbr_fri_idl:/home/gustav/P5-Kuka-Dual-Arm/install/lbr_description:/home/gustav/P5-Kuka-Dual-Arm/install/fri_client_sdk LD_LIBRARY_PATH=/home/gustav/P5-Kuka-Dual-Arm/install/lbr_fri_ros2/lib:/home/gustav/P5-Kuka-Dual-Arm/install/lbr_fri_idl/lib:/home/gustav/P5-Kuka-Dual-Arm/install/fri_client_sdk/lib:${LD_LIBRARY_PATH} PKG_CONFIG_PATH=/home/gustav/P5-Kuka-Dual-Arm/install/fri_client_sdk/lib/x86_64-linux-gnu/pkgconfig:/home/gustav/P5-Kuka-Dual-Arm/install/fri_client_sdk/lib/pkgconfig PYTHONPATH=/home/gustav/P5-Kuka-Dual-Arm/build/lbr_demos_advanced_py/prefix_override:/usr/lib/python3/dist-packages/colcon_core/task/python/colcon_distutils_commands:/home/gustav/P5-Kuka-Dual-Arm/install/lbr_demos_advanced_py/lib/python3.10/site-packages:/home/gustav/P5-Kuka-Dual-Arm/install/lbr_fri_idl/local/lib/python3.10/dist-packages:${PYTHONPATH} /usr/bin/python3 -W ignore:setup.py install is deprecated setup.py egg_info --egg-base ../../../../../build/lbr_demos_advanced_py build --build-base /home/gustav/P5-Kuka-Dual-Arm/build/lbr_demos_advanced_py/build install --record /home/gustav/P5-Kuka-Dual-Arm/build/lbr_demos_advanced_py/install.log --single-version-externally-managed install_data
