[1.714s] Invoking command in '/home/gustav/P5-Kuka-Dual-Arm/p5_ws/src/moveit2/moveit_configs_utils': PYTHONPATH=/home/gustav/P5-Kuka-Dual-Arm/build/moveit_configs_utils/prefix_override:/usr/lib/python3/dist-packages/colcon_core/task/python/colcon_distutils_commands:/home/gustav/P5-Kuka-Dual-Arm/install/moveit_configs_utils/lib/python3.10/site-packages:${PYTHONPATH} /usr/bin/python3 -W ignore:setup.py install is deprecated setup.py egg_info --egg-base ../../../../build/moveit_configs_utils build --build-base /home/gustav/P5-Kuka-Dual-Arm/build/moveit_configs_utils/build install --record /home/gustav/P5-Kuka-Dual-Arm/build/moveit_configs_utils/install.log --single-version-externally-managed install_data
[2.854s] running egg_info
[2.858s] writing ../../../../build/moveit_configs_utils/moveit_configs_utils.egg-info/PKG-INFO
[2.860s] writing dependency_links to ../../../../build/moveit_configs_utils/moveit_configs_utils.egg-info/dependency_links.txt
[2.860s] writing entry points to ../../../../build/moveit_configs_utils/moveit_configs_utils.egg-info/entry_points.txt
[2.861s] writing requirements to ../../../../build/moveit_configs_utils/moveit_configs_utils.egg-info/requires.txt
[2.861s] writing top-level names to ../../../../build/moveit_configs_utils/moveit_configs_utils.egg-info/top_level.txt
[2.869s] reading manifest file '../../../../build/moveit_configs_utils/moveit_configs_utils.egg-info/SOURCES.txt'
[2.873s] writing manifest file '../../../../build/moveit_configs_utils/moveit_configs_utils.egg-info/SOURCES.txt'
[2.873s] running build
[2.874s] running build_py
[2.876s] running install
[2.878s] running install_lib
[2.881s] running install_data
[2.882s] running install_egg_info
[2.890s] removing '/home/gustav/P5-Kuka-Dual-Arm/install/moveit_configs_utils/lib/python3.10/site-packages/moveit_configs_utils-2.5.5-py3.10.egg-info' (and everything under it)
[2.890s] Copying ../../../../build/moveit_configs_utils/moveit_configs_utils.egg-info to /home/gustav/P5-Kuka-Dual-Arm/install/moveit_configs_utils/lib/python3.10/site-packages/moveit_configs_utils-2.5.5-py3.10.egg-info
[2.901s] running install_scripts
[2.977s] writing list of installed files to '/home/gustav/P5-Kuka-Dual-Arm/build/moveit_configs_utils/install.log'
[3.091s] Invoked command in '/home/gustav/P5-Kuka-Dual-Arm/p5_ws/src/moveit2/moveit_configs_utils' returned '0': PYTHONPATH=/home/gustav/P5-Kuka-Dual-Arm/build/moveit_configs_utils/prefix_override:/usr/lib/python3/dist-packages/colcon_core/task/python/colcon_distutils_commands:/home/gustav/P5-Kuka-Dual-Arm/install/moveit_configs_utils/lib/python3.10/site-packages:${PYTHONPATH} /usr/bin/python3 -W ignore:setup.py install is deprecated setup.py egg_info --egg-base ../../../../build/moveit_configs_utils build --build-base /home/gustav/P5-Kuka-Dual-Arm/build/moveit_configs_utils/build install --record /home/gustav/P5-Kuka-Dual-Arm/build/moveit_configs_utils/install.log --single-version-externally-managed install_data
