[0.362s] Invoking command in '/home/gustav/P5-Kuka-Dual-Arm/build/moveit_resources_panda_description': CMAKE_PREFIX_PATH=${CMAKE_PREFIX_PATH}:/home/gustav/ws_moveit2/install/moveit_configs_utils:/home/gustav/ws_moveit2/install/launch_param_builder:/home/gustav/lbr_stack/install/lbr_demos_py:/home/gustav/lbr_stack/install/lbr_demos_advanced_py:/opt/ros/humble /usr/bin/cmake --build /home/gustav/P5-Kuka-Dual-Arm/build/moveit_resources_panda_description -- -j8 -l8
[0.789s] Invoked command in '/home/gustav/P5-Kuka-Dual-Arm/build/moveit_resources_panda_description' returned '0': CMAKE_PREFIX_PATH=${CMAKE_PREFIX_PATH}:/home/gustav/ws_moveit2/install/moveit_configs_utils:/home/gustav/ws_moveit2/install/launch_param_builder:/home/gustav/lbr_stack/install/lbr_demos_py:/home/gustav/lbr_stack/install/lbr_demos_advanced_py:/opt/ros/humble /usr/bin/cmake --build /home/gustav/P5-Kuka-Dual-Arm/build/moveit_resources_panda_description -- -j8 -l8
[0.955s] Invoking command in '/home/gustav/P5-Kuka-Dual-Arm/build/moveit_resources_panda_description': CMAKE_PREFIX_PATH=${CMAKE_PREFIX_PATH}:/home/gustav/ws_moveit2/install/moveit_configs_utils:/home/gustav/ws_moveit2/install/launch_param_builder:/home/gustav/lbr_stack/install/lbr_demos_py:/home/gustav/lbr_stack/install/lbr_demos_advanced_py:/opt/ros/humble /usr/bin/cmake --install /home/gustav/P5-Kuka-Dual-Arm/build/moveit_resources_panda_description
[1.093s] -- Install configuration: "Release"
[1.093s] -- Up-to-date: /home/gustav/P5-Kuka-Dual-Arm/install/moveit_resources_panda_description/share/ament_index/resource_index/package_run_dependencies/moveit_resources_panda_description
[1.094s] -- Up-to-date: /home/gustav/P5-Kuka-Dual-Arm/install/moveit_resources_panda_description/share/ament_index/resource_index/parent_prefix_path/moveit_resources_panda_description
[1.094s] -- Up-to-date: /home/gustav/P5-Kuka-Dual-Arm/install/moveit_resources_panda_description/share/moveit_resources_panda_description/environment/ament_prefix_path.sh
[1.094s] -- Up-to-date: /home/gustav/P5-Kuka-Dual-Arm/install/moveit_resources_panda_description/share/moveit_resources_panda_description/environment/ament_prefix_path.dsv
[1.094s] -- Up-to-date: /home/gustav/P5-Kuka-Dual-Arm/install/moveit_resources_panda_description/share/moveit_resources_panda_description/environment/path.sh
[1.094s] -- Up-to-date: /home/gustav/P5-Kuka-Dual-Arm/install/moveit_resources_panda_description/share/moveit_resources_panda_description/environment/path.dsv
[1.094s] -- Up-to-date: /home/gustav/P5-Kuka-Dual-Arm/install/moveit_resources_panda_description/share/moveit_resources_panda_description/local_setup.bash
[1.094s] -- Up-to-date: /home/gustav/P5-Kuka-Dual-Arm/install/moveit_resources_panda_description/share/moveit_resources_panda_description/local_setup.sh
[1.094s] -- Up-to-date: /home/gustav/P5-Kuka-Dual-Arm/install/moveit_resources_panda_description/share/moveit_resources_panda_description/local_setup.zsh
[1.094s] -- Up-to-date: /home/gustav/P5-Kuka-Dual-Arm/install/moveit_resources_panda_description/share/moveit_resources_panda_description/local_setup.dsv
[1.095s] -- Installing: /home/gustav/P5-Kuka-Dual-Arm/install/moveit_resources_panda_description/share/moveit_resources_panda_description/package.dsv
[1.095s] -- Up-to-date: /home/gustav/P5-Kuka-Dual-Arm/install/moveit_resources_panda_description/share/ament_index/resource_index/packages/moveit_resources_panda_description
[1.095s] -- Up-to-date: /home/gustav/P5-Kuka-Dual-Arm/install/moveit_resources_panda_description/share/moveit_resources_panda_description/cmake/moveit_resources_panda_descriptionConfig.cmake
[1.095s] -- Up-to-date: /home/gustav/P5-Kuka-Dual-Arm/install/moveit_resources_panda_description/share/moveit_resources_panda_description/cmake/moveit_resources_panda_descriptionConfig-version.cmake
[1.095s] -- Up-to-date: /home/gustav/P5-Kuka-Dual-Arm/install/moveit_resources_panda_description/share/moveit_resources_panda_description/package.xml
[1.095s] -- Up-to-date: /home/gustav/P5-Kuka-Dual-Arm/install/moveit_resources_panda_description/share/moveit_resources_panda_description/meshes
[1.095s] -- Up-to-date: /home/gustav/P5-Kuka-Dual-Arm/install/moveit_resources_panda_description/share/moveit_resources_panda_description/meshes/visual
[1.095s] -- Up-to-date: /home/gustav/P5-Kuka-Dual-Arm/install/moveit_resources_panda_description/share/moveit_resources_panda_description/meshes/visual/link7.dae
[1.114s] -- Up-to-date: /home/gustav/P5-Kuka-Dual-Arm/install/moveit_resources_panda_description/share/moveit_resources_panda_description/meshes/visual/link6.dae
[1.114s] -- Up-to-date: /home/gustav/P5-Kuka-Dual-Arm/install/moveit_resources_panda_description/share/moveit_resources_panda_description/meshes/visual/link5.dae
[1.114s] -- Up-to-date: /home/gustav/P5-Kuka-Dual-Arm/install/moveit_resources_panda_description/share/moveit_resources_panda_description/meshes/visual/link1.dae
[1.115s] -- Up-to-date: /home/gustav/P5-Kuka-Dual-Arm/install/moveit_resources_panda_description/share/moveit_resources_panda_description/meshes/visual/link4.dae
[1.115s] -- Up-to-date: /home/gustav/P5-Kuka-Dual-Arm/install/moveit_resources_panda_description/share/moveit_resources_panda_description/meshes/visual/hand.dae
[1.115s] -- Up-to-date: /home/gustav/P5-Kuka-Dual-Arm/install/moveit_resources_panda_description/share/moveit_resources_panda_description/meshes/visual/link3.dae
[1.115s] -- Up-to-date: /home/gustav/P5-Kuka-Dual-Arm/install/moveit_resources_panda_description/share/moveit_resources_panda_description/meshes/visual/finger.dae
[1.115s] -- Up-to-date: /home/gustav/P5-Kuka-Dual-Arm/install/moveit_resources_panda_description/share/moveit_resources_panda_description/meshes/visual/link2.dae
[1.115s] -- Up-to-date: /home/gustav/P5-Kuka-Dual-Arm/install/moveit_resources_panda_description/share/moveit_resources_panda_description/meshes/visual/link0.dae
[1.115s] -- Up-to-date: /home/gustav/P5-Kuka-Dual-Arm/install/moveit_resources_panda_description/share/moveit_resources_panda_description/meshes/collision
[1.115s] -- Up-to-date: /home/gustav/P5-Kuka-Dual-Arm/install/moveit_resources_panda_description/share/moveit_resources_panda_description/meshes/collision/link3.stl
[1.115s] -- Up-to-date: /home/gustav/P5-Kuka-Dual-Arm/install/moveit_resources_panda_description/share/moveit_resources_panda_description/meshes/collision/link0.stl
[1.116s] -- Up-to-date: /home/gustav/P5-Kuka-Dual-Arm/install/moveit_resources_panda_description/share/moveit_resources_panda_description/meshes/collision/hand.stl
[1.116s] -- Up-to-date: /home/gustav/P5-Kuka-Dual-Arm/install/moveit_resources_panda_description/share/moveit_resources_panda_description/meshes/collision/finger.stl
[1.116s] -- Up-to-date: /home/gustav/P5-Kuka-Dual-Arm/install/moveit_resources_panda_description/share/moveit_resources_panda_description/meshes/collision/link4.stl
[1.116s] -- Up-to-date: /home/gustav/P5-Kuka-Dual-Arm/install/moveit_resources_panda_description/share/moveit_resources_panda_description/meshes/collision/link2.stl
[1.116s] -- Up-to-date: /home/gustav/P5-Kuka-Dual-Arm/install/moveit_resources_panda_description/share/moveit_resources_panda_description/meshes/collision/link6.stl
[1.116s] -- Up-to-date: /home/gustav/P5-Kuka-Dual-Arm/install/moveit_resources_panda_description/share/moveit_resources_panda_description/meshes/collision/link7.stl
[1.116s] -- Up-to-date: /home/gustav/P5-Kuka-Dual-Arm/install/moveit_resources_panda_description/share/moveit_resources_panda_description/meshes/collision/link5.stl
[1.116s] -- Up-to-date: /home/gustav/P5-Kuka-Dual-Arm/install/moveit_resources_panda_description/share/moveit_resources_panda_description/meshes/collision/link1.stl
[1.116s] -- Up-to-date: /home/gustav/P5-Kuka-Dual-Arm/install/moveit_resources_panda_description/share/moveit_resources_panda_description/urdf
[1.117s] -- Up-to-date: /home/gustav/P5-Kuka-Dual-Arm/install/moveit_resources_panda_description/share/moveit_resources_panda_description/urdf/panda.urdf
[1.160s] Invoked command in '/home/gustav/P5-Kuka-Dual-Arm/build/moveit_resources_panda_description' returned '0': CMAKE_PREFIX_PATH=${CMAKE_PREFIX_PATH}:/home/gustav/ws_moveit2/install/moveit_configs_utils:/home/gustav/ws_moveit2/install/launch_param_builder:/home/gustav/lbr_stack/install/lbr_demos_py:/home/gustav/lbr_stack/install/lbr_demos_advanced_py:/opt/ros/humble /usr/bin/cmake --install /home/gustav/P5-Kuka-Dual-Arm/build/moveit_resources_panda_description
