[3.770s] Invoking command in '/home/gustav/P5-Kuka-Dual-Arm/p5_ws/src/py_srvcli': AMENT_PREFIX_PATH=/home/gustav/P5-Kuka-Dual-Arm/install/tutorial_interfaces:${AMENT_PREFIX_PATH} CMAKE_PREFIX_PATH=/home/gustav/P5-Kuka-Dual-Arm/install/tutorial_interfaces:${CMAKE_PREFIX_PATH} LD_LIBRARY_PATH=/home/gustav/P5-Kuka-Dual-Arm/install/tutorial_interfaces/lib:${LD_LIBRARY_PATH} PYTHONPATH=/home/gustav/P5-Kuka-Dual-Arm/build/py_srvcli/prefix_override:/usr/lib/python3/dist-packages/colcon_core/task/python/colcon_distutils_commands:/home/gustav/P5-Kuka-Dual-Arm/install/py_srvcli/lib/python3.10/site-packages:/home/gustav/P5-Kuka-Dual-Arm/install/tutorial_interfaces/local/lib/python3.10/dist-packages:${PYTHONPATH} /usr/bin/python3 -W ignore:setup.py install is deprecated setup.py egg_info --egg-base ../../../build/py_srvcli build --build-base /home/gustav/P5-Kuka-Dual-Arm/build/py_srvcli/build install --record /home/gustav/P5-Kuka-Dual-Arm/build/py_srvcli/install.log --single-version-externally-managed install_data
[5.338s] running egg_info
[5.340s] writing ../../../build/py_srvcli/py_srvcli.egg-info/PKG-INFO
[5.349s] writing dependency_links to ../../../build/py_srvcli/py_srvcli.egg-info/dependency_links.txt
[5.349s] writing entry points to ../../../build/py_srvcli/py_srvcli.egg-info/entry_points.txt
[5.349s] writing requirements to ../../../build/py_srvcli/py_srvcli.egg-info/requires.txt
[5.351s] writing top-level names to ../../../build/py_srvcli/py_srvcli.egg-info/top_level.txt
[5.361s] reading manifest file '../../../build/py_srvcli/py_srvcli.egg-info/SOURCES.txt'
[5.363s] adding license file 'LICENSE'
[5.374s] writing manifest file '../../../build/py_srvcli/py_srvcli.egg-info/SOURCES.txt'
[5.374s] running build
[5.374s] running build_py
[5.377s] running install
[5.385s] running install_lib
[5.391s] running install_data
[5.391s] running install_egg_info
[5.407s] removing '/home/gustav/P5-Kuka-Dual-Arm/install/py_srvcli/lib/python3.10/site-packages/py_srvcli-0.0.0-py3.10.egg-info' (and everything under it)
[5.408s] Copying ../../../build/py_srvcli/py_srvcli.egg-info to /home/gustav/P5-Kuka-Dual-Arm/install/py_srvcli/lib/python3.10/site-packages/py_srvcli-0.0.0-py3.10.egg-info
[5.412s] running install_scripts
[5.574s] Installing client script to /home/gustav/P5-Kuka-Dual-Arm/install/py_srvcli/lib/py_srvcli
[5.575s] Installing service script to /home/gustav/P5-Kuka-Dual-Arm/install/py_srvcli/lib/py_srvcli
[5.588s] writing list of installed files to '/home/gustav/P5-Kuka-Dual-Arm/build/py_srvcli/install.log'
[6.804s] Invoked command in '/home/gustav/P5-Kuka-Dual-Arm/p5_ws/src/py_srvcli' returned '0': AMENT_PREFIX_PATH=/home/gustav/P5-Kuka-Dual-Arm/install/tutorial_interfaces:${AMENT_PREFIX_PATH} CMAKE_PREFIX_PATH=/home/gustav/P5-Kuka-Dual-Arm/install/tutorial_interfaces:${CMAKE_PREFIX_PATH} LD_LIBRARY_PATH=/home/gustav/P5-Kuka-Dual-Arm/install/tutorial_interfaces/lib:${LD_LIBRARY_PATH} PYTHONPATH=/home/gustav/P5-Kuka-Dual-Arm/build/py_srvcli/prefix_override:/usr/lib/python3/dist-packages/colcon_core/task/python/colcon_distutils_commands:/home/gustav/P5-Kuka-Dual-Arm/install/py_srvcli/lib/python3.10/site-packages:/home/gustav/P5-Kuka-Dual-Arm/install/tutorial_interfaces/local/lib/python3.10/dist-packages:${PYTHONPATH} /usr/bin/python3 -W ignore:setup.py install is deprecated setup.py egg_info --egg-base ../../../build/py_srvcli build --build-base /home/gustav/P5-Kuka-Dual-Arm/build/py_srvcli/build install --record /home/gustav/P5-Kuka-Dual-Arm/build/py_srvcli/install.log --single-version-externally-managed install_data
