[0.011s] Invoking command in '/home/gustav/P5-Kuka-Dual-Arm/build/generate_parameter_library_example': AMENT_PREFIX_PATH=/home/gustav/P5-Kuka-Dual-Arm/install/generate_parameter_library:/home/gustav/P5-Kuka-Dual-Arm/install/parameter_traits:/home/gustav/P5-Kuka-Dual-Arm/install/generate_parameter_library_py:${AMENT_PREFIX_PATH} CMAKE_PREFIX_PATH=/home/gustav/P5-Kuka-Dual-Arm/install/generate_parameter_library:/home/gustav/P5-Kuka-Dual-Arm/install/parameter_traits:/opt/ros/humble LD_LIBRARY_PATH=/home/gustav/P5-Kuka-Dual-Arm/install/parameter_traits/lib:${LD_LIBRARY_PATH} PATH=/home/gustav/P5-Kuka-Dual-Arm/install/generate_parameter_library_py/bin:${PATH} PYTHONPATH=/home/gustav/P5-Kuka-Dual-Arm/install/generate_parameter_library_py/lib/python3.10/site-packages:${PYTHONPATH} /usr/bin/cmake --build /home/gustav/P5-Kuka-Dual-Arm/build/generate_parameter_library_example -- -j8 -l8
[0.071s] [ 11%] Built target admittance_controller_parameters
[0.074s] [ 29%] Built target gmock
[0.075s] [ 41%] Built target gtest
[0.086s] [ 52%] Built target test_node
[0.095s] [35m[1mConsolidate compiler generated dependencies of target test_example_gmock[0m
[0.095s] [35m[1mConsolidate compiler generated dependencies of target test_example_gtest[0m
[0.111s] [ 64%] Built target minimal_publisher
[0.111s] [ 76%] Built target test_descriptor_gtest
[0.118s] [ 88%] Built target test_example_gtest
[0.119s] [100%] Built target test_example_gmock
[0.131s] Invoked command in '/home/gustav/P5-Kuka-Dual-Arm/build/generate_parameter_library_example' returned '0': AMENT_PREFIX_PATH=/home/gustav/P5-Kuka-Dual-Arm/install/generate_parameter_library:/home/gustav/P5-Kuka-Dual-Arm/install/parameter_traits:/home/gustav/P5-Kuka-Dual-Arm/install/generate_parameter_library_py:${AMENT_PREFIX_PATH} CMAKE_PREFIX_PATH=/home/gustav/P5-Kuka-Dual-Arm/install/generate_parameter_library:/home/gustav/P5-Kuka-Dual-Arm/install/parameter_traits:/opt/ros/humble LD_LIBRARY_PATH=/home/gustav/P5-Kuka-Dual-Arm/install/parameter_traits/lib:${LD_LIBRARY_PATH} PATH=/home/gustav/P5-Kuka-Dual-Arm/install/generate_parameter_library_py/bin:${PATH} PYTHONPATH=/home/gustav/P5-Kuka-Dual-Arm/install/generate_parameter_library_py/lib/python3.10/site-packages:${PYTHONPATH} /usr/bin/cmake --build /home/gustav/P5-Kuka-Dual-Arm/build/generate_parameter_library_example -- -j8 -l8
[0.170s] Invoking command in '/home/gustav/P5-Kuka-Dual-Arm/build/generate_parameter_library_example': AMENT_PREFIX_PATH=/home/gustav/P5-Kuka-Dual-Arm/install/generate_parameter_library:/home/gustav/P5-Kuka-Dual-Arm/install/parameter_traits:/home/gustav/P5-Kuka-Dual-Arm/install/generate_parameter_library_py:${AMENT_PREFIX_PATH} CMAKE_PREFIX_PATH=/home/gustav/P5-Kuka-Dual-Arm/install/generate_parameter_library:/home/gustav/P5-Kuka-Dual-Arm/install/parameter_traits:/opt/ros/humble LD_LIBRARY_PATH=/home/gustav/P5-Kuka-Dual-Arm/install/parameter_traits/lib:${LD_LIBRARY_PATH} PATH=/home/gustav/P5-Kuka-Dual-Arm/install/generate_parameter_library_py/bin:${PATH} PYTHONPATH=/home/gustav/P5-Kuka-Dual-Arm/install/generate_parameter_library_py/lib/python3.10/site-packages:${PYTHONPATH} /usr/bin/cmake --install /home/gustav/P5-Kuka-Dual-Arm/build/generate_parameter_library_example
[0.178s] -- Install configuration: "Release"
[0.178s] -- Up-to-date: /home/gustav/P5-Kuka-Dual-Arm/install/generate_parameter_library_example/include/admittance_controller_parameters
[0.178s] -- Up-to-date: /home/gustav/P5-Kuka-Dual-Arm/install/generate_parameter_library_example/include/admittance_controller_parameters/example_validators.hpp
[0.178s] -- Up-to-date: /home/gustav/P5-Kuka-Dual-Arm/install/generate_parameter_library_example/include/admittance_controller_parameters/admittance_controller_parameters.hpp
[0.179s] -- Up-to-date: /home/gustav/P5-Kuka-Dual-Arm/install/generate_parameter_library_example/lib/generate_parameter_library_example/test_node
[0.180s] -- Up-to-date: /home/gustav/P5-Kuka-Dual-Arm/install/generate_parameter_library_example/include/generate_parameter_library_example
[0.180s] -- Up-to-date: /home/gustav/P5-Kuka-Dual-Arm/install/generate_parameter_library_example/include/generate_parameter_library_example/generate_parameter_library_example
[0.180s] -- Up-to-date: /home/gustav/P5-Kuka-Dual-Arm/install/generate_parameter_library_example/include/generate_parameter_library_example/generate_parameter_library_example/example_validators.hpp
[0.180s] -- Up-to-date: /home/gustav/P5-Kuka-Dual-Arm/install/generate_parameter_library_example/include/generate_parameter_library_example/generate_parameter_library_example/minimal_publisher.hpp
[0.181s] -- Up-to-date: /home/gustav/P5-Kuka-Dual-Arm/install/generate_parameter_library_example/lib/libminimal_publisher.so
[0.181s] -- Up-to-date: /home/gustav/P5-Kuka-Dual-Arm/install/generate_parameter_library_example/lib/generate_parameter_library_example/test_node
[0.182s] -- Up-to-date: /home/gustav/P5-Kuka-Dual-Arm/install/generate_parameter_library_example/share/generate_parameter_library_example/environment/library_path.sh
[0.182s] -- Up-to-date: /home/gustav/P5-Kuka-Dual-Arm/install/generate_parameter_library_example/share/generate_parameter_library_example/environment/library_path.dsv
[0.182s] -- Up-to-date: /home/gustav/P5-Kuka-Dual-Arm/install/generate_parameter_library_example/share/ament_index/resource_index/package_run_dependencies/generate_parameter_library_example
[0.182s] -- Up-to-date: /home/gustav/P5-Kuka-Dual-Arm/install/generate_parameter_library_example/share/ament_index/resource_index/parent_prefix_path/generate_parameter_library_example
[0.182s] -- Up-to-date: /home/gustav/P5-Kuka-Dual-Arm/install/generate_parameter_library_example/share/generate_parameter_library_example/environment/ament_prefix_path.sh
[0.182s] -- Up-to-date: /home/gustav/P5-Kuka-Dual-Arm/install/generate_parameter_library_example/share/generate_parameter_library_example/environment/ament_prefix_path.dsv
[0.182s] -- Up-to-date: /home/gustav/P5-Kuka-Dual-Arm/install/generate_parameter_library_example/share/generate_parameter_library_example/environment/path.sh
[0.183s] -- Up-to-date: /home/gustav/P5-Kuka-Dual-Arm/install/generate_parameter_library_example/share/generate_parameter_library_example/environment/path.dsv
[0.183s] -- Up-to-date: /home/gustav/P5-Kuka-Dual-Arm/install/generate_parameter_library_example/share/generate_parameter_library_example/local_setup.bash
[0.183s] -- Up-to-date: /home/gustav/P5-Kuka-Dual-Arm/install/generate_parameter_library_example/share/generate_parameter_library_example/local_setup.sh
[0.183s] -- Up-to-date: /home/gustav/P5-Kuka-Dual-Arm/install/generate_parameter_library_example/share/generate_parameter_library_example/local_setup.zsh
[0.183s] -- Up-to-date: /home/gustav/P5-Kuka-Dual-Arm/install/generate_parameter_library_example/share/generate_parameter_library_example/local_setup.dsv
[0.183s] -- Installing: /home/gustav/P5-Kuka-Dual-Arm/install/generate_parameter_library_example/share/generate_parameter_library_example/package.dsv
[0.183s] -- Up-to-date: /home/gustav/P5-Kuka-Dual-Arm/install/generate_parameter_library_example/share/ament_index/resource_index/packages/generate_parameter_library_example
[0.183s] -- Up-to-date: /home/gustav/P5-Kuka-Dual-Arm/install/generate_parameter_library_example/share/ament_index/resource_index/rclcpp_components/generate_parameter_library_example
[0.184s] -- Up-to-date: /home/gustav/P5-Kuka-Dual-Arm/install/generate_parameter_library_example/share/generate_parameter_library_example/cmake/export_generate_parameter_library_exampleExport.cmake
[0.184s] -- Up-to-date: /home/gustav/P5-Kuka-Dual-Arm/install/generate_parameter_library_example/share/generate_parameter_library_example/cmake/export_generate_parameter_library_exampleExport-release.cmake
[0.184s] -- Up-to-date: /home/gustav/P5-Kuka-Dual-Arm/install/generate_parameter_library_example/share/generate_parameter_library_example/cmake/ament_cmake_export_targets-extras.cmake
[0.184s] -- Up-to-date: /home/gustav/P5-Kuka-Dual-Arm/install/generate_parameter_library_example/share/generate_parameter_library_example/cmake/ament_cmake_export_dependencies-extras.cmake
[0.185s] -- Up-to-date: /home/gustav/P5-Kuka-Dual-Arm/install/generate_parameter_library_example/share/generate_parameter_library_example/cmake/generate_parameter_library_exampleConfig.cmake
[0.185s] -- Up-to-date: /home/gustav/P5-Kuka-Dual-Arm/install/generate_parameter_library_example/share/generate_parameter_library_example/cmake/generate_parameter_library_exampleConfig-version.cmake
[0.185s] -- Up-to-date: /home/gustav/P5-Kuka-Dual-Arm/install/generate_parameter_library_example/share/generate_parameter_library_example/package.xml
[0.187s] Invoked command in '/home/gustav/P5-Kuka-Dual-Arm/build/generate_parameter_library_example' returned '0': AMENT_PREFIX_PATH=/home/gustav/P5-Kuka-Dual-Arm/install/generate_parameter_library:/home/gustav/P5-Kuka-Dual-Arm/install/parameter_traits:/home/gustav/P5-Kuka-Dual-Arm/install/generate_parameter_library_py:${AMENT_PREFIX_PATH} CMAKE_PREFIX_PATH=/home/gustav/P5-Kuka-Dual-Arm/install/generate_parameter_library:/home/gustav/P5-Kuka-Dual-Arm/install/parameter_traits:/opt/ros/humble LD_LIBRARY_PATH=/home/gustav/P5-Kuka-Dual-Arm/install/parameter_traits/lib:${LD_LIBRARY_PATH} PATH=/home/gustav/P5-Kuka-Dual-Arm/install/generate_parameter_library_py/bin:${PATH} PYTHONPATH=/home/gustav/P5-Kuka-Dual-Arm/install/generate_parameter_library_py/lib/python3.10/site-packages:${PYTHONPATH} /usr/bin/cmake --install /home/gustav/P5-Kuka-Dual-Arm/build/generate_parameter_library_example
