[0.780s] Invoking command in '/home/gustav/P5-Kuka-Dual-Arm/p5_ws/src/generate_parameter_library/generate_parameter_library_py': PYTHONPATH=/home/gustav/P5-Kuka-Dual-Arm/build/generate_parameter_library_py/prefix_override:/usr/lib/python3/dist-packages/colcon_core/task/python/colcon_distutils_commands:/home/gustav/P5-Kuka-Dual-Arm/install/generate_parameter_library_py/lib/python3.10/site-packages:${PYTHONPATH} /usr/bin/python3 -W ignore:setup.py install is deprecated setup.py egg_info --egg-base ../../../../build/generate_parameter_library_py build --build-base /home/gustav/P5-Kuka-Dual-Arm/build/generate_parameter_library_py/build install --record /home/gustav/P5-Kuka-Dual-Arm/build/generate_parameter_library_py/install.log --single-version-externally-managed install_data
[1.015s] running egg_info
[1.016s] writing ../../../../build/generate_parameter_library_py/generate_parameter_library_py.egg-info/PKG-INFO
[1.017s] writing dependency_links to ../../../../build/generate_parameter_library_py/generate_parameter_library_py.egg-info/dependency_links.txt
[1.017s] writing entry points to ../../../../build/generate_parameter_library_py/generate_parameter_library_py.egg-info/entry_points.txt
[1.017s] writing requirements to ../../../../build/generate_parameter_library_py/generate_parameter_library_py.egg-info/requires.txt
[1.017s] writing top-level names to ../../../../build/generate_parameter_library_py/generate_parameter_library_py.egg-info/top_level.txt
[1.021s] reading manifest file '../../../../build/generate_parameter_library_py/generate_parameter_library_py.egg-info/SOURCES.txt'
[1.022s] writing manifest file '../../../../build/generate_parameter_library_py/generate_parameter_library_py.egg-info/SOURCES.txt'
[1.023s] running build
[1.023s] running build_py
[1.027s] running install
[1.027s] running install_lib
[1.031s] running install_data
[1.032s] running install_egg_info
[1.035s] removing '/home/gustav/P5-Kuka-Dual-Arm/install/generate_parameter_library_py/lib/python3.10/site-packages/generate_parameter_library_py-0.3.7-py3.10.egg-info' (and everything under it)
[1.036s] Copying ../../../../build/generate_parameter_library_py/generate_parameter_library_py.egg-info to /home/gustav/P5-Kuka-Dual-Arm/install/generate_parameter_library_py/lib/python3.10/site-packages/generate_parameter_library_py-0.3.7-py3.10.egg-info
[1.037s] running install_scripts
[1.063s] Installing generate_parameter_library_cpp script to /home/gustav/P5-Kuka-Dual-Arm/install/generate_parameter_library_py/bin
[1.064s] Installing generate_parameter_library_markdown script to /home/gustav/P5-Kuka-Dual-Arm/install/generate_parameter_library_py/bin
[1.064s] Installing generate_parameter_library_python script to /home/gustav/P5-Kuka-Dual-Arm/install/generate_parameter_library_py/bin
[1.064s] writing list of installed files to '/home/gustav/P5-Kuka-Dual-Arm/build/generate_parameter_library_py/install.log'
[1.102s] Invoked command in '/home/gustav/P5-Kuka-Dual-Arm/p5_ws/src/generate_parameter_library/generate_parameter_library_py' returned '0': PYTHONPATH=/home/gustav/P5-Kuka-Dual-Arm/build/generate_parameter_library_py/prefix_override:/usr/lib/python3/dist-packages/colcon_core/task/python/colcon_distutils_commands:/home/gustav/P5-Kuka-Dual-Arm/install/generate_parameter_library_py/lib/python3.10/site-packages:${PYTHONPATH} /usr/bin/python3 -W ignore:setup.py install is deprecated setup.py egg_info --egg-base ../../../../build/generate_parameter_library_py build --build-base /home/gustav/P5-Kuka-Dual-Arm/build/generate_parameter_library_py/build install --record /home/gustav/P5-Kuka-Dual-Arm/build/generate_parameter_library_py/install.log --single-version-externally-managed install_data
