[0.042s] Invoking command in '/home/gustav/P5-Kuka-Dual-Arm/build/moveit_setup_controllers': AMENT_PREFIX_PATH=/home/gustav/P5-Kuka-Dual-Arm/install/moveit_setup_framework:/home/gustav/P5-Kuka-Dual-Arm/install/moveit_ros_visualization:/home/gustav/P5-Kuka-Dual-Arm/install/moveit_ros_planning_interface:/home/gustav/P5-Kuka-Dual-Arm/install/moveit_ros_move_group:/home/gustav/P5-Kuka-Dual-Arm/install/moveit_ros_warehouse:/home/gustav/P5-Kuka-Dual-Arm/install/moveit_ros_robot_interaction:/home/gustav/P5-Kuka-Dual-Arm/install/moveit_planners_ompl:/home/gustav/P5-Kuka-Dual-Arm/install/moveit_kinematics:/home/gustav/P5-Kuka-Dual-Arm/install/moveit_ros_planning:/home/gustav/P5-Kuka-Dual-Arm/install/moveit_simple_controller_manager:/home/gustav/P5-Kuka-Dual-Arm/install/moveit_ros_occupancy_map_monitor:/home/gustav/P5-Kuka-Dual-Arm/install/moveit_core:/home/gustav/P5-Kuka-Dual-Arm/install/moveit_resources_panda_moveit_config:/home/gustav/P5-Kuka-Dual-Arm/install/moveit_resources_fanuc_moveit_config:/home/gustav/P5-Kuka-Dual-Arm/install/generate_parameter_library:/home/gustav/P5-Kuka-Dual-Arm/install/parameter_traits:/home/gustav/P5-Kuka-Dual-Arm/install/moveit_resources_pr2_description:/home/gustav/P5-Kuka-Dual-Arm/install/moveit_resources_panda_description:/home/gustav/P5-Kuka-Dual-Arm/install/moveit_resources_fanuc_description:/home/gustav/P5-Kuka-Dual-Arm/install/moveit_msgs:/home/gustav/P5-Kuka-Dual-Arm/install/moveit_configs_utils:/home/gustav/P5-Kuka-Dual-Arm/install/moveit_common:/home/gustav/P5-Kuka-Dual-Arm/install/generate_parameter_library_py:${AMENT_PREFIX_PATH} CMAKE_PREFIX_PATH=/home/gustav/P5-Kuka-Dual-Arm/install/moveit_setup_framework:/home/gustav/P5-Kuka-Dual-Arm/install/moveit_ros_visualization:/home/gustav/P5-Kuka-Dual-Arm/install/moveit_ros_planning_interface:/home/gustav/P5-Kuka-Dual-Arm/install/moveit_ros_move_group:/home/gustav/P5-Kuka-Dual-Arm/install/moveit_ros_warehouse:/home/gustav/P5-Kuka-Dual-Arm/install/moveit_ros_robot_interaction:/home/gustav/P5-Kuka-Dual-Arm/install/moveit_planners_ompl:/home/gustav/P5-Kuka-Dual-Arm/install/moveit_kinematics:/home/gustav/P5-Kuka-Dual-Arm/install/moveit_ros_planning:/home/gustav/P5-Kuka-Dual-Arm/install/moveit_simple_controller_manager:/home/gustav/P5-Kuka-Dual-Arm/install/moveit_ros_occupancy_map_monitor:/home/gustav/P5-Kuka-Dual-Arm/install/moveit_core:/home/gustav/P5-Kuka-Dual-Arm/install/moveit_resources_panda_moveit_config:/home/gustav/P5-Kuka-Dual-Arm/install/moveit_resources_fanuc_moveit_config:/home/gustav/P5-Kuka-Dual-Arm/install/generate_parameter_library:/home/gustav/P5-Kuka-Dual-Arm/install/parameter_traits:/home/gustav/P5-Kuka-Dual-Arm/install/moveit_resources_pr2_description:/home/gustav/P5-Kuka-Dual-Arm/install/moveit_resources_panda_description:/home/gustav/P5-Kuka-Dual-Arm/install/moveit_resources_fanuc_description:/home/gustav/P5-Kuka-Dual-Arm/install/moveit_msgs:/home/gustav/P5-Kuka-Dual-Arm/install/moveit_common:/opt/ros/humble LD_LIBRARY_PATH=/home/gustav/P5-Kuka-Dual-Arm/install/moveit_setup_framework/lib:/home/gustav/P5-Kuka-Dual-Arm/install/moveit_ros_visualization/lib:/home/gustav/P5-Kuka-Dual-Arm/install/moveit_ros_planning_interface/lib:/home/gustav/P5-Kuka-Dual-Arm/install/moveit_ros_move_group/lib:/home/gustav/P5-Kuka-Dual-Arm/install/moveit_ros_warehouse/lib:/home/gustav/P5-Kuka-Dual-Arm/install/moveit_ros_robot_interaction/lib:/home/gustav/P5-Kuka-Dual-Arm/install/moveit_planners_ompl/lib:/home/gustav/P5-Kuka-Dual-Arm/install/moveit_kinematics/lib:/home/gustav/P5-Kuka-Dual-Arm/install/moveit_ros_planning/lib:/home/gustav/P5-Kuka-Dual-Arm/install/moveit_simple_controller_manager/lib:/home/gustav/P5-Kuka-Dual-Arm/install/moveit_ros_occupancy_map_monitor/lib:/home/gustav/P5-Kuka-Dual-Arm/install/moveit_core/lib:/home/gustav/P5-Kuka-Dual-Arm/install/parameter_traits/lib:/home/gustav/P5-Kuka-Dual-Arm/install/moveit_msgs/lib:${LD_LIBRARY_PATH} PATH=/home/gustav/P5-Kuka-Dual-Arm/install/moveit_core/bin:/home/gustav/P5-Kuka-Dual-Arm/install/generate_parameter_library_py/bin:${PATH} PYTHONPATH=/home/gustav/P5-Kuka-Dual-Arm/install/moveit_msgs/local/lib/python3.10/dist-packages:/home/gustav/P5-Kuka-Dual-Arm/install/moveit_configs_utils/lib/python3.10/site-packages:/home/gustav/P5-Kuka-Dual-Arm/install/generate_parameter_library_py/lib/python3.10/site-packages:${PYTHONPATH} /usr/bin/cmake /home/gustav/P5-Kuka-Dual-Arm/p5_ws/src/moveit2/moveit_setup_assistant/moveit_setup_controllers -DCMAKE_BUILD_TYPE=Release -DCMAKE_INSTALL_PREFIX=/home/gustav/P5-Kuka-Dual-Arm/install/moveit_setup_controllers
[0.096s] -- The C compiler identification is GNU 11.4.0
[0.158s] -- The CXX compiler identification is GNU 11.4.0
[0.165s] -- Detecting C compiler ABI info
[0.238s] -- Detecting C compiler ABI info - done
[0.247s] -- Check for working C compiler: /usr/bin/cc - skipped
[0.247s] -- Detecting C compile features
[0.248s] -- Detecting C compile features - done
[0.251s] -- Detecting CXX compiler ABI info
[0.339s] -- Detecting CXX compiler ABI info - done
[0.348s] -- Check for working CXX compiler: /usr/bin/c++ - skipped
[0.348s] -- Detecting CXX compile features
[0.349s] -- Detecting CXX compile features - done
[0.351s] -- Found moveit_common: 2.5.5 (/home/gustav/P5-Kuka-Dual-Arm/install/moveit_common/share/moveit_common/cmake)
[0.355s] -- Found ament_cmake: 1.3.10 (/opt/ros/humble/share/ament_cmake/cmake)
[0.541s] -- Found Python3: /usr/bin/python3 (found version "3.10.12") found components: Interpreter 
[0.743s] -- Found ament_cmake_ros: 0.10.0 (/opt/ros/humble/share/ament_cmake_ros/cmake)
[0.758s] -- Found ament_index_cpp: 1.4.0 (/opt/ros/humble/share/ament_index_cpp/cmake)
[0.759s] -- Found moveit_setup_framework: 2.5.5 (/home/gustav/P5-Kuka-Dual-Arm/install/moveit_setup_framework/share/moveit_setup_framework/cmake)
[0.825s] -- Found rosidl_generator_c: 3.1.5 (/opt/ros/humble/share/rosidl_generator_c/cmake)
[0.834s] -- Found rosidl_adapter: 3.1.5 (/opt/ros/humble/share/rosidl_adapter/cmake)
[0.846s] -- Found rosidl_generator_cpp: 3.1.5 (/opt/ros/humble/share/rosidl_generator_cpp/cmake)
[0.865s] -- Using all available rosidl_typesupport_c: rosidl_typesupport_fastrtps_c;rosidl_typesupport_introspection_c
[0.890s] -- Using all available rosidl_typesupport_cpp: rosidl_typesupport_fastrtps_cpp;rosidl_typesupport_introspection_cpp
[0.961s] -- Found rmw_implementation_cmake: 6.1.2 (/opt/ros/humble/share/rmw_implementation_cmake/cmake)
[0.967s] -- Found rmw_fastrtps_cpp: 6.2.7 (/opt/ros/humble/share/rmw_fastrtps_cpp/cmake)
[1.077s] -- Found OpenSSL: /usr/lib/x86_64-linux-gnu/libcrypto.so (found version "3.0.2")  
[1.111s] -- Found FastRTPS: /opt/ros/humble/include  
[1.159s] -- Using RMW implementation 'rmw_fastrtps_cpp' as default
[1.175s] -- Looking for pthread.h
[1.256s] -- Looking for pthread.h - found
[1.256s] -- Performing Test CMAKE_HAVE_LIBC_PTHREAD
[1.338s] -- Performing Test CMAKE_HAVE_LIBC_PTHREAD - Success
[1.339s] -- Found Threads: TRUE  
[1.496s] -- Found Boost: /usr/lib/x86_64-linux-gnu/cmake/Boost-1.74.0/BoostConfig.cmake (found version "1.74.0") found components: chrono date_time filesystem iostreams program_options regex serialization system thread 
[1.556s] -- Found parameter_traits: 0.3.7 (/home/gustav/P5-Kuka-Dual-Arm/install/parameter_traits/share/parameter_traits/cmake)
[1.573s] -- Found Eigen3: TRUE (found version "3.4.0") 
[1.577s] -- Found rclcpp_lifecycle: 16.0.10 (/opt/ros/humble/share/rclcpp_lifecycle/cmake)
[1.608s] -- Found Boost: /usr/lib/x86_64-linux-gnu/cmake/Boost-1.74.0/BoostConfig.cmake (found version "1.74.0") found components: filesystem 
[1.735s] -- library: /usr/lib/x86_64-linux-gnu/libcurl.so
[1.824s] -- Ensuring Eigen3 include directory is part of orocos-kdl CMake target
[2.160s] -- Found Boost: /usr/lib/x86_64-linux-gnu/cmake/Boost-1.74.0/BoostConfig.cmake (found version "1.74.0") found components: system filesystem date_time program_options thread chrono 
[2.197s] -- Found Boost: /usr/lib/x86_64-linux-gnu/cmake/Boost-1.74.0/BoostConfig.cmake (found version "1.74.0") found components: thread date_time system filesystem 
[2.216s] -- Found Boost: /usr/lib/x86_64-linux-gnu/cmake/Boost-1.74.0/BoostConfig.cmake (found version "1.74.0") found components: date_time filesystem program_options system thread 
[2.234s] -- Found Boost: /usr/lib/x86_64-linux-gnu/cmake/Boost-1.74.0/BoostConfig.cmake (found version "1.74.0") found components: thread system filesystem regex date_time program_options 
[2.262s] -- Found Boost: /usr/lib/x86_64-linux-gnu/cmake/Boost-1.74.0/BoostConfig.cmake (found version "1.74.0") found components: system filesystem date_time program_options thread 
[2.341s] -- Setting OGRE_DIR to: '/opt/ros/humble/share/rviz_ogre_vendor/cmake/../../../opt/rviz_ogre_vendor/lib/OGRE/cmake'
[2.342s] -- Found OGRE
[2.343s] --   static     : OFF
[2.343s] --   components : HLMS;MeshLodGenerator;Overlay;Paging;Property;RTShaderSystem;Terrain;Volume
[2.343s] --   plugins    : Plugin_BSPSceneManager;Plugin_OctreeSceneManager;Plugin_PCZSceneManager;Plugin_ParticleFX;RenderSystem_GL;RenderSystem_GL3Plus;Codec_STBI
[2.343s] --   media      : /opt/ros/humble/opt/rviz_ogre_vendor/share/OGRE/Media
[2.343s] -- OGRE_LIBRARIES: OgreHLMS;OgreMeshLodGenerator;OgreOverlay;OgrePaging;OgreProperty;OgreRTShaderSystem;OgreTerrain;OgreVolume;OgreMain
[2.343s] -- OGRE_LIBRARY_DIRS: /opt/ros/humble/opt/rviz_ogre_vendor/lib
[2.343s] -- OGRE_PLUGINS: Plugin_BSPSceneManager;Plugin_OctreeSceneManager;Plugin_PCZSceneManager;Plugin_ParticleFX;RenderSystem_GL;RenderSystem_GL3Plus;Codec_STBI
[2.343s] -- OGRE_PLUGIN_DIR: /opt/ros/humble/opt/rviz_ogre_vendor/lib/OGRE
[2.343s] -- rviz_ogre_vendor::OgreOverlay for IMPORTED_LOCATION_RELEASE: /opt/ros/humble/opt/rviz_ogre_vendor/lib/libOgreOverlay.so
[2.343s] -- rviz_ogre_vendor::OgreOverlay for IMPORTED_LOCATION_DEBUG: /opt/ros/humble/opt/rviz_ogre_vendor/lib/libOgreOverlay.so
[2.343s] -- rviz_ogre_vendor::OgreMain for IMPORTED_LOCATION_RELEASE: /opt/ros/humble/opt/rviz_ogre_vendor/lib/libOgreMain.so
[2.344s] -- rviz_ogre_vendor::OgreMain for IMPORTED_LOCATION_DEBUG: /opt/ros/humble/opt/rviz_ogre_vendor/lib/libOgreMain.so
[2.345s] -- Could not find freeimage library
[2.370s] -- Found ZLIB: /usr/lib/x86_64-linux-gnu/libz.so (found version "1.2.11") 
[2.377s] -- Found OpenGL: /usr/lib/x86_64-linux-gnu/libOpenGL.so   
[2.501s] -- Found X11: /usr/include   
[2.502s] -- Looking for XOpenDisplay in /usr/lib/x86_64-linux-gnu/libX11.so;/usr/lib/x86_64-linux-gnu/libXext.so
[2.580s] -- Looking for XOpenDisplay in /usr/lib/x86_64-linux-gnu/libX11.so;/usr/lib/x86_64-linux-gnu/libXext.so - found
[2.581s] -- Looking for gethostbyname
[2.661s] -- Looking for gethostbyname - found
[2.661s] -- Looking for connect
[2.743s] -- Looking for connect - found
[2.743s] -- Looking for remove
[2.821s] -- Looking for remove - found
[2.821s] -- Looking for shmat
[2.896s] -- Looking for shmat - found
[2.896s] -- Looking for IceConnectionNumber in ICE
[2.971s] -- Looking for IceConnectionNumber in ICE - found
[2.989s] -- Setting assimp_DIR to: '/opt/ros/humble/share/rviz_assimp_vendor/cmake/../../../opt/rviz_assimp_vendor/lib/cmake/assimp-4.1'
[3.110s] -- Found ament_lint_auto: 0.12.11 (/opt/ros/humble/share/ament_lint_auto/cmake)
[3.147s] -- Found gtest sources under '/opt/ros/humble/src/gtest_vendor': C++ tests using 'Google Test' will be built
[3.158s] -- Added test 'lint_cmake' to check CMake code style
[3.159s] -- Added test 'xmllint' to check XML markup files
[3.162s] -- Configuring done
[3.263s] -- Generating done
[3.266s] -- Build files have been written to: /home/gustav/P5-Kuka-Dual-Arm/build/moveit_setup_controllers
[3.286s] Invoked command in '/home/gustav/P5-Kuka-Dual-Arm/build/moveit_setup_controllers' returned '0': AMENT_PREFIX_PATH=/home/gustav/P5-Kuka-Dual-Arm/install/moveit_setup_framework:/home/gustav/P5-Kuka-Dual-Arm/install/moveit_ros_visualization:/home/gustav/P5-Kuka-Dual-Arm/install/moveit_ros_planning_interface:/home/gustav/P5-Kuka-Dual-Arm/install/moveit_ros_move_group:/home/gustav/P5-Kuka-Dual-Arm/install/moveit_ros_warehouse:/home/gustav/P5-Kuka-Dual-Arm/install/moveit_ros_robot_interaction:/home/gustav/P5-Kuka-Dual-Arm/install/moveit_planners_ompl:/home/gustav/P5-Kuka-Dual-Arm/install/moveit_kinematics:/home/gustav/P5-Kuka-Dual-Arm/install/moveit_ros_planning:/home/gustav/P5-Kuka-Dual-Arm/install/moveit_simple_controller_manager:/home/gustav/P5-Kuka-Dual-Arm/install/moveit_ros_occupancy_map_monitor:/home/gustav/P5-Kuka-Dual-Arm/install/moveit_core:/home/gustav/P5-Kuka-Dual-Arm/install/moveit_resources_panda_moveit_config:/home/gustav/P5-Kuka-Dual-Arm/install/moveit_resources_fanuc_moveit_config:/home/gustav/P5-Kuka-Dual-Arm/install/generate_parameter_library:/home/gustav/P5-Kuka-Dual-Arm/install/parameter_traits:/home/gustav/P5-Kuka-Dual-Arm/install/moveit_resources_pr2_description:/home/gustav/P5-Kuka-Dual-Arm/install/moveit_resources_panda_description:/home/gustav/P5-Kuka-Dual-Arm/install/moveit_resources_fanuc_description:/home/gustav/P5-Kuka-Dual-Arm/install/moveit_msgs:/home/gustav/P5-Kuka-Dual-Arm/install/moveit_configs_utils:/home/gustav/P5-Kuka-Dual-Arm/install/moveit_common:/home/gustav/P5-Kuka-Dual-Arm/install/generate_parameter_library_py:${AMENT_PREFIX_PATH} CMAKE_PREFIX_PATH=/home/gustav/P5-Kuka-Dual-Arm/install/moveit_setup_framework:/home/gustav/P5-Kuka-Dual-Arm/install/moveit_ros_visualization:/home/gustav/P5-Kuka-Dual-Arm/install/moveit_ros_planning_interface:/home/gustav/P5-Kuka-Dual-Arm/install/moveit_ros_move_group:/home/gustav/P5-Kuka-Dual-Arm/install/moveit_ros_warehouse:/home/gustav/P5-Kuka-Dual-Arm/install/moveit_ros_robot_interaction:/home/gustav/P5-Kuka-Dual-Arm/install/moveit_planners_ompl:/home/gustav/P5-Kuka-Dual-Arm/install/moveit_kinematics:/home/gustav/P5-Kuka-Dual-Arm/install/moveit_ros_planning:/home/gustav/P5-Kuka-Dual-Arm/install/moveit_simple_controller_manager:/home/gustav/P5-Kuka-Dual-Arm/install/moveit_ros_occupancy_map_monitor:/home/gustav/P5-Kuka-Dual-Arm/install/moveit_core:/home/gustav/P5-Kuka-Dual-Arm/install/moveit_resources_panda_moveit_config:/home/gustav/P5-Kuka-Dual-Arm/install/moveit_resources_fanuc_moveit_config:/home/gustav/P5-Kuka-Dual-Arm/install/generate_parameter_library:/home/gustav/P5-Kuka-Dual-Arm/install/parameter_traits:/home/gustav/P5-Kuka-Dual-Arm/install/moveit_resources_pr2_description:/home/gustav/P5-Kuka-Dual-Arm/install/moveit_resources_panda_description:/home/gustav/P5-Kuka-Dual-Arm/install/moveit_resources_fanuc_description:/home/gustav/P5-Kuka-Dual-Arm/install/moveit_msgs:/home/gustav/P5-Kuka-Dual-Arm/install/moveit_common:/opt/ros/humble LD_LIBRARY_PATH=/home/gustav/P5-Kuka-Dual-Arm/install/moveit_setup_framework/lib:/home/gustav/P5-Kuka-Dual-Arm/install/moveit_ros_visualization/lib:/home/gustav/P5-Kuka-Dual-Arm/install/moveit_ros_planning_interface/lib:/home/gustav/P5-Kuka-Dual-Arm/install/moveit_ros_move_group/lib:/home/gustav/P5-Kuka-Dual-Arm/install/moveit_ros_warehouse/lib:/home/gustav/P5-Kuka-Dual-Arm/install/moveit_ros_robot_interaction/lib:/home/gustav/P5-Kuka-Dual-Arm/install/moveit_planners_ompl/lib:/home/gustav/P5-Kuka-Dual-Arm/install/moveit_kinematics/lib:/home/gustav/P5-Kuka-Dual-Arm/install/moveit_ros_planning/lib:/home/gustav/P5-Kuka-Dual-Arm/install/moveit_simple_controller_manager/lib:/home/gustav/P5-Kuka-Dual-Arm/install/moveit_ros_occupancy_map_monitor/lib:/home/gustav/P5-Kuka-Dual-Arm/install/moveit_core/lib:/home/gustav/P5-Kuka-Dual-Arm/install/parameter_traits/lib:/home/gustav/P5-Kuka-Dual-Arm/install/moveit_msgs/lib:${LD_LIBRARY_PATH} PATH=/home/gustav/P5-Kuka-Dual-Arm/install/moveit_core/bin:/home/gustav/P5-Kuka-Dual-Arm/install/generate_parameter_library_py/bin:${PATH} PYTHONPATH=/home/gustav/P5-Kuka-Dual-Arm/install/moveit_msgs/local/lib/python3.10/dist-packages:/home/gustav/P5-Kuka-Dual-Arm/install/moveit_configs_utils/lib/python3.10/site-packages:/home/gustav/P5-Kuka-Dual-Arm/install/generate_parameter_library_py/lib/python3.10/site-packages:${PYTHONPATH} /usr/bin/cmake /home/gustav/P5-Kuka-Dual-Arm/p5_ws/src/moveit2/moveit_setup_assistant/moveit_setup_controllers -DCMAKE_BUILD_TYPE=Release -DCMAKE_INSTALL_PREFIX=/home/gustav/P5-Kuka-Dual-Arm/install/moveit_setup_controllers
[3.288s] Invoking command in '/home/gustav/P5-Kuka-Dual-Arm/build/moveit_setup_controllers': AMENT_PREFIX_PATH=/home/gustav/P5-Kuka-Dual-Arm/install/moveit_setup_framework:/home/gustav/P5-Kuka-Dual-Arm/install/moveit_ros_visualization:/home/gustav/P5-Kuka-Dual-Arm/install/moveit_ros_planning_interface:/home/gustav/P5-Kuka-Dual-Arm/install/moveit_ros_move_group:/home/gustav/P5-Kuka-Dual-Arm/install/moveit_ros_warehouse:/home/gustav/P5-Kuka-Dual-Arm/install/moveit_ros_robot_interaction:/home/gustav/P5-Kuka-Dual-Arm/install/moveit_planners_ompl:/home/gustav/P5-Kuka-Dual-Arm/install/moveit_kinematics:/home/gustav/P5-Kuka-Dual-Arm/install/moveit_ros_planning:/home/gustav/P5-Kuka-Dual-Arm/install/moveit_simple_controller_manager:/home/gustav/P5-Kuka-Dual-Arm/install/moveit_ros_occupancy_map_monitor:/home/gustav/P5-Kuka-Dual-Arm/install/moveit_core:/home/gustav/P5-Kuka-Dual-Arm/install/moveit_resources_panda_moveit_config:/home/gustav/P5-Kuka-Dual-Arm/install/moveit_resources_fanuc_moveit_config:/home/gustav/P5-Kuka-Dual-Arm/install/generate_parameter_library:/home/gustav/P5-Kuka-Dual-Arm/install/parameter_traits:/home/gustav/P5-Kuka-Dual-Arm/install/moveit_resources_pr2_description:/home/gustav/P5-Kuka-Dual-Arm/install/moveit_resources_panda_description:/home/gustav/P5-Kuka-Dual-Arm/install/moveit_resources_fanuc_description:/home/gustav/P5-Kuka-Dual-Arm/install/moveit_msgs:/home/gustav/P5-Kuka-Dual-Arm/install/moveit_configs_utils:/home/gustav/P5-Kuka-Dual-Arm/install/moveit_common:/home/gustav/P5-Kuka-Dual-Arm/install/generate_parameter_library_py:${AMENT_PREFIX_PATH} CMAKE_PREFIX_PATH=/home/gustav/P5-Kuka-Dual-Arm/install/moveit_setup_framework:/home/gustav/P5-Kuka-Dual-Arm/install/moveit_ros_visualization:/home/gustav/P5-Kuka-Dual-Arm/install/moveit_ros_planning_interface:/home/gustav/P5-Kuka-Dual-Arm/install/moveit_ros_move_group:/home/gustav/P5-Kuka-Dual-Arm/install/moveit_ros_warehouse:/home/gustav/P5-Kuka-Dual-Arm/install/moveit_ros_robot_interaction:/home/gustav/P5-Kuka-Dual-Arm/install/moveit_planners_ompl:/home/gustav/P5-Kuka-Dual-Arm/install/moveit_kinematics:/home/gustav/P5-Kuka-Dual-Arm/install/moveit_ros_planning:/home/gustav/P5-Kuka-Dual-Arm/install/moveit_simple_controller_manager:/home/gustav/P5-Kuka-Dual-Arm/install/moveit_ros_occupancy_map_monitor:/home/gustav/P5-Kuka-Dual-Arm/install/moveit_core:/home/gustav/P5-Kuka-Dual-Arm/install/moveit_resources_panda_moveit_config:/home/gustav/P5-Kuka-Dual-Arm/install/moveit_resources_fanuc_moveit_config:/home/gustav/P5-Kuka-Dual-Arm/install/generate_parameter_library:/home/gustav/P5-Kuka-Dual-Arm/install/parameter_traits:/home/gustav/P5-Kuka-Dual-Arm/install/moveit_resources_pr2_description:/home/gustav/P5-Kuka-Dual-Arm/install/moveit_resources_panda_description:/home/gustav/P5-Kuka-Dual-Arm/install/moveit_resources_fanuc_description:/home/gustav/P5-Kuka-Dual-Arm/install/moveit_msgs:/home/gustav/P5-Kuka-Dual-Arm/install/moveit_common:/opt/ros/humble LD_LIBRARY_PATH=/home/gustav/P5-Kuka-Dual-Arm/install/moveit_setup_framework/lib:/home/gustav/P5-Kuka-Dual-Arm/install/moveit_ros_visualization/lib:/home/gustav/P5-Kuka-Dual-Arm/install/moveit_ros_planning_interface/lib:/home/gustav/P5-Kuka-Dual-Arm/install/moveit_ros_move_group/lib:/home/gustav/P5-Kuka-Dual-Arm/install/moveit_ros_warehouse/lib:/home/gustav/P5-Kuka-Dual-Arm/install/moveit_ros_robot_interaction/lib:/home/gustav/P5-Kuka-Dual-Arm/install/moveit_planners_ompl/lib:/home/gustav/P5-Kuka-Dual-Arm/install/moveit_kinematics/lib:/home/gustav/P5-Kuka-Dual-Arm/install/moveit_ros_planning/lib:/home/gustav/P5-Kuka-Dual-Arm/install/moveit_simple_controller_manager/lib:/home/gustav/P5-Kuka-Dual-Arm/install/moveit_ros_occupancy_map_monitor/lib:/home/gustav/P5-Kuka-Dual-Arm/install/moveit_core/lib:/home/gustav/P5-Kuka-Dual-Arm/install/parameter_traits/lib:/home/gustav/P5-Kuka-Dual-Arm/install/moveit_msgs/lib:${LD_LIBRARY_PATH} PATH=/home/gustav/P5-Kuka-Dual-Arm/install/moveit_core/bin:/home/gustav/P5-Kuka-Dual-Arm/install/generate_parameter_library_py/bin:${PATH} PYTHONPATH=/home/gustav/P5-Kuka-Dual-Arm/install/moveit_msgs/local/lib/python3.10/dist-packages:/home/gustav/P5-Kuka-Dual-Arm/install/moveit_configs_utils/lib/python3.10/site-packages:/home/gustav/P5-Kuka-Dual-Arm/install/generate_parameter_library_py/lib/python3.10/site-packages:${PYTHONPATH} /usr/bin/cmake --build /home/gustav/P5-Kuka-Dual-Arm/build/moveit_setup_controllers -- -j8 -l8
[3.343s] [  3%] [34m[1mAutomatic MOC for target moveit_setup_controllers[0m
[3.346s] [  6%] [34m[1mAutomatic MOC for target gtest[0m
[3.346s] [  9%] [34m[1mAutomatic MOC for target gtest_main[0m
[3.376s] [  9%] Built target moveit_setup_controllers_autogen
[3.376s] [  9%] Built target gtest_autogen
[3.378s] [  9%] Built target gtest_main_autogen
[3.392s] [ 15%] [34m[1mGenerating include/moveit_setup_controllers/moc_urdf_modifications_widget.cpp[0m
[3.392s] [ 15%] [34m[1mGenerating include/moveit_setup_controllers/moc_controller_edit_widget.cpp[0m
[3.392s] [ 18%] [34m[1mGenerating include/moveit_setup_controllers/moc_controllers_widget.cpp[0m
[3.401s] [ 24%] [32mBuilding CXX object gtest/CMakeFiles/gtest.dir/src/gtest-all.cc.o[0m
[3.401s] [ 24%] [32mBuilding CXX object gtest/CMakeFiles/gtest.dir/gtest_autogen/mocs_compilation.cpp.o[0m
[3.406s] [ 27%] [32mBuilding CXX object gtest/CMakeFiles/gtest_main.dir/gtest_main_autogen/mocs_compilation.cpp.o[0m
[3.407s] [ 30%] [32mBuilding CXX object gtest/CMakeFiles/gtest_main.dir/src/gtest_main.cc.o[0m
[3.425s] [ 33%] [32mBuilding CXX object CMakeFiles/moveit_setup_controllers.dir/moveit_setup_controllers_autogen/mocs_compilation.cpp.o[0m
[3.428s] [ 36%] [32mBuilding CXX object CMakeFiles/moveit_setup_controllers.dir/src/control_xacro_config.cpp.o[0m
[3.431s] [ 39%] [32mBuilding CXX object CMakeFiles/moveit_setup_controllers.dir/src/controllers.cpp.o[0m
[3.431s] [ 42%] [32mBuilding CXX object CMakeFiles/moveit_setup_controllers.dir/src/controller_edit_widget.cpp.o[0m
[3.438s] [ 45%] [32mBuilding CXX object CMakeFiles/moveit_setup_controllers.dir/src/controllers_widget.cpp.o[0m
[3.462s] [ 48%] [32mBuilding CXX object CMakeFiles/moveit_setup_controllers.dir/src/controllers_config.cpp.o[0m
[4.504s] [ 51%] [32mBuilding CXX object CMakeFiles/moveit_setup_controllers.dir/src/modified_urdf_config.cpp.o[0m
[5.791s] [ 54%] [32m[1mLinking CXX static library libgtest_main.a[0m
[5.943s] [ 54%] Built target gtest_main
[5.988s] [ 57%] [32mBuilding CXX object CMakeFiles/moveit_setup_controllers.dir/src/moveit_controllers_config.cpp.o[0m
[17.383s] [ 60%] [32mBuilding CXX object CMakeFiles/moveit_setup_controllers.dir/src/moveit_controllers_widget.cpp.o[0m
[23.749s] [ 63%] [32m[1mLinking CXX static library libgtest.a[0m
[23.812s] [ 63%] Built target gtest
[23.830s] [ 66%] [32mBuilding CXX object CMakeFiles/moveit_setup_controllers.dir/src/ros2_controllers_config.cpp.o[0m
[25.057s] [ 69%] [32mBuilding CXX object CMakeFiles/moveit_setup_controllers.dir/src/ros2_controllers_widget.cpp.o[0m
[27.460s] [ 72%] [32mBuilding CXX object CMakeFiles/moveit_setup_controllers.dir/src/urdf_modifications.cpp.o[0m
[31.340s] [ 75%] [32mBuilding CXX object CMakeFiles/moveit_setup_controllers.dir/src/urdf_modifications_widget.cpp.o[0m
[31.389s] [ 78%] [32mBuilding CXX object CMakeFiles/moveit_setup_controllers.dir/include/moveit_setup_controllers/moc_controller_edit_widget.cpp.o[0m
[33.370s] [ 81%] [32mBuilding CXX object CMakeFiles/moveit_setup_controllers.dir/include/moveit_setup_controllers/moc_controllers_widget.cpp.o[0m
[56.240s] [ 84%] [32mBuilding CXX object CMakeFiles/moveit_setup_controllers.dir/include/moveit_setup_controllers/moc_urdf_modifications_widget.cpp.o[0m
[71.480s] [ 87%] [32m[1mLinking CXX shared library libmoveit_setup_controllers.so[0m
[72.015s] [ 87%] Built target moveit_setup_controllers
[72.047s] [ 90%] [34m[1mAutomatic MOC for target test_controllers[0m
[72.088s] [ 90%] Built target test_controllers_autogen
[72.114s] [ 93%] [32mBuilding CXX object CMakeFiles/test_controllers.dir/test_controllers_autogen/mocs_compilation.cpp.o[0m
[72.114s] [ 96%] [32mBuilding CXX object CMakeFiles/test_controllers.dir/test/test_controllers.cpp.o[0m
[92.485s] [100%] [32m[1mLinking CXX executable test_controllers[0m
[94.479s] [100%] Built target test_controllers
[94.529s] Invoked command in '/home/gustav/P5-Kuka-Dual-Arm/build/moveit_setup_controllers' returned '0': AMENT_PREFIX_PATH=/home/gustav/P5-Kuka-Dual-Arm/install/moveit_setup_framework:/home/gustav/P5-Kuka-Dual-Arm/install/moveit_ros_visualization:/home/gustav/P5-Kuka-Dual-Arm/install/moveit_ros_planning_interface:/home/gustav/P5-Kuka-Dual-Arm/install/moveit_ros_move_group:/home/gustav/P5-Kuka-Dual-Arm/install/moveit_ros_warehouse:/home/gustav/P5-Kuka-Dual-Arm/install/moveit_ros_robot_interaction:/home/gustav/P5-Kuka-Dual-Arm/install/moveit_planners_ompl:/home/gustav/P5-Kuka-Dual-Arm/install/moveit_kinematics:/home/gustav/P5-Kuka-Dual-Arm/install/moveit_ros_planning:/home/gustav/P5-Kuka-Dual-Arm/install/moveit_simple_controller_manager:/home/gustav/P5-Kuka-Dual-Arm/install/moveit_ros_occupancy_map_monitor:/home/gustav/P5-Kuka-Dual-Arm/install/moveit_core:/home/gustav/P5-Kuka-Dual-Arm/install/moveit_resources_panda_moveit_config:/home/gustav/P5-Kuka-Dual-Arm/install/moveit_resources_fanuc_moveit_config:/home/gustav/P5-Kuka-Dual-Arm/install/generate_parameter_library:/home/gustav/P5-Kuka-Dual-Arm/install/parameter_traits:/home/gustav/P5-Kuka-Dual-Arm/install/moveit_resources_pr2_description:/home/gustav/P5-Kuka-Dual-Arm/install/moveit_resources_panda_description:/home/gustav/P5-Kuka-Dual-Arm/install/moveit_resources_fanuc_description:/home/gustav/P5-Kuka-Dual-Arm/install/moveit_msgs:/home/gustav/P5-Kuka-Dual-Arm/install/moveit_configs_utils:/home/gustav/P5-Kuka-Dual-Arm/install/moveit_common:/home/gustav/P5-Kuka-Dual-Arm/install/generate_parameter_library_py:${AMENT_PREFIX_PATH} CMAKE_PREFIX_PATH=/home/gustav/P5-Kuka-Dual-Arm/install/moveit_setup_framework:/home/gustav/P5-Kuka-Dual-Arm/install/moveit_ros_visualization:/home/gustav/P5-Kuka-Dual-Arm/install/moveit_ros_planning_interface:/home/gustav/P5-Kuka-Dual-Arm/install/moveit_ros_move_group:/home/gustav/P5-Kuka-Dual-Arm/install/moveit_ros_warehouse:/home/gustav/P5-Kuka-Dual-Arm/install/moveit_ros_robot_interaction:/home/gustav/P5-Kuka-Dual-Arm/install/moveit_planners_ompl:/home/gustav/P5-Kuka-Dual-Arm/install/moveit_kinematics:/home/gustav/P5-Kuka-Dual-Arm/install/moveit_ros_planning:/home/gustav/P5-Kuka-Dual-Arm/install/moveit_simple_controller_manager:/home/gustav/P5-Kuka-Dual-Arm/install/moveit_ros_occupancy_map_monitor:/home/gustav/P5-Kuka-Dual-Arm/install/moveit_core:/home/gustav/P5-Kuka-Dual-Arm/install/moveit_resources_panda_moveit_config:/home/gustav/P5-Kuka-Dual-Arm/install/moveit_resources_fanuc_moveit_config:/home/gustav/P5-Kuka-Dual-Arm/install/generate_parameter_library:/home/gustav/P5-Kuka-Dual-Arm/install/parameter_traits:/home/gustav/P5-Kuka-Dual-Arm/install/moveit_resources_pr2_description:/home/gustav/P5-Kuka-Dual-Arm/install/moveit_resources_panda_description:/home/gustav/P5-Kuka-Dual-Arm/install/moveit_resources_fanuc_description:/home/gustav/P5-Kuka-Dual-Arm/install/moveit_msgs:/home/gustav/P5-Kuka-Dual-Arm/install/moveit_common:/opt/ros/humble LD_LIBRARY_PATH=/home/gustav/P5-Kuka-Dual-Arm/install/moveit_setup_framework/lib:/home/gustav/P5-Kuka-Dual-Arm/install/moveit_ros_visualization/lib:/home/gustav/P5-Kuka-Dual-Arm/install/moveit_ros_planning_interface/lib:/home/gustav/P5-Kuka-Dual-Arm/install/moveit_ros_move_group/lib:/home/gustav/P5-Kuka-Dual-Arm/install/moveit_ros_warehouse/lib:/home/gustav/P5-Kuka-Dual-Arm/install/moveit_ros_robot_interaction/lib:/home/gustav/P5-Kuka-Dual-Arm/install/moveit_planners_ompl/lib:/home/gustav/P5-Kuka-Dual-Arm/install/moveit_kinematics/lib:/home/gustav/P5-Kuka-Dual-Arm/install/moveit_ros_planning/lib:/home/gustav/P5-Kuka-Dual-Arm/install/moveit_simple_controller_manager/lib:/home/gustav/P5-Kuka-Dual-Arm/install/moveit_ros_occupancy_map_monitor/lib:/home/gustav/P5-Kuka-Dual-Arm/install/moveit_core/lib:/home/gustav/P5-Kuka-Dual-Arm/install/parameter_traits/lib:/home/gustav/P5-Kuka-Dual-Arm/install/moveit_msgs/lib:${LD_LIBRARY_PATH} PATH=/home/gustav/P5-Kuka-Dual-Arm/install/moveit_core/bin:/home/gustav/P5-Kuka-Dual-Arm/install/generate_parameter_library_py/bin:${PATH} PYTHONPATH=/home/gustav/P5-Kuka-Dual-Arm/install/moveit_msgs/local/lib/python3.10/dist-packages:/home/gustav/P5-Kuka-Dual-Arm/install/moveit_configs_utils/lib/python3.10/site-packages:/home/gustav/P5-Kuka-Dual-Arm/install/generate_parameter_library_py/lib/python3.10/site-packages:${PYTHONPATH} /usr/bin/cmake --build /home/gustav/P5-Kuka-Dual-Arm/build/moveit_setup_controllers -- -j8 -l8
[94.868s] Invoking command in '/home/gustav/P5-Kuka-Dual-Arm/build/moveit_setup_controllers': AMENT_PREFIX_PATH=/home/gustav/P5-Kuka-Dual-Arm/install/moveit_setup_framework:/home/gustav/P5-Kuka-Dual-Arm/install/moveit_ros_visualization:/home/gustav/P5-Kuka-Dual-Arm/install/moveit_ros_planning_interface:/home/gustav/P5-Kuka-Dual-Arm/install/moveit_ros_move_group:/home/gustav/P5-Kuka-Dual-Arm/install/moveit_ros_warehouse:/home/gustav/P5-Kuka-Dual-Arm/install/moveit_ros_robot_interaction:/home/gustav/P5-Kuka-Dual-Arm/install/moveit_planners_ompl:/home/gustav/P5-Kuka-Dual-Arm/install/moveit_kinematics:/home/gustav/P5-Kuka-Dual-Arm/install/moveit_ros_planning:/home/gustav/P5-Kuka-Dual-Arm/install/moveit_simple_controller_manager:/home/gustav/P5-Kuka-Dual-Arm/install/moveit_ros_occupancy_map_monitor:/home/gustav/P5-Kuka-Dual-Arm/install/moveit_core:/home/gustav/P5-Kuka-Dual-Arm/install/moveit_resources_panda_moveit_config:/home/gustav/P5-Kuka-Dual-Arm/install/moveit_resources_fanuc_moveit_config:/home/gustav/P5-Kuka-Dual-Arm/install/generate_parameter_library:/home/gustav/P5-Kuka-Dual-Arm/install/parameter_traits:/home/gustav/P5-Kuka-Dual-Arm/install/moveit_resources_pr2_description:/home/gustav/P5-Kuka-Dual-Arm/install/moveit_resources_panda_description:/home/gustav/P5-Kuka-Dual-Arm/install/moveit_resources_fanuc_description:/home/gustav/P5-Kuka-Dual-Arm/install/moveit_msgs:/home/gustav/P5-Kuka-Dual-Arm/install/moveit_configs_utils:/home/gustav/P5-Kuka-Dual-Arm/install/moveit_common:/home/gustav/P5-Kuka-Dual-Arm/install/generate_parameter_library_py:${AMENT_PREFIX_PATH} CMAKE_PREFIX_PATH=/home/gustav/P5-Kuka-Dual-Arm/install/moveit_setup_framework:/home/gustav/P5-Kuka-Dual-Arm/install/moveit_ros_visualization:/home/gustav/P5-Kuka-Dual-Arm/install/moveit_ros_planning_interface:/home/gustav/P5-Kuka-Dual-Arm/install/moveit_ros_move_group:/home/gustav/P5-Kuka-Dual-Arm/install/moveit_ros_warehouse:/home/gustav/P5-Kuka-Dual-Arm/install/moveit_ros_robot_interaction:/home/gustav/P5-Kuka-Dual-Arm/install/moveit_planners_ompl:/home/gustav/P5-Kuka-Dual-Arm/install/moveit_kinematics:/home/gustav/P5-Kuka-Dual-Arm/install/moveit_ros_planning:/home/gustav/P5-Kuka-Dual-Arm/install/moveit_simple_controller_manager:/home/gustav/P5-Kuka-Dual-Arm/install/moveit_ros_occupancy_map_monitor:/home/gustav/P5-Kuka-Dual-Arm/install/moveit_core:/home/gustav/P5-Kuka-Dual-Arm/install/moveit_resources_panda_moveit_config:/home/gustav/P5-Kuka-Dual-Arm/install/moveit_resources_fanuc_moveit_config:/home/gustav/P5-Kuka-Dual-Arm/install/generate_parameter_library:/home/gustav/P5-Kuka-Dual-Arm/install/parameter_traits:/home/gustav/P5-Kuka-Dual-Arm/install/moveit_resources_pr2_description:/home/gustav/P5-Kuka-Dual-Arm/install/moveit_resources_panda_description:/home/gustav/P5-Kuka-Dual-Arm/install/moveit_resources_fanuc_description:/home/gustav/P5-Kuka-Dual-Arm/install/moveit_msgs:/home/gustav/P5-Kuka-Dual-Arm/install/moveit_common:/opt/ros/humble LD_LIBRARY_PATH=/home/gustav/P5-Kuka-Dual-Arm/install/moveit_setup_framework/lib:/home/gustav/P5-Kuka-Dual-Arm/install/moveit_ros_visualization/lib:/home/gustav/P5-Kuka-Dual-Arm/install/moveit_ros_planning_interface/lib:/home/gustav/P5-Kuka-Dual-Arm/install/moveit_ros_move_group/lib:/home/gustav/P5-Kuka-Dual-Arm/install/moveit_ros_warehouse/lib:/home/gustav/P5-Kuka-Dual-Arm/install/moveit_ros_robot_interaction/lib:/home/gustav/P5-Kuka-Dual-Arm/install/moveit_planners_ompl/lib:/home/gustav/P5-Kuka-Dual-Arm/install/moveit_kinematics/lib:/home/gustav/P5-Kuka-Dual-Arm/install/moveit_ros_planning/lib:/home/gustav/P5-Kuka-Dual-Arm/install/moveit_simple_controller_manager/lib:/home/gustav/P5-Kuka-Dual-Arm/install/moveit_ros_occupancy_map_monitor/lib:/home/gustav/P5-Kuka-Dual-Arm/install/moveit_core/lib:/home/gustav/P5-Kuka-Dual-Arm/install/parameter_traits/lib:/home/gustav/P5-Kuka-Dual-Arm/install/moveit_msgs/lib:${LD_LIBRARY_PATH} PATH=/home/gustav/P5-Kuka-Dual-Arm/install/moveit_core/bin:/home/gustav/P5-Kuka-Dual-Arm/install/generate_parameter_library_py/bin:${PATH} PYTHONPATH=/home/gustav/P5-Kuka-Dual-Arm/install/moveit_msgs/local/lib/python3.10/dist-packages:/home/gustav/P5-Kuka-Dual-Arm/install/moveit_configs_utils/lib/python3.10/site-packages:/home/gustav/P5-Kuka-Dual-Arm/install/generate_parameter_library_py/lib/python3.10/site-packages:${PYTHONPATH} /usr/bin/cmake --install /home/gustav/P5-Kuka-Dual-Arm/build/moveit_setup_controllers
[94.900s] -- Install configuration: "Release"
[94.900s] -- Installing: /home/gustav/P5-Kuka-Dual-Arm/install/moveit_setup_controllers/share/moveit_setup_controllers/templates
[94.901s] -- Installing: /home/gustav/P5-Kuka-Dual-Arm/install/moveit_setup_controllers/share/moveit_setup_controllers/templates/config
[94.901s] -- Installing: /home/gustav/P5-Kuka-Dual-Arm/install/moveit_setup_controllers/share/moveit_setup_controllers/templates/config/modified.urdf.xacro
[94.902s] -- Installing: /home/gustav/P5-Kuka-Dual-Arm/install/moveit_setup_controllers/share/moveit_setup_controllers/templates/config/ros2_control.xacro
[94.903s] -- Installing: /home/gustav/P5-Kuka-Dual-Arm/install/moveit_setup_controllers/share/moveit_setup_controllers/templates/config/gazebo_controllers.yaml
[94.907s] -- Installing: /home/gustav/P5-Kuka-Dual-Arm/install/moveit_setup_controllers/lib/libmoveit_setup_controllers.so
[94.908s] -- Set runtime path of "/home/gustav/P5-Kuka-Dual-Arm/install/moveit_setup_controllers/lib/libmoveit_setup_controllers.so" to ""
[94.908s] -- Installing: /home/gustav/P5-Kuka-Dual-Arm/install/moveit_setup_controllers/share/moveit_setup_controllers/moveit_setup_framework_plugins.xml
[94.908s] -- Installing: /home/gustav/P5-Kuka-Dual-Arm/install/moveit_setup_controllers/include
[94.909s] -- Installing: /home/gustav/P5-Kuka-Dual-Arm/install/moveit_setup_controllers/include/moveit_setup_controllers
[94.912s] -- Installing: /home/gustav/P5-Kuka-Dual-Arm/install/moveit_setup_controllers/include/moveit_setup_controllers/controllers.hpp
[94.912s] -- Installing: /home/gustav/P5-Kuka-Dual-Arm/install/moveit_setup_controllers/include/moveit_setup_controllers/controllers_widget.hpp
[94.912s] -- Installing: /home/gustav/P5-Kuka-Dual-Arm/install/moveit_setup_controllers/include/moveit_setup_controllers/ros2_controllers_config.hpp
[94.913s] -- Installing: /home/gustav/P5-Kuka-Dual-Arm/install/moveit_setup_controllers/include/moveit_setup_controllers/ros2_controllers.hpp
[94.913s] -- Installing: /home/gustav/P5-Kuka-Dual-Arm/install/moveit_setup_controllers/include/moveit_setup_controllers/moveit_controllers.hpp
[94.913s] -- Installing: /home/gustav/P5-Kuka-Dual-Arm/install/moveit_setup_controllers/include/moveit_setup_controllers/moveit_controllers_config.hpp
[94.913s] -- Installing: /home/gustav/P5-Kuka-Dual-Arm/install/moveit_setup_controllers/include/moveit_setup_controllers/urdf_modifications_widget.hpp
[94.913s] -- Installing: /home/gustav/P5-Kuka-Dual-Arm/install/moveit_setup_controllers/include/moveit_setup_controllers/included_xacro_config.hpp
[94.914s] -- Installing: /home/gustav/P5-Kuka-Dual-Arm/install/moveit_setup_controllers/include/moveit_setup_controllers/control_xacro_config.hpp
[94.914s] -- Installing: /home/gustav/P5-Kuka-Dual-Arm/install/moveit_setup_controllers/include/moveit_setup_controllers/urdf_modifications.hpp
[94.914s] -- Installing: /home/gustav/P5-Kuka-Dual-Arm/install/moveit_setup_controllers/include/moveit_setup_controllers/controller_edit_widget.hpp
[94.914s] -- Installing: /home/gustav/P5-Kuka-Dual-Arm/install/moveit_setup_controllers/include/moveit_setup_controllers/controllers_config.hpp
[94.914s] -- Installing: /home/gustav/P5-Kuka-Dual-Arm/install/moveit_setup_controllers/include/moveit_setup_controllers/modified_urdf_config.hpp
[94.915s] -- Installing: /home/gustav/P5-Kuka-Dual-Arm/install/moveit_setup_controllers/share/moveit_setup_controllers/launch
[94.915s] -- Installing: /home/gustav/P5-Kuka-Dual-Arm/install/moveit_setup_controllers/share/moveit_setup_controllers/launch/control.launch.py
[94.915s] -- Installing: /home/gustav/P5-Kuka-Dual-Arm/install/moveit_setup_controllers/share/moveit_setup_controllers/environment/library_path.sh
[94.919s] -- Installing: /home/gustav/P5-Kuka-Dual-Arm/install/moveit_setup_controllers/share/moveit_setup_controllers/environment/library_path.dsv
[94.919s] -- Up-to-date: /home/gustav/P5-Kuka-Dual-Arm/install/moveit_setup_controllers/share/moveit_setup_controllers/moveit_setup_framework_plugins.xml
[94.920s] -- Installing: /home/gustav/P5-Kuka-Dual-Arm/install/moveit_setup_controllers/share/ament_index/resource_index/package_run_dependencies/moveit_setup_controllers
[94.920s] -- Installing: /home/gustav/P5-Kuka-Dual-Arm/install/moveit_setup_controllers/share/ament_index/resource_index/parent_prefix_path/moveit_setup_controllers
[94.920s] -- Installing: /home/gustav/P5-Kuka-Dual-Arm/install/moveit_setup_controllers/share/moveit_setup_controllers/environment/ament_prefix_path.sh
[94.920s] -- Installing: /home/gustav/P5-Kuka-Dual-Arm/install/moveit_setup_controllers/share/moveit_setup_controllers/environment/ament_prefix_path.dsv
[94.921s] -- Installing: /home/gustav/P5-Kuka-Dual-Arm/install/moveit_setup_controllers/share/moveit_setup_controllers/environment/path.sh
[94.921s] -- Installing: /home/gustav/P5-Kuka-Dual-Arm/install/moveit_setup_controllers/share/moveit_setup_controllers/environment/path.dsv
[94.921s] -- Installing: /home/gustav/P5-Kuka-Dual-Arm/install/moveit_setup_controllers/share/moveit_setup_controllers/local_setup.bash
[94.925s] -- Installing: /home/gustav/P5-Kuka-Dual-Arm/install/moveit_setup_controllers/share/moveit_setup_controllers/local_setup.sh
[94.925s] -- Installing: /home/gustav/P5-Kuka-Dual-Arm/install/moveit_setup_controllers/share/moveit_setup_controllers/local_setup.zsh
[94.925s] -- Installing: /home/gustav/P5-Kuka-Dual-Arm/install/moveit_setup_controllers/share/moveit_setup_controllers/local_setup.dsv
[94.926s] -- Installing: /home/gustav/P5-Kuka-Dual-Arm/install/moveit_setup_controllers/share/moveit_setup_controllers/package.dsv
[94.926s] -- Installing: /home/gustav/P5-Kuka-Dual-Arm/install/moveit_setup_controllers/share/ament_index/resource_index/packages/moveit_setup_controllers
[94.926s] -- Installing: /home/gustav/P5-Kuka-Dual-Arm/install/moveit_setup_controllers/share/ament_index/resource_index/moveit_setup_framework__pluginlib__plugin/moveit_setup_controllers
[94.926s] -- Installing: /home/gustav/P5-Kuka-Dual-Arm/install/moveit_setup_controllers/share/moveit_setup_controllers/cmake/export_moveit_setup_controllersExport.cmake
[94.927s] -- Installing: /home/gustav/P5-Kuka-Dual-Arm/install/moveit_setup_controllers/share/moveit_setup_controllers/cmake/export_moveit_setup_controllersExport-release.cmake
[94.927s] -- Installing: /home/gustav/P5-Kuka-Dual-Arm/install/moveit_setup_controllers/share/moveit_setup_controllers/cmake/ament_cmake_export_include_directories-extras.cmake
[94.927s] -- Installing: /home/gustav/P5-Kuka-Dual-Arm/install/moveit_setup_controllers/share/moveit_setup_controllers/cmake/ament_cmake_export_libraries-extras.cmake
[94.947s] -- Installing: /home/gustav/P5-Kuka-Dual-Arm/install/moveit_setup_controllers/share/moveit_setup_controllers/cmake/ament_cmake_export_targets-extras.cmake
[94.947s] -- Installing: /home/gustav/P5-Kuka-Dual-Arm/install/moveit_setup_controllers/share/moveit_setup_controllers/cmake/moveit_setup_controllersConfig.cmake
[94.947s] -- Installing: /home/gustav/P5-Kuka-Dual-Arm/install/moveit_setup_controllers/share/moveit_setup_controllers/cmake/moveit_setup_controllersConfig-version.cmake
[94.948s] -- Installing: /home/gustav/P5-Kuka-Dual-Arm/install/moveit_setup_controllers/share/moveit_setup_controllers/package.xml
[94.948s] Invoked command in '/home/gustav/P5-Kuka-Dual-Arm/build/moveit_setup_controllers' returned '0': AMENT_PREFIX_PATH=/home/gustav/P5-Kuka-Dual-Arm/install/moveit_setup_framework:/home/gustav/P5-Kuka-Dual-Arm/install/moveit_ros_visualization:/home/gustav/P5-Kuka-Dual-Arm/install/moveit_ros_planning_interface:/home/gustav/P5-Kuka-Dual-Arm/install/moveit_ros_move_group:/home/gustav/P5-Kuka-Dual-Arm/install/moveit_ros_warehouse:/home/gustav/P5-Kuka-Dual-Arm/install/moveit_ros_robot_interaction:/home/gustav/P5-Kuka-Dual-Arm/install/moveit_planners_ompl:/home/gustav/P5-Kuka-Dual-Arm/install/moveit_kinematics:/home/gustav/P5-Kuka-Dual-Arm/install/moveit_ros_planning:/home/gustav/P5-Kuka-Dual-Arm/install/moveit_simple_controller_manager:/home/gustav/P5-Kuka-Dual-Arm/install/moveit_ros_occupancy_map_monitor:/home/gustav/P5-Kuka-Dual-Arm/install/moveit_core:/home/gustav/P5-Kuka-Dual-Arm/install/moveit_resources_panda_moveit_config:/home/gustav/P5-Kuka-Dual-Arm/install/moveit_resources_fanuc_moveit_config:/home/gustav/P5-Kuka-Dual-Arm/install/generate_parameter_library:/home/gustav/P5-Kuka-Dual-Arm/install/parameter_traits:/home/gustav/P5-Kuka-Dual-Arm/install/moveit_resources_pr2_description:/home/gustav/P5-Kuka-Dual-Arm/install/moveit_resources_panda_description:/home/gustav/P5-Kuka-Dual-Arm/install/moveit_resources_fanuc_description:/home/gustav/P5-Kuka-Dual-Arm/install/moveit_msgs:/home/gustav/P5-Kuka-Dual-Arm/install/moveit_configs_utils:/home/gustav/P5-Kuka-Dual-Arm/install/moveit_common:/home/gustav/P5-Kuka-Dual-Arm/install/generate_parameter_library_py:${AMENT_PREFIX_PATH} CMAKE_PREFIX_PATH=/home/gustav/P5-Kuka-Dual-Arm/install/moveit_setup_framework:/home/gustav/P5-Kuka-Dual-Arm/install/moveit_ros_visualization:/home/gustav/P5-Kuka-Dual-Arm/install/moveit_ros_planning_interface:/home/gustav/P5-Kuka-Dual-Arm/install/moveit_ros_move_group:/home/gustav/P5-Kuka-Dual-Arm/install/moveit_ros_warehouse:/home/gustav/P5-Kuka-Dual-Arm/install/moveit_ros_robot_interaction:/home/gustav/P5-Kuka-Dual-Arm/install/moveit_planners_ompl:/home/gustav/P5-Kuka-Dual-Arm/install/moveit_kinematics:/home/gustav/P5-Kuka-Dual-Arm/install/moveit_ros_planning:/home/gustav/P5-Kuka-Dual-Arm/install/moveit_simple_controller_manager:/home/gustav/P5-Kuka-Dual-Arm/install/moveit_ros_occupancy_map_monitor:/home/gustav/P5-Kuka-Dual-Arm/install/moveit_core:/home/gustav/P5-Kuka-Dual-Arm/install/moveit_resources_panda_moveit_config:/home/gustav/P5-Kuka-Dual-Arm/install/moveit_resources_fanuc_moveit_config:/home/gustav/P5-Kuka-Dual-Arm/install/generate_parameter_library:/home/gustav/P5-Kuka-Dual-Arm/install/parameter_traits:/home/gustav/P5-Kuka-Dual-Arm/install/moveit_resources_pr2_description:/home/gustav/P5-Kuka-Dual-Arm/install/moveit_resources_panda_description:/home/gustav/P5-Kuka-Dual-Arm/install/moveit_resources_fanuc_description:/home/gustav/P5-Kuka-Dual-Arm/install/moveit_msgs:/home/gustav/P5-Kuka-Dual-Arm/install/moveit_common:/opt/ros/humble LD_LIBRARY_PATH=/home/gustav/P5-Kuka-Dual-Arm/install/moveit_setup_framework/lib:/home/gustav/P5-Kuka-Dual-Arm/install/moveit_ros_visualization/lib:/home/gustav/P5-Kuka-Dual-Arm/install/moveit_ros_planning_interface/lib:/home/gustav/P5-Kuka-Dual-Arm/install/moveit_ros_move_group/lib:/home/gustav/P5-Kuka-Dual-Arm/install/moveit_ros_warehouse/lib:/home/gustav/P5-Kuka-Dual-Arm/install/moveit_ros_robot_interaction/lib:/home/gustav/P5-Kuka-Dual-Arm/install/moveit_planners_ompl/lib:/home/gustav/P5-Kuka-Dual-Arm/install/moveit_kinematics/lib:/home/gustav/P5-Kuka-Dual-Arm/install/moveit_ros_planning/lib:/home/gustav/P5-Kuka-Dual-Arm/install/moveit_simple_controller_manager/lib:/home/gustav/P5-Kuka-Dual-Arm/install/moveit_ros_occupancy_map_monitor/lib:/home/gustav/P5-Kuka-Dual-Arm/install/moveit_core/lib:/home/gustav/P5-Kuka-Dual-Arm/install/parameter_traits/lib:/home/gustav/P5-Kuka-Dual-Arm/install/moveit_msgs/lib:${LD_LIBRARY_PATH} PATH=/home/gustav/P5-Kuka-Dual-Arm/install/moveit_core/bin:/home/gustav/P5-Kuka-Dual-Arm/install/generate_parameter_library_py/bin:${PATH} PYTHONPATH=/home/gustav/P5-Kuka-Dual-Arm/install/moveit_msgs/local/lib/python3.10/dist-packages:/home/gustav/P5-Kuka-Dual-Arm/install/moveit_configs_utils/lib/python3.10/site-packages:/home/gustav/P5-Kuka-Dual-Arm/install/generate_parameter_library_py/lib/python3.10/site-packages:${PYTHONPATH} /usr/bin/cmake --install /home/gustav/P5-Kuka-Dual-Arm/build/moveit_setup_controllers
