[0.267s] Invoking command in '/home/gustav/P5-Kuka-Dual-Arm/build/lbr_fri_idl': CMAKE_PREFIX_PATH=/home/gustav/P5-Kuka-Dual-Arm/install/fri_client_sdk:/home/gustav/ws_lbr/install/med7_moveit_config:/home/gustav/ws_lbr/install/med14_moveit_config:/home/gustav/ws_lbr/install/lbr_moveit_cpp:/home/gustav/ws_lbr/install/iiwa7_moveit_config:/home/gustav/ws_lbr/install/iiwa14_moveit_config:/home/gustav/ws_lbr/install/lbr_description:/home/gustav/ws_moveit2/install/pilz_industrial_motion_planner_testutils:/home/gustav/ws_moveit2/install/moveit_runtime:/home/gustav/ws_moveit2/install/moveit2_tutorials:/home/gustav/ws_moveit2/install/moveit:/home/gustav/ws_moveit2/install/moveit_planners:/home/gustav/ws_moveit2/install/pilz_industrial_motion_planner:/home/gustav/ws_moveit2/install/moveit_visual_tools:/home/gustav/ws_moveit2/install/moveit_task_constructor_visualization:/home/gustav/ws_moveit2/install/moveit_task_constructor_demo:/home/gustav/ws_moveit2/install/moveit_task_constructor_capabilities:/home/gustav/ws_moveit2/install/moveit_task_constructor_core:/home/gustav/ws_moveit2/install/moveit_ros_control_interface:/home/gustav/ws_moveit2/install/moveit_plugins:/home/gustav/ws_moveit2/install/moveit_simple_controller_manager:/home/gustav/ws_moveit2/install/moveit_setup_assistant:/home/gustav/ws_moveit2/install/moveit_setup_srdf_plugins:/home/gustav/ws_moveit2/install/moveit_setup_core_plugins:/home/gustav/ws_moveit2/install/moveit_setup_controllers:/home/gustav/ws_moveit2/install/moveit_setup_app_plugins:/home/gustav/ws_moveit2/install/moveit_setup_framework:/home/gustav/ws_moveit2/install/moveit_servo:/home/gustav/ws_moveit2/install/moveit_ros:/home/gustav/ws_moveit2/install/moveit_ros_visualization:/home/gustav/ws_moveit2/install/moveit_hybrid_planning:/home/gustav/ws_moveit2/install/hello_moveit:/home/gustav/ws_moveit2/install/moveit_ros_planning_interface:/home/gustav/ws_moveit2/install/moveit_ros_benchmarks:/home/gustav/ws_moveit2/install/moveit_ros_warehouse:/home/gustav/ws_moveit2/install/moveit_ros_robot_interaction:/home/gustav/ws_moveit2/install/moveit_ros_perception:/home/gustav/ws_moveit2/install/moveit_resources_prbt_pg70_support:/home/gustav/ws_moveit2/install/moveit_resources_prbt_moveit_config:/home/gustav/ws_moveit2/install/moveit_ros_move_group:/home/gustav/ws_moveit2/install/moveit_planners_ompl:/home/gustav/ws_moveit2/install/moveit_ros_planning:/home/gustav/ws_moveit2/install/moveit_ros_occupancy_map_monitor:/home/gustav/ws_moveit2/install/moveit_resources_prbt_ikfast_manipulator_plugin:/home/gustav/ws_moveit2/install/moveit_planners_chomp:/home/gustav/ws_moveit2/install/moveit_kinematics:/home/gustav/ws_moveit2/install/moveit_chomp_optimizer_adapter:/home/gustav/ws_moveit2/install/chomp_motion_planner:/home/gustav/ws_moveit2/install/moveit_core:/home/gustav/ws_moveit2/install/srdfdom:/home/gustav/ws_moveit2/install/rviz_marker_tools:/home/gustav/ws_moveit2/install/rosparam_shortcuts:/home/gustav/ws_moveit2/install/moveit_task_constructor_msgs:/home/gustav/ws_moveit2/install/moveit_resources_prbt_support:/home/gustav/ws_moveit2/install/moveit_resources:/home/gustav/ws_moveit2/install/moveit_resources_pr2_description:/home/gustav/ws_moveit2/install/moveit_resources_panda_moveit_config:/home/gustav/ws_moveit2/install/moveit_resources_panda_description:/home/gustav/ws_moveit2/install/moveit_resources_fanuc_moveit_config:/home/gustav/ws_moveit2/install/moveit_resources_fanuc_description:/home/gustav/ws_moveit2/install/moveit_common:/home/gustav/ws_moveit2/install/lbr_description:/home/gustav/ws_moveit2/install/kuka_bord_description:/home/gustav/P5-Kuka-Dual-Arm/moveit2_kuka_table/install/send_cudes:/home/gustav/P5-Kuka-Dual-Arm/moveit2_kuka_table/install/moveit2_launch:/home/gustav/P5-Kuka-Dual-Arm/moveit2_kuka_table/install/kuka_bord_description:/home/gustav/lbr_stack/install/med7_moveit_config:/home/gustav/lbr_stack/install/med14_moveit_config:/home/gustav/lbr_stack/install/lbr_fri_ros2_stack:/home/gustav/lbr_stack/install/lbr_demos_cpp:/home/gustav/lbr_stack/install/lbr_bringup:/home/gustav/lbr_stack/install/lbr_ros2_control:/home/gustav/lbr_stack/install/lbr_moveit_cpp:/home/gustav/lbr_stack/install/lbr_demos_advanced_cpp:/home/gustav/lbr_stack/install/lbr_fri_ros2:/home/gustav/lbr_stack/install/lbr_fri_idl:/home/gustav/lbr_stack/install/iiwa7_moveit_config:/home/gustav/lbr_stack/install/iiwa14_moveit_config:/home/gustav/lbr_stack/install/lbr_description:/home/gustav/lbr_stack/install/fri_client_sdk:/home/gustav/ws_P5/install/send_cudes:/home/gustav/ws_P5/install/moveit2_launch:/home/gustav/ws_P5/install/kuka_bord_description:/home/gustav/ws_moveit2/install/moveit_configs_utils:/home/gustav/ws_moveit2/install/launch_param_builder:/home/gustav/lbr_stack/install/lbr_demos_py:/home/gustav/lbr_stack/install/lbr_demos_advanced_py:/opt/ros/humble LD_LIBRARY_PATH=/home/gustav/P5-Kuka-Dual-Arm/install/fri_client_sdk/lib:${LD_LIBRARY_PATH} PKG_CONFIG_PATH=/home/gustav/P5-Kuka-Dual-Arm/install/fri_client_sdk/lib/x86_64-linux-gnu/pkgconfig:/home/gustav/P5-Kuka-Dual-Arm/install/fri_client_sdk/lib/pkgconfig:${PKG_CONFIG_PATH} /usr/bin/cmake --build /home/gustav/P5-Kuka-Dual-Arm/build/lbr_fri_idl -- -j8 -l8
[0.484s] [  1%] Built target lbr_fri_idl__cpp
[0.531s] [  4%] Built target gtest_main
[0.538s] [ 14%] Built target lbr_fri_idl__rosidl_generator_c
[0.575s] [ 17%] Built target gtest
[0.597s] [ 17%] Built target ament_cmake_python_copy_lbr_fri_idl
[0.619s] [ 27%] Built target lbr_fri_idl__rosidl_typesupport_cpp
[0.642s] [ 37%] Built target lbr_fri_idl__rosidl_typesupport_fastrtps_cpp
[0.659s] [ 47%] Built target lbr_fri_idl__rosidl_typesupport_introspection_cpp
[0.674s] [ 57%] Built target lbr_fri_idl__rosidl_typesupport_introspection_c
[0.712s] [ 68%] Built target lbr_fri_idl__rosidl_typesupport_c
[0.725s] [ 78%] Built target lbr_fri_idl__rosidl_typesupport_fastrtps_c
[0.779s] [ 81%] Built target lbr_fri_idl_test_command_interfaces
[0.817s] [ 81%] Built target lbr_fri_idl
[0.947s] [ 82%] Built target lbr_fri_idl__py
[1.096s] [ 91%] Built target lbr_fri_idl__rosidl_generator_py
[1.194s] [ 94%] Built target lbr_fri_idl__rosidl_typesupport_c__pyext
[1.200s] [ 97%] Built target lbr_fri_idl__rosidl_typesupport_fastrtps_c__pyext
[1.210s] [100%] Built target lbr_fri_idl__rosidl_typesupport_introspection_c__pyext
[1.439s] running egg_info
[1.443s] writing lbr_fri_idl.egg-info/PKG-INFO
[1.445s] writing dependency_links to lbr_fri_idl.egg-info/dependency_links.txt
[1.446s] writing top-level names to lbr_fri_idl.egg-info/top_level.txt
[1.476s] reading manifest file 'lbr_fri_idl.egg-info/SOURCES.txt'
[1.480s] writing manifest file 'lbr_fri_idl.egg-info/SOURCES.txt'
[1.608s] [100%] Built target ament_cmake_python_build_lbr_fri_idl_egg
[2.458s] Invoked command in '/home/gustav/P5-Kuka-Dual-Arm/build/lbr_fri_idl' returned '0': CMAKE_PREFIX_PATH=/home/gustav/P5-Kuka-Dual-Arm/install/fri_client_sdk:/home/gustav/ws_lbr/install/med7_moveit_config:/home/gustav/ws_lbr/install/med14_moveit_config:/home/gustav/ws_lbr/install/lbr_moveit_cpp:/home/gustav/ws_lbr/install/iiwa7_moveit_config:/home/gustav/ws_lbr/install/iiwa14_moveit_config:/home/gustav/ws_lbr/install/lbr_description:/home/gustav/ws_moveit2/install/pilz_industrial_motion_planner_testutils:/home/gustav/ws_moveit2/install/moveit_runtime:/home/gustav/ws_moveit2/install/moveit2_tutorials:/home/gustav/ws_moveit2/install/moveit:/home/gustav/ws_moveit2/install/moveit_planners:/home/gustav/ws_moveit2/install/pilz_industrial_motion_planner:/home/gustav/ws_moveit2/install/moveit_visual_tools:/home/gustav/ws_moveit2/install/moveit_task_constructor_visualization:/home/gustav/ws_moveit2/install/moveit_task_constructor_demo:/home/gustav/ws_moveit2/install/moveit_task_constructor_capabilities:/home/gustav/ws_moveit2/install/moveit_task_constructor_core:/home/gustav/ws_moveit2/install/moveit_ros_control_interface:/home/gustav/ws_moveit2/install/moveit_plugins:/home/gustav/ws_moveit2/install/moveit_simple_controller_manager:/home/gustav/ws_moveit2/install/moveit_setup_assistant:/home/gustav/ws_moveit2/install/moveit_setup_srdf_plugins:/home/gustav/ws_moveit2/install/moveit_setup_core_plugins:/home/gustav/ws_moveit2/install/moveit_setup_controllers:/home/gustav/ws_moveit2/install/moveit_setup_app_plugins:/home/gustav/ws_moveit2/install/moveit_setup_framework:/home/gustav/ws_moveit2/install/moveit_servo:/home/gustav/ws_moveit2/install/moveit_ros:/home/gustav/ws_moveit2/install/moveit_ros_visualization:/home/gustav/ws_moveit2/install/moveit_hybrid_planning:/home/gustav/ws_moveit2/install/hello_moveit:/home/gustav/ws_moveit2/install/moveit_ros_planning_interface:/home/gustav/ws_moveit2/install/moveit_ros_benchmarks:/home/gustav/ws_moveit2/install/moveit_ros_warehouse:/home/gustav/ws_moveit2/install/moveit_ros_robot_interaction:/home/gustav/ws_moveit2/install/moveit_ros_perception:/home/gustav/ws_moveit2/install/moveit_resources_prbt_pg70_support:/home/gustav/ws_moveit2/install/moveit_resources_prbt_moveit_config:/home/gustav/ws_moveit2/install/moveit_ros_move_group:/home/gustav/ws_moveit2/install/moveit_planners_ompl:/home/gustav/ws_moveit2/install/moveit_ros_planning:/home/gustav/ws_moveit2/install/moveit_ros_occupancy_map_monitor:/home/gustav/ws_moveit2/install/moveit_resources_prbt_ikfast_manipulator_plugin:/home/gustav/ws_moveit2/install/moveit_planners_chomp:/home/gustav/ws_moveit2/install/moveit_kinematics:/home/gustav/ws_moveit2/install/moveit_chomp_optimizer_adapter:/home/gustav/ws_moveit2/install/chomp_motion_planner:/home/gustav/ws_moveit2/install/moveit_core:/home/gustav/ws_moveit2/install/srdfdom:/home/gustav/ws_moveit2/install/rviz_marker_tools:/home/gustav/ws_moveit2/install/rosparam_shortcuts:/home/gustav/ws_moveit2/install/moveit_task_constructor_msgs:/home/gustav/ws_moveit2/install/moveit_resources_prbt_support:/home/gustav/ws_moveit2/install/moveit_resources:/home/gustav/ws_moveit2/install/moveit_resources_pr2_description:/home/gustav/ws_moveit2/install/moveit_resources_panda_moveit_config:/home/gustav/ws_moveit2/install/moveit_resources_panda_description:/home/gustav/ws_moveit2/install/moveit_resources_fanuc_moveit_config:/home/gustav/ws_moveit2/install/moveit_resources_fanuc_description:/home/gustav/ws_moveit2/install/moveit_common:/home/gustav/ws_moveit2/install/lbr_description:/home/gustav/ws_moveit2/install/kuka_bord_description:/home/gustav/P5-Kuka-Dual-Arm/moveit2_kuka_table/install/send_cudes:/home/gustav/P5-Kuka-Dual-Arm/moveit2_kuka_table/install/moveit2_launch:/home/gustav/P5-Kuka-Dual-Arm/moveit2_kuka_table/install/kuka_bord_description:/home/gustav/lbr_stack/install/med7_moveit_config:/home/gustav/lbr_stack/install/med14_moveit_config:/home/gustav/lbr_stack/install/lbr_fri_ros2_stack:/home/gustav/lbr_stack/install/lbr_demos_cpp:/home/gustav/lbr_stack/install/lbr_bringup:/home/gustav/lbr_stack/install/lbr_ros2_control:/home/gustav/lbr_stack/install/lbr_moveit_cpp:/home/gustav/lbr_stack/install/lbr_demos_advanced_cpp:/home/gustav/lbr_stack/install/lbr_fri_ros2:/home/gustav/lbr_stack/install/lbr_fri_idl:/home/gustav/lbr_stack/install/iiwa7_moveit_config:/home/gustav/lbr_stack/install/iiwa14_moveit_config:/home/gustav/lbr_stack/install/lbr_description:/home/gustav/lbr_stack/install/fri_client_sdk:/home/gustav/ws_P5/install/send_cudes:/home/gustav/ws_P5/install/moveit2_launch:/home/gustav/ws_P5/install/kuka_bord_description:/home/gustav/ws_moveit2/install/moveit_configs_utils:/home/gustav/ws_moveit2/install/launch_param_builder:/home/gustav/lbr_stack/install/lbr_demos_py:/home/gustav/lbr_stack/install/lbr_demos_advanced_py:/opt/ros/humble LD_LIBRARY_PATH=/home/gustav/P5-Kuka-Dual-Arm/install/fri_client_sdk/lib:${LD_LIBRARY_PATH} PKG_CONFIG_PATH=/home/gustav/P5-Kuka-Dual-Arm/install/fri_client_sdk/lib/x86_64-linux-gnu/pkgconfig:/home/gustav/P5-Kuka-Dual-Arm/install/fri_client_sdk/lib/pkgconfig:${PKG_CONFIG_PATH} /usr/bin/cmake --build /home/gustav/P5-Kuka-Dual-Arm/build/lbr_fri_idl -- -j8 -l8
[4.176s] Invoking command in '/home/gustav/P5-Kuka-Dual-Arm/build/lbr_fri_idl': CMAKE_PREFIX_PATH=/home/gustav/P5-Kuka-Dual-Arm/install/fri_client_sdk:/home/gustav/ws_lbr/install/med7_moveit_config:/home/gustav/ws_lbr/install/med14_moveit_config:/home/gustav/ws_lbr/install/lbr_moveit_cpp:/home/gustav/ws_lbr/install/iiwa7_moveit_config:/home/gustav/ws_lbr/install/iiwa14_moveit_config:/home/gustav/ws_lbr/install/lbr_description:/home/gustav/ws_moveit2/install/pilz_industrial_motion_planner_testutils:/home/gustav/ws_moveit2/install/moveit_runtime:/home/gustav/ws_moveit2/install/moveit2_tutorials:/home/gustav/ws_moveit2/install/moveit:/home/gustav/ws_moveit2/install/moveit_planners:/home/gustav/ws_moveit2/install/pilz_industrial_motion_planner:/home/gustav/ws_moveit2/install/moveit_visual_tools:/home/gustav/ws_moveit2/install/moveit_task_constructor_visualization:/home/gustav/ws_moveit2/install/moveit_task_constructor_demo:/home/gustav/ws_moveit2/install/moveit_task_constructor_capabilities:/home/gustav/ws_moveit2/install/moveit_task_constructor_core:/home/gustav/ws_moveit2/install/moveit_ros_control_interface:/home/gustav/ws_moveit2/install/moveit_plugins:/home/gustav/ws_moveit2/install/moveit_simple_controller_manager:/home/gustav/ws_moveit2/install/moveit_setup_assistant:/home/gustav/ws_moveit2/install/moveit_setup_srdf_plugins:/home/gustav/ws_moveit2/install/moveit_setup_core_plugins:/home/gustav/ws_moveit2/install/moveit_setup_controllers:/home/gustav/ws_moveit2/install/moveit_setup_app_plugins:/home/gustav/ws_moveit2/install/moveit_setup_framework:/home/gustav/ws_moveit2/install/moveit_servo:/home/gustav/ws_moveit2/install/moveit_ros:/home/gustav/ws_moveit2/install/moveit_ros_visualization:/home/gustav/ws_moveit2/install/moveit_hybrid_planning:/home/gustav/ws_moveit2/install/hello_moveit:/home/gustav/ws_moveit2/install/moveit_ros_planning_interface:/home/gustav/ws_moveit2/install/moveit_ros_benchmarks:/home/gustav/ws_moveit2/install/moveit_ros_warehouse:/home/gustav/ws_moveit2/install/moveit_ros_robot_interaction:/home/gustav/ws_moveit2/install/moveit_ros_perception:/home/gustav/ws_moveit2/install/moveit_resources_prbt_pg70_support:/home/gustav/ws_moveit2/install/moveit_resources_prbt_moveit_config:/home/gustav/ws_moveit2/install/moveit_ros_move_group:/home/gustav/ws_moveit2/install/moveit_planners_ompl:/home/gustav/ws_moveit2/install/moveit_ros_planning:/home/gustav/ws_moveit2/install/moveit_ros_occupancy_map_monitor:/home/gustav/ws_moveit2/install/moveit_resources_prbt_ikfast_manipulator_plugin:/home/gustav/ws_moveit2/install/moveit_planners_chomp:/home/gustav/ws_moveit2/install/moveit_kinematics:/home/gustav/ws_moveit2/install/moveit_chomp_optimizer_adapter:/home/gustav/ws_moveit2/install/chomp_motion_planner:/home/gustav/ws_moveit2/install/moveit_core:/home/gustav/ws_moveit2/install/srdfdom:/home/gustav/ws_moveit2/install/rviz_marker_tools:/home/gustav/ws_moveit2/install/rosparam_shortcuts:/home/gustav/ws_moveit2/install/moveit_task_constructor_msgs:/home/gustav/ws_moveit2/install/moveit_resources_prbt_support:/home/gustav/ws_moveit2/install/moveit_resources:/home/gustav/ws_moveit2/install/moveit_resources_pr2_description:/home/gustav/ws_moveit2/install/moveit_resources_panda_moveit_config:/home/gustav/ws_moveit2/install/moveit_resources_panda_description:/home/gustav/ws_moveit2/install/moveit_resources_fanuc_moveit_config:/home/gustav/ws_moveit2/install/moveit_resources_fanuc_description:/home/gustav/ws_moveit2/install/moveit_common:/home/gustav/ws_moveit2/install/lbr_description:/home/gustav/ws_moveit2/install/kuka_bord_description:/home/gustav/P5-Kuka-Dual-Arm/moveit2_kuka_table/install/send_cudes:/home/gustav/P5-Kuka-Dual-Arm/moveit2_kuka_table/install/moveit2_launch:/home/gustav/P5-Kuka-Dual-Arm/moveit2_kuka_table/install/kuka_bord_description:/home/gustav/lbr_stack/install/med7_moveit_config:/home/gustav/lbr_stack/install/med14_moveit_config:/home/gustav/lbr_stack/install/lbr_fri_ros2_stack:/home/gustav/lbr_stack/install/lbr_demos_cpp:/home/gustav/lbr_stack/install/lbr_bringup:/home/gustav/lbr_stack/install/lbr_ros2_control:/home/gustav/lbr_stack/install/lbr_moveit_cpp:/home/gustav/lbr_stack/install/lbr_demos_advanced_cpp:/home/gustav/lbr_stack/install/lbr_fri_ros2:/home/gustav/lbr_stack/install/lbr_fri_idl:/home/gustav/lbr_stack/install/iiwa7_moveit_config:/home/gustav/lbr_stack/install/iiwa14_moveit_config:/home/gustav/lbr_stack/install/lbr_description:/home/gustav/lbr_stack/install/fri_client_sdk:/home/gustav/ws_P5/install/send_cudes:/home/gustav/ws_P5/install/moveit2_launch:/home/gustav/ws_P5/install/kuka_bord_description:/home/gustav/ws_moveit2/install/moveit_configs_utils:/home/gustav/ws_moveit2/install/launch_param_builder:/home/gustav/lbr_stack/install/lbr_demos_py:/home/gustav/lbr_stack/install/lbr_demos_advanced_py:/opt/ros/humble LD_LIBRARY_PATH=/home/gustav/P5-Kuka-Dual-Arm/install/fri_client_sdk/lib:${LD_LIBRARY_PATH} PKG_CONFIG_PATH=/home/gustav/P5-Kuka-Dual-Arm/install/fri_client_sdk/lib/x86_64-linux-gnu/pkgconfig:/home/gustav/P5-Kuka-Dual-Arm/install/fri_client_sdk/lib/pkgconfig:${PKG_CONFIG_PATH} /usr/bin/cmake --install /home/gustav/P5-Kuka-Dual-Arm/build/lbr_fri_idl
[4.221s] -- Install configuration: "Release"
[4.223s] -- Up-to-date: /home/gustav/P5-Kuka-Dual-Arm/install/lbr_fri_idl/share/ament_index/resource_index/rosidl_interfaces/lbr_fri_idl
[4.223s] -- Up-to-date: /home/gustav/P5-Kuka-Dual-Arm/install/lbr_fri_idl/include/lbr_fri_idl/lbr_fri_idl
[4.224s] -- Up-to-date: /home/gustav/P5-Kuka-Dual-Arm/install/lbr_fri_idl/include/lbr_fri_idl/lbr_fri_idl/msg
[4.224s] -- Up-to-date: /home/gustav/P5-Kuka-Dual-Arm/install/lbr_fri_idl/include/lbr_fri_idl/lbr_fri_idl/msg/lbr_torque_command.h
[4.224s] -- Up-to-date: /home/gustav/P5-Kuka-Dual-Arm/install/lbr_fri_idl/include/lbr_fri_idl/lbr_fri_idl/msg/rosidl_generator_c__visibility_control.h
[4.224s] -- Up-to-date: /home/gustav/P5-Kuka-Dual-Arm/install/lbr_fri_idl/include/lbr_fri_idl/lbr_fri_idl/msg/lbr_wrench_command.h
[4.225s] -- Up-to-date: /home/gustav/P5-Kuka-Dual-Arm/install/lbr_fri_idl/include/lbr_fri_idl/lbr_fri_idl/msg/lbr_joint_position_command.h
[4.225s] -- Up-to-date: /home/gustav/P5-Kuka-Dual-Arm/install/lbr_fri_idl/include/lbr_fri_idl/lbr_fri_idl/msg/lbr_command.h
[4.225s] -- Up-to-date: /home/gustav/P5-Kuka-Dual-Arm/install/lbr_fri_idl/include/lbr_fri_idl/lbr_fri_idl/msg/detail
[4.225s] -- Up-to-date: /home/gustav/P5-Kuka-Dual-Arm/install/lbr_fri_idl/include/lbr_fri_idl/lbr_fri_idl/msg/detail/lbr_state__functions.h
[4.225s] -- Up-to-date: /home/gustav/P5-Kuka-Dual-Arm/install/lbr_fri_idl/include/lbr_fri_idl/lbr_fri_idl/msg/detail/lbr_joint_position_command__type_support.h
[4.227s] -- Up-to-date: /home/gustav/P5-Kuka-Dual-Arm/install/lbr_fri_idl/include/lbr_fri_idl/lbr_fri_idl/msg/detail/lbr_state__type_support.h
[4.227s] -- Up-to-date: /home/gustav/P5-Kuka-Dual-Arm/install/lbr_fri_idl/include/lbr_fri_idl/lbr_fri_idl/msg/detail/lbr_joint_position_command__struct.h
[4.227s] -- Up-to-date: /home/gustav/P5-Kuka-Dual-Arm/install/lbr_fri_idl/include/lbr_fri_idl/lbr_fri_idl/msg/detail/lbr_torque_command__struct.h
[4.227s] -- Up-to-date: /home/gustav/P5-Kuka-Dual-Arm/install/lbr_fri_idl/include/lbr_fri_idl/lbr_fri_idl/msg/detail/lbr_torque_command__functions.c
[4.227s] -- Up-to-date: /home/gustav/P5-Kuka-Dual-Arm/install/lbr_fri_idl/include/lbr_fri_idl/lbr_fri_idl/msg/detail/lbr_command__struct.h
[4.227s] -- Up-to-date: /home/gustav/P5-Kuka-Dual-Arm/install/lbr_fri_idl/include/lbr_fri_idl/lbr_fri_idl/msg/detail/lbr_command__functions.c
[4.228s] -- Up-to-date: /home/gustav/P5-Kuka-Dual-Arm/install/lbr_fri_idl/include/lbr_fri_idl/lbr_fri_idl/msg/detail/lbr_state__functions.c
[4.228s] -- Up-to-date: /home/gustav/P5-Kuka-Dual-Arm/install/lbr_fri_idl/include/lbr_fri_idl/lbr_fri_idl/msg/detail/lbr_state__struct.h
[4.228s] -- Up-to-date: /home/gustav/P5-Kuka-Dual-Arm/install/lbr_fri_idl/include/lbr_fri_idl/lbr_fri_idl/msg/detail/lbr_wrench_command__functions.c
[4.228s] -- Up-to-date: /home/gustav/P5-Kuka-Dual-Arm/install/lbr_fri_idl/include/lbr_fri_idl/lbr_fri_idl/msg/detail/lbr_joint_position_command__functions.c
[4.228s] -- Up-to-date: /home/gustav/P5-Kuka-Dual-Arm/install/lbr_fri_idl/include/lbr_fri_idl/lbr_fri_idl/msg/detail/lbr_torque_command__type_support.h
[4.230s] -- Up-to-date: /home/gustav/P5-Kuka-Dual-Arm/install/lbr_fri_idl/include/lbr_fri_idl/lbr_fri_idl/msg/detail/lbr_command__functions.h
[4.230s] -- Up-to-date: /home/gustav/P5-Kuka-Dual-Arm/install/lbr_fri_idl/include/lbr_fri_idl/lbr_fri_idl/msg/detail/lbr_command__type_support.h
[4.239s] -- Up-to-date: /home/gustav/P5-Kuka-Dual-Arm/install/lbr_fri_idl/include/lbr_fri_idl/lbr_fri_idl/msg/detail/lbr_joint_position_command__functions.h
[4.243s] -- Up-to-date: /home/gustav/P5-Kuka-Dual-Arm/install/lbr_fri_idl/include/lbr_fri_idl/lbr_fri_idl/msg/detail/lbr_wrench_command__struct.h
[4.243s] -- Up-to-date: /home/gustav/P5-Kuka-Dual-Arm/install/lbr_fri_idl/include/lbr_fri_idl/lbr_fri_idl/msg/detail/lbr_wrench_command__type_support.h
[4.243s] -- Up-to-date: /home/gustav/P5-Kuka-Dual-Arm/install/lbr_fri_idl/include/lbr_fri_idl/lbr_fri_idl/msg/detail/lbr_torque_command__functions.h
[4.244s] -- Up-to-date: /home/gustav/P5-Kuka-Dual-Arm/install/lbr_fri_idl/include/lbr_fri_idl/lbr_fri_idl/msg/detail/lbr_wrench_command__functions.h
[4.244s] -- Up-to-date: /home/gustav/P5-Kuka-Dual-Arm/install/lbr_fri_idl/include/lbr_fri_idl/lbr_fri_idl/msg/lbr_state.h
[4.244s] -- Up-to-date: /home/gustav/P5-Kuka-Dual-Arm/install/lbr_fri_idl/share/lbr_fri_idl/environment/library_path.sh
[4.244s] -- Up-to-date: /home/gustav/P5-Kuka-Dual-Arm/install/lbr_fri_idl/share/lbr_fri_idl/environment/library_path.dsv
[4.244s] -- Up-to-date: /home/gustav/P5-Kuka-Dual-Arm/install/lbr_fri_idl/lib/liblbr_fri_idl__rosidl_generator_c.so
[4.244s] -- Up-to-date: /home/gustav/P5-Kuka-Dual-Arm/install/lbr_fri_idl/include/lbr_fri_idl/lbr_fri_idl
[4.244s] -- Up-to-date: /home/gustav/P5-Kuka-Dual-Arm/install/lbr_fri_idl/include/lbr_fri_idl/lbr_fri_idl/msg
[4.244s] -- Up-to-date: /home/gustav/P5-Kuka-Dual-Arm/install/lbr_fri_idl/include/lbr_fri_idl/lbr_fri_idl/msg/rosidl_typesupport_fastrtps_c__visibility_control.h
[4.244s] -- Up-to-date: /home/gustav/P5-Kuka-Dual-Arm/install/lbr_fri_idl/include/lbr_fri_idl/lbr_fri_idl/msg/detail
[4.244s] -- Up-to-date: /home/gustav/P5-Kuka-Dual-Arm/install/lbr_fri_idl/include/lbr_fri_idl/lbr_fri_idl/msg/detail/lbr_wrench_command__rosidl_typesupport_fastrtps_c.h
[4.245s] -- Up-to-date: /home/gustav/P5-Kuka-Dual-Arm/install/lbr_fri_idl/include/lbr_fri_idl/lbr_fri_idl/msg/detail/lbr_joint_position_command__rosidl_typesupport_fastrtps_c.h
[4.245s] -- Up-to-date: /home/gustav/P5-Kuka-Dual-Arm/install/lbr_fri_idl/include/lbr_fri_idl/lbr_fri_idl/msg/detail/lbr_state__rosidl_typesupport_fastrtps_c.h
[4.245s] -- Up-to-date: /home/gustav/P5-Kuka-Dual-Arm/install/lbr_fri_idl/include/lbr_fri_idl/lbr_fri_idl/msg/detail/lbr_command__rosidl_typesupport_fastrtps_c.h
[4.245s] -- Up-to-date: /home/gustav/P5-Kuka-Dual-Arm/install/lbr_fri_idl/include/lbr_fri_idl/lbr_fri_idl/msg/detail/lbr_torque_command__rosidl_typesupport_fastrtps_c.h
[4.245s] -- Up-to-date: /home/gustav/P5-Kuka-Dual-Arm/install/lbr_fri_idl/lib/liblbr_fri_idl__rosidl_typesupport_fastrtps_c.so
[4.245s] -- Up-to-date: /home/gustav/P5-Kuka-Dual-Arm/install/lbr_fri_idl/include/lbr_fri_idl/lbr_fri_idl
[4.245s] -- Up-to-date: /home/gustav/P5-Kuka-Dual-Arm/install/lbr_fri_idl/include/lbr_fri_idl/lbr_fri_idl/msg
[4.245s] -- Up-to-date: /home/gustav/P5-Kuka-Dual-Arm/install/lbr_fri_idl/include/lbr_fri_idl/lbr_fri_idl/msg/lbr_wrench_command.hpp
[4.245s] -- Up-to-date: /home/gustav/P5-Kuka-Dual-Arm/install/lbr_fri_idl/include/lbr_fri_idl/lbr_fri_idl/msg/lbr_joint_position_command.hpp
[4.246s] -- Up-to-date: /home/gustav/P5-Kuka-Dual-Arm/install/lbr_fri_idl/include/lbr_fri_idl/lbr_fri_idl/msg/lbr_command.hpp
[4.246s] -- Up-to-date: /home/gustav/P5-Kuka-Dual-Arm/install/lbr_fri_idl/include/lbr_fri_idl/lbr_fri_idl/msg/lbr_state.hpp
[4.246s] -- Up-to-date: /home/gustav/P5-Kuka-Dual-Arm/install/lbr_fri_idl/include/lbr_fri_idl/lbr_fri_idl/msg/detail
[4.246s] -- Up-to-date: /home/gustav/P5-Kuka-Dual-Arm/install/lbr_fri_idl/include/lbr_fri_idl/lbr_fri_idl/msg/detail/lbr_state__traits.hpp
[4.246s] -- Up-to-date: /home/gustav/P5-Kuka-Dual-Arm/install/lbr_fri_idl/include/lbr_fri_idl/lbr_fri_idl/msg/detail/lbr_state__struct.hpp
[4.246s] -- Up-to-date: /home/gustav/P5-Kuka-Dual-Arm/install/lbr_fri_idl/include/lbr_fri_idl/lbr_fri_idl/msg/detail/lbr_wrench_command__builder.hpp
[4.246s] -- Up-to-date: /home/gustav/P5-Kuka-Dual-Arm/install/lbr_fri_idl/include/lbr_fri_idl/lbr_fri_idl/msg/detail/lbr_state__builder.hpp
[4.246s] -- Up-to-date: /home/gustav/P5-Kuka-Dual-Arm/install/lbr_fri_idl/include/lbr_fri_idl/lbr_fri_idl/msg/detail/lbr_command__traits.hpp
[4.246s] -- Up-to-date: /home/gustav/P5-Kuka-Dual-Arm/install/lbr_fri_idl/include/lbr_fri_idl/lbr_fri_idl/msg/detail/lbr_torque_command__traits.hpp
[4.247s] -- Up-to-date: /home/gustav/P5-Kuka-Dual-Arm/install/lbr_fri_idl/include/lbr_fri_idl/lbr_fri_idl/msg/detail/lbr_wrench_command__traits.hpp
[4.247s] -- Up-to-date: /home/gustav/P5-Kuka-Dual-Arm/install/lbr_fri_idl/include/lbr_fri_idl/lbr_fri_idl/msg/detail/lbr_torque_command__struct.hpp
[4.247s] -- Up-to-date: /home/gustav/P5-Kuka-Dual-Arm/install/lbr_fri_idl/include/lbr_fri_idl/lbr_fri_idl/msg/detail/lbr_torque_command__builder.hpp
[4.254s] -- Up-to-date: /home/gustav/P5-Kuka-Dual-Arm/install/lbr_fri_idl/include/lbr_fri_idl/lbr_fri_idl/msg/detail/lbr_command__builder.hpp
[4.254s] -- Up-to-date: /home/gustav/P5-Kuka-Dual-Arm/install/lbr_fri_idl/include/lbr_fri_idl/lbr_fri_idl/msg/detail/lbr_joint_position_command__struct.hpp
[4.254s] -- Up-to-date: /home/gustav/P5-Kuka-Dual-Arm/install/lbr_fri_idl/include/lbr_fri_idl/lbr_fri_idl/msg/detail/lbr_command__struct.hpp
[4.254s] -- Up-to-date: /home/gustav/P5-Kuka-Dual-Arm/install/lbr_fri_idl/include/lbr_fri_idl/lbr_fri_idl/msg/detail/lbr_wrench_command__struct.hpp
[4.255s] -- Up-to-date: /home/gustav/P5-Kuka-Dual-Arm/install/lbr_fri_idl/include/lbr_fri_idl/lbr_fri_idl/msg/detail/lbr_joint_position_command__builder.hpp
[4.255s] -- Up-to-date: /home/gustav/P5-Kuka-Dual-Arm/install/lbr_fri_idl/include/lbr_fri_idl/lbr_fri_idl/msg/detail/lbr_joint_position_command__traits.hpp
[4.255s] -- Up-to-date: /home/gustav/P5-Kuka-Dual-Arm/install/lbr_fri_idl/include/lbr_fri_idl/lbr_fri_idl/msg/lbr_torque_command.hpp
[4.255s] -- Up-to-date: /home/gustav/P5-Kuka-Dual-Arm/install/lbr_fri_idl/include/lbr_fri_idl/lbr_fri_idl
[4.255s] -- Up-to-date: /home/gustav/P5-Kuka-Dual-Arm/install/lbr_fri_idl/include/lbr_fri_idl/lbr_fri_idl/msg
[4.255s] -- Up-to-date: /home/gustav/P5-Kuka-Dual-Arm/install/lbr_fri_idl/include/lbr_fri_idl/lbr_fri_idl/msg/detail
[4.255s] -- Up-to-date: /home/gustav/P5-Kuka-Dual-Arm/install/lbr_fri_idl/include/lbr_fri_idl/lbr_fri_idl/msg/detail/lbr_state__rosidl_typesupport_fastrtps_cpp.hpp
[4.255s] -- Up-to-date: /home/gustav/P5-Kuka-Dual-Arm/install/lbr_fri_idl/include/lbr_fri_idl/lbr_fri_idl/msg/detail/lbr_torque_command__rosidl_typesupport_fastrtps_cpp.hpp
[4.255s] -- Up-to-date: /home/gustav/P5-Kuka-Dual-Arm/install/lbr_fri_idl/include/lbr_fri_idl/lbr_fri_idl/msg/detail/lbr_wrench_command__rosidl_typesupport_fastrtps_cpp.hpp
[4.255s] -- Up-to-date: /home/gustav/P5-Kuka-Dual-Arm/install/lbr_fri_idl/include/lbr_fri_idl/lbr_fri_idl/msg/detail/lbr_command__rosidl_typesupport_fastrtps_cpp.hpp
[4.256s] -- Up-to-date: /home/gustav/P5-Kuka-Dual-Arm/install/lbr_fri_idl/include/lbr_fri_idl/lbr_fri_idl/msg/detail/lbr_joint_position_command__rosidl_typesupport_fastrtps_cpp.hpp
[4.256s] -- Up-to-date: /home/gustav/P5-Kuka-Dual-Arm/install/lbr_fri_idl/include/lbr_fri_idl/lbr_fri_idl/msg/detail/dds_fastrtps
[4.256s] -- Up-to-date: /home/gustav/P5-Kuka-Dual-Arm/install/lbr_fri_idl/include/lbr_fri_idl/lbr_fri_idl/msg/rosidl_typesupport_fastrtps_cpp__visibility_control.h
[4.256s] -- Up-to-date: /home/gustav/P5-Kuka-Dual-Arm/install/lbr_fri_idl/lib/liblbr_fri_idl__rosidl_typesupport_fastrtps_cpp.so
[4.256s] -- Up-to-date: /home/gustav/P5-Kuka-Dual-Arm/install/lbr_fri_idl/include/lbr_fri_idl/lbr_fri_idl
[4.256s] -- Up-to-date: /home/gustav/P5-Kuka-Dual-Arm/install/lbr_fri_idl/include/lbr_fri_idl/lbr_fri_idl/msg
[4.256s] -- Up-to-date: /home/gustav/P5-Kuka-Dual-Arm/install/lbr_fri_idl/include/lbr_fri_idl/lbr_fri_idl/msg/rosidl_typesupport_introspection_c__visibility_control.h
[4.256s] -- Up-to-date: /home/gustav/P5-Kuka-Dual-Arm/install/lbr_fri_idl/include/lbr_fri_idl/lbr_fri_idl/msg/detail
[4.256s] -- Up-to-date: /home/gustav/P5-Kuka-Dual-Arm/install/lbr_fri_idl/include/lbr_fri_idl/lbr_fri_idl/msg/detail/lbr_joint_position_command__type_support.c
[4.256s] -- Up-to-date: /home/gustav/P5-Kuka-Dual-Arm/install/lbr_fri_idl/include/lbr_fri_idl/lbr_fri_idl/msg/detail/lbr_torque_command__type_support.c
[4.257s] -- Up-to-date: /home/gustav/P5-Kuka-Dual-Arm/install/lbr_fri_idl/include/lbr_fri_idl/lbr_fri_idl/msg/detail/lbr_command__type_support.c
[4.257s] -- Up-to-date: /home/gustav/P5-Kuka-Dual-Arm/install/lbr_fri_idl/include/lbr_fri_idl/lbr_fri_idl/msg/detail/lbr_state__rosidl_typesupport_introspection_c.h
[4.257s] -- Up-to-date: /home/gustav/P5-Kuka-Dual-Arm/install/lbr_fri_idl/include/lbr_fri_idl/lbr_fri_idl/msg/detail/lbr_state__type_support.c
[4.257s] -- Up-to-date: /home/gustav/P5-Kuka-Dual-Arm/install/lbr_fri_idl/include/lbr_fri_idl/lbr_fri_idl/msg/detail/lbr_wrench_command__rosidl_typesupport_introspection_c.h
[4.257s] -- Up-to-date: /home/gustav/P5-Kuka-Dual-Arm/install/lbr_fri_idl/include/lbr_fri_idl/lbr_fri_idl/msg/detail/lbr_wrench_command__type_support.c
[4.257s] -- Up-to-date: /home/gustav/P5-Kuka-Dual-Arm/install/lbr_fri_idl/include/lbr_fri_idl/lbr_fri_idl/msg/detail/lbr_torque_command__rosidl_typesupport_introspection_c.h
[4.257s] -- Up-to-date: /home/gustav/P5-Kuka-Dual-Arm/install/lbr_fri_idl/include/lbr_fri_idl/lbr_fri_idl/msg/detail/lbr_joint_position_command__rosidl_typesupport_introspection_c.h
[4.257s] -- Up-to-date: /home/gustav/P5-Kuka-Dual-Arm/install/lbr_fri_idl/include/lbr_fri_idl/lbr_fri_idl/msg/detail/lbr_command__rosidl_typesupport_introspection_c.h
[4.257s] -- Up-to-date: /home/gustav/P5-Kuka-Dual-Arm/install/lbr_fri_idl/lib/liblbr_fri_idl__rosidl_typesupport_introspection_c.so
[4.258s] -- Up-to-date: /home/gustav/P5-Kuka-Dual-Arm/install/lbr_fri_idl/lib/liblbr_fri_idl__rosidl_typesupport_c.so
[4.258s] -- Up-to-date: /home/gustav/P5-Kuka-Dual-Arm/install/lbr_fri_idl/include/lbr_fri_idl/lbr_fri_idl
[4.265s] -- Up-to-date: /home/gustav/P5-Kuka-Dual-Arm/install/lbr_fri_idl/include/lbr_fri_idl/lbr_fri_idl/msg
[4.265s] -- Up-to-date: /home/gustav/P5-Kuka-Dual-Arm/install/lbr_fri_idl/include/lbr_fri_idl/lbr_fri_idl/msg/detail
[4.265s] -- Up-to-date: /home/gustav/P5-Kuka-Dual-Arm/install/lbr_fri_idl/include/lbr_fri_idl/lbr_fri_idl/msg/detail/lbr_joint_position_command__rosidl_typesupport_introspection_cpp.hpp
[4.265s] -- Up-to-date: /home/gustav/P5-Kuka-Dual-Arm/install/lbr_fri_idl/include/lbr_fri_idl/lbr_fri_idl/msg/detail/lbr_joint_position_command__type_support.cpp
[4.265s] -- Up-to-date: /home/gustav/P5-Kuka-Dual-Arm/install/lbr_fri_idl/include/lbr_fri_idl/lbr_fri_idl/msg/detail/lbr_wrench_command__rosidl_typesupport_introspection_cpp.hpp
[4.265s] -- Up-to-date: /home/gustav/P5-Kuka-Dual-Arm/install/lbr_fri_idl/include/lbr_fri_idl/lbr_fri_idl/msg/detail/lbr_torque_command__rosidl_typesupport_introspection_cpp.hpp
[4.266s] -- Up-to-date: /home/gustav/P5-Kuka-Dual-Arm/install/lbr_fri_idl/include/lbr_fri_idl/lbr_fri_idl/msg/detail/lbr_state__rosidl_typesupport_introspection_cpp.hpp
[4.266s] -- Up-to-date: /home/gustav/P5-Kuka-Dual-Arm/install/lbr_fri_idl/include/lbr_fri_idl/lbr_fri_idl/msg/detail/lbr_torque_command__type_support.cpp
[4.266s] -- Up-to-date: /home/gustav/P5-Kuka-Dual-Arm/install/lbr_fri_idl/include/lbr_fri_idl/lbr_fri_idl/msg/detail/lbr_command__rosidl_typesupport_introspection_cpp.hpp
[4.266s] -- Up-to-date: /home/gustav/P5-Kuka-Dual-Arm/install/lbr_fri_idl/include/lbr_fri_idl/lbr_fri_idl/msg/detail/lbr_state__type_support.cpp
[4.266s] -- Up-to-date: /home/gustav/P5-Kuka-Dual-Arm/install/lbr_fri_idl/include/lbr_fri_idl/lbr_fri_idl/msg/detail/lbr_wrench_command__type_support.cpp
[4.266s] -- Up-to-date: /home/gustav/P5-Kuka-Dual-Arm/install/lbr_fri_idl/include/lbr_fri_idl/lbr_fri_idl/msg/detail/lbr_command__type_support.cpp
[4.266s] -- Up-to-date: /home/gustav/P5-Kuka-Dual-Arm/install/lbr_fri_idl/lib/liblbr_fri_idl__rosidl_typesupport_introspection_cpp.so
[4.266s] -- Up-to-date: /home/gustav/P5-Kuka-Dual-Arm/install/lbr_fri_idl/lib/liblbr_fri_idl__rosidl_typesupport_cpp.so
[4.266s] -- Up-to-date: /home/gustav/P5-Kuka-Dual-Arm/install/lbr_fri_idl/share/lbr_fri_idl/environment/pythonpath.sh
[4.266s] -- Up-to-date: /home/gustav/P5-Kuka-Dual-Arm/install/lbr_fri_idl/share/lbr_fri_idl/environment/pythonpath.dsv
[4.266s] -- Up-to-date: /home/gustav/P5-Kuka-Dual-Arm/install/lbr_fri_idl/local/lib/python3.10/dist-packages/lbr_fri_idl-1.5.0-py3.10.egg-info
[4.267s] -- Installing: /home/gustav/P5-Kuka-Dual-Arm/install/lbr_fri_idl/local/lib/python3.10/dist-packages/lbr_fri_idl-1.5.0-py3.10.egg-info/dependency_links.txt
[4.267s] -- Installing: /home/gustav/P5-Kuka-Dual-Arm/install/lbr_fri_idl/local/lib/python3.10/dist-packages/lbr_fri_idl-1.5.0-py3.10.egg-info/PKG-INFO
[4.267s] -- Installing: /home/gustav/P5-Kuka-Dual-Arm/install/lbr_fri_idl/local/lib/python3.10/dist-packages/lbr_fri_idl-1.5.0-py3.10.egg-info/SOURCES.txt
[4.271s] -- Installing: /home/gustav/P5-Kuka-Dual-Arm/install/lbr_fri_idl/local/lib/python3.10/dist-packages/lbr_fri_idl-1.5.0-py3.10.egg-info/top_level.txt
[4.271s] -- Up-to-date: /home/gustav/P5-Kuka-Dual-Arm/install/lbr_fri_idl/local/lib/python3.10/dist-packages/lbr_fri_idl
[4.271s] -- Up-to-date: /home/gustav/P5-Kuka-Dual-Arm/install/lbr_fri_idl/local/lib/python3.10/dist-packages/lbr_fri_idl/_lbr_fri_idl_s.ep.rosidl_typesupport_introspection_c.c
[4.271s] -- Up-to-date: /home/gustav/P5-Kuka-Dual-Arm/install/lbr_fri_idl/local/lib/python3.10/dist-packages/lbr_fri_idl/lbr_fri_idl_s__rosidl_typesupport_c.cpython-310-x86_64-linux-gnu.so
[4.271s] -- Up-to-date: /home/gustav/P5-Kuka-Dual-Arm/install/lbr_fri_idl/local/lib/python3.10/dist-packages/lbr_fri_idl/liblbr_fri_idl__rosidl_generator_py.so
[4.272s] -- Up-to-date: /home/gustav/P5-Kuka-Dual-Arm/install/lbr_fri_idl/local/lib/python3.10/dist-packages/lbr_fri_idl/lbr_fri_idl_s__rosidl_typesupport_fastrtps_c.cpython-310-x86_64-linux-gnu.so
[4.272s] -- Up-to-date: /home/gustav/P5-Kuka-Dual-Arm/install/lbr_fri_idl/local/lib/python3.10/dist-packages/lbr_fri_idl/_lbr_fri_idl_s.ep.rosidl_typesupport_c.c
[4.272s] -- Up-to-date: /home/gustav/P5-Kuka-Dual-Arm/install/lbr_fri_idl/local/lib/python3.10/dist-packages/lbr_fri_idl/msg
[4.272s] -- Up-to-date: /home/gustav/P5-Kuka-Dual-Arm/install/lbr_fri_idl/local/lib/python3.10/dist-packages/lbr_fri_idl/msg/_lbr_torque_command_s.c
[4.272s] -- Up-to-date: /home/gustav/P5-Kuka-Dual-Arm/install/lbr_fri_idl/local/lib/python3.10/dist-packages/lbr_fri_idl/msg/_lbr_torque_command.py
[4.272s] -- Up-to-date: /home/gustav/P5-Kuka-Dual-Arm/install/lbr_fri_idl/local/lib/python3.10/dist-packages/lbr_fri_idl/msg/_lbr_command.py
[4.272s] -- Up-to-date: /home/gustav/P5-Kuka-Dual-Arm/install/lbr_fri_idl/local/lib/python3.10/dist-packages/lbr_fri_idl/msg/_lbr_command_s.c
[4.272s] -- Up-to-date: /home/gustav/P5-Kuka-Dual-Arm/install/lbr_fri_idl/local/lib/python3.10/dist-packages/lbr_fri_idl/msg/_lbr_state_s.c
[4.272s] -- Up-to-date: /home/gustav/P5-Kuka-Dual-Arm/install/lbr_fri_idl/local/lib/python3.10/dist-packages/lbr_fri_idl/msg/_lbr_wrench_command_s.c
[4.272s] -- Up-to-date: /home/gustav/P5-Kuka-Dual-Arm/install/lbr_fri_idl/local/lib/python3.10/dist-packages/lbr_fri_idl/msg/_lbr_wrench_command.py
[4.273s] -- Up-to-date: /home/gustav/P5-Kuka-Dual-Arm/install/lbr_fri_idl/local/lib/python3.10/dist-packages/lbr_fri_idl/msg/__init__.py
[4.273s] -- Up-to-date: /home/gustav/P5-Kuka-Dual-Arm/install/lbr_fri_idl/local/lib/python3.10/dist-packages/lbr_fri_idl/msg/_lbr_joint_position_command_s.c
[4.273s] -- Up-to-date: /home/gustav/P5-Kuka-Dual-Arm/install/lbr_fri_idl/local/lib/python3.10/dist-packages/lbr_fri_idl/msg/_lbr_state.py
[4.273s] -- Up-to-date: /home/gustav/P5-Kuka-Dual-Arm/install/lbr_fri_idl/local/lib/python3.10/dist-packages/lbr_fri_idl/msg/_lbr_joint_position_command.py
[4.273s] -- Up-to-date: /home/gustav/P5-Kuka-Dual-Arm/install/lbr_fri_idl/local/lib/python3.10/dist-packages/lbr_fri_idl/__init__.py
[4.273s] -- Up-to-date: /home/gustav/P5-Kuka-Dual-Arm/install/lbr_fri_idl/local/lib/python3.10/dist-packages/lbr_fri_idl/lbr_fri_idl_s__rosidl_typesupport_introspection_c.cpython-310-x86_64-linux-gnu.so
[4.273s] -- Up-to-date: /home/gustav/P5-Kuka-Dual-Arm/install/lbr_fri_idl/local/lib/python3.10/dist-packages/lbr_fri_idl/_lbr_fri_idl_s.ep.rosidl_typesupport_fastrtps_c.c
[4.389s] Listing '/home/gustav/P5-Kuka-Dual-Arm/install/lbr_fri_idl/local/lib/python3.10/dist-packages/lbr_fri_idl'...
[4.390s] Listing '/home/gustav/P5-Kuka-Dual-Arm/install/lbr_fri_idl/local/lib/python3.10/dist-packages/lbr_fri_idl/msg'...
[4.420s] -- Up-to-date: /home/gustav/P5-Kuka-Dual-Arm/install/lbr_fri_idl/local/lib/python3.10/dist-packages/lbr_fri_idl/lbr_fri_idl_s__rosidl_typesupport_fastrtps_c.cpython-310-x86_64-linux-gnu.so
[4.421s] -- Up-to-date: /home/gustav/P5-Kuka-Dual-Arm/install/lbr_fri_idl/local/lib/python3.10/dist-packages/lbr_fri_idl/lbr_fri_idl_s__rosidl_typesupport_introspection_c.cpython-310-x86_64-linux-gnu.so
[4.421s] -- Up-to-date: /home/gustav/P5-Kuka-Dual-Arm/install/lbr_fri_idl/local/lib/python3.10/dist-packages/lbr_fri_idl/lbr_fri_idl_s__rosidl_typesupport_c.cpython-310-x86_64-linux-gnu.so
[4.422s] -- Up-to-date: /home/gustav/P5-Kuka-Dual-Arm/install/lbr_fri_idl/lib/liblbr_fri_idl__rosidl_generator_py.so
[4.422s] -- Up-to-date: /home/gustav/P5-Kuka-Dual-Arm/install/lbr_fri_idl/share/lbr_fri_idl/msg/LBRCommand.idl
[4.423s] -- Up-to-date: /home/gustav/P5-Kuka-Dual-Arm/install/lbr_fri_idl/share/lbr_fri_idl/msg/LBRJointPositionCommand.idl
[4.423s] -- Up-to-date: /home/gustav/P5-Kuka-Dual-Arm/install/lbr_fri_idl/share/lbr_fri_idl/msg/LBRState.idl
[4.423s] -- Up-to-date: /home/gustav/P5-Kuka-Dual-Arm/install/lbr_fri_idl/share/lbr_fri_idl/msg/LBRTorqueCommand.idl
[4.423s] -- Up-to-date: /home/gustav/P5-Kuka-Dual-Arm/install/lbr_fri_idl/share/lbr_fri_idl/msg/LBRWrenchCommand.idl
[4.424s] -- Up-to-date: /home/gustav/P5-Kuka-Dual-Arm/install/lbr_fri_idl/share/lbr_fri_idl/msg/LBRCommand.msg
[4.424s] -- Up-to-date: /home/gustav/P5-Kuka-Dual-Arm/install/lbr_fri_idl/share/lbr_fri_idl/msg/LBRJointPositionCommand.msg
[4.425s] -- Up-to-date: /home/gustav/P5-Kuka-Dual-Arm/install/lbr_fri_idl/share/lbr_fri_idl/msg/LBRState.msg
[4.425s] -- Up-to-date: /home/gustav/P5-Kuka-Dual-Arm/install/lbr_fri_idl/share/lbr_fri_idl/msg/LBRTorqueCommand.msg
[4.426s] -- Up-to-date: /home/gustav/P5-Kuka-Dual-Arm/install/lbr_fri_idl/share/lbr_fri_idl/msg/LBRWrenchCommand.msg
[4.426s] -- Up-to-date: /home/gustav/P5-Kuka-Dual-Arm/install/lbr_fri_idl/share/ament_index/resource_index/package_run_dependencies/lbr_fri_idl
[4.426s] -- Up-to-date: /home/gustav/P5-Kuka-Dual-Arm/install/lbr_fri_idl/share/ament_index/resource_index/parent_prefix_path/lbr_fri_idl
[4.427s] -- Up-to-date: /home/gustav/P5-Kuka-Dual-Arm/install/lbr_fri_idl/share/lbr_fri_idl/environment/ament_prefix_path.sh
[4.427s] -- Up-to-date: /home/gustav/P5-Kuka-Dual-Arm/install/lbr_fri_idl/share/lbr_fri_idl/environment/ament_prefix_path.dsv
[4.429s] -- Up-to-date: /home/gustav/P5-Kuka-Dual-Arm/install/lbr_fri_idl/share/lbr_fri_idl/environment/path.sh
[4.430s] -- Up-to-date: /home/gustav/P5-Kuka-Dual-Arm/install/lbr_fri_idl/share/lbr_fri_idl/environment/path.dsv
[4.430s] -- Up-to-date: /home/gustav/P5-Kuka-Dual-Arm/install/lbr_fri_idl/share/lbr_fri_idl/local_setup.bash
[4.430s] -- Up-to-date: /home/gustav/P5-Kuka-Dual-Arm/install/lbr_fri_idl/share/lbr_fri_idl/local_setup.sh
[4.430s] -- Up-to-date: /home/gustav/P5-Kuka-Dual-Arm/install/lbr_fri_idl/share/lbr_fri_idl/local_setup.zsh
[4.430s] -- Up-to-date: /home/gustav/P5-Kuka-Dual-Arm/install/lbr_fri_idl/share/lbr_fri_idl/local_setup.dsv
[4.430s] -- Installing: /home/gustav/P5-Kuka-Dual-Arm/install/lbr_fri_idl/share/lbr_fri_idl/package.dsv
[4.430s] -- Up-to-date: /home/gustav/P5-Kuka-Dual-Arm/install/lbr_fri_idl/share/ament_index/resource_index/packages/lbr_fri_idl
[4.430s] -- Up-to-date: /home/gustav/P5-Kuka-Dual-Arm/install/lbr_fri_idl/share/lbr_fri_idl/cmake/export_lbr_fri_idl__rosidl_generator_cExport.cmake
[4.430s] -- Up-to-date: /home/gustav/P5-Kuka-Dual-Arm/install/lbr_fri_idl/share/lbr_fri_idl/cmake/export_lbr_fri_idl__rosidl_generator_cExport-release.cmake
[4.431s] -- Up-to-date: /home/gustav/P5-Kuka-Dual-Arm/install/lbr_fri_idl/share/lbr_fri_idl/cmake/export_lbr_fri_idl__rosidl_typesupport_fastrtps_cExport.cmake
[4.431s] -- Up-to-date: /home/gustav/P5-Kuka-Dual-Arm/install/lbr_fri_idl/share/lbr_fri_idl/cmake/export_lbr_fri_idl__rosidl_typesupport_fastrtps_cExport-release.cmake
[4.432s] -- Up-to-date: /home/gustav/P5-Kuka-Dual-Arm/install/lbr_fri_idl/share/lbr_fri_idl/cmake/export_lbr_fri_idl__rosidl_generator_cppExport.cmake
[4.432s] -- Up-to-date: /home/gustav/P5-Kuka-Dual-Arm/install/lbr_fri_idl/share/lbr_fri_idl/cmake/export_lbr_fri_idl__rosidl_typesupport_fastrtps_cppExport.cmake
[4.432s] -- Up-to-date: /home/gustav/P5-Kuka-Dual-Arm/install/lbr_fri_idl/share/lbr_fri_idl/cmake/export_lbr_fri_idl__rosidl_typesupport_fastrtps_cppExport-release.cmake
[4.432s] -- Up-to-date: /home/gustav/P5-Kuka-Dual-Arm/install/lbr_fri_idl/share/lbr_fri_idl/cmake/lbr_fri_idl__rosidl_typesupport_introspection_cExport.cmake
[4.432s] -- Up-to-date: /home/gustav/P5-Kuka-Dual-Arm/install/lbr_fri_idl/share/lbr_fri_idl/cmake/lbr_fri_idl__rosidl_typesupport_introspection_cExport-release.cmake
[4.433s] -- Up-to-date: /home/gustav/P5-Kuka-Dual-Arm/install/lbr_fri_idl/share/lbr_fri_idl/cmake/lbr_fri_idl__rosidl_typesupport_cExport.cmake
[4.433s] -- Up-to-date: /home/gustav/P5-Kuka-Dual-Arm/install/lbr_fri_idl/share/lbr_fri_idl/cmake/lbr_fri_idl__rosidl_typesupport_cExport-release.cmake
[4.433s] -- Up-to-date: /home/gustav/P5-Kuka-Dual-Arm/install/lbr_fri_idl/share/lbr_fri_idl/cmake/lbr_fri_idl__rosidl_typesupport_introspection_cppExport.cmake
[4.433s] -- Up-to-date: /home/gustav/P5-Kuka-Dual-Arm/install/lbr_fri_idl/share/lbr_fri_idl/cmake/lbr_fri_idl__rosidl_typesupport_introspection_cppExport-release.cmake
[4.433s] -- Up-to-date: /home/gustav/P5-Kuka-Dual-Arm/install/lbr_fri_idl/share/lbr_fri_idl/cmake/lbr_fri_idl__rosidl_typesupport_cppExport.cmake
[4.433s] -- Up-to-date: /home/gustav/P5-Kuka-Dual-Arm/install/lbr_fri_idl/share/lbr_fri_idl/cmake/lbr_fri_idl__rosidl_typesupport_cppExport-release.cmake
[4.433s] -- Up-to-date: /home/gustav/P5-Kuka-Dual-Arm/install/lbr_fri_idl/share/lbr_fri_idl/cmake/export_lbr_fri_idl__rosidl_generator_pyExport.cmake
[4.433s] -- Up-to-date: /home/gustav/P5-Kuka-Dual-Arm/install/lbr_fri_idl/share/lbr_fri_idl/cmake/export_lbr_fri_idl__rosidl_generator_pyExport-release.cmake
[4.433s] -- Up-to-date: /home/gustav/P5-Kuka-Dual-Arm/install/lbr_fri_idl/share/lbr_fri_idl/cmake/rosidl_cmake-extras.cmake
[4.433s] -- Up-to-date: /home/gustav/P5-Kuka-Dual-Arm/install/lbr_fri_idl/share/lbr_fri_idl/cmake/ament_cmake_export_dependencies-extras.cmake
[4.434s] -- Up-to-date: /home/gustav/P5-Kuka-Dual-Arm/install/lbr_fri_idl/share/lbr_fri_idl/cmake/ament_cmake_export_include_directories-extras.cmake
[4.434s] -- Up-to-date: /home/gustav/P5-Kuka-Dual-Arm/install/lbr_fri_idl/share/lbr_fri_idl/cmake/ament_cmake_export_libraries-extras.cmake
[4.434s] -- Up-to-date: /home/gustav/P5-Kuka-Dual-Arm/install/lbr_fri_idl/share/lbr_fri_idl/cmake/ament_cmake_export_targets-extras.cmake
[4.434s] -- Up-to-date: /home/gustav/P5-Kuka-Dual-Arm/install/lbr_fri_idl/share/lbr_fri_idl/cmake/rosidl_cmake_export_typesupport_targets-extras.cmake
[4.434s] -- Up-to-date: /home/gustav/P5-Kuka-Dual-Arm/install/lbr_fri_idl/share/lbr_fri_idl/cmake/rosidl_cmake_export_typesupport_libraries-extras.cmake
[4.434s] -- Up-to-date: /home/gustav/P5-Kuka-Dual-Arm/install/lbr_fri_idl/share/lbr_fri_idl/cmake/lbr_fri_idlConfig.cmake
[4.434s] -- Up-to-date: /home/gustav/P5-Kuka-Dual-Arm/install/lbr_fri_idl/share/lbr_fri_idl/cmake/lbr_fri_idlConfig-version.cmake
[4.434s] -- Up-to-date: /home/gustav/P5-Kuka-Dual-Arm/install/lbr_fri_idl/share/lbr_fri_idl/package.xml
[4.445s] Invoked command in '/home/gustav/P5-Kuka-Dual-Arm/build/lbr_fri_idl' returned '0': CMAKE_PREFIX_PATH=/home/gustav/P5-Kuka-Dual-Arm/install/fri_client_sdk:/home/gustav/ws_lbr/install/med7_moveit_config:/home/gustav/ws_lbr/install/med14_moveit_config:/home/gustav/ws_lbr/install/lbr_moveit_cpp:/home/gustav/ws_lbr/install/iiwa7_moveit_config:/home/gustav/ws_lbr/install/iiwa14_moveit_config:/home/gustav/ws_lbr/install/lbr_description:/home/gustav/ws_moveit2/install/pilz_industrial_motion_planner_testutils:/home/gustav/ws_moveit2/install/moveit_runtime:/home/gustav/ws_moveit2/install/moveit2_tutorials:/home/gustav/ws_moveit2/install/moveit:/home/gustav/ws_moveit2/install/moveit_planners:/home/gustav/ws_moveit2/install/pilz_industrial_motion_planner:/home/gustav/ws_moveit2/install/moveit_visual_tools:/home/gustav/ws_moveit2/install/moveit_task_constructor_visualization:/home/gustav/ws_moveit2/install/moveit_task_constructor_demo:/home/gustav/ws_moveit2/install/moveit_task_constructor_capabilities:/home/gustav/ws_moveit2/install/moveit_task_constructor_core:/home/gustav/ws_moveit2/install/moveit_ros_control_interface:/home/gustav/ws_moveit2/install/moveit_plugins:/home/gustav/ws_moveit2/install/moveit_simple_controller_manager:/home/gustav/ws_moveit2/install/moveit_setup_assistant:/home/gustav/ws_moveit2/install/moveit_setup_srdf_plugins:/home/gustav/ws_moveit2/install/moveit_setup_core_plugins:/home/gustav/ws_moveit2/install/moveit_setup_controllers:/home/gustav/ws_moveit2/install/moveit_setup_app_plugins:/home/gustav/ws_moveit2/install/moveit_setup_framework:/home/gustav/ws_moveit2/install/moveit_servo:/home/gustav/ws_moveit2/install/moveit_ros:/home/gustav/ws_moveit2/install/moveit_ros_visualization:/home/gustav/ws_moveit2/install/moveit_hybrid_planning:/home/gustav/ws_moveit2/install/hello_moveit:/home/gustav/ws_moveit2/install/moveit_ros_planning_interface:/home/gustav/ws_moveit2/install/moveit_ros_benchmarks:/home/gustav/ws_moveit2/install/moveit_ros_warehouse:/home/gustav/ws_moveit2/install/moveit_ros_robot_interaction:/home/gustav/ws_moveit2/install/moveit_ros_perception:/home/gustav/ws_moveit2/install/moveit_resources_prbt_pg70_support:/home/gustav/ws_moveit2/install/moveit_resources_prbt_moveit_config:/home/gustav/ws_moveit2/install/moveit_ros_move_group:/home/gustav/ws_moveit2/install/moveit_planners_ompl:/home/gustav/ws_moveit2/install/moveit_ros_planning:/home/gustav/ws_moveit2/install/moveit_ros_occupancy_map_monitor:/home/gustav/ws_moveit2/install/moveit_resources_prbt_ikfast_manipulator_plugin:/home/gustav/ws_moveit2/install/moveit_planners_chomp:/home/gustav/ws_moveit2/install/moveit_kinematics:/home/gustav/ws_moveit2/install/moveit_chomp_optimizer_adapter:/home/gustav/ws_moveit2/install/chomp_motion_planner:/home/gustav/ws_moveit2/install/moveit_core:/home/gustav/ws_moveit2/install/srdfdom:/home/gustav/ws_moveit2/install/rviz_marker_tools:/home/gustav/ws_moveit2/install/rosparam_shortcuts:/home/gustav/ws_moveit2/install/moveit_task_constructor_msgs:/home/gustav/ws_moveit2/install/moveit_resources_prbt_support:/home/gustav/ws_moveit2/install/moveit_resources:/home/gustav/ws_moveit2/install/moveit_resources_pr2_description:/home/gustav/ws_moveit2/install/moveit_resources_panda_moveit_config:/home/gustav/ws_moveit2/install/moveit_resources_panda_description:/home/gustav/ws_moveit2/install/moveit_resources_fanuc_moveit_config:/home/gustav/ws_moveit2/install/moveit_resources_fanuc_description:/home/gustav/ws_moveit2/install/moveit_common:/home/gustav/ws_moveit2/install/lbr_description:/home/gustav/ws_moveit2/install/kuka_bord_description:/home/gustav/P5-Kuka-Dual-Arm/moveit2_kuka_table/install/send_cudes:/home/gustav/P5-Kuka-Dual-Arm/moveit2_kuka_table/install/moveit2_launch:/home/gustav/P5-Kuka-Dual-Arm/moveit2_kuka_table/install/kuka_bord_description:/home/gustav/lbr_stack/install/med7_moveit_config:/home/gustav/lbr_stack/install/med14_moveit_config:/home/gustav/lbr_stack/install/lbr_fri_ros2_stack:/home/gustav/lbr_stack/install/lbr_demos_cpp:/home/gustav/lbr_stack/install/lbr_bringup:/home/gustav/lbr_stack/install/lbr_ros2_control:/home/gustav/lbr_stack/install/lbr_moveit_cpp:/home/gustav/lbr_stack/install/lbr_demos_advanced_cpp:/home/gustav/lbr_stack/install/lbr_fri_ros2:/home/gustav/lbr_stack/install/lbr_fri_idl:/home/gustav/lbr_stack/install/iiwa7_moveit_config:/home/gustav/lbr_stack/install/iiwa14_moveit_config:/home/gustav/lbr_stack/install/lbr_description:/home/gustav/lbr_stack/install/fri_client_sdk:/home/gustav/ws_P5/install/send_cudes:/home/gustav/ws_P5/install/moveit2_launch:/home/gustav/ws_P5/install/kuka_bord_description:/home/gustav/ws_moveit2/install/moveit_configs_utils:/home/gustav/ws_moveit2/install/launch_param_builder:/home/gustav/lbr_stack/install/lbr_demos_py:/home/gustav/lbr_stack/install/lbr_demos_advanced_py:/opt/ros/humble LD_LIBRARY_PATH=/home/gustav/P5-Kuka-Dual-Arm/install/fri_client_sdk/lib:${LD_LIBRARY_PATH} PKG_CONFIG_PATH=/home/gustav/P5-Kuka-Dual-Arm/install/fri_client_sdk/lib/x86_64-linux-gnu/pkgconfig:/home/gustav/P5-Kuka-Dual-Arm/install/fri_client_sdk/lib/pkgconfig:${PKG_CONFIG_PATH} /usr/bin/cmake --install /home/gustav/P5-Kuka-Dual-Arm/build/lbr_fri_idl
