[0.246s] Invoking command in '/home/gustav/P5-Kuka-Dual-Arm/build/moveit_resources_fanuc_description': CMAKE_PREFIX_PATH=/opt/ros/humble /usr/bin/cmake /home/gustav/P5-Kuka-Dual-Arm/p5_ws/src/moveit_resources/fanuc_description -DCMAKE_INSTALL_PREFIX=/home/gustav/P5-Kuka-Dual-Arm/install/moveit_resources_fanuc_description
[0.262s] -- Found ament_cmake: 1.3.10 (/opt/ros/humble/share/ament_cmake/cmake)
[0.544s] -- Configuring done
[0.547s] -- Generating done
[0.548s] -- Build files have been written to: /home/gustav/P5-Kuka-Dual-Arm/build/moveit_resources_fanuc_description
[0.648s] Invoked command in '/home/gustav/P5-Kuka-Dual-Arm/build/moveit_resources_fanuc_description' returned '0': CMAKE_PREFIX_PATH=/opt/ros/humble /usr/bin/cmake /home/gustav/P5-Kuka-Dual-Arm/p5_ws/src/moveit_resources/fanuc_description -DCMAKE_INSTALL_PREFIX=/home/gustav/P5-Kuka-Dual-Arm/install/moveit_resources_fanuc_description
[0.649s] Invoking command in '/home/gustav/P5-Kuka-Dual-Arm/build/moveit_resources_fanuc_description': CMAKE_PREFIX_PATH=/opt/ros/humble /usr/bin/cmake --build /home/gustav/P5-Kuka-Dual-Arm/build/moveit_resources_fanuc_description -- -j8 -l8
[0.702s] Invoked command in '/home/gustav/P5-Kuka-Dual-Arm/build/moveit_resources_fanuc_description' returned '0': CMAKE_PREFIX_PATH=/opt/ros/humble /usr/bin/cmake --build /home/gustav/P5-Kuka-Dual-Arm/build/moveit_resources_fanuc_description -- -j8 -l8
[0.736s] Invoking command in '/home/gustav/P5-Kuka-Dual-Arm/build/moveit_resources_fanuc_description': CMAKE_PREFIX_PATH=/opt/ros/humble /usr/bin/cmake --install /home/gustav/P5-Kuka-Dual-Arm/build/moveit_resources_fanuc_description
[0.746s] -- Install configuration: "Release"
[0.747s] -- Up-to-date: /home/gustav/P5-Kuka-Dual-Arm/install/moveit_resources_fanuc_description/share/ament_index/resource_index/package_run_dependencies/moveit_resources_fanuc_description
[0.750s] -- Installing: /home/gustav/P5-Kuka-Dual-Arm/install/moveit_resources_fanuc_description/share/ament_index/resource_index/parent_prefix_path/moveit_resources_fanuc_description
[0.750s] -- Up-to-date: /home/gustav/P5-Kuka-Dual-Arm/install/moveit_resources_fanuc_description/share/moveit_resources_fanuc_description/environment/ament_prefix_path.sh
[0.750s] -- Installing: /home/gustav/P5-Kuka-Dual-Arm/install/moveit_resources_fanuc_description/share/moveit_resources_fanuc_description/environment/ament_prefix_path.dsv
[0.751s] -- Up-to-date: /home/gustav/P5-Kuka-Dual-Arm/install/moveit_resources_fanuc_description/share/moveit_resources_fanuc_description/environment/path.sh
[0.751s] -- Installing: /home/gustav/P5-Kuka-Dual-Arm/install/moveit_resources_fanuc_description/share/moveit_resources_fanuc_description/environment/path.dsv
[0.759s] -- Up-to-date: /home/gustav/P5-Kuka-Dual-Arm/install/moveit_resources_fanuc_description/share/moveit_resources_fanuc_description/local_setup.bash
[0.759s] -- Up-to-date: /home/gustav/P5-Kuka-Dual-Arm/install/moveit_resources_fanuc_description/share/moveit_resources_fanuc_description/local_setup.sh
[0.759s] -- Up-to-date: /home/gustav/P5-Kuka-Dual-Arm/install/moveit_resources_fanuc_description/share/moveit_resources_fanuc_description/local_setup.zsh
[0.759s] -- Installing: /home/gustav/P5-Kuka-Dual-Arm/install/moveit_resources_fanuc_description/share/moveit_resources_fanuc_description/local_setup.dsv
[0.759s] -- Installing: /home/gustav/P5-Kuka-Dual-Arm/install/moveit_resources_fanuc_description/share/moveit_resources_fanuc_description/package.dsv
[0.759s] -- Up-to-date: /home/gustav/P5-Kuka-Dual-Arm/install/moveit_resources_fanuc_description/share/ament_index/resource_index/packages/moveit_resources_fanuc_description
[0.759s] -- Up-to-date: /home/gustav/P5-Kuka-Dual-Arm/install/moveit_resources_fanuc_description/share/moveit_resources_fanuc_description/cmake/moveit_resources_fanuc_descriptionConfig.cmake
[0.760s] -- Up-to-date: /home/gustav/P5-Kuka-Dual-Arm/install/moveit_resources_fanuc_description/share/moveit_resources_fanuc_description/cmake/moveit_resources_fanuc_descriptionConfig-version.cmake
[0.760s] -- Up-to-date: /home/gustav/P5-Kuka-Dual-Arm/install/moveit_resources_fanuc_description/share/moveit_resources_fanuc_description/package.xml
[0.760s] -- Up-to-date: /home/gustav/P5-Kuka-Dual-Arm/install/moveit_resources_fanuc_description/share/moveit_resources_fanuc_description/meshes
[0.760s] -- Up-to-date: /home/gustav/P5-Kuka-Dual-Arm/install/moveit_resources_fanuc_description/share/moveit_resources_fanuc_description/meshes/visual
[0.760s] -- Up-to-date: /home/gustav/P5-Kuka-Dual-Arm/install/moveit_resources_fanuc_description/share/moveit_resources_fanuc_description/meshes/visual/link_3.stl
[0.760s] -- Up-to-date: /home/gustav/P5-Kuka-Dual-Arm/install/moveit_resources_fanuc_description/share/moveit_resources_fanuc_description/meshes/visual/base_link.stl
[0.760s] -- Up-to-date: /home/gustav/P5-Kuka-Dual-Arm/install/moveit_resources_fanuc_description/share/moveit_resources_fanuc_description/meshes/visual/link_1.stl
[0.760s] -- Up-to-date: /home/gustav/P5-Kuka-Dual-Arm/install/moveit_resources_fanuc_description/share/moveit_resources_fanuc_description/meshes/visual/link_6.stl
[0.760s] -- Up-to-date: /home/gustav/P5-Kuka-Dual-Arm/install/moveit_resources_fanuc_description/share/moveit_resources_fanuc_description/meshes/visual/link_5.stl
[0.760s] -- Up-to-date: /home/gustav/P5-Kuka-Dual-Arm/install/moveit_resources_fanuc_description/share/moveit_resources_fanuc_description/meshes/visual/link_2.stl
[0.760s] -- Up-to-date: /home/gustav/P5-Kuka-Dual-Arm/install/moveit_resources_fanuc_description/share/moveit_resources_fanuc_description/meshes/visual/link_4.stl
[0.761s] -- Up-to-date: /home/gustav/P5-Kuka-Dual-Arm/install/moveit_resources_fanuc_description/share/moveit_resources_fanuc_description/meshes/collision
[0.761s] -- Up-to-date: /home/gustav/P5-Kuka-Dual-Arm/install/moveit_resources_fanuc_description/share/moveit_resources_fanuc_description/meshes/collision/link_3.stl
[0.761s] -- Up-to-date: /home/gustav/P5-Kuka-Dual-Arm/install/moveit_resources_fanuc_description/share/moveit_resources_fanuc_description/meshes/collision/base_link.stl
[0.761s] -- Up-to-date: /home/gustav/P5-Kuka-Dual-Arm/install/moveit_resources_fanuc_description/share/moveit_resources_fanuc_description/meshes/collision/link_1.stl
[0.761s] -- Up-to-date: /home/gustav/P5-Kuka-Dual-Arm/install/moveit_resources_fanuc_description/share/moveit_resources_fanuc_description/meshes/collision/link_6.stl
[0.761s] -- Up-to-date: /home/gustav/P5-Kuka-Dual-Arm/install/moveit_resources_fanuc_description/share/moveit_resources_fanuc_description/meshes/collision/link_5.stl
[0.761s] -- Up-to-date: /home/gustav/P5-Kuka-Dual-Arm/install/moveit_resources_fanuc_description/share/moveit_resources_fanuc_description/meshes/collision/link_2.stl
[0.761s] -- Up-to-date: /home/gustav/P5-Kuka-Dual-Arm/install/moveit_resources_fanuc_description/share/moveit_resources_fanuc_description/meshes/collision/link_4.stl
[0.761s] -- Up-to-date: /home/gustav/P5-Kuka-Dual-Arm/install/moveit_resources_fanuc_description/share/moveit_resources_fanuc_description/urdf
[0.762s] -- Up-to-date: /home/gustav/P5-Kuka-Dual-Arm/install/moveit_resources_fanuc_description/share/moveit_resources_fanuc_description/urdf/fanuc.urdf
[0.793s] Invoked command in '/home/gustav/P5-Kuka-Dual-Arm/build/moveit_resources_fanuc_description' returned '0': CMAKE_PREFIX_PATH=/opt/ros/humble /usr/bin/cmake --install /home/gustav/P5-Kuka-Dual-Arm/build/moveit_resources_fanuc_description
