[0.202s] Invoking command in '/home/gustav/P5-Kuka-Dual-Arm/build/moveit_ros_move_group': AMENT_PREFIX_PATH=/home/gustav/P5-Kuka-Dual-Arm/install/moveit_kinematics:/home/gustav/P5-Kuka-Dual-Arm/install/moveit_ros_planning:/home/gustav/P5-Kuka-Dual-Arm/install/moveit_ros_occupancy_map_monitor:/home/gustav/P5-Kuka-Dual-Arm/install/moveit_core:/home/gustav/P5-Kuka-Dual-Arm/install/moveit_resources_panda_moveit_config:/home/gustav/P5-Kuka-Dual-Arm/install/moveit_resources_fanuc_moveit_config:/home/gustav/P5-Kuka-Dual-Arm/install/generate_parameter_library:/home/gustav/P5-Kuka-Dual-Arm/install/parameter_traits:/home/gustav/P5-Kuka-Dual-Arm/install/moveit_resources_pr2_description:/home/gustav/P5-Kuka-Dual-Arm/install/moveit_resources_panda_description:/home/gustav/P5-Kuka-Dual-Arm/install/moveit_resources_fanuc_description:/home/gustav/P5-Kuka-Dual-Arm/install/moveit_msgs:/home/gustav/P5-Kuka-Dual-Arm/install/moveit_configs_utils:/home/gustav/P5-Kuka-Dual-Arm/install/moveit_common:/home/gustav/P5-Kuka-Dual-Arm/install/generate_parameter_library_py:${AMENT_PREFIX_PATH} CMAKE_PREFIX_PATH=/home/gustav/P5-Kuka-Dual-Arm/install/moveit_kinematics:/home/gustav/P5-Kuka-Dual-Arm/install/moveit_ros_planning:/home/gustav/P5-Kuka-Dual-Arm/install/moveit_ros_occupancy_map_monitor:/home/gustav/P5-Kuka-Dual-Arm/install/moveit_core:/home/gustav/P5-Kuka-Dual-Arm/install/moveit_resources_panda_moveit_config:/home/gustav/P5-Kuka-Dual-Arm/install/moveit_resources_fanuc_moveit_config:/home/gustav/P5-Kuka-Dual-Arm/install/generate_parameter_library:/home/gustav/P5-Kuka-Dual-Arm/install/parameter_traits:/home/gustav/P5-Kuka-Dual-Arm/install/moveit_resources_pr2_description:/home/gustav/P5-Kuka-Dual-Arm/install/moveit_resources_panda_description:/home/gustav/P5-Kuka-Dual-Arm/install/moveit_resources_fanuc_description:/home/gustav/P5-Kuka-Dual-Arm/install/moveit_msgs:/home/gustav/P5-Kuka-Dual-Arm/install/moveit_common:/opt/ros/humble LD_LIBRARY_PATH=/home/gustav/P5-Kuka-Dual-Arm/install/moveit_kinematics/lib:/home/gustav/P5-Kuka-Dual-Arm/install/moveit_ros_planning/lib:/home/gustav/P5-Kuka-Dual-Arm/install/moveit_ros_occupancy_map_monitor/lib:/home/gustav/P5-Kuka-Dual-Arm/install/moveit_core/lib:/home/gustav/P5-Kuka-Dual-Arm/install/parameter_traits/lib:/home/gustav/P5-Kuka-Dual-Arm/install/moveit_msgs/lib:${LD_LIBRARY_PATH} PATH=/home/gustav/P5-Kuka-Dual-Arm/install/moveit_core/bin:/home/gustav/P5-Kuka-Dual-Arm/install/generate_parameter_library_py/bin:${PATH} PYTHONPATH=/home/gustav/P5-Kuka-Dual-Arm/install/moveit_msgs/local/lib/python3.10/dist-packages:/home/gustav/P5-Kuka-Dual-Arm/install/moveit_configs_utils/lib/python3.10/site-packages:/home/gustav/P5-Kuka-Dual-Arm/install/generate_parameter_library_py/lib/python3.10/site-packages:${PYTHONPATH} /usr/bin/cmake /home/gustav/P5-Kuka-Dual-Arm/p5_ws/src/moveit2/moveit_ros/move_group -DCMAKE_INSTALL_PREFIX=/home/gustav/P5-Kuka-Dual-Arm/install/moveit_ros_move_group
[0.297s] -- Found moveit_common: 2.5.5 (/home/gustav/P5-Kuka-Dual-Arm/install/moveit_common/share/moveit_common/cmake)
[0.301s] -- Found ament_cmake: 1.3.10 (/opt/ros/humble/share/ament_cmake/cmake)
[1.470s] -- Found moveit_core: 2.5.5 (/home/gustav/P5-Kuka-Dual-Arm/install/moveit_core/share/moveit_core/cmake)
[1.521s] -- Found Boost: /usr/lib/x86_64-linux-gnu/cmake/Boost-1.74.0/BoostConfig.cmake (found version "1.74.0") found components: chrono date_time filesystem iostreams program_options regex serialization system thread 
[1.678s] -- Found parameter_traits: 0.3.7 (/home/gustav/P5-Kuka-Dual-Arm/install/parameter_traits/share/parameter_traits/cmake)
[1.770s] -- Found rosidl_generator_c: 3.1.5 (/opt/ros/humble/share/rosidl_generator_c/cmake)
[1.779s] -- Found rosidl_adapter: 3.1.5 (/opt/ros/humble/share/rosidl_adapter/cmake)
[1.799s] -- Found rosidl_generator_cpp: 3.1.5 (/opt/ros/humble/share/rosidl_generator_cpp/cmake)
[1.839s] -- Using all available rosidl_typesupport_c: rosidl_typesupport_fastrtps_c;rosidl_typesupport_introspection_c
[1.888s] -- Using all available rosidl_typesupport_cpp: rosidl_typesupport_fastrtps_cpp;rosidl_typesupport_introspection_cpp
[1.977s] -- Found rmw_implementation_cmake: 6.1.2 (/opt/ros/humble/share/rmw_implementation_cmake/cmake)
[1.982s] -- Found rmw_fastrtps_cpp: 6.2.7 (/opt/ros/humble/share/rmw_fastrtps_cpp/cmake)
[2.196s] -- Using RMW implementation 'rmw_fastrtps_cpp' as default
[2.303s] -- Found rclcpp_lifecycle: 16.0.10 (/opt/ros/humble/share/rclcpp_lifecycle/cmake)
[2.336s] -- Found Boost: /usr/lib/x86_64-linux-gnu/cmake/Boost-1.74.0/BoostConfig.cmake (found version "1.74.0") found components: filesystem 
[2.407s] -- library: /usr/lib/x86_64-linux-gnu/libcurl.so
[2.489s] -- Ensuring Eigen3 include directory is part of orocos-kdl CMake target
[2.709s] -- Found moveit_ros_planning: 2.5.5 (/home/gustav/P5-Kuka-Dual-Arm/install/moveit_ros_planning/share/moveit_ros_planning/cmake)
[2.714s] -- Found Boost: /usr/lib/x86_64-linux-gnu/cmake/Boost-1.74.0/BoostConfig.cmake (found version "1.74.0") found components: system filesystem date_time program_options thread chrono 
[2.737s] -- Found std_srvs: 4.2.4 (/opt/ros/humble/share/std_srvs/cmake)
[2.752s] -- Found Boost: /usr/lib/x86_64-linux-gnu/cmake/Boost-1.74.0/BoostConfig.cmake (found version "1.74.0") found components: system filesystem date_time program_options thread 
[2.780s] -- Found ament_lint_auto: 0.12.11 (/opt/ros/humble/share/ament_lint_auto/cmake)
[2.789s] -- Added test 'cppcheck' to perform static code analysis on C / C++ code
[2.790s] -- Configured cppcheck include dirs: /home/gustav/P5-Kuka-Dual-Arm/p5_ws/src/moveit2/moveit_ros/move_group/include
[2.790s] -- Configured cppcheck exclude dirs and/or files: 
[2.790s] -- Added test 'lint_cmake' to check CMake code style
[2.791s] -- Added test 'pep257' to check Python code against some of the docstring style conventions in PEP 257
[2.791s] -- Added test 'xmllint' to check XML markup files
[2.794s] -- Configuring done
[2.867s] -- Generating done
[2.870s] -- Build files have been written to: /home/gustav/P5-Kuka-Dual-Arm/build/moveit_ros_move_group
[2.883s] Invoked command in '/home/gustav/P5-Kuka-Dual-Arm/build/moveit_ros_move_group' returned '0': AMENT_PREFIX_PATH=/home/gustav/P5-Kuka-Dual-Arm/install/moveit_kinematics:/home/gustav/P5-Kuka-Dual-Arm/install/moveit_ros_planning:/home/gustav/P5-Kuka-Dual-Arm/install/moveit_ros_occupancy_map_monitor:/home/gustav/P5-Kuka-Dual-Arm/install/moveit_core:/home/gustav/P5-Kuka-Dual-Arm/install/moveit_resources_panda_moveit_config:/home/gustav/P5-Kuka-Dual-Arm/install/moveit_resources_fanuc_moveit_config:/home/gustav/P5-Kuka-Dual-Arm/install/generate_parameter_library:/home/gustav/P5-Kuka-Dual-Arm/install/parameter_traits:/home/gustav/P5-Kuka-Dual-Arm/install/moveit_resources_pr2_description:/home/gustav/P5-Kuka-Dual-Arm/install/moveit_resources_panda_description:/home/gustav/P5-Kuka-Dual-Arm/install/moveit_resources_fanuc_description:/home/gustav/P5-Kuka-Dual-Arm/install/moveit_msgs:/home/gustav/P5-Kuka-Dual-Arm/install/moveit_configs_utils:/home/gustav/P5-Kuka-Dual-Arm/install/moveit_common:/home/gustav/P5-Kuka-Dual-Arm/install/generate_parameter_library_py:${AMENT_PREFIX_PATH} CMAKE_PREFIX_PATH=/home/gustav/P5-Kuka-Dual-Arm/install/moveit_kinematics:/home/gustav/P5-Kuka-Dual-Arm/install/moveit_ros_planning:/home/gustav/P5-Kuka-Dual-Arm/install/moveit_ros_occupancy_map_monitor:/home/gustav/P5-Kuka-Dual-Arm/install/moveit_core:/home/gustav/P5-Kuka-Dual-Arm/install/moveit_resources_panda_moveit_config:/home/gustav/P5-Kuka-Dual-Arm/install/moveit_resources_fanuc_moveit_config:/home/gustav/P5-Kuka-Dual-Arm/install/generate_parameter_library:/home/gustav/P5-Kuka-Dual-Arm/install/parameter_traits:/home/gustav/P5-Kuka-Dual-Arm/install/moveit_resources_pr2_description:/home/gustav/P5-Kuka-Dual-Arm/install/moveit_resources_panda_description:/home/gustav/P5-Kuka-Dual-Arm/install/moveit_resources_fanuc_description:/home/gustav/P5-Kuka-Dual-Arm/install/moveit_msgs:/home/gustav/P5-Kuka-Dual-Arm/install/moveit_common:/opt/ros/humble LD_LIBRARY_PATH=/home/gustav/P5-Kuka-Dual-Arm/install/moveit_kinematics/lib:/home/gustav/P5-Kuka-Dual-Arm/install/moveit_ros_planning/lib:/home/gustav/P5-Kuka-Dual-Arm/install/moveit_ros_occupancy_map_monitor/lib:/home/gustav/P5-Kuka-Dual-Arm/install/moveit_core/lib:/home/gustav/P5-Kuka-Dual-Arm/install/parameter_traits/lib:/home/gustav/P5-Kuka-Dual-Arm/install/moveit_msgs/lib:${LD_LIBRARY_PATH} PATH=/home/gustav/P5-Kuka-Dual-Arm/install/moveit_core/bin:/home/gustav/P5-Kuka-Dual-Arm/install/generate_parameter_library_py/bin:${PATH} PYTHONPATH=/home/gustav/P5-Kuka-Dual-Arm/install/moveit_msgs/local/lib/python3.10/dist-packages:/home/gustav/P5-Kuka-Dual-Arm/install/moveit_configs_utils/lib/python3.10/site-packages:/home/gustav/P5-Kuka-Dual-Arm/install/generate_parameter_library_py/lib/python3.10/site-packages:${PYTHONPATH} /usr/bin/cmake /home/gustav/P5-Kuka-Dual-Arm/p5_ws/src/moveit2/moveit_ros/move_group -DCMAKE_INSTALL_PREFIX=/home/gustav/P5-Kuka-Dual-Arm/install/moveit_ros_move_group
[2.884s] Invoking command in '/home/gustav/P5-Kuka-Dual-Arm/build/moveit_ros_move_group': AMENT_PREFIX_PATH=/home/gustav/P5-Kuka-Dual-Arm/install/moveit_kinematics:/home/gustav/P5-Kuka-Dual-Arm/install/moveit_ros_planning:/home/gustav/P5-Kuka-Dual-Arm/install/moveit_ros_occupancy_map_monitor:/home/gustav/P5-Kuka-Dual-Arm/install/moveit_core:/home/gustav/P5-Kuka-Dual-Arm/install/moveit_resources_panda_moveit_config:/home/gustav/P5-Kuka-Dual-Arm/install/moveit_resources_fanuc_moveit_config:/home/gustav/P5-Kuka-Dual-Arm/install/generate_parameter_library:/home/gustav/P5-Kuka-Dual-Arm/install/parameter_traits:/home/gustav/P5-Kuka-Dual-Arm/install/moveit_resources_pr2_description:/home/gustav/P5-Kuka-Dual-Arm/install/moveit_resources_panda_description:/home/gustav/P5-Kuka-Dual-Arm/install/moveit_resources_fanuc_description:/home/gustav/P5-Kuka-Dual-Arm/install/moveit_msgs:/home/gustav/P5-Kuka-Dual-Arm/install/moveit_configs_utils:/home/gustav/P5-Kuka-Dual-Arm/install/moveit_common:/home/gustav/P5-Kuka-Dual-Arm/install/generate_parameter_library_py:${AMENT_PREFIX_PATH} CMAKE_PREFIX_PATH=/home/gustav/P5-Kuka-Dual-Arm/install/moveit_kinematics:/home/gustav/P5-Kuka-Dual-Arm/install/moveit_ros_planning:/home/gustav/P5-Kuka-Dual-Arm/install/moveit_ros_occupancy_map_monitor:/home/gustav/P5-Kuka-Dual-Arm/install/moveit_core:/home/gustav/P5-Kuka-Dual-Arm/install/moveit_resources_panda_moveit_config:/home/gustav/P5-Kuka-Dual-Arm/install/moveit_resources_fanuc_moveit_config:/home/gustav/P5-Kuka-Dual-Arm/install/generate_parameter_library:/home/gustav/P5-Kuka-Dual-Arm/install/parameter_traits:/home/gustav/P5-Kuka-Dual-Arm/install/moveit_resources_pr2_description:/home/gustav/P5-Kuka-Dual-Arm/install/moveit_resources_panda_description:/home/gustav/P5-Kuka-Dual-Arm/install/moveit_resources_fanuc_description:/home/gustav/P5-Kuka-Dual-Arm/install/moveit_msgs:/home/gustav/P5-Kuka-Dual-Arm/install/moveit_common:/opt/ros/humble LD_LIBRARY_PATH=/home/gustav/P5-Kuka-Dual-Arm/install/moveit_kinematics/lib:/home/gustav/P5-Kuka-Dual-Arm/install/moveit_ros_planning/lib:/home/gustav/P5-Kuka-Dual-Arm/install/moveit_ros_occupancy_map_monitor/lib:/home/gustav/P5-Kuka-Dual-Arm/install/moveit_core/lib:/home/gustav/P5-Kuka-Dual-Arm/install/parameter_traits/lib:/home/gustav/P5-Kuka-Dual-Arm/install/moveit_msgs/lib:${LD_LIBRARY_PATH} PATH=/home/gustav/P5-Kuka-Dual-Arm/install/moveit_core/bin:/home/gustav/P5-Kuka-Dual-Arm/install/generate_parameter_library_py/bin:${PATH} PYTHONPATH=/home/gustav/P5-Kuka-Dual-Arm/install/moveit_msgs/local/lib/python3.10/dist-packages:/home/gustav/P5-Kuka-Dual-Arm/install/moveit_configs_utils/lib/python3.10/site-packages:/home/gustav/P5-Kuka-Dual-Arm/install/generate_parameter_library_py/lib/python3.10/site-packages:${PYTHONPATH} /usr/bin/cmake --build /home/gustav/P5-Kuka-Dual-Arm/build/moveit_ros_move_group -- -j8 -l8
[2.924s] [35m[1mConsolidate compiler generated dependencies of target list_move_group_capabilities[0m
[2.926s] [35m[1mConsolidate compiler generated dependencies of target moveit_move_group_capabilities_base[0m
[2.949s] [  5%] [32m[1mLinking CXX executable list_move_group_capabilities[0m
[2.961s] [ 10%] [32m[1mLinking CXX shared library libmoveit_move_group_capabilities_base.so[0m
[3.170s] [ 21%] Built target moveit_move_group_capabilities_base
[3.182s] [35m[1mConsolidate compiler generated dependencies of target move_group[0m
[3.209s] [35m[1mConsolidate compiler generated dependencies of target moveit_move_group_default_capabilities[0m
[3.211s] [ 26%] [32m[1mLinking CXX executable move_group[0m
[3.276s] [ 31%] [32m[1mLinking CXX shared library libmoveit_move_group_default_capabilities.so[0m
[3.418s] [ 36%] Built target list_move_group_capabilities
[3.641s] [ 42%] Built target move_group
[3.857s] [100%] Built target moveit_move_group_default_capabilities
[3.868s] Invoked command in '/home/gustav/P5-Kuka-Dual-Arm/build/moveit_ros_move_group' returned '0': AMENT_PREFIX_PATH=/home/gustav/P5-Kuka-Dual-Arm/install/moveit_kinematics:/home/gustav/P5-Kuka-Dual-Arm/install/moveit_ros_planning:/home/gustav/P5-Kuka-Dual-Arm/install/moveit_ros_occupancy_map_monitor:/home/gustav/P5-Kuka-Dual-Arm/install/moveit_core:/home/gustav/P5-Kuka-Dual-Arm/install/moveit_resources_panda_moveit_config:/home/gustav/P5-Kuka-Dual-Arm/install/moveit_resources_fanuc_moveit_config:/home/gustav/P5-Kuka-Dual-Arm/install/generate_parameter_library:/home/gustav/P5-Kuka-Dual-Arm/install/parameter_traits:/home/gustav/P5-Kuka-Dual-Arm/install/moveit_resources_pr2_description:/home/gustav/P5-Kuka-Dual-Arm/install/moveit_resources_panda_description:/home/gustav/P5-Kuka-Dual-Arm/install/moveit_resources_fanuc_description:/home/gustav/P5-Kuka-Dual-Arm/install/moveit_msgs:/home/gustav/P5-Kuka-Dual-Arm/install/moveit_configs_utils:/home/gustav/P5-Kuka-Dual-Arm/install/moveit_common:/home/gustav/P5-Kuka-Dual-Arm/install/generate_parameter_library_py:${AMENT_PREFIX_PATH} CMAKE_PREFIX_PATH=/home/gustav/P5-Kuka-Dual-Arm/install/moveit_kinematics:/home/gustav/P5-Kuka-Dual-Arm/install/moveit_ros_planning:/home/gustav/P5-Kuka-Dual-Arm/install/moveit_ros_occupancy_map_monitor:/home/gustav/P5-Kuka-Dual-Arm/install/moveit_core:/home/gustav/P5-Kuka-Dual-Arm/install/moveit_resources_panda_moveit_config:/home/gustav/P5-Kuka-Dual-Arm/install/moveit_resources_fanuc_moveit_config:/home/gustav/P5-Kuka-Dual-Arm/install/generate_parameter_library:/home/gustav/P5-Kuka-Dual-Arm/install/parameter_traits:/home/gustav/P5-Kuka-Dual-Arm/install/moveit_resources_pr2_description:/home/gustav/P5-Kuka-Dual-Arm/install/moveit_resources_panda_description:/home/gustav/P5-Kuka-Dual-Arm/install/moveit_resources_fanuc_description:/home/gustav/P5-Kuka-Dual-Arm/install/moveit_msgs:/home/gustav/P5-Kuka-Dual-Arm/install/moveit_common:/opt/ros/humble LD_LIBRARY_PATH=/home/gustav/P5-Kuka-Dual-Arm/install/moveit_kinematics/lib:/home/gustav/P5-Kuka-Dual-Arm/install/moveit_ros_planning/lib:/home/gustav/P5-Kuka-Dual-Arm/install/moveit_ros_occupancy_map_monitor/lib:/home/gustav/P5-Kuka-Dual-Arm/install/moveit_core/lib:/home/gustav/P5-Kuka-Dual-Arm/install/parameter_traits/lib:/home/gustav/P5-Kuka-Dual-Arm/install/moveit_msgs/lib:${LD_LIBRARY_PATH} PATH=/home/gustav/P5-Kuka-Dual-Arm/install/moveit_core/bin:/home/gustav/P5-Kuka-Dual-Arm/install/generate_parameter_library_py/bin:${PATH} PYTHONPATH=/home/gustav/P5-Kuka-Dual-Arm/install/moveit_msgs/local/lib/python3.10/dist-packages:/home/gustav/P5-Kuka-Dual-Arm/install/moveit_configs_utils/lib/python3.10/site-packages:/home/gustav/P5-Kuka-Dual-Arm/install/generate_parameter_library_py/lib/python3.10/site-packages:${PYTHONPATH} /usr/bin/cmake --build /home/gustav/P5-Kuka-Dual-Arm/build/moveit_ros_move_group -- -j8 -l8
[3.913s] Invoking command in '/home/gustav/P5-Kuka-Dual-Arm/build/moveit_ros_move_group': AMENT_PREFIX_PATH=/home/gustav/P5-Kuka-Dual-Arm/install/moveit_kinematics:/home/gustav/P5-Kuka-Dual-Arm/install/moveit_ros_planning:/home/gustav/P5-Kuka-Dual-Arm/install/moveit_ros_occupancy_map_monitor:/home/gustav/P5-Kuka-Dual-Arm/install/moveit_core:/home/gustav/P5-Kuka-Dual-Arm/install/moveit_resources_panda_moveit_config:/home/gustav/P5-Kuka-Dual-Arm/install/moveit_resources_fanuc_moveit_config:/home/gustav/P5-Kuka-Dual-Arm/install/generate_parameter_library:/home/gustav/P5-Kuka-Dual-Arm/install/parameter_traits:/home/gustav/P5-Kuka-Dual-Arm/install/moveit_resources_pr2_description:/home/gustav/P5-Kuka-Dual-Arm/install/moveit_resources_panda_description:/home/gustav/P5-Kuka-Dual-Arm/install/moveit_resources_fanuc_description:/home/gustav/P5-Kuka-Dual-Arm/install/moveit_msgs:/home/gustav/P5-Kuka-Dual-Arm/install/moveit_configs_utils:/home/gustav/P5-Kuka-Dual-Arm/install/moveit_common:/home/gustav/P5-Kuka-Dual-Arm/install/generate_parameter_library_py:${AMENT_PREFIX_PATH} CMAKE_PREFIX_PATH=/home/gustav/P5-Kuka-Dual-Arm/install/moveit_kinematics:/home/gustav/P5-Kuka-Dual-Arm/install/moveit_ros_planning:/home/gustav/P5-Kuka-Dual-Arm/install/moveit_ros_occupancy_map_monitor:/home/gustav/P5-Kuka-Dual-Arm/install/moveit_core:/home/gustav/P5-Kuka-Dual-Arm/install/moveit_resources_panda_moveit_config:/home/gustav/P5-Kuka-Dual-Arm/install/moveit_resources_fanuc_moveit_config:/home/gustav/P5-Kuka-Dual-Arm/install/generate_parameter_library:/home/gustav/P5-Kuka-Dual-Arm/install/parameter_traits:/home/gustav/P5-Kuka-Dual-Arm/install/moveit_resources_pr2_description:/home/gustav/P5-Kuka-Dual-Arm/install/moveit_resources_panda_description:/home/gustav/P5-Kuka-Dual-Arm/install/moveit_resources_fanuc_description:/home/gustav/P5-Kuka-Dual-Arm/install/moveit_msgs:/home/gustav/P5-Kuka-Dual-Arm/install/moveit_common:/opt/ros/humble LD_LIBRARY_PATH=/home/gustav/P5-Kuka-Dual-Arm/install/moveit_kinematics/lib:/home/gustav/P5-Kuka-Dual-Arm/install/moveit_ros_planning/lib:/home/gustav/P5-Kuka-Dual-Arm/install/moveit_ros_occupancy_map_monitor/lib:/home/gustav/P5-Kuka-Dual-Arm/install/moveit_core/lib:/home/gustav/P5-Kuka-Dual-Arm/install/parameter_traits/lib:/home/gustav/P5-Kuka-Dual-Arm/install/moveit_msgs/lib:${LD_LIBRARY_PATH} PATH=/home/gustav/P5-Kuka-Dual-Arm/install/moveit_core/bin:/home/gustav/P5-Kuka-Dual-Arm/install/generate_parameter_library_py/bin:${PATH} PYTHONPATH=/home/gustav/P5-Kuka-Dual-Arm/install/moveit_msgs/local/lib/python3.10/dist-packages:/home/gustav/P5-Kuka-Dual-Arm/install/moveit_configs_utils/lib/python3.10/site-packages:/home/gustav/P5-Kuka-Dual-Arm/install/generate_parameter_library_py/lib/python3.10/site-packages:${PYTHONPATH} /usr/bin/cmake --install /home/gustav/P5-Kuka-Dual-Arm/build/moveit_ros_move_group
[3.920s] -- Install configuration: "Release"
[3.921s] -- Installing: /home/gustav/P5-Kuka-Dual-Arm/install/moveit_ros_move_group/lib/moveit_ros_move_group/move_group
[3.921s] -- Set runtime path of "/home/gustav/P5-Kuka-Dual-Arm/install/moveit_ros_move_group/lib/moveit_ros_move_group/move_group" to ""
[3.922s] -- Installing: /home/gustav/P5-Kuka-Dual-Arm/install/moveit_ros_move_group/lib/moveit_ros_move_group/list_move_group_capabilities
[3.923s] -- Set runtime path of "/home/gustav/P5-Kuka-Dual-Arm/install/moveit_ros_move_group/lib/moveit_ros_move_group/list_move_group_capabilities" to ""
[3.923s] -- Installing: /home/gustav/P5-Kuka-Dual-Arm/install/moveit_ros_move_group/lib/libmoveit_move_group_default_capabilities.so.2.5.5
[3.925s] -- Set runtime path of "/home/gustav/P5-Kuka-Dual-Arm/install/moveit_ros_move_group/lib/libmoveit_move_group_default_capabilities.so.2.5.5" to ""
[3.925s] -- Up-to-date: /home/gustav/P5-Kuka-Dual-Arm/install/moveit_ros_move_group/lib/libmoveit_move_group_default_capabilities.so
[3.925s] -- Installing: /home/gustav/P5-Kuka-Dual-Arm/install/moveit_ros_move_group/lib/libmoveit_move_group_capabilities_base.so.2.5.5
[3.925s] -- Set runtime path of "/home/gustav/P5-Kuka-Dual-Arm/install/moveit_ros_move_group/lib/libmoveit_move_group_capabilities_base.so.2.5.5" to ""
[3.925s] -- Up-to-date: /home/gustav/P5-Kuka-Dual-Arm/install/moveit_ros_move_group/lib/libmoveit_move_group_capabilities_base.so
[3.926s] -- Up-to-date: /home/gustav/P5-Kuka-Dual-Arm/install/moveit_ros_move_group/include
[3.926s] -- Up-to-date: /home/gustav/P5-Kuka-Dual-Arm/install/moveit_ros_move_group/include/moveit
[3.926s] -- Up-to-date: /home/gustav/P5-Kuka-Dual-Arm/install/moveit_ros_move_group/include/moveit/move_group
[3.926s] -- Up-to-date: /home/gustav/P5-Kuka-Dual-Arm/install/moveit_ros_move_group/include/moveit/move_group/move_group_capability.h
[3.926s] -- Up-to-date: /home/gustav/P5-Kuka-Dual-Arm/install/moveit_ros_move_group/include/moveit/move_group/node_name.h
[3.926s] -- Up-to-date: /home/gustav/P5-Kuka-Dual-Arm/install/moveit_ros_move_group/include/moveit/move_group/capability_names.h
[3.926s] -- Up-to-date: /home/gustav/P5-Kuka-Dual-Arm/install/moveit_ros_move_group/include/moveit/move_group/move_group_context.h
[3.926s] -- Up-to-date: /home/gustav/P5-Kuka-Dual-Arm/install/moveit_ros_move_group/share/moveit_ros_move_group/environment/library_path.sh
[3.927s] -- Installing: /home/gustav/P5-Kuka-Dual-Arm/install/moveit_ros_move_group/share/moveit_ros_move_group/environment/library_path.dsv
[3.927s] -- Up-to-date: /home/gustav/P5-Kuka-Dual-Arm/install/moveit_ros_move_group/lib/moveit_ros_move_group/load_map
[3.927s] -- Up-to-date: /home/gustav/P5-Kuka-Dual-Arm/install/moveit_ros_move_group/lib/moveit_ros_move_group/save_map
[3.927s] -- Up-to-date: /home/gustav/P5-Kuka-Dual-Arm/install/moveit_ros_move_group/share/moveit_ros_move_group/default_capabilities_plugin_description.xml
[3.927s] -- Up-to-date: /home/gustav/P5-Kuka-Dual-Arm/install/moveit_ros_move_group/share/ament_index/resource_index/package_run_dependencies/moveit_ros_move_group
[3.927s] -- Up-to-date: /home/gustav/P5-Kuka-Dual-Arm/install/moveit_ros_move_group/share/ament_index/resource_index/parent_prefix_path/moveit_ros_move_group
[3.927s] -- Up-to-date: /home/gustav/P5-Kuka-Dual-Arm/install/moveit_ros_move_group/share/moveit_ros_move_group/environment/ament_prefix_path.sh
[3.927s] -- Installing: /home/gustav/P5-Kuka-Dual-Arm/install/moveit_ros_move_group/share/moveit_ros_move_group/environment/ament_prefix_path.dsv
[3.928s] -- Up-to-date: /home/gustav/P5-Kuka-Dual-Arm/install/moveit_ros_move_group/share/moveit_ros_move_group/environment/path.sh
[3.928s] -- Installing: /home/gustav/P5-Kuka-Dual-Arm/install/moveit_ros_move_group/share/moveit_ros_move_group/environment/path.dsv
[3.928s] -- Up-to-date: /home/gustav/P5-Kuka-Dual-Arm/install/moveit_ros_move_group/share/moveit_ros_move_group/local_setup.bash
[3.928s] -- Up-to-date: /home/gustav/P5-Kuka-Dual-Arm/install/moveit_ros_move_group/share/moveit_ros_move_group/local_setup.sh
[3.928s] -- Up-to-date: /home/gustav/P5-Kuka-Dual-Arm/install/moveit_ros_move_group/share/moveit_ros_move_group/local_setup.zsh
[3.928s] -- Installing: /home/gustav/P5-Kuka-Dual-Arm/install/moveit_ros_move_group/share/moveit_ros_move_group/local_setup.dsv
[3.928s] -- Installing: /home/gustav/P5-Kuka-Dual-Arm/install/moveit_ros_move_group/share/moveit_ros_move_group/package.dsv
[3.928s] -- Up-to-date: /home/gustav/P5-Kuka-Dual-Arm/install/moveit_ros_move_group/share/ament_index/resource_index/packages/moveit_ros_move_group
[3.928s] -- Up-to-date: /home/gustav/P5-Kuka-Dual-Arm/install/moveit_ros_move_group/share/ament_index/resource_index/moveit_ros_move_group__pluginlib__plugin/moveit_ros_move_group
[3.929s] -- Up-to-date: /home/gustav/P5-Kuka-Dual-Arm/install/moveit_ros_move_group/share/moveit_ros_move_group/cmake/export_moveit_ros_move_groupExport.cmake
[3.929s] -- Up-to-date: /home/gustav/P5-Kuka-Dual-Arm/install/moveit_ros_move_group/share/moveit_ros_move_group/cmake/export_moveit_ros_move_groupExport-release.cmake
[3.929s] -- Up-to-date: /home/gustav/P5-Kuka-Dual-Arm/install/moveit_ros_move_group/share/moveit_ros_move_group/cmake/ConfigExtras.cmake
[3.929s] -- Up-to-date: /home/gustav/P5-Kuka-Dual-Arm/install/moveit_ros_move_group/share/moveit_ros_move_group/cmake/ament_cmake_export_targets-extras.cmake
[3.929s] -- Up-to-date: /home/gustav/P5-Kuka-Dual-Arm/install/moveit_ros_move_group/share/moveit_ros_move_group/cmake/ament_cmake_export_dependencies-extras.cmake
[3.929s] -- Up-to-date: /home/gustav/P5-Kuka-Dual-Arm/install/moveit_ros_move_group/share/moveit_ros_move_group/cmake/moveit_ros_move_groupConfig.cmake
[3.929s] -- Up-to-date: /home/gustav/P5-Kuka-Dual-Arm/install/moveit_ros_move_group/share/moveit_ros_move_group/cmake/moveit_ros_move_groupConfig-version.cmake
[3.929s] -- Up-to-date: /home/gustav/P5-Kuka-Dual-Arm/install/moveit_ros_move_group/share/moveit_ros_move_group/package.xml
[3.931s] Invoked command in '/home/gustav/P5-Kuka-Dual-Arm/build/moveit_ros_move_group' returned '0': AMENT_PREFIX_PATH=/home/gustav/P5-Kuka-Dual-Arm/install/moveit_kinematics:/home/gustav/P5-Kuka-Dual-Arm/install/moveit_ros_planning:/home/gustav/P5-Kuka-Dual-Arm/install/moveit_ros_occupancy_map_monitor:/home/gustav/P5-Kuka-Dual-Arm/install/moveit_core:/home/gustav/P5-Kuka-Dual-Arm/install/moveit_resources_panda_moveit_config:/home/gustav/P5-Kuka-Dual-Arm/install/moveit_resources_fanuc_moveit_config:/home/gustav/P5-Kuka-Dual-Arm/install/generate_parameter_library:/home/gustav/P5-Kuka-Dual-Arm/install/parameter_traits:/home/gustav/P5-Kuka-Dual-Arm/install/moveit_resources_pr2_description:/home/gustav/P5-Kuka-Dual-Arm/install/moveit_resources_panda_description:/home/gustav/P5-Kuka-Dual-Arm/install/moveit_resources_fanuc_description:/home/gustav/P5-Kuka-Dual-Arm/install/moveit_msgs:/home/gustav/P5-Kuka-Dual-Arm/install/moveit_configs_utils:/home/gustav/P5-Kuka-Dual-Arm/install/moveit_common:/home/gustav/P5-Kuka-Dual-Arm/install/generate_parameter_library_py:${AMENT_PREFIX_PATH} CMAKE_PREFIX_PATH=/home/gustav/P5-Kuka-Dual-Arm/install/moveit_kinematics:/home/gustav/P5-Kuka-Dual-Arm/install/moveit_ros_planning:/home/gustav/P5-Kuka-Dual-Arm/install/moveit_ros_occupancy_map_monitor:/home/gustav/P5-Kuka-Dual-Arm/install/moveit_core:/home/gustav/P5-Kuka-Dual-Arm/install/moveit_resources_panda_moveit_config:/home/gustav/P5-Kuka-Dual-Arm/install/moveit_resources_fanuc_moveit_config:/home/gustav/P5-Kuka-Dual-Arm/install/generate_parameter_library:/home/gustav/P5-Kuka-Dual-Arm/install/parameter_traits:/home/gustav/P5-Kuka-Dual-Arm/install/moveit_resources_pr2_description:/home/gustav/P5-Kuka-Dual-Arm/install/moveit_resources_panda_description:/home/gustav/P5-Kuka-Dual-Arm/install/moveit_resources_fanuc_description:/home/gustav/P5-Kuka-Dual-Arm/install/moveit_msgs:/home/gustav/P5-Kuka-Dual-Arm/install/moveit_common:/opt/ros/humble LD_LIBRARY_PATH=/home/gustav/P5-Kuka-Dual-Arm/install/moveit_kinematics/lib:/home/gustav/P5-Kuka-Dual-Arm/install/moveit_ros_planning/lib:/home/gustav/P5-Kuka-Dual-Arm/install/moveit_ros_occupancy_map_monitor/lib:/home/gustav/P5-Kuka-Dual-Arm/install/moveit_core/lib:/home/gustav/P5-Kuka-Dual-Arm/install/parameter_traits/lib:/home/gustav/P5-Kuka-Dual-Arm/install/moveit_msgs/lib:${LD_LIBRARY_PATH} PATH=/home/gustav/P5-Kuka-Dual-Arm/install/moveit_core/bin:/home/gustav/P5-Kuka-Dual-Arm/install/generate_parameter_library_py/bin:${PATH} PYTHONPATH=/home/gustav/P5-Kuka-Dual-Arm/install/moveit_msgs/local/lib/python3.10/dist-packages:/home/gustav/P5-Kuka-Dual-Arm/install/moveit_configs_utils/lib/python3.10/site-packages:/home/gustav/P5-Kuka-Dual-Arm/install/generate_parameter_library_py/lib/python3.10/site-packages:${PYTHONPATH} /usr/bin/cmake --install /home/gustav/P5-Kuka-Dual-Arm/build/moveit_ros_move_group
