[3.463s] Invoking command in '/home/gustav/P5-Kuka-Dual-Arm/p5_ws/src/generate_parameter_library/example_python': AMENT_PREFIX_PATH=/home/gustav/P5-Kuka-Dual-Arm/install/generate_parameter_library:/home/gustav/P5-Kuka-Dual-Arm/install/parameter_traits:/home/gustav/P5-Kuka-Dual-Arm/install/generate_parameter_library_py:${AMENT_PREFIX_PATH} CMAKE_PREFIX_PATH=/home/gustav/P5-Kuka-Dual-Arm/install/generate_parameter_library:/home/gustav/P5-Kuka-Dual-Arm/install/parameter_traits:${CMAKE_PREFIX_PATH} LD_LIBRARY_PATH=/home/gustav/P5-Kuka-Dual-Arm/install/parameter_traits/lib:${LD_LIBRARY_PATH} PATH=/home/gustav/P5-Kuka-Dual-Arm/install/generate_parameter_library_py/bin:${PATH} PYTHONPATH=/home/gustav/P5-Kuka-Dual-Arm/build/generate_parameter_module_example/prefix_override:/usr/lib/python3/dist-packages/colcon_core/task/python/colcon_distutils_commands:/home/gustav/P5-Kuka-Dual-Arm/install/generate_parameter_module_example/lib/python3.10/site-packages:/home/gustav/P5-Kuka-Dual-Arm/install/generate_parameter_library_py/lib/python3.10/site-packages:${PYTHONPATH} /usr/bin/python3 -W ignore:setup.py install is deprecated setup.py egg_info --egg-base ../../../../build/generate_parameter_module_example build --build-base /home/gustav/P5-Kuka-Dual-Arm/build/generate_parameter_module_example/build install --record /home/gustav/P5-Kuka-Dual-Arm/build/generate_parameter_module_example/install.log --single-version-externally-managed install_data
[12.684s] running egg_info
[12.684s] writing ../../../../build/generate_parameter_module_example/generate_parameter_module_example.egg-info/PKG-INFO
[12.685s] writing dependency_links to ../../../../build/generate_parameter_module_example/generate_parameter_module_example.egg-info/dependency_links.txt
[12.685s] writing entry points to ../../../../build/generate_parameter_module_example/generate_parameter_module_example.egg-info/entry_points.txt
[12.685s] writing requirements to ../../../../build/generate_parameter_module_example/generate_parameter_module_example.egg-info/requires.txt
[12.685s] writing top-level names to ../../../../build/generate_parameter_module_example/generate_parameter_module_example.egg-info/top_level.txt
[12.701s] reading manifest file '../../../../build/generate_parameter_module_example/generate_parameter_module_example.egg-info/SOURCES.txt'
[12.716s] writing manifest file '../../../../build/generate_parameter_module_example/generate_parameter_module_example.egg-info/SOURCES.txt'
[12.716s] running build
[12.718s] running build_py
[12.718s] running install
[12.720s] running install_lib
[12.728s] running install_data
[12.729s] running install_egg_info
[12.743s] removing '/home/gustav/P5-Kuka-Dual-Arm/install/generate_parameter_module_example/lib/python3.10/site-packages/generate_parameter_module_example-0.3.7-py3.10.egg-info' (and everything under it)
[12.743s] Copying ../../../../build/generate_parameter_module_example/generate_parameter_module_example.egg-info to /home/gustav/P5-Kuka-Dual-Arm/install/generate_parameter_module_example/lib/python3.10/site-packages/generate_parameter_module_example-0.3.7-py3.10.egg-info
[12.746s] running install_scripts
[12.850s] Installing test_node script to /home/gustav/P5-Kuka-Dual-Arm/install/generate_parameter_module_example/lib/generate_parameter_module_example
[12.850s] writing list of installed files to '/home/gustav/P5-Kuka-Dual-Arm/build/generate_parameter_module_example/install.log'
[13.048s] Invoked command in '/home/gustav/P5-Kuka-Dual-Arm/p5_ws/src/generate_parameter_library/example_python' returned '0': AMENT_PREFIX_PATH=/home/gustav/P5-Kuka-Dual-Arm/install/generate_parameter_library:/home/gustav/P5-Kuka-Dual-Arm/install/parameter_traits:/home/gustav/P5-Kuka-Dual-Arm/install/generate_parameter_library_py:${AMENT_PREFIX_PATH} CMAKE_PREFIX_PATH=/home/gustav/P5-Kuka-Dual-Arm/install/generate_parameter_library:/home/gustav/P5-Kuka-Dual-Arm/install/parameter_traits:${CMAKE_PREFIX_PATH} LD_LIBRARY_PATH=/home/gustav/P5-Kuka-Dual-Arm/install/parameter_traits/lib:${LD_LIBRARY_PATH} PATH=/home/gustav/P5-Kuka-Dual-Arm/install/generate_parameter_library_py/bin:${PATH} PYTHONPATH=/home/gustav/P5-Kuka-Dual-Arm/build/generate_parameter_module_example/prefix_override:/usr/lib/python3/dist-packages/colcon_core/task/python/colcon_distutils_commands:/home/gustav/P5-Kuka-Dual-Arm/install/generate_parameter_module_example/lib/python3.10/site-packages:/home/gustav/P5-Kuka-Dual-Arm/install/generate_parameter_library_py/lib/python3.10/site-packages:${PYTHONPATH} /usr/bin/python3 -W ignore:setup.py install is deprecated setup.py egg_info --egg-base ../../../../build/generate_parameter_module_example build --build-base /home/gustav/P5-Kuka-Dual-Arm/build/generate_parameter_module_example/build install --record /home/gustav/P5-Kuka-Dual-Arm/build/generate_parameter_module_example/install.log --single-version-externally-managed install_data
