[2.493s] Invoking command in '/home/gustav/P5-Kuka-Dual-Arm/p5_ws/src/generate_parameter_library/generate_parameter_library_py': PYTHONPATH=/home/gustav/P5-Kuka-Dual-Arm/build/generate_parameter_library_py/prefix_override:/usr/lib/python3/dist-packages/colcon_core/task/python/colcon_distutils_commands:/home/gustav/P5-Kuka-Dual-Arm/install/generate_parameter_library_py/lib/python3.10/site-packages:${PYTHONPATH} /usr/bin/python3 -W ignore:setup.py install is deprecated setup.py egg_info --egg-base ../../../../build/generate_parameter_library_py build --build-base /home/gustav/P5-Kuka-Dual-Arm/build/generate_parameter_library_py/build install --record /home/gustav/P5-Kuka-Dual-Arm/build/generate_parameter_library_py/install.log --single-version-externally-managed install_data
[3.948s] running egg_info
[3.952s] writing ../../../../build/generate_parameter_library_py/generate_parameter_library_py.egg-info/PKG-INFO
[3.953s] writing dependency_links to ../../../../build/generate_parameter_library_py/generate_parameter_library_py.egg-info/dependency_links.txt
[3.954s] writing entry points to ../../../../build/generate_parameter_library_py/generate_parameter_library_py.egg-info/entry_points.txt
[3.955s] writing requirements to ../../../../build/generate_parameter_library_py/generate_parameter_library_py.egg-info/requires.txt
[3.955s] writing top-level names to ../../../../build/generate_parameter_library_py/generate_parameter_library_py.egg-info/top_level.txt
[3.968s] reading manifest file '../../../../build/generate_parameter_library_py/generate_parameter_library_py.egg-info/SOURCES.txt'
[3.972s] writing manifest file '../../../../build/generate_parameter_library_py/generate_parameter_library_py.egg-info/SOURCES.txt'
[3.972s] running build
[3.972s] running build_py
[3.985s] running install
[3.988s] running install_lib
[3.998s] running install_data
[4.001s] running install_egg_info
[4.007s] removing '/home/gustav/P5-Kuka-Dual-Arm/install/generate_parameter_library_py/lib/python3.10/site-packages/generate_parameter_library_py-0.3.7-py3.10.egg-info' (and everything under it)
[4.008s] Copying ../../../../build/generate_parameter_library_py/generate_parameter_library_py.egg-info to /home/gustav/P5-Kuka-Dual-Arm/install/generate_parameter_library_py/lib/python3.10/site-packages/generate_parameter_library_py-0.3.7-py3.10.egg-info
[4.012s] running install_scripts
[4.111s] Installing generate_parameter_library_cpp script to /home/gustav/P5-Kuka-Dual-Arm/install/generate_parameter_library_py/bin
[4.111s] Installing generate_parameter_library_markdown script to /home/gustav/P5-Kuka-Dual-Arm/install/generate_parameter_library_py/bin
[4.111s] Installing generate_parameter_library_python script to /home/gustav/P5-Kuka-Dual-Arm/install/generate_parameter_library_py/bin
[4.112s] writing list of installed files to '/home/gustav/P5-Kuka-Dual-Arm/build/generate_parameter_library_py/install.log'
[4.179s] Invoked command in '/home/gustav/P5-Kuka-Dual-Arm/p5_ws/src/generate_parameter_library/generate_parameter_library_py' returned '0': PYTHONPATH=/home/gustav/P5-Kuka-Dual-Arm/build/generate_parameter_library_py/prefix_override:/usr/lib/python3/dist-packages/colcon_core/task/python/colcon_distutils_commands:/home/gustav/P5-Kuka-Dual-Arm/install/generate_parameter_library_py/lib/python3.10/site-packages:${PYTHONPATH} /usr/bin/python3 -W ignore:setup.py install is deprecated setup.py egg_info --egg-base ../../../../build/generate_parameter_library_py build --build-base /home/gustav/P5-Kuka-Dual-Arm/build/generate_parameter_library_py/build install --record /home/gustav/P5-Kuka-Dual-Arm/build/generate_parameter_library_py/install.log --single-version-externally-managed install_data
