[0.079s] Invoking command in '/home/gustav/P5-Kuka-Dual-Arm/build/lbr_fri_idl': CMAKE_PREFIX_PATH=/home/gustav/P5-Kuka-Dual-Arm/install/fri_client_sdk:/home/gustav/ws_lbr/install/med7_moveit_config:/home/gustav/ws_lbr/install/med14_moveit_config:/home/gustav/ws_lbr/install/lbr_moveit_cpp:/home/gustav/ws_lbr/install/iiwa7_moveit_config:/home/gustav/ws_lbr/install/iiwa14_moveit_config:/home/gustav/ws_lbr/install/lbr_description:/home/gustav/ws_moveit2/install/pilz_industrial_motion_planner_testutils:/home/gustav/ws_moveit2/install/moveit_runtime:/home/gustav/ws_moveit2/install/moveit2_tutorials:/home/gustav/ws_moveit2/install/moveit:/home/gustav/ws_moveit2/install/moveit_planners:/home/gustav/ws_moveit2/install/pilz_industrial_motion_planner:/home/gustav/ws_moveit2/install/moveit_visual_tools:/home/gustav/ws_moveit2/install/moveit_task_constructor_visualization:/home/gustav/ws_moveit2/install/moveit_task_constructor_demo:/home/gustav/ws_moveit2/install/moveit_task_constructor_capabilities:/home/gustav/ws_moveit2/install/moveit_task_constructor_core:/home/gustav/ws_moveit2/install/moveit_ros_control_interface:/home/gustav/ws_moveit2/install/moveit_plugins:/home/gustav/ws_moveit2/install/moveit_simple_controller_manager:/home/gustav/ws_moveit2/install/moveit_setup_assistant:/home/gustav/ws_moveit2/install/moveit_setup_srdf_plugins:/home/gustav/ws_moveit2/install/moveit_setup_core_plugins:/home/gustav/ws_moveit2/install/moveit_setup_controllers:/home/gustav/ws_moveit2/install/moveit_setup_app_plugins:/home/gustav/ws_moveit2/install/moveit_setup_framework:/home/gustav/ws_moveit2/install/moveit_servo:/home/gustav/ws_moveit2/install/moveit_ros:/home/gustav/ws_moveit2/install/moveit_ros_visualization:/home/gustav/ws_moveit2/install/moveit_hybrid_planning:/home/gustav/ws_moveit2/install/hello_moveit:/home/gustav/ws_moveit2/install/moveit_ros_planning_interface:/home/gustav/ws_moveit2/install/moveit_ros_benchmarks:/home/gustav/ws_moveit2/install/moveit_ros_warehouse:/home/gustav/ws_moveit2/install/moveit_ros_robot_interaction:/home/gustav/ws_moveit2/install/moveit_ros_perception:/home/gustav/ws_moveit2/install/moveit_resources_prbt_pg70_support:/home/gustav/ws_moveit2/install/moveit_resources_prbt_moveit_config:/home/gustav/ws_moveit2/install/moveit_ros_move_group:/home/gustav/ws_moveit2/install/moveit_planners_ompl:/home/gustav/ws_moveit2/install/moveit_ros_planning:/home/gustav/ws_moveit2/install/moveit_ros_occupancy_map_monitor:/home/gustav/ws_moveit2/install/moveit_resources_prbt_ikfast_manipulator_plugin:/home/gustav/ws_moveit2/install/moveit_planners_chomp:/home/gustav/ws_moveit2/install/moveit_kinematics:/home/gustav/ws_moveit2/install/moveit_chomp_optimizer_adapter:/home/gustav/ws_moveit2/install/chomp_motion_planner:/home/gustav/ws_moveit2/install/moveit_core:/home/gustav/ws_moveit2/install/srdfdom:/home/gustav/ws_moveit2/install/rviz_marker_tools:/home/gustav/ws_moveit2/install/rosparam_shortcuts:/home/gustav/ws_moveit2/install/moveit_task_constructor_msgs:/home/gustav/ws_moveit2/install/moveit_resources_prbt_support:/home/gustav/ws_moveit2/install/moveit_resources:/home/gustav/ws_moveit2/install/moveit_resources_pr2_description:/home/gustav/ws_moveit2/install/moveit_resources_panda_moveit_config:/home/gustav/ws_moveit2/install/moveit_resources_panda_description:/home/gustav/ws_moveit2/install/moveit_resources_fanuc_moveit_config:/home/gustav/ws_moveit2/install/moveit_resources_fanuc_description:/home/gustav/ws_moveit2/install/moveit_common:/home/gustav/ws_moveit2/install/lbr_description:/home/gustav/ws_moveit2/install/kuka_bord_description:/home/gustav/P5-Kuka-Dual-Arm/moveit2_kuka_table/install/send_cudes:/home/gustav/P5-Kuka-Dual-Arm/moveit2_kuka_table/install/moveit2_launch:/home/gustav/P5-Kuka-Dual-Arm/moveit2_kuka_table/install/kuka_bord_description:/home/gustav/lbr_stack/install/med7_moveit_config:/home/gustav/lbr_stack/install/med14_moveit_config:/home/gustav/lbr_stack/install/lbr_fri_ros2_stack:/home/gustav/lbr_stack/install/lbr_demos_cpp:/home/gustav/lbr_stack/install/lbr_bringup:/home/gustav/lbr_stack/install/lbr_ros2_control:/home/gustav/lbr_stack/install/lbr_moveit_cpp:/home/gustav/lbr_stack/install/lbr_demos_advanced_cpp:/home/gustav/lbr_stack/install/lbr_fri_ros2:/home/gustav/lbr_stack/install/lbr_fri_idl:/home/gustav/lbr_stack/install/iiwa7_moveit_config:/home/gustav/lbr_stack/install/iiwa14_moveit_config:/home/gustav/lbr_stack/install/lbr_description:/home/gustav/lbr_stack/install/fri_client_sdk:/home/gustav/ws_P5/install/send_cudes:/home/gustav/ws_P5/install/moveit2_launch:/home/gustav/ws_P5/install/kuka_bord_description:/home/gustav/ws_moveit2/install/moveit_configs_utils:/home/gustav/ws_moveit2/install/launch_param_builder:/home/gustav/lbr_stack/install/lbr_demos_py:/home/gustav/lbr_stack/install/lbr_demos_advanced_py:/opt/ros/humble LD_LIBRARY_PATH=/home/gustav/P5-Kuka-Dual-Arm/install/fri_client_sdk/lib:${LD_LIBRARY_PATH} PKG_CONFIG_PATH=/home/gustav/P5-Kuka-Dual-Arm/install/fri_client_sdk/lib/x86_64-linux-gnu/pkgconfig:/home/gustav/P5-Kuka-Dual-Arm/install/fri_client_sdk/lib/pkgconfig:${PKG_CONFIG_PATH} /usr/bin/cmake --build /home/gustav/P5-Kuka-Dual-Arm/build/lbr_fri_idl -- -j8 -l8
[0.295s] [  1%] Built target lbr_fri_idl__cpp
[0.319s] [ 11%] Built target lbr_fri_idl__rosidl_generator_c
[0.339s] [ 14%] Built target gtest
[0.373s] [ 14%] Built target ament_cmake_python_copy_lbr_fri_idl
[0.387s] [ 17%] Built target gtest_main
[0.413s] [ 27%] Built target lbr_fri_idl__rosidl_typesupport_fastrtps_cpp
[0.421s] [ 37%] Built target lbr_fri_idl__rosidl_typesupport_cpp
[0.422s] [ 47%] Built target lbr_fri_idl__rosidl_typesupport_introspection_cpp
[0.432s] [ 57%] Built target lbr_fri_idl__rosidl_typesupport_introspection_c
[0.437s] [ 68%] Built target lbr_fri_idl__rosidl_typesupport_fastrtps_c
[0.441s] [ 78%] Built target lbr_fri_idl__rosidl_typesupport_c
[0.490s] [ 81%] Built target lbr_fri_idl_test_command_interfaces
[0.504s] [ 81%] Built target lbr_fri_idl
[0.563s] [ 82%] Built target lbr_fri_idl__py
[0.611s] [ 91%] Built target lbr_fri_idl__rosidl_generator_py
[0.670s] [ 94%] Built target lbr_fri_idl__rosidl_typesupport_fastrtps_c__pyext
[0.674s] [ 97%] Built target lbr_fri_idl__rosidl_typesupport_introspection_c__pyext
[0.684s] [100%] Built target lbr_fri_idl__rosidl_typesupport_c__pyext
[0.868s] running egg_info
[0.868s] writing lbr_fri_idl.egg-info/PKG-INFO
[0.869s] writing dependency_links to lbr_fri_idl.egg-info/dependency_links.txt
[0.869s] writing top-level names to lbr_fri_idl.egg-info/top_level.txt
[0.873s] reading manifest file 'lbr_fri_idl.egg-info/SOURCES.txt'
[0.874s] writing manifest file 'lbr_fri_idl.egg-info/SOURCES.txt'
[0.931s] [100%] Built target ament_cmake_python_build_lbr_fri_idl_egg
[1.688s] Invoked command in '/home/gustav/P5-Kuka-Dual-Arm/build/lbr_fri_idl' returned '0': CMAKE_PREFIX_PATH=/home/gustav/P5-Kuka-Dual-Arm/install/fri_client_sdk:/home/gustav/ws_lbr/install/med7_moveit_config:/home/gustav/ws_lbr/install/med14_moveit_config:/home/gustav/ws_lbr/install/lbr_moveit_cpp:/home/gustav/ws_lbr/install/iiwa7_moveit_config:/home/gustav/ws_lbr/install/iiwa14_moveit_config:/home/gustav/ws_lbr/install/lbr_description:/home/gustav/ws_moveit2/install/pilz_industrial_motion_planner_testutils:/home/gustav/ws_moveit2/install/moveit_runtime:/home/gustav/ws_moveit2/install/moveit2_tutorials:/home/gustav/ws_moveit2/install/moveit:/home/gustav/ws_moveit2/install/moveit_planners:/home/gustav/ws_moveit2/install/pilz_industrial_motion_planner:/home/gustav/ws_moveit2/install/moveit_visual_tools:/home/gustav/ws_moveit2/install/moveit_task_constructor_visualization:/home/gustav/ws_moveit2/install/moveit_task_constructor_demo:/home/gustav/ws_moveit2/install/moveit_task_constructor_capabilities:/home/gustav/ws_moveit2/install/moveit_task_constructor_core:/home/gustav/ws_moveit2/install/moveit_ros_control_interface:/home/gustav/ws_moveit2/install/moveit_plugins:/home/gustav/ws_moveit2/install/moveit_simple_controller_manager:/home/gustav/ws_moveit2/install/moveit_setup_assistant:/home/gustav/ws_moveit2/install/moveit_setup_srdf_plugins:/home/gustav/ws_moveit2/install/moveit_setup_core_plugins:/home/gustav/ws_moveit2/install/moveit_setup_controllers:/home/gustav/ws_moveit2/install/moveit_setup_app_plugins:/home/gustav/ws_moveit2/install/moveit_setup_framework:/home/gustav/ws_moveit2/install/moveit_servo:/home/gustav/ws_moveit2/install/moveit_ros:/home/gustav/ws_moveit2/install/moveit_ros_visualization:/home/gustav/ws_moveit2/install/moveit_hybrid_planning:/home/gustav/ws_moveit2/install/hello_moveit:/home/gustav/ws_moveit2/install/moveit_ros_planning_interface:/home/gustav/ws_moveit2/install/moveit_ros_benchmarks:/home/gustav/ws_moveit2/install/moveit_ros_warehouse:/home/gustav/ws_moveit2/install/moveit_ros_robot_interaction:/home/gustav/ws_moveit2/install/moveit_ros_perception:/home/gustav/ws_moveit2/install/moveit_resources_prbt_pg70_support:/home/gustav/ws_moveit2/install/moveit_resources_prbt_moveit_config:/home/gustav/ws_moveit2/install/moveit_ros_move_group:/home/gustav/ws_moveit2/install/moveit_planners_ompl:/home/gustav/ws_moveit2/install/moveit_ros_planning:/home/gustav/ws_moveit2/install/moveit_ros_occupancy_map_monitor:/home/gustav/ws_moveit2/install/moveit_resources_prbt_ikfast_manipulator_plugin:/home/gustav/ws_moveit2/install/moveit_planners_chomp:/home/gustav/ws_moveit2/install/moveit_kinematics:/home/gustav/ws_moveit2/install/moveit_chomp_optimizer_adapter:/home/gustav/ws_moveit2/install/chomp_motion_planner:/home/gustav/ws_moveit2/install/moveit_core:/home/gustav/ws_moveit2/install/srdfdom:/home/gustav/ws_moveit2/install/rviz_marker_tools:/home/gustav/ws_moveit2/install/rosparam_shortcuts:/home/gustav/ws_moveit2/install/moveit_task_constructor_msgs:/home/gustav/ws_moveit2/install/moveit_resources_prbt_support:/home/gustav/ws_moveit2/install/moveit_resources:/home/gustav/ws_moveit2/install/moveit_resources_pr2_description:/home/gustav/ws_moveit2/install/moveit_resources_panda_moveit_config:/home/gustav/ws_moveit2/install/moveit_resources_panda_description:/home/gustav/ws_moveit2/install/moveit_resources_fanuc_moveit_config:/home/gustav/ws_moveit2/install/moveit_resources_fanuc_description:/home/gustav/ws_moveit2/install/moveit_common:/home/gustav/ws_moveit2/install/lbr_description:/home/gustav/ws_moveit2/install/kuka_bord_description:/home/gustav/P5-Kuka-Dual-Arm/moveit2_kuka_table/install/send_cudes:/home/gustav/P5-Kuka-Dual-Arm/moveit2_kuka_table/install/moveit2_launch:/home/gustav/P5-Kuka-Dual-Arm/moveit2_kuka_table/install/kuka_bord_description:/home/gustav/lbr_stack/install/med7_moveit_config:/home/gustav/lbr_stack/install/med14_moveit_config:/home/gustav/lbr_stack/install/lbr_fri_ros2_stack:/home/gustav/lbr_stack/install/lbr_demos_cpp:/home/gustav/lbr_stack/install/lbr_bringup:/home/gustav/lbr_stack/install/lbr_ros2_control:/home/gustav/lbr_stack/install/lbr_moveit_cpp:/home/gustav/lbr_stack/install/lbr_demos_advanced_cpp:/home/gustav/lbr_stack/install/lbr_fri_ros2:/home/gustav/lbr_stack/install/lbr_fri_idl:/home/gustav/lbr_stack/install/iiwa7_moveit_config:/home/gustav/lbr_stack/install/iiwa14_moveit_config:/home/gustav/lbr_stack/install/lbr_description:/home/gustav/lbr_stack/install/fri_client_sdk:/home/gustav/ws_P5/install/send_cudes:/home/gustav/ws_P5/install/moveit2_launch:/home/gustav/ws_P5/install/kuka_bord_description:/home/gustav/ws_moveit2/install/moveit_configs_utils:/home/gustav/ws_moveit2/install/launch_param_builder:/home/gustav/lbr_stack/install/lbr_demos_py:/home/gustav/lbr_stack/install/lbr_demos_advanced_py:/opt/ros/humble LD_LIBRARY_PATH=/home/gustav/P5-Kuka-Dual-Arm/install/fri_client_sdk/lib:${LD_LIBRARY_PATH} PKG_CONFIG_PATH=/home/gustav/P5-Kuka-Dual-Arm/install/fri_client_sdk/lib/x86_64-linux-gnu/pkgconfig:/home/gustav/P5-Kuka-Dual-Arm/install/fri_client_sdk/lib/pkgconfig:${PKG_CONFIG_PATH} /usr/bin/cmake --build /home/gustav/P5-Kuka-Dual-Arm/build/lbr_fri_idl -- -j8 -l8
[3.510s] Invoking command in '/home/gustav/P5-Kuka-Dual-Arm/build/lbr_fri_idl': CMAKE_PREFIX_PATH=/home/gustav/P5-Kuka-Dual-Arm/install/fri_client_sdk:/home/gustav/ws_lbr/install/med7_moveit_config:/home/gustav/ws_lbr/install/med14_moveit_config:/home/gustav/ws_lbr/install/lbr_moveit_cpp:/home/gustav/ws_lbr/install/iiwa7_moveit_config:/home/gustav/ws_lbr/install/iiwa14_moveit_config:/home/gustav/ws_lbr/install/lbr_description:/home/gustav/ws_moveit2/install/pilz_industrial_motion_planner_testutils:/home/gustav/ws_moveit2/install/moveit_runtime:/home/gustav/ws_moveit2/install/moveit2_tutorials:/home/gustav/ws_moveit2/install/moveit:/home/gustav/ws_moveit2/install/moveit_planners:/home/gustav/ws_moveit2/install/pilz_industrial_motion_planner:/home/gustav/ws_moveit2/install/moveit_visual_tools:/home/gustav/ws_moveit2/install/moveit_task_constructor_visualization:/home/gustav/ws_moveit2/install/moveit_task_constructor_demo:/home/gustav/ws_moveit2/install/moveit_task_constructor_capabilities:/home/gustav/ws_moveit2/install/moveit_task_constructor_core:/home/gustav/ws_moveit2/install/moveit_ros_control_interface:/home/gustav/ws_moveit2/install/moveit_plugins:/home/gustav/ws_moveit2/install/moveit_simple_controller_manager:/home/gustav/ws_moveit2/install/moveit_setup_assistant:/home/gustav/ws_moveit2/install/moveit_setup_srdf_plugins:/home/gustav/ws_moveit2/install/moveit_setup_core_plugins:/home/gustav/ws_moveit2/install/moveit_setup_controllers:/home/gustav/ws_moveit2/install/moveit_setup_app_plugins:/home/gustav/ws_moveit2/install/moveit_setup_framework:/home/gustav/ws_moveit2/install/moveit_servo:/home/gustav/ws_moveit2/install/moveit_ros:/home/gustav/ws_moveit2/install/moveit_ros_visualization:/home/gustav/ws_moveit2/install/moveit_hybrid_planning:/home/gustav/ws_moveit2/install/hello_moveit:/home/gustav/ws_moveit2/install/moveit_ros_planning_interface:/home/gustav/ws_moveit2/install/moveit_ros_benchmarks:/home/gustav/ws_moveit2/install/moveit_ros_warehouse:/home/gustav/ws_moveit2/install/moveit_ros_robot_interaction:/home/gustav/ws_moveit2/install/moveit_ros_perception:/home/gustav/ws_moveit2/install/moveit_resources_prbt_pg70_support:/home/gustav/ws_moveit2/install/moveit_resources_prbt_moveit_config:/home/gustav/ws_moveit2/install/moveit_ros_move_group:/home/gustav/ws_moveit2/install/moveit_planners_ompl:/home/gustav/ws_moveit2/install/moveit_ros_planning:/home/gustav/ws_moveit2/install/moveit_ros_occupancy_map_monitor:/home/gustav/ws_moveit2/install/moveit_resources_prbt_ikfast_manipulator_plugin:/home/gustav/ws_moveit2/install/moveit_planners_chomp:/home/gustav/ws_moveit2/install/moveit_kinematics:/home/gustav/ws_moveit2/install/moveit_chomp_optimizer_adapter:/home/gustav/ws_moveit2/install/chomp_motion_planner:/home/gustav/ws_moveit2/install/moveit_core:/home/gustav/ws_moveit2/install/srdfdom:/home/gustav/ws_moveit2/install/rviz_marker_tools:/home/gustav/ws_moveit2/install/rosparam_shortcuts:/home/gustav/ws_moveit2/install/moveit_task_constructor_msgs:/home/gustav/ws_moveit2/install/moveit_resources_prbt_support:/home/gustav/ws_moveit2/install/moveit_resources:/home/gustav/ws_moveit2/install/moveit_resources_pr2_description:/home/gustav/ws_moveit2/install/moveit_resources_panda_moveit_config:/home/gustav/ws_moveit2/install/moveit_resources_panda_description:/home/gustav/ws_moveit2/install/moveit_resources_fanuc_moveit_config:/home/gustav/ws_moveit2/install/moveit_resources_fanuc_description:/home/gustav/ws_moveit2/install/moveit_common:/home/gustav/ws_moveit2/install/lbr_description:/home/gustav/ws_moveit2/install/kuka_bord_description:/home/gustav/P5-Kuka-Dual-Arm/moveit2_kuka_table/install/send_cudes:/home/gustav/P5-Kuka-Dual-Arm/moveit2_kuka_table/install/moveit2_launch:/home/gustav/P5-Kuka-Dual-Arm/moveit2_kuka_table/install/kuka_bord_description:/home/gustav/lbr_stack/install/med7_moveit_config:/home/gustav/lbr_stack/install/med14_moveit_config:/home/gustav/lbr_stack/install/lbr_fri_ros2_stack:/home/gustav/lbr_stack/install/lbr_demos_cpp:/home/gustav/lbr_stack/install/lbr_bringup:/home/gustav/lbr_stack/install/lbr_ros2_control:/home/gustav/lbr_stack/install/lbr_moveit_cpp:/home/gustav/lbr_stack/install/lbr_demos_advanced_cpp:/home/gustav/lbr_stack/install/lbr_fri_ros2:/home/gustav/lbr_stack/install/lbr_fri_idl:/home/gustav/lbr_stack/install/iiwa7_moveit_config:/home/gustav/lbr_stack/install/iiwa14_moveit_config:/home/gustav/lbr_stack/install/lbr_description:/home/gustav/lbr_stack/install/fri_client_sdk:/home/gustav/ws_P5/install/send_cudes:/home/gustav/ws_P5/install/moveit2_launch:/home/gustav/ws_P5/install/kuka_bord_description:/home/gustav/ws_moveit2/install/moveit_configs_utils:/home/gustav/ws_moveit2/install/launch_param_builder:/home/gustav/lbr_stack/install/lbr_demos_py:/home/gustav/lbr_stack/install/lbr_demos_advanced_py:/opt/ros/humble LD_LIBRARY_PATH=/home/gustav/P5-Kuka-Dual-Arm/install/fri_client_sdk/lib:${LD_LIBRARY_PATH} PKG_CONFIG_PATH=/home/gustav/P5-Kuka-Dual-Arm/install/fri_client_sdk/lib/x86_64-linux-gnu/pkgconfig:/home/gustav/P5-Kuka-Dual-Arm/install/fri_client_sdk/lib/pkgconfig:${PKG_CONFIG_PATH} /usr/bin/cmake --install /home/gustav/P5-Kuka-Dual-Arm/build/lbr_fri_idl
[4.279s] -- Install configuration: "Release"
[4.279s] -- Up-to-date: /home/gustav/P5-Kuka-Dual-Arm/install/lbr_fri_idl/share/ament_index/resource_index/rosidl_interfaces/lbr_fri_idl
[4.279s] -- Up-to-date: /home/gustav/P5-Kuka-Dual-Arm/install/lbr_fri_idl/include/lbr_fri_idl/lbr_fri_idl
[4.279s] -- Up-to-date: /home/gustav/P5-Kuka-Dual-Arm/install/lbr_fri_idl/include/lbr_fri_idl/lbr_fri_idl/msg
[4.280s] -- Up-to-date: /home/gustav/P5-Kuka-Dual-Arm/install/lbr_fri_idl/include/lbr_fri_idl/lbr_fri_idl/msg/lbr_torque_command.h
[4.280s] -- Up-to-date: /home/gustav/P5-Kuka-Dual-Arm/install/lbr_fri_idl/include/lbr_fri_idl/lbr_fri_idl/msg/rosidl_generator_c__visibility_control.h
[4.280s] -- Up-to-date: /home/gustav/P5-Kuka-Dual-Arm/install/lbr_fri_idl/include/lbr_fri_idl/lbr_fri_idl/msg/lbr_wrench_command.h
[4.280s] -- Up-to-date: /home/gustav/P5-Kuka-Dual-Arm/install/lbr_fri_idl/include/lbr_fri_idl/lbr_fri_idl/msg/lbr_joint_position_command.h
[4.280s] -- Up-to-date: /home/gustav/P5-Kuka-Dual-Arm/install/lbr_fri_idl/include/lbr_fri_idl/lbr_fri_idl/msg/lbr_command.h
[4.280s] -- Up-to-date: /home/gustav/P5-Kuka-Dual-Arm/install/lbr_fri_idl/include/lbr_fri_idl/lbr_fri_idl/msg/detail
[4.280s] -- Up-to-date: /home/gustav/P5-Kuka-Dual-Arm/install/lbr_fri_idl/include/lbr_fri_idl/lbr_fri_idl/msg/detail/lbr_state__functions.h
[4.280s] -- Up-to-date: /home/gustav/P5-Kuka-Dual-Arm/install/lbr_fri_idl/include/lbr_fri_idl/lbr_fri_idl/msg/detail/lbr_joint_position_command__type_support.h
[4.287s] -- Up-to-date: /home/gustav/P5-Kuka-Dual-Arm/install/lbr_fri_idl/include/lbr_fri_idl/lbr_fri_idl/msg/detail/lbr_state__type_support.h
[4.287s] -- Up-to-date: /home/gustav/P5-Kuka-Dual-Arm/install/lbr_fri_idl/include/lbr_fri_idl/lbr_fri_idl/msg/detail/lbr_joint_position_command__struct.h
[4.287s] -- Up-to-date: /home/gustav/P5-Kuka-Dual-Arm/install/lbr_fri_idl/include/lbr_fri_idl/lbr_fri_idl/msg/detail/lbr_torque_command__struct.h
[4.288s] -- Up-to-date: /home/gustav/P5-Kuka-Dual-Arm/install/lbr_fri_idl/include/lbr_fri_idl/lbr_fri_idl/msg/detail/lbr_torque_command__functions.c
[4.288s] -- Up-to-date: /home/gustav/P5-Kuka-Dual-Arm/install/lbr_fri_idl/include/lbr_fri_idl/lbr_fri_idl/msg/detail/lbr_command__struct.h
[4.288s] -- Up-to-date: /home/gustav/P5-Kuka-Dual-Arm/install/lbr_fri_idl/include/lbr_fri_idl/lbr_fri_idl/msg/detail/lbr_command__functions.c
[4.288s] -- Up-to-date: /home/gustav/P5-Kuka-Dual-Arm/install/lbr_fri_idl/include/lbr_fri_idl/lbr_fri_idl/msg/detail/lbr_state__functions.c
[4.288s] -- Up-to-date: /home/gustav/P5-Kuka-Dual-Arm/install/lbr_fri_idl/include/lbr_fri_idl/lbr_fri_idl/msg/detail/lbr_state__struct.h
[4.289s] -- Up-to-date: /home/gustav/P5-Kuka-Dual-Arm/install/lbr_fri_idl/include/lbr_fri_idl/lbr_fri_idl/msg/detail/lbr_wrench_command__functions.c
[4.290s] -- Up-to-date: /home/gustav/P5-Kuka-Dual-Arm/install/lbr_fri_idl/include/lbr_fri_idl/lbr_fri_idl/msg/detail/lbr_joint_position_command__functions.c
[4.290s] -- Up-to-date: /home/gustav/P5-Kuka-Dual-Arm/install/lbr_fri_idl/include/lbr_fri_idl/lbr_fri_idl/msg/detail/lbr_torque_command__type_support.h
[4.290s] -- Up-to-date: /home/gustav/P5-Kuka-Dual-Arm/install/lbr_fri_idl/include/lbr_fri_idl/lbr_fri_idl/msg/detail/lbr_command__functions.h
[4.290s] -- Up-to-date: /home/gustav/P5-Kuka-Dual-Arm/install/lbr_fri_idl/include/lbr_fri_idl/lbr_fri_idl/msg/detail/lbr_command__type_support.h
[4.295s] -- Up-to-date: /home/gustav/P5-Kuka-Dual-Arm/install/lbr_fri_idl/include/lbr_fri_idl/lbr_fri_idl/msg/detail/lbr_joint_position_command__functions.h
[4.296s] -- Up-to-date: /home/gustav/P5-Kuka-Dual-Arm/install/lbr_fri_idl/include/lbr_fri_idl/lbr_fri_idl/msg/detail/lbr_wrench_command__struct.h
[4.296s] -- Up-to-date: /home/gustav/P5-Kuka-Dual-Arm/install/lbr_fri_idl/include/lbr_fri_idl/lbr_fri_idl/msg/detail/lbr_wrench_command__type_support.h
[4.296s] -- Up-to-date: /home/gustav/P5-Kuka-Dual-Arm/install/lbr_fri_idl/include/lbr_fri_idl/lbr_fri_idl/msg/detail/lbr_torque_command__functions.h
[4.297s] -- Up-to-date: /home/gustav/P5-Kuka-Dual-Arm/install/lbr_fri_idl/include/lbr_fri_idl/lbr_fri_idl/msg/detail/lbr_wrench_command__functions.h
[4.297s] -- Up-to-date: /home/gustav/P5-Kuka-Dual-Arm/install/lbr_fri_idl/include/lbr_fri_idl/lbr_fri_idl/msg/lbr_state.h
[4.297s] -- Up-to-date: /home/gustav/P5-Kuka-Dual-Arm/install/lbr_fri_idl/share/lbr_fri_idl/environment/library_path.sh
[4.297s] -- Up-to-date: /home/gustav/P5-Kuka-Dual-Arm/install/lbr_fri_idl/share/lbr_fri_idl/environment/library_path.dsv
[4.298s] -- Up-to-date: /home/gustav/P5-Kuka-Dual-Arm/install/lbr_fri_idl/lib/liblbr_fri_idl__rosidl_generator_c.so
[4.298s] -- Up-to-date: /home/gustav/P5-Kuka-Dual-Arm/install/lbr_fri_idl/include/lbr_fri_idl/lbr_fri_idl
[4.298s] -- Up-to-date: /home/gustav/P5-Kuka-Dual-Arm/install/lbr_fri_idl/include/lbr_fri_idl/lbr_fri_idl/msg
[4.298s] -- Up-to-date: /home/gustav/P5-Kuka-Dual-Arm/install/lbr_fri_idl/include/lbr_fri_idl/lbr_fri_idl/msg/rosidl_typesupport_fastrtps_c__visibility_control.h
[4.300s] -- Up-to-date: /home/gustav/P5-Kuka-Dual-Arm/install/lbr_fri_idl/include/lbr_fri_idl/lbr_fri_idl/msg/detail
[4.300s] -- Up-to-date: /home/gustav/P5-Kuka-Dual-Arm/install/lbr_fri_idl/include/lbr_fri_idl/lbr_fri_idl/msg/detail/lbr_wrench_command__rosidl_typesupport_fastrtps_c.h
[4.300s] -- Up-to-date: /home/gustav/P5-Kuka-Dual-Arm/install/lbr_fri_idl/include/lbr_fri_idl/lbr_fri_idl/msg/detail/lbr_joint_position_command__rosidl_typesupport_fastrtps_c.h
[4.301s] -- Up-to-date: /home/gustav/P5-Kuka-Dual-Arm/install/lbr_fri_idl/include/lbr_fri_idl/lbr_fri_idl/msg/detail/lbr_state__rosidl_typesupport_fastrtps_c.h
[4.306s] -- Up-to-date: /home/gustav/P5-Kuka-Dual-Arm/install/lbr_fri_idl/include/lbr_fri_idl/lbr_fri_idl/msg/detail/lbr_command__rosidl_typesupport_fastrtps_c.h
[4.307s] -- Up-to-date: /home/gustav/P5-Kuka-Dual-Arm/install/lbr_fri_idl/include/lbr_fri_idl/lbr_fri_idl/msg/detail/lbr_torque_command__rosidl_typesupport_fastrtps_c.h
[4.307s] -- Up-to-date: /home/gustav/P5-Kuka-Dual-Arm/install/lbr_fri_idl/lib/liblbr_fri_idl__rosidl_typesupport_fastrtps_c.so
[4.307s] -- Up-to-date: /home/gustav/P5-Kuka-Dual-Arm/install/lbr_fri_idl/include/lbr_fri_idl/lbr_fri_idl
[4.307s] -- Up-to-date: /home/gustav/P5-Kuka-Dual-Arm/install/lbr_fri_idl/include/lbr_fri_idl/lbr_fri_idl/msg
[4.307s] -- Up-to-date: /home/gustav/P5-Kuka-Dual-Arm/install/lbr_fri_idl/include/lbr_fri_idl/lbr_fri_idl/msg/lbr_wrench_command.hpp
[4.307s] -- Up-to-date: /home/gustav/P5-Kuka-Dual-Arm/install/lbr_fri_idl/include/lbr_fri_idl/lbr_fri_idl/msg/lbr_joint_position_command.hpp
[4.307s] -- Up-to-date: /home/gustav/P5-Kuka-Dual-Arm/install/lbr_fri_idl/include/lbr_fri_idl/lbr_fri_idl/msg/lbr_command.hpp
[4.309s] -- Up-to-date: /home/gustav/P5-Kuka-Dual-Arm/install/lbr_fri_idl/include/lbr_fri_idl/lbr_fri_idl/msg/lbr_state.hpp
[4.309s] -- Up-to-date: /home/gustav/P5-Kuka-Dual-Arm/install/lbr_fri_idl/include/lbr_fri_idl/lbr_fri_idl/msg/detail
[4.311s] -- Up-to-date: /home/gustav/P5-Kuka-Dual-Arm/install/lbr_fri_idl/include/lbr_fri_idl/lbr_fri_idl/msg/detail/lbr_state__traits.hpp
[4.311s] -- Up-to-date: /home/gustav/P5-Kuka-Dual-Arm/install/lbr_fri_idl/include/lbr_fri_idl/lbr_fri_idl/msg/detail/lbr_state__struct.hpp
[4.311s] -- Up-to-date: /home/gustav/P5-Kuka-Dual-Arm/install/lbr_fri_idl/include/lbr_fri_idl/lbr_fri_idl/msg/detail/lbr_wrench_command__builder.hpp
[4.312s] -- Up-to-date: /home/gustav/P5-Kuka-Dual-Arm/install/lbr_fri_idl/include/lbr_fri_idl/lbr_fri_idl/msg/detail/lbr_state__builder.hpp
[4.313s] -- Up-to-date: /home/gustav/P5-Kuka-Dual-Arm/install/lbr_fri_idl/include/lbr_fri_idl/lbr_fri_idl/msg/detail/lbr_command__traits.hpp
[4.313s] -- Up-to-date: /home/gustav/P5-Kuka-Dual-Arm/install/lbr_fri_idl/include/lbr_fri_idl/lbr_fri_idl/msg/detail/lbr_torque_command__traits.hpp
[4.313s] -- Up-to-date: /home/gustav/P5-Kuka-Dual-Arm/install/lbr_fri_idl/include/lbr_fri_idl/lbr_fri_idl/msg/detail/lbr_wrench_command__traits.hpp
[4.314s] -- Up-to-date: /home/gustav/P5-Kuka-Dual-Arm/install/lbr_fri_idl/include/lbr_fri_idl/lbr_fri_idl/msg/detail/lbr_torque_command__struct.hpp
[4.314s] -- Up-to-date: /home/gustav/P5-Kuka-Dual-Arm/install/lbr_fri_idl/include/lbr_fri_idl/lbr_fri_idl/msg/detail/lbr_torque_command__builder.hpp
[4.315s] -- Up-to-date: /home/gustav/P5-Kuka-Dual-Arm/install/lbr_fri_idl/include/lbr_fri_idl/lbr_fri_idl/msg/detail/lbr_command__builder.hpp
[4.316s] -- Up-to-date: /home/gustav/P5-Kuka-Dual-Arm/install/lbr_fri_idl/include/lbr_fri_idl/lbr_fri_idl/msg/detail/lbr_joint_position_command__struct.hpp
[4.316s] -- Up-to-date: /home/gustav/P5-Kuka-Dual-Arm/install/lbr_fri_idl/include/lbr_fri_idl/lbr_fri_idl/msg/detail/lbr_command__struct.hpp
[4.318s] -- Up-to-date: /home/gustav/P5-Kuka-Dual-Arm/install/lbr_fri_idl/include/lbr_fri_idl/lbr_fri_idl/msg/detail/lbr_wrench_command__struct.hpp
[4.318s] -- Up-to-date: /home/gustav/P5-Kuka-Dual-Arm/install/lbr_fri_idl/include/lbr_fri_idl/lbr_fri_idl/msg/detail/lbr_joint_position_command__builder.hpp
[4.318s] -- Up-to-date: /home/gustav/P5-Kuka-Dual-Arm/install/lbr_fri_idl/include/lbr_fri_idl/lbr_fri_idl/msg/detail/lbr_joint_position_command__traits.hpp
[4.319s] -- Up-to-date: /home/gustav/P5-Kuka-Dual-Arm/install/lbr_fri_idl/include/lbr_fri_idl/lbr_fri_idl/msg/lbr_torque_command.hpp
[4.319s] -- Up-to-date: /home/gustav/P5-Kuka-Dual-Arm/install/lbr_fri_idl/include/lbr_fri_idl/lbr_fri_idl
[4.320s] -- Up-to-date: /home/gustav/P5-Kuka-Dual-Arm/install/lbr_fri_idl/include/lbr_fri_idl/lbr_fri_idl/msg
[4.321s] -- Up-to-date: /home/gustav/P5-Kuka-Dual-Arm/install/lbr_fri_idl/include/lbr_fri_idl/lbr_fri_idl/msg/detail
[4.323s] -- Up-to-date: /home/gustav/P5-Kuka-Dual-Arm/install/lbr_fri_idl/include/lbr_fri_idl/lbr_fri_idl/msg/detail/lbr_state__rosidl_typesupport_fastrtps_cpp.hpp
[4.323s] -- Up-to-date: /home/gustav/P5-Kuka-Dual-Arm/install/lbr_fri_idl/include/lbr_fri_idl/lbr_fri_idl/msg/detail/lbr_torque_command__rosidl_typesupport_fastrtps_cpp.hpp
[4.325s] -- Up-to-date: /home/gustav/P5-Kuka-Dual-Arm/install/lbr_fri_idl/include/lbr_fri_idl/lbr_fri_idl/msg/detail/lbr_wrench_command__rosidl_typesupport_fastrtps_cpp.hpp
[4.325s] -- Up-to-date: /home/gustav/P5-Kuka-Dual-Arm/install/lbr_fri_idl/include/lbr_fri_idl/lbr_fri_idl/msg/detail/lbr_command__rosidl_typesupport_fastrtps_cpp.hpp
[4.326s] -- Up-to-date: /home/gustav/P5-Kuka-Dual-Arm/install/lbr_fri_idl/include/lbr_fri_idl/lbr_fri_idl/msg/detail/lbr_joint_position_command__rosidl_typesupport_fastrtps_cpp.hpp
[4.327s] -- Up-to-date: /home/gustav/P5-Kuka-Dual-Arm/install/lbr_fri_idl/include/lbr_fri_idl/lbr_fri_idl/msg/detail/dds_fastrtps
[4.327s] -- Up-to-date: /home/gustav/P5-Kuka-Dual-Arm/install/lbr_fri_idl/include/lbr_fri_idl/lbr_fri_idl/msg/rosidl_typesupport_fastrtps_cpp__visibility_control.h
[4.328s] -- Up-to-date: /home/gustav/P5-Kuka-Dual-Arm/install/lbr_fri_idl/lib/liblbr_fri_idl__rosidl_typesupport_fastrtps_cpp.so
[4.328s] -- Up-to-date: /home/gustav/P5-Kuka-Dual-Arm/install/lbr_fri_idl/include/lbr_fri_idl/lbr_fri_idl
[4.328s] -- Up-to-date: /home/gustav/P5-Kuka-Dual-Arm/install/lbr_fri_idl/include/lbr_fri_idl/lbr_fri_idl/msg
[4.330s] -- Up-to-date: /home/gustav/P5-Kuka-Dual-Arm/install/lbr_fri_idl/include/lbr_fri_idl/lbr_fri_idl/msg/rosidl_typesupport_introspection_c__visibility_control.h
[4.330s] -- Up-to-date: /home/gustav/P5-Kuka-Dual-Arm/install/lbr_fri_idl/include/lbr_fri_idl/lbr_fri_idl/msg/detail
[4.330s] -- Up-to-date: /home/gustav/P5-Kuka-Dual-Arm/install/lbr_fri_idl/include/lbr_fri_idl/lbr_fri_idl/msg/detail/lbr_joint_position_command__type_support.c
[4.331s] -- Up-to-date: /home/gustav/P5-Kuka-Dual-Arm/install/lbr_fri_idl/include/lbr_fri_idl/lbr_fri_idl/msg/detail/lbr_torque_command__type_support.c
[4.332s] -- Up-to-date: /home/gustav/P5-Kuka-Dual-Arm/install/lbr_fri_idl/include/lbr_fri_idl/lbr_fri_idl/msg/detail/lbr_command__type_support.c
[4.332s] -- Up-to-date: /home/gustav/P5-Kuka-Dual-Arm/install/lbr_fri_idl/include/lbr_fri_idl/lbr_fri_idl/msg/detail/lbr_state__rosidl_typesupport_introspection_c.h
[4.332s] -- Up-to-date: /home/gustav/P5-Kuka-Dual-Arm/install/lbr_fri_idl/include/lbr_fri_idl/lbr_fri_idl/msg/detail/lbr_state__type_support.c
[4.333s] -- Up-to-date: /home/gustav/P5-Kuka-Dual-Arm/install/lbr_fri_idl/include/lbr_fri_idl/lbr_fri_idl/msg/detail/lbr_wrench_command__rosidl_typesupport_introspection_c.h
[4.333s] -- Up-to-date: /home/gustav/P5-Kuka-Dual-Arm/install/lbr_fri_idl/include/lbr_fri_idl/lbr_fri_idl/msg/detail/lbr_wrench_command__type_support.c
[4.333s] -- Up-to-date: /home/gustav/P5-Kuka-Dual-Arm/install/lbr_fri_idl/include/lbr_fri_idl/lbr_fri_idl/msg/detail/lbr_torque_command__rosidl_typesupport_introspection_c.h
[4.335s] -- Up-to-date: /home/gustav/P5-Kuka-Dual-Arm/install/lbr_fri_idl/include/lbr_fri_idl/lbr_fri_idl/msg/detail/lbr_joint_position_command__rosidl_typesupport_introspection_c.h
[4.335s] -- Up-to-date: /home/gustav/P5-Kuka-Dual-Arm/install/lbr_fri_idl/include/lbr_fri_idl/lbr_fri_idl/msg/detail/lbr_command__rosidl_typesupport_introspection_c.h
[4.335s] -- Up-to-date: /home/gustav/P5-Kuka-Dual-Arm/install/lbr_fri_idl/lib/liblbr_fri_idl__rosidl_typesupport_introspection_c.so
[4.335s] -- Up-to-date: /home/gustav/P5-Kuka-Dual-Arm/install/lbr_fri_idl/lib/liblbr_fri_idl__rosidl_typesupport_c.so
[4.336s] -- Up-to-date: /home/gustav/P5-Kuka-Dual-Arm/install/lbr_fri_idl/include/lbr_fri_idl/lbr_fri_idl
[4.337s] -- Up-to-date: /home/gustav/P5-Kuka-Dual-Arm/install/lbr_fri_idl/include/lbr_fri_idl/lbr_fri_idl/msg
[4.337s] -- Up-to-date: /home/gustav/P5-Kuka-Dual-Arm/install/lbr_fri_idl/include/lbr_fri_idl/lbr_fri_idl/msg/detail
[4.338s] -- Up-to-date: /home/gustav/P5-Kuka-Dual-Arm/install/lbr_fri_idl/include/lbr_fri_idl/lbr_fri_idl/msg/detail/lbr_joint_position_command__rosidl_typesupport_introspection_cpp.hpp
[4.338s] -- Up-to-date: /home/gustav/P5-Kuka-Dual-Arm/install/lbr_fri_idl/include/lbr_fri_idl/lbr_fri_idl/msg/detail/lbr_joint_position_command__type_support.cpp
[4.338s] -- Up-to-date: /home/gustav/P5-Kuka-Dual-Arm/install/lbr_fri_idl/include/lbr_fri_idl/lbr_fri_idl/msg/detail/lbr_wrench_command__rosidl_typesupport_introspection_cpp.hpp
[4.338s] -- Up-to-date: /home/gustav/P5-Kuka-Dual-Arm/install/lbr_fri_idl/include/lbr_fri_idl/lbr_fri_idl/msg/detail/lbr_torque_command__rosidl_typesupport_introspection_cpp.hpp
[4.340s] -- Up-to-date: /home/gustav/P5-Kuka-Dual-Arm/install/lbr_fri_idl/include/lbr_fri_idl/lbr_fri_idl/msg/detail/lbr_state__rosidl_typesupport_introspection_cpp.hpp
[4.340s] -- Up-to-date: /home/gustav/P5-Kuka-Dual-Arm/install/lbr_fri_idl/include/lbr_fri_idl/lbr_fri_idl/msg/detail/lbr_torque_command__type_support.cpp
[4.340s] -- Up-to-date: /home/gustav/P5-Kuka-Dual-Arm/install/lbr_fri_idl/include/lbr_fri_idl/lbr_fri_idl/msg/detail/lbr_command__rosidl_typesupport_introspection_cpp.hpp
[4.340s] -- Up-to-date: /home/gustav/P5-Kuka-Dual-Arm/install/lbr_fri_idl/include/lbr_fri_idl/lbr_fri_idl/msg/detail/lbr_state__type_support.cpp
[4.342s] -- Up-to-date: /home/gustav/P5-Kuka-Dual-Arm/install/lbr_fri_idl/include/lbr_fri_idl/lbr_fri_idl/msg/detail/lbr_wrench_command__type_support.cpp
[4.342s] -- Up-to-date: /home/gustav/P5-Kuka-Dual-Arm/install/lbr_fri_idl/include/lbr_fri_idl/lbr_fri_idl/msg/detail/lbr_command__type_support.cpp
[4.342s] -- Up-to-date: /home/gustav/P5-Kuka-Dual-Arm/install/lbr_fri_idl/lib/liblbr_fri_idl__rosidl_typesupport_introspection_cpp.so
[4.342s] -- Up-to-date: /home/gustav/P5-Kuka-Dual-Arm/install/lbr_fri_idl/lib/liblbr_fri_idl__rosidl_typesupport_cpp.so
[4.343s] -- Up-to-date: /home/gustav/P5-Kuka-Dual-Arm/install/lbr_fri_idl/share/lbr_fri_idl/environment/pythonpath.sh
[4.343s] -- Up-to-date: /home/gustav/P5-Kuka-Dual-Arm/install/lbr_fri_idl/share/lbr_fri_idl/environment/pythonpath.dsv
[4.344s] -- Up-to-date: /home/gustav/P5-Kuka-Dual-Arm/install/lbr_fri_idl/local/lib/python3.10/dist-packages/lbr_fri_idl-1.5.0-py3.10.egg-info
[4.344s] -- Installing: /home/gustav/P5-Kuka-Dual-Arm/install/lbr_fri_idl/local/lib/python3.10/dist-packages/lbr_fri_idl-1.5.0-py3.10.egg-info/dependency_links.txt
[4.345s] -- Installing: /home/gustav/P5-Kuka-Dual-Arm/install/lbr_fri_idl/local/lib/python3.10/dist-packages/lbr_fri_idl-1.5.0-py3.10.egg-info/PKG-INFO
[4.345s] -- Installing: /home/gustav/P5-Kuka-Dual-Arm/install/lbr_fri_idl/local/lib/python3.10/dist-packages/lbr_fri_idl-1.5.0-py3.10.egg-info/SOURCES.txt
[4.346s] -- Installing: /home/gustav/P5-Kuka-Dual-Arm/install/lbr_fri_idl/local/lib/python3.10/dist-packages/lbr_fri_idl-1.5.0-py3.10.egg-info/top_level.txt
[4.346s] -- Up-to-date: /home/gustav/P5-Kuka-Dual-Arm/install/lbr_fri_idl/local/lib/python3.10/dist-packages/lbr_fri_idl
[4.346s] -- Up-to-date: /home/gustav/P5-Kuka-Dual-Arm/install/lbr_fri_idl/local/lib/python3.10/dist-packages/lbr_fri_idl/_lbr_fri_idl_s.ep.rosidl_typesupport_introspection_c.c
[4.346s] -- Up-to-date: /home/gustav/P5-Kuka-Dual-Arm/install/lbr_fri_idl/local/lib/python3.10/dist-packages/lbr_fri_idl/lbr_fri_idl_s__rosidl_typesupport_c.cpython-310-x86_64-linux-gnu.so
[4.347s] -- Up-to-date: /home/gustav/P5-Kuka-Dual-Arm/install/lbr_fri_idl/local/lib/python3.10/dist-packages/lbr_fri_idl/liblbr_fri_idl__rosidl_generator_py.so
[4.347s] -- Up-to-date: /home/gustav/P5-Kuka-Dual-Arm/install/lbr_fri_idl/local/lib/python3.10/dist-packages/lbr_fri_idl/lbr_fri_idl_s__rosidl_typesupport_fastrtps_c.cpython-310-x86_64-linux-gnu.so
[4.347s] -- Up-to-date: /home/gustav/P5-Kuka-Dual-Arm/install/lbr_fri_idl/local/lib/python3.10/dist-packages/lbr_fri_idl/_lbr_fri_idl_s.ep.rosidl_typesupport_c.c
[4.347s] -- Up-to-date: /home/gustav/P5-Kuka-Dual-Arm/install/lbr_fri_idl/local/lib/python3.10/dist-packages/lbr_fri_idl/msg
[4.348s] -- Up-to-date: /home/gustav/P5-Kuka-Dual-Arm/install/lbr_fri_idl/local/lib/python3.10/dist-packages/lbr_fri_idl/msg/_lbr_torque_command_s.c
[4.348s] -- Up-to-date: /home/gustav/P5-Kuka-Dual-Arm/install/lbr_fri_idl/local/lib/python3.10/dist-packages/lbr_fri_idl/msg/_lbr_torque_command.py
[4.348s] -- Up-to-date: /home/gustav/P5-Kuka-Dual-Arm/install/lbr_fri_idl/local/lib/python3.10/dist-packages/lbr_fri_idl/msg/_lbr_command.py
[4.349s] -- Up-to-date: /home/gustav/P5-Kuka-Dual-Arm/install/lbr_fri_idl/local/lib/python3.10/dist-packages/lbr_fri_idl/msg/_lbr_command_s.c
[4.349s] -- Up-to-date: /home/gustav/P5-Kuka-Dual-Arm/install/lbr_fri_idl/local/lib/python3.10/dist-packages/lbr_fri_idl/msg/_lbr_state_s.c
[4.349s] -- Up-to-date: /home/gustav/P5-Kuka-Dual-Arm/install/lbr_fri_idl/local/lib/python3.10/dist-packages/lbr_fri_idl/msg/_lbr_wrench_command_s.c
[4.349s] -- Up-to-date: /home/gustav/P5-Kuka-Dual-Arm/install/lbr_fri_idl/local/lib/python3.10/dist-packages/lbr_fri_idl/msg/_lbr_wrench_command.py
[4.350s] -- Up-to-date: /home/gustav/P5-Kuka-Dual-Arm/install/lbr_fri_idl/local/lib/python3.10/dist-packages/lbr_fri_idl/msg/__init__.py
[4.350s] -- Up-to-date: /home/gustav/P5-Kuka-Dual-Arm/install/lbr_fri_idl/local/lib/python3.10/dist-packages/lbr_fri_idl/msg/_lbr_joint_position_command_s.c
[4.350s] -- Up-to-date: /home/gustav/P5-Kuka-Dual-Arm/install/lbr_fri_idl/local/lib/python3.10/dist-packages/lbr_fri_idl/msg/_lbr_state.py
[4.351s] -- Up-to-date: /home/gustav/P5-Kuka-Dual-Arm/install/lbr_fri_idl/local/lib/python3.10/dist-packages/lbr_fri_idl/msg/_lbr_joint_position_command.py
[4.351s] -- Up-to-date: /home/gustav/P5-Kuka-Dual-Arm/install/lbr_fri_idl/local/lib/python3.10/dist-packages/lbr_fri_idl/__init__.py
[4.351s] -- Up-to-date: /home/gustav/P5-Kuka-Dual-Arm/install/lbr_fri_idl/local/lib/python3.10/dist-packages/lbr_fri_idl/lbr_fri_idl_s__rosidl_typesupport_introspection_c.cpython-310-x86_64-linux-gnu.so
[4.351s] -- Up-to-date: /home/gustav/P5-Kuka-Dual-Arm/install/lbr_fri_idl/local/lib/python3.10/dist-packages/lbr_fri_idl/_lbr_fri_idl_s.ep.rosidl_typesupport_fastrtps_c.c
[4.366s] Listing '/home/gustav/P5-Kuka-Dual-Arm/install/lbr_fri_idl/local/lib/python3.10/dist-packages/lbr_fri_idl'...
[4.367s] Listing '/home/gustav/P5-Kuka-Dual-Arm/install/lbr_fri_idl/local/lib/python3.10/dist-packages/lbr_fri_idl/msg'...
[4.373s] -- Up-to-date: /home/gustav/P5-Kuka-Dual-Arm/install/lbr_fri_idl/local/lib/python3.10/dist-packages/lbr_fri_idl/lbr_fri_idl_s__rosidl_typesupport_fastrtps_c.cpython-310-x86_64-linux-gnu.so
[4.374s] -- Up-to-date: /home/gustav/P5-Kuka-Dual-Arm/install/lbr_fri_idl/local/lib/python3.10/dist-packages/lbr_fri_idl/lbr_fri_idl_s__rosidl_typesupport_introspection_c.cpython-310-x86_64-linux-gnu.so
[4.375s] -- Up-to-date: /home/gustav/P5-Kuka-Dual-Arm/install/lbr_fri_idl/local/lib/python3.10/dist-packages/lbr_fri_idl/lbr_fri_idl_s__rosidl_typesupport_c.cpython-310-x86_64-linux-gnu.so
[4.375s] -- Up-to-date: /home/gustav/P5-Kuka-Dual-Arm/install/lbr_fri_idl/lib/liblbr_fri_idl__rosidl_generator_py.so
[4.376s] -- Up-to-date: /home/gustav/P5-Kuka-Dual-Arm/install/lbr_fri_idl/share/lbr_fri_idl/msg/LBRCommand.idl
[4.376s] -- Up-to-date: /home/gustav/P5-Kuka-Dual-Arm/install/lbr_fri_idl/share/lbr_fri_idl/msg/LBRJointPositionCommand.idl
[4.376s] -- Up-to-date: /home/gustav/P5-Kuka-Dual-Arm/install/lbr_fri_idl/share/lbr_fri_idl/msg/LBRState.idl
[4.378s] -- Up-to-date: /home/gustav/P5-Kuka-Dual-Arm/install/lbr_fri_idl/share/lbr_fri_idl/msg/LBRTorqueCommand.idl
[4.379s] -- Up-to-date: /home/gustav/P5-Kuka-Dual-Arm/install/lbr_fri_idl/share/lbr_fri_idl/msg/LBRWrenchCommand.idl
[4.380s] -- Up-to-date: /home/gustav/P5-Kuka-Dual-Arm/install/lbr_fri_idl/share/lbr_fri_idl/msg/LBRCommand.msg
[4.380s] -- Up-to-date: /home/gustav/P5-Kuka-Dual-Arm/install/lbr_fri_idl/share/lbr_fri_idl/msg/LBRJointPositionCommand.msg
[4.380s] -- Up-to-date: /home/gustav/P5-Kuka-Dual-Arm/install/lbr_fri_idl/share/lbr_fri_idl/msg/LBRState.msg
[4.380s] -- Up-to-date: /home/gustav/P5-Kuka-Dual-Arm/install/lbr_fri_idl/share/lbr_fri_idl/msg/LBRTorqueCommand.msg
[4.381s] -- Up-to-date: /home/gustav/P5-Kuka-Dual-Arm/install/lbr_fri_idl/share/lbr_fri_idl/msg/LBRWrenchCommand.msg
[4.381s] -- Up-to-date: /home/gustav/P5-Kuka-Dual-Arm/install/lbr_fri_idl/share/ament_index/resource_index/package_run_dependencies/lbr_fri_idl
[4.381s] -- Up-to-date: /home/gustav/P5-Kuka-Dual-Arm/install/lbr_fri_idl/share/ament_index/resource_index/parent_prefix_path/lbr_fri_idl
[4.381s] -- Up-to-date: /home/gustav/P5-Kuka-Dual-Arm/install/lbr_fri_idl/share/lbr_fri_idl/environment/ament_prefix_path.sh
[4.381s] -- Up-to-date: /home/gustav/P5-Kuka-Dual-Arm/install/lbr_fri_idl/share/lbr_fri_idl/environment/ament_prefix_path.dsv
[4.382s] -- Up-to-date: /home/gustav/P5-Kuka-Dual-Arm/install/lbr_fri_idl/share/lbr_fri_idl/environment/path.sh
[4.382s] -- Up-to-date: /home/gustav/P5-Kuka-Dual-Arm/install/lbr_fri_idl/share/lbr_fri_idl/environment/path.dsv
[4.382s] -- Up-to-date: /home/gustav/P5-Kuka-Dual-Arm/install/lbr_fri_idl/share/lbr_fri_idl/local_setup.bash
[4.383s] -- Up-to-date: /home/gustav/P5-Kuka-Dual-Arm/install/lbr_fri_idl/share/lbr_fri_idl/local_setup.sh
[4.383s] -- Up-to-date: /home/gustav/P5-Kuka-Dual-Arm/install/lbr_fri_idl/share/lbr_fri_idl/local_setup.zsh
[4.383s] -- Up-to-date: /home/gustav/P5-Kuka-Dual-Arm/install/lbr_fri_idl/share/lbr_fri_idl/local_setup.dsv
[4.384s] -- Installing: /home/gustav/P5-Kuka-Dual-Arm/install/lbr_fri_idl/share/lbr_fri_idl/package.dsv
[4.384s] -- Up-to-date: /home/gustav/P5-Kuka-Dual-Arm/install/lbr_fri_idl/share/ament_index/resource_index/packages/lbr_fri_idl
[4.384s] -- Up-to-date: /home/gustav/P5-Kuka-Dual-Arm/install/lbr_fri_idl/share/lbr_fri_idl/cmake/export_lbr_fri_idl__rosidl_generator_cExport.cmake
[4.384s] -- Up-to-date: /home/gustav/P5-Kuka-Dual-Arm/install/lbr_fri_idl/share/lbr_fri_idl/cmake/export_lbr_fri_idl__rosidl_generator_cExport-release.cmake
[4.385s] -- Up-to-date: /home/gustav/P5-Kuka-Dual-Arm/install/lbr_fri_idl/share/lbr_fri_idl/cmake/export_lbr_fri_idl__rosidl_typesupport_fastrtps_cExport.cmake
[4.385s] -- Up-to-date: /home/gustav/P5-Kuka-Dual-Arm/install/lbr_fri_idl/share/lbr_fri_idl/cmake/export_lbr_fri_idl__rosidl_typesupport_fastrtps_cExport-release.cmake
[4.385s] -- Up-to-date: /home/gustav/P5-Kuka-Dual-Arm/install/lbr_fri_idl/share/lbr_fri_idl/cmake/export_lbr_fri_idl__rosidl_generator_cppExport.cmake
[4.386s] -- Up-to-date: /home/gustav/P5-Kuka-Dual-Arm/install/lbr_fri_idl/share/lbr_fri_idl/cmake/export_lbr_fri_idl__rosidl_typesupport_fastrtps_cppExport.cmake
[4.386s] -- Up-to-date: /home/gustav/P5-Kuka-Dual-Arm/install/lbr_fri_idl/share/lbr_fri_idl/cmake/export_lbr_fri_idl__rosidl_typesupport_fastrtps_cppExport-release.cmake
[4.386s] -- Up-to-date: /home/gustav/P5-Kuka-Dual-Arm/install/lbr_fri_idl/share/lbr_fri_idl/cmake/lbr_fri_idl__rosidl_typesupport_introspection_cExport.cmake
[4.387s] -- Up-to-date: /home/gustav/P5-Kuka-Dual-Arm/install/lbr_fri_idl/share/lbr_fri_idl/cmake/lbr_fri_idl__rosidl_typesupport_introspection_cExport-release.cmake
[4.387s] -- Up-to-date: /home/gustav/P5-Kuka-Dual-Arm/install/lbr_fri_idl/share/lbr_fri_idl/cmake/lbr_fri_idl__rosidl_typesupport_cExport.cmake
[4.387s] -- Up-to-date: /home/gustav/P5-Kuka-Dual-Arm/install/lbr_fri_idl/share/lbr_fri_idl/cmake/lbr_fri_idl__rosidl_typesupport_cExport-release.cmake
[4.388s] -- Up-to-date: /home/gustav/P5-Kuka-Dual-Arm/install/lbr_fri_idl/share/lbr_fri_idl/cmake/lbr_fri_idl__rosidl_typesupport_introspection_cppExport.cmake
[4.388s] -- Up-to-date: /home/gustav/P5-Kuka-Dual-Arm/install/lbr_fri_idl/share/lbr_fri_idl/cmake/lbr_fri_idl__rosidl_typesupport_introspection_cppExport-release.cmake
[4.388s] -- Up-to-date: /home/gustav/P5-Kuka-Dual-Arm/install/lbr_fri_idl/share/lbr_fri_idl/cmake/lbr_fri_idl__rosidl_typesupport_cppExport.cmake
[4.389s] -- Up-to-date: /home/gustav/P5-Kuka-Dual-Arm/install/lbr_fri_idl/share/lbr_fri_idl/cmake/lbr_fri_idl__rosidl_typesupport_cppExport-release.cmake
[4.389s] -- Up-to-date: /home/gustav/P5-Kuka-Dual-Arm/install/lbr_fri_idl/share/lbr_fri_idl/cmake/export_lbr_fri_idl__rosidl_generator_pyExport.cmake
[4.389s] -- Up-to-date: /home/gustav/P5-Kuka-Dual-Arm/install/lbr_fri_idl/share/lbr_fri_idl/cmake/export_lbr_fri_idl__rosidl_generator_pyExport-release.cmake
[4.390s] -- Up-to-date: /home/gustav/P5-Kuka-Dual-Arm/install/lbr_fri_idl/share/lbr_fri_idl/cmake/rosidl_cmake-extras.cmake
[4.390s] -- Up-to-date: /home/gustav/P5-Kuka-Dual-Arm/install/lbr_fri_idl/share/lbr_fri_idl/cmake/ament_cmake_export_dependencies-extras.cmake
[4.390s] -- Up-to-date: /home/gustav/P5-Kuka-Dual-Arm/install/lbr_fri_idl/share/lbr_fri_idl/cmake/ament_cmake_export_include_directories-extras.cmake
[4.390s] -- Up-to-date: /home/gustav/P5-Kuka-Dual-Arm/install/lbr_fri_idl/share/lbr_fri_idl/cmake/ament_cmake_export_libraries-extras.cmake
[4.391s] -- Up-to-date: /home/gustav/P5-Kuka-Dual-Arm/install/lbr_fri_idl/share/lbr_fri_idl/cmake/ament_cmake_export_targets-extras.cmake
[4.391s] -- Up-to-date: /home/gustav/P5-Kuka-Dual-Arm/install/lbr_fri_idl/share/lbr_fri_idl/cmake/rosidl_cmake_export_typesupport_targets-extras.cmake
[4.391s] -- Up-to-date: /home/gustav/P5-Kuka-Dual-Arm/install/lbr_fri_idl/share/lbr_fri_idl/cmake/rosidl_cmake_export_typesupport_libraries-extras.cmake
[4.391s] -- Up-to-date: /home/gustav/P5-Kuka-Dual-Arm/install/lbr_fri_idl/share/lbr_fri_idl/cmake/lbr_fri_idlConfig.cmake
[4.392s] -- Up-to-date: /home/gustav/P5-Kuka-Dual-Arm/install/lbr_fri_idl/share/lbr_fri_idl/cmake/lbr_fri_idlConfig-version.cmake
[4.392s] -- Up-to-date: /home/gustav/P5-Kuka-Dual-Arm/install/lbr_fri_idl/share/lbr_fri_idl/package.xml
[4.408s] Invoked command in '/home/gustav/P5-Kuka-Dual-Arm/build/lbr_fri_idl' returned '0': CMAKE_PREFIX_PATH=/home/gustav/P5-Kuka-Dual-Arm/install/fri_client_sdk:/home/gustav/ws_lbr/install/med7_moveit_config:/home/gustav/ws_lbr/install/med14_moveit_config:/home/gustav/ws_lbr/install/lbr_moveit_cpp:/home/gustav/ws_lbr/install/iiwa7_moveit_config:/home/gustav/ws_lbr/install/iiwa14_moveit_config:/home/gustav/ws_lbr/install/lbr_description:/home/gustav/ws_moveit2/install/pilz_industrial_motion_planner_testutils:/home/gustav/ws_moveit2/install/moveit_runtime:/home/gustav/ws_moveit2/install/moveit2_tutorials:/home/gustav/ws_moveit2/install/moveit:/home/gustav/ws_moveit2/install/moveit_planners:/home/gustav/ws_moveit2/install/pilz_industrial_motion_planner:/home/gustav/ws_moveit2/install/moveit_visual_tools:/home/gustav/ws_moveit2/install/moveit_task_constructor_visualization:/home/gustav/ws_moveit2/install/moveit_task_constructor_demo:/home/gustav/ws_moveit2/install/moveit_task_constructor_capabilities:/home/gustav/ws_moveit2/install/moveit_task_constructor_core:/home/gustav/ws_moveit2/install/moveit_ros_control_interface:/home/gustav/ws_moveit2/install/moveit_plugins:/home/gustav/ws_moveit2/install/moveit_simple_controller_manager:/home/gustav/ws_moveit2/install/moveit_setup_assistant:/home/gustav/ws_moveit2/install/moveit_setup_srdf_plugins:/home/gustav/ws_moveit2/install/moveit_setup_core_plugins:/home/gustav/ws_moveit2/install/moveit_setup_controllers:/home/gustav/ws_moveit2/install/moveit_setup_app_plugins:/home/gustav/ws_moveit2/install/moveit_setup_framework:/home/gustav/ws_moveit2/install/moveit_servo:/home/gustav/ws_moveit2/install/moveit_ros:/home/gustav/ws_moveit2/install/moveit_ros_visualization:/home/gustav/ws_moveit2/install/moveit_hybrid_planning:/home/gustav/ws_moveit2/install/hello_moveit:/home/gustav/ws_moveit2/install/moveit_ros_planning_interface:/home/gustav/ws_moveit2/install/moveit_ros_benchmarks:/home/gustav/ws_moveit2/install/moveit_ros_warehouse:/home/gustav/ws_moveit2/install/moveit_ros_robot_interaction:/home/gustav/ws_moveit2/install/moveit_ros_perception:/home/gustav/ws_moveit2/install/moveit_resources_prbt_pg70_support:/home/gustav/ws_moveit2/install/moveit_resources_prbt_moveit_config:/home/gustav/ws_moveit2/install/moveit_ros_move_group:/home/gustav/ws_moveit2/install/moveit_planners_ompl:/home/gustav/ws_moveit2/install/moveit_ros_planning:/home/gustav/ws_moveit2/install/moveit_ros_occupancy_map_monitor:/home/gustav/ws_moveit2/install/moveit_resources_prbt_ikfast_manipulator_plugin:/home/gustav/ws_moveit2/install/moveit_planners_chomp:/home/gustav/ws_moveit2/install/moveit_kinematics:/home/gustav/ws_moveit2/install/moveit_chomp_optimizer_adapter:/home/gustav/ws_moveit2/install/chomp_motion_planner:/home/gustav/ws_moveit2/install/moveit_core:/home/gustav/ws_moveit2/install/srdfdom:/home/gustav/ws_moveit2/install/rviz_marker_tools:/home/gustav/ws_moveit2/install/rosparam_shortcuts:/home/gustav/ws_moveit2/install/moveit_task_constructor_msgs:/home/gustav/ws_moveit2/install/moveit_resources_prbt_support:/home/gustav/ws_moveit2/install/moveit_resources:/home/gustav/ws_moveit2/install/moveit_resources_pr2_description:/home/gustav/ws_moveit2/install/moveit_resources_panda_moveit_config:/home/gustav/ws_moveit2/install/moveit_resources_panda_description:/home/gustav/ws_moveit2/install/moveit_resources_fanuc_moveit_config:/home/gustav/ws_moveit2/install/moveit_resources_fanuc_description:/home/gustav/ws_moveit2/install/moveit_common:/home/gustav/ws_moveit2/install/lbr_description:/home/gustav/ws_moveit2/install/kuka_bord_description:/home/gustav/P5-Kuka-Dual-Arm/moveit2_kuka_table/install/send_cudes:/home/gustav/P5-Kuka-Dual-Arm/moveit2_kuka_table/install/moveit2_launch:/home/gustav/P5-Kuka-Dual-Arm/moveit2_kuka_table/install/kuka_bord_description:/home/gustav/lbr_stack/install/med7_moveit_config:/home/gustav/lbr_stack/install/med14_moveit_config:/home/gustav/lbr_stack/install/lbr_fri_ros2_stack:/home/gustav/lbr_stack/install/lbr_demos_cpp:/home/gustav/lbr_stack/install/lbr_bringup:/home/gustav/lbr_stack/install/lbr_ros2_control:/home/gustav/lbr_stack/install/lbr_moveit_cpp:/home/gustav/lbr_stack/install/lbr_demos_advanced_cpp:/home/gustav/lbr_stack/install/lbr_fri_ros2:/home/gustav/lbr_stack/install/lbr_fri_idl:/home/gustav/lbr_stack/install/iiwa7_moveit_config:/home/gustav/lbr_stack/install/iiwa14_moveit_config:/home/gustav/lbr_stack/install/lbr_description:/home/gustav/lbr_stack/install/fri_client_sdk:/home/gustav/ws_P5/install/send_cudes:/home/gustav/ws_P5/install/moveit2_launch:/home/gustav/ws_P5/install/kuka_bord_description:/home/gustav/ws_moveit2/install/moveit_configs_utils:/home/gustav/ws_moveit2/install/launch_param_builder:/home/gustav/lbr_stack/install/lbr_demos_py:/home/gustav/lbr_stack/install/lbr_demos_advanced_py:/opt/ros/humble LD_LIBRARY_PATH=/home/gustav/P5-Kuka-Dual-Arm/install/fri_client_sdk/lib:${LD_LIBRARY_PATH} PKG_CONFIG_PATH=/home/gustav/P5-Kuka-Dual-Arm/install/fri_client_sdk/lib/x86_64-linux-gnu/pkgconfig:/home/gustav/P5-Kuka-Dual-Arm/install/fri_client_sdk/lib/pkgconfig:${PKG_CONFIG_PATH} /usr/bin/cmake --install /home/gustav/P5-Kuka-Dual-Arm/build/lbr_fri_idl
