[0.020s] Invoking command in '/home/gustav/P5-Kuka-Dual-Arm/build/moveit_resources_prbt_support': CMAKE_PREFIX_PATH=${CMAKE_PREFIX_PATH}:/home/gustav/lbr_stack/install/lbr_demos_py:/home/gustav/lbr_stack/install/lbr_demos_advanced_py:/opt/ros/humble /usr/bin/cmake /home/gustav/P5-Kuka-Dual-Arm/p5_ws/src/moveit2/moveit_planners/test_configs/prbt_support -DCMAKE_INSTALL_PREFIX=/home/gustav/P5-Kuka-Dual-Arm/install/moveit_resources_prbt_support
[0.327s] -- The C compiler identification is GNU 11.4.0
[0.331s] -- The CXX compiler identification is GNU 11.4.0
[0.331s] -- Detecting C compiler ABI info
[0.389s] -- Detecting C compiler ABI info - done
[0.405s] -- Check for working C compiler: /usr/bin/cc - skipped
[0.406s] -- Detecting C compile features
[0.406s] -- Detecting C compile features - done
[0.412s] -- Detecting CXX compiler ABI info
[0.548s] -- Detecting CXX compiler ABI info - done
[0.565s] -- Check for working CXX compiler: /usr/bin/c++ - skipped
[0.568s] -- Detecting CXX compile features
[0.570s] -- Detecting CXX compile features - done
[0.571s] -- Found ament_cmake: 1.3.10 (/opt/ros/humble/share/ament_cmake/cmake)
[0.852s] -- Found Python3: /usr/bin/python3 (found version "3.10.12") found components: Interpreter 
[1.345s] -- Configuring done
[1.355s] -- Generating done
[1.362s] -- Build files have been written to: /home/gustav/P5-Kuka-Dual-Arm/build/moveit_resources_prbt_support
[1.373s] Invoked command in '/home/gustav/P5-Kuka-Dual-Arm/build/moveit_resources_prbt_support' returned '0': CMAKE_PREFIX_PATH=${CMAKE_PREFIX_PATH}:/home/gustav/lbr_stack/install/lbr_demos_py:/home/gustav/lbr_stack/install/lbr_demos_advanced_py:/opt/ros/humble /usr/bin/cmake /home/gustav/P5-Kuka-Dual-Arm/p5_ws/src/moveit2/moveit_planners/test_configs/prbt_support -DCMAKE_INSTALL_PREFIX=/home/gustav/P5-Kuka-Dual-Arm/install/moveit_resources_prbt_support
[1.374s] Invoking command in '/home/gustav/P5-Kuka-Dual-Arm/build/moveit_resources_prbt_support': CMAKE_PREFIX_PATH=${CMAKE_PREFIX_PATH}:/home/gustav/lbr_stack/install/lbr_demos_py:/home/gustav/lbr_stack/install/lbr_demos_advanced_py:/opt/ros/humble /usr/bin/cmake --build /home/gustav/P5-Kuka-Dual-Arm/build/moveit_resources_prbt_support -- -j8 -l8
[1.563s] Invoked command in '/home/gustav/P5-Kuka-Dual-Arm/build/moveit_resources_prbt_support' returned '0': CMAKE_PREFIX_PATH=${CMAKE_PREFIX_PATH}:/home/gustav/lbr_stack/install/lbr_demos_py:/home/gustav/lbr_stack/install/lbr_demos_advanced_py:/opt/ros/humble /usr/bin/cmake --build /home/gustav/P5-Kuka-Dual-Arm/build/moveit_resources_prbt_support -- -j8 -l8
[1.714s] Invoking command in '/home/gustav/P5-Kuka-Dual-Arm/build/moveit_resources_prbt_support': CMAKE_PREFIX_PATH=${CMAKE_PREFIX_PATH}:/home/gustav/lbr_stack/install/lbr_demos_py:/home/gustav/lbr_stack/install/lbr_demos_advanced_py:/opt/ros/humble /usr/bin/cmake --install /home/gustav/P5-Kuka-Dual-Arm/build/moveit_resources_prbt_support
[1.764s] -- Install configuration: ""
[1.768s] -- Installing: /home/gustav/P5-Kuka-Dual-Arm/install/moveit_resources_prbt_support/share/ament_index/resource_index/package_run_dependencies/moveit_resources_prbt_support
[1.774s] -- Installing: /home/gustav/P5-Kuka-Dual-Arm/install/moveit_resources_prbt_support/share/ament_index/resource_index/parent_prefix_path/moveit_resources_prbt_support
[1.774s] -- Installing: /home/gustav/P5-Kuka-Dual-Arm/install/moveit_resources_prbt_support/share/moveit_resources_prbt_support/environment/ament_prefix_path.sh
[1.774s] -- Installing: /home/gustav/P5-Kuka-Dual-Arm/install/moveit_resources_prbt_support/share/moveit_resources_prbt_support/environment/ament_prefix_path.dsv
[1.777s] -- Installing: /home/gustav/P5-Kuka-Dual-Arm/install/moveit_resources_prbt_support/share/moveit_resources_prbt_support/environment/path.sh
[1.778s] -- Installing: /home/gustav/P5-Kuka-Dual-Arm/install/moveit_resources_prbt_support/share/moveit_resources_prbt_support/environment/path.dsv
[1.778s] -- Installing: /home/gustav/P5-Kuka-Dual-Arm/install/moveit_resources_prbt_support/share/moveit_resources_prbt_support/local_setup.bash
[1.778s] -- Installing: /home/gustav/P5-Kuka-Dual-Arm/install/moveit_resources_prbt_support/share/moveit_resources_prbt_support/local_setup.sh
[1.782s] -- Installing: /home/gustav/P5-Kuka-Dual-Arm/install/moveit_resources_prbt_support/share/moveit_resources_prbt_support/local_setup.zsh
[1.783s] -- Installing: /home/gustav/P5-Kuka-Dual-Arm/install/moveit_resources_prbt_support/share/moveit_resources_prbt_support/local_setup.dsv
[1.783s] -- Installing: /home/gustav/P5-Kuka-Dual-Arm/install/moveit_resources_prbt_support/share/moveit_resources_prbt_support/package.dsv
[1.783s] -- Installing: /home/gustav/P5-Kuka-Dual-Arm/install/moveit_resources_prbt_support/share/ament_index/resource_index/packages/moveit_resources_prbt_support
[1.783s] -- Installing: /home/gustav/P5-Kuka-Dual-Arm/install/moveit_resources_prbt_support/share/moveit_resources_prbt_support/cmake/moveit_resources_prbt_supportConfig.cmake
[1.783s] -- Installing: /home/gustav/P5-Kuka-Dual-Arm/install/moveit_resources_prbt_support/share/moveit_resources_prbt_support/cmake/moveit_resources_prbt_supportConfig-version.cmake
[1.783s] -- Installing: /home/gustav/P5-Kuka-Dual-Arm/install/moveit_resources_prbt_support/share/moveit_resources_prbt_support/package.xml
[1.783s] -- Installing: /home/gustav/P5-Kuka-Dual-Arm/install/moveit_resources_prbt_support/share/moveit_resources_prbt_support/urdf
[1.783s] -- Installing: /home/gustav/P5-Kuka-Dual-Arm/install/moveit_resources_prbt_support/share/moveit_resources_prbt_support/urdf/simple_gripper_brackets.urdf.xacro
[1.784s] -- Installing: /home/gustav/P5-Kuka-Dual-Arm/install/moveit_resources_prbt_support/share/moveit_resources_prbt_support/urdf/prbt.xacro
[1.784s] -- Installing: /home/gustav/P5-Kuka-Dual-Arm/install/moveit_resources_prbt_support/share/moveit_resources_prbt_support/urdf/prbt.ros2_control.xacro
[1.784s] -- Installing: /home/gustav/P5-Kuka-Dual-Arm/install/moveit_resources_prbt_support/share/moveit_resources_prbt_support/urdf/prbt_macro.xacro
[1.784s] -- Installing: /home/gustav/P5-Kuka-Dual-Arm/install/moveit_resources_prbt_support/share/moveit_resources_prbt_support/meshes
[1.784s] -- Installing: /home/gustav/P5-Kuka-Dual-Arm/install/moveit_resources_prbt_support/share/moveit_resources_prbt_support/meshes/flange.dae
[1.788s] -- Installing: /home/gustav/P5-Kuka-Dual-Arm/install/moveit_resources_prbt_support/share/moveit_resources_prbt_support/meshes/link_3.stl
[1.789s] -- Installing: /home/gustav/P5-Kuka-Dual-Arm/install/moveit_resources_prbt_support/share/moveit_resources_prbt_support/meshes/foot.dae
[1.790s] -- Installing: /home/gustav/P5-Kuka-Dual-Arm/install/moveit_resources_prbt_support/share/moveit_resources_prbt_support/meshes/link_3.dae
[1.790s] -- Installing: /home/gustav/P5-Kuka-Dual-Arm/install/moveit_resources_prbt_support/share/moveit_resources_prbt_support/meshes/link_1.stl
[1.791s] -- Installing: /home/gustav/P5-Kuka-Dual-Arm/install/moveit_resources_prbt_support/share/moveit_resources_prbt_support/meshes/link_5.dae
[1.797s] -- Installing: /home/gustav/P5-Kuka-Dual-Arm/install/moveit_resources_prbt_support/share/moveit_resources_prbt_support/meshes/foot.stl
[1.797s] -- Installing: /home/gustav/P5-Kuka-Dual-Arm/install/moveit_resources_prbt_support/share/moveit_resources_prbt_support/meshes/link_1.dae
[1.798s] -- Installing: /home/gustav/P5-Kuka-Dual-Arm/install/moveit_resources_prbt_support/share/moveit_resources_prbt_support/meshes/link_5.stl
[1.798s] -- Installing: /home/gustav/P5-Kuka-Dual-Arm/install/moveit_resources_prbt_support/share/moveit_resources_prbt_support/meshes/link_2.dae
[1.798s] -- Installing: /home/gustav/P5-Kuka-Dual-Arm/install/moveit_resources_prbt_support/share/moveit_resources_prbt_support/meshes/link_2.stl
[1.798s] -- Installing: /home/gustav/P5-Kuka-Dual-Arm/install/moveit_resources_prbt_support/share/moveit_resources_prbt_support/meshes/flange.stl
[1.798s] -- Installing: /home/gustav/P5-Kuka-Dual-Arm/install/moveit_resources_prbt_support/share/moveit_resources_prbt_support/meshes/link_4.dae
[1.798s] -- Installing: /home/gustav/P5-Kuka-Dual-Arm/install/moveit_resources_prbt_support/share/moveit_resources_prbt_support/meshes/link_4.stl
[1.799s] -- Installing: /home/gustav/P5-Kuka-Dual-Arm/install/moveit_resources_prbt_support/share/moveit_resources_prbt_support/config
[1.799s] -- Installing: /home/gustav/P5-Kuka-Dual-Arm/install/moveit_resources_prbt_support/share/moveit_resources_prbt_support/config/prbt_0_1.dcf
[1.799s] -- Installing: /home/gustav/P5-Kuka-Dual-Arm/install/moveit_resources_prbt_support/share/moveit_resources_prbt_support/config/manipulator_driver.yaml
[1.799s] -- Installing: /home/gustav/P5-Kuka-Dual-Arm/install/moveit_resources_prbt_support/share/moveit_resources_prbt_support/config/manipulator_controller.yaml
[1.805s] Invoked command in '/home/gustav/P5-Kuka-Dual-Arm/build/moveit_resources_prbt_support' returned '0': CMAKE_PREFIX_PATH=${CMAKE_PREFIX_PATH}:/home/gustav/lbr_stack/install/lbr_demos_py:/home/gustav/lbr_stack/install/lbr_demos_advanced_py:/opt/ros/humble /usr/bin/cmake --install /home/gustav/P5-Kuka-Dual-Arm/build/moveit_resources_prbt_support
