[0.011s] Invoking command in '/home/gustav/P5-Kuka-Dual-Arm/build/kuka_bord_description': CMAKE_PREFIX_PATH=/opt/ros/humble /usr/bin/cmake --build /home/gustav/P5-Kuka-Dual-Arm/build/kuka_bord_description -- -j8 -l8
[0.054s] Invoked command in '/home/gustav/P5-Kuka-Dual-Arm/build/kuka_bord_description' returned '0': CMAKE_PREFIX_PATH=/opt/ros/humble /usr/bin/cmake --build /home/gustav/P5-Kuka-Dual-Arm/build/kuka_bord_description -- -j8 -l8
[0.077s] Invoking command in '/home/gustav/P5-Kuka-Dual-Arm/build/kuka_bord_description': CMAKE_PREFIX_PATH=/opt/ros/humble /usr/bin/cmake --install /home/gustav/P5-Kuka-Dual-Arm/build/kuka_bord_description
[0.086s] -- Install configuration: "Release"
[0.087s] -- Up-to-date: /home/gustav/P5-Kuka-Dual-Arm/install/kuka_bord_description/share/kuka_bord_description/meshes
[0.087s] -- Up-to-date: /home/gustav/P5-Kuka-Dual-Arm/install/kuka_bord_description/share/kuka_bord_description/meshes/iiwa7_meshes
[0.087s] -- Up-to-date: /home/gustav/P5-Kuka-Dual-Arm/install/kuka_bord_description/share/kuka_bord_description/meshes/iiwa7_meshes/visual
[0.087s] -- Up-to-date: /home/gustav/P5-Kuka-Dual-Arm/install/kuka_bord_description/share/kuka_bord_description/meshes/iiwa7_meshes/visual/link_3.dae
[0.088s] -- Up-to-date: /home/gustav/P5-Kuka-Dual-Arm/install/kuka_bord_description/share/kuka_bord_description/meshes/iiwa7_meshes/visual/link_5.dae
[0.088s] -- Up-to-date: /home/gustav/P5-Kuka-Dual-Arm/install/kuka_bord_description/share/kuka_bord_description/meshes/iiwa7_meshes/visual/link_1.dae
[0.088s] -- Up-to-date: /home/gustav/P5-Kuka-Dual-Arm/install/kuka_bord_description/share/kuka_bord_description/meshes/iiwa7_meshes/visual/link_0.dae
[0.088s] -- Up-to-date: /home/gustav/P5-Kuka-Dual-Arm/install/kuka_bord_description/share/kuka_bord_description/meshes/iiwa7_meshes/visual/link_6.dae
[0.088s] -- Up-to-date: /home/gustav/P5-Kuka-Dual-Arm/install/kuka_bord_description/share/kuka_bord_description/meshes/iiwa7_meshes/visual/link_2.dae
[0.088s] -- Up-to-date: /home/gustav/P5-Kuka-Dual-Arm/install/kuka_bord_description/share/kuka_bord_description/meshes/iiwa7_meshes/visual/link_7.dae
[0.088s] -- Up-to-date: /home/gustav/P5-Kuka-Dual-Arm/install/kuka_bord_description/share/kuka_bord_description/meshes/iiwa7_meshes/visual/link_4.dae
[0.088s] -- Up-to-date: /home/gustav/P5-Kuka-Dual-Arm/install/kuka_bord_description/share/kuka_bord_description/meshes/iiwa7_meshes/collision
[0.088s] -- Up-to-date: /home/gustav/P5-Kuka-Dual-Arm/install/kuka_bord_description/share/kuka_bord_description/meshes/iiwa7_meshes/collision/link_3.stl
[0.088s] -- Up-to-date: /home/gustav/P5-Kuka-Dual-Arm/install/kuka_bord_description/share/kuka_bord_description/meshes/iiwa7_meshes/collision/link_0.stl
[0.088s] -- Up-to-date: /home/gustav/P5-Kuka-Dual-Arm/install/kuka_bord_description/share/kuka_bord_description/meshes/iiwa7_meshes/collision/link_1.stl
[0.089s] -- Up-to-date: /home/gustav/P5-Kuka-Dual-Arm/install/kuka_bord_description/share/kuka_bord_description/meshes/iiwa7_meshes/collision/link_6.stl
[0.089s] -- Up-to-date: /home/gustav/P5-Kuka-Dual-Arm/install/kuka_bord_description/share/kuka_bord_description/meshes/iiwa7_meshes/collision/link_5.stl
[0.089s] -- Up-to-date: /home/gustav/P5-Kuka-Dual-Arm/install/kuka_bord_description/share/kuka_bord_description/meshes/iiwa7_meshes/collision/link_7.stl
[0.089s] -- Up-to-date: /home/gustav/P5-Kuka-Dual-Arm/install/kuka_bord_description/share/kuka_bord_description/meshes/iiwa7_meshes/collision/link_2.stl
[0.089s] -- Up-to-date: /home/gustav/P5-Kuka-Dual-Arm/install/kuka_bord_description/share/kuka_bord_description/meshes/iiwa7_meshes/collision/link_4.stl
[0.089s] -- Up-to-date: /home/gustav/P5-Kuka-Dual-Arm/install/kuka_bord_description/share/kuka_bord_description/meshes/table_meshes
[0.089s] -- Up-to-date: /home/gustav/P5-Kuka-Dual-Arm/install/kuka_bord_description/share/kuka_bord_description/meshes/table_meshes/visual
[0.089s] -- Up-to-date: /home/gustav/P5-Kuka-Dual-Arm/install/kuka_bord_description/share/kuka_bord_description/meshes/table_meshes/visual/base_link.stl
[0.089s] -- Up-to-date: /home/gustav/P5-Kuka-Dual-Arm/install/kuka_bord_description/share/kuka_bord_description/meshes/table_meshes/collision
[0.089s] -- Up-to-date: /home/gustav/P5-Kuka-Dual-Arm/install/kuka_bord_description/share/kuka_bord_description/meshes/table_meshes/collision/base_link_low_polly.stl
[0.089s] -- Up-to-date: /home/gustav/P5-Kuka-Dual-Arm/install/kuka_bord_description/share/kuka_bord_description/urdf
[0.089s] -- Up-to-date: /home/gustav/P5-Kuka-Dual-Arm/install/kuka_bord_description/share/kuka_bord_description/urdf/kuka_bord_urdf
[0.090s] -- Up-to-date: /home/gustav/P5-Kuka-Dual-Arm/install/kuka_bord_description/share/kuka_bord_description/urdf/kuka_bord_urdf/materials.xacro
[0.090s] -- Up-to-date: /home/gustav/P5-Kuka-Dual-Arm/install/kuka_bord_description/share/kuka_bord_description/urdf/kuka_bord_urdf/kuka_bord.urdf
[0.090s] -- Up-to-date: /home/gustav/P5-Kuka-Dual-Arm/install/kuka_bord_description/share/kuka_bord_description/urdf/kuka_bord_urdf/kuka_bord.xacro
[0.090s] -- Up-to-date: /home/gustav/P5-Kuka-Dual-Arm/install/kuka_bord_description/share/kuka_bord_description/urdf/kuka_bord_urdf/kuka_bord.trans
[0.090s] -- Up-to-date: /home/gustav/P5-Kuka-Dual-Arm/install/kuka_bord_description/share/kuka_bord_description/urdf/iiwa7_urdf
[0.090s] -- Up-to-date: /home/gustav/P5-Kuka-Dual-Arm/install/kuka_bord_description/share/kuka_bord_description/urdf/iiwa7_urdf/iiwa7.urdf
[0.090s] -- Up-to-date: /home/gustav/P5-Kuka-Dual-Arm/install/kuka_bord_description/share/kuka_bord_description/urdf/p5.urdf
[0.090s] -- Up-to-date: /home/gustav/P5-Kuka-Dual-Arm/install/kuka_bord_description/share/kuka_bord_description/launch
[0.090s] -- Up-to-date: /home/gustav/P5-Kuka-Dual-Arm/install/kuka_bord_description/share/kuka_bord_description/launch/robot_description.launch.py
[0.090s] -- Up-to-date: /home/gustav/P5-Kuka-Dual-Arm/install/kuka_bord_description/share/ament_index/resource_index/package_run_dependencies/kuka_bord_description
[0.090s] -- Up-to-date: /home/gustav/P5-Kuka-Dual-Arm/install/kuka_bord_description/share/ament_index/resource_index/parent_prefix_path/kuka_bord_description
[0.090s] -- Up-to-date: /home/gustav/P5-Kuka-Dual-Arm/install/kuka_bord_description/share/kuka_bord_description/environment/ament_prefix_path.sh
[0.091s] -- Up-to-date: /home/gustav/P5-Kuka-Dual-Arm/install/kuka_bord_description/share/kuka_bord_description/environment/ament_prefix_path.dsv
[0.091s] -- Up-to-date: /home/gustav/P5-Kuka-Dual-Arm/install/kuka_bord_description/share/kuka_bord_description/environment/path.sh
[0.091s] -- Up-to-date: /home/gustav/P5-Kuka-Dual-Arm/install/kuka_bord_description/share/kuka_bord_description/environment/path.dsv
[0.091s] -- Up-to-date: /home/gustav/P5-Kuka-Dual-Arm/install/kuka_bord_description/share/kuka_bord_description/local_setup.bash
[0.091s] -- Up-to-date: /home/gustav/P5-Kuka-Dual-Arm/install/kuka_bord_description/share/kuka_bord_description/local_setup.sh
[0.091s] -- Up-to-date: /home/gustav/P5-Kuka-Dual-Arm/install/kuka_bord_description/share/kuka_bord_description/local_setup.zsh
[0.091s] -- Up-to-date: /home/gustav/P5-Kuka-Dual-Arm/install/kuka_bord_description/share/kuka_bord_description/local_setup.dsv
[0.091s] -- Installing: /home/gustav/P5-Kuka-Dual-Arm/install/kuka_bord_description/share/kuka_bord_description/package.dsv
[0.091s] -- Up-to-date: /home/gustav/P5-Kuka-Dual-Arm/install/kuka_bord_description/share/ament_index/resource_index/packages/kuka_bord_description
[0.091s] -- Up-to-date: /home/gustav/P5-Kuka-Dual-Arm/install/kuka_bord_description/share/kuka_bord_description/cmake/kuka_bord_descriptionConfig.cmake
[0.092s] -- Up-to-date: /home/gustav/P5-Kuka-Dual-Arm/install/kuka_bord_description/share/kuka_bord_description/cmake/kuka_bord_descriptionConfig-version.cmake
[0.092s] -- Up-to-date: /home/gustav/P5-Kuka-Dual-Arm/install/kuka_bord_description/share/kuka_bord_description/package.xml
[0.094s] Invoked command in '/home/gustav/P5-Kuka-Dual-Arm/build/kuka_bord_description' returned '0': CMAKE_PREFIX_PATH=/opt/ros/humble /usr/bin/cmake --install /home/gustav/P5-Kuka-Dual-Arm/build/kuka_bord_description
