[  0%] Built target moveit_msgs__cpp
[  0%] Built target ament_cmake_python_copy_moveit_msgs
[ 12%] Built target moveit_msgs__rosidl_generator_c
[35m[1mConsolidate compiler generated dependencies of target moveit_msgs__rosidl_typesupport_introspection_cpp[0m
[35m[1mConsolidate compiler generated dependencies of target moveit_msgs__rosidl_typesupport_fastrtps_cpp[0m
[35m[1mConsolidate compiler generated dependencies of target moveit_msgs__rosidl_typesupport_introspection_c[0m
[35m[1mConsolidate compiler generated dependencies of target moveit_msgs__rosidl_typesupport_fastrtps_c[0m
[ 24%] Built target moveit_msgs__rosidl_typesupport_cpp
[ 37%] Built target moveit_msgs__rosidl_typesupport_c
[ 50%] Built target moveit_msgs__rosidl_typesupport_introspection_c
[ 50%] [32mBuilding CXX object CMakeFiles/moveit_msgs__rosidl_typesupport_introspection_cpp.dir/rosidl_typesupport_introspection_cpp/moveit_msgs/action/detail/move_group__type_support.cpp.o[0m
[ 50%] [32mBuilding CXX object CMakeFiles/moveit_msgs__rosidl_typesupport_introspection_cpp.dir/rosidl_typesupport_introspection_cpp/moveit_msgs/action/detail/execute_trajectory__type_support.cpp.o[0m
[ 50%] [32mBuilding CXX object CMakeFiles/moveit_msgs__rosidl_typesupport_introspection_cpp.dir/rosidl_typesupport_introspection_cpp/moveit_msgs/action/detail/place__type_support.cpp.o[0m
[ 51%] [32mBuilding CXX object CMakeFiles/moveit_msgs__rosidl_typesupport_introspection_cpp.dir/rosidl_typesupport_introspection_cpp/moveit_msgs/action/detail/move_group_sequence__type_support.cpp.o[0m
[ 51%] [32mBuilding CXX object CMakeFiles/moveit_msgs__rosidl_typesupport_introspection_cpp.dir/rosidl_typesupport_introspection_cpp/moveit_msgs/action/detail/pickup__type_support.cpp.o[0m
[ 51%] [32mBuilding CXX object CMakeFiles/moveit_msgs__rosidl_typesupport_fastrtps_cpp.dir/rosidl_typesupport_fastrtps_cpp/moveit_msgs/action/detail/dds_fastrtps/place__type_support.cpp.o[0m
[ 51%] [32mBuilding CXX object CMakeFiles/moveit_msgs__rosidl_typesupport_fastrtps_c.dir/rosidl_typesupport_fastrtps_c/moveit_msgs/msg/detail/move_it_error_codes__type_support_c.cpp.o[0m
running egg_info
writing moveit_msgs.egg-info/PKG-INFO
writing dependency_links to moveit_msgs.egg-info/dependency_links.txt
writing top-level names to moveit_msgs.egg-info/top_level.txt
reading manifest file 'moveit_msgs.egg-info/SOURCES.txt'
writing manifest file 'moveit_msgs.egg-info/SOURCES.txt'
[ 51%] Built target ament_cmake_python_build_moveit_msgs_egg
[ 51%] [32mBuilding CXX object CMakeFiles/moveit_msgs__rosidl_typesupport_fastrtps_c.dir/rosidl_typesupport_fastrtps_c/moveit_msgs/msg/detail/trajectory_constraints__type_support_c.cpp.o[0m
[ 51%] [32mBuilding CXX object CMakeFiles/moveit_msgs__rosidl_typesupport_fastrtps_c.dir/rosidl_typesupport_fastrtps_c/moveit_msgs/msg/detail/object_color__type_support_c.cpp.o[0m
[ 51%] [32mBuilding CXX object CMakeFiles/moveit_msgs__rosidl_typesupport_fastrtps_cpp.dir/rosidl_typesupport_fastrtps_cpp/moveit_msgs/action/detail/dds_fastrtps/local_planner__type_support.cpp.o[0m
[ 51%] [32mBuilding CXX object CMakeFiles/moveit_msgs__rosidl_typesupport_fastrtps_c.dir/rosidl_typesupport_fastrtps_c/moveit_msgs/msg/detail/orientation_constraint__type_support_c.cpp.o[0m
[ 51%] [32mBuilding CXX object CMakeFiles/moveit_msgs__rosidl_typesupport_introspection_cpp.dir/rosidl_typesupport_introspection_cpp/moveit_msgs/action/detail/local_planner__type_support.cpp.o[0m
[ 52%] [32mBuilding CXX object CMakeFiles/moveit_msgs__rosidl_typesupport_fastrtps_c.dir/rosidl_typesupport_fastrtps_c/moveit_msgs/msg/detail/oriented_bounding_box__type_support_c.cpp.o[0m
[ 52%] [32mBuilding CXX object CMakeFiles/moveit_msgs__rosidl_typesupport_fastrtps_cpp.dir/rosidl_typesupport_fastrtps_cpp/moveit_msgs/action/detail/dds_fastrtps/global_planner__type_support.cpp.o[0m
[ 52%] [32mBuilding CXX object CMakeFiles/moveit_msgs__rosidl_typesupport_introspection_cpp.dir/rosidl_typesupport_introspection_cpp/moveit_msgs/action/detail/global_planner__type_support.cpp.o[0m
[ 52%] [32mBuilding CXX object CMakeFiles/moveit_msgs__rosidl_typesupport_fastrtps_cpp.dir/rosidl_typesupport_fastrtps_cpp/moveit_msgs/action/detail/dds_fastrtps/hybrid_planner__type_support.cpp.o[0m
[ 52%] [32mBuilding CXX object CMakeFiles/moveit_msgs__rosidl_typesupport_introspection_cpp.dir/rosidl_typesupport_introspection_cpp/moveit_msgs/action/detail/hybrid_planner__type_support.cpp.o[0m
[ 52%] [32mBuilding CXX object CMakeFiles/moveit_msgs__rosidl_typesupport_fastrtps_c.dir/rosidl_typesupport_fastrtps_c/moveit_msgs/msg/detail/place_location__type_support_c.cpp.o[0m
[ 52%] [32mBuilding CXX object CMakeFiles/moveit_msgs__rosidl_typesupport_fastrtps_c.dir/rosidl_typesupport_fastrtps_c/moveit_msgs/msg/detail/planner_interface_description__type_support_c.cpp.o[0m
[ 52%] [32mBuilding CXX object CMakeFiles/moveit_msgs__rosidl_typesupport_fastrtps_c.dir/rosidl_typesupport_fastrtps_c/moveit_msgs/msg/detail/planner_params__type_support_c.cpp.o[0m
[ 52%] [32mBuilding CXX object CMakeFiles/moveit_msgs__rosidl_typesupport_fastrtps_c.dir/rosidl_typesupport_fastrtps_c/moveit_msgs/msg/detail/planning_scene__type_support_c.cpp.o[0m
[ 52%] [32mBuilding CXX object CMakeFiles/moveit_msgs__rosidl_typesupport_fastrtps_c.dir/rosidl_typesupport_fastrtps_c/moveit_msgs/msg/detail/planning_scene_components__type_support_c.cpp.o[0m
[ 52%] [32m[1mLinking CXX shared library libmoveit_msgs__rosidl_typesupport_fastrtps_cpp.so[0m
[ 53%] [32mBuilding CXX object CMakeFiles/moveit_msgs__rosidl_typesupport_fastrtps_c.dir/rosidl_typesupport_fastrtps_c/moveit_msgs/msg/detail/planning_scene_world__type_support_c.cpp.o[0m
[ 53%] [32mBuilding CXX object CMakeFiles/moveit_msgs__rosidl_typesupport_fastrtps_c.dir/rosidl_typesupport_fastrtps_c/moveit_msgs/msg/detail/planning_options__type_support_c.cpp.o[0m
[ 53%] [32mBuilding CXX object CMakeFiles/moveit_msgs__rosidl_typesupport_fastrtps_c.dir/rosidl_typesupport_fastrtps_c/moveit_msgs/msg/detail/position_constraint__type_support_c.cpp.o[0m
[ 65%] Built target moveit_msgs__rosidl_typesupport_fastrtps_cpp
[ 65%] [32mBuilding CXX object CMakeFiles/moveit_msgs__rosidl_typesupport_fastrtps_c.dir/rosidl_typesupport_fastrtps_c/moveit_msgs/msg/detail/robot_state__type_support_c.cpp.o[0m
[ 65%] [32mBuilding CXX object CMakeFiles/moveit_msgs__rosidl_typesupport_fastrtps_c.dir/rosidl_typesupport_fastrtps_c/moveit_msgs/msg/detail/robot_trajectory__type_support_c.cpp.o[0m
[ 65%] [32mBuilding CXX object CMakeFiles/moveit_msgs__rosidl_typesupport_fastrtps_c.dir/rosidl_typesupport_fastrtps_c/moveit_msgs/msg/detail/visibility_constraint__type_support_c.cpp.o[0m
[ 65%] [32mBuilding CXX object CMakeFiles/moveit_msgs__rosidl_typesupport_fastrtps_c.dir/rosidl_typesupport_fastrtps_c/moveit_msgs/msg/detail/workspace_parameters__type_support_c.cpp.o[0m
[ 66%] [32mBuilding CXX object CMakeFiles/moveit_msgs__rosidl_typesupport_fastrtps_c.dir/rosidl_typesupport_fastrtps_c/moveit_msgs/msg/detail/kinematic_solver_info__type_support_c.cpp.o[0m
[ 66%] [32mBuilding CXX object CMakeFiles/moveit_msgs__rosidl_typesupport_fastrtps_c.dir/rosidl_typesupport_fastrtps_c/moveit_msgs/msg/detail/position_ik_request__type_support_c.cpp.o[0m
[ 66%] [32mBuilding CXX object CMakeFiles/moveit_msgs__rosidl_typesupport_fastrtps_c.dir/rosidl_typesupport_fastrtps_c/moveit_msgs/srv/detail/get_motion_plan__type_support_c.cpp.o[0m
[ 66%] [32mBuilding CXX object CMakeFiles/moveit_msgs__rosidl_typesupport_fastrtps_c.dir/rosidl_typesupport_fastrtps_c/moveit_msgs/srv/detail/get_state_validity__type_support_c.cpp.o[0m
[ 66%] [32mBuilding CXX object CMakeFiles/moveit_msgs__rosidl_typesupport_fastrtps_c.dir/rosidl_typesupport_fastrtps_c/moveit_msgs/srv/detail/get_cartesian_path__type_support_c.cpp.o[0m
[ 67%] [32m[1mLinking CXX shared library libmoveit_msgs__rosidl_typesupport_introspection_cpp.so[0m
[ 67%] [32mBuilding CXX object CMakeFiles/moveit_msgs__rosidl_typesupport_fastrtps_c.dir/rosidl_typesupport_fastrtps_c/moveit_msgs/srv/detail/get_planning_scene__type_support_c.cpp.o[0m
[ 78%] Built target moveit_msgs__rosidl_typesupport_introspection_cpp
[ 79%] [32mBuilding CXX object CMakeFiles/moveit_msgs__rosidl_typesupport_fastrtps_c.dir/rosidl_typesupport_fastrtps_c/moveit_msgs/srv/detail/grasp_planning__type_support_c.cpp.o[0m
[ 79%] [32mBuilding CXX object CMakeFiles/moveit_msgs__rosidl_typesupport_fastrtps_c.dir/rosidl_typesupport_fastrtps_c/moveit_msgs/srv/detail/apply_planning_scene__type_support_c.cpp.o[0m
[ 79%] [32mBuilding CXX object CMakeFiles/moveit_msgs__rosidl_typesupport_fastrtps_c.dir/rosidl_typesupport_fastrtps_c/moveit_msgs/srv/detail/query_planner_interfaces__type_support_c.cpp.o[0m
[ 79%] [32mBuilding CXX object CMakeFiles/moveit_msgs__rosidl_typesupport_fastrtps_c.dir/rosidl_typesupport_fastrtps_c/moveit_msgs/srv/detail/get_motion_sequence__type_support_c.cpp.o[0m
[ 79%] [32mBuilding CXX object CMakeFiles/moveit_msgs__rosidl_typesupport_fastrtps_c.dir/rosidl_typesupport_fastrtps_c/moveit_msgs/srv/detail/get_position_fk__type_support_c.cpp.o[0m
[ 79%] [32mBuilding CXX object CMakeFiles/moveit_msgs__rosidl_typesupport_fastrtps_c.dir/rosidl_typesupport_fastrtps_c/moveit_msgs/srv/detail/get_position_ik__type_support_c.cpp.o[0m
[ 79%] [32mBuilding CXX object CMakeFiles/moveit_msgs__rosidl_typesupport_fastrtps_c.dir/rosidl_typesupport_fastrtps_c/moveit_msgs/srv/detail/get_planner_params__type_support_c.cpp.o[0m
[ 80%] [32mBuilding CXX object CMakeFiles/moveit_msgs__rosidl_typesupport_fastrtps_c.dir/rosidl_typesupport_fastrtps_c/moveit_msgs/srv/detail/set_planner_params__type_support_c.cpp.o[0m
[ 80%] [32mBuilding CXX object CMakeFiles/moveit_msgs__rosidl_typesupport_fastrtps_c.dir/rosidl_typesupport_fastrtps_c/moveit_msgs/srv/detail/update_pointcloud_octomap__type_support_c.cpp.o[0m
[ 80%] [32mBuilding CXX object CMakeFiles/moveit_msgs__rosidl_typesupport_fastrtps_c.dir/rosidl_typesupport_fastrtps_c/moveit_msgs/srv/detail/save_map__type_support_c.cpp.o[0m
[ 80%] [32mBuilding CXX object CMakeFiles/moveit_msgs__rosidl_typesupport_fastrtps_c.dir/rosidl_typesupport_fastrtps_c/moveit_msgs/srv/detail/load_map__type_support_c.cpp.o[0m
[ 80%] [32mBuilding CXX object CMakeFiles/moveit_msgs__rosidl_typesupport_fastrtps_c.dir/rosidl_typesupport_fastrtps_c/moveit_msgs/srv/detail/save_robot_state_to_warehouse__type_support_c.cpp.o[0m
[ 80%] [32mBuilding CXX object CMakeFiles/moveit_msgs__rosidl_typesupport_fastrtps_c.dir/rosidl_typesupport_fastrtps_c/moveit_msgs/srv/detail/list_robot_states_in_warehouse__type_support_c.cpp.o[0m
[ 81%] [32mBuilding CXX object CMakeFiles/moveit_msgs__rosidl_typesupport_fastrtps_c.dir/rosidl_typesupport_fastrtps_c/moveit_msgs/srv/detail/get_robot_state_from_warehouse__type_support_c.cpp.o[0m
[ 81%] [32mBuilding CXX object CMakeFiles/moveit_msgs__rosidl_typesupport_fastrtps_c.dir/rosidl_typesupport_fastrtps_c/moveit_msgs/srv/detail/check_if_robot_state_exists_in_warehouse__type_support_c.cpp.o[0m
[ 81%] [32mBuilding CXX object CMakeFiles/moveit_msgs__rosidl_typesupport_fastrtps_c.dir/rosidl_typesupport_fastrtps_c/moveit_msgs/srv/detail/rename_robot_state_in_warehouse__type_support_c.cpp.o[0m
[ 81%] [32mBuilding CXX object CMakeFiles/moveit_msgs__rosidl_typesupport_fastrtps_c.dir/rosidl_typesupport_fastrtps_c/moveit_msgs/srv/detail/delete_robot_state_from_warehouse__type_support_c.cpp.o[0m
[ 81%] [32mBuilding CXX object CMakeFiles/moveit_msgs__rosidl_typesupport_fastrtps_c.dir/rosidl_typesupport_fastrtps_c/moveit_msgs/srv/detail/change_control_dimensions__type_support_c.cpp.o[0m
[ 81%] [32mBuilding CXX object CMakeFiles/moveit_msgs__rosidl_typesupport_fastrtps_c.dir/rosidl_typesupport_fastrtps_c/moveit_msgs/srv/detail/change_drift_dimensions__type_support_c.cpp.o[0m
[ 82%] [32mBuilding CXX object CMakeFiles/moveit_msgs__rosidl_typesupport_fastrtps_c.dir/rosidl_typesupport_fastrtps_c/moveit_msgs/action/detail/execute_trajectory__type_support_c.cpp.o[0m
[ 82%] [32mBuilding CXX object CMakeFiles/moveit_msgs__rosidl_typesupport_fastrtps_c.dir/rosidl_typesupport_fastrtps_c/moveit_msgs/action/detail/move_group__type_support_c.cpp.o[0m
[ 82%] [32mBuilding CXX object CMakeFiles/moveit_msgs__rosidl_typesupport_fastrtps_c.dir/rosidl_typesupport_fastrtps_c/moveit_msgs/action/detail/move_group_sequence__type_support_c.cpp.o[0m
[ 82%] [32mBuilding CXX object CMakeFiles/moveit_msgs__rosidl_typesupport_fastrtps_c.dir/rosidl_typesupport_fastrtps_c/moveit_msgs/action/detail/pickup__type_support_c.cpp.o[0m
[ 82%] [32mBuilding CXX object CMakeFiles/moveit_msgs__rosidl_typesupport_fastrtps_c.dir/rosidl_typesupport_fastrtps_c/moveit_msgs/action/detail/place__type_support_c.cpp.o[0m
gmake[2]: *** [CMakeFiles/moveit_msgs__rosidl_typesupport_fastrtps_c.dir/build.make:1676: CMakeFiles/moveit_msgs__rosidl_typesupport_fastrtps_c.dir/rosidl_typesupport_fastrtps_c/moveit_msgs/srv/detail/change_control_dimensions__type_support_c.cpp.o] Interrupt
gmake[2]: *** [CMakeFiles/moveit_msgs__rosidl_typesupport_fastrtps_c.dir/build.make:1718: CMakeFiles/moveit_msgs__rosidl_typesupport_fastrtps_c.dir/rosidl_typesupport_fastrtps_c/moveit_msgs/action/detail/move_group__type_support_c.cpp.o] Interrupt
gmake[2]: *** [CMakeFiles/moveit_msgs__rosidl_typesupport_fastrtps_c.dir/build.make:1746: CMakeFiles/moveit_msgs__rosidl_typesupport_fastrtps_c.dir/rosidl_typesupport_fastrtps_c/moveit_msgs/action/detail/pickup__type_support_c.cpp.o] Interrupt
gmake[2]: *** [CMakeFiles/moveit_msgs__rosidl_typesupport_fastrtps_c.dir/build.make:1648: CMakeFiles/moveit_msgs__rosidl_typesupport_fastrtps_c.dir/rosidl_typesupport_fastrtps_c/moveit_msgs/srv/detail/rename_robot_state_in_warehouse__type_support_c.cpp.o] Interrupt
gmake[2]: *** [CMakeFiles/moveit_msgs__rosidl_typesupport_fastrtps_c.dir/build.make:1634: CMakeFiles/moveit_msgs__rosidl_typesupport_fastrtps_c.dir/rosidl_typesupport_fastrtps_c/moveit_msgs/srv/detail/check_if_robot_state_exists_in_warehouse__type_support_c.cpp.o] Interrupt
gmake[2]: *** [CMakeFiles/moveit_msgs__rosidl_typesupport_fastrtps_c.dir/build.make:1704: CMakeFiles/moveit_msgs__rosidl_typesupport_fastrtps_c.dir/rosidl_typesupport_fastrtps_c/moveit_msgs/action/detail/execute_trajectory__type_support_c.cpp.o] Interrupt
gmake[2]: *** [CMakeFiles/moveit_msgs__rosidl_typesupport_fastrtps_c.dir/build.make:1732: CMakeFiles/moveit_msgs__rosidl_typesupport_fastrtps_c.dir/rosidl_typesupport_fastrtps_c/moveit_msgs/action/detail/move_group_sequence__type_support_c.cpp.o] Interrupt
gmake[2]: *** [CMakeFiles/moveit_msgs__rosidl_typesupport_fastrtps_c.dir/build.make:1760: CMakeFiles/moveit_msgs__rosidl_typesupport_fastrtps_c.dir/rosidl_typesupport_fastrtps_c/moveit_msgs/action/detail/place__type_support_c.cpp.o] Interrupt
gmake[1]: *** [CMakeFiles/Makefile2:239: CMakeFiles/moveit_msgs__rosidl_typesupport_fastrtps_c.dir/all] Interrupt
gmake: *** [Makefile:146: all] Interrupt
