[3.818s] Invoking command in '/home/gustav/P5-Kuka-Dual-Arm/p5_ws/src/generate_parameter_library/example_python': AMENT_PREFIX_PATH=/home/gustav/P5-Kuka-Dual-Arm/install/generate_parameter_library:/home/gustav/P5-Kuka-Dual-Arm/install/parameter_traits:/home/gustav/P5-Kuka-Dual-Arm/install/generate_parameter_library_py:${AMENT_PREFIX_PATH} CMAKE_PREFIX_PATH=/home/gustav/P5-Kuka-Dual-Arm/install/generate_parameter_library:/home/gustav/P5-Kuka-Dual-Arm/install/parameter_traits:${CMAKE_PREFIX_PATH} LD_LIBRARY_PATH=/home/gustav/P5-Kuka-Dual-Arm/install/parameter_traits/lib:${LD_LIBRARY_PATH} PATH=/home/gustav/P5-Kuka-Dual-Arm/install/generate_parameter_library_py/bin:${PATH} PYTHONPATH=/home/gustav/P5-Kuka-Dual-Arm/build/generate_parameter_module_example/prefix_override:/usr/lib/python3/dist-packages/colcon_core/task/python/colcon_distutils_commands:/home/gustav/P5-Kuka-Dual-Arm/install/generate_parameter_module_example/lib/python3.10/site-packages:/home/gustav/P5-Kuka-Dual-Arm/install/generate_parameter_library_py/lib/python3.10/site-packages:${PYTHONPATH} /usr/bin/python3 -W ignore:setup.py install is deprecated setup.py egg_info --egg-base ../../../../build/generate_parameter_module_example build --build-base /home/gustav/P5-Kuka-Dual-Arm/build/generate_parameter_module_example/build install --record /home/gustav/P5-Kuka-Dual-Arm/build/generate_parameter_module_example/install.log --single-version-externally-managed install_data
[13.762s] running egg_info
[13.768s] writing ../../../../build/generate_parameter_module_example/generate_parameter_module_example.egg-info/PKG-INFO
[13.770s] writing dependency_links to ../../../../build/generate_parameter_module_example/generate_parameter_module_example.egg-info/dependency_links.txt
[13.771s] writing entry points to ../../../../build/generate_parameter_module_example/generate_parameter_module_example.egg-info/entry_points.txt
[13.772s] writing requirements to ../../../../build/generate_parameter_module_example/generate_parameter_module_example.egg-info/requires.txt
[13.773s] writing top-level names to ../../../../build/generate_parameter_module_example/generate_parameter_module_example.egg-info/top_level.txt
[13.787s] reading manifest file '../../../../build/generate_parameter_module_example/generate_parameter_module_example.egg-info/SOURCES.txt'
[13.794s] writing manifest file '../../../../build/generate_parameter_module_example/generate_parameter_module_example.egg-info/SOURCES.txt'
[13.795s] running build
[13.798s] running build_py
[13.801s] running install
[13.801s] running install_lib
[13.815s] running install_data
[13.817s] running install_egg_info
[13.834s] removing '/home/gustav/P5-Kuka-Dual-Arm/install/generate_parameter_module_example/lib/python3.10/site-packages/generate_parameter_module_example-0.3.7-py3.10.egg-info' (and everything under it)
[13.836s] Copying ../../../../build/generate_parameter_module_example/generate_parameter_module_example.egg-info to /home/gustav/P5-Kuka-Dual-Arm/install/generate_parameter_module_example/lib/python3.10/site-packages/generate_parameter_module_example-0.3.7-py3.10.egg-info
[13.845s] running install_scripts
[14.018s] Installing test_node script to /home/gustav/P5-Kuka-Dual-Arm/install/generate_parameter_module_example/lib/generate_parameter_module_example
[14.020s] writing list of installed files to '/home/gustav/P5-Kuka-Dual-Arm/build/generate_parameter_module_example/install.log'
[14.422s] Invoked command in '/home/gustav/P5-Kuka-Dual-Arm/p5_ws/src/generate_parameter_library/example_python' returned '0': AMENT_PREFIX_PATH=/home/gustav/P5-Kuka-Dual-Arm/install/generate_parameter_library:/home/gustav/P5-Kuka-Dual-Arm/install/parameter_traits:/home/gustav/P5-Kuka-Dual-Arm/install/generate_parameter_library_py:${AMENT_PREFIX_PATH} CMAKE_PREFIX_PATH=/home/gustav/P5-Kuka-Dual-Arm/install/generate_parameter_library:/home/gustav/P5-Kuka-Dual-Arm/install/parameter_traits:${CMAKE_PREFIX_PATH} LD_LIBRARY_PATH=/home/gustav/P5-Kuka-Dual-Arm/install/parameter_traits/lib:${LD_LIBRARY_PATH} PATH=/home/gustav/P5-Kuka-Dual-Arm/install/generate_parameter_library_py/bin:${PATH} PYTHONPATH=/home/gustav/P5-Kuka-Dual-Arm/build/generate_parameter_module_example/prefix_override:/usr/lib/python3/dist-packages/colcon_core/task/python/colcon_distutils_commands:/home/gustav/P5-Kuka-Dual-Arm/install/generate_parameter_module_example/lib/python3.10/site-packages:/home/gustav/P5-Kuka-Dual-Arm/install/generate_parameter_library_py/lib/python3.10/site-packages:${PYTHONPATH} /usr/bin/python3 -W ignore:setup.py install is deprecated setup.py egg_info --egg-base ../../../../build/generate_parameter_module_example build --build-base /home/gustav/P5-Kuka-Dual-Arm/build/generate_parameter_module_example/build install --record /home/gustav/P5-Kuka-Dual-Arm/build/generate_parameter_module_example/install.log --single-version-externally-managed install_data
