[1.591s] Invoking command in '/home/gustav/P5-Kuka-Dual-Arm/p5_ws/src/generate_parameter_library/generate_parameter_library_py': PYTHONPATH=/home/gustav/P5-Kuka-Dual-Arm/build/generate_parameter_library_py/prefix_override:/usr/lib/python3/dist-packages/colcon_core/task/python/colcon_distutils_commands:/home/gustav/P5-Kuka-Dual-Arm/install/generate_parameter_library_py/lib/python3.10/site-packages:${PYTHONPATH} /usr/bin/python3 -W ignore:setup.py install is deprecated setup.py egg_info --egg-base ../../../../build/generate_parameter_library_py build --build-base /home/gustav/P5-Kuka-Dual-Arm/build/generate_parameter_library_py/build install --record /home/gustav/P5-Kuka-Dual-Arm/build/generate_parameter_library_py/install.log --single-version-externally-managed install_data
[2.036s] running egg_info
[2.046s] creating ../../../../build/generate_parameter_library_py/generate_parameter_library_py.egg-info
[2.046s] writing ../../../../build/generate_parameter_library_py/generate_parameter_library_py.egg-info/PKG-INFO
[2.046s] writing dependency_links to ../../../../build/generate_parameter_library_py/generate_parameter_library_py.egg-info/dependency_links.txt
[2.046s] writing entry points to ../../../../build/generate_parameter_library_py/generate_parameter_library_py.egg-info/entry_points.txt
[2.047s] writing requirements to ../../../../build/generate_parameter_library_py/generate_parameter_library_py.egg-info/requires.txt
[2.047s] writing top-level names to ../../../../build/generate_parameter_library_py/generate_parameter_library_py.egg-info/top_level.txt
[2.047s] writing manifest file '../../../../build/generate_parameter_library_py/generate_parameter_library_py.egg-info/SOURCES.txt'
[2.049s] reading manifest file '../../../../build/generate_parameter_library_py/generate_parameter_library_py.egg-info/SOURCES.txt'
[2.050s] writing manifest file '../../../../build/generate_parameter_library_py/generate_parameter_library_py.egg-info/SOURCES.txt'
[2.050s] running build
[2.050s] running build_py
[2.050s] creating /home/gustav/P5-Kuka-Dual-Arm/build/generate_parameter_library_py/build
[2.050s] creating /home/gustav/P5-Kuka-Dual-Arm/build/generate_parameter_library_py/build/lib
[2.050s] creating /home/gustav/P5-Kuka-Dual-Arm/build/generate_parameter_library_py/build/lib/generate_parameter_library_py
[2.050s] copying generate_parameter_library_py/python_convertions.py -> /home/gustav/P5-Kuka-Dual-Arm/build/generate_parameter_library_py/build/lib/generate_parameter_library_py
[2.050s] copying generate_parameter_library_py/generate_cpp_header.py -> /home/gustav/P5-Kuka-Dual-Arm/build/generate_parameter_library_py/build/lib/generate_parameter_library_py
[2.050s] copying generate_parameter_library_py/generate_markdown.py -> /home/gustav/P5-Kuka-Dual-Arm/build/generate_parameter_library_py/build/lib/generate_parameter_library_py
[2.050s] copying generate_parameter_library_py/parse_yaml.py -> /home/gustav/P5-Kuka-Dual-Arm/build/generate_parameter_library_py/build/lib/generate_parameter_library_py
[2.056s] copying generate_parameter_library_py/setup_helper.py -> /home/gustav/P5-Kuka-Dual-Arm/build/generate_parameter_library_py/build/lib/generate_parameter_library_py
[2.056s] copying generate_parameter_library_py/cpp_convertions.py -> /home/gustav/P5-Kuka-Dual-Arm/build/generate_parameter_library_py/build/lib/generate_parameter_library_py
[2.057s] copying generate_parameter_library_py/string_filters_cpp.py -> /home/gustav/P5-Kuka-Dual-Arm/build/generate_parameter_library_py/build/lib/generate_parameter_library_py
[2.057s] copying generate_parameter_library_py/__init__.py -> /home/gustav/P5-Kuka-Dual-Arm/build/generate_parameter_library_py/build/lib/generate_parameter_library_py
[2.057s] copying generate_parameter_library_py/generate_python_module.py -> /home/gustav/P5-Kuka-Dual-Arm/build/generate_parameter_library_py/build/lib/generate_parameter_library_py
[2.057s] copying generate_parameter_library_py/python_validators.py -> /home/gustav/P5-Kuka-Dual-Arm/build/generate_parameter_library_py/build/lib/generate_parameter_library_py
[2.057s] creating /home/gustav/P5-Kuka-Dual-Arm/build/generate_parameter_library_py/build/lib/generate_parameter_library_py/jinja_templates
[2.057s] creating /home/gustav/P5-Kuka-Dual-Arm/build/generate_parameter_library_py/build/lib/generate_parameter_library_py/jinja_templates/cpp
[2.057s] copying generate_parameter_library_py/jinja_templates/cpp/declare_parameter -> /home/gustav/P5-Kuka-Dual-Arm/build/generate_parameter_library_py/build/lib/generate_parameter_library_py/jinja_templates/cpp
[2.057s] copying generate_parameter_library_py/jinja_templates/cpp/declare_runtime_parameter -> /home/gustav/P5-Kuka-Dual-Arm/build/generate_parameter_library_py/build/lib/generate_parameter_library_py/jinja_templates/cpp
[2.057s] copying generate_parameter_library_py/jinja_templates/cpp/declare_struct -> /home/gustav/P5-Kuka-Dual-Arm/build/generate_parameter_library_py/build/lib/generate_parameter_library_py/jinja_templates/cpp
[2.057s] copying generate_parameter_library_py/jinja_templates/cpp/declare_variable -> /home/gustav/P5-Kuka-Dual-Arm/build/generate_parameter_library_py/build/lib/generate_parameter_library_py/jinja_templates/cpp
[2.058s] copying generate_parameter_library_py/jinja_templates/cpp/parameter_library_header -> /home/gustav/P5-Kuka-Dual-Arm/build/generate_parameter_library_py/build/lib/generate_parameter_library_py/jinja_templates/cpp
[2.058s] copying generate_parameter_library_py/jinja_templates/cpp/parameter_validation -> /home/gustav/P5-Kuka-Dual-Arm/build/generate_parameter_library_py/build/lib/generate_parameter_library_py/jinja_templates/cpp
[2.058s] copying generate_parameter_library_py/jinja_templates/cpp/remove_runtime_parameter -> /home/gustav/P5-Kuka-Dual-Arm/build/generate_parameter_library_py/build/lib/generate_parameter_library_py/jinja_templates/cpp
[2.058s] copying generate_parameter_library_py/jinja_templates/cpp/set_parameter -> /home/gustav/P5-Kuka-Dual-Arm/build/generate_parameter_library_py/build/lib/generate_parameter_library_py/jinja_templates/cpp
[2.058s] copying generate_parameter_library_py/jinja_templates/cpp/set_runtime_parameter -> /home/gustav/P5-Kuka-Dual-Arm/build/generate_parameter_library_py/build/lib/generate_parameter_library_py/jinja_templates/cpp
[2.058s] copying generate_parameter_library_py/jinja_templates/cpp/set_stack_params -> /home/gustav/P5-Kuka-Dual-Arm/build/generate_parameter_library_py/build/lib/generate_parameter_library_py/jinja_templates/cpp
[2.058s] copying generate_parameter_library_py/jinja_templates/cpp/update_parameter -> /home/gustav/P5-Kuka-Dual-Arm/build/generate_parameter_library_py/build/lib/generate_parameter_library_py/jinja_templates/cpp
[2.058s] copying generate_parameter_library_py/jinja_templates/cpp/update_runtime_parameter -> /home/gustav/P5-Kuka-Dual-Arm/build/generate_parameter_library_py/build/lib/generate_parameter_library_py/jinja_templates/cpp
[2.059s] creating /home/gustav/P5-Kuka-Dual-Arm/build/generate_parameter_library_py/build/lib/generate_parameter_library_py/jinja_templates/markdown
[2.059s] copying generate_parameter_library_py/jinja_templates/markdown/default_config -> /home/gustav/P5-Kuka-Dual-Arm/build/generate_parameter_library_py/build/lib/generate_parameter_library_py/jinja_templates/markdown
[2.059s] copying generate_parameter_library_py/jinja_templates/markdown/documentation -> /home/gustav/P5-Kuka-Dual-Arm/build/generate_parameter_library_py/build/lib/generate_parameter_library_py/jinja_templates/markdown
[2.059s] copying generate_parameter_library_py/jinja_templates/markdown/parameter_detail -> /home/gustav/P5-Kuka-Dual-Arm/build/generate_parameter_library_py/build/lib/generate_parameter_library_py/jinja_templates/markdown
[2.059s] creating /home/gustav/P5-Kuka-Dual-Arm/build/generate_parameter_library_py/build/lib/generate_parameter_library_py/jinja_templates/rst
[2.059s] copying generate_parameter_library_py/jinja_templates/rst/default_config -> /home/gustav/P5-Kuka-Dual-Arm/build/generate_parameter_library_py/build/lib/generate_parameter_library_py/jinja_templates/rst
[2.059s] copying generate_parameter_library_py/jinja_templates/rst/documentation -> /home/gustav/P5-Kuka-Dual-Arm/build/generate_parameter_library_py/build/lib/generate_parameter_library_py/jinja_templates/rst
[2.060s] copying generate_parameter_library_py/jinja_templates/rst/parameter_detail -> /home/gustav/P5-Kuka-Dual-Arm/build/generate_parameter_library_py/build/lib/generate_parameter_library_py/jinja_templates/rst
[2.060s] creating /home/gustav/P5-Kuka-Dual-Arm/build/generate_parameter_library_py/build/lib/generate_parameter_library_py/jinja_templates/python
[2.063s] copying generate_parameter_library_py/jinja_templates/python/declare_parameter -> /home/gustav/P5-Kuka-Dual-Arm/build/generate_parameter_library_py/build/lib/generate_parameter_library_py/jinja_templates/python
[2.063s] copying generate_parameter_library_py/jinja_templates/python/declare_runtime_parameter -> /home/gustav/P5-Kuka-Dual-Arm/build/generate_parameter_library_py/build/lib/generate_parameter_library_py/jinja_templates/python
[2.063s] copying generate_parameter_library_py/jinja_templates/python/declare_struct -> /home/gustav/P5-Kuka-Dual-Arm/build/generate_parameter_library_py/build/lib/generate_parameter_library_py/jinja_templates/python
[2.065s] copying generate_parameter_library_py/jinja_templates/python/declare_variable -> /home/gustav/P5-Kuka-Dual-Arm/build/generate_parameter_library_py/build/lib/generate_parameter_library_py/jinja_templates/python
[2.065s] copying generate_parameter_library_py/jinja_templates/python/parameter_library_header -> /home/gustav/P5-Kuka-Dual-Arm/build/generate_parameter_library_py/build/lib/generate_parameter_library_py/jinja_templates/python
[2.065s] copying generate_parameter_library_py/jinja_templates/python/parameter_validation -> /home/gustav/P5-Kuka-Dual-Arm/build/generate_parameter_library_py/build/lib/generate_parameter_library_py/jinja_templates/python
[2.066s] copying generate_parameter_library_py/jinja_templates/python/remove_runtime_parameter -> /home/gustav/P5-Kuka-Dual-Arm/build/generate_parameter_library_py/build/lib/generate_parameter_library_py/jinja_templates/python
[2.066s] copying generate_parameter_library_py/jinja_templates/python/set_parameter -> /home/gustav/P5-Kuka-Dual-Arm/build/generate_parameter_library_py/build/lib/generate_parameter_library_py/jinja_templates/python
[2.068s] copying generate_parameter_library_py/jinja_templates/python/set_runtime_parameter -> /home/gustav/P5-Kuka-Dual-Arm/build/generate_parameter_library_py/build/lib/generate_parameter_library_py/jinja_templates/python
[2.068s] copying generate_parameter_library_py/jinja_templates/python/set_stack_params -> /home/gustav/P5-Kuka-Dual-Arm/build/generate_parameter_library_py/build/lib/generate_parameter_library_py/jinja_templates/python
[2.068s] copying generate_parameter_library_py/jinja_templates/python/update_parameter -> /home/gustav/P5-Kuka-Dual-Arm/build/generate_parameter_library_py/build/lib/generate_parameter_library_py/jinja_templates/python
[2.069s] copying generate_parameter_library_py/jinja_templates/python/update_runtime_parameter -> /home/gustav/P5-Kuka-Dual-Arm/build/generate_parameter_library_py/build/lib/generate_parameter_library_py/jinja_templates/python
[2.069s] running install
[2.070s] running install_lib
[2.070s] creating /home/gustav/P5-Kuka-Dual-Arm/install/generate_parameter_library_py/lib/python3.10/site-packages/generate_parameter_library_py
[2.070s] copying /home/gustav/P5-Kuka-Dual-Arm/build/generate_parameter_library_py/build/lib/generate_parameter_library_py/python_convertions.py -> /home/gustav/P5-Kuka-Dual-Arm/install/generate_parameter_library_py/lib/python3.10/site-packages/generate_parameter_library_py
[2.070s] copying /home/gustav/P5-Kuka-Dual-Arm/build/generate_parameter_library_py/build/lib/generate_parameter_library_py/generate_cpp_header.py -> /home/gustav/P5-Kuka-Dual-Arm/install/generate_parameter_library_py/lib/python3.10/site-packages/generate_parameter_library_py
[2.070s] copying /home/gustav/P5-Kuka-Dual-Arm/build/generate_parameter_library_py/build/lib/generate_parameter_library_py/generate_markdown.py -> /home/gustav/P5-Kuka-Dual-Arm/install/generate_parameter_library_py/lib/python3.10/site-packages/generate_parameter_library_py
[2.070s] copying /home/gustav/P5-Kuka-Dual-Arm/build/generate_parameter_library_py/build/lib/generate_parameter_library_py/parse_yaml.py -> /home/gustav/P5-Kuka-Dual-Arm/install/generate_parameter_library_py/lib/python3.10/site-packages/generate_parameter_library_py
[2.071s] creating /home/gustav/P5-Kuka-Dual-Arm/install/generate_parameter_library_py/lib/python3.10/site-packages/generate_parameter_library_py/jinja_templates
[2.071s] creating /home/gustav/P5-Kuka-Dual-Arm/install/generate_parameter_library_py/lib/python3.10/site-packages/generate_parameter_library_py/jinja_templates/python
[2.071s] copying /home/gustav/P5-Kuka-Dual-Arm/build/generate_parameter_library_py/build/lib/generate_parameter_library_py/jinja_templates/python/set_parameter -> /home/gustav/P5-Kuka-Dual-Arm/install/generate_parameter_library_py/lib/python3.10/site-packages/generate_parameter_library_py/jinja_templates/python
[2.071s] copying /home/gustav/P5-Kuka-Dual-Arm/build/generate_parameter_library_py/build/lib/generate_parameter_library_py/jinja_templates/python/parameter_validation -> /home/gustav/P5-Kuka-Dual-Arm/install/generate_parameter_library_py/lib/python3.10/site-packages/generate_parameter_library_py/jinja_templates/python
[2.071s] copying /home/gustav/P5-Kuka-Dual-Arm/build/generate_parameter_library_py/build/lib/generate_parameter_library_py/jinja_templates/python/declare_variable -> /home/gustav/P5-Kuka-Dual-Arm/install/generate_parameter_library_py/lib/python3.10/site-packages/generate_parameter_library_py/jinja_templates/python
[2.071s] copying /home/gustav/P5-Kuka-Dual-Arm/build/generate_parameter_library_py/build/lib/generate_parameter_library_py/jinja_templates/python/update_runtime_parameter -> /home/gustav/P5-Kuka-Dual-Arm/install/generate_parameter_library_py/lib/python3.10/site-packages/generate_parameter_library_py/jinja_templates/python
[2.071s] copying /home/gustav/P5-Kuka-Dual-Arm/build/generate_parameter_library_py/build/lib/generate_parameter_library_py/jinja_templates/python/declare_struct -> /home/gustav/P5-Kuka-Dual-Arm/install/generate_parameter_library_py/lib/python3.10/site-packages/generate_parameter_library_py/jinja_templates/python
[2.071s] copying /home/gustav/P5-Kuka-Dual-Arm/build/generate_parameter_library_py/build/lib/generate_parameter_library_py/jinja_templates/python/update_parameter -> /home/gustav/P5-Kuka-Dual-Arm/install/generate_parameter_library_py/lib/python3.10/site-packages/generate_parameter_library_py/jinja_templates/python
[2.071s] copying /home/gustav/P5-Kuka-Dual-Arm/build/generate_parameter_library_py/build/lib/generate_parameter_library_py/jinja_templates/python/set_stack_params -> /home/gustav/P5-Kuka-Dual-Arm/install/generate_parameter_library_py/lib/python3.10/site-packages/generate_parameter_library_py/jinja_templates/python
[2.072s] copying /home/gustav/P5-Kuka-Dual-Arm/build/generate_parameter_library_py/build/lib/generate_parameter_library_py/jinja_templates/python/remove_runtime_parameter -> /home/gustav/P5-Kuka-Dual-Arm/install/generate_parameter_library_py/lib/python3.10/site-packages/generate_parameter_library_py/jinja_templates/python
[2.072s] copying /home/gustav/P5-Kuka-Dual-Arm/build/generate_parameter_library_py/build/lib/generate_parameter_library_py/jinja_templates/python/declare_runtime_parameter -> /home/gustav/P5-Kuka-Dual-Arm/install/generate_parameter_library_py/lib/python3.10/site-packages/generate_parameter_library_py/jinja_templates/python
[2.072s] copying /home/gustav/P5-Kuka-Dual-Arm/build/generate_parameter_library_py/build/lib/generate_parameter_library_py/jinja_templates/python/declare_parameter -> /home/gustav/P5-Kuka-Dual-Arm/install/generate_parameter_library_py/lib/python3.10/site-packages/generate_parameter_library_py/jinja_templates/python
[2.072s] copying /home/gustav/P5-Kuka-Dual-Arm/build/generate_parameter_library_py/build/lib/generate_parameter_library_py/jinja_templates/python/parameter_library_header -> /home/gustav/P5-Kuka-Dual-Arm/install/generate_parameter_library_py/lib/python3.10/site-packages/generate_parameter_library_py/jinja_templates/python
[2.072s] copying /home/gustav/P5-Kuka-Dual-Arm/build/generate_parameter_library_py/build/lib/generate_parameter_library_py/jinja_templates/python/set_runtime_parameter -> /home/gustav/P5-Kuka-Dual-Arm/install/generate_parameter_library_py/lib/python3.10/site-packages/generate_parameter_library_py/jinja_templates/python
[2.072s] creating /home/gustav/P5-Kuka-Dual-Arm/install/generate_parameter_library_py/lib/python3.10/site-packages/generate_parameter_library_py/jinja_templates/cpp
[2.072s] copying /home/gustav/P5-Kuka-Dual-Arm/build/generate_parameter_library_py/build/lib/generate_parameter_library_py/jinja_templates/cpp/set_parameter -> /home/gustav/P5-Kuka-Dual-Arm/install/generate_parameter_library_py/lib/python3.10/site-packages/generate_parameter_library_py/jinja_templates/cpp
[2.073s] copying /home/gustav/P5-Kuka-Dual-Arm/build/generate_parameter_library_py/build/lib/generate_parameter_library_py/jinja_templates/cpp/parameter_validation -> /home/gustav/P5-Kuka-Dual-Arm/install/generate_parameter_library_py/lib/python3.10/site-packages/generate_parameter_library_py/jinja_templates/cpp
[2.073s] copying /home/gustav/P5-Kuka-Dual-Arm/build/generate_parameter_library_py/build/lib/generate_parameter_library_py/jinja_templates/cpp/declare_variable -> /home/gustav/P5-Kuka-Dual-Arm/install/generate_parameter_library_py/lib/python3.10/site-packages/generate_parameter_library_py/jinja_templates/cpp
[2.073s] copying /home/gustav/P5-Kuka-Dual-Arm/build/generate_parameter_library_py/build/lib/generate_parameter_library_py/jinja_templates/cpp/update_runtime_parameter -> /home/gustav/P5-Kuka-Dual-Arm/install/generate_parameter_library_py/lib/python3.10/site-packages/generate_parameter_library_py/jinja_templates/cpp
[2.073s] copying /home/gustav/P5-Kuka-Dual-Arm/build/generate_parameter_library_py/build/lib/generate_parameter_library_py/jinja_templates/cpp/declare_struct -> /home/gustav/P5-Kuka-Dual-Arm/install/generate_parameter_library_py/lib/python3.10/site-packages/generate_parameter_library_py/jinja_templates/cpp
[2.073s] copying /home/gustav/P5-Kuka-Dual-Arm/build/generate_parameter_library_py/build/lib/generate_parameter_library_py/jinja_templates/cpp/update_parameter -> /home/gustav/P5-Kuka-Dual-Arm/install/generate_parameter_library_py/lib/python3.10/site-packages/generate_parameter_library_py/jinja_templates/cpp
[2.073s] copying /home/gustav/P5-Kuka-Dual-Arm/build/generate_parameter_library_py/build/lib/generate_parameter_library_py/jinja_templates/cpp/set_stack_params -> /home/gustav/P5-Kuka-Dual-Arm/install/generate_parameter_library_py/lib/python3.10/site-packages/generate_parameter_library_py/jinja_templates/cpp
[2.073s] copying /home/gustav/P5-Kuka-Dual-Arm/build/generate_parameter_library_py/build/lib/generate_parameter_library_py/jinja_templates/cpp/remove_runtime_parameter -> /home/gustav/P5-Kuka-Dual-Arm/install/generate_parameter_library_py/lib/python3.10/site-packages/generate_parameter_library_py/jinja_templates/cpp
[2.073s] copying /home/gustav/P5-Kuka-Dual-Arm/build/generate_parameter_library_py/build/lib/generate_parameter_library_py/jinja_templates/cpp/declare_runtime_parameter -> /home/gustav/P5-Kuka-Dual-Arm/install/generate_parameter_library_py/lib/python3.10/site-packages/generate_parameter_library_py/jinja_templates/cpp
[2.073s] copying /home/gustav/P5-Kuka-Dual-Arm/build/generate_parameter_library_py/build/lib/generate_parameter_library_py/jinja_templates/cpp/declare_parameter -> /home/gustav/P5-Kuka-Dual-Arm/install/generate_parameter_library_py/lib/python3.10/site-packages/generate_parameter_library_py/jinja_templates/cpp
[2.073s] copying /home/gustav/P5-Kuka-Dual-Arm/build/generate_parameter_library_py/build/lib/generate_parameter_library_py/jinja_templates/cpp/parameter_library_header -> /home/gustav/P5-Kuka-Dual-Arm/install/generate_parameter_library_py/lib/python3.10/site-packages/generate_parameter_library_py/jinja_templates/cpp
[2.074s] copying /home/gustav/P5-Kuka-Dual-Arm/build/generate_parameter_library_py/build/lib/generate_parameter_library_py/jinja_templates/cpp/set_runtime_parameter -> /home/gustav/P5-Kuka-Dual-Arm/install/generate_parameter_library_py/lib/python3.10/site-packages/generate_parameter_library_py/jinja_templates/cpp
[2.074s] creating /home/gustav/P5-Kuka-Dual-Arm/install/generate_parameter_library_py/lib/python3.10/site-packages/generate_parameter_library_py/jinja_templates/rst
[2.074s] copying /home/gustav/P5-Kuka-Dual-Arm/build/generate_parameter_library_py/build/lib/generate_parameter_library_py/jinja_templates/rst/parameter_detail -> /home/gustav/P5-Kuka-Dual-Arm/install/generate_parameter_library_py/lib/python3.10/site-packages/generate_parameter_library_py/jinja_templates/rst
[2.074s] copying /home/gustav/P5-Kuka-Dual-Arm/build/generate_parameter_library_py/build/lib/generate_parameter_library_py/jinja_templates/rst/default_config -> /home/gustav/P5-Kuka-Dual-Arm/install/generate_parameter_library_py/lib/python3.10/site-packages/generate_parameter_library_py/jinja_templates/rst
[2.074s] copying /home/gustav/P5-Kuka-Dual-Arm/build/generate_parameter_library_py/build/lib/generate_parameter_library_py/jinja_templates/rst/documentation -> /home/gustav/P5-Kuka-Dual-Arm/install/generate_parameter_library_py/lib/python3.10/site-packages/generate_parameter_library_py/jinja_templates/rst
[2.074s] creating /home/gustav/P5-Kuka-Dual-Arm/install/generate_parameter_library_py/lib/python3.10/site-packages/generate_parameter_library_py/jinja_templates/markdown
[2.074s] copying /home/gustav/P5-Kuka-Dual-Arm/build/generate_parameter_library_py/build/lib/generate_parameter_library_py/jinja_templates/markdown/parameter_detail -> /home/gustav/P5-Kuka-Dual-Arm/install/generate_parameter_library_py/lib/python3.10/site-packages/generate_parameter_library_py/jinja_templates/markdown
[2.075s] copying /home/gustav/P5-Kuka-Dual-Arm/build/generate_parameter_library_py/build/lib/generate_parameter_library_py/jinja_templates/markdown/default_config -> /home/gustav/P5-Kuka-Dual-Arm/install/generate_parameter_library_py/lib/python3.10/site-packages/generate_parameter_library_py/jinja_templates/markdown
[2.075s] copying /home/gustav/P5-Kuka-Dual-Arm/build/generate_parameter_library_py/build/lib/generate_parameter_library_py/jinja_templates/markdown/documentation -> /home/gustav/P5-Kuka-Dual-Arm/install/generate_parameter_library_py/lib/python3.10/site-packages/generate_parameter_library_py/jinja_templates/markdown
[2.075s] copying /home/gustav/P5-Kuka-Dual-Arm/build/generate_parameter_library_py/build/lib/generate_parameter_library_py/setup_helper.py -> /home/gustav/P5-Kuka-Dual-Arm/install/generate_parameter_library_py/lib/python3.10/site-packages/generate_parameter_library_py
[2.075s] copying /home/gustav/P5-Kuka-Dual-Arm/build/generate_parameter_library_py/build/lib/generate_parameter_library_py/cpp_convertions.py -> /home/gustav/P5-Kuka-Dual-Arm/install/generate_parameter_library_py/lib/python3.10/site-packages/generate_parameter_library_py
[2.075s] copying /home/gustav/P5-Kuka-Dual-Arm/build/generate_parameter_library_py/build/lib/generate_parameter_library_py/string_filters_cpp.py -> /home/gustav/P5-Kuka-Dual-Arm/install/generate_parameter_library_py/lib/python3.10/site-packages/generate_parameter_library_py
[2.075s] copying /home/gustav/P5-Kuka-Dual-Arm/build/generate_parameter_library_py/build/lib/generate_parameter_library_py/__init__.py -> /home/gustav/P5-Kuka-Dual-Arm/install/generate_parameter_library_py/lib/python3.10/site-packages/generate_parameter_library_py
[2.075s] copying /home/gustav/P5-Kuka-Dual-Arm/build/generate_parameter_library_py/build/lib/generate_parameter_library_py/generate_python_module.py -> /home/gustav/P5-Kuka-Dual-Arm/install/generate_parameter_library_py/lib/python3.10/site-packages/generate_parameter_library_py
[2.076s] copying /home/gustav/P5-Kuka-Dual-Arm/build/generate_parameter_library_py/build/lib/generate_parameter_library_py/python_validators.py -> /home/gustav/P5-Kuka-Dual-Arm/install/generate_parameter_library_py/lib/python3.10/site-packages/generate_parameter_library_py
[2.076s] byte-compiling /home/gustav/P5-Kuka-Dual-Arm/install/generate_parameter_library_py/lib/python3.10/site-packages/generate_parameter_library_py/python_convertions.py to python_convertions.cpython-310.pyc
[2.076s] byte-compiling /home/gustav/P5-Kuka-Dual-Arm/install/generate_parameter_library_py/lib/python3.10/site-packages/generate_parameter_library_py/generate_cpp_header.py to generate_cpp_header.cpython-310.pyc
[2.076s] byte-compiling /home/gustav/P5-Kuka-Dual-Arm/install/generate_parameter_library_py/lib/python3.10/site-packages/generate_parameter_library_py/generate_markdown.py to generate_markdown.cpython-310.pyc
[2.076s] byte-compiling /home/gustav/P5-Kuka-Dual-Arm/install/generate_parameter_library_py/lib/python3.10/site-packages/generate_parameter_library_py/parse_yaml.py to parse_yaml.cpython-310.pyc
[2.085s] byte-compiling /home/gustav/P5-Kuka-Dual-Arm/install/generate_parameter_library_py/lib/python3.10/site-packages/generate_parameter_library_py/setup_helper.py to setup_helper.cpython-310.pyc
[2.085s] byte-compiling /home/gustav/P5-Kuka-Dual-Arm/install/generate_parameter_library_py/lib/python3.10/site-packages/generate_parameter_library_py/cpp_convertions.py to cpp_convertions.cpython-310.pyc
[2.088s] byte-compiling /home/gustav/P5-Kuka-Dual-Arm/install/generate_parameter_library_py/lib/python3.10/site-packages/generate_parameter_library_py/string_filters_cpp.py to string_filters_cpp.cpython-310.pyc
[2.088s] byte-compiling /home/gustav/P5-Kuka-Dual-Arm/install/generate_parameter_library_py/lib/python3.10/site-packages/generate_parameter_library_py/__init__.py to __init__.cpython-310.pyc
[2.089s] byte-compiling /home/gustav/P5-Kuka-Dual-Arm/install/generate_parameter_library_py/lib/python3.10/site-packages/generate_parameter_library_py/generate_python_module.py to generate_python_module.cpython-310.pyc
[2.089s] byte-compiling /home/gustav/P5-Kuka-Dual-Arm/install/generate_parameter_library_py/lib/python3.10/site-packages/generate_parameter_library_py/python_validators.py to python_validators.cpython-310.pyc
[2.090s] running install_data
[2.091s] copying package.xml -> /home/gustav/P5-Kuka-Dual-Arm/install/generate_parameter_library_py/share/generate_parameter_library_py
[2.091s] creating /home/gustav/P5-Kuka-Dual-Arm/install/generate_parameter_library_py/share/generate_parameter_library_py/test
[2.092s] copying generate_parameter_library_py/test/wrong_default_type.yaml -> /home/gustav/P5-Kuka-Dual-Arm/install/generate_parameter_library_py/share/generate_parameter_library_py/test
[2.092s] copying generate_parameter_library_py/test/missing_type.yaml -> /home/gustav/P5-Kuka-Dual-Arm/install/generate_parameter_library_py/share/generate_parameter_library_py/test
[2.093s] copying generate_parameter_library_py/test/invalid_syntax.yaml -> /home/gustav/P5-Kuka-Dual-Arm/install/generate_parameter_library_py/share/generate_parameter_library_py/test
[2.093s] copying generate_parameter_library_py/test/invalid_parameter_type.yaml -> /home/gustav/P5-Kuka-Dual-Arm/install/generate_parameter_library_py/share/generate_parameter_library_py/test
[2.093s] copying generate_parameter_library_py/test/valid_parameters.yaml -> /home/gustav/P5-Kuka-Dual-Arm/install/generate_parameter_library_py/share/generate_parameter_library_py/test
[2.094s] copying generate_parameter_library_py/test/valid_parameters_with_none_type.yaml -> /home/gustav/P5-Kuka-Dual-Arm/install/generate_parameter_library_py/share/generate_parameter_library_py/test
[2.094s] creating /home/gustav/P5-Kuka-Dual-Arm/install/generate_parameter_library_py/share/ament_index
[2.094s] creating /home/gustav/P5-Kuka-Dual-Arm/install/generate_parameter_library_py/share/ament_index/resource_index
[2.095s] creating /home/gustav/P5-Kuka-Dual-Arm/install/generate_parameter_library_py/share/ament_index/resource_index/packages
[2.095s] copying resource/generate_parameter_library_py -> /home/gustav/P5-Kuka-Dual-Arm/install/generate_parameter_library_py/share/ament_index/resource_index/packages
[2.096s] running install_egg_info
[2.096s] Copying ../../../../build/generate_parameter_library_py/generate_parameter_library_py.egg-info to /home/gustav/P5-Kuka-Dual-Arm/install/generate_parameter_library_py/lib/python3.10/site-packages/generate_parameter_library_py-0.3.7-py3.10.egg-info
[2.096s] running install_scripts
[2.131s] Installing generate_parameter_library_cpp script to /home/gustav/P5-Kuka-Dual-Arm/install/generate_parameter_library_py/bin
[2.131s] Installing generate_parameter_library_markdown script to /home/gustav/P5-Kuka-Dual-Arm/install/generate_parameter_library_py/bin
[2.131s] Installing generate_parameter_library_python script to /home/gustav/P5-Kuka-Dual-Arm/install/generate_parameter_library_py/bin
[2.132s] writing list of installed files to '/home/gustav/P5-Kuka-Dual-Arm/build/generate_parameter_library_py/install.log'
[2.210s] Invoked command in '/home/gustav/P5-Kuka-Dual-Arm/p5_ws/src/generate_parameter_library/generate_parameter_library_py' returned '0': PYTHONPATH=/home/gustav/P5-Kuka-Dual-Arm/build/generate_parameter_library_py/prefix_override:/usr/lib/python3/dist-packages/colcon_core/task/python/colcon_distutils_commands:/home/gustav/P5-Kuka-Dual-Arm/install/generate_parameter_library_py/lib/python3.10/site-packages:${PYTHONPATH} /usr/bin/python3 -W ignore:setup.py install is deprecated setup.py egg_info --egg-base ../../../../build/generate_parameter_library_py build --build-base /home/gustav/P5-Kuka-Dual-Arm/build/generate_parameter_library_py/build install --record /home/gustav/P5-Kuka-Dual-Arm/build/generate_parameter_library_py/install.log --single-version-externally-managed install_data
