[0.024s] Invoking command in '/home/gustav/P5-Kuka-Dual-Arm/build/moveit_ros_planning': AMENT_PREFIX_PATH=/home/gustav/P5-Kuka-Dual-Arm/install/moveit_ros_occupancy_map_monitor:/home/gustav/P5-Kuka-Dual-Arm/install/moveit_core:/home/gustav/P5-Kuka-Dual-Arm/install/moveit_resources_panda_moveit_config:/home/gustav/P5-Kuka-Dual-Arm/install/generate_parameter_library:/home/gustav/P5-Kuka-Dual-Arm/install/parameter_traits:/home/gustav/P5-Kuka-Dual-Arm/install/moveit_resources_pr2_description:/home/gustav/P5-Kuka-Dual-Arm/install/moveit_resources_panda_description:/home/gustav/P5-Kuka-Dual-Arm/install/moveit_msgs:/home/gustav/P5-Kuka-Dual-Arm/install/moveit_common:/home/gustav/P5-Kuka-Dual-Arm/install/generate_parameter_library_py:${AMENT_PREFIX_PATH} CMAKE_PREFIX_PATH=/home/gustav/P5-Kuka-Dual-Arm/install/moveit_ros_occupancy_map_monitor:/home/gustav/P5-Kuka-Dual-Arm/install/moveit_core:/home/gustav/P5-Kuka-Dual-Arm/install/moveit_resources_panda_moveit_config:/home/gustav/P5-Kuka-Dual-Arm/install/generate_parameter_library:/home/gustav/P5-Kuka-Dual-Arm/install/parameter_traits:/home/gustav/P5-Kuka-Dual-Arm/install/moveit_resources_pr2_description:/home/gustav/P5-Kuka-Dual-Arm/install/moveit_resources_panda_description:/home/gustav/P5-Kuka-Dual-Arm/install/moveit_msgs:/home/gustav/P5-Kuka-Dual-Arm/install/moveit_common:/opt/ros/humble LD_LIBRARY_PATH=/home/gustav/P5-Kuka-Dual-Arm/install/moveit_ros_occupancy_map_monitor/lib:/home/gustav/P5-Kuka-Dual-Arm/install/moveit_core/lib:/home/gustav/P5-Kuka-Dual-Arm/install/parameter_traits/lib:/home/gustav/P5-Kuka-Dual-Arm/install/moveit_msgs/lib:${LD_LIBRARY_PATH} PATH=/home/gustav/P5-Kuka-Dual-Arm/install/moveit_core/bin:/home/gustav/P5-Kuka-Dual-Arm/install/generate_parameter_library_py/bin:${PATH} PYTHONPATH=/home/gustav/P5-Kuka-Dual-Arm/install/moveit_msgs/local/lib/python3.10/dist-packages:/home/gustav/P5-Kuka-Dual-Arm/install/generate_parameter_library_py/lib/python3.10/site-packages:${PYTHONPATH} /usr/bin/cmake /home/gustav/P5-Kuka-Dual-Arm/p5_ws/src/moveit2/moveit_ros/planning -DCMAKE_INSTALL_PREFIX=/home/gustav/P5-Kuka-Dual-Arm/install/moveit_ros_planning
[0.036s] -- Found moveit_common: 2.5.5 (/home/gustav/P5-Kuka-Dual-Arm/install/moveit_common/share/moveit_common/cmake)
[0.036s] -- Found ament_cmake: 1.3.10 (/opt/ros/humble/share/ament_cmake/cmake)
[0.230s] -- Found moveit_msgs: 2.2.1 (/home/gustav/P5-Kuka-Dual-Arm/install/moveit_msgs/share/moveit_msgs/cmake)
[0.267s] -- Found rosidl_generator_c: 3.1.5 (/opt/ros/humble/share/rosidl_generator_c/cmake)
[0.270s] -- Found rosidl_adapter: 3.1.5 (/opt/ros/humble/share/rosidl_adapter/cmake)
[0.279s] -- Found rosidl_generator_cpp: 3.1.5 (/opt/ros/humble/share/rosidl_generator_cpp/cmake)
[0.295s] -- Using all available rosidl_typesupport_c: rosidl_typesupport_fastrtps_c;rosidl_typesupport_introspection_c
[0.315s] -- Using all available rosidl_typesupport_cpp: rosidl_typesupport_fastrtps_cpp;rosidl_typesupport_introspection_cpp
[0.515s] -- Found pluginlib: 5.1.0 (/opt/ros/humble/share/pluginlib/cmake)
[0.527s] -- Found rclcpp: 16.0.10 (/opt/ros/humble/share/rclcpp/cmake)
[0.550s] -- Found rmw_implementation_cmake: 6.1.2 (/opt/ros/humble/share/rmw_implementation_cmake/cmake)
[0.551s] -- Found rmw_fastrtps_cpp: 6.2.7 (/opt/ros/humble/share/rmw_fastrtps_cpp/cmake)
[0.568s] -- Found TinyXML2 via Config file: TinyXML2_DIR-NOTFOUND
[0.575s] -- Found TinyXML2 via Config file: TinyXML2_DIR-NOTFOUND
[0.589s] -- Found TinyXML2 via Config file: TinyXML2_DIR-NOTFOUND
[0.597s] -- Found TinyXML2 via Config file: TinyXML2_DIR-NOTFOUND
[0.607s] -- Using RMW implementation 'rmw_fastrtps_cpp' as default
[0.646s] -- Found message_filters: 4.3.5 (/opt/ros/humble/share/message_filters/cmake)
[0.648s] -- Found srdfdom: 2.0.4 (/home/gustav/ws_moveit2/install/srdfdom/share/srdfdom/cmake)
[0.655s] -- Found tf2: 0.25.8 (/opt/ros/humble/share/tf2/cmake)
[0.658s] -- Found tf2_geometry_msgs: 0.25.8 (/opt/ros/humble/share/tf2_geometry_msgs/cmake)
[0.661s] -- Found eigen3_cmake_module: 0.1.1 (/opt/ros/humble/share/eigen3_cmake_module/cmake)
[0.662s] -- Ensuring Eigen3 include directory is part of orocos-kdl CMake target
[0.717s] -- Found tf2_eigen: 0.25.8 (/opt/ros/humble/share/tf2_eigen/cmake)
[0.721s] -- Found moveit_core: 2.5.5 (/home/gustav/P5-Kuka-Dual-Arm/install/moveit_core/share/moveit_core/cmake)
[0.737s] -- Found Boost: /usr/lib/x86_64-linux-gnu/cmake/Boost-1.74.0/BoostConfig.cmake (found version "1.74.0") found components: chrono date_time filesystem iostreams program_options regex serialization system thread 
[0.761s] -- Found parameter_traits: 0.3.7 (/home/gustav/P5-Kuka-Dual-Arm/install/parameter_traits/share/parameter_traits/cmake)
[0.771s] -- Found rclcpp_lifecycle: 16.0.10 (/opt/ros/humble/share/rclcpp_lifecycle/cmake)
[0.794s] -- Found Boost: /usr/lib/x86_64-linux-gnu/cmake/Boost-1.74.0/BoostConfig.cmake (found version "1.74.0") found components: filesystem 
[0.828s] -- library: /usr/lib/x86_64-linux-gnu/libcurl.so
[0.907s] -- Found moveit_ros_occupancy_map_monitor: 2.5.5 (/home/gustav/P5-Kuka-Dual-Arm/install/moveit_ros_occupancy_map_monitor/share/moveit_ros_occupancy_map_monitor/cmake)
[0.935s] -- Found Boost: /usr/lib/x86_64-linux-gnu/cmake/Boost-1.74.0/BoostConfig.cmake (found version "1.74.0") found components: system filesystem date_time program_options thread chrono 
[1.092s] -- Found ament_cmake_gtest: 1.3.10 (/opt/ros/humble/share/ament_cmake_gtest/cmake)
[1.093s] -- Found ament_cmake_gmock: 1.3.10 (/opt/ros/humble/share/ament_cmake_gmock/cmake)
[1.094s] -- Found gmock sources under '/opt/ros/humble/src/gmock_vendor': C++ tests using 'Google Mock' will be built
[1.104s] -- Found gtest sources under '/opt/ros/humble/src/gtest_vendor': C++ tests using 'Google Test' will be built
[1.163s] -- Found ament_lint_auto: 0.12.11 (/opt/ros/humble/share/ament_lint_auto/cmake)
[1.167s] -- Found launch_testing_ament_cmake: 1.0.6 (/opt/ros/humble/share/launch_testing_ament_cmake/cmake)
[1.167s] -- Found python_cmake_module: 0.10.0 (/opt/ros/humble/share/python_cmake_module/cmake)
[1.208s] -- Using PYTHON_EXECUTABLE: /usr/bin/python3
[1.209s] -- Using PYTHON_INCLUDE_DIRS: /usr/include/python3.10
[1.209s] -- Using PYTHON_LIBRARIES: /usr/lib/x86_64-linux-gnu/libpython3.10.so
[1.235s] -- Added test 'cppcheck' to perform static code analysis on C / C++ code
[1.237s] -- Configured cppcheck include dirs: /home/gustav/P5-Kuka-Dual-Arm/p5_ws/src/moveit2/moveit_ros/planning/rdf_loader/include;/home/gustav/P5-Kuka-Dual-Arm/p5_ws/src/moveit2/moveit_ros/planning/kinematics_plugin_loader/include;/home/gustav/P5-Kuka-Dual-Arm/p5_ws/src/moveit2/moveit_ros/planning/robot_model_loader/include;/home/gustav/P5-Kuka-Dual-Arm/p5_ws/src/moveit2/moveit_ros/planning/constraint_sampler_manager_loader/include;/home/gustav/P5-Kuka-Dual-Arm/p5_ws/src/moveit2/moveit_ros/planning/planning_pipeline/include;/home/gustav/P5-Kuka-Dual-Arm/p5_ws/src/moveit2/moveit_ros/planning/planning_scene_monitor/include;/home/gustav/P5-Kuka-Dual-Arm/p5_ws/src/moveit2/moveit_ros/planning/trajectory_execution_manager/include;/home/gustav/P5-Kuka-Dual-Arm/p5_ws/src/moveit2/moveit_ros/planning/plan_execution/include;/home/gustav/P5-Kuka-Dual-Arm/p5_ws/src/moveit2/moveit_ros/planning/collision_plugin_loader/include;/home/gustav/P5-Kuka-Dual-Arm/p5_ws/src/moveit2/moveit_ros/planning/moveit_cpp/include
[1.237s] -- Configured cppcheck exclude dirs and/or files: 
[1.239s] -- Added test 'lint_cmake' to check CMake code style
[1.240s] -- Added test 'pep257' to check Python code against some of the docstring style conventions in PEP 257
[1.242s] -- Added test 'xmllint' to check XML markup files
[1.245s] -- Configuring done
[1.620s] -- Generating done
[1.626s] -- Build files have been written to: /home/gustav/P5-Kuka-Dual-Arm/build/moveit_ros_planning
[1.650s] Invoked command in '/home/gustav/P5-Kuka-Dual-Arm/build/moveit_ros_planning' returned '0': AMENT_PREFIX_PATH=/home/gustav/P5-Kuka-Dual-Arm/install/moveit_ros_occupancy_map_monitor:/home/gustav/P5-Kuka-Dual-Arm/install/moveit_core:/home/gustav/P5-Kuka-Dual-Arm/install/moveit_resources_panda_moveit_config:/home/gustav/P5-Kuka-Dual-Arm/install/generate_parameter_library:/home/gustav/P5-Kuka-Dual-Arm/install/parameter_traits:/home/gustav/P5-Kuka-Dual-Arm/install/moveit_resources_pr2_description:/home/gustav/P5-Kuka-Dual-Arm/install/moveit_resources_panda_description:/home/gustav/P5-Kuka-Dual-Arm/install/moveit_msgs:/home/gustav/P5-Kuka-Dual-Arm/install/moveit_common:/home/gustav/P5-Kuka-Dual-Arm/install/generate_parameter_library_py:${AMENT_PREFIX_PATH} CMAKE_PREFIX_PATH=/home/gustav/P5-Kuka-Dual-Arm/install/moveit_ros_occupancy_map_monitor:/home/gustav/P5-Kuka-Dual-Arm/install/moveit_core:/home/gustav/P5-Kuka-Dual-Arm/install/moveit_resources_panda_moveit_config:/home/gustav/P5-Kuka-Dual-Arm/install/generate_parameter_library:/home/gustav/P5-Kuka-Dual-Arm/install/parameter_traits:/home/gustav/P5-Kuka-Dual-Arm/install/moveit_resources_pr2_description:/home/gustav/P5-Kuka-Dual-Arm/install/moveit_resources_panda_description:/home/gustav/P5-Kuka-Dual-Arm/install/moveit_msgs:/home/gustav/P5-Kuka-Dual-Arm/install/moveit_common:/opt/ros/humble LD_LIBRARY_PATH=/home/gustav/P5-Kuka-Dual-Arm/install/moveit_ros_occupancy_map_monitor/lib:/home/gustav/P5-Kuka-Dual-Arm/install/moveit_core/lib:/home/gustav/P5-Kuka-Dual-Arm/install/parameter_traits/lib:/home/gustav/P5-Kuka-Dual-Arm/install/moveit_msgs/lib:${LD_LIBRARY_PATH} PATH=/home/gustav/P5-Kuka-Dual-Arm/install/moveit_core/bin:/home/gustav/P5-Kuka-Dual-Arm/install/generate_parameter_library_py/bin:${PATH} PYTHONPATH=/home/gustav/P5-Kuka-Dual-Arm/install/moveit_msgs/local/lib/python3.10/dist-packages:/home/gustav/P5-Kuka-Dual-Arm/install/generate_parameter_library_py/lib/python3.10/site-packages:${PYTHONPATH} /usr/bin/cmake /home/gustav/P5-Kuka-Dual-Arm/p5_ws/src/moveit2/moveit_ros/planning -DCMAKE_INSTALL_PREFIX=/home/gustav/P5-Kuka-Dual-Arm/install/moveit_ros_planning
[1.651s] Invoking command in '/home/gustav/P5-Kuka-Dual-Arm/build/moveit_ros_planning': AMENT_PREFIX_PATH=/home/gustav/P5-Kuka-Dual-Arm/install/moveit_ros_occupancy_map_monitor:/home/gustav/P5-Kuka-Dual-Arm/install/moveit_core:/home/gustav/P5-Kuka-Dual-Arm/install/moveit_resources_panda_moveit_config:/home/gustav/P5-Kuka-Dual-Arm/install/generate_parameter_library:/home/gustav/P5-Kuka-Dual-Arm/install/parameter_traits:/home/gustav/P5-Kuka-Dual-Arm/install/moveit_resources_pr2_description:/home/gustav/P5-Kuka-Dual-Arm/install/moveit_resources_panda_description:/home/gustav/P5-Kuka-Dual-Arm/install/moveit_msgs:/home/gustav/P5-Kuka-Dual-Arm/install/moveit_common:/home/gustav/P5-Kuka-Dual-Arm/install/generate_parameter_library_py:${AMENT_PREFIX_PATH} CMAKE_PREFIX_PATH=/home/gustav/P5-Kuka-Dual-Arm/install/moveit_ros_occupancy_map_monitor:/home/gustav/P5-Kuka-Dual-Arm/install/moveit_core:/home/gustav/P5-Kuka-Dual-Arm/install/moveit_resources_panda_moveit_config:/home/gustav/P5-Kuka-Dual-Arm/install/generate_parameter_library:/home/gustav/P5-Kuka-Dual-Arm/install/parameter_traits:/home/gustav/P5-Kuka-Dual-Arm/install/moveit_resources_pr2_description:/home/gustav/P5-Kuka-Dual-Arm/install/moveit_resources_panda_description:/home/gustav/P5-Kuka-Dual-Arm/install/moveit_msgs:/home/gustav/P5-Kuka-Dual-Arm/install/moveit_common:/opt/ros/humble LD_LIBRARY_PATH=/home/gustav/P5-Kuka-Dual-Arm/install/moveit_ros_occupancy_map_monitor/lib:/home/gustav/P5-Kuka-Dual-Arm/install/moveit_core/lib:/home/gustav/P5-Kuka-Dual-Arm/install/parameter_traits/lib:/home/gustav/P5-Kuka-Dual-Arm/install/moveit_msgs/lib:${LD_LIBRARY_PATH} PATH=/home/gustav/P5-Kuka-Dual-Arm/install/moveit_core/bin:/home/gustav/P5-Kuka-Dual-Arm/install/generate_parameter_library_py/bin:${PATH} PYTHONPATH=/home/gustav/P5-Kuka-Dual-Arm/install/moveit_msgs/local/lib/python3.10/dist-packages:/home/gustav/P5-Kuka-Dual-Arm/install/generate_parameter_library_py/lib/python3.10/site-packages:${PYTHONPATH} /usr/bin/cmake --build /home/gustav/P5-Kuka-Dual-Arm/build/moveit_ros_planning -- -j8 -l8
[1.695s] [35m[1mConsolidate compiler generated dependencies of target moveit_rdf_loader[0m
[1.696s] [35m[1mConsolidate compiler generated dependencies of target gmock_main[0m
[1.696s] [35m[1mConsolidate compiler generated dependencies of target gmock[0m
[1.697s] [35m[1mConsolidate compiler generated dependencies of target moveit_collision_plugin_loader[0m
[1.698s] [35m[1mConsolidate compiler generated dependencies of target moveit_planning_pipeline[0m
[1.698s] [35m[1mConsolidate compiler generated dependencies of target moveit_list_request_adapter_plugins[0m
[1.715s] [  3%] Built target gmock_main
[1.718s] [  8%] Built target gmock
[1.718s] [35m[1mConsolidate compiler generated dependencies of target moveit_default_planning_request_adapter_plugins[0m
[1.718s] [  9%] [32mBuilding CXX object rdf_loader/CMakeFiles/moveit_rdf_loader.dir/src/rdf_loader.cpp.o[0m
[1.719s] [ 11%] [32mBuilding CXX object rdf_loader/CMakeFiles/moveit_rdf_loader.dir/src/synchronized_string_parameter.cpp.o[0m
[1.725s] [ 12%] [32m[1mLinking CXX shared library libmoveit_collision_plugin_loader.so[0m
[1.726s] [ 14%] [32m[1mLinking CXX executable moveit_list_request_adapter_plugins[0m
[1.730s] [ 16%] [32m[1mLinking CXX shared library libmoveit_planning_pipeline.so[0m
[1.775s] [ 17%] [32m[1mLinking CXX shared library libmoveit_default_planning_request_adapter_plugins.so[0m
[1.956s] [ 19%] Built target moveit_list_request_adapter_plugins
[2.014s] [ 20%] Built target moveit_collision_plugin_loader
[2.037s] [ 37%] Built target moveit_default_planning_request_adapter_plugins
[2.077s] [ 38%] Built target moveit_planning_pipeline
[13.966s] [ 40%] [32m[1mLinking CXX shared library libmoveit_rdf_loader.so[0m
[14.210s] [ 40%] Built target moveit_rdf_loader
[14.221s] [35m[1mConsolidate compiler generated dependencies of target moveit_kinematics_plugin_loader[0m
[14.221s] [35m[1mConsolidate compiler generated dependencies of target moveit_constraint_sampler_manager_loader[0m
[14.239s] [ 41%] [32m[1mLinking CXX shared library libmoveit_kinematics_plugin_loader.so[0m
[14.240s] [ 43%] [32m[1mLinking CXX shared library libmoveit_constraint_sampler_manager_loader.so[0m
[14.450s] [ 45%] Built target moveit_kinematics_plugin_loader
[14.462s] [35m[1mConsolidate compiler generated dependencies of target moveit_robot_model_loader[0m
[14.480s] [ 46%] [32m[1mLinking CXX shared library libmoveit_robot_model_loader.so[0m
[14.506s] [ 48%] Built target moveit_constraint_sampler_manager_loader
[14.671s] [ 50%] Built target moveit_robot_model_loader
[14.682s] [35m[1mConsolidate compiler generated dependencies of target moveit_print_planning_model_info[0m
[14.690s] [35m[1mConsolidate compiler generated dependencies of target moveit_planning_scene_monitor[0m
[14.700s] [ 51%] [32m[1mLinking CXX executable moveit_print_planning_model_info[0m
[14.730s] [ 53%] [32m[1mLinking CXX shared library libmoveit_planning_scene_monitor.so[0m
[15.003s] [ 54%] Built target moveit_print_planning_model_info
[15.256s] [ 62%] Built target moveit_planning_scene_monitor
[15.273s] [35m[1mConsolidate compiler generated dependencies of target current_state_monitor_tests[0m
[15.273s] [35m[1mConsolidate compiler generated dependencies of target trajectory_monitor_tests[0m
[15.273s] [35m[1mConsolidate compiler generated dependencies of target demo_scene[0m
[15.273s] [35m[1mConsolidate compiler generated dependencies of target moveit_display_random_state[0m
[15.273s] [35m[1mConsolidate compiler generated dependencies of target moveit_visualize_robot_collision_volume[0m
[15.273s] [35m[1mConsolidate compiler generated dependencies of target moveit_publish_scene_from_text[0m
[15.273s] [35m[1mConsolidate compiler generated dependencies of target moveit_evaluate_collision_checking_speed[0m
[15.274s] [35m[1mConsolidate compiler generated dependencies of target moveit_print_planning_scene_info[0m
[15.308s] [ 66%] [32m[1mLinking CXX executable current_state_monitor_tests[0m
[15.308s] [ 66%] [32m[1mLinking CXX executable trajectory_monitor_tests[0m
[15.309s] [ 69%] [32m[1mLinking CXX executable moveit_display_random_state[0m
[15.309s] [ 69%] [32m[1mLinking CXX executable demo_scene[0m
[15.310s] [ 70%] [32m[1mLinking CXX executable moveit_visualize_robot_collision_volume[0m
[15.310s] [ 72%] [32m[1mLinking CXX executable moveit_print_planning_scene_info[0m
[15.311s] [ 74%] [32m[1mLinking CXX executable moveit_publish_scene_from_text[0m
[15.313s] [ 75%] [32m[1mLinking CXX executable moveit_evaluate_collision_checking_speed[0m
[16.333s] [ 77%] Built target demo_scene
[16.402s] [35m[1mConsolidate compiler generated dependencies of target moveit_trajectory_execution_manager[0m
[16.515s] [ 79%] [32m[1mLinking CXX shared library libmoveit_trajectory_execution_manager.so[0m
[16.722s] [ 80%] Built target moveit_print_planning_scene_info
[16.776s] [ 82%] Built target moveit_visualize_robot_collision_volume
[16.797s] [ 83%] Built target moveit_publish_scene_from_text
[16.828s] [ 85%] Built target moveit_evaluate_collision_checking_speed
[16.842s] [ 87%] Built target moveit_display_random_state
[16.920s] [ 88%] Built target current_state_monitor_tests
[16.967s] [ 90%] Built target trajectory_monitor_tests
[17.079s] [ 91%] Built target moveit_trajectory_execution_manager
[17.090s] [35m[1mConsolidate compiler generated dependencies of target moveit_plan_execution[0m
[17.092s] [35m[1mConsolidate compiler generated dependencies of target moveit_cpp[0m
[17.115s] [ 93%] [32m[1mLinking CXX shared library libmoveit_plan_execution.so[0m
[17.121s] [ 95%] [32m[1mLinking CXX shared library libmoveit_cpp.so[0m
[17.391s] [ 96%] Built target moveit_plan_execution
[17.444s] [100%] Built target moveit_cpp
[17.454s] Invoked command in '/home/gustav/P5-Kuka-Dual-Arm/build/moveit_ros_planning' returned '0': AMENT_PREFIX_PATH=/home/gustav/P5-Kuka-Dual-Arm/install/moveit_ros_occupancy_map_monitor:/home/gustav/P5-Kuka-Dual-Arm/install/moveit_core:/home/gustav/P5-Kuka-Dual-Arm/install/moveit_resources_panda_moveit_config:/home/gustav/P5-Kuka-Dual-Arm/install/generate_parameter_library:/home/gustav/P5-Kuka-Dual-Arm/install/parameter_traits:/home/gustav/P5-Kuka-Dual-Arm/install/moveit_resources_pr2_description:/home/gustav/P5-Kuka-Dual-Arm/install/moveit_resources_panda_description:/home/gustav/P5-Kuka-Dual-Arm/install/moveit_msgs:/home/gustav/P5-Kuka-Dual-Arm/install/moveit_common:/home/gustav/P5-Kuka-Dual-Arm/install/generate_parameter_library_py:${AMENT_PREFIX_PATH} CMAKE_PREFIX_PATH=/home/gustav/P5-Kuka-Dual-Arm/install/moveit_ros_occupancy_map_monitor:/home/gustav/P5-Kuka-Dual-Arm/install/moveit_core:/home/gustav/P5-Kuka-Dual-Arm/install/moveit_resources_panda_moveit_config:/home/gustav/P5-Kuka-Dual-Arm/install/generate_parameter_library:/home/gustav/P5-Kuka-Dual-Arm/install/parameter_traits:/home/gustav/P5-Kuka-Dual-Arm/install/moveit_resources_pr2_description:/home/gustav/P5-Kuka-Dual-Arm/install/moveit_resources_panda_description:/home/gustav/P5-Kuka-Dual-Arm/install/moveit_msgs:/home/gustav/P5-Kuka-Dual-Arm/install/moveit_common:/opt/ros/humble LD_LIBRARY_PATH=/home/gustav/P5-Kuka-Dual-Arm/install/moveit_ros_occupancy_map_monitor/lib:/home/gustav/P5-Kuka-Dual-Arm/install/moveit_core/lib:/home/gustav/P5-Kuka-Dual-Arm/install/parameter_traits/lib:/home/gustav/P5-Kuka-Dual-Arm/install/moveit_msgs/lib:${LD_LIBRARY_PATH} PATH=/home/gustav/P5-Kuka-Dual-Arm/install/moveit_core/bin:/home/gustav/P5-Kuka-Dual-Arm/install/generate_parameter_library_py/bin:${PATH} PYTHONPATH=/home/gustav/P5-Kuka-Dual-Arm/install/moveit_msgs/local/lib/python3.10/dist-packages:/home/gustav/P5-Kuka-Dual-Arm/install/generate_parameter_library_py/lib/python3.10/site-packages:${PYTHONPATH} /usr/bin/cmake --build /home/gustav/P5-Kuka-Dual-Arm/build/moveit_ros_planning -- -j8 -l8
[17.488s] Invoking command in '/home/gustav/P5-Kuka-Dual-Arm/build/moveit_ros_planning': AMENT_PREFIX_PATH=/home/gustav/P5-Kuka-Dual-Arm/install/moveit_ros_occupancy_map_monitor:/home/gustav/P5-Kuka-Dual-Arm/install/moveit_core:/home/gustav/P5-Kuka-Dual-Arm/install/moveit_resources_panda_moveit_config:/home/gustav/P5-Kuka-Dual-Arm/install/generate_parameter_library:/home/gustav/P5-Kuka-Dual-Arm/install/parameter_traits:/home/gustav/P5-Kuka-Dual-Arm/install/moveit_resources_pr2_description:/home/gustav/P5-Kuka-Dual-Arm/install/moveit_resources_panda_description:/home/gustav/P5-Kuka-Dual-Arm/install/moveit_msgs:/home/gustav/P5-Kuka-Dual-Arm/install/moveit_common:/home/gustav/P5-Kuka-Dual-Arm/install/generate_parameter_library_py:${AMENT_PREFIX_PATH} CMAKE_PREFIX_PATH=/home/gustav/P5-Kuka-Dual-Arm/install/moveit_ros_occupancy_map_monitor:/home/gustav/P5-Kuka-Dual-Arm/install/moveit_core:/home/gustav/P5-Kuka-Dual-Arm/install/moveit_resources_panda_moveit_config:/home/gustav/P5-Kuka-Dual-Arm/install/generate_parameter_library:/home/gustav/P5-Kuka-Dual-Arm/install/parameter_traits:/home/gustav/P5-Kuka-Dual-Arm/install/moveit_resources_pr2_description:/home/gustav/P5-Kuka-Dual-Arm/install/moveit_resources_panda_description:/home/gustav/P5-Kuka-Dual-Arm/install/moveit_msgs:/home/gustav/P5-Kuka-Dual-Arm/install/moveit_common:/opt/ros/humble LD_LIBRARY_PATH=/home/gustav/P5-Kuka-Dual-Arm/install/moveit_ros_occupancy_map_monitor/lib:/home/gustav/P5-Kuka-Dual-Arm/install/moveit_core/lib:/home/gustav/P5-Kuka-Dual-Arm/install/parameter_traits/lib:/home/gustav/P5-Kuka-Dual-Arm/install/moveit_msgs/lib:${LD_LIBRARY_PATH} PATH=/home/gustav/P5-Kuka-Dual-Arm/install/moveit_core/bin:/home/gustav/P5-Kuka-Dual-Arm/install/generate_parameter_library_py/bin:${PATH} PYTHONPATH=/home/gustav/P5-Kuka-Dual-Arm/install/moveit_msgs/local/lib/python3.10/dist-packages:/home/gustav/P5-Kuka-Dual-Arm/install/generate_parameter_library_py/lib/python3.10/site-packages:${PYTHONPATH} /usr/bin/cmake --install /home/gustav/P5-Kuka-Dual-Arm/build/moveit_ros_planning
[17.496s] -- Install configuration: "Release"
[17.496s] -- Up-to-date: /home/gustav/P5-Kuka-Dual-Arm/install/moveit_ros_planning/include
[17.496s] -- Up-to-date: /home/gustav/P5-Kuka-Dual-Arm/install/moveit_ros_planning/include/moveit
[17.496s] -- Up-to-date: /home/gustav/P5-Kuka-Dual-Arm/install/moveit_ros_planning/include/moveit/rdf_loader
[17.496s] -- Up-to-date: /home/gustav/P5-Kuka-Dual-Arm/install/moveit_ros_planning/include/moveit/rdf_loader/synchronized_string_parameter.h
[17.496s] -- Up-to-date: /home/gustav/P5-Kuka-Dual-Arm/install/moveit_ros_planning/include/moveit/rdf_loader/rdf_loader.h
[17.496s] -- Up-to-date: /home/gustav/P5-Kuka-Dual-Arm/install/moveit_ros_planning/share/moveit_ros_planning/rdf_loader/test/data
[17.497s] -- Up-to-date: /home/gustav/P5-Kuka-Dual-Arm/install/moveit_ros_planning/share/moveit_ros_planning/rdf_loader/test/data/kermit.srdf
[17.497s] -- Up-to-date: /home/gustav/P5-Kuka-Dual-Arm/install/moveit_ros_planning/share/moveit_ros_planning/rdf_loader/test/data/kermit.urdf
[17.497s] -- Up-to-date: /home/gustav/P5-Kuka-Dual-Arm/install/moveit_ros_planning/share/moveit_ros_planning/rdf_loader/test/data/robin.srdf.xacro
[17.497s] -- Up-to-date: /home/gustav/P5-Kuka-Dual-Arm/install/moveit_ros_planning/share/moveit_ros_planning/rdf_loader/test/data/gonzo.urdf
[17.497s] -- Up-to-date: /home/gustav/P5-Kuka-Dual-Arm/install/moveit_ros_planning/share/moveit_ros_planning/rdf_loader/test/data/gonzo.srdf
[17.497s] -- Up-to-date: /home/gustav/P5-Kuka-Dual-Arm/install/moveit_ros_planning/share/moveit_ros_planning/rdf_loader/test/launch
[17.497s] -- Up-to-date: /home/gustav/P5-Kuka-Dual-Arm/install/moveit_ros_planning/share/moveit_ros_planning/rdf_loader/test/launch/test_rdf_integration.test.py
[17.497s] -- Up-to-date: /home/gustav/P5-Kuka-Dual-Arm/install/moveit_ros_planning/include
[17.497s] -- Up-to-date: /home/gustav/P5-Kuka-Dual-Arm/install/moveit_ros_planning/include/moveit
[17.498s] -- Up-to-date: /home/gustav/P5-Kuka-Dual-Arm/install/moveit_ros_planning/include/moveit/collision_plugin_loader
[17.498s] -- Up-to-date: /home/gustav/P5-Kuka-Dual-Arm/install/moveit_ros_planning/include/moveit/collision_plugin_loader/collision_plugin_loader.h
[17.498s] -- Up-to-date: /home/gustav/P5-Kuka-Dual-Arm/install/moveit_ros_planning/include
[17.498s] -- Up-to-date: /home/gustav/P5-Kuka-Dual-Arm/install/moveit_ros_planning/include/moveit
[17.498s] -- Up-to-date: /home/gustav/P5-Kuka-Dual-Arm/install/moveit_ros_planning/include/moveit/kinematics_plugin_loader
[17.498s] -- Up-to-date: /home/gustav/P5-Kuka-Dual-Arm/install/moveit_ros_planning/include/moveit/kinematics_plugin_loader/kinematics_plugin_loader.h
[17.498s] -- Up-to-date: /home/gustav/P5-Kuka-Dual-Arm/install/moveit_ros_planning/include
[17.498s] -- Up-to-date: /home/gustav/P5-Kuka-Dual-Arm/install/moveit_ros_planning/include/moveit
[17.498s] -- Up-to-date: /home/gustav/P5-Kuka-Dual-Arm/install/moveit_ros_planning/include/moveit/robot_model_loader
[17.498s] -- Up-to-date: /home/gustav/P5-Kuka-Dual-Arm/install/moveit_ros_planning/include/moveit/robot_model_loader/robot_model_loader.h
[17.498s] -- Up-to-date: /home/gustav/P5-Kuka-Dual-Arm/install/moveit_ros_planning/include
[17.498s] -- Up-to-date: /home/gustav/P5-Kuka-Dual-Arm/install/moveit_ros_planning/include/moveit
[17.499s] -- Up-to-date: /home/gustav/P5-Kuka-Dual-Arm/install/moveit_ros_planning/include/moveit/constraint_sampler_manager_loader
[17.499s] -- Up-to-date: /home/gustav/P5-Kuka-Dual-Arm/install/moveit_ros_planning/include/moveit/constraint_sampler_manager_loader/constraint_sampler_manager_loader.h
[17.499s] -- Up-to-date: /home/gustav/P5-Kuka-Dual-Arm/install/moveit_ros_planning/include
[17.499s] -- Up-to-date: /home/gustav/P5-Kuka-Dual-Arm/install/moveit_ros_planning/include/moveit
[17.499s] -- Up-to-date: /home/gustav/P5-Kuka-Dual-Arm/install/moveit_ros_planning/include/moveit/planning_pipeline
[17.499s] -- Up-to-date: /home/gustav/P5-Kuka-Dual-Arm/install/moveit_ros_planning/include/moveit/planning_pipeline/planning_pipeline.h
[17.499s] -- Up-to-date: /home/gustav/P5-Kuka-Dual-Arm/install/moveit_ros_planning/include/moveit_planning_pipeline_export.h
[17.499s] -- Installing: /home/gustav/P5-Kuka-Dual-Arm/install/moveit_ros_planning/lib/moveit_ros_planning/moveit_list_request_adapter_plugins
[17.500s] -- Set runtime path of "/home/gustav/P5-Kuka-Dual-Arm/install/moveit_ros_planning/lib/moveit_ros_planning/moveit_list_request_adapter_plugins" to ""
[17.500s] -- Installing: /home/gustav/P5-Kuka-Dual-Arm/install/moveit_ros_planning/lib/moveit_ros_planning/demo_scene
[17.501s] -- Set runtime path of "/home/gustav/P5-Kuka-Dual-Arm/install/moveit_ros_planning/lib/moveit_ros_planning/demo_scene" to ""
[17.501s] -- Up-to-date: /home/gustav/P5-Kuka-Dual-Arm/install/moveit_ros_planning/include
[17.501s] -- Up-to-date: /home/gustav/P5-Kuka-Dual-Arm/install/moveit_ros_planning/include/moveit
[17.501s] -- Up-to-date: /home/gustav/P5-Kuka-Dual-Arm/install/moveit_ros_planning/include/moveit/planning_scene_monitor
[17.501s] -- Up-to-date: /home/gustav/P5-Kuka-Dual-Arm/install/moveit_ros_planning/include/moveit/planning_scene_monitor/trajectory_monitor.h
[17.501s] -- Up-to-date: /home/gustav/P5-Kuka-Dual-Arm/install/moveit_ros_planning/include/moveit/planning_scene_monitor/current_state_monitor_middleware_handle.hpp
[17.502s] -- Up-to-date: /home/gustav/P5-Kuka-Dual-Arm/install/moveit_ros_planning/include/moveit/planning_scene_monitor/current_state_monitor.h
[17.502s] -- Up-to-date: /home/gustav/P5-Kuka-Dual-Arm/install/moveit_ros_planning/include/moveit/planning_scene_monitor/planning_scene_monitor.h
[17.502s] -- Up-to-date: /home/gustav/P5-Kuka-Dual-Arm/install/moveit_ros_planning/include/moveit/planning_scene_monitor/trajectory_monitor_middleware_handle.hpp
[17.502s] -- Up-to-date: /home/gustav/P5-Kuka-Dual-Arm/install/moveit_ros_planning/include/moveit_planning_scene_monitor_export.h
[17.502s] -- Installing: /home/gustav/P5-Kuka-Dual-Arm/install/moveit_ros_planning/lib/moveit_ros_planning/moveit_print_planning_model_info
[17.503s] -- Set runtime path of "/home/gustav/P5-Kuka-Dual-Arm/install/moveit_ros_planning/lib/moveit_ros_planning/moveit_print_planning_model_info" to ""
[17.503s] -- Installing: /home/gustav/P5-Kuka-Dual-Arm/install/moveit_ros_planning/lib/moveit_ros_planning/moveit_print_planning_scene_info
[17.503s] -- Set runtime path of "/home/gustav/P5-Kuka-Dual-Arm/install/moveit_ros_planning/lib/moveit_ros_planning/moveit_print_planning_scene_info" to ""
[17.504s] -- Installing: /home/gustav/P5-Kuka-Dual-Arm/install/moveit_ros_planning/lib/moveit_ros_planning/moveit_display_random_state
[17.505s] -- Set runtime path of "/home/gustav/P5-Kuka-Dual-Arm/install/moveit_ros_planning/lib/moveit_ros_planning/moveit_display_random_state" to ""
[17.505s] -- Installing: /home/gustav/P5-Kuka-Dual-Arm/install/moveit_ros_planning/lib/moveit_ros_planning/moveit_visualize_robot_collision_volume
[17.506s] -- Set runtime path of "/home/gustav/P5-Kuka-Dual-Arm/install/moveit_ros_planning/lib/moveit_ros_planning/moveit_visualize_robot_collision_volume" to ""
[17.506s] -- Installing: /home/gustav/P5-Kuka-Dual-Arm/install/moveit_ros_planning/lib/moveit_ros_planning/moveit_evaluate_collision_checking_speed
[17.507s] -- Set runtime path of "/home/gustav/P5-Kuka-Dual-Arm/install/moveit_ros_planning/lib/moveit_ros_planning/moveit_evaluate_collision_checking_speed" to ""
[17.507s] -- Installing: /home/gustav/P5-Kuka-Dual-Arm/install/moveit_ros_planning/lib/moveit_ros_planning/moveit_publish_scene_from_text
[17.508s] -- Set runtime path of "/home/gustav/P5-Kuka-Dual-Arm/install/moveit_ros_planning/lib/moveit_ros_planning/moveit_publish_scene_from_text" to ""
[17.508s] -- Up-to-date: /home/gustav/P5-Kuka-Dual-Arm/install/moveit_ros_planning/include
[17.508s] -- Up-to-date: /home/gustav/P5-Kuka-Dual-Arm/install/moveit_ros_planning/include/moveit
[17.508s] -- Up-to-date: /home/gustav/P5-Kuka-Dual-Arm/install/moveit_ros_planning/include/moveit/trajectory_execution_manager
[17.508s] -- Up-to-date: /home/gustav/P5-Kuka-Dual-Arm/install/moveit_ros_planning/include/moveit/trajectory_execution_manager/trajectory_execution_manager.h
[17.509s] -- Up-to-date: /home/gustav/P5-Kuka-Dual-Arm/install/moveit_ros_planning/include/moveit_trajectory_execution_manager_export.h
[17.509s] -- Up-to-date: /home/gustav/P5-Kuka-Dual-Arm/install/moveit_ros_planning/include
[17.509s] -- Up-to-date: /home/gustav/P5-Kuka-Dual-Arm/install/moveit_ros_planning/include/moveit
[17.509s] -- Up-to-date: /home/gustav/P5-Kuka-Dual-Arm/install/moveit_ros_planning/include/moveit/plan_execution
[17.509s] -- Up-to-date: /home/gustav/P5-Kuka-Dual-Arm/install/moveit_ros_planning/include/moveit/plan_execution/plan_execution.h
[17.509s] -- Up-to-date: /home/gustav/P5-Kuka-Dual-Arm/install/moveit_ros_planning/include/moveit/plan_execution/plan_representation.h
[17.509s] -- Up-to-date: /home/gustav/P5-Kuka-Dual-Arm/install/moveit_ros_planning/include
[17.509s] -- Up-to-date: /home/gustav/P5-Kuka-Dual-Arm/install/moveit_ros_planning/include/moveit
[17.509s] -- Up-to-date: /home/gustav/P5-Kuka-Dual-Arm/install/moveit_ros_planning/include/moveit/moveit_cpp
[17.509s] -- Up-to-date: /home/gustav/P5-Kuka-Dual-Arm/install/moveit_ros_planning/include/moveit/moveit_cpp/planning_component.h
[17.510s] -- Up-to-date: /home/gustav/P5-Kuka-Dual-Arm/install/moveit_ros_planning/include/moveit/moveit_cpp/moveit_cpp.h
[17.510s] -- Installing: /home/gustav/P5-Kuka-Dual-Arm/install/moveit_ros_planning/lib/libmoveit_rdf_loader.so.2.5.5
[17.511s] -- Set runtime path of "/home/gustav/P5-Kuka-Dual-Arm/install/moveit_ros_planning/lib/libmoveit_rdf_loader.so.2.5.5" to ""
[17.511s] -- Up-to-date: /home/gustav/P5-Kuka-Dual-Arm/install/moveit_ros_planning/lib/libmoveit_rdf_loader.so
[17.511s] -- Installing: /home/gustav/P5-Kuka-Dual-Arm/install/moveit_ros_planning/lib/libmoveit_kinematics_plugin_loader.so.2.5.5
[17.512s] -- Set runtime path of "/home/gustav/P5-Kuka-Dual-Arm/install/moveit_ros_planning/lib/libmoveit_kinematics_plugin_loader.so.2.5.5" to ""
[17.512s] -- Up-to-date: /home/gustav/P5-Kuka-Dual-Arm/install/moveit_ros_planning/lib/libmoveit_kinematics_plugin_loader.so
[17.512s] -- Installing: /home/gustav/P5-Kuka-Dual-Arm/install/moveit_ros_planning/lib/libmoveit_robot_model_loader.so.2.5.5
[17.512s] -- Set runtime path of "/home/gustav/P5-Kuka-Dual-Arm/install/moveit_ros_planning/lib/libmoveit_robot_model_loader.so.2.5.5" to ""
[17.512s] -- Up-to-date: /home/gustav/P5-Kuka-Dual-Arm/install/moveit_ros_planning/lib/libmoveit_robot_model_loader.so
[17.513s] -- Installing: /home/gustav/P5-Kuka-Dual-Arm/install/moveit_ros_planning/lib/libmoveit_constraint_sampler_manager_loader.so.2.5.5
[17.513s] -- Set runtime path of "/home/gustav/P5-Kuka-Dual-Arm/install/moveit_ros_planning/lib/libmoveit_constraint_sampler_manager_loader.so.2.5.5" to ""
[17.513s] -- Up-to-date: /home/gustav/P5-Kuka-Dual-Arm/install/moveit_ros_planning/lib/libmoveit_constraint_sampler_manager_loader.so
[17.514s] -- Installing: /home/gustav/P5-Kuka-Dual-Arm/install/moveit_ros_planning/lib/libmoveit_planning_pipeline.so.2.5.5
[17.515s] -- Set runtime path of "/home/gustav/P5-Kuka-Dual-Arm/install/moveit_ros_planning/lib/libmoveit_planning_pipeline.so.2.5.5" to ""
[17.515s] -- Up-to-date: /home/gustav/P5-Kuka-Dual-Arm/install/moveit_ros_planning/lib/libmoveit_planning_pipeline.so
[17.515s] -- Installing: /home/gustav/P5-Kuka-Dual-Arm/install/moveit_ros_planning/lib/libmoveit_trajectory_execution_manager.so.2.5.5
[17.516s] -- Set runtime path of "/home/gustav/P5-Kuka-Dual-Arm/install/moveit_ros_planning/lib/libmoveit_trajectory_execution_manager.so.2.5.5" to ""
[17.517s] -- Up-to-date: /home/gustav/P5-Kuka-Dual-Arm/install/moveit_ros_planning/lib/libmoveit_trajectory_execution_manager.so
[17.517s] -- Installing: /home/gustav/P5-Kuka-Dual-Arm/install/moveit_ros_planning/lib/libmoveit_plan_execution.so.2.5.5
[17.517s] -- Set runtime path of "/home/gustav/P5-Kuka-Dual-Arm/install/moveit_ros_planning/lib/libmoveit_plan_execution.so.2.5.5" to ""
[17.517s] -- Up-to-date: /home/gustav/P5-Kuka-Dual-Arm/install/moveit_ros_planning/lib/libmoveit_plan_execution.so
[17.518s] -- Installing: /home/gustav/P5-Kuka-Dual-Arm/install/moveit_ros_planning/lib/libmoveit_planning_scene_monitor.so.2.5.5
[17.521s] -- Set runtime path of "/home/gustav/P5-Kuka-Dual-Arm/install/moveit_ros_planning/lib/libmoveit_planning_scene_monitor.so.2.5.5" to ""
[17.521s] -- Up-to-date: /home/gustav/P5-Kuka-Dual-Arm/install/moveit_ros_planning/lib/libmoveit_planning_scene_monitor.so
[17.521s] -- Installing: /home/gustav/P5-Kuka-Dual-Arm/install/moveit_ros_planning/lib/libmoveit_collision_plugin_loader.so.2.5.5
[17.522s] -- Set runtime path of "/home/gustav/P5-Kuka-Dual-Arm/install/moveit_ros_planning/lib/libmoveit_collision_plugin_loader.so.2.5.5" to ""
[17.522s] -- Up-to-date: /home/gustav/P5-Kuka-Dual-Arm/install/moveit_ros_planning/lib/libmoveit_collision_plugin_loader.so
[17.522s] -- Installing: /home/gustav/P5-Kuka-Dual-Arm/install/moveit_ros_planning/lib/libmoveit_default_planning_request_adapter_plugins.so.2.5.5
[17.523s] -- Set runtime path of "/home/gustav/P5-Kuka-Dual-Arm/install/moveit_ros_planning/lib/libmoveit_default_planning_request_adapter_plugins.so.2.5.5" to ""
[17.523s] -- Up-to-date: /home/gustav/P5-Kuka-Dual-Arm/install/moveit_ros_planning/lib/libmoveit_default_planning_request_adapter_plugins.so
[17.524s] -- Installing: /home/gustav/P5-Kuka-Dual-Arm/install/moveit_ros_planning/lib/libmoveit_cpp.so.2.5.5
[17.524s] -- Set runtime path of "/home/gustav/P5-Kuka-Dual-Arm/install/moveit_ros_planning/lib/libmoveit_cpp.so.2.5.5" to ""
[17.525s] -- Up-to-date: /home/gustav/P5-Kuka-Dual-Arm/install/moveit_ros_planning/lib/libmoveit_cpp.so
[17.525s] -- Up-to-date: /home/gustav/P5-Kuka-Dual-Arm/install/moveit_ros_planning/share/moveit_ros_planning/environment/library_path.sh
[17.525s] -- Installing: /home/gustav/P5-Kuka-Dual-Arm/install/moveit_ros_planning/share/moveit_ros_planning/environment/library_path.dsv
[17.525s] -- Up-to-date: /home/gustav/P5-Kuka-Dual-Arm/install/moveit_ros_planning/share/moveit_ros_planning/planning_request_adapters_plugin_description.xml
[17.525s] -- Up-to-date: /home/gustav/P5-Kuka-Dual-Arm/install/moveit_ros_planning/share/ament_index/resource_index/package_run_dependencies/moveit_ros_planning
[17.525s] -- Installing: /home/gustav/P5-Kuka-Dual-Arm/install/moveit_ros_planning/share/ament_index/resource_index/parent_prefix_path/moveit_ros_planning
[17.525s] -- Up-to-date: /home/gustav/P5-Kuka-Dual-Arm/install/moveit_ros_planning/share/moveit_ros_planning/environment/ament_prefix_path.sh
[17.526s] -- Installing: /home/gustav/P5-Kuka-Dual-Arm/install/moveit_ros_planning/share/moveit_ros_planning/environment/ament_prefix_path.dsv
[17.526s] -- Up-to-date: /home/gustav/P5-Kuka-Dual-Arm/install/moveit_ros_planning/share/moveit_ros_planning/environment/path.sh
[17.526s] -- Installing: /home/gustav/P5-Kuka-Dual-Arm/install/moveit_ros_planning/share/moveit_ros_planning/environment/path.dsv
[17.526s] -- Up-to-date: /home/gustav/P5-Kuka-Dual-Arm/install/moveit_ros_planning/share/moveit_ros_planning/local_setup.bash
[17.526s] -- Up-to-date: /home/gustav/P5-Kuka-Dual-Arm/install/moveit_ros_planning/share/moveit_ros_planning/local_setup.sh
[17.526s] -- Up-to-date: /home/gustav/P5-Kuka-Dual-Arm/install/moveit_ros_planning/share/moveit_ros_planning/local_setup.zsh
[17.526s] -- Installing: /home/gustav/P5-Kuka-Dual-Arm/install/moveit_ros_planning/share/moveit_ros_planning/local_setup.dsv
[17.526s] -- Installing: /home/gustav/P5-Kuka-Dual-Arm/install/moveit_ros_planning/share/moveit_ros_planning/package.dsv
[17.526s] -- Up-to-date: /home/gustav/P5-Kuka-Dual-Arm/install/moveit_ros_planning/share/ament_index/resource_index/packages/moveit_ros_planning
[17.526s] -- Up-to-date: /home/gustav/P5-Kuka-Dual-Arm/install/moveit_ros_planning/share/ament_index/resource_index/moveit_core__pluginlib__plugin/moveit_ros_planning
[17.526s] -- Up-to-date: /home/gustav/P5-Kuka-Dual-Arm/install/moveit_ros_planning/share/moveit_ros_planning/cmake/export_moveit_ros_planningExport.cmake
[17.526s] -- Up-to-date: /home/gustav/P5-Kuka-Dual-Arm/install/moveit_ros_planning/share/moveit_ros_planning/cmake/export_moveit_ros_planningExport-release.cmake
[17.526s] -- Up-to-date: /home/gustav/P5-Kuka-Dual-Arm/install/moveit_ros_planning/share/moveit_ros_planning/cmake/ConfigExtras.cmake
[17.527s] -- Up-to-date: /home/gustav/P5-Kuka-Dual-Arm/install/moveit_ros_planning/share/moveit_ros_planning/cmake/ament_cmake_export_targets-extras.cmake
[17.527s] -- Up-to-date: /home/gustav/P5-Kuka-Dual-Arm/install/moveit_ros_planning/share/moveit_ros_planning/cmake/ament_cmake_export_dependencies-extras.cmake
[17.527s] -- Up-to-date: /home/gustav/P5-Kuka-Dual-Arm/install/moveit_ros_planning/share/moveit_ros_planning/cmake/moveit_ros_planningConfig.cmake
[17.527s] -- Up-to-date: /home/gustav/P5-Kuka-Dual-Arm/install/moveit_ros_planning/share/moveit_ros_planning/cmake/moveit_ros_planningConfig-version.cmake
[17.527s] -- Up-to-date: /home/gustav/P5-Kuka-Dual-Arm/install/moveit_ros_planning/share/moveit_ros_planning/package.xml
[17.528s] Invoked command in '/home/gustav/P5-Kuka-Dual-Arm/build/moveit_ros_planning' returned '0': AMENT_PREFIX_PATH=/home/gustav/P5-Kuka-Dual-Arm/install/moveit_ros_occupancy_map_monitor:/home/gustav/P5-Kuka-Dual-Arm/install/moveit_core:/home/gustav/P5-Kuka-Dual-Arm/install/moveit_resources_panda_moveit_config:/home/gustav/P5-Kuka-Dual-Arm/install/generate_parameter_library:/home/gustav/P5-Kuka-Dual-Arm/install/parameter_traits:/home/gustav/P5-Kuka-Dual-Arm/install/moveit_resources_pr2_description:/home/gustav/P5-Kuka-Dual-Arm/install/moveit_resources_panda_description:/home/gustav/P5-Kuka-Dual-Arm/install/moveit_msgs:/home/gustav/P5-Kuka-Dual-Arm/install/moveit_common:/home/gustav/P5-Kuka-Dual-Arm/install/generate_parameter_library_py:${AMENT_PREFIX_PATH} CMAKE_PREFIX_PATH=/home/gustav/P5-Kuka-Dual-Arm/install/moveit_ros_occupancy_map_monitor:/home/gustav/P5-Kuka-Dual-Arm/install/moveit_core:/home/gustav/P5-Kuka-Dual-Arm/install/moveit_resources_panda_moveit_config:/home/gustav/P5-Kuka-Dual-Arm/install/generate_parameter_library:/home/gustav/P5-Kuka-Dual-Arm/install/parameter_traits:/home/gustav/P5-Kuka-Dual-Arm/install/moveit_resources_pr2_description:/home/gustav/P5-Kuka-Dual-Arm/install/moveit_resources_panda_description:/home/gustav/P5-Kuka-Dual-Arm/install/moveit_msgs:/home/gustav/P5-Kuka-Dual-Arm/install/moveit_common:/opt/ros/humble LD_LIBRARY_PATH=/home/gustav/P5-Kuka-Dual-Arm/install/moveit_ros_occupancy_map_monitor/lib:/home/gustav/P5-Kuka-Dual-Arm/install/moveit_core/lib:/home/gustav/P5-Kuka-Dual-Arm/install/parameter_traits/lib:/home/gustav/P5-Kuka-Dual-Arm/install/moveit_msgs/lib:${LD_LIBRARY_PATH} PATH=/home/gustav/P5-Kuka-Dual-Arm/install/moveit_core/bin:/home/gustav/P5-Kuka-Dual-Arm/install/generate_parameter_library_py/bin:${PATH} PYTHONPATH=/home/gustav/P5-Kuka-Dual-Arm/install/moveit_msgs/local/lib/python3.10/dist-packages:/home/gustav/P5-Kuka-Dual-Arm/install/generate_parameter_library_py/lib/python3.10/site-packages:${PYTHONPATH} /usr/bin/cmake --install /home/gustav/P5-Kuka-Dual-Arm/build/moveit_ros_planning
