-- Found ament_cmake: 1.3.10 (/opt/ros/humble/share/ament_cmake/cmake)
-- Configuring done
-- Generating done
-- Build files have been written to: /home/gustav/P5-Kuka-Dual-Arm/build/lbr_bringup
Built target ament_cmake_python_copy_launch_mixins
running egg_info
writing launch_mixins.egg-info/PKG-INFO
writing dependency_links to launch_mixins.egg-info/dependency_links.txt
writing top-level names to launch_mixins.egg-info/top_level.txt
reading manifest file 'launch_mixins.egg-info/SOURCES.txt'
writing manifest file 'launch_mixins.egg-info/SOURCES.txt'
Built target ament_cmake_python_build_launch_mixins_egg
-- Install configuration: "Release"
-- Up-to-date: /home/gustav/P5-Kuka-Dual-Arm/install/lbr_bringup/share/lbr_bringup/config
-- Up-to-date: /home/gustav/P5-Kuka-Dual-Arm/install/lbr_bringup/share/lbr_bringup/config/config.rviz
-- Up-to-date: /home/gustav/P5-Kuka-Dual-Arm/install/lbr_bringup/share/lbr_bringup/launch
-- Up-to-date: /home/gustav/P5-Kuka-Dual-Arm/install/lbr_bringup/share/lbr_bringup/launch/move_group.launch.py
-- Up-to-date: /home/gustav/P5-Kuka-Dual-Arm/install/lbr_bringup/share/lbr_bringup/launch/bringup.launch.py
-- Up-to-date: /home/gustav/P5-Kuka-Dual-Arm/install/lbr_bringup/share/lbr_bringup/launch/system_interface.launch.py
-- Up-to-date: /home/gustav/P5-Kuka-Dual-Arm/install/lbr_bringup/share/lbr_bringup/launch/sim.launch.py
-- Up-to-date: /home/gustav/P5-Kuka-Dual-Arm/install/lbr_bringup/share/lbr_bringup/launch/real.launch.py
-- Up-to-date: /home/gustav/P5-Kuka-Dual-Arm/install/lbr_bringup/share/lbr_bringup/environment/pythonpath.sh
-- Installing: /home/gustav/P5-Kuka-Dual-Arm/install/lbr_bringup/share/lbr_bringup/environment/pythonpath.dsv
-- Up-to-date: /home/gustav/P5-Kuka-Dual-Arm/install/lbr_bringup/local/lib/python3.10/dist-packages/launch_mixins-2.0.0-py3.10.egg-info
-- Installing: /home/gustav/P5-Kuka-Dual-Arm/install/lbr_bringup/local/lib/python3.10/dist-packages/launch_mixins-2.0.0-py3.10.egg-info/dependency_links.txt
-- Installing: /home/gustav/P5-Kuka-Dual-Arm/install/lbr_bringup/local/lib/python3.10/dist-packages/launch_mixins-2.0.0-py3.10.egg-info/PKG-INFO
-- Installing: /home/gustav/P5-Kuka-Dual-Arm/install/lbr_bringup/local/lib/python3.10/dist-packages/launch_mixins-2.0.0-py3.10.egg-info/SOURCES.txt
-- Installing: /home/gustav/P5-Kuka-Dual-Arm/install/lbr_bringup/local/lib/python3.10/dist-packages/launch_mixins-2.0.0-py3.10.egg-info/top_level.txt
-- Up-to-date: /home/gustav/P5-Kuka-Dual-Arm/install/lbr_bringup/local/lib/python3.10/dist-packages/launch_mixins
-- Up-to-date: /home/gustav/P5-Kuka-Dual-Arm/install/lbr_bringup/local/lib/python3.10/dist-packages/launch_mixins/lbr_ros2_control.py
-- Up-to-date: /home/gustav/P5-Kuka-Dual-Arm/install/lbr_bringup/local/lib/python3.10/dist-packages/launch_mixins/lbr_bringup.py
-- Up-to-date: /home/gustav/P5-Kuka-Dual-Arm/install/lbr_bringup/local/lib/python3.10/dist-packages/launch_mixins/lbr_description.py
-- Up-to-date: /home/gustav/P5-Kuka-Dual-Arm/install/lbr_bringup/local/lib/python3.10/dist-packages/launch_mixins/__init__.py
Listing '/home/gustav/P5-Kuka-Dual-Arm/install/lbr_bringup/local/lib/python3.10/dist-packages/launch_mixins'...
-- Up-to-date: /home/gustav/P5-Kuka-Dual-Arm/install/lbr_bringup/share/ament_index/resource_index/package_run_dependencies/lbr_bringup
-- Installing: /home/gustav/P5-Kuka-Dual-Arm/install/lbr_bringup/share/ament_index/resource_index/parent_prefix_path/lbr_bringup
-- Up-to-date: /home/gustav/P5-Kuka-Dual-Arm/install/lbr_bringup/share/lbr_bringup/environment/ament_prefix_path.sh
-- Installing: /home/gustav/P5-Kuka-Dual-Arm/install/lbr_bringup/share/lbr_bringup/environment/ament_prefix_path.dsv
-- Up-to-date: /home/gustav/P5-Kuka-Dual-Arm/install/lbr_bringup/share/lbr_bringup/environment/path.sh
-- Installing: /home/gustav/P5-Kuka-Dual-Arm/install/lbr_bringup/share/lbr_bringup/environment/path.dsv
-- Up-to-date: /home/gustav/P5-Kuka-Dual-Arm/install/lbr_bringup/share/lbr_bringup/local_setup.bash
-- Up-to-date: /home/gustav/P5-Kuka-Dual-Arm/install/lbr_bringup/share/lbr_bringup/local_setup.sh
-- Up-to-date: /home/gustav/P5-Kuka-Dual-Arm/install/lbr_bringup/share/lbr_bringup/local_setup.zsh
-- Installing: /home/gustav/P5-Kuka-Dual-Arm/install/lbr_bringup/share/lbr_bringup/local_setup.dsv
-- Installing: /home/gustav/P5-Kuka-Dual-Arm/install/lbr_bringup/share/lbr_bringup/package.dsv
-- Up-to-date: /home/gustav/P5-Kuka-Dual-Arm/install/lbr_bringup/share/ament_index/resource_index/packages/lbr_bringup
-- Up-to-date: /home/gustav/P5-Kuka-Dual-Arm/install/lbr_bringup/share/lbr_bringup/cmake/lbr_bringupConfig.cmake
-- Up-to-date: /home/gustav/P5-Kuka-Dual-Arm/install/lbr_bringup/share/lbr_bringup/cmake/lbr_bringupConfig-version.cmake
-- Up-to-date: /home/gustav/P5-Kuka-Dual-Arm/install/lbr_bringup/share/lbr_bringup/package.xml
