[0.015s] Invoking command in '/home/gustav/P5-Kuka-Dual-Arm/build/lbr_bringup': AMENT_PREFIX_PATH=/home/gustav/P5-Kuka-Dual-Arm/install/lbr_ros2_control:/home/gustav/P5-Kuka-Dual-Arm/install/lbr_fri_ros2:/home/gustav/P5-Kuka-Dual-Arm/install/lbr_fri_idl:/home/gustav/P5-Kuka-Dual-Arm/install/lbr_description:${AMENT_PREFIX_PATH} CMAKE_PREFIX_PATH=/home/gustav/P5-Kuka-Dual-Arm/install/lbr_ros2_control:/home/gustav/P5-Kuka-Dual-Arm/install/lbr_fri_ros2:/home/gustav/P5-Kuka-Dual-Arm/install/lbr_fri_idl:/home/gustav/P5-Kuka-Dual-Arm/install/lbr_description:/home/gustav/P5-Kuka-Dual-Arm/install/fri_client_sdk:/opt/ros/humble LD_LIBRARY_PATH=/home/gustav/P5-Kuka-Dual-Arm/install/lbr_ros2_control/lib:/home/gustav/P5-Kuka-Dual-Arm/install/lbr_fri_ros2/lib:/home/gustav/P5-Kuka-Dual-Arm/install/lbr_fri_idl/lib:/home/gustav/P5-Kuka-Dual-Arm/install/fri_client_sdk/lib:${LD_LIBRARY_PATH} PKG_CONFIG_PATH=/home/gustav/P5-Kuka-Dual-Arm/install/fri_client_sdk/lib/x86_64-linux-gnu/pkgconfig:/home/gustav/P5-Kuka-Dual-Arm/install/fri_client_sdk/lib/pkgconfig PYTHONPATH=/home/gustav/P5-Kuka-Dual-Arm/install/lbr_fri_idl/local/lib/python3.10/dist-packages:${PYTHONPATH} /usr/bin/cmake /home/gustav/P5-Kuka-Dual-Arm/p5_ws/src/lbr_fri_ros2_stack/lbr_bringup -DCMAKE_INSTALL_PREFIX=/home/gustav/P5-Kuka-Dual-Arm/install/lbr_bringup
[0.027s] -- Found ament_cmake: 1.3.10 (/opt/ros/humble/share/ament_cmake/cmake)
[0.286s] -- Configuring done
[0.292s] -- Generating done
[0.293s] -- Build files have been written to: /home/gustav/P5-Kuka-Dual-Arm/build/lbr_bringup
[0.295s] Invoked command in '/home/gustav/P5-Kuka-Dual-Arm/build/lbr_bringup' returned '0': AMENT_PREFIX_PATH=/home/gustav/P5-Kuka-Dual-Arm/install/lbr_ros2_control:/home/gustav/P5-Kuka-Dual-Arm/install/lbr_fri_ros2:/home/gustav/P5-Kuka-Dual-Arm/install/lbr_fri_idl:/home/gustav/P5-Kuka-Dual-Arm/install/lbr_description:${AMENT_PREFIX_PATH} CMAKE_PREFIX_PATH=/home/gustav/P5-Kuka-Dual-Arm/install/lbr_ros2_control:/home/gustav/P5-Kuka-Dual-Arm/install/lbr_fri_ros2:/home/gustav/P5-Kuka-Dual-Arm/install/lbr_fri_idl:/home/gustav/P5-Kuka-Dual-Arm/install/lbr_description:/home/gustav/P5-Kuka-Dual-Arm/install/fri_client_sdk:/opt/ros/humble LD_LIBRARY_PATH=/home/gustav/P5-Kuka-Dual-Arm/install/lbr_ros2_control/lib:/home/gustav/P5-Kuka-Dual-Arm/install/lbr_fri_ros2/lib:/home/gustav/P5-Kuka-Dual-Arm/install/lbr_fri_idl/lib:/home/gustav/P5-Kuka-Dual-Arm/install/fri_client_sdk/lib:${LD_LIBRARY_PATH} PKG_CONFIG_PATH=/home/gustav/P5-Kuka-Dual-Arm/install/fri_client_sdk/lib/x86_64-linux-gnu/pkgconfig:/home/gustav/P5-Kuka-Dual-Arm/install/fri_client_sdk/lib/pkgconfig PYTHONPATH=/home/gustav/P5-Kuka-Dual-Arm/install/lbr_fri_idl/local/lib/python3.10/dist-packages:${PYTHONPATH} /usr/bin/cmake /home/gustav/P5-Kuka-Dual-Arm/p5_ws/src/lbr_fri_ros2_stack/lbr_bringup -DCMAKE_INSTALL_PREFIX=/home/gustav/P5-Kuka-Dual-Arm/install/lbr_bringup
[0.297s] Invoking command in '/home/gustav/P5-Kuka-Dual-Arm/build/lbr_bringup': AMENT_PREFIX_PATH=/home/gustav/P5-Kuka-Dual-Arm/install/lbr_ros2_control:/home/gustav/P5-Kuka-Dual-Arm/install/lbr_fri_ros2:/home/gustav/P5-Kuka-Dual-Arm/install/lbr_fri_idl:/home/gustav/P5-Kuka-Dual-Arm/install/lbr_description:${AMENT_PREFIX_PATH} CMAKE_PREFIX_PATH=/home/gustav/P5-Kuka-Dual-Arm/install/lbr_ros2_control:/home/gustav/P5-Kuka-Dual-Arm/install/lbr_fri_ros2:/home/gustav/P5-Kuka-Dual-Arm/install/lbr_fri_idl:/home/gustav/P5-Kuka-Dual-Arm/install/lbr_description:/home/gustav/P5-Kuka-Dual-Arm/install/fri_client_sdk:/opt/ros/humble LD_LIBRARY_PATH=/home/gustav/P5-Kuka-Dual-Arm/install/lbr_ros2_control/lib:/home/gustav/P5-Kuka-Dual-Arm/install/lbr_fri_ros2/lib:/home/gustav/P5-Kuka-Dual-Arm/install/lbr_fri_idl/lib:/home/gustav/P5-Kuka-Dual-Arm/install/fri_client_sdk/lib:${LD_LIBRARY_PATH} PKG_CONFIG_PATH=/home/gustav/P5-Kuka-Dual-Arm/install/fri_client_sdk/lib/x86_64-linux-gnu/pkgconfig:/home/gustav/P5-Kuka-Dual-Arm/install/fri_client_sdk/lib/pkgconfig PYTHONPATH=/home/gustav/P5-Kuka-Dual-Arm/install/lbr_fri_idl/local/lib/python3.10/dist-packages:${PYTHONPATH} /usr/bin/cmake --build /home/gustav/P5-Kuka-Dual-Arm/build/lbr_bringup -- -j8 -l8
[0.346s] Built target ament_cmake_python_copy_launch_mixins
[0.571s] running egg_info
[0.571s] writing launch_mixins.egg-info/PKG-INFO
[0.571s] writing dependency_links to launch_mixins.egg-info/dependency_links.txt
[0.571s] writing top-level names to launch_mixins.egg-info/top_level.txt
[0.574s] reading manifest file 'launch_mixins.egg-info/SOURCES.txt'
[0.574s] writing manifest file 'launch_mixins.egg-info/SOURCES.txt'
[0.600s] Built target ament_cmake_python_build_launch_mixins_egg
[0.610s] Invoked command in '/home/gustav/P5-Kuka-Dual-Arm/build/lbr_bringup' returned '0': AMENT_PREFIX_PATH=/home/gustav/P5-Kuka-Dual-Arm/install/lbr_ros2_control:/home/gustav/P5-Kuka-Dual-Arm/install/lbr_fri_ros2:/home/gustav/P5-Kuka-Dual-Arm/install/lbr_fri_idl:/home/gustav/P5-Kuka-Dual-Arm/install/lbr_description:${AMENT_PREFIX_PATH} CMAKE_PREFIX_PATH=/home/gustav/P5-Kuka-Dual-Arm/install/lbr_ros2_control:/home/gustav/P5-Kuka-Dual-Arm/install/lbr_fri_ros2:/home/gustav/P5-Kuka-Dual-Arm/install/lbr_fri_idl:/home/gustav/P5-Kuka-Dual-Arm/install/lbr_description:/home/gustav/P5-Kuka-Dual-Arm/install/fri_client_sdk:/opt/ros/humble LD_LIBRARY_PATH=/home/gustav/P5-Kuka-Dual-Arm/install/lbr_ros2_control/lib:/home/gustav/P5-Kuka-Dual-Arm/install/lbr_fri_ros2/lib:/home/gustav/P5-Kuka-Dual-Arm/install/lbr_fri_idl/lib:/home/gustav/P5-Kuka-Dual-Arm/install/fri_client_sdk/lib:${LD_LIBRARY_PATH} PKG_CONFIG_PATH=/home/gustav/P5-Kuka-Dual-Arm/install/fri_client_sdk/lib/x86_64-linux-gnu/pkgconfig:/home/gustav/P5-Kuka-Dual-Arm/install/fri_client_sdk/lib/pkgconfig PYTHONPATH=/home/gustav/P5-Kuka-Dual-Arm/install/lbr_fri_idl/local/lib/python3.10/dist-packages:${PYTHONPATH} /usr/bin/cmake --build /home/gustav/P5-Kuka-Dual-Arm/build/lbr_bringup -- -j8 -l8
[0.628s] Invoking command in '/home/gustav/P5-Kuka-Dual-Arm/build/lbr_bringup': AMENT_PREFIX_PATH=/home/gustav/P5-Kuka-Dual-Arm/install/lbr_ros2_control:/home/gustav/P5-Kuka-Dual-Arm/install/lbr_fri_ros2:/home/gustav/P5-Kuka-Dual-Arm/install/lbr_fri_idl:/home/gustav/P5-Kuka-Dual-Arm/install/lbr_description:${AMENT_PREFIX_PATH} CMAKE_PREFIX_PATH=/home/gustav/P5-Kuka-Dual-Arm/install/lbr_ros2_control:/home/gustav/P5-Kuka-Dual-Arm/install/lbr_fri_ros2:/home/gustav/P5-Kuka-Dual-Arm/install/lbr_fri_idl:/home/gustav/P5-Kuka-Dual-Arm/install/lbr_description:/home/gustav/P5-Kuka-Dual-Arm/install/fri_client_sdk:/opt/ros/humble LD_LIBRARY_PATH=/home/gustav/P5-Kuka-Dual-Arm/install/lbr_ros2_control/lib:/home/gustav/P5-Kuka-Dual-Arm/install/lbr_fri_ros2/lib:/home/gustav/P5-Kuka-Dual-Arm/install/lbr_fri_idl/lib:/home/gustav/P5-Kuka-Dual-Arm/install/fri_client_sdk/lib:${LD_LIBRARY_PATH} PKG_CONFIG_PATH=/home/gustav/P5-Kuka-Dual-Arm/install/fri_client_sdk/lib/x86_64-linux-gnu/pkgconfig:/home/gustav/P5-Kuka-Dual-Arm/install/fri_client_sdk/lib/pkgconfig PYTHONPATH=/home/gustav/P5-Kuka-Dual-Arm/install/lbr_fri_idl/local/lib/python3.10/dist-packages:${PYTHONPATH} /usr/bin/cmake --install /home/gustav/P5-Kuka-Dual-Arm/build/lbr_bringup
[0.635s] -- Install configuration: "Release"
[0.635s] -- Up-to-date: /home/gustav/P5-Kuka-Dual-Arm/install/lbr_bringup/share/lbr_bringup/config
[0.635s] -- Up-to-date: /home/gustav/P5-Kuka-Dual-Arm/install/lbr_bringup/share/lbr_bringup/config/config.rviz
[0.636s] -- Up-to-date: /home/gustav/P5-Kuka-Dual-Arm/install/lbr_bringup/share/lbr_bringup/launch
[0.636s] -- Up-to-date: /home/gustav/P5-Kuka-Dual-Arm/install/lbr_bringup/share/lbr_bringup/launch/move_group.launch.py
[0.636s] -- Up-to-date: /home/gustav/P5-Kuka-Dual-Arm/install/lbr_bringup/share/lbr_bringup/launch/bringup.launch.py
[0.636s] -- Up-to-date: /home/gustav/P5-Kuka-Dual-Arm/install/lbr_bringup/share/lbr_bringup/launch/system_interface.launch.py
[0.636s] -- Up-to-date: /home/gustav/P5-Kuka-Dual-Arm/install/lbr_bringup/share/lbr_bringup/launch/sim.launch.py
[0.636s] -- Up-to-date: /home/gustav/P5-Kuka-Dual-Arm/install/lbr_bringup/share/lbr_bringup/launch/real.launch.py
[0.636s] -- Up-to-date: /home/gustav/P5-Kuka-Dual-Arm/install/lbr_bringup/share/lbr_bringup/environment/pythonpath.sh
[0.636s] -- Installing: /home/gustav/P5-Kuka-Dual-Arm/install/lbr_bringup/share/lbr_bringup/environment/pythonpath.dsv
[0.636s] -- Up-to-date: /home/gustav/P5-Kuka-Dual-Arm/install/lbr_bringup/local/lib/python3.10/dist-packages/launch_mixins-2.0.0-py3.10.egg-info
[0.637s] -- Installing: /home/gustav/P5-Kuka-Dual-Arm/install/lbr_bringup/local/lib/python3.10/dist-packages/launch_mixins-2.0.0-py3.10.egg-info/dependency_links.txt
[0.637s] -- Installing: /home/gustav/P5-Kuka-Dual-Arm/install/lbr_bringup/local/lib/python3.10/dist-packages/launch_mixins-2.0.0-py3.10.egg-info/PKG-INFO
[0.637s] -- Installing: /home/gustav/P5-Kuka-Dual-Arm/install/lbr_bringup/local/lib/python3.10/dist-packages/launch_mixins-2.0.0-py3.10.egg-info/SOURCES.txt
[0.637s] -- Installing: /home/gustav/P5-Kuka-Dual-Arm/install/lbr_bringup/local/lib/python3.10/dist-packages/launch_mixins-2.0.0-py3.10.egg-info/top_level.txt
[0.637s] -- Up-to-date: /home/gustav/P5-Kuka-Dual-Arm/install/lbr_bringup/local/lib/python3.10/dist-packages/launch_mixins
[0.637s] -- Up-to-date: /home/gustav/P5-Kuka-Dual-Arm/install/lbr_bringup/local/lib/python3.10/dist-packages/launch_mixins/lbr_ros2_control.py
[0.637s] -- Up-to-date: /home/gustav/P5-Kuka-Dual-Arm/install/lbr_bringup/local/lib/python3.10/dist-packages/launch_mixins/lbr_bringup.py
[0.637s] -- Up-to-date: /home/gustav/P5-Kuka-Dual-Arm/install/lbr_bringup/local/lib/python3.10/dist-packages/launch_mixins/lbr_description.py
[0.638s] -- Up-to-date: /home/gustav/P5-Kuka-Dual-Arm/install/lbr_bringup/local/lib/python3.10/dist-packages/launch_mixins/__init__.py
[0.669s] Listing '/home/gustav/P5-Kuka-Dual-Arm/install/lbr_bringup/local/lib/python3.10/dist-packages/launch_mixins'...
[0.674s] -- Up-to-date: /home/gustav/P5-Kuka-Dual-Arm/install/lbr_bringup/share/ament_index/resource_index/package_run_dependencies/lbr_bringup
[0.674s] -- Installing: /home/gustav/P5-Kuka-Dual-Arm/install/lbr_bringup/share/ament_index/resource_index/parent_prefix_path/lbr_bringup
[0.674s] -- Up-to-date: /home/gustav/P5-Kuka-Dual-Arm/install/lbr_bringup/share/lbr_bringup/environment/ament_prefix_path.sh
[0.674s] -- Installing: /home/gustav/P5-Kuka-Dual-Arm/install/lbr_bringup/share/lbr_bringup/environment/ament_prefix_path.dsv
[0.675s] -- Up-to-date: /home/gustav/P5-Kuka-Dual-Arm/install/lbr_bringup/share/lbr_bringup/environment/path.sh
[0.675s] -- Installing: /home/gustav/P5-Kuka-Dual-Arm/install/lbr_bringup/share/lbr_bringup/environment/path.dsv
[0.675s] -- Up-to-date: /home/gustav/P5-Kuka-Dual-Arm/install/lbr_bringup/share/lbr_bringup/local_setup.bash
[0.675s] -- Up-to-date: /home/gustav/P5-Kuka-Dual-Arm/install/lbr_bringup/share/lbr_bringup/local_setup.sh
[0.675s] -- Up-to-date: /home/gustav/P5-Kuka-Dual-Arm/install/lbr_bringup/share/lbr_bringup/local_setup.zsh
[0.675s] -- Installing: /home/gustav/P5-Kuka-Dual-Arm/install/lbr_bringup/share/lbr_bringup/local_setup.dsv
[0.675s] -- Installing: /home/gustav/P5-Kuka-Dual-Arm/install/lbr_bringup/share/lbr_bringup/package.dsv
[0.675s] -- Up-to-date: /home/gustav/P5-Kuka-Dual-Arm/install/lbr_bringup/share/ament_index/resource_index/packages/lbr_bringup
[0.675s] -- Up-to-date: /home/gustav/P5-Kuka-Dual-Arm/install/lbr_bringup/share/lbr_bringup/cmake/lbr_bringupConfig.cmake
[0.675s] -- Up-to-date: /home/gustav/P5-Kuka-Dual-Arm/install/lbr_bringup/share/lbr_bringup/cmake/lbr_bringupConfig-version.cmake
[0.676s] -- Up-to-date: /home/gustav/P5-Kuka-Dual-Arm/install/lbr_bringup/share/lbr_bringup/package.xml
[0.678s] Invoked command in '/home/gustav/P5-Kuka-Dual-Arm/build/lbr_bringup' returned '0': AMENT_PREFIX_PATH=/home/gustav/P5-Kuka-Dual-Arm/install/lbr_ros2_control:/home/gustav/P5-Kuka-Dual-Arm/install/lbr_fri_ros2:/home/gustav/P5-Kuka-Dual-Arm/install/lbr_fri_idl:/home/gustav/P5-Kuka-Dual-Arm/install/lbr_description:${AMENT_PREFIX_PATH} CMAKE_PREFIX_PATH=/home/gustav/P5-Kuka-Dual-Arm/install/lbr_ros2_control:/home/gustav/P5-Kuka-Dual-Arm/install/lbr_fri_ros2:/home/gustav/P5-Kuka-Dual-Arm/install/lbr_fri_idl:/home/gustav/P5-Kuka-Dual-Arm/install/lbr_description:/home/gustav/P5-Kuka-Dual-Arm/install/fri_client_sdk:/opt/ros/humble LD_LIBRARY_PATH=/home/gustav/P5-Kuka-Dual-Arm/install/lbr_ros2_control/lib:/home/gustav/P5-Kuka-Dual-Arm/install/lbr_fri_ros2/lib:/home/gustav/P5-Kuka-Dual-Arm/install/lbr_fri_idl/lib:/home/gustav/P5-Kuka-Dual-Arm/install/fri_client_sdk/lib:${LD_LIBRARY_PATH} PKG_CONFIG_PATH=/home/gustav/P5-Kuka-Dual-Arm/install/fri_client_sdk/lib/x86_64-linux-gnu/pkgconfig:/home/gustav/P5-Kuka-Dual-Arm/install/fri_client_sdk/lib/pkgconfig PYTHONPATH=/home/gustav/P5-Kuka-Dual-Arm/install/lbr_fri_idl/local/lib/python3.10/dist-packages:${PYTHONPATH} /usr/bin/cmake --install /home/gustav/P5-Kuka-Dual-Arm/build/lbr_bringup
