[0.345s] Invoking command in '/home/gustav/P5-Kuka-Dual-Arm/build/moveit_common': CMAKE_PREFIX_PATH=${CMAKE_PREFIX_PATH}:/home/gustav/ws_moveit2/install/moveit_configs_utils:/home/gustav/ws_moveit2/install/launch_param_builder:/home/gustav/lbr_stack/install/lbr_demos_py:/home/gustav/lbr_stack/install/lbr_demos_advanced_py:/opt/ros/humble /usr/bin/cmake --build /home/gustav/P5-Kuka-Dual-Arm/build/moveit_common -- -j8 -l8
[0.828s] Invoked command in '/home/gustav/P5-Kuka-Dual-Arm/build/moveit_common' returned '0': CMAKE_PREFIX_PATH=${CMAKE_PREFIX_PATH}:/home/gustav/ws_moveit2/install/moveit_configs_utils:/home/gustav/ws_moveit2/install/launch_param_builder:/home/gustav/lbr_stack/install/lbr_demos_py:/home/gustav/lbr_stack/install/lbr_demos_advanced_py:/opt/ros/humble /usr/bin/cmake --build /home/gustav/P5-Kuka-Dual-Arm/build/moveit_common -- -j8 -l8
[0.951s] Invoking command in '/home/gustav/P5-Kuka-Dual-Arm/build/moveit_common': CMAKE_PREFIX_PATH=${CMAKE_PREFIX_PATH}:/home/gustav/ws_moveit2/install/moveit_configs_utils:/home/gustav/ws_moveit2/install/launch_param_builder:/home/gustav/lbr_stack/install/lbr_demos_py:/home/gustav/lbr_stack/install/lbr_demos_advanced_py:/opt/ros/humble /usr/bin/cmake --install /home/gustav/P5-Kuka-Dual-Arm/build/moveit_common
[0.984s] -- Install configuration: "Release"
[0.984s] -- Up-to-date: /home/gustav/P5-Kuka-Dual-Arm/install/moveit_common/share/ament_index/resource_index/package_run_dependencies/moveit_common
[0.985s] -- Up-to-date: /home/gustav/P5-Kuka-Dual-Arm/install/moveit_common/share/ament_index/resource_index/parent_prefix_path/moveit_common
[0.985s] -- Up-to-date: /home/gustav/P5-Kuka-Dual-Arm/install/moveit_common/share/moveit_common/environment/ament_prefix_path.sh
[0.985s] -- Up-to-date: /home/gustav/P5-Kuka-Dual-Arm/install/moveit_common/share/moveit_common/environment/ament_prefix_path.dsv
[0.985s] -- Up-to-date: /home/gustav/P5-Kuka-Dual-Arm/install/moveit_common/share/moveit_common/environment/path.sh
[0.985s] -- Up-to-date: /home/gustav/P5-Kuka-Dual-Arm/install/moveit_common/share/moveit_common/environment/path.dsv
[0.985s] -- Up-to-date: /home/gustav/P5-Kuka-Dual-Arm/install/moveit_common/share/moveit_common/local_setup.bash
[0.985s] -- Up-to-date: /home/gustav/P5-Kuka-Dual-Arm/install/moveit_common/share/moveit_common/local_setup.sh
[0.985s] -- Up-to-date: /home/gustav/P5-Kuka-Dual-Arm/install/moveit_common/share/moveit_common/local_setup.zsh
[0.986s] -- Up-to-date: /home/gustav/P5-Kuka-Dual-Arm/install/moveit_common/share/moveit_common/local_setup.dsv
[0.986s] -- Installing: /home/gustav/P5-Kuka-Dual-Arm/install/moveit_common/share/moveit_common/package.dsv
[0.986s] -- Up-to-date: /home/gustav/P5-Kuka-Dual-Arm/install/moveit_common/share/ament_index/resource_index/packages/moveit_common
[0.986s] -- Up-to-date: /home/gustav/P5-Kuka-Dual-Arm/install/moveit_common/share/moveit_common/cmake/moveit_common-extras.cmake
[0.986s] -- Up-to-date: /home/gustav/P5-Kuka-Dual-Arm/install/moveit_common/share/moveit_common/cmake/moveit_commonConfig.cmake
[0.986s] -- Up-to-date: /home/gustav/P5-Kuka-Dual-Arm/install/moveit_common/share/moveit_common/cmake/moveit_commonConfig-version.cmake
[0.986s] -- Up-to-date: /home/gustav/P5-Kuka-Dual-Arm/install/moveit_common/share/moveit_common/package.xml
[0.986s] -- Up-to-date: /home/gustav/P5-Kuka-Dual-Arm/install/moveit_common/share/moveit_common/cmake
[0.987s] -- Up-to-date: /home/gustav/P5-Kuka-Dual-Arm/install/moveit_common/share/moveit_common/cmake/moveit_package.cmake
[1.028s] Invoked command in '/home/gustav/P5-Kuka-Dual-Arm/build/moveit_common' returned '0': CMAKE_PREFIX_PATH=${CMAKE_PREFIX_PATH}:/home/gustav/ws_moveit2/install/moveit_configs_utils:/home/gustav/ws_moveit2/install/launch_param_builder:/home/gustav/lbr_stack/install/lbr_demos_py:/home/gustav/lbr_stack/install/lbr_demos_advanced_py:/opt/ros/humble /usr/bin/cmake --install /home/gustav/P5-Kuka-Dual-Arm/build/moveit_common
