[0.030s] Invoking command in '/home/gustav/P5-Kuka-Dual-Arm/build/moveit_planners_ompl': AMENT_PREFIX_PATH=/home/gustav/P5-Kuka-Dual-Arm/install/moveit_ros_planning:/home/gustav/P5-Kuka-Dual-Arm/install/moveit_ros_occupancy_map_monitor:/home/gustav/P5-Kuka-Dual-Arm/install/moveit_core:/home/gustav/P5-Kuka-Dual-Arm/install/moveit_resources_panda_moveit_config:/home/gustav/P5-Kuka-Dual-Arm/install/moveit_resources_fanuc_moveit_config:/home/gustav/P5-Kuka-Dual-Arm/install/generate_parameter_library:/home/gustav/P5-Kuka-Dual-Arm/install/parameter_traits:/home/gustav/P5-Kuka-Dual-Arm/install/moveit_resources_pr2_description:/home/gustav/P5-Kuka-Dual-Arm/install/moveit_resources_panda_description:/home/gustav/P5-Kuka-Dual-Arm/install/moveit_resources_fanuc_description:/home/gustav/P5-Kuka-Dual-Arm/install/moveit_msgs:/home/gustav/P5-Kuka-Dual-Arm/install/moveit_common:/home/gustav/P5-Kuka-Dual-Arm/install/generate_parameter_library_py:${AMENT_PREFIX_PATH} CMAKE_PREFIX_PATH=/home/gustav/P5-Kuka-Dual-Arm/install/moveit_ros_planning:/home/gustav/P5-Kuka-Dual-Arm/install/moveit_ros_occupancy_map_monitor:/home/gustav/P5-Kuka-Dual-Arm/install/moveit_core:/home/gustav/P5-Kuka-Dual-Arm/install/moveit_resources_panda_moveit_config:/home/gustav/P5-Kuka-Dual-Arm/install/moveit_resources_fanuc_moveit_config:/home/gustav/P5-Kuka-Dual-Arm/install/generate_parameter_library:/home/gustav/P5-Kuka-Dual-Arm/install/parameter_traits:/home/gustav/P5-Kuka-Dual-Arm/install/moveit_resources_pr2_description:/home/gustav/P5-Kuka-Dual-Arm/install/moveit_resources_panda_description:/home/gustav/P5-Kuka-Dual-Arm/install/moveit_resources_fanuc_description:/home/gustav/P5-Kuka-Dual-Arm/install/moveit_msgs:/home/gustav/P5-Kuka-Dual-Arm/install/moveit_common:/opt/ros/humble LD_LIBRARY_PATH=/home/gustav/P5-Kuka-Dual-Arm/install/moveit_ros_planning/lib:/home/gustav/P5-Kuka-Dual-Arm/install/moveit_ros_occupancy_map_monitor/lib:/home/gustav/P5-Kuka-Dual-Arm/install/moveit_core/lib:/home/gustav/P5-Kuka-Dual-Arm/install/parameter_traits/lib:/home/gustav/P5-Kuka-Dual-Arm/install/moveit_msgs/lib:${LD_LIBRARY_PATH} PATH=/home/gustav/P5-Kuka-Dual-Arm/install/moveit_core/bin:/home/gustav/P5-Kuka-Dual-Arm/install/generate_parameter_library_py/bin:${PATH} PYTHONPATH=/home/gustav/P5-Kuka-Dual-Arm/install/moveit_msgs/local/lib/python3.10/dist-packages:/home/gustav/P5-Kuka-Dual-Arm/install/generate_parameter_library_py/lib/python3.10/site-packages:${PYTHONPATH} /usr/bin/cmake /home/gustav/P5-Kuka-Dual-Arm/p5_ws/src/moveit2/moveit_planners/ompl -DCMAKE_INSTALL_PREFIX=/home/gustav/P5-Kuka-Dual-Arm/install/moveit_planners_ompl
[0.046s] -- Found moveit_common: 2.5.5 (/home/gustav/P5-Kuka-Dual-Arm/install/moveit_common/share/moveit_common/cmake)
[0.046s] -- Found ament_cmake: 1.3.10 (/opt/ros/humble/share/ament_cmake/cmake)
[0.296s] -- Found Boost: /usr/lib/x86_64-linux-gnu/cmake/Boost-1.74.0/BoostConfig.cmake (found version "1.74.0") found components: system filesystem date_time thread serialization 
[0.298s] -- Found moveit_core: 2.5.5 (/home/gustav/P5-Kuka-Dual-Arm/install/moveit_core/share/moveit_core/cmake)
[0.312s] -- Found Boost: /usr/lib/x86_64-linux-gnu/cmake/Boost-1.74.0/BoostConfig.cmake (found version "1.74.0") found components: chrono date_time filesystem iostreams program_options regex serialization system thread 
[0.361s] -- Found parameter_traits: 0.3.7 (/home/gustav/P5-Kuka-Dual-Arm/install/parameter_traits/share/parameter_traits/cmake)
[0.394s] -- Found rosidl_generator_c: 3.1.5 (/opt/ros/humble/share/rosidl_generator_c/cmake)
[0.398s] -- Found rosidl_adapter: 3.1.5 (/opt/ros/humble/share/rosidl_adapter/cmake)
[0.406s] -- Found rosidl_generator_cpp: 3.1.5 (/opt/ros/humble/share/rosidl_generator_cpp/cmake)
[0.422s] -- Using all available rosidl_typesupport_c: rosidl_typesupport_fastrtps_c;rosidl_typesupport_introspection_c
[0.442s] -- Using all available rosidl_typesupport_cpp: rosidl_typesupport_fastrtps_cpp;rosidl_typesupport_introspection_cpp
[0.493s] -- Found rmw_implementation_cmake: 6.1.2 (/opt/ros/humble/share/rmw_implementation_cmake/cmake)
[0.496s] -- Found rmw_fastrtps_cpp: 6.2.7 (/opt/ros/humble/share/rmw_fastrtps_cpp/cmake)
[0.632s] -- Using RMW implementation 'rmw_fastrtps_cpp' as default
[0.721s] -- Found rclcpp_lifecycle: 16.0.10 (/opt/ros/humble/share/rclcpp_lifecycle/cmake)
[0.754s] -- Found Boost: /usr/lib/x86_64-linux-gnu/cmake/Boost-1.74.0/BoostConfig.cmake (found version "1.74.0") found components: filesystem 
[0.818s] -- library: /usr/lib/x86_64-linux-gnu/libcurl.so
[0.913s] -- Ensuring Eigen3 include directory is part of orocos-kdl CMake target
[1.183s] -- Found moveit_ros_planning: 2.5.5 (/home/gustav/P5-Kuka-Dual-Arm/install/moveit_ros_planning/share/moveit_ros_planning/cmake)
[1.188s] -- Found Boost: /usr/lib/x86_64-linux-gnu/cmake/Boost-1.74.0/BoostConfig.cmake (found version "1.74.0") found components: system filesystem date_time program_options thread chrono 
[1.234s] -- Found ament_cmake_gtest: 1.3.10 (/opt/ros/humble/share/ament_cmake_gtest/cmake)
[1.236s] -- Found gtest sources under '/opt/ros/humble/src/gtest_vendor': C++ tests using 'Google Test' will be built
[1.275s] -- Found ament_lint_auto: 0.12.11 (/opt/ros/humble/share/ament_lint_auto/cmake)
[1.304s] -- Added test 'cppcheck' to perform static code analysis on C / C++ code
[1.304s] -- Configured cppcheck include dirs: /home/gustav/P5-Kuka-Dual-Arm/p5_ws/src/moveit2/moveit_planners/ompl/ompl_interface/include
[1.304s] -- Configured cppcheck exclude dirs and/or files: 
[1.307s] -- Added test 'lint_cmake' to check CMake code style
[1.308s] -- Added test 'xmllint' to check XML markup files
[1.311s] -- Configuring done
[1.691s] -- Generating done
[1.701s] -- Build files have been written to: /home/gustav/P5-Kuka-Dual-Arm/build/moveit_planners_ompl
[1.753s] Invoked command in '/home/gustav/P5-Kuka-Dual-Arm/build/moveit_planners_ompl' returned '0': AMENT_PREFIX_PATH=/home/gustav/P5-Kuka-Dual-Arm/install/moveit_ros_planning:/home/gustav/P5-Kuka-Dual-Arm/install/moveit_ros_occupancy_map_monitor:/home/gustav/P5-Kuka-Dual-Arm/install/moveit_core:/home/gustav/P5-Kuka-Dual-Arm/install/moveit_resources_panda_moveit_config:/home/gustav/P5-Kuka-Dual-Arm/install/moveit_resources_fanuc_moveit_config:/home/gustav/P5-Kuka-Dual-Arm/install/generate_parameter_library:/home/gustav/P5-Kuka-Dual-Arm/install/parameter_traits:/home/gustav/P5-Kuka-Dual-Arm/install/moveit_resources_pr2_description:/home/gustav/P5-Kuka-Dual-Arm/install/moveit_resources_panda_description:/home/gustav/P5-Kuka-Dual-Arm/install/moveit_resources_fanuc_description:/home/gustav/P5-Kuka-Dual-Arm/install/moveit_msgs:/home/gustav/P5-Kuka-Dual-Arm/install/moveit_common:/home/gustav/P5-Kuka-Dual-Arm/install/generate_parameter_library_py:${AMENT_PREFIX_PATH} CMAKE_PREFIX_PATH=/home/gustav/P5-Kuka-Dual-Arm/install/moveit_ros_planning:/home/gustav/P5-Kuka-Dual-Arm/install/moveit_ros_occupancy_map_monitor:/home/gustav/P5-Kuka-Dual-Arm/install/moveit_core:/home/gustav/P5-Kuka-Dual-Arm/install/moveit_resources_panda_moveit_config:/home/gustav/P5-Kuka-Dual-Arm/install/moveit_resources_fanuc_moveit_config:/home/gustav/P5-Kuka-Dual-Arm/install/generate_parameter_library:/home/gustav/P5-Kuka-Dual-Arm/install/parameter_traits:/home/gustav/P5-Kuka-Dual-Arm/install/moveit_resources_pr2_description:/home/gustav/P5-Kuka-Dual-Arm/install/moveit_resources_panda_description:/home/gustav/P5-Kuka-Dual-Arm/install/moveit_resources_fanuc_description:/home/gustav/P5-Kuka-Dual-Arm/install/moveit_msgs:/home/gustav/P5-Kuka-Dual-Arm/install/moveit_common:/opt/ros/humble LD_LIBRARY_PATH=/home/gustav/P5-Kuka-Dual-Arm/install/moveit_ros_planning/lib:/home/gustav/P5-Kuka-Dual-Arm/install/moveit_ros_occupancy_map_monitor/lib:/home/gustav/P5-Kuka-Dual-Arm/install/moveit_core/lib:/home/gustav/P5-Kuka-Dual-Arm/install/parameter_traits/lib:/home/gustav/P5-Kuka-Dual-Arm/install/moveit_msgs/lib:${LD_LIBRARY_PATH} PATH=/home/gustav/P5-Kuka-Dual-Arm/install/moveit_core/bin:/home/gustav/P5-Kuka-Dual-Arm/install/generate_parameter_library_py/bin:${PATH} PYTHONPATH=/home/gustav/P5-Kuka-Dual-Arm/install/moveit_msgs/local/lib/python3.10/dist-packages:/home/gustav/P5-Kuka-Dual-Arm/install/generate_parameter_library_py/lib/python3.10/site-packages:${PYTHONPATH} /usr/bin/cmake /home/gustav/P5-Kuka-Dual-Arm/p5_ws/src/moveit2/moveit_planners/ompl -DCMAKE_INSTALL_PREFIX=/home/gustav/P5-Kuka-Dual-Arm/install/moveit_planners_ompl
[1.780s] Invoking command in '/home/gustav/P5-Kuka-Dual-Arm/build/moveit_planners_ompl': AMENT_PREFIX_PATH=/home/gustav/P5-Kuka-Dual-Arm/install/moveit_ros_planning:/home/gustav/P5-Kuka-Dual-Arm/install/moveit_ros_occupancy_map_monitor:/home/gustav/P5-Kuka-Dual-Arm/install/moveit_core:/home/gustav/P5-Kuka-Dual-Arm/install/moveit_resources_panda_moveit_config:/home/gustav/P5-Kuka-Dual-Arm/install/moveit_resources_fanuc_moveit_config:/home/gustav/P5-Kuka-Dual-Arm/install/generate_parameter_library:/home/gustav/P5-Kuka-Dual-Arm/install/parameter_traits:/home/gustav/P5-Kuka-Dual-Arm/install/moveit_resources_pr2_description:/home/gustav/P5-Kuka-Dual-Arm/install/moveit_resources_panda_description:/home/gustav/P5-Kuka-Dual-Arm/install/moveit_resources_fanuc_description:/home/gustav/P5-Kuka-Dual-Arm/install/moveit_msgs:/home/gustav/P5-Kuka-Dual-Arm/install/moveit_common:/home/gustav/P5-Kuka-Dual-Arm/install/generate_parameter_library_py:${AMENT_PREFIX_PATH} CMAKE_PREFIX_PATH=/home/gustav/P5-Kuka-Dual-Arm/install/moveit_ros_planning:/home/gustav/P5-Kuka-Dual-Arm/install/moveit_ros_occupancy_map_monitor:/home/gustav/P5-Kuka-Dual-Arm/install/moveit_core:/home/gustav/P5-Kuka-Dual-Arm/install/moveit_resources_panda_moveit_config:/home/gustav/P5-Kuka-Dual-Arm/install/moveit_resources_fanuc_moveit_config:/home/gustav/P5-Kuka-Dual-Arm/install/generate_parameter_library:/home/gustav/P5-Kuka-Dual-Arm/install/parameter_traits:/home/gustav/P5-Kuka-Dual-Arm/install/moveit_resources_pr2_description:/home/gustav/P5-Kuka-Dual-Arm/install/moveit_resources_panda_description:/home/gustav/P5-Kuka-Dual-Arm/install/moveit_resources_fanuc_description:/home/gustav/P5-Kuka-Dual-Arm/install/moveit_msgs:/home/gustav/P5-Kuka-Dual-Arm/install/moveit_common:/opt/ros/humble LD_LIBRARY_PATH=/home/gustav/P5-Kuka-Dual-Arm/install/moveit_ros_planning/lib:/home/gustav/P5-Kuka-Dual-Arm/install/moveit_ros_occupancy_map_monitor/lib:/home/gustav/P5-Kuka-Dual-Arm/install/moveit_core/lib:/home/gustav/P5-Kuka-Dual-Arm/install/parameter_traits/lib:/home/gustav/P5-Kuka-Dual-Arm/install/moveit_msgs/lib:${LD_LIBRARY_PATH} PATH=/home/gustav/P5-Kuka-Dual-Arm/install/moveit_core/bin:/home/gustav/P5-Kuka-Dual-Arm/install/generate_parameter_library_py/bin:${PATH} PYTHONPATH=/home/gustav/P5-Kuka-Dual-Arm/install/moveit_msgs/local/lib/python3.10/dist-packages:/home/gustav/P5-Kuka-Dual-Arm/install/generate_parameter_library_py/lib/python3.10/site-packages:${PYTHONPATH} /usr/bin/cmake --build /home/gustav/P5-Kuka-Dual-Arm/build/moveit_planners_ompl -- -j8 -l8
[1.875s] [35m[1mConsolidate compiler generated dependencies of target gtest_main[0m
[1.890s] [35m[1mConsolidate compiler generated dependencies of target gtest[0m
[1.911s] [  4%] Built target gtest_main
[1.923s] [  9%] Built target gtest
[1.955s] [35m[1mConsolidate compiler generated dependencies of target moveit_ompl_interface[0m
[2.142s] [ 12%] [32m[1mLinking CXX shared library libmoveit_ompl_interface.so[0m
[3.852s] [ 60%] Built target moveit_ompl_interface
[3.912s] [35m[1mConsolidate compiler generated dependencies of target test_state_space[0m
[3.912s] [35m[1mConsolidate compiler generated dependencies of target moveit_ompl_planner_plugin[0m
[3.915s] [35m[1mConsolidate compiler generated dependencies of target moveit_generate_state_database[0m
[3.918s] [35m[1mConsolidate compiler generated dependencies of target test_state_validity_checker[0m
[3.921s] [35m[1mConsolidate compiler generated dependencies of target test_constrained_planning_state_space[0m
[3.922s] [35m[1mConsolidate compiler generated dependencies of target test_planning_context_manager[0m
[3.932s] [35m[1mConsolidate compiler generated dependencies of target test_threadsafe_state_storage[0m
[3.932s] [35m[1mConsolidate compiler generated dependencies of target test_constrained_state_validity_checker[0m
[4.015s] [ 63%] [32m[1mLinking CXX executable test_threadsafe_state_storage[0m
[4.015s] [ 65%] [32m[1mLinking CXX executable test_state_space[0m
[4.015s] [ 68%] [32m[1mLinking CXX executable test_constrained_planning_state_space[0m
[4.015s] [ 70%] [32m[1mLinking CXX executable test_state_validity_checker[0m
[4.037s] [ 73%] [32m[1mLinking CXX shared library libmoveit_ompl_planner_plugin.so[0m
[4.052s] [ 75%] [32m[1mLinking CXX executable test_planning_context_manager[0m
[4.059s] [ 78%] [32m[1mLinking CXX executable test_constrained_state_validity_checker[0m
[4.071s] [ 80%] [32m[1mLinking CXX executable generate_state_database[0m
[6.449s] [ 82%] Built target test_threadsafe_state_storage
[6.650s] [ 85%] Built target moveit_ompl_planner_plugin
[6.669s] [ 87%] Built target test_state_space
[6.798s] [ 90%] Built target test_planning_context_manager
[6.835s] [ 92%] Built target test_state_validity_checker
[6.958s] [ 95%] Built target test_constrained_state_validity_checker
[6.976s] [ 97%] Built target moveit_generate_state_database
[6.998s] [100%] Built target test_constrained_planning_state_space
[7.010s] Invoked command in '/home/gustav/P5-Kuka-Dual-Arm/build/moveit_planners_ompl' returned '0': AMENT_PREFIX_PATH=/home/gustav/P5-Kuka-Dual-Arm/install/moveit_ros_planning:/home/gustav/P5-Kuka-Dual-Arm/install/moveit_ros_occupancy_map_monitor:/home/gustav/P5-Kuka-Dual-Arm/install/moveit_core:/home/gustav/P5-Kuka-Dual-Arm/install/moveit_resources_panda_moveit_config:/home/gustav/P5-Kuka-Dual-Arm/install/moveit_resources_fanuc_moveit_config:/home/gustav/P5-Kuka-Dual-Arm/install/generate_parameter_library:/home/gustav/P5-Kuka-Dual-Arm/install/parameter_traits:/home/gustav/P5-Kuka-Dual-Arm/install/moveit_resources_pr2_description:/home/gustav/P5-Kuka-Dual-Arm/install/moveit_resources_panda_description:/home/gustav/P5-Kuka-Dual-Arm/install/moveit_resources_fanuc_description:/home/gustav/P5-Kuka-Dual-Arm/install/moveit_msgs:/home/gustav/P5-Kuka-Dual-Arm/install/moveit_common:/home/gustav/P5-Kuka-Dual-Arm/install/generate_parameter_library_py:${AMENT_PREFIX_PATH} CMAKE_PREFIX_PATH=/home/gustav/P5-Kuka-Dual-Arm/install/moveit_ros_planning:/home/gustav/P5-Kuka-Dual-Arm/install/moveit_ros_occupancy_map_monitor:/home/gustav/P5-Kuka-Dual-Arm/install/moveit_core:/home/gustav/P5-Kuka-Dual-Arm/install/moveit_resources_panda_moveit_config:/home/gustav/P5-Kuka-Dual-Arm/install/moveit_resources_fanuc_moveit_config:/home/gustav/P5-Kuka-Dual-Arm/install/generate_parameter_library:/home/gustav/P5-Kuka-Dual-Arm/install/parameter_traits:/home/gustav/P5-Kuka-Dual-Arm/install/moveit_resources_pr2_description:/home/gustav/P5-Kuka-Dual-Arm/install/moveit_resources_panda_description:/home/gustav/P5-Kuka-Dual-Arm/install/moveit_resources_fanuc_description:/home/gustav/P5-Kuka-Dual-Arm/install/moveit_msgs:/home/gustav/P5-Kuka-Dual-Arm/install/moveit_common:/opt/ros/humble LD_LIBRARY_PATH=/home/gustav/P5-Kuka-Dual-Arm/install/moveit_ros_planning/lib:/home/gustav/P5-Kuka-Dual-Arm/install/moveit_ros_occupancy_map_monitor/lib:/home/gustav/P5-Kuka-Dual-Arm/install/moveit_core/lib:/home/gustav/P5-Kuka-Dual-Arm/install/parameter_traits/lib:/home/gustav/P5-Kuka-Dual-Arm/install/moveit_msgs/lib:${LD_LIBRARY_PATH} PATH=/home/gustav/P5-Kuka-Dual-Arm/install/moveit_core/bin:/home/gustav/P5-Kuka-Dual-Arm/install/generate_parameter_library_py/bin:${PATH} PYTHONPATH=/home/gustav/P5-Kuka-Dual-Arm/install/moveit_msgs/local/lib/python3.10/dist-packages:/home/gustav/P5-Kuka-Dual-Arm/install/generate_parameter_library_py/lib/python3.10/site-packages:${PYTHONPATH} /usr/bin/cmake --build /home/gustav/P5-Kuka-Dual-Arm/build/moveit_planners_ompl -- -j8 -l8
[7.035s] Invoking command in '/home/gustav/P5-Kuka-Dual-Arm/build/moveit_planners_ompl': AMENT_PREFIX_PATH=/home/gustav/P5-Kuka-Dual-Arm/install/moveit_ros_planning:/home/gustav/P5-Kuka-Dual-Arm/install/moveit_ros_occupancy_map_monitor:/home/gustav/P5-Kuka-Dual-Arm/install/moveit_core:/home/gustav/P5-Kuka-Dual-Arm/install/moveit_resources_panda_moveit_config:/home/gustav/P5-Kuka-Dual-Arm/install/moveit_resources_fanuc_moveit_config:/home/gustav/P5-Kuka-Dual-Arm/install/generate_parameter_library:/home/gustav/P5-Kuka-Dual-Arm/install/parameter_traits:/home/gustav/P5-Kuka-Dual-Arm/install/moveit_resources_pr2_description:/home/gustav/P5-Kuka-Dual-Arm/install/moveit_resources_panda_description:/home/gustav/P5-Kuka-Dual-Arm/install/moveit_resources_fanuc_description:/home/gustav/P5-Kuka-Dual-Arm/install/moveit_msgs:/home/gustav/P5-Kuka-Dual-Arm/install/moveit_common:/home/gustav/P5-Kuka-Dual-Arm/install/generate_parameter_library_py:${AMENT_PREFIX_PATH} CMAKE_PREFIX_PATH=/home/gustav/P5-Kuka-Dual-Arm/install/moveit_ros_planning:/home/gustav/P5-Kuka-Dual-Arm/install/moveit_ros_occupancy_map_monitor:/home/gustav/P5-Kuka-Dual-Arm/install/moveit_core:/home/gustav/P5-Kuka-Dual-Arm/install/moveit_resources_panda_moveit_config:/home/gustav/P5-Kuka-Dual-Arm/install/moveit_resources_fanuc_moveit_config:/home/gustav/P5-Kuka-Dual-Arm/install/generate_parameter_library:/home/gustav/P5-Kuka-Dual-Arm/install/parameter_traits:/home/gustav/P5-Kuka-Dual-Arm/install/moveit_resources_pr2_description:/home/gustav/P5-Kuka-Dual-Arm/install/moveit_resources_panda_description:/home/gustav/P5-Kuka-Dual-Arm/install/moveit_resources_fanuc_description:/home/gustav/P5-Kuka-Dual-Arm/install/moveit_msgs:/home/gustav/P5-Kuka-Dual-Arm/install/moveit_common:/opt/ros/humble LD_LIBRARY_PATH=/home/gustav/P5-Kuka-Dual-Arm/install/moveit_ros_planning/lib:/home/gustav/P5-Kuka-Dual-Arm/install/moveit_ros_occupancy_map_monitor/lib:/home/gustav/P5-Kuka-Dual-Arm/install/moveit_core/lib:/home/gustav/P5-Kuka-Dual-Arm/install/parameter_traits/lib:/home/gustav/P5-Kuka-Dual-Arm/install/moveit_msgs/lib:${LD_LIBRARY_PATH} PATH=/home/gustav/P5-Kuka-Dual-Arm/install/moveit_core/bin:/home/gustav/P5-Kuka-Dual-Arm/install/generate_parameter_library_py/bin:${PATH} PYTHONPATH=/home/gustav/P5-Kuka-Dual-Arm/install/moveit_msgs/local/lib/python3.10/dist-packages:/home/gustav/P5-Kuka-Dual-Arm/install/generate_parameter_library_py/lib/python3.10/site-packages:${PYTHONPATH} /usr/bin/cmake --install /home/gustav/P5-Kuka-Dual-Arm/build/moveit_planners_ompl
[7.042s] -- Install configuration: "Release"
[7.043s] -- Installing: /home/gustav/P5-Kuka-Dual-Arm/install/moveit_planners_ompl/lib/moveit_planners_ompl/generate_state_database
[7.043s] -- Set runtime path of "/home/gustav/P5-Kuka-Dual-Arm/install/moveit_planners_ompl/lib/moveit_planners_ompl/generate_state_database" to ""
[7.044s] -- Up-to-date: /home/gustav/P5-Kuka-Dual-Arm/install/moveit_planners_ompl/include
[7.044s] -- Up-to-date: /home/gustav/P5-Kuka-Dual-Arm/install/moveit_planners_ompl/include/moveit
[7.044s] -- Up-to-date: /home/gustav/P5-Kuka-Dual-Arm/install/moveit_planners_ompl/include/moveit/ompl_interface
[7.044s] -- Up-to-date: /home/gustav/P5-Kuka-Dual-Arm/install/moveit_planners_ompl/include/moveit/ompl_interface/planning_context_manager.h
[7.044s] -- Up-to-date: /home/gustav/P5-Kuka-Dual-Arm/install/moveit_planners_ompl/include/moveit/ompl_interface/model_based_planning_context.h
[7.044s] -- Up-to-date: /home/gustav/P5-Kuka-Dual-Arm/install/moveit_planners_ompl/include/moveit/ompl_interface/parameterization
[7.044s] -- Up-to-date: /home/gustav/P5-Kuka-Dual-Arm/install/moveit_planners_ompl/include/moveit/ompl_interface/parameterization/model_based_state_space_factory.h
[7.045s] -- Up-to-date: /home/gustav/P5-Kuka-Dual-Arm/install/moveit_planners_ompl/include/moveit/ompl_interface/parameterization/joint_space
[7.045s] -- Up-to-date: /home/gustav/P5-Kuka-Dual-Arm/install/moveit_planners_ompl/include/moveit/ompl_interface/parameterization/joint_space/constrained_planning_state_space.h
[7.045s] -- Up-to-date: /home/gustav/P5-Kuka-Dual-Arm/install/moveit_planners_ompl/include/moveit/ompl_interface/parameterization/joint_space/joint_model_state_space_factory.h
[7.045s] -- Up-to-date: /home/gustav/P5-Kuka-Dual-Arm/install/moveit_planners_ompl/include/moveit/ompl_interface/parameterization/joint_space/joint_model_state_space.h
[7.045s] -- Up-to-date: /home/gustav/P5-Kuka-Dual-Arm/install/moveit_planners_ompl/include/moveit/ompl_interface/parameterization/joint_space/constrained_planning_state_space_factory.h
[7.045s] -- Up-to-date: /home/gustav/P5-Kuka-Dual-Arm/install/moveit_planners_ompl/include/moveit/ompl_interface/parameterization/work_space
[7.045s] -- Up-to-date: /home/gustav/P5-Kuka-Dual-Arm/install/moveit_planners_ompl/include/moveit/ompl_interface/parameterization/work_space/pose_model_state_space_factory.h
[7.045s] -- Up-to-date: /home/gustav/P5-Kuka-Dual-Arm/install/moveit_planners_ompl/include/moveit/ompl_interface/parameterization/work_space/pose_model_state_space.h
[7.045s] -- Up-to-date: /home/gustav/P5-Kuka-Dual-Arm/install/moveit_planners_ompl/include/moveit/ompl_interface/parameterization/model_based_state_space.h
[7.045s] -- Up-to-date: /home/gustav/P5-Kuka-Dual-Arm/install/moveit_planners_ompl/include/moveit/ompl_interface/detail
[7.046s] -- Up-to-date: /home/gustav/P5-Kuka-Dual-Arm/install/moveit_planners_ompl/include/moveit/ompl_interface/detail/goal_union.h
[7.046s] -- Up-to-date: /home/gustav/P5-Kuka-Dual-Arm/install/moveit_planners_ompl/include/moveit/ompl_interface/detail/constraint_approximations.h
[7.046s] -- Up-to-date: /home/gustav/P5-Kuka-Dual-Arm/install/moveit_planners_ompl/include/moveit/ompl_interface/detail/projection_evaluators.h
[7.046s] -- Up-to-date: /home/gustav/P5-Kuka-Dual-Arm/install/moveit_planners_ompl/include/moveit/ompl_interface/detail/constrained_valid_state_sampler.h
[7.046s] -- Up-to-date: /home/gustav/P5-Kuka-Dual-Arm/install/moveit_planners_ompl/include/moveit/ompl_interface/detail/constraints_library.h
[7.046s] -- Up-to-date: /home/gustav/P5-Kuka-Dual-Arm/install/moveit_planners_ompl/include/moveit/ompl_interface/detail/threadsafe_state_storage.h
[7.046s] -- Up-to-date: /home/gustav/P5-Kuka-Dual-Arm/install/moveit_planners_ompl/include/moveit/ompl_interface/detail/ompl_constraints.h
[7.046s] -- Up-to-date: /home/gustav/P5-Kuka-Dual-Arm/install/moveit_planners_ompl/include/moveit/ompl_interface/detail/constrained_goal_sampler.h
[7.046s] -- Up-to-date: /home/gustav/P5-Kuka-Dual-Arm/install/moveit_planners_ompl/include/moveit/ompl_interface/detail/constrained_sampler.h
[7.047s] -- Up-to-date: /home/gustav/P5-Kuka-Dual-Arm/install/moveit_planners_ompl/include/moveit/ompl_interface/detail/state_validity_checker.h
[7.047s] -- Up-to-date: /home/gustav/P5-Kuka-Dual-Arm/install/moveit_planners_ompl/include/moveit/ompl_interface/ompl_interface.h
[7.047s] -- Installing: /home/gustav/P5-Kuka-Dual-Arm/install/moveit_planners_ompl/lib/libmoveit_ompl_interface.so.2.5.5
[7.047s] -- Set runtime path of "/home/gustav/P5-Kuka-Dual-Arm/install/moveit_planners_ompl/lib/libmoveit_ompl_interface.so.2.5.5" to ""
[7.047s] -- Up-to-date: /home/gustav/P5-Kuka-Dual-Arm/install/moveit_planners_ompl/lib/libmoveit_ompl_interface.so
[7.047s] -- Installing: /home/gustav/P5-Kuka-Dual-Arm/install/moveit_planners_ompl/lib/libmoveit_ompl_planner_plugin.so.2.5.5
[7.047s] -- Set runtime path of "/home/gustav/P5-Kuka-Dual-Arm/install/moveit_planners_ompl/lib/libmoveit_ompl_planner_plugin.so.2.5.5" to ""
[7.048s] -- Up-to-date: /home/gustav/P5-Kuka-Dual-Arm/install/moveit_planners_ompl/lib/libmoveit_ompl_planner_plugin.so
[7.048s] -- Up-to-date: /home/gustav/P5-Kuka-Dual-Arm/install/moveit_planners_ompl/share/moveit_planners_ompl/environment/library_path.sh
[7.048s] -- Installing: /home/gustav/P5-Kuka-Dual-Arm/install/moveit_planners_ompl/share/moveit_planners_ompl/environment/library_path.dsv
[7.048s] -- Up-to-date: /home/gustav/P5-Kuka-Dual-Arm/install/moveit_planners_ompl/share/moveit_planners_ompl/ompl_interface_plugin_description.xml
[7.048s] -- Up-to-date: /home/gustav/P5-Kuka-Dual-Arm/install/moveit_planners_ompl/share/ament_index/resource_index/package_run_dependencies/moveit_planners_ompl
[7.048s] -- Installing: /home/gustav/P5-Kuka-Dual-Arm/install/moveit_planners_ompl/share/ament_index/resource_index/parent_prefix_path/moveit_planners_ompl
[7.048s] -- Up-to-date: /home/gustav/P5-Kuka-Dual-Arm/install/moveit_planners_ompl/share/moveit_planners_ompl/environment/ament_prefix_path.sh
[7.048s] -- Installing: /home/gustav/P5-Kuka-Dual-Arm/install/moveit_planners_ompl/share/moveit_planners_ompl/environment/ament_prefix_path.dsv
[7.049s] -- Up-to-date: /home/gustav/P5-Kuka-Dual-Arm/install/moveit_planners_ompl/share/moveit_planners_ompl/environment/path.sh
[7.049s] -- Installing: /home/gustav/P5-Kuka-Dual-Arm/install/moveit_planners_ompl/share/moveit_planners_ompl/environment/path.dsv
[7.049s] -- Up-to-date: /home/gustav/P5-Kuka-Dual-Arm/install/moveit_planners_ompl/share/moveit_planners_ompl/local_setup.bash
[7.049s] -- Up-to-date: /home/gustav/P5-Kuka-Dual-Arm/install/moveit_planners_ompl/share/moveit_planners_ompl/local_setup.sh
[7.049s] -- Up-to-date: /home/gustav/P5-Kuka-Dual-Arm/install/moveit_planners_ompl/share/moveit_planners_ompl/local_setup.zsh
[7.049s] -- Installing: /home/gustav/P5-Kuka-Dual-Arm/install/moveit_planners_ompl/share/moveit_planners_ompl/local_setup.dsv
[7.049s] -- Installing: /home/gustav/P5-Kuka-Dual-Arm/install/moveit_planners_ompl/share/moveit_planners_ompl/package.dsv
[7.049s] -- Up-to-date: /home/gustav/P5-Kuka-Dual-Arm/install/moveit_planners_ompl/share/ament_index/resource_index/packages/moveit_planners_ompl
[7.049s] -- Up-to-date: /home/gustav/P5-Kuka-Dual-Arm/install/moveit_planners_ompl/share/ament_index/resource_index/moveit_core__pluginlib__plugin/moveit_planners_ompl
[7.050s] -- Up-to-date: /home/gustav/P5-Kuka-Dual-Arm/install/moveit_planners_ompl/share/moveit_planners_ompl/cmake/export_moveit_planners_omplExport.cmake
[7.050s] -- Up-to-date: /home/gustav/P5-Kuka-Dual-Arm/install/moveit_planners_ompl/share/moveit_planners_ompl/cmake/export_moveit_planners_omplExport-release.cmake
[7.050s] -- Up-to-date: /home/gustav/P5-Kuka-Dual-Arm/install/moveit_planners_ompl/share/moveit_planners_ompl/cmake/ament_cmake_export_targets-extras.cmake
[7.050s] -- Up-to-date: /home/gustav/P5-Kuka-Dual-Arm/install/moveit_planners_ompl/share/moveit_planners_ompl/cmake/ament_cmake_export_dependencies-extras.cmake
[7.050s] -- Up-to-date: /home/gustav/P5-Kuka-Dual-Arm/install/moveit_planners_ompl/share/moveit_planners_ompl/cmake/moveit_planners_omplConfig.cmake
[7.050s] -- Up-to-date: /home/gustav/P5-Kuka-Dual-Arm/install/moveit_planners_ompl/share/moveit_planners_ompl/cmake/moveit_planners_omplConfig-version.cmake
[7.051s] -- Up-to-date: /home/gustav/P5-Kuka-Dual-Arm/install/moveit_planners_ompl/share/moveit_planners_ompl/package.xml
[7.052s] Invoked command in '/home/gustav/P5-Kuka-Dual-Arm/build/moveit_planners_ompl' returned '0': AMENT_PREFIX_PATH=/home/gustav/P5-Kuka-Dual-Arm/install/moveit_ros_planning:/home/gustav/P5-Kuka-Dual-Arm/install/moveit_ros_occupancy_map_monitor:/home/gustav/P5-Kuka-Dual-Arm/install/moveit_core:/home/gustav/P5-Kuka-Dual-Arm/install/moveit_resources_panda_moveit_config:/home/gustav/P5-Kuka-Dual-Arm/install/moveit_resources_fanuc_moveit_config:/home/gustav/P5-Kuka-Dual-Arm/install/generate_parameter_library:/home/gustav/P5-Kuka-Dual-Arm/install/parameter_traits:/home/gustav/P5-Kuka-Dual-Arm/install/moveit_resources_pr2_description:/home/gustav/P5-Kuka-Dual-Arm/install/moveit_resources_panda_description:/home/gustav/P5-Kuka-Dual-Arm/install/moveit_resources_fanuc_description:/home/gustav/P5-Kuka-Dual-Arm/install/moveit_msgs:/home/gustav/P5-Kuka-Dual-Arm/install/moveit_common:/home/gustav/P5-Kuka-Dual-Arm/install/generate_parameter_library_py:${AMENT_PREFIX_PATH} CMAKE_PREFIX_PATH=/home/gustav/P5-Kuka-Dual-Arm/install/moveit_ros_planning:/home/gustav/P5-Kuka-Dual-Arm/install/moveit_ros_occupancy_map_monitor:/home/gustav/P5-Kuka-Dual-Arm/install/moveit_core:/home/gustav/P5-Kuka-Dual-Arm/install/moveit_resources_panda_moveit_config:/home/gustav/P5-Kuka-Dual-Arm/install/moveit_resources_fanuc_moveit_config:/home/gustav/P5-Kuka-Dual-Arm/install/generate_parameter_library:/home/gustav/P5-Kuka-Dual-Arm/install/parameter_traits:/home/gustav/P5-Kuka-Dual-Arm/install/moveit_resources_pr2_description:/home/gustav/P5-Kuka-Dual-Arm/install/moveit_resources_panda_description:/home/gustav/P5-Kuka-Dual-Arm/install/moveit_resources_fanuc_description:/home/gustav/P5-Kuka-Dual-Arm/install/moveit_msgs:/home/gustav/P5-Kuka-Dual-Arm/install/moveit_common:/opt/ros/humble LD_LIBRARY_PATH=/home/gustav/P5-Kuka-Dual-Arm/install/moveit_ros_planning/lib:/home/gustav/P5-Kuka-Dual-Arm/install/moveit_ros_occupancy_map_monitor/lib:/home/gustav/P5-Kuka-Dual-Arm/install/moveit_core/lib:/home/gustav/P5-Kuka-Dual-Arm/install/parameter_traits/lib:/home/gustav/P5-Kuka-Dual-Arm/install/moveit_msgs/lib:${LD_LIBRARY_PATH} PATH=/home/gustav/P5-Kuka-Dual-Arm/install/moveit_core/bin:/home/gustav/P5-Kuka-Dual-Arm/install/generate_parameter_library_py/bin:${PATH} PYTHONPATH=/home/gustav/P5-Kuka-Dual-Arm/install/moveit_msgs/local/lib/python3.10/dist-packages:/home/gustav/P5-Kuka-Dual-Arm/install/generate_parameter_library_py/lib/python3.10/site-packages:${PYTHONPATH} /usr/bin/cmake --install /home/gustav/P5-Kuka-Dual-Arm/build/moveit_planners_ompl
