-- Found ament_cmake: 1.3.10 (/opt/ros/humble/share/ament_cmake/cmake)
-- Found moveit_ros_planning_interface: 2.5.5 (/home/gustav/P5-Kuka-Dual-Arm/install/moveit_ros_planning_interface/share/moveit_ros_planning_interface/cmake)
-- Found Boost: /usr/lib/x86_64-linux-gnu/cmake/Boost-1.74.0/BoostConfig.cmake (found version "1.74.0") found components: date_time filesystem program_options system thread 
-- Found rosidl_generator_c: 3.1.5 (/opt/ros/humble/share/rosidl_generator_c/cmake)
-- Found rosidl_adapter: 3.1.5 (/opt/ros/humble/share/rosidl_adapter/cmake)
-- Found rosidl_generator_cpp: 3.1.5 (/opt/ros/humble/share/rosidl_generator_cpp/cmake)
-- Using all available rosidl_typesupport_c: rosidl_typesupport_fastrtps_c;rosidl_typesupport_introspection_c
-- Using all available rosidl_typesupport_cpp: rosidl_typesupport_fastrtps_cpp;rosidl_typesupport_introspection_cpp
-- Found Boost: /usr/lib/x86_64-linux-gnu/cmake/Boost-1.74.0/BoostConfig.cmake (found version "1.74.0") found components: chrono date_time filesystem iostreams program_options regex serialization system thread 
-- Found parameter_traits: 0.3.7 (/home/gustav/P5-Kuka-Dual-Arm/install/parameter_traits/share/parameter_traits/cmake)
-- Found rmw_implementation_cmake: 6.1.2 (/opt/ros/humble/share/rmw_implementation_cmake/cmake)
-- Found rmw_fastrtps_cpp: 6.2.7 (/opt/ros/humble/share/rmw_fastrtps_cpp/cmake)
-- Using RMW implementation 'rmw_fastrtps_cpp' as default
-- Found rclcpp_lifecycle: 16.0.10 (/opt/ros/humble/share/rclcpp_lifecycle/cmake)
-- Found Boost: /usr/lib/x86_64-linux-gnu/cmake/Boost-1.74.0/BoostConfig.cmake (found version "1.74.0") found components: filesystem 
-- library: /usr/lib/x86_64-linux-gnu/libcurl.so
-- Ensuring Eigen3 include directory is part of orocos-kdl CMake target
-- Found Boost: /usr/lib/x86_64-linux-gnu/cmake/Boost-1.74.0/BoostConfig.cmake (found version "1.74.0") found components: system filesystem date_time program_options thread chrono 
-- Found Boost: /usr/lib/x86_64-linux-gnu/cmake/Boost-1.74.0/BoostConfig.cmake (found version "1.74.0") found components: thread system filesystem regex date_time program_options 
-- Found Boost: /usr/lib/x86_64-linux-gnu/cmake/Boost-1.74.0/BoostConfig.cmake (found version "1.74.0") found components: system filesystem date_time program_options thread 
-- Found moveit_visual_tools: 4.1.0 (/opt/ros/humble/share/moveit_visual_tools/cmake)
-- Setting assimp_DIR to: '/opt/ros/humble/share/rviz_assimp_vendor/cmake/../../../opt/rviz_assimp_vendor/lib/cmake/assimp-4.1'
-- Setting OGRE_DIR to: '/opt/ros/humble/share/rviz_ogre_vendor/cmake/../../../opt/rviz_ogre_vendor/lib/OGRE/cmake'
-- Found OGRE
--   static     : OFF
--   components : HLMS;MeshLodGenerator;Overlay;Paging;Property;RTShaderSystem;Terrain;Volume
--   plugins    : Plugin_BSPSceneManager;Plugin_OctreeSceneManager;Plugin_PCZSceneManager;Plugin_ParticleFX;RenderSystem_GL;RenderSystem_GL3Plus;Codec_STBI
--   media      : /opt/ros/humble/opt/rviz_ogre_vendor/share/OGRE/Media
-- OGRE_LIBRARIES: OgreHLMS;OgreMeshLodGenerator;OgreOverlay;OgrePaging;OgreProperty;OgreRTShaderSystem;OgreTerrain;OgreVolume;OgreMain
-- OGRE_LIBRARY_DIRS: /opt/ros/humble/opt/rviz_ogre_vendor/lib
-- OGRE_PLUGINS: Plugin_BSPSceneManager;Plugin_OctreeSceneManager;Plugin_PCZSceneManager;Plugin_ParticleFX;RenderSystem_GL;RenderSystem_GL3Plus;Codec_STBI
-- OGRE_PLUGIN_DIR: /opt/ros/humble/opt/rviz_ogre_vendor/lib/OGRE
-- rviz_ogre_vendor::OgreOverlay for IMPORTED_LOCATION_RELEASE: /opt/ros/humble/opt/rviz_ogre_vendor/lib/libOgreOverlay.so
-- rviz_ogre_vendor::OgreOverlay for IMPORTED_LOCATION_DEBUG: /opt/ros/humble/opt/rviz_ogre_vendor/lib/libOgreOverlay.so
-- rviz_ogre_vendor::OgreMain for IMPORTED_LOCATION_RELEASE: /opt/ros/humble/opt/rviz_ogre_vendor/lib/libOgreMain.so
-- rviz_ogre_vendor::OgreMain for IMPORTED_LOCATION_DEBUG: /opt/ros/humble/opt/rviz_ogre_vendor/lib/libOgreMain.so
-- Found ament_lint_auto: 0.12.11 (/opt/ros/humble/share/ament_lint_auto/cmake)
-- Added test 'cppcheck' to perform static code analysis on C / C++ code
-- Configured cppcheck include dirs: $<BUILD_INTERFACE:/home/gustav/P5-Kuka-Dual-Arm/p5_ws/src/send_cudes/include>
-- Configured cppcheck exclude dirs and/or files: 
-- Added test 'flake8' to check Python code syntax and style conventions
-- Added test 'lint_cmake' to check CMake code style
-- Added test 'pep257' to check Python code against some of the docstring style conventions in PEP 257
-- Added test 'uncrustify' to check C / C++ code style
-- Configured uncrustify additional arguments: 
-- Added test 'xmllint' to check XML markup files
-- Configuring done
-- Generating done
-- Build files have been written to: /home/gustav/P5-Kuka-Dual-Arm/build/send_cudes
[35m[1mConsolidate compiler generated dependencies of target send_cudes[0m
[ 50%] [32m[1mLinking CXX executable send_cudes[0m
[100%] Built target send_cudes
-- Install configuration: "Release"
-- Installing: /home/gustav/P5-Kuka-Dual-Arm/install/send_cudes/lib/send_cudes/send_cudes
-- Set runtime path of "/home/gustav/P5-Kuka-Dual-Arm/install/send_cudes/lib/send_cudes/send_cudes" to ""
-- Up-to-date: /home/gustav/P5-Kuka-Dual-Arm/install/send_cudes/share/send_cudes//launch
-- Up-to-date: /home/gustav/P5-Kuka-Dual-Arm/install/send_cudes/share/send_cudes//launch/send_cudes_launch.py
-- Up-to-date: /home/gustav/P5-Kuka-Dual-Arm/install/send_cudes/share/ament_index/resource_index/package_run_dependencies/send_cudes
-- Up-to-date: /home/gustav/P5-Kuka-Dual-Arm/install/send_cudes/share/ament_index/resource_index/parent_prefix_path/send_cudes
-- Up-to-date: /home/gustav/P5-Kuka-Dual-Arm/install/send_cudes/share/send_cudes/environment/ament_prefix_path.sh
-- Installing: /home/gustav/P5-Kuka-Dual-Arm/install/send_cudes/share/send_cudes/environment/ament_prefix_path.dsv
-- Up-to-date: /home/gustav/P5-Kuka-Dual-Arm/install/send_cudes/share/send_cudes/environment/path.sh
-- Installing: /home/gustav/P5-Kuka-Dual-Arm/install/send_cudes/share/send_cudes/environment/path.dsv
-- Up-to-date: /home/gustav/P5-Kuka-Dual-Arm/install/send_cudes/share/send_cudes/local_setup.bash
-- Up-to-date: /home/gustav/P5-Kuka-Dual-Arm/install/send_cudes/share/send_cudes/local_setup.sh
-- Up-to-date: /home/gustav/P5-Kuka-Dual-Arm/install/send_cudes/share/send_cudes/local_setup.zsh
-- Installing: /home/gustav/P5-Kuka-Dual-Arm/install/send_cudes/share/send_cudes/local_setup.dsv
-- Installing: /home/gustav/P5-Kuka-Dual-Arm/install/send_cudes/share/send_cudes/package.dsv
-- Up-to-date: /home/gustav/P5-Kuka-Dual-Arm/install/send_cudes/share/ament_index/resource_index/packages/send_cudes
-- Up-to-date: /home/gustav/P5-Kuka-Dual-Arm/install/send_cudes/share/send_cudes/cmake/send_cudesConfig.cmake
-- Up-to-date: /home/gustav/P5-Kuka-Dual-Arm/install/send_cudes/share/send_cudes/cmake/send_cudesConfig-version.cmake
-- Up-to-date: /home/gustav/P5-Kuka-Dual-Arm/install/send_cudes/share/send_cudes/package.xml
