[0.031s] Invoking command in '/home/gustav/P5-Kuka-Dual-Arm/build/moveit_ros_warehouse': AMENT_PREFIX_PATH=/home/gustav/P5-Kuka-Dual-Arm/install/moveit_ros_planning:/home/gustav/P5-Kuka-Dual-Arm/install/moveit_ros_occupancy_map_monitor:/home/gustav/P5-Kuka-Dual-Arm/install/moveit_core:/home/gustav/P5-Kuka-Dual-Arm/install/moveit_resources_panda_moveit_config:/home/gustav/P5-Kuka-Dual-Arm/install/generate_parameter_library:/home/gustav/P5-Kuka-Dual-Arm/install/parameter_traits:/home/gustav/P5-Kuka-Dual-Arm/install/moveit_resources_pr2_description:/home/gustav/P5-Kuka-Dual-Arm/install/moveit_resources_panda_description:/home/gustav/P5-Kuka-Dual-Arm/install/moveit_msgs:/home/gustav/P5-Kuka-Dual-Arm/install/moveit_common:/home/gustav/P5-Kuka-Dual-Arm/install/generate_parameter_library_py:${AMENT_PREFIX_PATH} CMAKE_PREFIX_PATH=/home/gustav/P5-Kuka-Dual-Arm/install/moveit_ros_planning:/home/gustav/P5-Kuka-Dual-Arm/install/moveit_ros_occupancy_map_monitor:/home/gustav/P5-Kuka-Dual-Arm/install/moveit_core:/home/gustav/P5-Kuka-Dual-Arm/install/moveit_resources_panda_moveit_config:/home/gustav/P5-Kuka-Dual-Arm/install/generate_parameter_library:/home/gustav/P5-Kuka-Dual-Arm/install/parameter_traits:/home/gustav/P5-Kuka-Dual-Arm/install/moveit_resources_pr2_description:/home/gustav/P5-Kuka-Dual-Arm/install/moveit_resources_panda_description:/home/gustav/P5-Kuka-Dual-Arm/install/moveit_msgs:/home/gustav/P5-Kuka-Dual-Arm/install/moveit_common:/opt/ros/humble LD_LIBRARY_PATH=/home/gustav/P5-Kuka-Dual-Arm/install/moveit_ros_planning/lib:/home/gustav/P5-Kuka-Dual-Arm/install/moveit_ros_occupancy_map_monitor/lib:/home/gustav/P5-Kuka-Dual-Arm/install/moveit_core/lib:/home/gustav/P5-Kuka-Dual-Arm/install/parameter_traits/lib:/home/gustav/P5-Kuka-Dual-Arm/install/moveit_msgs/lib:${LD_LIBRARY_PATH} PATH=/home/gustav/P5-Kuka-Dual-Arm/install/moveit_core/bin:/home/gustav/P5-Kuka-Dual-Arm/install/generate_parameter_library_py/bin:${PATH} PYTHONPATH=/home/gustav/P5-Kuka-Dual-Arm/install/moveit_msgs/local/lib/python3.10/dist-packages:/home/gustav/P5-Kuka-Dual-Arm/install/generate_parameter_library_py/lib/python3.10/site-packages:${PYTHONPATH} /usr/bin/cmake --build /home/gustav/P5-Kuka-Dual-Arm/build/moveit_ros_warehouse -- -j8 -l8
[0.087s] [35m[1mConsolidate compiler generated dependencies of target moveit_warehouse[0m
[0.111s] [  5%] [32mBuilding CXX object CMakeFiles/moveit_warehouse.dir/src/planning_scene_storage.cpp.o[0m
[0.111s] [ 10%] [32mBuilding CXX object CMakeFiles/moveit_warehouse.dir/src/moveit_message_storage.cpp.o[0m
[0.113s] [ 15%] [32mBuilding CXX object CMakeFiles/moveit_warehouse.dir/src/planning_scene_world_storage.cpp.o[0m
[0.129s] [ 20%] [32mBuilding CXX object CMakeFiles/moveit_warehouse.dir/src/trajectory_constraints_storage.cpp.o[0m
[0.133s] [ 25%] [32mBuilding CXX object CMakeFiles/moveit_warehouse.dir/src/warehouse_connector.cpp.o[0m
[0.139s] [ 30%] [32mBuilding CXX object CMakeFiles/moveit_warehouse.dir/src/state_storage.cpp.o[0m
[25.055s] [ 35%] [32m[1mLinking CXX shared library libmoveit_warehouse.so[0m
[25.844s] [ 40%] Built target moveit_warehouse
[25.875s] [ 45%] [32mBuilding CXX object CMakeFiles/moveit_init_demo_warehouse.dir/src/initialize_demo_db.cpp.o[0m
[25.875s] [ 50%] [32mBuilding CXX object CMakeFiles/moveit_warehouse_import_from_text.dir/src/import_from_text.cpp.o[0m
[25.875s] [ 55%] [32mBuilding CXX object CMakeFiles/moveit_warehouse_services.dir/src/warehouse_services.cpp.o[0m
[25.878s] [ 60%] [32mBuilding CXX object CMakeFiles/moveit_save_to_warehouse.dir/src/save_to_warehouse.cpp.o[0m
[25.881s] [ 65%] [32mBuilding CXX object CMakeFiles/moveit_warehouse_broadcast.dir/src/broadcast.cpp.o[0m
[25.882s] [ 70%] [32mBuilding CXX object CMakeFiles/moveit_warehouse_save_as_text.dir/src/save_as_text.cpp.o[0m
[45.408s] [ 75%] [32m[1mLinking CXX executable moveit_warehouse_services[0m
[45.909s] [ 75%] Built target moveit_warehouse_services
[51.447s] [ 80%] [32m[1mLinking CXX executable moveit_init_demo_warehouse[0m
[51.653s] [ 85%] [32m[1mLinking CXX executable moveit_warehouse_save_as_text[0m
[52.499s] [ 90%] [32m[1mLinking CXX executable moveit_warehouse_broadcast[0m
[52.629s] [ 90%] Built target moveit_init_demo_warehouse
[52.871s] [ 90%] Built target moveit_warehouse_save_as_text
[52.966s] [ 95%] [32m[1mLinking CXX executable moveit_warehouse_import_from_text[0m
[53.159s] [ 95%] Built target moveit_warehouse_broadcast
[53.716s] [ 95%] Built target moveit_warehouse_import_from_text
[73.000s] [100%] [32m[1mLinking CXX executable moveit_save_to_warehouse[0m
[73.678s] [100%] Built target moveit_save_to_warehouse
[73.693s] Invoked command in '/home/gustav/P5-Kuka-Dual-Arm/build/moveit_ros_warehouse' returned '0': AMENT_PREFIX_PATH=/home/gustav/P5-Kuka-Dual-Arm/install/moveit_ros_planning:/home/gustav/P5-Kuka-Dual-Arm/install/moveit_ros_occupancy_map_monitor:/home/gustav/P5-Kuka-Dual-Arm/install/moveit_core:/home/gustav/P5-Kuka-Dual-Arm/install/moveit_resources_panda_moveit_config:/home/gustav/P5-Kuka-Dual-Arm/install/generate_parameter_library:/home/gustav/P5-Kuka-Dual-Arm/install/parameter_traits:/home/gustav/P5-Kuka-Dual-Arm/install/moveit_resources_pr2_description:/home/gustav/P5-Kuka-Dual-Arm/install/moveit_resources_panda_description:/home/gustav/P5-Kuka-Dual-Arm/install/moveit_msgs:/home/gustav/P5-Kuka-Dual-Arm/install/moveit_common:/home/gustav/P5-Kuka-Dual-Arm/install/generate_parameter_library_py:${AMENT_PREFIX_PATH} CMAKE_PREFIX_PATH=/home/gustav/P5-Kuka-Dual-Arm/install/moveit_ros_planning:/home/gustav/P5-Kuka-Dual-Arm/install/moveit_ros_occupancy_map_monitor:/home/gustav/P5-Kuka-Dual-Arm/install/moveit_core:/home/gustav/P5-Kuka-Dual-Arm/install/moveit_resources_panda_moveit_config:/home/gustav/P5-Kuka-Dual-Arm/install/generate_parameter_library:/home/gustav/P5-Kuka-Dual-Arm/install/parameter_traits:/home/gustav/P5-Kuka-Dual-Arm/install/moveit_resources_pr2_description:/home/gustav/P5-Kuka-Dual-Arm/install/moveit_resources_panda_description:/home/gustav/P5-Kuka-Dual-Arm/install/moveit_msgs:/home/gustav/P5-Kuka-Dual-Arm/install/moveit_common:/opt/ros/humble LD_LIBRARY_PATH=/home/gustav/P5-Kuka-Dual-Arm/install/moveit_ros_planning/lib:/home/gustav/P5-Kuka-Dual-Arm/install/moveit_ros_occupancy_map_monitor/lib:/home/gustav/P5-Kuka-Dual-Arm/install/moveit_core/lib:/home/gustav/P5-Kuka-Dual-Arm/install/parameter_traits/lib:/home/gustav/P5-Kuka-Dual-Arm/install/moveit_msgs/lib:${LD_LIBRARY_PATH} PATH=/home/gustav/P5-Kuka-Dual-Arm/install/moveit_core/bin:/home/gustav/P5-Kuka-Dual-Arm/install/generate_parameter_library_py/bin:${PATH} PYTHONPATH=/home/gustav/P5-Kuka-Dual-Arm/install/moveit_msgs/local/lib/python3.10/dist-packages:/home/gustav/P5-Kuka-Dual-Arm/install/generate_parameter_library_py/lib/python3.10/site-packages:${PYTHONPATH} /usr/bin/cmake --build /home/gustav/P5-Kuka-Dual-Arm/build/moveit_ros_warehouse -- -j8 -l8
[73.777s] Invoking command in '/home/gustav/P5-Kuka-Dual-Arm/build/moveit_ros_warehouse': AMENT_PREFIX_PATH=/home/gustav/P5-Kuka-Dual-Arm/install/moveit_ros_planning:/home/gustav/P5-Kuka-Dual-Arm/install/moveit_ros_occupancy_map_monitor:/home/gustav/P5-Kuka-Dual-Arm/install/moveit_core:/home/gustav/P5-Kuka-Dual-Arm/install/moveit_resources_panda_moveit_config:/home/gustav/P5-Kuka-Dual-Arm/install/generate_parameter_library:/home/gustav/P5-Kuka-Dual-Arm/install/parameter_traits:/home/gustav/P5-Kuka-Dual-Arm/install/moveit_resources_pr2_description:/home/gustav/P5-Kuka-Dual-Arm/install/moveit_resources_panda_description:/home/gustav/P5-Kuka-Dual-Arm/install/moveit_msgs:/home/gustav/P5-Kuka-Dual-Arm/install/moveit_common:/home/gustav/P5-Kuka-Dual-Arm/install/generate_parameter_library_py:${AMENT_PREFIX_PATH} CMAKE_PREFIX_PATH=/home/gustav/P5-Kuka-Dual-Arm/install/moveit_ros_planning:/home/gustav/P5-Kuka-Dual-Arm/install/moveit_ros_occupancy_map_monitor:/home/gustav/P5-Kuka-Dual-Arm/install/moveit_core:/home/gustav/P5-Kuka-Dual-Arm/install/moveit_resources_panda_moveit_config:/home/gustav/P5-Kuka-Dual-Arm/install/generate_parameter_library:/home/gustav/P5-Kuka-Dual-Arm/install/parameter_traits:/home/gustav/P5-Kuka-Dual-Arm/install/moveit_resources_pr2_description:/home/gustav/P5-Kuka-Dual-Arm/install/moveit_resources_panda_description:/home/gustav/P5-Kuka-Dual-Arm/install/moveit_msgs:/home/gustav/P5-Kuka-Dual-Arm/install/moveit_common:/opt/ros/humble LD_LIBRARY_PATH=/home/gustav/P5-Kuka-Dual-Arm/install/moveit_ros_planning/lib:/home/gustav/P5-Kuka-Dual-Arm/install/moveit_ros_occupancy_map_monitor/lib:/home/gustav/P5-Kuka-Dual-Arm/install/moveit_core/lib:/home/gustav/P5-Kuka-Dual-Arm/install/parameter_traits/lib:/home/gustav/P5-Kuka-Dual-Arm/install/moveit_msgs/lib:${LD_LIBRARY_PATH} PATH=/home/gustav/P5-Kuka-Dual-Arm/install/moveit_core/bin:/home/gustav/P5-Kuka-Dual-Arm/install/generate_parameter_library_py/bin:${PATH} PYTHONPATH=/home/gustav/P5-Kuka-Dual-Arm/install/moveit_msgs/local/lib/python3.10/dist-packages:/home/gustav/P5-Kuka-Dual-Arm/install/generate_parameter_library_py/lib/python3.10/site-packages:${PYTHONPATH} /usr/bin/cmake --install /home/gustav/P5-Kuka-Dual-Arm/build/moveit_ros_warehouse
[73.789s] -- Install configuration: "Release"
[73.790s] -- Installing: /home/gustav/P5-Kuka-Dual-Arm/install/moveit_ros_warehouse/lib/moveit_ros_warehouse/moveit_save_to_warehouse
[73.791s] -- Set runtime path of "/home/gustav/P5-Kuka-Dual-Arm/install/moveit_ros_warehouse/lib/moveit_ros_warehouse/moveit_save_to_warehouse" to ""
[73.792s] -- Installing: /home/gustav/P5-Kuka-Dual-Arm/install/moveit_ros_warehouse/lib/moveit_ros_warehouse/moveit_warehouse_broadcast
[73.793s] -- Set runtime path of "/home/gustav/P5-Kuka-Dual-Arm/install/moveit_ros_warehouse/lib/moveit_ros_warehouse/moveit_warehouse_broadcast" to ""
[73.793s] -- Installing: /home/gustav/P5-Kuka-Dual-Arm/install/moveit_ros_warehouse/lib/moveit_ros_warehouse/moveit_warehouse_import_from_text
[73.793s] -- Set runtime path of "/home/gustav/P5-Kuka-Dual-Arm/install/moveit_ros_warehouse/lib/moveit_ros_warehouse/moveit_warehouse_import_from_text" to ""
[73.793s] -- Installing: /home/gustav/P5-Kuka-Dual-Arm/install/moveit_ros_warehouse/lib/moveit_ros_warehouse/moveit_warehouse_save_as_text
[73.794s] -- Set runtime path of "/home/gustav/P5-Kuka-Dual-Arm/install/moveit_ros_warehouse/lib/moveit_ros_warehouse/moveit_warehouse_save_as_text" to ""
[73.794s] -- Installing: /home/gustav/P5-Kuka-Dual-Arm/install/moveit_ros_warehouse/lib/moveit_ros_warehouse/moveit_init_demo_warehouse
[73.794s] -- Set runtime path of "/home/gustav/P5-Kuka-Dual-Arm/install/moveit_ros_warehouse/lib/moveit_ros_warehouse/moveit_init_demo_warehouse" to ""
[73.794s] -- Installing: /home/gustav/P5-Kuka-Dual-Arm/install/moveit_ros_warehouse/lib/moveit_ros_warehouse/moveit_warehouse_services
[73.795s] -- Set runtime path of "/home/gustav/P5-Kuka-Dual-Arm/install/moveit_ros_warehouse/lib/moveit_ros_warehouse/moveit_warehouse_services" to ""
[73.795s] -- Installing: /home/gustav/P5-Kuka-Dual-Arm/install/moveit_ros_warehouse/include
[73.795s] -- Installing: /home/gustav/P5-Kuka-Dual-Arm/install/moveit_ros_warehouse/include/moveit
[73.795s] -- Installing: /home/gustav/P5-Kuka-Dual-Arm/install/moveit_ros_warehouse/include/moveit/warehouse
[73.796s] -- Installing: /home/gustav/P5-Kuka-Dual-Arm/install/moveit_ros_warehouse/include/moveit/warehouse/trajectory_constraints_storage.h
[73.796s] -- Installing: /home/gustav/P5-Kuka-Dual-Arm/install/moveit_ros_warehouse/include/moveit/warehouse/constraints_storage.h
[73.796s] -- Installing: /home/gustav/P5-Kuka-Dual-Arm/install/moveit_ros_warehouse/include/moveit/warehouse/state_storage.h
[73.796s] -- Installing: /home/gustav/P5-Kuka-Dual-Arm/install/moveit_ros_warehouse/include/moveit/warehouse/moveit_message_storage.h
[73.796s] -- Installing: /home/gustav/P5-Kuka-Dual-Arm/install/moveit_ros_warehouse/include/moveit/warehouse/warehouse_connector.h
[73.796s] -- Installing: /home/gustav/P5-Kuka-Dual-Arm/install/moveit_ros_warehouse/include/moveit/warehouse/planning_scene_storage.h
[73.796s] -- Installing: /home/gustav/P5-Kuka-Dual-Arm/install/moveit_ros_warehouse/include/moveit/warehouse/planning_scene_world_storage.h
[73.796s] -- Installing: /home/gustav/P5-Kuka-Dual-Arm/install/moveit_ros_warehouse/include/moveit_warehouse_export.h
[73.797s] -- Installing: /home/gustav/P5-Kuka-Dual-Arm/install/moveit_ros_warehouse/lib/libmoveit_warehouse.so.2.5.5
[73.797s] -- Set runtime path of "/home/gustav/P5-Kuka-Dual-Arm/install/moveit_ros_warehouse/lib/libmoveit_warehouse.so.2.5.5" to ""
[73.798s] -- Installing: /home/gustav/P5-Kuka-Dual-Arm/install/moveit_ros_warehouse/lib/libmoveit_warehouse.so
[73.798s] -- Installing: /home/gustav/P5-Kuka-Dual-Arm/install/moveit_ros_warehouse/share/moveit_ros_warehouse/environment/library_path.sh
[73.798s] -- Installing: /home/gustav/P5-Kuka-Dual-Arm/install/moveit_ros_warehouse/share/moveit_ros_warehouse/environment/library_path.dsv
[73.798s] -- Installing: /home/gustav/P5-Kuka-Dual-Arm/install/moveit_ros_warehouse/share/ament_index/resource_index/package_run_dependencies/moveit_ros_warehouse
[73.799s] -- Installing: /home/gustav/P5-Kuka-Dual-Arm/install/moveit_ros_warehouse/share/ament_index/resource_index/parent_prefix_path/moveit_ros_warehouse
[73.799s] -- Installing: /home/gustav/P5-Kuka-Dual-Arm/install/moveit_ros_warehouse/share/moveit_ros_warehouse/environment/ament_prefix_path.sh
[73.799s] -- Installing: /home/gustav/P5-Kuka-Dual-Arm/install/moveit_ros_warehouse/share/moveit_ros_warehouse/environment/ament_prefix_path.dsv
[73.800s] -- Installing: /home/gustav/P5-Kuka-Dual-Arm/install/moveit_ros_warehouse/share/moveit_ros_warehouse/environment/path.sh
[73.800s] -- Installing: /home/gustav/P5-Kuka-Dual-Arm/install/moveit_ros_warehouse/share/moveit_ros_warehouse/environment/path.dsv
[73.800s] -- Installing: /home/gustav/P5-Kuka-Dual-Arm/install/moveit_ros_warehouse/share/moveit_ros_warehouse/local_setup.bash
[73.801s] -- Installing: /home/gustav/P5-Kuka-Dual-Arm/install/moveit_ros_warehouse/share/moveit_ros_warehouse/local_setup.sh
[73.801s] -- Installing: /home/gustav/P5-Kuka-Dual-Arm/install/moveit_ros_warehouse/share/moveit_ros_warehouse/local_setup.zsh
[73.801s] -- Installing: /home/gustav/P5-Kuka-Dual-Arm/install/moveit_ros_warehouse/share/moveit_ros_warehouse/local_setup.dsv
[73.801s] -- Installing: /home/gustav/P5-Kuka-Dual-Arm/install/moveit_ros_warehouse/share/moveit_ros_warehouse/package.dsv
[73.802s] -- Installing: /home/gustav/P5-Kuka-Dual-Arm/install/moveit_ros_warehouse/share/ament_index/resource_index/packages/moveit_ros_warehouse
[73.802s] -- Installing: /home/gustav/P5-Kuka-Dual-Arm/install/moveit_ros_warehouse/share/moveit_ros_warehouse/cmake/export_moveit_ros_warehouseExport.cmake
[73.803s] -- Installing: /home/gustav/P5-Kuka-Dual-Arm/install/moveit_ros_warehouse/share/moveit_ros_warehouse/cmake/export_moveit_ros_warehouseExport-release.cmake
[73.803s] -- Installing: /home/gustav/P5-Kuka-Dual-Arm/install/moveit_ros_warehouse/share/moveit_ros_warehouse/cmake/ConfigExtras.cmake
[73.803s] -- Installing: /home/gustav/P5-Kuka-Dual-Arm/install/moveit_ros_warehouse/share/moveit_ros_warehouse/cmake/ament_cmake_export_targets-extras.cmake
[73.803s] -- Installing: /home/gustav/P5-Kuka-Dual-Arm/install/moveit_ros_warehouse/share/moveit_ros_warehouse/cmake/ament_cmake_export_dependencies-extras.cmake
[73.803s] -- Installing: /home/gustav/P5-Kuka-Dual-Arm/install/moveit_ros_warehouse/share/moveit_ros_warehouse/cmake/moveit_ros_warehouseConfig.cmake
[73.804s] -- Installing: /home/gustav/P5-Kuka-Dual-Arm/install/moveit_ros_warehouse/share/moveit_ros_warehouse/cmake/moveit_ros_warehouseConfig-version.cmake
[73.804s] -- Installing: /home/gustav/P5-Kuka-Dual-Arm/install/moveit_ros_warehouse/share/moveit_ros_warehouse/package.xml
[73.807s] Invoked command in '/home/gustav/P5-Kuka-Dual-Arm/build/moveit_ros_warehouse' returned '0': AMENT_PREFIX_PATH=/home/gustav/P5-Kuka-Dual-Arm/install/moveit_ros_planning:/home/gustav/P5-Kuka-Dual-Arm/install/moveit_ros_occupancy_map_monitor:/home/gustav/P5-Kuka-Dual-Arm/install/moveit_core:/home/gustav/P5-Kuka-Dual-Arm/install/moveit_resources_panda_moveit_config:/home/gustav/P5-Kuka-Dual-Arm/install/generate_parameter_library:/home/gustav/P5-Kuka-Dual-Arm/install/parameter_traits:/home/gustav/P5-Kuka-Dual-Arm/install/moveit_resources_pr2_description:/home/gustav/P5-Kuka-Dual-Arm/install/moveit_resources_panda_description:/home/gustav/P5-Kuka-Dual-Arm/install/moveit_msgs:/home/gustav/P5-Kuka-Dual-Arm/install/moveit_common:/home/gustav/P5-Kuka-Dual-Arm/install/generate_parameter_library_py:${AMENT_PREFIX_PATH} CMAKE_PREFIX_PATH=/home/gustav/P5-Kuka-Dual-Arm/install/moveit_ros_planning:/home/gustav/P5-Kuka-Dual-Arm/install/moveit_ros_occupancy_map_monitor:/home/gustav/P5-Kuka-Dual-Arm/install/moveit_core:/home/gustav/P5-Kuka-Dual-Arm/install/moveit_resources_panda_moveit_config:/home/gustav/P5-Kuka-Dual-Arm/install/generate_parameter_library:/home/gustav/P5-Kuka-Dual-Arm/install/parameter_traits:/home/gustav/P5-Kuka-Dual-Arm/install/moveit_resources_pr2_description:/home/gustav/P5-Kuka-Dual-Arm/install/moveit_resources_panda_description:/home/gustav/P5-Kuka-Dual-Arm/install/moveit_msgs:/home/gustav/P5-Kuka-Dual-Arm/install/moveit_common:/opt/ros/humble LD_LIBRARY_PATH=/home/gustav/P5-Kuka-Dual-Arm/install/moveit_ros_planning/lib:/home/gustav/P5-Kuka-Dual-Arm/install/moveit_ros_occupancy_map_monitor/lib:/home/gustav/P5-Kuka-Dual-Arm/install/moveit_core/lib:/home/gustav/P5-Kuka-Dual-Arm/install/parameter_traits/lib:/home/gustav/P5-Kuka-Dual-Arm/install/moveit_msgs/lib:${LD_LIBRARY_PATH} PATH=/home/gustav/P5-Kuka-Dual-Arm/install/moveit_core/bin:/home/gustav/P5-Kuka-Dual-Arm/install/generate_parameter_library_py/bin:${PATH} PYTHONPATH=/home/gustav/P5-Kuka-Dual-Arm/install/moveit_msgs/local/lib/python3.10/dist-packages:/home/gustav/P5-Kuka-Dual-Arm/install/generate_parameter_library_py/lib/python3.10/site-packages:${PYTHONPATH} /usr/bin/cmake --install /home/gustav/P5-Kuka-Dual-Arm/build/moveit_ros_warehouse
