[0.013s] Invoking command in '/home/gustav/P5-Kuka-Dual-Arm/build/lbr_bringup': AMENT_PREFIX_PATH=/home/gustav/P5-Kuka-Dual-Arm/install/lbr_ros2_control:/home/gustav/P5-Kuka-Dual-Arm/install/lbr_fri_ros2:/home/gustav/P5-Kuka-Dual-Arm/install/lbr_fri_idl:/home/gustav/P5-Kuka-Dual-Arm/install/lbr_description:${AMENT_PREFIX_PATH} CMAKE_PREFIX_PATH=/home/gustav/P5-Kuka-Dual-Arm/install/lbr_ros2_control:/home/gustav/P5-Kuka-Dual-Arm/install/lbr_fri_ros2:/home/gustav/P5-Kuka-Dual-Arm/install/lbr_fri_idl:/home/gustav/P5-Kuka-Dual-Arm/install/lbr_description:/home/gustav/P5-Kuka-Dual-Arm/install/fri_client_sdk:/opt/ros/humble LD_LIBRARY_PATH=/home/gustav/P5-Kuka-Dual-Arm/install/lbr_ros2_control/lib:/home/gustav/P5-Kuka-Dual-Arm/install/lbr_fri_ros2/lib:/home/gustav/P5-Kuka-Dual-Arm/install/lbr_fri_idl/lib:/home/gustav/P5-Kuka-Dual-Arm/install/fri_client_sdk/lib:${LD_LIBRARY_PATH} PKG_CONFIG_PATH=/home/gustav/P5-Kuka-Dual-Arm/install/fri_client_sdk/lib/x86_64-linux-gnu/pkgconfig:/home/gustav/P5-Kuka-Dual-Arm/install/fri_client_sdk/lib/pkgconfig PYTHONPATH=/home/gustav/P5-Kuka-Dual-Arm/install/lbr_fri_idl/local/lib/python3.10/dist-packages:${PYTHONPATH} /usr/bin/cmake --build /home/gustav/P5-Kuka-Dual-Arm/build/lbr_bringup -- -j8 -l8
[0.078s] Built target ament_cmake_python_copy_launch_mixins
[0.365s] running egg_info
[0.366s] writing launch_mixins.egg-info/PKG-INFO
[0.366s] writing dependency_links to launch_mixins.egg-info/dependency_links.txt
[0.366s] writing top-level names to launch_mixins.egg-info/top_level.txt
[0.368s] reading manifest file 'launch_mixins.egg-info/SOURCES.txt'
[0.369s] writing manifest file 'launch_mixins.egg-info/SOURCES.txt'
[0.396s] Built target ament_cmake_python_build_launch_mixins_egg
[0.407s] Invoked command in '/home/gustav/P5-Kuka-Dual-Arm/build/lbr_bringup' returned '0': AMENT_PREFIX_PATH=/home/gustav/P5-Kuka-Dual-Arm/install/lbr_ros2_control:/home/gustav/P5-Kuka-Dual-Arm/install/lbr_fri_ros2:/home/gustav/P5-Kuka-Dual-Arm/install/lbr_fri_idl:/home/gustav/P5-Kuka-Dual-Arm/install/lbr_description:${AMENT_PREFIX_PATH} CMAKE_PREFIX_PATH=/home/gustav/P5-Kuka-Dual-Arm/install/lbr_ros2_control:/home/gustav/P5-Kuka-Dual-Arm/install/lbr_fri_ros2:/home/gustav/P5-Kuka-Dual-Arm/install/lbr_fri_idl:/home/gustav/P5-Kuka-Dual-Arm/install/lbr_description:/home/gustav/P5-Kuka-Dual-Arm/install/fri_client_sdk:/opt/ros/humble LD_LIBRARY_PATH=/home/gustav/P5-Kuka-Dual-Arm/install/lbr_ros2_control/lib:/home/gustav/P5-Kuka-Dual-Arm/install/lbr_fri_ros2/lib:/home/gustav/P5-Kuka-Dual-Arm/install/lbr_fri_idl/lib:/home/gustav/P5-Kuka-Dual-Arm/install/fri_client_sdk/lib:${LD_LIBRARY_PATH} PKG_CONFIG_PATH=/home/gustav/P5-Kuka-Dual-Arm/install/fri_client_sdk/lib/x86_64-linux-gnu/pkgconfig:/home/gustav/P5-Kuka-Dual-Arm/install/fri_client_sdk/lib/pkgconfig PYTHONPATH=/home/gustav/P5-Kuka-Dual-Arm/install/lbr_fri_idl/local/lib/python3.10/dist-packages:${PYTHONPATH} /usr/bin/cmake --build /home/gustav/P5-Kuka-Dual-Arm/build/lbr_bringup -- -j8 -l8
[0.426s] Invoking command in '/home/gustav/P5-Kuka-Dual-Arm/build/lbr_bringup': AMENT_PREFIX_PATH=/home/gustav/P5-Kuka-Dual-Arm/install/lbr_ros2_control:/home/gustav/P5-Kuka-Dual-Arm/install/lbr_fri_ros2:/home/gustav/P5-Kuka-Dual-Arm/install/lbr_fri_idl:/home/gustav/P5-Kuka-Dual-Arm/install/lbr_description:${AMENT_PREFIX_PATH} CMAKE_PREFIX_PATH=/home/gustav/P5-Kuka-Dual-Arm/install/lbr_ros2_control:/home/gustav/P5-Kuka-Dual-Arm/install/lbr_fri_ros2:/home/gustav/P5-Kuka-Dual-Arm/install/lbr_fri_idl:/home/gustav/P5-Kuka-Dual-Arm/install/lbr_description:/home/gustav/P5-Kuka-Dual-Arm/install/fri_client_sdk:/opt/ros/humble LD_LIBRARY_PATH=/home/gustav/P5-Kuka-Dual-Arm/install/lbr_ros2_control/lib:/home/gustav/P5-Kuka-Dual-Arm/install/lbr_fri_ros2/lib:/home/gustav/P5-Kuka-Dual-Arm/install/lbr_fri_idl/lib:/home/gustav/P5-Kuka-Dual-Arm/install/fri_client_sdk/lib:${LD_LIBRARY_PATH} PKG_CONFIG_PATH=/home/gustav/P5-Kuka-Dual-Arm/install/fri_client_sdk/lib/x86_64-linux-gnu/pkgconfig:/home/gustav/P5-Kuka-Dual-Arm/install/fri_client_sdk/lib/pkgconfig PYTHONPATH=/home/gustav/P5-Kuka-Dual-Arm/install/lbr_fri_idl/local/lib/python3.10/dist-packages:${PYTHONPATH} /usr/bin/cmake --install /home/gustav/P5-Kuka-Dual-Arm/build/lbr_bringup
[0.432s] -- Install configuration: "Release"
[0.433s] -- Up-to-date: /home/gustav/P5-Kuka-Dual-Arm/install/lbr_bringup/share/lbr_bringup/config
[0.433s] -- Up-to-date: /home/gustav/P5-Kuka-Dual-Arm/install/lbr_bringup/share/lbr_bringup/config/config.rviz
[0.433s] -- Up-to-date: /home/gustav/P5-Kuka-Dual-Arm/install/lbr_bringup/share/lbr_bringup/launch
[0.433s] -- Up-to-date: /home/gustav/P5-Kuka-Dual-Arm/install/lbr_bringup/share/lbr_bringup/launch/move_group.launch.py
[0.433s] -- Up-to-date: /home/gustav/P5-Kuka-Dual-Arm/install/lbr_bringup/share/lbr_bringup/launch/bringup.launch.py
[0.433s] -- Up-to-date: /home/gustav/P5-Kuka-Dual-Arm/install/lbr_bringup/share/lbr_bringup/launch/system_interface.launch.py
[0.434s] -- Up-to-date: /home/gustav/P5-Kuka-Dual-Arm/install/lbr_bringup/share/lbr_bringup/launch/sim.launch.py
[0.434s] -- Up-to-date: /home/gustav/P5-Kuka-Dual-Arm/install/lbr_bringup/share/lbr_bringup/launch/real.launch.py
[0.434s] -- Up-to-date: /home/gustav/P5-Kuka-Dual-Arm/install/lbr_bringup/share/lbr_bringup/environment/pythonpath.sh
[0.434s] -- Up-to-date: /home/gustav/P5-Kuka-Dual-Arm/install/lbr_bringup/share/lbr_bringup/environment/pythonpath.dsv
[0.434s] -- Up-to-date: /home/gustav/P5-Kuka-Dual-Arm/install/lbr_bringup/local/lib/python3.10/dist-packages/launch_mixins-2.0.0-py3.10.egg-info
[0.434s] -- Installing: /home/gustav/P5-Kuka-Dual-Arm/install/lbr_bringup/local/lib/python3.10/dist-packages/launch_mixins-2.0.0-py3.10.egg-info/dependency_links.txt
[0.434s] -- Installing: /home/gustav/P5-Kuka-Dual-Arm/install/lbr_bringup/local/lib/python3.10/dist-packages/launch_mixins-2.0.0-py3.10.egg-info/PKG-INFO
[0.435s] -- Installing: /home/gustav/P5-Kuka-Dual-Arm/install/lbr_bringup/local/lib/python3.10/dist-packages/launch_mixins-2.0.0-py3.10.egg-info/SOURCES.txt
[0.435s] -- Installing: /home/gustav/P5-Kuka-Dual-Arm/install/lbr_bringup/local/lib/python3.10/dist-packages/launch_mixins-2.0.0-py3.10.egg-info/top_level.txt
[0.435s] -- Up-to-date: /home/gustav/P5-Kuka-Dual-Arm/install/lbr_bringup/local/lib/python3.10/dist-packages/launch_mixins
[0.435s] -- Up-to-date: /home/gustav/P5-Kuka-Dual-Arm/install/lbr_bringup/local/lib/python3.10/dist-packages/launch_mixins/lbr_ros2_control.py
[0.435s] -- Up-to-date: /home/gustav/P5-Kuka-Dual-Arm/install/lbr_bringup/local/lib/python3.10/dist-packages/launch_mixins/lbr_bringup.py
[0.435s] -- Up-to-date: /home/gustav/P5-Kuka-Dual-Arm/install/lbr_bringup/local/lib/python3.10/dist-packages/launch_mixins/lbr_description.py
[0.435s] -- Up-to-date: /home/gustav/P5-Kuka-Dual-Arm/install/lbr_bringup/local/lib/python3.10/dist-packages/launch_mixins/__init__.py
[0.467s] Listing '/home/gustav/P5-Kuka-Dual-Arm/install/lbr_bringup/local/lib/python3.10/dist-packages/launch_mixins'...
[0.472s] -- Up-to-date: /home/gustav/P5-Kuka-Dual-Arm/install/lbr_bringup/share/ament_index/resource_index/package_run_dependencies/lbr_bringup
[0.472s] -- Up-to-date: /home/gustav/P5-Kuka-Dual-Arm/install/lbr_bringup/share/ament_index/resource_index/parent_prefix_path/lbr_bringup
[0.472s] -- Up-to-date: /home/gustav/P5-Kuka-Dual-Arm/install/lbr_bringup/share/lbr_bringup/environment/ament_prefix_path.sh
[0.472s] -- Up-to-date: /home/gustav/P5-Kuka-Dual-Arm/install/lbr_bringup/share/lbr_bringup/environment/ament_prefix_path.dsv
[0.472s] -- Up-to-date: /home/gustav/P5-Kuka-Dual-Arm/install/lbr_bringup/share/lbr_bringup/environment/path.sh
[0.472s] -- Up-to-date: /home/gustav/P5-Kuka-Dual-Arm/install/lbr_bringup/share/lbr_bringup/environment/path.dsv
[0.472s] -- Up-to-date: /home/gustav/P5-Kuka-Dual-Arm/install/lbr_bringup/share/lbr_bringup/local_setup.bash
[0.472s] -- Up-to-date: /home/gustav/P5-Kuka-Dual-Arm/install/lbr_bringup/share/lbr_bringup/local_setup.sh
[0.473s] -- Up-to-date: /home/gustav/P5-Kuka-Dual-Arm/install/lbr_bringup/share/lbr_bringup/local_setup.zsh
[0.473s] -- Up-to-date: /home/gustav/P5-Kuka-Dual-Arm/install/lbr_bringup/share/lbr_bringup/local_setup.dsv
[0.473s] -- Up-to-date: /home/gustav/P5-Kuka-Dual-Arm/install/lbr_bringup/share/lbr_bringup/package.dsv
[0.473s] -- Up-to-date: /home/gustav/P5-Kuka-Dual-Arm/install/lbr_bringup/share/ament_index/resource_index/packages/lbr_bringup
[0.473s] -- Up-to-date: /home/gustav/P5-Kuka-Dual-Arm/install/lbr_bringup/share/lbr_bringup/cmake/lbr_bringupConfig.cmake
[0.473s] -- Up-to-date: /home/gustav/P5-Kuka-Dual-Arm/install/lbr_bringup/share/lbr_bringup/cmake/lbr_bringupConfig-version.cmake
[0.473s] -- Up-to-date: /home/gustav/P5-Kuka-Dual-Arm/install/lbr_bringup/share/lbr_bringup/package.xml
[0.475s] Invoked command in '/home/gustav/P5-Kuka-Dual-Arm/build/lbr_bringup' returned '0': AMENT_PREFIX_PATH=/home/gustav/P5-Kuka-Dual-Arm/install/lbr_ros2_control:/home/gustav/P5-Kuka-Dual-Arm/install/lbr_fri_ros2:/home/gustav/P5-Kuka-Dual-Arm/install/lbr_fri_idl:/home/gustav/P5-Kuka-Dual-Arm/install/lbr_description:${AMENT_PREFIX_PATH} CMAKE_PREFIX_PATH=/home/gustav/P5-Kuka-Dual-Arm/install/lbr_ros2_control:/home/gustav/P5-Kuka-Dual-Arm/install/lbr_fri_ros2:/home/gustav/P5-Kuka-Dual-Arm/install/lbr_fri_idl:/home/gustav/P5-Kuka-Dual-Arm/install/lbr_description:/home/gustav/P5-Kuka-Dual-Arm/install/fri_client_sdk:/opt/ros/humble LD_LIBRARY_PATH=/home/gustav/P5-Kuka-Dual-Arm/install/lbr_ros2_control/lib:/home/gustav/P5-Kuka-Dual-Arm/install/lbr_fri_ros2/lib:/home/gustav/P5-Kuka-Dual-Arm/install/lbr_fri_idl/lib:/home/gustav/P5-Kuka-Dual-Arm/install/fri_client_sdk/lib:${LD_LIBRARY_PATH} PKG_CONFIG_PATH=/home/gustav/P5-Kuka-Dual-Arm/install/fri_client_sdk/lib/x86_64-linux-gnu/pkgconfig:/home/gustav/P5-Kuka-Dual-Arm/install/fri_client_sdk/lib/pkgconfig PYTHONPATH=/home/gustav/P5-Kuka-Dual-Arm/install/lbr_fri_idl/local/lib/python3.10/dist-packages:${PYTHONPATH} /usr/bin/cmake --install /home/gustav/P5-Kuka-Dual-Arm/build/lbr_bringup
