[0.357s] Invoking command in '/home/gustav/P5-Kuka-Dual-Arm/build/moveit_resources_pr2_description': CMAKE_PREFIX_PATH=${CMAKE_PREFIX_PATH}:/home/gustav/ws_moveit2/install/moveit_configs_utils:/home/gustav/ws_moveit2/install/launch_param_builder:/home/gustav/lbr_stack/install/lbr_demos_py:/home/gustav/lbr_stack/install/lbr_demos_advanced_py:/opt/ros/humble /usr/bin/cmake --build /home/gustav/P5-Kuka-Dual-Arm/build/moveit_resources_pr2_description -- -j8 -l8
[0.775s] Invoked command in '/home/gustav/P5-Kuka-Dual-Arm/build/moveit_resources_pr2_description' returned '0': CMAKE_PREFIX_PATH=${CMAKE_PREFIX_PATH}:/home/gustav/ws_moveit2/install/moveit_configs_utils:/home/gustav/ws_moveit2/install/launch_param_builder:/home/gustav/lbr_stack/install/lbr_demos_py:/home/gustav/lbr_stack/install/lbr_demos_advanced_py:/opt/ros/humble /usr/bin/cmake --build /home/gustav/P5-Kuka-Dual-Arm/build/moveit_resources_pr2_description -- -j8 -l8
[0.919s] Invoking command in '/home/gustav/P5-Kuka-Dual-Arm/build/moveit_resources_pr2_description': CMAKE_PREFIX_PATH=${CMAKE_PREFIX_PATH}:/home/gustav/ws_moveit2/install/moveit_configs_utils:/home/gustav/ws_moveit2/install/launch_param_builder:/home/gustav/lbr_stack/install/lbr_demos_py:/home/gustav/lbr_stack/install/lbr_demos_advanced_py:/opt/ros/humble /usr/bin/cmake --install /home/gustav/P5-Kuka-Dual-Arm/build/moveit_resources_pr2_description
[0.948s] -- Install configuration: "Release"
[0.949s] -- Up-to-date: /home/gustav/P5-Kuka-Dual-Arm/install/moveit_resources_pr2_description/share/ament_index/resource_index/package_run_dependencies/moveit_resources_pr2_description
[0.949s] -- Up-to-date: /home/gustav/P5-Kuka-Dual-Arm/install/moveit_resources_pr2_description/share/ament_index/resource_index/parent_prefix_path/moveit_resources_pr2_description
[0.949s] -- Up-to-date: /home/gustav/P5-Kuka-Dual-Arm/install/moveit_resources_pr2_description/share/moveit_resources_pr2_description/environment/ament_prefix_path.sh
[0.949s] -- Up-to-date: /home/gustav/P5-Kuka-Dual-Arm/install/moveit_resources_pr2_description/share/moveit_resources_pr2_description/environment/ament_prefix_path.dsv
[0.949s] -- Up-to-date: /home/gustav/P5-Kuka-Dual-Arm/install/moveit_resources_pr2_description/share/moveit_resources_pr2_description/environment/path.sh
[0.949s] -- Up-to-date: /home/gustav/P5-Kuka-Dual-Arm/install/moveit_resources_pr2_description/share/moveit_resources_pr2_description/environment/path.dsv
[0.949s] -- Up-to-date: /home/gustav/P5-Kuka-Dual-Arm/install/moveit_resources_pr2_description/share/moveit_resources_pr2_description/local_setup.bash
[0.949s] -- Up-to-date: /home/gustav/P5-Kuka-Dual-Arm/install/moveit_resources_pr2_description/share/moveit_resources_pr2_description/local_setup.sh
[0.950s] -- Up-to-date: /home/gustav/P5-Kuka-Dual-Arm/install/moveit_resources_pr2_description/share/moveit_resources_pr2_description/local_setup.zsh
[0.954s] -- Up-to-date: /home/gustav/P5-Kuka-Dual-Arm/install/moveit_resources_pr2_description/share/moveit_resources_pr2_description/local_setup.dsv
[0.955s] -- Installing: /home/gustav/P5-Kuka-Dual-Arm/install/moveit_resources_pr2_description/share/moveit_resources_pr2_description/package.dsv
[0.955s] -- Up-to-date: /home/gustav/P5-Kuka-Dual-Arm/install/moveit_resources_pr2_description/share/ament_index/resource_index/packages/moveit_resources_pr2_description
[0.955s] -- Up-to-date: /home/gustav/P5-Kuka-Dual-Arm/install/moveit_resources_pr2_description/share/moveit_resources_pr2_description/cmake/moveit_resources_pr2_descriptionConfig.cmake
[0.955s] -- Up-to-date: /home/gustav/P5-Kuka-Dual-Arm/install/moveit_resources_pr2_description/share/moveit_resources_pr2_description/cmake/moveit_resources_pr2_descriptionConfig-version.cmake
[0.955s] -- Up-to-date: /home/gustav/P5-Kuka-Dual-Arm/install/moveit_resources_pr2_description/share/moveit_resources_pr2_description/package.xml
[0.955s] -- Up-to-date: /home/gustav/P5-Kuka-Dual-Arm/install/moveit_resources_pr2_description/share/moveit_resources_pr2_description/srdf
[0.955s] -- Up-to-date: /home/gustav/P5-Kuka-Dual-Arm/install/moveit_resources_pr2_description/share/moveit_resources_pr2_description/srdf/robot.xml
[0.955s] -- Up-to-date: /home/gustav/P5-Kuka-Dual-Arm/install/moveit_resources_pr2_description/share/moveit_resources_pr2_description/urdf
[0.955s] -- Up-to-date: /home/gustav/P5-Kuka-Dual-Arm/install/moveit_resources_pr2_description/share/moveit_resources_pr2_description/urdf/robot.xml
[0.956s] -- Up-to-date: /home/gustav/P5-Kuka-Dual-Arm/install/moveit_resources_pr2_description/share/moveit_resources_pr2_description/urdf/materials
[0.956s] -- Up-to-date: /home/gustav/P5-Kuka-Dual-Arm/install/moveit_resources_pr2_description/share/moveit_resources_pr2_description/urdf/materials/textures
[0.956s] -- Up-to-date: /home/gustav/P5-Kuka-Dual-Arm/install/moveit_resources_pr2_description/share/moveit_resources_pr2_description/urdf/materials/textures/pr2_wheel_left.png
[0.956s] -- Up-to-date: /home/gustav/P5-Kuka-Dual-Arm/install/moveit_resources_pr2_description/share/moveit_resources_pr2_description/urdf/materials/textures/pr2_caster_texture.png
[0.956s] -- Up-to-date: /home/gustav/P5-Kuka-Dual-Arm/install/moveit_resources_pr2_description/share/moveit_resources_pr2_description/urdf/materials/textures/pr2_wheel_right.png
[0.956s] -- Up-to-date: /home/gustav/P5-Kuka-Dual-Arm/install/moveit_resources_pr2_description/share/moveit_resources_pr2_description/urdf/meshes
[0.956s] -- Up-to-date: /home/gustav/P5-Kuka-Dual-Arm/install/moveit_resources_pr2_description/share/moveit_resources_pr2_description/urdf/meshes/shoulder_v0
[0.956s] -- Up-to-date: /home/gustav/P5-Kuka-Dual-Arm/install/moveit_resources_pr2_description/share/moveit_resources_pr2_description/urdf/meshes/shoulder_v0/shoulder_yaw.stl
[0.956s] -- Up-to-date: /home/gustav/P5-Kuka-Dual-Arm/install/moveit_resources_pr2_description/share/moveit_resources_pr2_description/urdf/meshes/shoulder_v0/shoulder_lift.dae
[0.956s] -- Up-to-date: /home/gustav/P5-Kuka-Dual-Arm/install/moveit_resources_pr2_description/share/moveit_resources_pr2_description/urdf/meshes/shoulder_v0/upper_arm_roll.stl
[0.957s] -- Up-to-date: /home/gustav/P5-Kuka-Dual-Arm/install/moveit_resources_pr2_description/share/moveit_resources_pr2_description/urdf/meshes/shoulder_v0/upper_arm_roll_normals.tif
[0.957s] -- Up-to-date: /home/gustav/P5-Kuka-Dual-Arm/install/moveit_resources_pr2_description/share/moveit_resources_pr2_description/urdf/meshes/shoulder_v0/shoulder_lift_color.tif
[0.957s] -- Up-to-date: /home/gustav/P5-Kuka-Dual-Arm/install/moveit_resources_pr2_description/share/moveit_resources_pr2_description/urdf/meshes/shoulder_v0/shoulder_lift_normals.tif
[0.957s] -- Up-to-date: /home/gustav/P5-Kuka-Dual-Arm/install/moveit_resources_pr2_description/share/moveit_resources_pr2_description/urdf/meshes/shoulder_v0/convex
[0.957s] -- Up-to-date: /home/gustav/P5-Kuka-Dual-Arm/install/moveit_resources_pr2_description/share/moveit_resources_pr2_description/urdf/meshes/shoulder_v0/convex/upper_arm_roll_L_convex.stlb
[0.967s] -- Up-to-date: /home/gustav/P5-Kuka-Dual-Arm/install/moveit_resources_pr2_description/share/moveit_resources_pr2_description/urdf/meshes/shoulder_v0/convex/shoulder_pan_convex.stlb
[0.968s] -- Up-to-date: /home/gustav/P5-Kuka-Dual-Arm/install/moveit_resources_pr2_description/share/moveit_resources_pr2_description/urdf/meshes/shoulder_v0/convex/shoulder_lift.dae
[0.968s] -- Up-to-date: /home/gustav/P5-Kuka-Dual-Arm/install/moveit_resources_pr2_description/share/moveit_resources_pr2_description/urdf/meshes/shoulder_v0/convex/upper_arm_roll_L.xml
[0.968s] -- Up-to-date: /home/gustav/P5-Kuka-Dual-Arm/install/moveit_resources_pr2_description/share/moveit_resources_pr2_description/urdf/meshes/shoulder_v0/convex/upper_arm_roll_convex.stla
[0.968s] -- Up-to-date: /home/gustav/P5-Kuka-Dual-Arm/install/moveit_resources_pr2_description/share/moveit_resources_pr2_description/urdf/meshes/shoulder_v0/convex/shoulder_lift.xml
[0.969s] -- Up-to-date: /home/gustav/P5-Kuka-Dual-Arm/install/moveit_resources_pr2_description/share/moveit_resources_pr2_description/urdf/meshes/shoulder_v0/convex/shoulder_yaw_convex.stlb
[0.969s] -- Up-to-date: /home/gustav/P5-Kuka-Dual-Arm/install/moveit_resources_pr2_description/share/moveit_resources_pr2_description/urdf/meshes/shoulder_v0/convex/upper_arm_roll_L.dae
[0.969s] -- Up-to-date: /home/gustav/P5-Kuka-Dual-Arm/install/moveit_resources_pr2_description/share/moveit_resources_pr2_description/urdf/meshes/shoulder_v0/convex/shoulder_yaw_convex.stla
[0.969s] -- Up-to-date: /home/gustav/P5-Kuka-Dual-Arm/install/moveit_resources_pr2_description/share/moveit_resources_pr2_description/urdf/meshes/shoulder_v0/convex/upper_arm_roll.dae
[0.969s] -- Up-to-date: /home/gustav/P5-Kuka-Dual-Arm/install/moveit_resources_pr2_description/share/moveit_resources_pr2_description/urdf/meshes/shoulder_v0/convex/upper_arm_roll.xml
[0.969s] -- Up-to-date: /home/gustav/P5-Kuka-Dual-Arm/install/moveit_resources_pr2_description/share/moveit_resources_pr2_description/urdf/meshes/shoulder_v0/convex/upper_arm_roll_L_convex.stla
[0.969s] -- Up-to-date: /home/gustav/P5-Kuka-Dual-Arm/install/moveit_resources_pr2_description/share/moveit_resources_pr2_description/urdf/meshes/shoulder_v0/convex/upper_arm_roll_convex.stlb
[0.969s] -- Up-to-date: /home/gustav/P5-Kuka-Dual-Arm/install/moveit_resources_pr2_description/share/moveit_resources_pr2_description/urdf/meshes/shoulder_v0/convex/shoulder_yaw.xml
[0.969s] -- Up-to-date: /home/gustav/P5-Kuka-Dual-Arm/install/moveit_resources_pr2_description/share/moveit_resources_pr2_description/urdf/meshes/shoulder_v0/convex/shoulder_pan_convex.stla
[0.970s] -- Up-to-date: /home/gustav/P5-Kuka-Dual-Arm/install/moveit_resources_pr2_description/share/moveit_resources_pr2_description/urdf/meshes/shoulder_v0/convex/shoulder_yaw.dae
[0.970s] -- Up-to-date: /home/gustav/P5-Kuka-Dual-Arm/install/moveit_resources_pr2_description/share/moveit_resources_pr2_description/urdf/meshes/shoulder_v0/convex/shoulder_pan.xml
[0.970s] -- Up-to-date: /home/gustav/P5-Kuka-Dual-Arm/install/moveit_resources_pr2_description/share/moveit_resources_pr2_description/urdf/meshes/shoulder_v0/convex/shoulder_pan.dae
[0.970s] -- Up-to-date: /home/gustav/P5-Kuka-Dual-Arm/install/moveit_resources_pr2_description/share/moveit_resources_pr2_description/urdf/meshes/shoulder_v0/convex/shoulder_lift_convex.stlb
[0.970s] -- Up-to-date: /home/gustav/P5-Kuka-Dual-Arm/install/moveit_resources_pr2_description/share/moveit_resources_pr2_description/urdf/meshes/shoulder_v0/convex/shoulder_lift_convex.stla
[0.970s] -- Up-to-date: /home/gustav/P5-Kuka-Dual-Arm/install/moveit_resources_pr2_description/share/moveit_resources_pr2_description/urdf/meshes/shoulder_v0/upper_arm_roll.dae
[0.970s] -- Up-to-date: /home/gustav/P5-Kuka-Dual-Arm/install/moveit_resources_pr2_description/share/moveit_resources_pr2_description/urdf/meshes/shoulder_v0/shoulder_pan_color.tif
[0.970s] -- Up-to-date: /home/gustav/P5-Kuka-Dual-Arm/install/moveit_resources_pr2_description/share/moveit_resources_pr2_description/urdf/meshes/shoulder_v0/shoulder_pan_normals.tif
[0.970s] -- Up-to-date: /home/gustav/P5-Kuka-Dual-Arm/install/moveit_resources_pr2_description/share/moveit_resources_pr2_description/urdf/meshes/shoulder_v0/upper_arm_roll_L.stl
[0.970s] -- Up-to-date: /home/gustav/P5-Kuka-Dual-Arm/install/moveit_resources_pr2_description/share/moveit_resources_pr2_description/urdf/meshes/shoulder_v0/upper_arm_roll_color.tif
[0.971s] -- Up-to-date: /home/gustav/P5-Kuka-Dual-Arm/install/moveit_resources_pr2_description/share/moveit_resources_pr2_description/urdf/meshes/shoulder_v0/shoulder_pan.stl
[0.971s] -- Up-to-date: /home/gustav/P5-Kuka-Dual-Arm/install/moveit_resources_pr2_description/share/moveit_resources_pr2_description/urdf/meshes/shoulder_v0/shoulder_pan.dae
[0.971s] -- Up-to-date: /home/gustav/P5-Kuka-Dual-Arm/install/moveit_resources_pr2_description/share/moveit_resources_pr2_description/urdf/meshes/shoulder_v0/shoulder_lift.stl
[0.971s] -- Up-to-date: /home/gustav/P5-Kuka-Dual-Arm/install/moveit_resources_pr2_description/share/moveit_resources_pr2_description/urdf/meshes/sensors
[0.971s] -- Up-to-date: /home/gustav/P5-Kuka-Dual-Arm/install/moveit_resources_pr2_description/share/moveit_resources_pr2_description/urdf/meshes/sensors/kinect_v0
[0.971s] -- Up-to-date: /home/gustav/P5-Kuka-Dual-Arm/install/moveit_resources_pr2_description/share/moveit_resources_pr2_description/urdf/meshes/sensors/kinect_v0/kinect_color.tga
[0.971s] -- Up-to-date: /home/gustav/P5-Kuka-Dual-Arm/install/moveit_resources_pr2_description/share/moveit_resources_pr2_description/urdf/meshes/sensors/kinect_v0/kinect.tga
[0.972s] -- Up-to-date: /home/gustav/P5-Kuka-Dual-Arm/install/moveit_resources_pr2_description/share/moveit_resources_pr2_description/urdf/meshes/sensors/kinect_v0/kinect.dae
[0.972s] -- Up-to-date: /home/gustav/P5-Kuka-Dual-Arm/install/moveit_resources_pr2_description/share/moveit_resources_pr2_description/urdf/meshes/sensors/kinect_v0/kinect_mount.stl
[0.972s] -- Up-to-date: /home/gustav/P5-Kuka-Dual-Arm/install/moveit_resources_pr2_description/share/moveit_resources_pr2_description/urdf/meshes/sensors/kinect_prosilica_v0
[0.985s] -- Up-to-date: /home/gustav/P5-Kuka-Dual-Arm/install/moveit_resources_pr2_description/share/moveit_resources_pr2_description/urdf/meshes/sensors/kinect_prosilica_v0/68-04546_Kinect_Sensor--coarse.STL
[0.985s] -- Up-to-date: /home/gustav/P5-Kuka-Dual-Arm/install/moveit_resources_pr2_description/share/moveit_resources_pr2_description/urdf/meshes/sensors/kinect_prosilica_v0/115x100_swept_fwd--coarse.STL
[0.985s] -- Up-to-date: /home/gustav/P5-Kuka-Dual-Arm/install/moveit_resources_pr2_description/share/moveit_resources_pr2_description/urdf/meshes/sensors/kinect_prosilica_v0/115x100_swept_fwd_no_sensors--coarse.STL
[0.985s] -- Up-to-date: /home/gustav/P5-Kuka-Dual-Arm/install/moveit_resources_pr2_description/share/moveit_resources_pr2_description/urdf/meshes/sensors/kinect_prosilica_v0/Prosilica_w_Lens--coarse.STL
[0.985s] -- Up-to-date: /home/gustav/P5-Kuka-Dual-Arm/install/moveit_resources_pr2_description/share/moveit_resources_pr2_description/urdf/meshes/sensors/kinect_prosilica_v0/115x100_swept_back_no_sensors--coarse.STL
[0.985s] -- Up-to-date: /home/gustav/P5-Kuka-Dual-Arm/install/moveit_resources_pr2_description/share/moveit_resources_pr2_description/urdf/meshes/sensors/kinect_prosilica_v0/115x100_swept_back--coarse.STL
[0.985s] -- Up-to-date: /home/gustav/P5-Kuka-Dual-Arm/install/moveit_resources_pr2_description/share/moveit_resources_pr2_description/urdf/meshes/forearm_v0
[0.986s] -- Up-to-date: /home/gustav/P5-Kuka-Dual-Arm/install/moveit_resources_pr2_description/share/moveit_resources_pr2_description/urdf/meshes/forearm_v0/forearm_color.tif
[0.986s] -- Up-to-date: /home/gustav/P5-Kuka-Dual-Arm/install/moveit_resources_pr2_description/share/moveit_resources_pr2_description/urdf/meshes/forearm_v0/forearm.stl
[0.986s] -- Up-to-date: /home/gustav/P5-Kuka-Dual-Arm/install/moveit_resources_pr2_description/share/moveit_resources_pr2_description/urdf/meshes/forearm_v0/convex
[0.986s] -- Up-to-date: /home/gustav/P5-Kuka-Dual-Arm/install/moveit_resources_pr2_description/share/moveit_resources_pr2_description/urdf/meshes/forearm_v0/convex/wrist_flex_convex.stlb
[0.986s] -- Up-to-date: /home/gustav/P5-Kuka-Dual-Arm/install/moveit_resources_pr2_description/share/moveit_resources_pr2_description/urdf/meshes/forearm_v0/convex/wrist_roll_L.xml
[0.986s] -- Up-to-date: /home/gustav/P5-Kuka-Dual-Arm/install/moveit_resources_pr2_description/share/moveit_resources_pr2_description/urdf/meshes/forearm_v0/convex/wrist_flex.xml
[0.987s] -- Up-to-date: /home/gustav/P5-Kuka-Dual-Arm/install/moveit_resources_pr2_description/share/moveit_resources_pr2_description/urdf/meshes/forearm_v0/convex/wrist_roll_convex.stlb
[0.987s] -- Up-to-date: /home/gustav/P5-Kuka-Dual-Arm/install/moveit_resources_pr2_description/share/moveit_resources_pr2_description/urdf/meshes/forearm_v0/convex/wrist_roll_convex.stla
[0.987s] -- Up-to-date: /home/gustav/P5-Kuka-Dual-Arm/install/moveit_resources_pr2_description/share/moveit_resources_pr2_description/urdf/meshes/forearm_v0/convex/wrist_roll_L_convex.stlb
[0.987s] -- Up-to-date: /home/gustav/P5-Kuka-Dual-Arm/install/moveit_resources_pr2_description/share/moveit_resources_pr2_description/urdf/meshes/forearm_v0/convex/wrist_roll_L.dae
[0.987s] -- Up-to-date: /home/gustav/P5-Kuka-Dual-Arm/install/moveit_resources_pr2_description/share/moveit_resources_pr2_description/urdf/meshes/forearm_v0/convex/forearm.xml
[0.987s] -- Up-to-date: /home/gustav/P5-Kuka-Dual-Arm/install/moveit_resources_pr2_description/share/moveit_resources_pr2_description/urdf/meshes/forearm_v0/convex/forearm_convex.stlb
[0.987s] -- Up-to-date: /home/gustav/P5-Kuka-Dual-Arm/install/moveit_resources_pr2_description/share/moveit_resources_pr2_description/urdf/meshes/forearm_v0/convex/wrist_roll_L_convex.stla
[0.987s] -- Up-to-date: /home/gustav/P5-Kuka-Dual-Arm/install/moveit_resources_pr2_description/share/moveit_resources_pr2_description/urdf/meshes/forearm_v0/convex/wrist_flex.dae
[0.988s] -- Up-to-date: /home/gustav/P5-Kuka-Dual-Arm/install/moveit_resources_pr2_description/share/moveit_resources_pr2_description/urdf/meshes/forearm_v0/convex/forearm_convex.stla
[0.988s] -- Up-to-date: /home/gustav/P5-Kuka-Dual-Arm/install/moveit_resources_pr2_description/share/moveit_resources_pr2_description/urdf/meshes/forearm_v0/convex/wrist_flex_convex.stla
[0.988s] -- Up-to-date: /home/gustav/P5-Kuka-Dual-Arm/install/moveit_resources_pr2_description/share/moveit_resources_pr2_description/urdf/meshes/forearm_v0/convex/wrist_roll.xml
[0.988s] -- Up-to-date: /home/gustav/P5-Kuka-Dual-Arm/install/moveit_resources_pr2_description/share/moveit_resources_pr2_description/urdf/meshes/forearm_v0/convex/forearm.dae
[0.991s] -- Up-to-date: /home/gustav/P5-Kuka-Dual-Arm/install/moveit_resources_pr2_description/share/moveit_resources_pr2_description/urdf/meshes/forearm_v0/convex/wrist_roll.dae
[0.991s] -- Up-to-date: /home/gustav/P5-Kuka-Dual-Arm/install/moveit_resources_pr2_description/share/moveit_resources_pr2_description/urdf/meshes/forearm_v0/wrist_flex.stl
[0.991s] -- Up-to-date: /home/gustav/P5-Kuka-Dual-Arm/install/moveit_resources_pr2_description/share/moveit_resources_pr2_description/urdf/meshes/forearm_v0/wrist_flex.dae
[0.991s] -- Up-to-date: /home/gustav/P5-Kuka-Dual-Arm/install/moveit_resources_pr2_description/share/moveit_resources_pr2_description/urdf/meshes/forearm_v0/forearm.jpg
[0.992s] -- Up-to-date: /home/gustav/P5-Kuka-Dual-Arm/install/moveit_resources_pr2_description/share/moveit_resources_pr2_description/urdf/meshes/forearm_v0/forearm_normals.tif
[0.992s] -- Up-to-date: /home/gustav/P5-Kuka-Dual-Arm/install/moveit_resources_pr2_description/share/moveit_resources_pr2_description/urdf/meshes/forearm_v0/wrist_normals.tif
[0.992s] -- Up-to-date: /home/gustav/P5-Kuka-Dual-Arm/install/moveit_resources_pr2_description/share/moveit_resources_pr2_description/urdf/meshes/forearm_v0/wrist_color.tif
[0.992s] -- Up-to-date: /home/gustav/P5-Kuka-Dual-Arm/install/moveit_resources_pr2_description/share/moveit_resources_pr2_description/urdf/meshes/forearm_v0/wrist_roll_L.stl
[0.992s] -- Up-to-date: /home/gustav/P5-Kuka-Dual-Arm/install/moveit_resources_pr2_description/share/moveit_resources_pr2_description/urdf/meshes/forearm_v0/forearm.dae
[0.992s] -- Up-to-date: /home/gustav/P5-Kuka-Dual-Arm/install/moveit_resources_pr2_description/share/moveit_resources_pr2_description/urdf/meshes/forearm_v0/wrist_roll.stl
[0.992s] -- Up-to-date: /home/gustav/P5-Kuka-Dual-Arm/install/moveit_resources_pr2_description/share/moveit_resources_pr2_description/urdf/meshes/tilting_laser_v0
[0.992s] -- Up-to-date: /home/gustav/P5-Kuka-Dual-Arm/install/moveit_resources_pr2_description/share/moveit_resources_pr2_description/urdf/meshes/tilting_laser_v0/tilting_hokuyo_normals.tif
[0.992s] -- Up-to-date: /home/gustav/P5-Kuka-Dual-Arm/install/moveit_resources_pr2_description/share/moveit_resources_pr2_description/urdf/meshes/tilting_laser_v0/hok_tilt.stl
[0.993s] -- Up-to-date: /home/gustav/P5-Kuka-Dual-Arm/install/moveit_resources_pr2_description/share/moveit_resources_pr2_description/urdf/meshes/tilting_laser_v0/convex
[0.993s] -- Up-to-date: /home/gustav/P5-Kuka-Dual-Arm/install/moveit_resources_pr2_description/share/moveit_resources_pr2_description/urdf/meshes/tilting_laser_v0/convex/tilting_hokuyo.xml
[0.997s] -- Up-to-date: /home/gustav/P5-Kuka-Dual-Arm/install/moveit_resources_pr2_description/share/moveit_resources_pr2_description/urdf/meshes/tilting_laser_v0/convex/hok_tilt_convex.stla
[1.000s] -- Up-to-date: /home/gustav/P5-Kuka-Dual-Arm/install/moveit_resources_pr2_description/share/moveit_resources_pr2_description/urdf/meshes/tilting_laser_v0/convex/tilting_hokuyo_L_convex.stlb
[1.014s] -- Up-to-date: /home/gustav/P5-Kuka-Dual-Arm/install/moveit_resources_pr2_description/share/moveit_resources_pr2_description/urdf/meshes/tilting_laser_v0/convex/tilting_hokuyo_L.xml
[1.014s] -- Up-to-date: /home/gustav/P5-Kuka-Dual-Arm/install/moveit_resources_pr2_description/share/moveit_resources_pr2_description/urdf/meshes/tilting_laser_v0/convex/hok_tilt_convex.stlb
[1.014s] -- Up-to-date: /home/gustav/P5-Kuka-Dual-Arm/install/moveit_resources_pr2_description/share/moveit_resources_pr2_description/urdf/meshes/tilting_laser_v0/convex/hok_tilt.dae
[1.015s] -- Up-to-date: /home/gustav/P5-Kuka-Dual-Arm/install/moveit_resources_pr2_description/share/moveit_resources_pr2_description/urdf/meshes/tilting_laser_v0/convex/tilting_hokuyo_L.dae
[1.015s] -- Up-to-date: /home/gustav/P5-Kuka-Dual-Arm/install/moveit_resources_pr2_description/share/moveit_resources_pr2_description/urdf/meshes/tilting_laser_v0/convex/tilting_hokuyo_L_convex.stla
[1.015s] -- Up-to-date: /home/gustav/P5-Kuka-Dual-Arm/install/moveit_resources_pr2_description/share/moveit_resources_pr2_description/urdf/meshes/tilting_laser_v0/convex/tilting_hokuyo.dae
[1.015s] -- Up-to-date: /home/gustav/P5-Kuka-Dual-Arm/install/moveit_resources_pr2_description/share/moveit_resources_pr2_description/urdf/meshes/tilting_laser_v0/convex/tilting_hokuyo_convex.stla
[1.015s] -- Up-to-date: /home/gustav/P5-Kuka-Dual-Arm/install/moveit_resources_pr2_description/share/moveit_resources_pr2_description/urdf/meshes/tilting_laser_v0/convex/hok_tilt.xml
[1.015s] -- Up-to-date: /home/gustav/P5-Kuka-Dual-Arm/install/moveit_resources_pr2_description/share/moveit_resources_pr2_description/urdf/meshes/tilting_laser_v0/convex/tilting_hokuyo_convex.stlb
[1.015s] -- Up-to-date: /home/gustav/P5-Kuka-Dual-Arm/install/moveit_resources_pr2_description/share/moveit_resources_pr2_description/urdf/meshes/tilting_laser_v0/tilting_hokuyo.stl
[1.015s] -- Up-to-date: /home/gustav/P5-Kuka-Dual-Arm/install/moveit_resources_pr2_description/share/moveit_resources_pr2_description/urdf/meshes/tilting_laser_v0/tilting_hokuyo.dae
[1.015s] -- Up-to-date: /home/gustav/P5-Kuka-Dual-Arm/install/moveit_resources_pr2_description/share/moveit_resources_pr2_description/urdf/meshes/tilting_laser_v0/tilting_hokuyo_color.tif
[1.016s] -- Up-to-date: /home/gustav/P5-Kuka-Dual-Arm/install/moveit_resources_pr2_description/share/moveit_resources_pr2_description/urdf/meshes/tilting_laser_v0/tilting_hokuyo_L.stl
[1.016s] -- Up-to-date: /home/gustav/P5-Kuka-Dual-Arm/install/moveit_resources_pr2_description/share/moveit_resources_pr2_description/urdf/meshes/base_v0
[1.016s] -- Up-to-date: /home/gustav/P5-Kuka-Dual-Arm/install/moveit_resources_pr2_description/share/moveit_resources_pr2_description/urdf/meshes/base_v0/wheel.stl
[1.016s] -- Up-to-date: /home/gustav/P5-Kuka-Dual-Arm/install/moveit_resources_pr2_description/share/moveit_resources_pr2_description/urdf/meshes/base_v0/base_color.tif
[1.016s] -- Up-to-date: /home/gustav/P5-Kuka-Dual-Arm/install/moveit_resources_pr2_description/share/moveit_resources_pr2_description/urdf/meshes/base_v0/wheel.dae
[1.016s] -- Up-to-date: /home/gustav/P5-Kuka-Dual-Arm/install/moveit_resources_pr2_description/share/moveit_resources_pr2_description/urdf/meshes/base_v0/wheel_h_color.tif
[1.016s] -- Up-to-date: /home/gustav/P5-Kuka-Dual-Arm/install/moveit_resources_pr2_description/share/moveit_resources_pr2_description/urdf/meshes/base_v0/base_normals.tif
[1.016s] -- Up-to-date: /home/gustav/P5-Kuka-Dual-Arm/install/moveit_resources_pr2_description/share/moveit_resources_pr2_description/urdf/meshes/base_v0/convex
[1.016s] -- Up-to-date: /home/gustav/P5-Kuka-Dual-Arm/install/moveit_resources_pr2_description/share/moveit_resources_pr2_description/urdf/meshes/base_v0/convex/base.xml
[1.016s] -- Up-to-date: /home/gustav/P5-Kuka-Dual-Arm/install/moveit_resources_pr2_description/share/moveit_resources_pr2_description/urdf/meshes/base_v0/convex/base_convex.stlb
[1.017s] -- Up-to-date: /home/gustav/P5-Kuka-Dual-Arm/install/moveit_resources_pr2_description/share/moveit_resources_pr2_description/urdf/meshes/base_v0/convex/base_convex.stla
[1.017s] -- Up-to-date: /home/gustav/P5-Kuka-Dual-Arm/install/moveit_resources_pr2_description/share/moveit_resources_pr2_description/urdf/meshes/base_v0/convex/caster_L.dae
[1.017s] -- Up-to-date: /home/gustav/P5-Kuka-Dual-Arm/install/moveit_resources_pr2_description/share/moveit_resources_pr2_description/urdf/meshes/base_v0/convex/wheel_convex.stlb
[1.017s] -- Up-to-date: /home/gustav/P5-Kuka-Dual-Arm/install/moveit_resources_pr2_description/share/moveit_resources_pr2_description/urdf/meshes/base_v0/convex/wheel.dae
[1.017s] -- Up-to-date: /home/gustav/P5-Kuka-Dual-Arm/install/moveit_resources_pr2_description/share/moveit_resources_pr2_description/urdf/meshes/base_v0/convex/base_L_convex.stlb
[1.017s] -- Up-to-date: /home/gustav/P5-Kuka-Dual-Arm/install/moveit_resources_pr2_description/share/moveit_resources_pr2_description/urdf/meshes/base_v0/convex/wheel_convex.stla
[1.017s] -- Up-to-date: /home/gustav/P5-Kuka-Dual-Arm/install/moveit_resources_pr2_description/share/moveit_resources_pr2_description/urdf/meshes/base_v0/convex/base_L_convex.stla
[1.017s] -- Up-to-date: /home/gustav/P5-Kuka-Dual-Arm/install/moveit_resources_pr2_description/share/moveit_resources_pr2_description/urdf/meshes/base_v0/convex/caster_convex.stlb
[1.017s] -- Up-to-date: /home/gustav/P5-Kuka-Dual-Arm/install/moveit_resources_pr2_description/share/moveit_resources_pr2_description/urdf/meshes/base_v0/convex/base_L.xml
[1.018s] -- Up-to-date: /home/gustav/P5-Kuka-Dual-Arm/install/moveit_resources_pr2_description/share/moveit_resources_pr2_description/urdf/meshes/base_v0/convex/caster_L_convex.stlb
[1.018s] -- Up-to-date: /home/gustav/P5-Kuka-Dual-Arm/install/moveit_resources_pr2_description/share/moveit_resources_pr2_description/urdf/meshes/base_v0/convex/pr2_wheel.xml
[1.018s] -- Up-to-date: /home/gustav/P5-Kuka-Dual-Arm/install/moveit_resources_pr2_description/share/moveit_resources_pr2_description/urdf/meshes/base_v0/convex/pr2_wheel_convex.stlb
[1.018s] -- Up-to-date: /home/gustav/P5-Kuka-Dual-Arm/install/moveit_resources_pr2_description/share/moveit_resources_pr2_description/urdf/meshes/base_v0/convex/caster.xml
[1.022s] -- Up-to-date: /home/gustav/P5-Kuka-Dual-Arm/install/moveit_resources_pr2_description/share/moveit_resources_pr2_description/urdf/meshes/base_v0/convex/caster.dae
[1.022s] -- Up-to-date: /home/gustav/P5-Kuka-Dual-Arm/install/moveit_resources_pr2_description/share/moveit_resources_pr2_description/urdf/meshes/base_v0/convex/wheel.xml
[1.022s] -- Up-to-date: /home/gustav/P5-Kuka-Dual-Arm/install/moveit_resources_pr2_description/share/moveit_resources_pr2_description/urdf/meshes/base_v0/convex/base.dae
[1.022s] -- Up-to-date: /home/gustav/P5-Kuka-Dual-Arm/install/moveit_resources_pr2_description/share/moveit_resources_pr2_description/urdf/meshes/base_v0/convex/caster_L.xml
[1.023s] -- Up-to-date: /home/gustav/P5-Kuka-Dual-Arm/install/moveit_resources_pr2_description/share/moveit_resources_pr2_description/urdf/meshes/base_v0/convex/caster_convex.stla
[1.023s] -- Up-to-date: /home/gustav/P5-Kuka-Dual-Arm/install/moveit_resources_pr2_description/share/moveit_resources_pr2_description/urdf/meshes/base_v0/convex/base_L.dae
[1.023s] -- Up-to-date: /home/gustav/P5-Kuka-Dual-Arm/install/moveit_resources_pr2_description/share/moveit_resources_pr2_description/urdf/meshes/base_v0/convex/caster_L_convex.stla
[1.023s] -- Up-to-date: /home/gustav/P5-Kuka-Dual-Arm/install/moveit_resources_pr2_description/share/moveit_resources_pr2_description/urdf/meshes/base_v0/convex/pr2_wheel_convex.stla
[1.023s] -- Up-to-date: /home/gustav/P5-Kuka-Dual-Arm/install/moveit_resources_pr2_description/share/moveit_resources_pr2_description/urdf/meshes/base_v0/convex/pr2_wheel.dae
[1.023s] -- Up-to-date: /home/gustav/P5-Kuka-Dual-Arm/install/moveit_resources_pr2_description/share/moveit_resources_pr2_description/urdf/meshes/base_v0/caster.stl
[1.023s] -- Up-to-date: /home/gustav/P5-Kuka-Dual-Arm/install/moveit_resources_pr2_description/share/moveit_resources_pr2_description/urdf/meshes/base_v0/pr2_wheel.stl
[1.023s] -- Up-to-date: /home/gustav/P5-Kuka-Dual-Arm/install/moveit_resources_pr2_description/share/moveit_resources_pr2_description/urdf/meshes/base_v0/base.stl
[1.023s] -- Up-to-date: /home/gustav/P5-Kuka-Dual-Arm/install/moveit_resources_pr2_description/share/moveit_resources_pr2_description/urdf/meshes/base_v0/wheel_h.dae
[1.023s] -- Up-to-date: /home/gustav/P5-Kuka-Dual-Arm/install/moveit_resources_pr2_description/share/moveit_resources_pr2_description/urdf/meshes/base_v0/base.dae
[1.024s] -- Up-to-date: /home/gustav/P5-Kuka-Dual-Arm/install/moveit_resources_pr2_description/share/moveit_resources_pr2_description/urdf/meshes/base_v0/caster_L.stl
[1.024s] -- Up-to-date: /home/gustav/P5-Kuka-Dual-Arm/install/moveit_resources_pr2_description/share/moveit_resources_pr2_description/urdf/meshes/base_v0/base_L.stl
[1.024s] -- Up-to-date: /home/gustav/P5-Kuka-Dual-Arm/install/moveit_resources_pr2_description/share/moveit_resources_pr2_description/urdf/meshes/base_v0/wheel_normals.tif
[1.024s] -- Up-to-date: /home/gustav/P5-Kuka-Dual-Arm/install/moveit_resources_pr2_description/share/moveit_resources_pr2_description/urdf/meshes/base_v0/wheel_color.tif
[1.024s] -- Up-to-date: /home/gustav/P5-Kuka-Dual-Arm/install/moveit_resources_pr2_description/share/moveit_resources_pr2_description/urdf/meshes/gripper_v0
[1.024s] -- Up-to-date: /home/gustav/P5-Kuka-Dual-Arm/install/moveit_resources_pr2_description/share/moveit_resources_pr2_description/urdf/meshes/gripper_v0/finger_tip_pad2_l.stl
[1.024s] -- Up-to-date: /home/gustav/P5-Kuka-Dual-Arm/install/moveit_resources_pr2_description/share/moveit_resources_pr2_description/urdf/meshes/gripper_v0/l_float.dae
[1.024s] -- Up-to-date: /home/gustav/P5-Kuka-Dual-Arm/install/moveit_resources_pr2_description/share/moveit_resources_pr2_description/urdf/meshes/gripper_v0/l_finger_normals.tif
[1.024s] -- Up-to-date: /home/gustav/P5-Kuka-Dual-Arm/install/moveit_resources_pr2_description/share/moveit_resources_pr2_description/urdf/meshes/gripper_v0/gripper_palm.stl
[1.024s] -- Up-to-date: /home/gustav/P5-Kuka-Dual-Arm/install/moveit_resources_pr2_description/share/moveit_resources_pr2_description/urdf/meshes/gripper_v0/fingertip_H_Color_100430.tif
[1.025s] -- Up-to-date: /home/gustav/P5-Kuka-Dual-Arm/install/moveit_resources_pr2_description/share/moveit_resources_pr2_description/urdf/meshes/gripper_v0/finger_tip_r.stl
[1.025s] -- Up-to-date: /home/gustav/P5-Kuka-Dual-Arm/install/moveit_resources_pr2_description/share/moveit_resources_pr2_description/urdf/meshes/gripper_v0/l_float_normals.tif
[1.025s] -- Up-to-date: /home/gustav/P5-Kuka-Dual-Arm/install/moveit_resources_pr2_description/share/moveit_resources_pr2_description/urdf/meshes/gripper_v0/upper_finger_l.stl
[1.025s] -- Up-to-date: /home/gustav/P5-Kuka-Dual-Arm/install/moveit_resources_pr2_description/share/moveit_resources_pr2_description/urdf/meshes/gripper_v0/l_float_color.tif
[1.029s] -- Up-to-date: /home/gustav/P5-Kuka-Dual-Arm/install/moveit_resources_pr2_description/share/moveit_resources_pr2_description/urdf/meshes/gripper_v0/convex
[1.029s] -- Up-to-date: /home/gustav/P5-Kuka-Dual-Arm/install/moveit_resources_pr2_description/share/moveit_resources_pr2_description/urdf/meshes/gripper_v0/convex/finger_tip_l.dae
[1.030s] -- Up-to-date: /home/gustav/P5-Kuka-Dual-Arm/install/moveit_resources_pr2_description/share/moveit_resources_pr2_description/urdf/meshes/gripper_v0/convex/finger_tip_pad2_r.dae
[1.030s] -- Up-to-date: /home/gustav/P5-Kuka-Dual-Arm/install/moveit_resources_pr2_description/share/moveit_resources_pr2_description/urdf/meshes/gripper_v0/convex/finger_tip_pad2_l_convex.stla
[1.030s] -- Up-to-date: /home/gustav/P5-Kuka-Dual-Arm/install/moveit_resources_pr2_description/share/moveit_resources_pr2_description/urdf/meshes/gripper_v0/convex/gripper_palm_convex.stla
[1.030s] -- Up-to-date: /home/gustav/P5-Kuka-Dual-Arm/install/moveit_resources_pr2_description/share/moveit_resources_pr2_description/urdf/meshes/gripper_v0/convex/l_finger_convex.stlb
[1.030s] -- Up-to-date: /home/gustav/P5-Kuka-Dual-Arm/install/moveit_resources_pr2_description/share/moveit_resources_pr2_description/urdf/meshes/gripper_v0/convex/finger_tip_pad2_l.dae
[1.030s] -- Up-to-date: /home/gustav/P5-Kuka-Dual-Arm/install/moveit_resources_pr2_description/share/moveit_resources_pr2_description/urdf/meshes/gripper_v0/convex/finger_tip_r_convex.stla
[1.030s] -- Up-to-date: /home/gustav/P5-Kuka-Dual-Arm/install/moveit_resources_pr2_description/share/moveit_resources_pr2_description/urdf/meshes/gripper_v0/convex/upper_finger_l_convex.stlb
[1.030s] -- Up-to-date: /home/gustav/P5-Kuka-Dual-Arm/install/moveit_resources_pr2_description/share/moveit_resources_pr2_description/urdf/meshes/gripper_v0/convex/upper_finger_r.dae
[1.030s] -- Up-to-date: /home/gustav/P5-Kuka-Dual-Arm/install/moveit_resources_pr2_description/share/moveit_resources_pr2_description/urdf/meshes/gripper_v0/convex/finger_tip_l_convex.stla
[1.031s] -- Up-to-date: /home/gustav/P5-Kuka-Dual-Arm/install/moveit_resources_pr2_description/share/moveit_resources_pr2_description/urdf/meshes/gripper_v0/convex/gripper_palm.dae
[1.031s] -- Up-to-date: /home/gustav/P5-Kuka-Dual-Arm/install/moveit_resources_pr2_description/share/moveit_resources_pr2_description/urdf/meshes/gripper_v0/convex/finger_tip_l.xml
[1.031s] -- Up-to-date: /home/gustav/P5-Kuka-Dual-Arm/install/moveit_resources_pr2_description/share/moveit_resources_pr2_description/urdf/meshes/gripper_v0/convex/upper_finger_r_convex.stlb
[1.031s] -- Up-to-date: /home/gustav/P5-Kuka-Dual-Arm/install/moveit_resources_pr2_description/share/moveit_resources_pr2_description/urdf/meshes/gripper_v0/convex/upper_finger_l.dae
[1.031s] -- Up-to-date: /home/gustav/P5-Kuka-Dual-Arm/install/moveit_resources_pr2_description/share/moveit_resources_pr2_description/urdf/meshes/gripper_v0/convex/l_finger.dae
[1.031s] -- Up-to-date: /home/gustav/P5-Kuka-Dual-Arm/install/moveit_resources_pr2_description/share/moveit_resources_pr2_description/urdf/meshes/gripper_v0/convex/l_finger_tip_convex.stla
[1.031s] -- Up-to-date: /home/gustav/P5-Kuka-Dual-Arm/install/moveit_resources_pr2_description/share/moveit_resources_pr2_description/urdf/meshes/gripper_v0/convex/finger_tip_l_convex.stlb
[1.031s] -- Up-to-date: /home/gustav/P5-Kuka-Dual-Arm/install/moveit_resources_pr2_description/share/moveit_resources_pr2_description/urdf/meshes/gripper_v0/convex/finger_tip_pad2_r.xml
[1.031s] -- Up-to-date: /home/gustav/P5-Kuka-Dual-Arm/install/moveit_resources_pr2_description/share/moveit_resources_pr2_description/urdf/meshes/gripper_v0/convex/l_finger_tip_convex.stlb
[1.031s] -- Up-to-date: /home/gustav/P5-Kuka-Dual-Arm/install/moveit_resources_pr2_description/share/moveit_resources_pr2_description/urdf/meshes/gripper_v0/convex/finger_tip_pad2_r_convex.stla
[1.032s] -- Up-to-date: /home/gustav/P5-Kuka-Dual-Arm/install/moveit_resources_pr2_description/share/moveit_resources_pr2_description/urdf/meshes/gripper_v0/convex/l_floating_convex.stlb
[1.032s] -- Up-to-date: /home/gustav/P5-Kuka-Dual-Arm/install/moveit_resources_pr2_description/share/moveit_resources_pr2_description/urdf/meshes/gripper_v0/convex/finger_tip_r_convex.stlb
[1.032s] -- Up-to-date: /home/gustav/P5-Kuka-Dual-Arm/install/moveit_resources_pr2_description/share/moveit_resources_pr2_description/urdf/meshes/gripper_v0/convex/l_floating.dae
[1.032s] -- Up-to-date: /home/gustav/P5-Kuka-Dual-Arm/install/moveit_resources_pr2_description/share/moveit_resources_pr2_description/urdf/meshes/gripper_v0/convex/upper_finger_r_convex.stla
[1.032s] -- Up-to-date: /home/gustav/P5-Kuka-Dual-Arm/install/moveit_resources_pr2_description/share/moveit_resources_pr2_description/urdf/meshes/gripper_v0/convex/finger_tip_r.dae
[1.032s] -- Up-to-date: /home/gustav/P5-Kuka-Dual-Arm/install/moveit_resources_pr2_description/share/moveit_resources_pr2_description/urdf/meshes/gripper_v0/convex/finger_tip_pad2_r_convex.stlb
[1.032s] -- Up-to-date: /home/gustav/P5-Kuka-Dual-Arm/install/moveit_resources_pr2_description/share/moveit_resources_pr2_description/urdf/meshes/gripper_v0/convex/finger_tip_pad2_l.xml
[1.032s] -- Up-to-date: /home/gustav/P5-Kuka-Dual-Arm/install/moveit_resources_pr2_description/share/moveit_resources_pr2_description/urdf/meshes/gripper_v0/convex/upper_finger_r.xml
[1.032s] -- Up-to-date: /home/gustav/P5-Kuka-Dual-Arm/install/moveit_resources_pr2_description/share/moveit_resources_pr2_description/urdf/meshes/gripper_v0/convex/finger_tip_pad2_l_convex.stlb
[1.033s] -- Up-to-date: /home/gustav/P5-Kuka-Dual-Arm/install/moveit_resources_pr2_description/share/moveit_resources_pr2_description/urdf/meshes/gripper_v0/convex/gripper_palm.xml
[1.033s] -- Up-to-date: /home/gustav/P5-Kuka-Dual-Arm/install/moveit_resources_pr2_description/share/moveit_resources_pr2_description/urdf/meshes/gripper_v0/convex/l_finger_tip.xml
[1.033s] -- Up-to-date: /home/gustav/P5-Kuka-Dual-Arm/install/moveit_resources_pr2_description/share/moveit_resources_pr2_description/urdf/meshes/gripper_v0/convex/finger_tip_r.xml
[1.033s] -- Up-to-date: /home/gustav/P5-Kuka-Dual-Arm/install/moveit_resources_pr2_description/share/moveit_resources_pr2_description/urdf/meshes/gripper_v0/convex/upper_finger_l_convex.stla
[1.037s] -- Up-to-date: /home/gustav/P5-Kuka-Dual-Arm/install/moveit_resources_pr2_description/share/moveit_resources_pr2_description/urdf/meshes/gripper_v0/convex/l_floating.xml
[1.037s] -- Up-to-date: /home/gustav/P5-Kuka-Dual-Arm/install/moveit_resources_pr2_description/share/moveit_resources_pr2_description/urdf/meshes/gripper_v0/convex/upper_finger_l.xml
[1.037s] -- Up-to-date: /home/gustav/P5-Kuka-Dual-Arm/install/moveit_resources_pr2_description/share/moveit_resources_pr2_description/urdf/meshes/gripper_v0/convex/l_floating_convex.stla
[1.037s] -- Up-to-date: /home/gustav/P5-Kuka-Dual-Arm/install/moveit_resources_pr2_description/share/moveit_resources_pr2_description/urdf/meshes/gripper_v0/convex/l_finger.xml
[1.038s] -- Up-to-date: /home/gustav/P5-Kuka-Dual-Arm/install/moveit_resources_pr2_description/share/moveit_resources_pr2_description/urdf/meshes/gripper_v0/convex/l_finger_tip.dae
[1.038s] -- Up-to-date: /home/gustav/P5-Kuka-Dual-Arm/install/moveit_resources_pr2_description/share/moveit_resources_pr2_description/urdf/meshes/gripper_v0/convex/gripper_palm_convex.stlb
[1.038s] -- Up-to-date: /home/gustav/P5-Kuka-Dual-Arm/install/moveit_resources_pr2_description/share/moveit_resources_pr2_description/urdf/meshes/gripper_v0/convex/l_finger_convex.stla
[1.038s] -- Up-to-date: /home/gustav/P5-Kuka-Dual-Arm/install/moveit_resources_pr2_description/share/moveit_resources_pr2_description/urdf/meshes/gripper_v0/gripper_palm.dae
[1.038s] -- Up-to-date: /home/gustav/P5-Kuka-Dual-Arm/install/moveit_resources_pr2_description/share/moveit_resources_pr2_description/urdf/meshes/gripper_v0/l_finger.stl
[1.038s] -- Up-to-date: /home/gustav/P5-Kuka-Dual-Arm/install/moveit_resources_pr2_description/share/moveit_resources_pr2_description/urdf/meshes/gripper_v0/l_finger_color.tif
[1.038s] -- Up-to-date: /home/gustav/P5-Kuka-Dual-Arm/install/moveit_resources_pr2_description/share/moveit_resources_pr2_description/urdf/meshes/gripper_v0/l_floating.stl
[1.038s] -- Up-to-date: /home/gustav/P5-Kuka-Dual-Arm/install/moveit_resources_pr2_description/share/moveit_resources_pr2_description/urdf/meshes/gripper_v0/float_H_UV_100430.dae
[1.038s] -- Up-to-date: /home/gustav/P5-Kuka-Dual-Arm/install/moveit_resources_pr2_description/share/moveit_resources_pr2_description/urdf/meshes/gripper_v0/gripper_palm_normals.tif
[1.038s] -- Up-to-date: /home/gustav/P5-Kuka-Dual-Arm/install/moveit_resources_pr2_description/share/moveit_resources_pr2_description/urdf/meshes/gripper_v0/l_finger.dae
[1.039s] -- Up-to-date: /home/gustav/P5-Kuka-Dual-Arm/install/moveit_resources_pr2_description/share/moveit_resources_pr2_description/urdf/meshes/gripper_v0/finger_tip_pad2_r.stl
[1.039s] -- Up-to-date: /home/gustav/P5-Kuka-Dual-Arm/install/moveit_resources_pr2_description/share/moveit_resources_pr2_description/urdf/meshes/gripper_v0/finger_tip_l.stl
[1.039s] -- Up-to-date: /home/gustav/P5-Kuka-Dual-Arm/install/moveit_resources_pr2_description/share/moveit_resources_pr2_description/urdf/meshes/gripper_v0/gripper_palm_color.tif
[1.039s] -- Up-to-date: /home/gustav/P5-Kuka-Dual-Arm/install/moveit_resources_pr2_description/share/moveit_resources_pr2_description/urdf/meshes/gripper_v0/palm_H_UV_100430.dae
[1.039s] -- Up-to-date: /home/gustav/P5-Kuka-Dual-Arm/install/moveit_resources_pr2_description/share/moveit_resources_pr2_description/urdf/meshes/gripper_v0/l_finger_tip_color.tif
[1.039s] -- Up-to-date: /home/gustav/P5-Kuka-Dual-Arm/install/moveit_resources_pr2_description/share/moveit_resources_pr2_description/urdf/meshes/gripper_v0/finger_H_UV_100430.dae
[1.039s] -- Up-to-date: /home/gustav/P5-Kuka-Dual-Arm/install/moveit_resources_pr2_description/share/moveit_resources_pr2_description/urdf/meshes/gripper_v0/finger_tip_H_UV_100430.dae
[1.039s] -- Up-to-date: /home/gustav/P5-Kuka-Dual-Arm/install/moveit_resources_pr2_description/share/moveit_resources_pr2_description/urdf/meshes/gripper_v0/l_finger_tip.stl
[1.039s] -- Up-to-date: /home/gustav/P5-Kuka-Dual-Arm/install/moveit_resources_pr2_description/share/moveit_resources_pr2_description/urdf/meshes/gripper_v0/palm_H_Color_100430.tif
[1.040s] -- Up-to-date: /home/gustav/P5-Kuka-Dual-Arm/install/moveit_resources_pr2_description/share/moveit_resources_pr2_description/urdf/meshes/gripper_v0/upper_finger_r.stl
[1.040s] -- Up-to-date: /home/gustav/P5-Kuka-Dual-Arm/install/moveit_resources_pr2_description/share/moveit_resources_pr2_description/urdf/meshes/gripper_v0/l_finger_tip_normals.tif
[1.040s] -- Up-to-date: /home/gustav/P5-Kuka-Dual-Arm/install/moveit_resources_pr2_description/share/moveit_resources_pr2_description/urdf/meshes/gripper_v0/l_finger_tip.dae
[1.046s] -- Up-to-date: /home/gustav/P5-Kuka-Dual-Arm/install/moveit_resources_pr2_description/share/moveit_resources_pr2_description/urdf/meshes/gripper_v0/float_H_Color_100430.tif
[1.046s] -- Up-to-date: /home/gustav/P5-Kuka-Dual-Arm/install/moveit_resources_pr2_description/share/moveit_resources_pr2_description/urdf/meshes/gripper_v0/finger_H_Color_100430.tif
[1.046s] -- Up-to-date: /home/gustav/P5-Kuka-Dual-Arm/install/moveit_resources_pr2_description/share/moveit_resources_pr2_description/urdf/meshes/torso_v0
[1.046s] -- Up-to-date: /home/gustav/P5-Kuka-Dual-Arm/install/moveit_resources_pr2_description/share/moveit_resources_pr2_description/urdf/meshes/torso_v0/torso_lift_normals.tif
[1.046s] -- Up-to-date: /home/gustav/P5-Kuka-Dual-Arm/install/moveit_resources_pr2_description/share/moveit_resources_pr2_description/urdf/meshes/torso_v0/convex
[1.046s] -- Up-to-date: /home/gustav/P5-Kuka-Dual-Arm/install/moveit_resources_pr2_description/share/moveit_resources_pr2_description/urdf/meshes/torso_v0/convex/torso.xml
[1.046s] -- Up-to-date: /home/gustav/P5-Kuka-Dual-Arm/install/moveit_resources_pr2_description/share/moveit_resources_pr2_description/urdf/meshes/torso_v0/convex/torso_lift.xml
[1.047s] -- Up-to-date: /home/gustav/P5-Kuka-Dual-Arm/install/moveit_resources_pr2_description/share/moveit_resources_pr2_description/urdf/meshes/torso_v0/convex/torso_lift_L_convex.stlb
[1.047s] -- Up-to-date: /home/gustav/P5-Kuka-Dual-Arm/install/moveit_resources_pr2_description/share/moveit_resources_pr2_description/urdf/meshes/torso_v0/convex/torso_lift_L_convex.stla
[1.047s] -- Up-to-date: /home/gustav/P5-Kuka-Dual-Arm/install/moveit_resources_pr2_description/share/moveit_resources_pr2_description/urdf/meshes/torso_v0/convex/torso_lift_L.dae
[1.047s] -- Up-to-date: /home/gustav/P5-Kuka-Dual-Arm/install/moveit_resources_pr2_description/share/moveit_resources_pr2_description/urdf/meshes/torso_v0/convex/torso_lift_convex.stlb
[1.047s] -- Up-to-date: /home/gustav/P5-Kuka-Dual-Arm/install/moveit_resources_pr2_description/share/moveit_resources_pr2_description/urdf/meshes/torso_v0/convex/torso_lift.dae
[1.047s] -- Up-to-date: /home/gustav/P5-Kuka-Dual-Arm/install/moveit_resources_pr2_description/share/moveit_resources_pr2_description/urdf/meshes/torso_v0/convex/torso_lift_L.xml
[1.047s] -- Up-to-date: /home/gustav/P5-Kuka-Dual-Arm/install/moveit_resources_pr2_description/share/moveit_resources_pr2_description/urdf/meshes/torso_v0/convex/torso_convex.stla
[1.047s] -- Up-to-date: /home/gustav/P5-Kuka-Dual-Arm/install/moveit_resources_pr2_description/share/moveit_resources_pr2_description/urdf/meshes/torso_v0/convex/torso_lift_convex.stla
[1.047s] -- Up-to-date: /home/gustav/P5-Kuka-Dual-Arm/install/moveit_resources_pr2_description/share/moveit_resources_pr2_description/urdf/meshes/torso_v0/convex/torso_convex.stlb
[1.048s] -- Up-to-date: /home/gustav/P5-Kuka-Dual-Arm/install/moveit_resources_pr2_description/share/moveit_resources_pr2_description/urdf/meshes/torso_v0/convex/torso.dae
[1.048s] -- Up-to-date: /home/gustav/P5-Kuka-Dual-Arm/install/moveit_resources_pr2_description/share/moveit_resources_pr2_description/urdf/meshes/torso_v0/torso.stl
[1.048s] -- Up-to-date: /home/gustav/P5-Kuka-Dual-Arm/install/moveit_resources_pr2_description/share/moveit_resources_pr2_description/urdf/meshes/torso_v0/torso_lift.dae
[1.048s] -- Up-to-date: /home/gustav/P5-Kuka-Dual-Arm/install/moveit_resources_pr2_description/share/moveit_resources_pr2_description/urdf/meshes/torso_v0/torso_lift.stl
[1.048s] -- Up-to-date: /home/gustav/P5-Kuka-Dual-Arm/install/moveit_resources_pr2_description/share/moveit_resources_pr2_description/urdf/meshes/torso_v0/torso_lift_L.stl
[1.048s] -- Up-to-date: /home/gustav/P5-Kuka-Dual-Arm/install/moveit_resources_pr2_description/share/moveit_resources_pr2_description/urdf/meshes/torso_v0/torso_lift_color.tif
[1.048s] -- Up-to-date: /home/gustav/P5-Kuka-Dual-Arm/install/moveit_resources_pr2_description/share/moveit_resources_pr2_description/urdf/meshes/head_v0
[1.048s] -- Up-to-date: /home/gustav/P5-Kuka-Dual-Arm/install/moveit_resources_pr2_description/share/moveit_resources_pr2_description/urdf/meshes/head_v0/convex
[1.048s] -- Up-to-date: /home/gustav/P5-Kuka-Dual-Arm/install/moveit_resources_pr2_description/share/moveit_resources_pr2_description/urdf/meshes/head_v0/convex/head_pan_L.dae
[1.048s] -- Up-to-date: /home/gustav/P5-Kuka-Dual-Arm/install/moveit_resources_pr2_description/share/moveit_resources_pr2_description/urdf/meshes/head_v0/convex/head_pan_convex.stla
[1.049s] -- Up-to-date: /home/gustav/P5-Kuka-Dual-Arm/install/moveit_resources_pr2_description/share/moveit_resources_pr2_description/urdf/meshes/head_v0/convex/head_pan_convex.stlb
[1.049s] -- Up-to-date: /home/gustav/P5-Kuka-Dual-Arm/install/moveit_resources_pr2_description/share/moveit_resources_pr2_description/urdf/meshes/head_v0/convex/head_pan_L_convex.stla
[1.049s] -- Up-to-date: /home/gustav/P5-Kuka-Dual-Arm/install/moveit_resources_pr2_description/share/moveit_resources_pr2_description/urdf/meshes/head_v0/convex/head_tilt_L.dae
[1.049s] -- Up-to-date: /home/gustav/P5-Kuka-Dual-Arm/install/moveit_resources_pr2_description/share/moveit_resources_pr2_description/urdf/meshes/head_v0/convex/head_tilt_convex.stlb
[1.049s] -- Up-to-date: /home/gustav/P5-Kuka-Dual-Arm/install/moveit_resources_pr2_description/share/moveit_resources_pr2_description/urdf/meshes/head_v0/convex/head_tilt_L.xml
[1.049s] -- Up-to-date: /home/gustav/P5-Kuka-Dual-Arm/install/moveit_resources_pr2_description/share/moveit_resources_pr2_description/urdf/meshes/head_v0/convex/head_tilt_L_convex.stlb
[1.049s] -- Up-to-date: /home/gustav/P5-Kuka-Dual-Arm/install/moveit_resources_pr2_description/share/moveit_resources_pr2_description/urdf/meshes/head_v0/convex/head_pan_L_convex.stlb
[1.050s] -- Up-to-date: /home/gustav/P5-Kuka-Dual-Arm/install/moveit_resources_pr2_description/share/moveit_resources_pr2_description/urdf/meshes/head_v0/convex/head_tilt_L_convex.stla
[1.050s] -- Up-to-date: /home/gustav/P5-Kuka-Dual-Arm/install/moveit_resources_pr2_description/share/moveit_resources_pr2_description/urdf/meshes/head_v0/convex/head_pan.xml
[1.050s] -- Up-to-date: /home/gustav/P5-Kuka-Dual-Arm/install/moveit_resources_pr2_description/share/moveit_resources_pr2_description/urdf/meshes/head_v0/convex/head_tilt.xml
[1.050s] -- Up-to-date: /home/gustav/P5-Kuka-Dual-Arm/install/moveit_resources_pr2_description/share/moveit_resources_pr2_description/urdf/meshes/head_v0/convex/head_tilt.dae
[1.050s] -- Up-to-date: /home/gustav/P5-Kuka-Dual-Arm/install/moveit_resources_pr2_description/share/moveit_resources_pr2_description/urdf/meshes/head_v0/convex/head_pan_L.xml
[1.050s] -- Up-to-date: /home/gustav/P5-Kuka-Dual-Arm/install/moveit_resources_pr2_description/share/moveit_resources_pr2_description/urdf/meshes/head_v0/convex/head_tilt_convex.stla
[1.050s] -- Up-to-date: /home/gustav/P5-Kuka-Dual-Arm/install/moveit_resources_pr2_description/share/moveit_resources_pr2_description/urdf/meshes/head_v0/convex/head_pan.dae
[1.050s] -- Up-to-date: /home/gustav/P5-Kuka-Dual-Arm/install/moveit_resources_pr2_description/share/moveit_resources_pr2_description/urdf/meshes/head_v0/head_pan_L.stl
[1.050s] -- Up-to-date: /home/gustav/P5-Kuka-Dual-Arm/install/moveit_resources_pr2_description/share/moveit_resources_pr2_description/urdf/meshes/head_v0/head_pan_normals.tif
[1.050s] -- Up-to-date: /home/gustav/P5-Kuka-Dual-Arm/install/moveit_resources_pr2_description/share/moveit_resources_pr2_description/urdf/meshes/head_v0/head_tilt_color_yellow.tif
[1.051s] -- Up-to-date: /home/gustav/P5-Kuka-Dual-Arm/install/moveit_resources_pr2_description/share/moveit_resources_pr2_description/urdf/meshes/head_v0/head_tilt.stl
[1.051s] -- Up-to-date: /home/gustav/P5-Kuka-Dual-Arm/install/moveit_resources_pr2_description/share/moveit_resources_pr2_description/urdf/meshes/head_v0/head_pan.stl
[1.051s] -- Up-to-date: /home/gustav/P5-Kuka-Dual-Arm/install/moveit_resources_pr2_description/share/moveit_resources_pr2_description/urdf/meshes/head_v0/head_pan_color.tif
[1.053s] -- Up-to-date: /home/gustav/P5-Kuka-Dual-Arm/install/moveit_resources_pr2_description/share/moveit_resources_pr2_description/urdf/meshes/head_v0/head_tilt.dae
[1.057s] -- Up-to-date: /home/gustav/P5-Kuka-Dual-Arm/install/moveit_resources_pr2_description/share/moveit_resources_pr2_description/urdf/meshes/head_v0/head_tilt_green.tif
[1.057s] -- Up-to-date: /home/gustav/P5-Kuka-Dual-Arm/install/moveit_resources_pr2_description/share/moveit_resources_pr2_description/urdf/meshes/head_v0/head_tilt_L.stl
[1.057s] -- Up-to-date: /home/gustav/P5-Kuka-Dual-Arm/install/moveit_resources_pr2_description/share/moveit_resources_pr2_description/urdf/meshes/head_v0/head_tilt_color.tif
[1.063s] -- Up-to-date: /home/gustav/P5-Kuka-Dual-Arm/install/moveit_resources_pr2_description/share/moveit_resources_pr2_description/urdf/meshes/head_v0/head_pan.dae
[1.063s] -- Up-to-date: /home/gustav/P5-Kuka-Dual-Arm/install/moveit_resources_pr2_description/share/moveit_resources_pr2_description/urdf/meshes/head_v0/head_tilt_normals.tif
[1.063s] -- Up-to-date: /home/gustav/P5-Kuka-Dual-Arm/install/moveit_resources_pr2_description/share/moveit_resources_pr2_description/urdf/meshes/head_v0/head_tilt_color_red.tif
[1.063s] -- Up-to-date: /home/gustav/P5-Kuka-Dual-Arm/install/moveit_resources_pr2_description/share/moveit_resources_pr2_description/urdf/meshes/upper_arm_v0
[1.063s] -- Up-to-date: /home/gustav/P5-Kuka-Dual-Arm/install/moveit_resources_pr2_description/share/moveit_resources_pr2_description/urdf/meshes/upper_arm_v0/elbow_flex.stl
[1.063s] -- Up-to-date: /home/gustav/P5-Kuka-Dual-Arm/install/moveit_resources_pr2_description/share/moveit_resources_pr2_description/urdf/meshes/upper_arm_v0/convex
[1.063s] -- Up-to-date: /home/gustav/P5-Kuka-Dual-Arm/install/moveit_resources_pr2_description/share/moveit_resources_pr2_description/urdf/meshes/upper_arm_v0/convex/upper_arm.xml
[1.064s] -- Up-to-date: /home/gustav/P5-Kuka-Dual-Arm/install/moveit_resources_pr2_description/share/moveit_resources_pr2_description/urdf/meshes/upper_arm_v0/convex/upper_arm_convex.stlb
[1.064s] -- Up-to-date: /home/gustav/P5-Kuka-Dual-Arm/install/moveit_resources_pr2_description/share/moveit_resources_pr2_description/urdf/meshes/upper_arm_v0/convex/upper_arm_convex.stla
[1.064s] -- Up-to-date: /home/gustav/P5-Kuka-Dual-Arm/install/moveit_resources_pr2_description/share/moveit_resources_pr2_description/urdf/meshes/upper_arm_v0/convex/forearm_roll.dae
[1.064s] -- Up-to-date: /home/gustav/P5-Kuka-Dual-Arm/install/moveit_resources_pr2_description/share/moveit_resources_pr2_description/urdf/meshes/upper_arm_v0/convex/forearm_roll_convex.stlb
[1.064s] -- Up-to-date: /home/gustav/P5-Kuka-Dual-Arm/install/moveit_resources_pr2_description/share/moveit_resources_pr2_description/urdf/meshes/upper_arm_v0/convex/elbow_flex_convex.stlb
[1.064s] -- Up-to-date: /home/gustav/P5-Kuka-Dual-Arm/install/moveit_resources_pr2_description/share/moveit_resources_pr2_description/urdf/meshes/upper_arm_v0/convex/forearm_roll_convex.stla
[1.064s] -- Up-to-date: /home/gustav/P5-Kuka-Dual-Arm/install/moveit_resources_pr2_description/share/moveit_resources_pr2_description/urdf/meshes/upper_arm_v0/convex/forearm_roll_L_convex.stlb
[1.064s] -- Up-to-date: /home/gustav/P5-Kuka-Dual-Arm/install/moveit_resources_pr2_description/share/moveit_resources_pr2_description/urdf/meshes/upper_arm_v0/convex/forearm_roll_L.dae
[1.064s] -- Up-to-date: /home/gustav/P5-Kuka-Dual-Arm/install/moveit_resources_pr2_description/share/moveit_resources_pr2_description/urdf/meshes/upper_arm_v0/convex/elbow_flex.xml
[1.065s] -- Up-to-date: /home/gustav/P5-Kuka-Dual-Arm/install/moveit_resources_pr2_description/share/moveit_resources_pr2_description/urdf/meshes/upper_arm_v0/convex/forearm_roll_L.xml
[1.065s] -- Up-to-date: /home/gustav/P5-Kuka-Dual-Arm/install/moveit_resources_pr2_description/share/moveit_resources_pr2_description/urdf/meshes/upper_arm_v0/convex/elbow_flex.dae
[1.065s] -- Up-to-date: /home/gustav/P5-Kuka-Dual-Arm/install/moveit_resources_pr2_description/share/moveit_resources_pr2_description/urdf/meshes/upper_arm_v0/convex/forearm_roll.xml
[1.065s] -- Up-to-date: /home/gustav/P5-Kuka-Dual-Arm/install/moveit_resources_pr2_description/share/moveit_resources_pr2_description/urdf/meshes/upper_arm_v0/convex/upper_arm.dae
[1.065s] -- Up-to-date: /home/gustav/P5-Kuka-Dual-Arm/install/moveit_resources_pr2_description/share/moveit_resources_pr2_description/urdf/meshes/upper_arm_v0/convex/elbow_flex_convex.stla
[1.065s] -- Up-to-date: /home/gustav/P5-Kuka-Dual-Arm/install/moveit_resources_pr2_description/share/moveit_resources_pr2_description/urdf/meshes/upper_arm_v0/convex/forearm_roll_L_convex.stla
[1.065s] -- Up-to-date: /home/gustav/P5-Kuka-Dual-Arm/install/moveit_resources_pr2_description/share/moveit_resources_pr2_description/urdf/meshes/upper_arm_v0/upper_arm.stl
[1.065s] -- Up-to-date: /home/gustav/P5-Kuka-Dual-Arm/install/moveit_resources_pr2_description/share/moveit_resources_pr2_description/urdf/meshes/upper_arm_v0/elbow_flex_color.tif
[1.065s] -- Up-to-date: /home/gustav/P5-Kuka-Dual-Arm/install/moveit_resources_pr2_description/share/moveit_resources_pr2_description/urdf/meshes/upper_arm_v0/forearm_roll.stl
[1.065s] -- Up-to-date: /home/gustav/P5-Kuka-Dual-Arm/install/moveit_resources_pr2_description/share/moveit_resources_pr2_description/urdf/meshes/upper_arm_v0/upper_arm.jpg
[1.066s] -- Up-to-date: /home/gustav/P5-Kuka-Dual-Arm/install/moveit_resources_pr2_description/share/moveit_resources_pr2_description/urdf/meshes/upper_arm_v0/forearm_roll_L.stl
[1.066s] -- Up-to-date: /home/gustav/P5-Kuka-Dual-Arm/install/moveit_resources_pr2_description/share/moveit_resources_pr2_description/urdf/meshes/upper_arm_v0/upper_arm_normals.tif
[1.066s] -- Up-to-date: /home/gustav/P5-Kuka-Dual-Arm/install/moveit_resources_pr2_description/share/moveit_resources_pr2_description/urdf/meshes/upper_arm_v0/elbow_flex_normals.tif
[1.070s] -- Up-to-date: /home/gustav/P5-Kuka-Dual-Arm/install/moveit_resources_pr2_description/share/moveit_resources_pr2_description/urdf/meshes/upper_arm_v0/elbow_flex.dae
[1.070s] -- Up-to-date: /home/gustav/P5-Kuka-Dual-Arm/install/moveit_resources_pr2_description/share/moveit_resources_pr2_description/urdf/meshes/upper_arm_v0/upper_arm.dae
[1.070s] -- Up-to-date: /home/gustav/P5-Kuka-Dual-Arm/install/moveit_resources_pr2_description/share/moveit_resources_pr2_description/urdf/meshes/upper_arm_v0/upper_arm_color.tif
[1.071s] -- Up-to-date: /home/gustav/P5-Kuka-Dual-Arm/install/moveit_resources_pr2_description/share/moveit_resources_pr2_description/kinect.dae
[1.189s] Invoked command in '/home/gustav/P5-Kuka-Dual-Arm/build/moveit_resources_pr2_description' returned '0': CMAKE_PREFIX_PATH=${CMAKE_PREFIX_PATH}:/home/gustav/ws_moveit2/install/moveit_configs_utils:/home/gustav/ws_moveit2/install/launch_param_builder:/home/gustav/lbr_stack/install/lbr_demos_py:/home/gustav/lbr_stack/install/lbr_demos_advanced_py:/opt/ros/humble /usr/bin/cmake --install /home/gustav/P5-Kuka-Dual-Arm/build/moveit_resources_pr2_description
