[0.050s] Invoking command in '/home/gustav/P5-Kuka-Dual-Arm/build/lbr_description': CMAKE_PREFIX_PATH=${CMAKE_PREFIX_PATH}:/home/gustav/lbr_stack/install/lbr_demos_py:/home/gustav/lbr_stack/install/lbr_demos_advanced_py:/opt/ros/humble /usr/bin/cmake /home/gustav/P5-Kuka-Dual-Arm/p5_ws/src/lbr_fri_ros2_stack/lbr_description -DCMAKE_BUILD_TYPE=Release -DCMAKE_INSTALL_PREFIX=/home/gustav/P5-Kuka-Dual-Arm/install/lbr_description
[0.075s] -- Found ament_cmake: 1.3.10 (/opt/ros/humble/share/ament_cmake/cmake)
[0.313s] -- Found ament_cmake_pytest: 1.3.10 (/opt/ros/humble/share/ament_cmake_pytest/cmake)
[1.059s] -- Configuring done
[1.063s] -- Generating done
[1.064s] -- Build files have been written to: /home/gustav/P5-Kuka-Dual-Arm/build/lbr_description
[1.074s] Invoked command in '/home/gustav/P5-Kuka-Dual-Arm/build/lbr_description' returned '0': CMAKE_PREFIX_PATH=${CMAKE_PREFIX_PATH}:/home/gustav/lbr_stack/install/lbr_demos_py:/home/gustav/lbr_stack/install/lbr_demos_advanced_py:/opt/ros/humble /usr/bin/cmake /home/gustav/P5-Kuka-Dual-Arm/p5_ws/src/lbr_fri_ros2_stack/lbr_description -DCMAKE_BUILD_TYPE=Release -DCMAKE_INSTALL_PREFIX=/home/gustav/P5-Kuka-Dual-Arm/install/lbr_description
[1.075s] Invoking command in '/home/gustav/P5-Kuka-Dual-Arm/build/lbr_description': CMAKE_PREFIX_PATH=${CMAKE_PREFIX_PATH}:/home/gustav/lbr_stack/install/lbr_demos_py:/home/gustav/lbr_stack/install/lbr_demos_advanced_py:/opt/ros/humble /usr/bin/cmake --build /home/gustav/P5-Kuka-Dual-Arm/build/lbr_description -- -j8 -l8
[1.379s] Invoked command in '/home/gustav/P5-Kuka-Dual-Arm/build/lbr_description' returned '0': CMAKE_PREFIX_PATH=${CMAKE_PREFIX_PATH}:/home/gustav/lbr_stack/install/lbr_demos_py:/home/gustav/lbr_stack/install/lbr_demos_advanced_py:/opt/ros/humble /usr/bin/cmake --build /home/gustav/P5-Kuka-Dual-Arm/build/lbr_description -- -j8 -l8
[1.425s] Invoking command in '/home/gustav/P5-Kuka-Dual-Arm/build/lbr_description': CMAKE_PREFIX_PATH=${CMAKE_PREFIX_PATH}:/home/gustav/lbr_stack/install/lbr_demos_py:/home/gustav/lbr_stack/install/lbr_demos_advanced_py:/opt/ros/humble /usr/bin/cmake --install /home/gustav/P5-Kuka-Dual-Arm/build/lbr_description
[1.436s] -- Install configuration: "Release"
[1.436s] -- Up-to-date: /home/gustav/P5-Kuka-Dual-Arm/install/lbr_description/share/lbr_description/config
[1.437s] -- Up-to-date: /home/gustav/P5-Kuka-Dual-Arm/install/lbr_description/share/lbr_description/config/config.rviz
[1.438s] -- Up-to-date: /home/gustav/P5-Kuka-Dual-Arm/install/lbr_description/share/lbr_description/gazebo
[1.438s] -- Up-to-date: /home/gustav/P5-Kuka-Dual-Arm/install/lbr_description/share/lbr_description/gazebo/lbr_gazebo.xacro
[1.438s] -- Up-to-date: /home/gustav/P5-Kuka-Dual-Arm/install/lbr_description/share/lbr_description/meshes
[1.438s] -- Up-to-date: /home/gustav/P5-Kuka-Dual-Arm/install/lbr_description/share/lbr_description/meshes/med14
[1.438s] -- Up-to-date: /home/gustav/P5-Kuka-Dual-Arm/install/lbr_description/share/lbr_description/meshes/med14/visual
[1.438s] -- Up-to-date: /home/gustav/P5-Kuka-Dual-Arm/install/lbr_description/share/lbr_description/meshes/med14/visual/link_3.dae
[1.439s] -- Up-to-date: /home/gustav/P5-Kuka-Dual-Arm/install/lbr_description/share/lbr_description/meshes/med14/visual/link_5.dae
[1.439s] -- Up-to-date: /home/gustav/P5-Kuka-Dual-Arm/install/lbr_description/share/lbr_description/meshes/med14/visual/link_1.dae
[1.439s] -- Up-to-date: /home/gustav/P5-Kuka-Dual-Arm/install/lbr_description/share/lbr_description/meshes/med14/visual/link_0.dae
[1.439s] -- Up-to-date: /home/gustav/P5-Kuka-Dual-Arm/install/lbr_description/share/lbr_description/meshes/med14/visual/link_6.dae
[1.439s] -- Up-to-date: /home/gustav/P5-Kuka-Dual-Arm/install/lbr_description/share/lbr_description/meshes/med14/visual/link_2.dae
[1.439s] -- Up-to-date: /home/gustav/P5-Kuka-Dual-Arm/install/lbr_description/share/lbr_description/meshes/med14/visual/link_7.dae
[1.439s] -- Up-to-date: /home/gustav/P5-Kuka-Dual-Arm/install/lbr_description/share/lbr_description/meshes/med14/visual/link_4.dae
[1.439s] -- Up-to-date: /home/gustav/P5-Kuka-Dual-Arm/install/lbr_description/share/lbr_description/meshes/med14/collision
[1.439s] -- Up-to-date: /home/gustav/P5-Kuka-Dual-Arm/install/lbr_description/share/lbr_description/meshes/med14/collision/link_3.stl
[1.439s] -- Up-to-date: /home/gustav/P5-Kuka-Dual-Arm/install/lbr_description/share/lbr_description/meshes/med14/collision/link_0.stl
[1.440s] -- Up-to-date: /home/gustav/P5-Kuka-Dual-Arm/install/lbr_description/share/lbr_description/meshes/med14/collision/link_1.stl
[1.440s] -- Up-to-date: /home/gustav/P5-Kuka-Dual-Arm/install/lbr_description/share/lbr_description/meshes/med14/collision/link_6.stl
[1.440s] -- Up-to-date: /home/gustav/P5-Kuka-Dual-Arm/install/lbr_description/share/lbr_description/meshes/med14/collision/link_5.stl
[1.440s] -- Up-to-date: /home/gustav/P5-Kuka-Dual-Arm/install/lbr_description/share/lbr_description/meshes/med14/collision/link_7.stl
[1.440s] -- Up-to-date: /home/gustav/P5-Kuka-Dual-Arm/install/lbr_description/share/lbr_description/meshes/med14/collision/link_2.stl
[1.440s] -- Up-to-date: /home/gustav/P5-Kuka-Dual-Arm/install/lbr_description/share/lbr_description/meshes/med14/collision/link_4.stl
[1.440s] -- Up-to-date: /home/gustav/P5-Kuka-Dual-Arm/install/lbr_description/share/lbr_description/meshes/iiwa7
[1.440s] -- Up-to-date: /home/gustav/P5-Kuka-Dual-Arm/install/lbr_description/share/lbr_description/meshes/iiwa7/visual
[1.440s] -- Up-to-date: /home/gustav/P5-Kuka-Dual-Arm/install/lbr_description/share/lbr_description/meshes/iiwa7/visual/link_3.dae
[1.440s] -- Up-to-date: /home/gustav/P5-Kuka-Dual-Arm/install/lbr_description/share/lbr_description/meshes/iiwa7/visual/link_5.dae
[1.441s] -- Up-to-date: /home/gustav/P5-Kuka-Dual-Arm/install/lbr_description/share/lbr_description/meshes/iiwa7/visual/link_1.dae
[1.441s] -- Up-to-date: /home/gustav/P5-Kuka-Dual-Arm/install/lbr_description/share/lbr_description/meshes/iiwa7/visual/link_0.dae
[1.441s] -- Up-to-date: /home/gustav/P5-Kuka-Dual-Arm/install/lbr_description/share/lbr_description/meshes/iiwa7/visual/link_6.dae
[1.441s] -- Up-to-date: /home/gustav/P5-Kuka-Dual-Arm/install/lbr_description/share/lbr_description/meshes/iiwa7/visual/link_2.dae
[1.444s] -- Up-to-date: /home/gustav/P5-Kuka-Dual-Arm/install/lbr_description/share/lbr_description/meshes/iiwa7/visual/link_7.dae
[1.444s] -- Up-to-date: /home/gustav/P5-Kuka-Dual-Arm/install/lbr_description/share/lbr_description/meshes/iiwa7/visual/link_4.dae
[1.444s] -- Up-to-date: /home/gustav/P5-Kuka-Dual-Arm/install/lbr_description/share/lbr_description/meshes/iiwa7/collision
[1.444s] -- Up-to-date: /home/gustav/P5-Kuka-Dual-Arm/install/lbr_description/share/lbr_description/meshes/iiwa7/collision/link_3.stl
[1.444s] -- Up-to-date: /home/gustav/P5-Kuka-Dual-Arm/install/lbr_description/share/lbr_description/meshes/iiwa7/collision/link_0.stl
[1.445s] -- Up-to-date: /home/gustav/P5-Kuka-Dual-Arm/install/lbr_description/share/lbr_description/meshes/iiwa7/collision/link_1.stl
[1.445s] -- Up-to-date: /home/gustav/P5-Kuka-Dual-Arm/install/lbr_description/share/lbr_description/meshes/iiwa7/collision/link_6.stl
[1.445s] -- Up-to-date: /home/gustav/P5-Kuka-Dual-Arm/install/lbr_description/share/lbr_description/meshes/iiwa7/collision/link_5.stl
[1.445s] -- Up-to-date: /home/gustav/P5-Kuka-Dual-Arm/install/lbr_description/share/lbr_description/meshes/iiwa7/collision/link_7.stl
[1.446s] -- Up-to-date: /home/gustav/P5-Kuka-Dual-Arm/install/lbr_description/share/lbr_description/meshes/iiwa7/collision/link_2.stl
[1.446s] -- Up-to-date: /home/gustav/P5-Kuka-Dual-Arm/install/lbr_description/share/lbr_description/meshes/iiwa7/collision/link_4.stl
[1.446s] -- Up-to-date: /home/gustav/P5-Kuka-Dual-Arm/install/lbr_description/share/lbr_description/meshes/iiwa14
[1.447s] -- Up-to-date: /home/gustav/P5-Kuka-Dual-Arm/install/lbr_description/share/lbr_description/meshes/iiwa14/visual
[1.448s] -- Up-to-date: /home/gustav/P5-Kuka-Dual-Arm/install/lbr_description/share/lbr_description/meshes/iiwa14/visual/link_3.dae
[1.448s] -- Up-to-date: /home/gustav/P5-Kuka-Dual-Arm/install/lbr_description/share/lbr_description/meshes/iiwa14/visual/link_5.dae
[1.448s] -- Up-to-date: /home/gustav/P5-Kuka-Dual-Arm/install/lbr_description/share/lbr_description/meshes/iiwa14/visual/link_1.dae
[1.448s] -- Up-to-date: /home/gustav/P5-Kuka-Dual-Arm/install/lbr_description/share/lbr_description/meshes/iiwa14/visual/link_0.dae
[1.448s] -- Up-to-date: /home/gustav/P5-Kuka-Dual-Arm/install/lbr_description/share/lbr_description/meshes/iiwa14/visual/link_6.dae
[1.448s] -- Up-to-date: /home/gustav/P5-Kuka-Dual-Arm/install/lbr_description/share/lbr_description/meshes/iiwa14/visual/link_2.dae
[1.448s] -- Up-to-date: /home/gustav/P5-Kuka-Dual-Arm/install/lbr_description/share/lbr_description/meshes/iiwa14/visual/link_7.dae
[1.448s] -- Up-to-date: /home/gustav/P5-Kuka-Dual-Arm/install/lbr_description/share/lbr_description/meshes/iiwa14/visual/link_4.dae
[1.448s] -- Up-to-date: /home/gustav/P5-Kuka-Dual-Arm/install/lbr_description/share/lbr_description/meshes/iiwa14/collision
[1.448s] -- Up-to-date: /home/gustav/P5-Kuka-Dual-Arm/install/lbr_description/share/lbr_description/meshes/iiwa14/collision/link_3.stl
[1.449s] -- Up-to-date: /home/gustav/P5-Kuka-Dual-Arm/install/lbr_description/share/lbr_description/meshes/iiwa14/collision/link_0.stl
[1.449s] -- Up-to-date: /home/gustav/P5-Kuka-Dual-Arm/install/lbr_description/share/lbr_description/meshes/iiwa14/collision/link_1.stl
[1.449s] -- Up-to-date: /home/gustav/P5-Kuka-Dual-Arm/install/lbr_description/share/lbr_description/meshes/iiwa14/collision/link_6.stl
[1.449s] -- Up-to-date: /home/gustav/P5-Kuka-Dual-Arm/install/lbr_description/share/lbr_description/meshes/iiwa14/collision/link_5.stl
[1.449s] -- Up-to-date: /home/gustav/P5-Kuka-Dual-Arm/install/lbr_description/share/lbr_description/meshes/iiwa14/collision/link_7.stl
[1.449s] -- Up-to-date: /home/gustav/P5-Kuka-Dual-Arm/install/lbr_description/share/lbr_description/meshes/iiwa14/collision/link_2.stl
[1.449s] -- Up-to-date: /home/gustav/P5-Kuka-Dual-Arm/install/lbr_description/share/lbr_description/meshes/iiwa14/collision/link_4.stl
[1.450s] -- Up-to-date: /home/gustav/P5-Kuka-Dual-Arm/install/lbr_description/share/lbr_description/meshes/med7
[1.450s] -- Up-to-date: /home/gustav/P5-Kuka-Dual-Arm/install/lbr_description/share/lbr_description/meshes/med7/visual
[1.450s] -- Up-to-date: /home/gustav/P5-Kuka-Dual-Arm/install/lbr_description/share/lbr_description/meshes/med7/visual/link_3.dae
[1.450s] -- Up-to-date: /home/gustav/P5-Kuka-Dual-Arm/install/lbr_description/share/lbr_description/meshes/med7/visual/link_5.dae
[1.450s] -- Up-to-date: /home/gustav/P5-Kuka-Dual-Arm/install/lbr_description/share/lbr_description/meshes/med7/visual/link_1.dae
[1.450s] -- Up-to-date: /home/gustav/P5-Kuka-Dual-Arm/install/lbr_description/share/lbr_description/meshes/med7/visual/link_0.dae
[1.451s] -- Up-to-date: /home/gustav/P5-Kuka-Dual-Arm/install/lbr_description/share/lbr_description/meshes/med7/visual/link_6.dae
[1.451s] -- Up-to-date: /home/gustav/P5-Kuka-Dual-Arm/install/lbr_description/share/lbr_description/meshes/med7/visual/link_2.dae
[1.451s] -- Up-to-date: /home/gustav/P5-Kuka-Dual-Arm/install/lbr_description/share/lbr_description/meshes/med7/visual/link_7.dae
[1.451s] -- Up-to-date: /home/gustav/P5-Kuka-Dual-Arm/install/lbr_description/share/lbr_description/meshes/med7/visual/link_4.dae
[1.451s] -- Up-to-date: /home/gustav/P5-Kuka-Dual-Arm/install/lbr_description/share/lbr_description/meshes/med7/collision
[1.451s] -- Up-to-date: /home/gustav/P5-Kuka-Dual-Arm/install/lbr_description/share/lbr_description/meshes/med7/collision/link_3.stl
[1.451s] -- Up-to-date: /home/gustav/P5-Kuka-Dual-Arm/install/lbr_description/share/lbr_description/meshes/med7/collision/link_0.stl
[1.451s] -- Up-to-date: /home/gustav/P5-Kuka-Dual-Arm/install/lbr_description/share/lbr_description/meshes/med7/collision/link_1.stl
[1.451s] -- Up-to-date: /home/gustav/P5-Kuka-Dual-Arm/install/lbr_description/share/lbr_description/meshes/med7/collision/link_6.stl
[1.452s] -- Up-to-date: /home/gustav/P5-Kuka-Dual-Arm/install/lbr_description/share/lbr_description/meshes/med7/collision/link_5.stl
[1.452s] -- Up-to-date: /home/gustav/P5-Kuka-Dual-Arm/install/lbr_description/share/lbr_description/meshes/med7/collision/link_7.stl
[1.452s] -- Up-to-date: /home/gustav/P5-Kuka-Dual-Arm/install/lbr_description/share/lbr_description/meshes/med7/collision/link_2.stl
[1.452s] -- Up-to-date: /home/gustav/P5-Kuka-Dual-Arm/install/lbr_description/share/lbr_description/meshes/med7/collision/link_4.stl
[1.452s] -- Up-to-date: /home/gustav/P5-Kuka-Dual-Arm/install/lbr_description/share/lbr_description/urdf
[1.452s] -- Up-to-date: /home/gustav/P5-Kuka-Dual-Arm/install/lbr_description/share/lbr_description/urdf/med14
[1.452s] -- Up-to-date: /home/gustav/P5-Kuka-Dual-Arm/install/lbr_description/share/lbr_description/urdf/med14/med14_description.xacro
[1.452s] -- Up-to-date: /home/gustav/P5-Kuka-Dual-Arm/install/lbr_description/share/lbr_description/urdf/med14/med14.xacro
[1.452s] -- Up-to-date: /home/gustav/P5-Kuka-Dual-Arm/install/lbr_description/share/lbr_description/urdf/med14/joint_limits.yaml
[1.453s] -- Up-to-date: /home/gustav/P5-Kuka-Dual-Arm/install/lbr_description/share/lbr_description/urdf/iiwa7
[1.453s] -- Up-to-date: /home/gustav/P5-Kuka-Dual-Arm/install/lbr_description/share/lbr_description/urdf/iiwa7/joint_limits.yaml
[1.453s] -- Up-to-date: /home/gustav/P5-Kuka-Dual-Arm/install/lbr_description/share/lbr_description/urdf/iiwa7/iiwa7.xacro
[1.453s] -- Up-to-date: /home/gustav/P5-Kuka-Dual-Arm/install/lbr_description/share/lbr_description/urdf/iiwa7/iiwa7_description.xacro
[1.453s] -- Up-to-date: /home/gustav/P5-Kuka-Dual-Arm/install/lbr_description/share/lbr_description/urdf/iiwa14
[1.453s] -- Up-to-date: /home/gustav/P5-Kuka-Dual-Arm/install/lbr_description/share/lbr_description/urdf/iiwa14/joint_limits.yaml
[1.453s] -- Up-to-date: /home/gustav/P5-Kuka-Dual-Arm/install/lbr_description/share/lbr_description/urdf/iiwa14/iiwa14_description.xacro
[1.453s] -- Up-to-date: /home/gustav/P5-Kuka-Dual-Arm/install/lbr_description/share/lbr_description/urdf/iiwa14/iiwa14.xacro
[1.453s] -- Up-to-date: /home/gustav/P5-Kuka-Dual-Arm/install/lbr_description/share/lbr_description/urdf/med7
[1.453s] -- Up-to-date: /home/gustav/P5-Kuka-Dual-Arm/install/lbr_description/share/lbr_description/urdf/med7/med7.xacro
[1.453s] -- Up-to-date: /home/gustav/P5-Kuka-Dual-Arm/install/lbr_description/share/lbr_description/urdf/med7/joint_limits.yaml
[1.454s] -- Up-to-date: /home/gustav/P5-Kuka-Dual-Arm/install/lbr_description/share/lbr_description/urdf/med7/med7_description.xacro
[1.454s] -- Up-to-date: /home/gustav/P5-Kuka-Dual-Arm/install/lbr_description/share/lbr_description/environment/lbr_description.dsv
[1.454s] -- Up-to-date: /home/gustav/P5-Kuka-Dual-Arm/install/lbr_description/share/ament_index/resource_index/package_run_dependencies/lbr_description
[1.454s] -- Up-to-date: /home/gustav/P5-Kuka-Dual-Arm/install/lbr_description/share/ament_index/resource_index/parent_prefix_path/lbr_description
[1.454s] -- Up-to-date: /home/gustav/P5-Kuka-Dual-Arm/install/lbr_description/share/lbr_description/environment/ament_prefix_path.sh
[1.454s] -- Installing: /home/gustav/P5-Kuka-Dual-Arm/install/lbr_description/share/lbr_description/environment/ament_prefix_path.dsv
[1.454s] -- Up-to-date: /home/gustav/P5-Kuka-Dual-Arm/install/lbr_description/share/lbr_description/environment/path.sh
[1.454s] -- Installing: /home/gustav/P5-Kuka-Dual-Arm/install/lbr_description/share/lbr_description/environment/path.dsv
[1.454s] -- Up-to-date: /home/gustav/P5-Kuka-Dual-Arm/install/lbr_description/share/lbr_description/local_setup.bash
[1.454s] -- Up-to-date: /home/gustav/P5-Kuka-Dual-Arm/install/lbr_description/share/lbr_description/local_setup.sh
[1.454s] -- Up-to-date: /home/gustav/P5-Kuka-Dual-Arm/install/lbr_description/share/lbr_description/local_setup.zsh
[1.455s] -- Installing: /home/gustav/P5-Kuka-Dual-Arm/install/lbr_description/share/lbr_description/local_setup.dsv
[1.455s] -- Installing: /home/gustav/P5-Kuka-Dual-Arm/install/lbr_description/share/lbr_description/package.dsv
[1.455s] -- Up-to-date: /home/gustav/P5-Kuka-Dual-Arm/install/lbr_description/share/ament_index/resource_index/packages/lbr_description
[1.455s] -- Up-to-date: /home/gustav/P5-Kuka-Dual-Arm/install/lbr_description/share/lbr_description/cmake/lbr_descriptionConfig.cmake
[1.455s] -- Up-to-date: /home/gustav/P5-Kuka-Dual-Arm/install/lbr_description/share/lbr_description/cmake/lbr_descriptionConfig-version.cmake
[1.455s] -- Up-to-date: /home/gustav/P5-Kuka-Dual-Arm/install/lbr_description/share/lbr_description/package.xml
[1.456s] Invoked command in '/home/gustav/P5-Kuka-Dual-Arm/build/lbr_description' returned '0': CMAKE_PREFIX_PATH=${CMAKE_PREFIX_PATH}:/home/gustav/lbr_stack/install/lbr_demos_py:/home/gustav/lbr_stack/install/lbr_demos_advanced_py:/opt/ros/humble /usr/bin/cmake --install /home/gustav/P5-Kuka-Dual-Arm/build/lbr_description
