[0.027s] Invoking command in '/home/gustav/P5-Kuka-Dual-Arm/build/generate_parameter_library': AMENT_PREFIX_PATH=/home/gustav/P5-Kuka-Dual-Arm/install/parameter_traits:/home/gustav/P5-Kuka-Dual-Arm/install/generate_parameter_library_py:${AMENT_PREFIX_PATH} CMAKE_PREFIX_PATH=/home/gustav/P5-Kuka-Dual-Arm/install/parameter_traits:/opt/ros/humble LD_LIBRARY_PATH=/home/gustav/P5-Kuka-Dual-Arm/install/parameter_traits/lib:${LD_LIBRARY_PATH} PATH=/home/gustav/P5-Kuka-Dual-Arm/install/generate_parameter_library_py/bin:${PATH} PYTHONPATH=/home/gustav/P5-Kuka-Dual-Arm/install/generate_parameter_library_py/lib/python3.10/site-packages:${PYTHONPATH} /usr/bin/cmake /home/gustav/P5-Kuka-Dual-Arm/p5_ws/src/generate_parameter_library/generate_parameter_library -DCMAKE_INSTALL_PREFIX=/home/gustav/P5-Kuka-Dual-Arm/install/generate_parameter_library
[0.061s] -- Found ament_cmake: 1.3.10 (/opt/ros/humble/share/ament_cmake/cmake)
[0.248s] -- Found ament_lint_auto: 0.12.11 (/opt/ros/humble/share/ament_lint_auto/cmake)
[0.355s] -- Added test 'copyright' to check source files copyright and LICENSE
[0.356s] -- Added test 'lint_cmake' to check CMake code style
[0.357s] -- Added test 'xmllint' to check XML markup files
[0.359s] -- Configuring done
[0.363s] -- Generating done
[0.364s] -- Build files have been written to: /home/gustav/P5-Kuka-Dual-Arm/build/generate_parameter_library
[0.376s] Invoked command in '/home/gustav/P5-Kuka-Dual-Arm/build/generate_parameter_library' returned '0': AMENT_PREFIX_PATH=/home/gustav/P5-Kuka-Dual-Arm/install/parameter_traits:/home/gustav/P5-Kuka-Dual-Arm/install/generate_parameter_library_py:${AMENT_PREFIX_PATH} CMAKE_PREFIX_PATH=/home/gustav/P5-Kuka-Dual-Arm/install/parameter_traits:/opt/ros/humble LD_LIBRARY_PATH=/home/gustav/P5-Kuka-Dual-Arm/install/parameter_traits/lib:${LD_LIBRARY_PATH} PATH=/home/gustav/P5-Kuka-Dual-Arm/install/generate_parameter_library_py/bin:${PATH} PYTHONPATH=/home/gustav/P5-Kuka-Dual-Arm/install/generate_parameter_library_py/lib/python3.10/site-packages:${PYTHONPATH} /usr/bin/cmake /home/gustav/P5-Kuka-Dual-Arm/p5_ws/src/generate_parameter_library/generate_parameter_library -DCMAKE_INSTALL_PREFIX=/home/gustav/P5-Kuka-Dual-Arm/install/generate_parameter_library
[0.377s] Invoking command in '/home/gustav/P5-Kuka-Dual-Arm/build/generate_parameter_library': AMENT_PREFIX_PATH=/home/gustav/P5-Kuka-Dual-Arm/install/parameter_traits:/home/gustav/P5-Kuka-Dual-Arm/install/generate_parameter_library_py:${AMENT_PREFIX_PATH} CMAKE_PREFIX_PATH=/home/gustav/P5-Kuka-Dual-Arm/install/parameter_traits:/opt/ros/humble LD_LIBRARY_PATH=/home/gustav/P5-Kuka-Dual-Arm/install/parameter_traits/lib:${LD_LIBRARY_PATH} PATH=/home/gustav/P5-Kuka-Dual-Arm/install/generate_parameter_library_py/bin:${PATH} PYTHONPATH=/home/gustav/P5-Kuka-Dual-Arm/install/generate_parameter_library_py/lib/python3.10/site-packages:${PYTHONPATH} /usr/bin/cmake --build /home/gustav/P5-Kuka-Dual-Arm/build/generate_parameter_library -- -j8 -l8
[0.448s] Invoked command in '/home/gustav/P5-Kuka-Dual-Arm/build/generate_parameter_library' returned '0': AMENT_PREFIX_PATH=/home/gustav/P5-Kuka-Dual-Arm/install/parameter_traits:/home/gustav/P5-Kuka-Dual-Arm/install/generate_parameter_library_py:${AMENT_PREFIX_PATH} CMAKE_PREFIX_PATH=/home/gustav/P5-Kuka-Dual-Arm/install/parameter_traits:/opt/ros/humble LD_LIBRARY_PATH=/home/gustav/P5-Kuka-Dual-Arm/install/parameter_traits/lib:${LD_LIBRARY_PATH} PATH=/home/gustav/P5-Kuka-Dual-Arm/install/generate_parameter_library_py/bin:${PATH} PYTHONPATH=/home/gustav/P5-Kuka-Dual-Arm/install/generate_parameter_library_py/lib/python3.10/site-packages:${PYTHONPATH} /usr/bin/cmake --build /home/gustav/P5-Kuka-Dual-Arm/build/generate_parameter_library -- -j8 -l8
[0.475s] Invoking command in '/home/gustav/P5-Kuka-Dual-Arm/build/generate_parameter_library': AMENT_PREFIX_PATH=/home/gustav/P5-Kuka-Dual-Arm/install/parameter_traits:/home/gustav/P5-Kuka-Dual-Arm/install/generate_parameter_library_py:${AMENT_PREFIX_PATH} CMAKE_PREFIX_PATH=/home/gustav/P5-Kuka-Dual-Arm/install/parameter_traits:/opt/ros/humble LD_LIBRARY_PATH=/home/gustav/P5-Kuka-Dual-Arm/install/parameter_traits/lib:${LD_LIBRARY_PATH} PATH=/home/gustav/P5-Kuka-Dual-Arm/install/generate_parameter_library_py/bin:${PATH} PYTHONPATH=/home/gustav/P5-Kuka-Dual-Arm/install/generate_parameter_library_py/lib/python3.10/site-packages:${PYTHONPATH} /usr/bin/cmake --install /home/gustav/P5-Kuka-Dual-Arm/build/generate_parameter_library
[0.483s] -- Install configuration: "Release"
[0.483s] -- Up-to-date: /home/gustav/P5-Kuka-Dual-Arm/install/generate_parameter_library/share/generate_parameter_library/cmake
[0.483s] -- Up-to-date: /home/gustav/P5-Kuka-Dual-Arm/install/generate_parameter_library/share/generate_parameter_library/cmake/generate_parameter_library.cmake
[0.483s] -- Up-to-date: /home/gustav/P5-Kuka-Dual-Arm/install/generate_parameter_library/share/ament_index/resource_index/package_run_dependencies/generate_parameter_library
[0.484s] -- Installing: /home/gustav/P5-Kuka-Dual-Arm/install/generate_parameter_library/share/ament_index/resource_index/parent_prefix_path/generate_parameter_library
[0.484s] -- Up-to-date: /home/gustav/P5-Kuka-Dual-Arm/install/generate_parameter_library/share/generate_parameter_library/environment/ament_prefix_path.sh
[0.484s] -- Installing: /home/gustav/P5-Kuka-Dual-Arm/install/generate_parameter_library/share/generate_parameter_library/environment/ament_prefix_path.dsv
[0.484s] -- Up-to-date: /home/gustav/P5-Kuka-Dual-Arm/install/generate_parameter_library/share/generate_parameter_library/environment/path.sh
[0.485s] -- Installing: /home/gustav/P5-Kuka-Dual-Arm/install/generate_parameter_library/share/generate_parameter_library/environment/path.dsv
[0.485s] -- Up-to-date: /home/gustav/P5-Kuka-Dual-Arm/install/generate_parameter_library/share/generate_parameter_library/local_setup.bash
[0.485s] -- Up-to-date: /home/gustav/P5-Kuka-Dual-Arm/install/generate_parameter_library/share/generate_parameter_library/local_setup.sh
[0.485s] -- Up-to-date: /home/gustav/P5-Kuka-Dual-Arm/install/generate_parameter_library/share/generate_parameter_library/local_setup.zsh
[0.485s] -- Installing: /home/gustav/P5-Kuka-Dual-Arm/install/generate_parameter_library/share/generate_parameter_library/local_setup.dsv
[0.485s] -- Installing: /home/gustav/P5-Kuka-Dual-Arm/install/generate_parameter_library/share/generate_parameter_library/package.dsv
[0.485s] -- Up-to-date: /home/gustav/P5-Kuka-Dual-Arm/install/generate_parameter_library/share/ament_index/resource_index/packages/generate_parameter_library
[0.485s] -- Up-to-date: /home/gustav/P5-Kuka-Dual-Arm/install/generate_parameter_library/share/generate_parameter_library/cmake/generate_parameter_library-extras.cmake
[0.485s] -- Up-to-date: /home/gustav/P5-Kuka-Dual-Arm/install/generate_parameter_library/share/generate_parameter_library/cmake/generate_parameter_libraryConfig.cmake
[0.485s] -- Up-to-date: /home/gustav/P5-Kuka-Dual-Arm/install/generate_parameter_library/share/generate_parameter_library/cmake/generate_parameter_libraryConfig-version.cmake
[0.485s] -- Up-to-date: /home/gustav/P5-Kuka-Dual-Arm/install/generate_parameter_library/share/generate_parameter_library/package.xml
[0.508s] Invoked command in '/home/gustav/P5-Kuka-Dual-Arm/build/generate_parameter_library' returned '0': AMENT_PREFIX_PATH=/home/gustav/P5-Kuka-Dual-Arm/install/parameter_traits:/home/gustav/P5-Kuka-Dual-Arm/install/generate_parameter_library_py:${AMENT_PREFIX_PATH} CMAKE_PREFIX_PATH=/home/gustav/P5-Kuka-Dual-Arm/install/parameter_traits:/opt/ros/humble LD_LIBRARY_PATH=/home/gustav/P5-Kuka-Dual-Arm/install/parameter_traits/lib:${LD_LIBRARY_PATH} PATH=/home/gustav/P5-Kuka-Dual-Arm/install/generate_parameter_library_py/bin:${PATH} PYTHONPATH=/home/gustav/P5-Kuka-Dual-Arm/install/generate_parameter_library_py/lib/python3.10/site-packages:${PYTHONPATH} /usr/bin/cmake --install /home/gustav/P5-Kuka-Dual-Arm/build/generate_parameter_library
