[0.021s] Invoking command in '/home/gustav/P5-Kuka-Dual-Arm/build/generate_parameter_library_example': AMENT_PREFIX_PATH=/home/gustav/P5-Kuka-Dual-Arm/install/generate_parameter_library:/home/gustav/P5-Kuka-Dual-Arm/install/parameter_traits:/home/gustav/P5-Kuka-Dual-Arm/install/generate_parameter_library_py:${AMENT_PREFIX_PATH} CMAKE_PREFIX_PATH=/home/gustav/P5-Kuka-Dual-Arm/install/generate_parameter_library:/home/gustav/P5-Kuka-Dual-Arm/install/parameter_traits:/opt/ros/humble LD_LIBRARY_PATH=/home/gustav/P5-Kuka-Dual-Arm/install/parameter_traits/lib:${LD_LIBRARY_PATH} PATH=/home/gustav/P5-Kuka-Dual-Arm/install/generate_parameter_library_py/bin:${PATH} PYTHONPATH=/home/gustav/P5-Kuka-Dual-Arm/install/generate_parameter_library_py/lib/python3.10/site-packages:${PYTHONPATH} /usr/bin/cmake /home/gustav/P5-Kuka-Dual-Arm/p5_ws/src/generate_parameter_library/example -DCMAKE_INSTALL_PREFIX=/home/gustav/P5-Kuka-Dual-Arm/install/generate_parameter_library_example
[0.037s] -- Found ament_cmake: 1.3.10 (/opt/ros/humble/share/ament_cmake/cmake)
[0.226s] -- Found generate_parameter_library: 0.3.7 (/home/gustav/P5-Kuka-Dual-Arm/install/generate_parameter_library/share/generate_parameter_library/cmake)
[0.226s] -- Found parameter_traits: 0.3.7 (/home/gustav/P5-Kuka-Dual-Arm/install/parameter_traits/share/parameter_traits/cmake)
[0.260s] -- Found rosidl_generator_c: 3.1.5 (/opt/ros/humble/share/rosidl_generator_c/cmake)
[0.264s] -- Found rosidl_adapter: 3.1.5 (/opt/ros/humble/share/rosidl_adapter/cmake)
[0.271s] -- Found rosidl_generator_cpp: 3.1.5 (/opt/ros/humble/share/rosidl_generator_cpp/cmake)
[0.282s] -- Using all available rosidl_typesupport_c: rosidl_typesupport_fastrtps_c;rosidl_typesupport_introspection_c
[0.295s] -- Using all available rosidl_typesupport_cpp: rosidl_typesupport_fastrtps_cpp;rosidl_typesupport_introspection_cpp
[0.349s] -- Found rmw_implementation_cmake: 6.1.2 (/opt/ros/humble/share/rmw_implementation_cmake/cmake)
[0.349s] -- Found rmw_fastrtps_cpp: 6.2.7 (/opt/ros/humble/share/rmw_fastrtps_cpp/cmake)
[0.503s] -- Using RMW implementation 'rmw_fastrtps_cpp' as default
[0.595s] -- Found rclcpp_lifecycle: 16.0.10 (/opt/ros/humble/share/rclcpp_lifecycle/cmake)
[0.630s] -- Found rclcpp_components: 16.0.10 (/opt/ros/humble/share/rclcpp_components/cmake)
[0.662s] -- Found rclpy: 3.3.14 (/opt/ros/humble/share/rclpy/cmake)
[0.666s] -- Found ament_lint_auto: 0.12.11 (/opt/ros/humble/share/ament_lint_auto/cmake)
[0.779s] -- Found ament_cmake_gtest: 1.3.10 (/opt/ros/humble/share/ament_cmake_gtest/cmake)
[0.779s] -- Found gtest sources under '/opt/ros/humble/src/gtest_vendor': C++ tests using 'Google Test' will be built
[0.781s] -- Found gtest sources under '/opt/ros/humble/src/gtest_vendor': C++ tests using 'Google Test' will be built
[0.782s] -- Found ament_cmake_gmock: 1.3.10 (/opt/ros/humble/share/ament_cmake_gmock/cmake)
[0.783s] -- Found gmock sources under '/opt/ros/humble/src/gmock_vendor': C++ tests using 'Google Mock' will be built
[0.788s] -- Found gtest sources under '/opt/ros/humble/src/gtest_vendor': C++ tests using 'Google Test' will be built
[0.793s] -- Added test 'copyright' to check source files copyright and LICENSE
[0.795s] -- Added test 'cppcheck' to perform static code analysis on C / C++ code
[0.795s] -- Configured cppcheck include dirs: $<BUILD_INTERFACE:/home/gustav/P5-Kuka-Dual-Arm/p5_ws/src/generate_parameter_library/example/include>;/home/gustav/P5-Kuka-Dual-Arm/p5_ws/src/generate_parameter_library/example/include
[0.795s] -- Configured cppcheck exclude dirs and/or files: 
[0.796s] -- Added test 'lint_cmake' to check CMake code style
[0.796s] -- Added test 'xmllint' to check XML markup files
[0.799s] -- Configuring done
[0.875s] -- Generating done
[0.879s] -- Build files have been written to: /home/gustav/P5-Kuka-Dual-Arm/build/generate_parameter_library_example
[0.903s] Invoked command in '/home/gustav/P5-Kuka-Dual-Arm/build/generate_parameter_library_example' returned '0': AMENT_PREFIX_PATH=/home/gustav/P5-Kuka-Dual-Arm/install/generate_parameter_library:/home/gustav/P5-Kuka-Dual-Arm/install/parameter_traits:/home/gustav/P5-Kuka-Dual-Arm/install/generate_parameter_library_py:${AMENT_PREFIX_PATH} CMAKE_PREFIX_PATH=/home/gustav/P5-Kuka-Dual-Arm/install/generate_parameter_library:/home/gustav/P5-Kuka-Dual-Arm/install/parameter_traits:/opt/ros/humble LD_LIBRARY_PATH=/home/gustav/P5-Kuka-Dual-Arm/install/parameter_traits/lib:${LD_LIBRARY_PATH} PATH=/home/gustav/P5-Kuka-Dual-Arm/install/generate_parameter_library_py/bin:${PATH} PYTHONPATH=/home/gustav/P5-Kuka-Dual-Arm/install/generate_parameter_library_py/lib/python3.10/site-packages:${PYTHONPATH} /usr/bin/cmake /home/gustav/P5-Kuka-Dual-Arm/p5_ws/src/generate_parameter_library/example -DCMAKE_INSTALL_PREFIX=/home/gustav/P5-Kuka-Dual-Arm/install/generate_parameter_library_example
[0.904s] Invoking command in '/home/gustav/P5-Kuka-Dual-Arm/build/generate_parameter_library_example': AMENT_PREFIX_PATH=/home/gustav/P5-Kuka-Dual-Arm/install/generate_parameter_library:/home/gustav/P5-Kuka-Dual-Arm/install/parameter_traits:/home/gustav/P5-Kuka-Dual-Arm/install/generate_parameter_library_py:${AMENT_PREFIX_PATH} CMAKE_PREFIX_PATH=/home/gustav/P5-Kuka-Dual-Arm/install/generate_parameter_library:/home/gustav/P5-Kuka-Dual-Arm/install/parameter_traits:/opt/ros/humble LD_LIBRARY_PATH=/home/gustav/P5-Kuka-Dual-Arm/install/parameter_traits/lib:${LD_LIBRARY_PATH} PATH=/home/gustav/P5-Kuka-Dual-Arm/install/generate_parameter_library_py/bin:${PATH} PYTHONPATH=/home/gustav/P5-Kuka-Dual-Arm/install/generate_parameter_library_py/lib/python3.10/site-packages:${PYTHONPATH} /usr/bin/cmake --build /home/gustav/P5-Kuka-Dual-Arm/build/generate_parameter_library_example -- -j8 -l8
[0.977s] [35m[1mConsolidate compiler generated dependencies of target test_node[0m
[0.986s] [35m[1mConsolidate compiler generated dependencies of target gtest[0m
[0.989s] [ 11%] Built target admittance_controller_parameters
[0.992s] [35m[1mConsolidate compiler generated dependencies of target gmock[0m
[1.006s] [ 23%] Built target gtest
[1.017s] [ 35%] Built target test_node
[1.021s] [ 52%] Built target gmock
[1.021s] [35m[1mConsolidate compiler generated dependencies of target minimal_publisher[0m
[1.038s] [35m[1mConsolidate compiler generated dependencies of target test_example_gtest[0m
[1.043s] [35m[1mConsolidate compiler generated dependencies of target test_descriptor_gtest[0m
[1.048s] [35m[1mConsolidate compiler generated dependencies of target test_example_gmock[0m
[1.064s] [ 64%] Built target minimal_publisher
[1.073s] [ 76%] Built target test_descriptor_gtest
[1.075s] [ 88%] Built target test_example_gtest
[1.081s] [100%] Built target test_example_gmock
[1.116s] Invoked command in '/home/gustav/P5-Kuka-Dual-Arm/build/generate_parameter_library_example' returned '0': AMENT_PREFIX_PATH=/home/gustav/P5-Kuka-Dual-Arm/install/generate_parameter_library:/home/gustav/P5-Kuka-Dual-Arm/install/parameter_traits:/home/gustav/P5-Kuka-Dual-Arm/install/generate_parameter_library_py:${AMENT_PREFIX_PATH} CMAKE_PREFIX_PATH=/home/gustav/P5-Kuka-Dual-Arm/install/generate_parameter_library:/home/gustav/P5-Kuka-Dual-Arm/install/parameter_traits:/opt/ros/humble LD_LIBRARY_PATH=/home/gustav/P5-Kuka-Dual-Arm/install/parameter_traits/lib:${LD_LIBRARY_PATH} PATH=/home/gustav/P5-Kuka-Dual-Arm/install/generate_parameter_library_py/bin:${PATH} PYTHONPATH=/home/gustav/P5-Kuka-Dual-Arm/install/generate_parameter_library_py/lib/python3.10/site-packages:${PYTHONPATH} /usr/bin/cmake --build /home/gustav/P5-Kuka-Dual-Arm/build/generate_parameter_library_example -- -j8 -l8
[1.168s] Invoking command in '/home/gustav/P5-Kuka-Dual-Arm/build/generate_parameter_library_example': AMENT_PREFIX_PATH=/home/gustav/P5-Kuka-Dual-Arm/install/generate_parameter_library:/home/gustav/P5-Kuka-Dual-Arm/install/parameter_traits:/home/gustav/P5-Kuka-Dual-Arm/install/generate_parameter_library_py:${AMENT_PREFIX_PATH} CMAKE_PREFIX_PATH=/home/gustav/P5-Kuka-Dual-Arm/install/generate_parameter_library:/home/gustav/P5-Kuka-Dual-Arm/install/parameter_traits:/opt/ros/humble LD_LIBRARY_PATH=/home/gustav/P5-Kuka-Dual-Arm/install/parameter_traits/lib:${LD_LIBRARY_PATH} PATH=/home/gustav/P5-Kuka-Dual-Arm/install/generate_parameter_library_py/bin:${PATH} PYTHONPATH=/home/gustav/P5-Kuka-Dual-Arm/install/generate_parameter_library_py/lib/python3.10/site-packages:${PYTHONPATH} /usr/bin/cmake --install /home/gustav/P5-Kuka-Dual-Arm/build/generate_parameter_library_example
[1.178s] -- Install configuration: "Release"
[1.178s] -- Up-to-date: /home/gustav/P5-Kuka-Dual-Arm/install/generate_parameter_library_example/include/admittance_controller_parameters
[1.179s] -- Up-to-date: /home/gustav/P5-Kuka-Dual-Arm/install/generate_parameter_library_example/include/admittance_controller_parameters/example_validators.hpp
[1.179s] -- Up-to-date: /home/gustav/P5-Kuka-Dual-Arm/install/generate_parameter_library_example/include/admittance_controller_parameters/admittance_controller_parameters.hpp
[1.180s] -- Up-to-date: /home/gustav/P5-Kuka-Dual-Arm/install/generate_parameter_library_example/lib/generate_parameter_library_example/test_node
[1.181s] -- Up-to-date: /home/gustav/P5-Kuka-Dual-Arm/install/generate_parameter_library_example/include/generate_parameter_library_example
[1.181s] -- Up-to-date: /home/gustav/P5-Kuka-Dual-Arm/install/generate_parameter_library_example/include/generate_parameter_library_example/generate_parameter_library_example
[1.182s] -- Up-to-date: /home/gustav/P5-Kuka-Dual-Arm/install/generate_parameter_library_example/include/generate_parameter_library_example/generate_parameter_library_example/example_validators.hpp
[1.182s] -- Up-to-date: /home/gustav/P5-Kuka-Dual-Arm/install/generate_parameter_library_example/include/generate_parameter_library_example/generate_parameter_library_example/minimal_publisher.hpp
[1.183s] -- Up-to-date: /home/gustav/P5-Kuka-Dual-Arm/install/generate_parameter_library_example/lib/libminimal_publisher.so
[1.183s] -- Up-to-date: /home/gustav/P5-Kuka-Dual-Arm/install/generate_parameter_library_example/lib/generate_parameter_library_example/test_node
[1.183s] -- Up-to-date: /home/gustav/P5-Kuka-Dual-Arm/install/generate_parameter_library_example/share/generate_parameter_library_example/environment/library_path.sh
[1.183s] -- Installing: /home/gustav/P5-Kuka-Dual-Arm/install/generate_parameter_library_example/share/generate_parameter_library_example/environment/library_path.dsv
[1.184s] -- Up-to-date: /home/gustav/P5-Kuka-Dual-Arm/install/generate_parameter_library_example/share/ament_index/resource_index/package_run_dependencies/generate_parameter_library_example
[1.184s] -- Installing: /home/gustav/P5-Kuka-Dual-Arm/install/generate_parameter_library_example/share/ament_index/resource_index/parent_prefix_path/generate_parameter_library_example
[1.185s] -- Up-to-date: /home/gustav/P5-Kuka-Dual-Arm/install/generate_parameter_library_example/share/generate_parameter_library_example/environment/ament_prefix_path.sh
[1.185s] -- Installing: /home/gustav/P5-Kuka-Dual-Arm/install/generate_parameter_library_example/share/generate_parameter_library_example/environment/ament_prefix_path.dsv
[1.186s] -- Up-to-date: /home/gustav/P5-Kuka-Dual-Arm/install/generate_parameter_library_example/share/generate_parameter_library_example/environment/path.sh
[1.186s] -- Installing: /home/gustav/P5-Kuka-Dual-Arm/install/generate_parameter_library_example/share/generate_parameter_library_example/environment/path.dsv
[1.186s] -- Up-to-date: /home/gustav/P5-Kuka-Dual-Arm/install/generate_parameter_library_example/share/generate_parameter_library_example/local_setup.bash
[1.187s] -- Up-to-date: /home/gustav/P5-Kuka-Dual-Arm/install/generate_parameter_library_example/share/generate_parameter_library_example/local_setup.sh
[1.187s] -- Up-to-date: /home/gustav/P5-Kuka-Dual-Arm/install/generate_parameter_library_example/share/generate_parameter_library_example/local_setup.zsh
[1.187s] -- Installing: /home/gustav/P5-Kuka-Dual-Arm/install/generate_parameter_library_example/share/generate_parameter_library_example/local_setup.dsv
[1.188s] -- Installing: /home/gustav/P5-Kuka-Dual-Arm/install/generate_parameter_library_example/share/generate_parameter_library_example/package.dsv
[1.189s] -- Up-to-date: /home/gustav/P5-Kuka-Dual-Arm/install/generate_parameter_library_example/share/ament_index/resource_index/packages/generate_parameter_library_example
[1.189s] -- Up-to-date: /home/gustav/P5-Kuka-Dual-Arm/install/generate_parameter_library_example/share/ament_index/resource_index/rclcpp_components/generate_parameter_library_example
[1.189s] -- Up-to-date: /home/gustav/P5-Kuka-Dual-Arm/install/generate_parameter_library_example/share/generate_parameter_library_example/cmake/export_generate_parameter_library_exampleExport.cmake
[1.189s] -- Up-to-date: /home/gustav/P5-Kuka-Dual-Arm/install/generate_parameter_library_example/share/generate_parameter_library_example/cmake/export_generate_parameter_library_exampleExport-release.cmake
[1.189s] -- Up-to-date: /home/gustav/P5-Kuka-Dual-Arm/install/generate_parameter_library_example/share/generate_parameter_library_example/cmake/ament_cmake_export_targets-extras.cmake
[1.189s] -- Up-to-date: /home/gustav/P5-Kuka-Dual-Arm/install/generate_parameter_library_example/share/generate_parameter_library_example/cmake/ament_cmake_export_dependencies-extras.cmake
[1.189s] -- Up-to-date: /home/gustav/P5-Kuka-Dual-Arm/install/generate_parameter_library_example/share/generate_parameter_library_example/cmake/generate_parameter_library_exampleConfig.cmake
[1.189s] -- Up-to-date: /home/gustav/P5-Kuka-Dual-Arm/install/generate_parameter_library_example/share/generate_parameter_library_example/cmake/generate_parameter_library_exampleConfig-version.cmake
[1.190s] -- Up-to-date: /home/gustav/P5-Kuka-Dual-Arm/install/generate_parameter_library_example/share/generate_parameter_library_example/package.xml
[1.197s] Invoked command in '/home/gustav/P5-Kuka-Dual-Arm/build/generate_parameter_library_example' returned '0': AMENT_PREFIX_PATH=/home/gustav/P5-Kuka-Dual-Arm/install/generate_parameter_library:/home/gustav/P5-Kuka-Dual-Arm/install/parameter_traits:/home/gustav/P5-Kuka-Dual-Arm/install/generate_parameter_library_py:${AMENT_PREFIX_PATH} CMAKE_PREFIX_PATH=/home/gustav/P5-Kuka-Dual-Arm/install/generate_parameter_library:/home/gustav/P5-Kuka-Dual-Arm/install/parameter_traits:/opt/ros/humble LD_LIBRARY_PATH=/home/gustav/P5-Kuka-Dual-Arm/install/parameter_traits/lib:${LD_LIBRARY_PATH} PATH=/home/gustav/P5-Kuka-Dual-Arm/install/generate_parameter_library_py/bin:${PATH} PYTHONPATH=/home/gustav/P5-Kuka-Dual-Arm/install/generate_parameter_library_py/lib/python3.10/site-packages:${PYTHONPATH} /usr/bin/cmake --install /home/gustav/P5-Kuka-Dual-Arm/build/generate_parameter_library_example
