[1.070s] Invoking command in '/home/gustav/P5-Kuka-Dual-Arm/p5_ws/src/robot_controller': AMENT_PREFIX_PATH=/home/gustav/P5-Kuka-Dual-Arm/install/lbr_fri_idl:${AMENT_PREFIX_PATH} CMAKE_PREFIX_PATH=/home/gustav/P5-Kuka-Dual-Arm/install/lbr_fri_idl:/home/gustav/P5-Kuka-Dual-Arm/install/fri_client_sdk:${CMAKE_PREFIX_PATH} LD_LIBRARY_PATH=/home/gustav/P5-Kuka-Dual-Arm/install/lbr_fri_idl/lib:/home/gustav/P5-Kuka-Dual-Arm/install/fri_client_sdk/lib:${LD_LIBRARY_PATH} PKG_CONFIG_PATH=/home/gustav/P5-Kuka-Dual-Arm/install/fri_client_sdk/lib/x86_64-linux-gnu/pkgconfig:/home/gustav/P5-Kuka-Dual-Arm/install/fri_client_sdk/lib/pkgconfig:${PKG_CONFIG_PATH} PYTHONPATH=/home/gustav/P5-Kuka-Dual-Arm/build/robot_controller/prefix_override:/usr/lib/python3/dist-packages/colcon_core/task/python/colcon_distutils_commands:/home/gustav/P5-Kuka-Dual-Arm/install/robot_controller/lib/python3.10/site-packages:/home/gustav/P5-Kuka-Dual-Arm/install/lbr_fri_idl/local/lib/python3.10/dist-packages:${PYTHONPATH} /usr/bin/python3 -W ignore:setup.py install is deprecated setup.py egg_info --egg-base ../../../build/robot_controller build --build-base /home/gustav/P5-Kuka-Dual-Arm/build/robot_controller/build install --record /home/gustav/P5-Kuka-Dual-Arm/build/robot_controller/install.log --single-version-externally-managed install_data
[1.365s] running egg_info
[1.365s] creating ../../../build/robot_controller/robot_controller.egg-info
[1.365s] writing ../../../build/robot_controller/robot_controller.egg-info/PKG-INFO
[1.366s] writing dependency_links to ../../../build/robot_controller/robot_controller.egg-info/dependency_links.txt
[1.366s] writing entry points to ../../../build/robot_controller/robot_controller.egg-info/entry_points.txt
[1.366s] writing requirements to ../../../build/robot_controller/robot_controller.egg-info/requires.txt
[1.366s] writing top-level names to ../../../build/robot_controller/robot_controller.egg-info/top_level.txt
[1.367s] writing manifest file '../../../build/robot_controller/robot_controller.egg-info/SOURCES.txt'
[1.368s] reading manifest file '../../../build/robot_controller/robot_controller.egg-info/SOURCES.txt'
[1.368s] adding license file 'LICENSE'
[1.369s] writing manifest file '../../../build/robot_controller/robot_controller.egg-info/SOURCES.txt'
[1.369s] running build
[1.369s] running build_py
[1.369s] creating /home/gustav/P5-Kuka-Dual-Arm/build/robot_controller/build
[1.370s] creating /home/gustav/P5-Kuka-Dual-Arm/build/robot_controller/build/lib
[1.370s] creating /home/gustav/P5-Kuka-Dual-Arm/build/robot_controller/build/lib/robot_controller
[1.370s] copying robot_controller/__init__.py -> /home/gustav/P5-Kuka-Dual-Arm/build/robot_controller/build/lib/robot_controller
[1.370s] copying robot_controller/move_world.py -> /home/gustav/P5-Kuka-Dual-Arm/build/robot_controller/build/lib/robot_controller
[1.370s] running install
[1.371s] running install_lib
[1.371s] creating /home/gustav/P5-Kuka-Dual-Arm/install/robot_controller/lib/python3.10/site-packages/robot_controller
[1.371s] copying /home/gustav/P5-Kuka-Dual-Arm/build/robot_controller/build/lib/robot_controller/__init__.py -> /home/gustav/P5-Kuka-Dual-Arm/install/robot_controller/lib/python3.10/site-packages/robot_controller
[1.372s] copying /home/gustav/P5-Kuka-Dual-Arm/build/robot_controller/build/lib/robot_controller/move_world.py -> /home/gustav/P5-Kuka-Dual-Arm/install/robot_controller/lib/python3.10/site-packages/robot_controller
[1.372s] byte-compiling /home/gustav/P5-Kuka-Dual-Arm/install/robot_controller/lib/python3.10/site-packages/robot_controller/__init__.py to __init__.cpython-310.pyc
[1.372s] byte-compiling /home/gustav/P5-Kuka-Dual-Arm/install/robot_controller/lib/python3.10/site-packages/robot_controller/move_world.py to move_world.cpython-310.pyc
[1.373s] running install_data
[1.373s] creating /home/gustav/P5-Kuka-Dual-Arm/install/robot_controller/share/ament_index
[1.374s] creating /home/gustav/P5-Kuka-Dual-Arm/install/robot_controller/share/ament_index/resource_index
[1.374s] creating /home/gustav/P5-Kuka-Dual-Arm/install/robot_controller/share/ament_index/resource_index/packages
[1.374s] copying resource/robot_controller -> /home/gustav/P5-Kuka-Dual-Arm/install/robot_controller/share/ament_index/resource_index/packages
[1.374s] copying package.xml -> /home/gustav/P5-Kuka-Dual-Arm/install/robot_controller/share/robot_controller
[1.374s] running install_egg_info
[1.376s] Copying ../../../build/robot_controller/robot_controller.egg-info to /home/gustav/P5-Kuka-Dual-Arm/install/robot_controller/lib/python3.10/site-packages/robot_controller-0.0.0-py3.10.egg-info
[1.377s] running install_scripts
[1.402s] Installing move_world script to /home/gustav/P5-Kuka-Dual-Arm/install/robot_controller/lib/robot_controller
[1.402s] writing list of installed files to '/home/gustav/P5-Kuka-Dual-Arm/build/robot_controller/install.log'
[1.457s] Invoked command in '/home/gustav/P5-Kuka-Dual-Arm/p5_ws/src/robot_controller' returned '0': AMENT_PREFIX_PATH=/home/gustav/P5-Kuka-Dual-Arm/install/lbr_fri_idl:${AMENT_PREFIX_PATH} CMAKE_PREFIX_PATH=/home/gustav/P5-Kuka-Dual-Arm/install/lbr_fri_idl:/home/gustav/P5-Kuka-Dual-Arm/install/fri_client_sdk:${CMAKE_PREFIX_PATH} LD_LIBRARY_PATH=/home/gustav/P5-Kuka-Dual-Arm/install/lbr_fri_idl/lib:/home/gustav/P5-Kuka-Dual-Arm/install/fri_client_sdk/lib:${LD_LIBRARY_PATH} PKG_CONFIG_PATH=/home/gustav/P5-Kuka-Dual-Arm/install/fri_client_sdk/lib/x86_64-linux-gnu/pkgconfig:/home/gustav/P5-Kuka-Dual-Arm/install/fri_client_sdk/lib/pkgconfig:${PKG_CONFIG_PATH} PYTHONPATH=/home/gustav/P5-Kuka-Dual-Arm/build/robot_controller/prefix_override:/usr/lib/python3/dist-packages/colcon_core/task/python/colcon_distutils_commands:/home/gustav/P5-Kuka-Dual-Arm/install/robot_controller/lib/python3.10/site-packages:/home/gustav/P5-Kuka-Dual-Arm/install/lbr_fri_idl/local/lib/python3.10/dist-packages:${PYTHONPATH} /usr/bin/python3 -W ignore:setup.py install is deprecated setup.py egg_info --egg-base ../../../build/robot_controller build --build-base /home/gustav/P5-Kuka-Dual-Arm/build/robot_controller/build install --record /home/gustav/P5-Kuka-Dual-Arm/build/robot_controller/install.log --single-version-externally-managed install_data
