[0.346s] Invoking command in '/home/gustav/P5-Kuka-Dual-Arm/build/lbr_description': CMAKE_PREFIX_PATH=${CMAKE_PREFIX_PATH}:/home/gustav/ws_moveit2/install/moveit_configs_utils:/home/gustav/ws_moveit2/install/launch_param_builder:/home/gustav/lbr_stack/install/lbr_demos_py:/home/gustav/lbr_stack/install/lbr_demos_advanced_py:/opt/ros/humble /usr/bin/cmake --build /home/gustav/P5-Kuka-Dual-Arm/build/lbr_description -- -j8 -l8
[0.529s] Invoked command in '/home/gustav/P5-Kuka-Dual-Arm/build/lbr_description' returned '0': CMAKE_PREFIX_PATH=${CMAKE_PREFIX_PATH}:/home/gustav/ws_moveit2/install/moveit_configs_utils:/home/gustav/ws_moveit2/install/launch_param_builder:/home/gustav/lbr_stack/install/lbr_demos_py:/home/gustav/lbr_stack/install/lbr_demos_advanced_py:/opt/ros/humble /usr/bin/cmake --build /home/gustav/P5-Kuka-Dual-Arm/build/lbr_description -- -j8 -l8
[0.666s] Invoking command in '/home/gustav/P5-Kuka-Dual-Arm/build/lbr_description': CMAKE_PREFIX_PATH=${CMAKE_PREFIX_PATH}:/home/gustav/ws_moveit2/install/moveit_configs_utils:/home/gustav/ws_moveit2/install/launch_param_builder:/home/gustav/lbr_stack/install/lbr_demos_py:/home/gustav/lbr_stack/install/lbr_demos_advanced_py:/opt/ros/humble /usr/bin/cmake --install /home/gustav/P5-Kuka-Dual-Arm/build/lbr_description
[0.699s] -- Install configuration: "Release"
[0.699s] -- Up-to-date: /home/gustav/P5-Kuka-Dual-Arm/install/lbr_description/share/lbr_description/config
[0.699s] -- Up-to-date: /home/gustav/P5-Kuka-Dual-Arm/install/lbr_description/share/lbr_description/config/config.rviz
[0.699s] -- Up-to-date: /home/gustav/P5-Kuka-Dual-Arm/install/lbr_description/share/lbr_description/gazebo
[0.699s] -- Up-to-date: /home/gustav/P5-Kuka-Dual-Arm/install/lbr_description/share/lbr_description/gazebo/lbr_gazebo.xacro
[0.700s] -- Up-to-date: /home/gustav/P5-Kuka-Dual-Arm/install/lbr_description/share/lbr_description/meshes
[0.700s] -- Up-to-date: /home/gustav/P5-Kuka-Dual-Arm/install/lbr_description/share/lbr_description/meshes/med14
[0.700s] -- Up-to-date: /home/gustav/P5-Kuka-Dual-Arm/install/lbr_description/share/lbr_description/meshes/med14/visual
[0.700s] -- Up-to-date: /home/gustav/P5-Kuka-Dual-Arm/install/lbr_description/share/lbr_description/meshes/med14/visual/link_3.dae
[0.700s] -- Up-to-date: /home/gustav/P5-Kuka-Dual-Arm/install/lbr_description/share/lbr_description/meshes/med14/visual/link_5.dae
[0.700s] -- Up-to-date: /home/gustav/P5-Kuka-Dual-Arm/install/lbr_description/share/lbr_description/meshes/med14/visual/link_1.dae
[0.703s] -- Up-to-date: /home/gustav/P5-Kuka-Dual-Arm/install/lbr_description/share/lbr_description/meshes/med14/visual/link_0.dae
[0.704s] -- Up-to-date: /home/gustav/P5-Kuka-Dual-Arm/install/lbr_description/share/lbr_description/meshes/med14/visual/link_6.dae
[0.705s] -- Up-to-date: /home/gustav/P5-Kuka-Dual-Arm/install/lbr_description/share/lbr_description/meshes/med14/visual/link_2.dae
[0.705s] -- Up-to-date: /home/gustav/P5-Kuka-Dual-Arm/install/lbr_description/share/lbr_description/meshes/med14/visual/link_7.dae
[0.707s] -- Up-to-date: /home/gustav/P5-Kuka-Dual-Arm/install/lbr_description/share/lbr_description/meshes/med14/visual/link_4.dae
[0.708s] -- Up-to-date: /home/gustav/P5-Kuka-Dual-Arm/install/lbr_description/share/lbr_description/meshes/med14/collision
[0.709s] -- Up-to-date: /home/gustav/P5-Kuka-Dual-Arm/install/lbr_description/share/lbr_description/meshes/med14/collision/link_3.stl
[0.711s] -- Up-to-date: /home/gustav/P5-Kuka-Dual-Arm/install/lbr_description/share/lbr_description/meshes/med14/collision/link_0.stl
[0.712s] -- Up-to-date: /home/gustav/P5-Kuka-Dual-Arm/install/lbr_description/share/lbr_description/meshes/med14/collision/link_1.stl
[0.716s] -- Up-to-date: /home/gustav/P5-Kuka-Dual-Arm/install/lbr_description/share/lbr_description/meshes/med14/collision/link_6.stl
[0.718s] -- Up-to-date: /home/gustav/P5-Kuka-Dual-Arm/install/lbr_description/share/lbr_description/meshes/med14/collision/link_5.stl
[0.718s] -- Up-to-date: /home/gustav/P5-Kuka-Dual-Arm/install/lbr_description/share/lbr_description/meshes/med14/collision/link_7.stl
[0.718s] -- Up-to-date: /home/gustav/P5-Kuka-Dual-Arm/install/lbr_description/share/lbr_description/meshes/med14/collision/link_2.stl
[0.720s] -- Up-to-date: /home/gustav/P5-Kuka-Dual-Arm/install/lbr_description/share/lbr_description/meshes/med14/collision/link_4.stl
[0.720s] -- Up-to-date: /home/gustav/P5-Kuka-Dual-Arm/install/lbr_description/share/lbr_description/meshes/iiwa7
[0.727s] -- Up-to-date: /home/gustav/P5-Kuka-Dual-Arm/install/lbr_description/share/lbr_description/meshes/iiwa7/visual
[0.727s] -- Up-to-date: /home/gustav/P5-Kuka-Dual-Arm/install/lbr_description/share/lbr_description/meshes/iiwa7/visual/link_3.dae
[0.728s] -- Up-to-date: /home/gustav/P5-Kuka-Dual-Arm/install/lbr_description/share/lbr_description/meshes/iiwa7/visual/link_5.dae
[0.728s] -- Up-to-date: /home/gustav/P5-Kuka-Dual-Arm/install/lbr_description/share/lbr_description/meshes/iiwa7/visual/link_1.dae
[0.728s] -- Up-to-date: /home/gustav/P5-Kuka-Dual-Arm/install/lbr_description/share/lbr_description/meshes/iiwa7/visual/link_0.dae
[0.728s] -- Up-to-date: /home/gustav/P5-Kuka-Dual-Arm/install/lbr_description/share/lbr_description/meshes/iiwa7/visual/link_6.dae
[0.728s] -- Up-to-date: /home/gustav/P5-Kuka-Dual-Arm/install/lbr_description/share/lbr_description/meshes/iiwa7/visual/link_2.dae
[0.728s] -- Up-to-date: /home/gustav/P5-Kuka-Dual-Arm/install/lbr_description/share/lbr_description/meshes/iiwa7/visual/link_7.dae
[0.728s] -- Up-to-date: /home/gustav/P5-Kuka-Dual-Arm/install/lbr_description/share/lbr_description/meshes/iiwa7/visual/link_4.dae
[0.728s] -- Up-to-date: /home/gustav/P5-Kuka-Dual-Arm/install/lbr_description/share/lbr_description/meshes/iiwa7/collision
[0.728s] -- Up-to-date: /home/gustav/P5-Kuka-Dual-Arm/install/lbr_description/share/lbr_description/meshes/iiwa7/collision/link_3.stl
[0.728s] -- Up-to-date: /home/gustav/P5-Kuka-Dual-Arm/install/lbr_description/share/lbr_description/meshes/iiwa7/collision/link_0.stl
[0.729s] -- Up-to-date: /home/gustav/P5-Kuka-Dual-Arm/install/lbr_description/share/lbr_description/meshes/iiwa7/collision/link_1.stl
[0.729s] -- Up-to-date: /home/gustav/P5-Kuka-Dual-Arm/install/lbr_description/share/lbr_description/meshes/iiwa7/collision/link_6.stl
[0.729s] -- Up-to-date: /home/gustav/P5-Kuka-Dual-Arm/install/lbr_description/share/lbr_description/meshes/iiwa7/collision/link_5.stl
[0.729s] -- Up-to-date: /home/gustav/P5-Kuka-Dual-Arm/install/lbr_description/share/lbr_description/meshes/iiwa7/collision/link_7.stl
[0.729s] -- Up-to-date: /home/gustav/P5-Kuka-Dual-Arm/install/lbr_description/share/lbr_description/meshes/iiwa7/collision/link_2.stl
[0.729s] -- Up-to-date: /home/gustav/P5-Kuka-Dual-Arm/install/lbr_description/share/lbr_description/meshes/iiwa7/collision/link_4.stl
[0.729s] -- Up-to-date: /home/gustav/P5-Kuka-Dual-Arm/install/lbr_description/share/lbr_description/meshes/iiwa14
[0.729s] -- Up-to-date: /home/gustav/P5-Kuka-Dual-Arm/install/lbr_description/share/lbr_description/meshes/iiwa14/visual
[0.729s] -- Up-to-date: /home/gustav/P5-Kuka-Dual-Arm/install/lbr_description/share/lbr_description/meshes/iiwa14/visual/link_3.dae
[0.730s] -- Up-to-date: /home/gustav/P5-Kuka-Dual-Arm/install/lbr_description/share/lbr_description/meshes/iiwa14/visual/link_5.dae
[0.730s] -- Up-to-date: /home/gustav/P5-Kuka-Dual-Arm/install/lbr_description/share/lbr_description/meshes/iiwa14/visual/link_1.dae
[0.730s] -- Up-to-date: /home/gustav/P5-Kuka-Dual-Arm/install/lbr_description/share/lbr_description/meshes/iiwa14/visual/link_0.dae
[0.730s] -- Up-to-date: /home/gustav/P5-Kuka-Dual-Arm/install/lbr_description/share/lbr_description/meshes/iiwa14/visual/link_6.dae
[0.730s] -- Up-to-date: /home/gustav/P5-Kuka-Dual-Arm/install/lbr_description/share/lbr_description/meshes/iiwa14/visual/link_2.dae
[0.730s] -- Up-to-date: /home/gustav/P5-Kuka-Dual-Arm/install/lbr_description/share/lbr_description/meshes/iiwa14/visual/link_7.dae
[0.735s] -- Up-to-date: /home/gustav/P5-Kuka-Dual-Arm/install/lbr_description/share/lbr_description/meshes/iiwa14/visual/link_4.dae
[0.735s] -- Up-to-date: /home/gustav/P5-Kuka-Dual-Arm/install/lbr_description/share/lbr_description/meshes/iiwa14/collision
[0.735s] -- Up-to-date: /home/gustav/P5-Kuka-Dual-Arm/install/lbr_description/share/lbr_description/meshes/iiwa14/collision/link_3.stl
[0.736s] -- Up-to-date: /home/gustav/P5-Kuka-Dual-Arm/install/lbr_description/share/lbr_description/meshes/iiwa14/collision/link_0.stl
[0.736s] -- Up-to-date: /home/gustav/P5-Kuka-Dual-Arm/install/lbr_description/share/lbr_description/meshes/iiwa14/collision/link_1.stl
[0.736s] -- Up-to-date: /home/gustav/P5-Kuka-Dual-Arm/install/lbr_description/share/lbr_description/meshes/iiwa14/collision/link_6.stl
[0.736s] -- Up-to-date: /home/gustav/P5-Kuka-Dual-Arm/install/lbr_description/share/lbr_description/meshes/iiwa14/collision/link_5.stl
[0.736s] -- Up-to-date: /home/gustav/P5-Kuka-Dual-Arm/install/lbr_description/share/lbr_description/meshes/iiwa14/collision/link_7.stl
[0.736s] -- Up-to-date: /home/gustav/P5-Kuka-Dual-Arm/install/lbr_description/share/lbr_description/meshes/iiwa14/collision/link_2.stl
[0.736s] -- Up-to-date: /home/gustav/P5-Kuka-Dual-Arm/install/lbr_description/share/lbr_description/meshes/iiwa14/collision/link_4.stl
[0.736s] -- Up-to-date: /home/gustav/P5-Kuka-Dual-Arm/install/lbr_description/share/lbr_description/meshes/med7
[0.736s] -- Up-to-date: /home/gustav/P5-Kuka-Dual-Arm/install/lbr_description/share/lbr_description/meshes/med7/visual
[0.737s] -- Up-to-date: /home/gustav/P5-Kuka-Dual-Arm/install/lbr_description/share/lbr_description/meshes/med7/visual/link_3.dae
[0.737s] -- Up-to-date: /home/gustav/P5-Kuka-Dual-Arm/install/lbr_description/share/lbr_description/meshes/med7/visual/link_5.dae
[0.737s] -- Up-to-date: /home/gustav/P5-Kuka-Dual-Arm/install/lbr_description/share/lbr_description/meshes/med7/visual/link_1.dae
[0.737s] -- Up-to-date: /home/gustav/P5-Kuka-Dual-Arm/install/lbr_description/share/lbr_description/meshes/med7/visual/link_0.dae
[0.737s] -- Up-to-date: /home/gustav/P5-Kuka-Dual-Arm/install/lbr_description/share/lbr_description/meshes/med7/visual/link_6.dae
[0.737s] -- Up-to-date: /home/gustav/P5-Kuka-Dual-Arm/install/lbr_description/share/lbr_description/meshes/med7/visual/link_2.dae
[0.741s] -- Up-to-date: /home/gustav/P5-Kuka-Dual-Arm/install/lbr_description/share/lbr_description/meshes/med7/visual/link_7.dae
[0.741s] -- Up-to-date: /home/gustav/P5-Kuka-Dual-Arm/install/lbr_description/share/lbr_description/meshes/med7/visual/link_4.dae
[0.742s] -- Up-to-date: /home/gustav/P5-Kuka-Dual-Arm/install/lbr_description/share/lbr_description/meshes/med7/collision
[0.742s] -- Up-to-date: /home/gustav/P5-Kuka-Dual-Arm/install/lbr_description/share/lbr_description/meshes/med7/collision/link_3.stl
[0.742s] -- Up-to-date: /home/gustav/P5-Kuka-Dual-Arm/install/lbr_description/share/lbr_description/meshes/med7/collision/link_0.stl
[0.742s] -- Up-to-date: /home/gustav/P5-Kuka-Dual-Arm/install/lbr_description/share/lbr_description/meshes/med7/collision/link_1.stl
[0.742s] -- Up-to-date: /home/gustav/P5-Kuka-Dual-Arm/install/lbr_description/share/lbr_description/meshes/med7/collision/link_6.stl
[0.742s] -- Up-to-date: /home/gustav/P5-Kuka-Dual-Arm/install/lbr_description/share/lbr_description/meshes/med7/collision/link_5.stl
[0.742s] -- Up-to-date: /home/gustav/P5-Kuka-Dual-Arm/install/lbr_description/share/lbr_description/meshes/med7/collision/link_7.stl
[0.742s] -- Up-to-date: /home/gustav/P5-Kuka-Dual-Arm/install/lbr_description/share/lbr_description/meshes/med7/collision/link_2.stl
[0.742s] -- Up-to-date: /home/gustav/P5-Kuka-Dual-Arm/install/lbr_description/share/lbr_description/meshes/med7/collision/link_4.stl
[0.743s] -- Up-to-date: /home/gustav/P5-Kuka-Dual-Arm/install/lbr_description/share/lbr_description/urdf
[0.743s] -- Up-to-date: /home/gustav/P5-Kuka-Dual-Arm/install/lbr_description/share/lbr_description/urdf/med14
[0.743s] -- Up-to-date: /home/gustav/P5-Kuka-Dual-Arm/install/lbr_description/share/lbr_description/urdf/med14/med14_description.xacro
[0.743s] -- Up-to-date: /home/gustav/P5-Kuka-Dual-Arm/install/lbr_description/share/lbr_description/urdf/med14/med14.xacro
[0.743s] -- Up-to-date: /home/gustav/P5-Kuka-Dual-Arm/install/lbr_description/share/lbr_description/urdf/med14/joint_limits.yaml
[0.743s] -- Up-to-date: /home/gustav/P5-Kuka-Dual-Arm/install/lbr_description/share/lbr_description/urdf/iiwa7
[0.747s] -- Up-to-date: /home/gustav/P5-Kuka-Dual-Arm/install/lbr_description/share/lbr_description/urdf/iiwa7/joint_limits.yaml
[0.748s] -- Up-to-date: /home/gustav/P5-Kuka-Dual-Arm/install/lbr_description/share/lbr_description/urdf/iiwa7/iiwa7.xacro
[0.748s] -- Up-to-date: /home/gustav/P5-Kuka-Dual-Arm/install/lbr_description/share/lbr_description/urdf/iiwa7/iiwa7_description.xacro
[0.748s] -- Up-to-date: /home/gustav/P5-Kuka-Dual-Arm/install/lbr_description/share/lbr_description/urdf/iiwa14
[0.748s] -- Up-to-date: /home/gustav/P5-Kuka-Dual-Arm/install/lbr_description/share/lbr_description/urdf/iiwa14/joint_limits.yaml
[0.748s] -- Up-to-date: /home/gustav/P5-Kuka-Dual-Arm/install/lbr_description/share/lbr_description/urdf/iiwa14/iiwa14_description.xacro
[0.748s] -- Up-to-date: /home/gustav/P5-Kuka-Dual-Arm/install/lbr_description/share/lbr_description/urdf/iiwa14/iiwa14.xacro
[0.748s] -- Up-to-date: /home/gustav/P5-Kuka-Dual-Arm/install/lbr_description/share/lbr_description/urdf/med7
[0.748s] -- Up-to-date: /home/gustav/P5-Kuka-Dual-Arm/install/lbr_description/share/lbr_description/urdf/med7/med7.xacro
[0.748s] -- Up-to-date: /home/gustav/P5-Kuka-Dual-Arm/install/lbr_description/share/lbr_description/urdf/med7/joint_limits.yaml
[0.749s] -- Up-to-date: /home/gustav/P5-Kuka-Dual-Arm/install/lbr_description/share/lbr_description/urdf/med7/med7_description.xacro
[0.749s] -- Up-to-date: /home/gustav/P5-Kuka-Dual-Arm/install/lbr_description/share/lbr_description/environment/lbr_description.dsv
[0.749s] -- Up-to-date: /home/gustav/P5-Kuka-Dual-Arm/install/lbr_description/share/ament_index/resource_index/package_run_dependencies/lbr_description
[0.749s] -- Up-to-date: /home/gustav/P5-Kuka-Dual-Arm/install/lbr_description/share/ament_index/resource_index/parent_prefix_path/lbr_description
[0.749s] -- Up-to-date: /home/gustav/P5-Kuka-Dual-Arm/install/lbr_description/share/lbr_description/environment/ament_prefix_path.sh
[0.749s] -- Up-to-date: /home/gustav/P5-Kuka-Dual-Arm/install/lbr_description/share/lbr_description/environment/ament_prefix_path.dsv
[0.749s] -- Up-to-date: /home/gustav/P5-Kuka-Dual-Arm/install/lbr_description/share/lbr_description/environment/path.sh
[0.749s] -- Up-to-date: /home/gustav/P5-Kuka-Dual-Arm/install/lbr_description/share/lbr_description/environment/path.dsv
[0.749s] -- Up-to-date: /home/gustav/P5-Kuka-Dual-Arm/install/lbr_description/share/lbr_description/local_setup.bash
[0.750s] -- Up-to-date: /home/gustav/P5-Kuka-Dual-Arm/install/lbr_description/share/lbr_description/local_setup.sh
[0.750s] -- Up-to-date: /home/gustav/P5-Kuka-Dual-Arm/install/lbr_description/share/lbr_description/local_setup.zsh
[0.750s] -- Up-to-date: /home/gustav/P5-Kuka-Dual-Arm/install/lbr_description/share/lbr_description/local_setup.dsv
[0.750s] -- Installing: /home/gustav/P5-Kuka-Dual-Arm/install/lbr_description/share/lbr_description/package.dsv
[0.750s] -- Up-to-date: /home/gustav/P5-Kuka-Dual-Arm/install/lbr_description/share/ament_index/resource_index/packages/lbr_description
[0.750s] -- Up-to-date: /home/gustav/P5-Kuka-Dual-Arm/install/lbr_description/share/lbr_description/cmake/lbr_descriptionConfig.cmake
[0.750s] -- Up-to-date: /home/gustav/P5-Kuka-Dual-Arm/install/lbr_description/share/lbr_description/cmake/lbr_descriptionConfig-version.cmake
[0.758s] -- Up-to-date: /home/gustav/P5-Kuka-Dual-Arm/install/lbr_description/share/lbr_description/package.xml
[0.760s] Invoked command in '/home/gustav/P5-Kuka-Dual-Arm/build/lbr_description' returned '0': CMAKE_PREFIX_PATH=${CMAKE_PREFIX_PATH}:/home/gustav/ws_moveit2/install/moveit_configs_utils:/home/gustav/ws_moveit2/install/launch_param_builder:/home/gustav/lbr_stack/install/lbr_demos_py:/home/gustav/lbr_stack/install/lbr_demos_advanced_py:/opt/ros/humble /usr/bin/cmake --install /home/gustav/P5-Kuka-Dual-Arm/build/lbr_description
