[0.856s] Invoking command in '/home/gustav/P5-Kuka-Dual-Arm/p5_ws/src/robot_controller': AMENT_PREFIX_PATH=/home/gustav/P5-Kuka-Dual-Arm/install/lbr_fri_idl:${AMENT_PREFIX_PATH} CMAKE_PREFIX_PATH=/home/gustav/P5-Kuka-Dual-Arm/install/lbr_fri_idl:/home/gustav/P5-Kuka-Dual-Arm/install/fri_client_sdk LD_LIBRARY_PATH=/home/gustav/P5-Kuka-Dual-Arm/install/lbr_fri_idl/lib:/home/gustav/P5-Kuka-Dual-Arm/install/fri_client_sdk/lib:${LD_LIBRARY_PATH} PKG_CONFIG_PATH=/home/gustav/P5-Kuka-Dual-Arm/install/fri_client_sdk/lib/x86_64-linux-gnu/pkgconfig:/home/gustav/P5-Kuka-Dual-Arm/install/fri_client_sdk/lib/pkgconfig PYTHONPATH=/home/gustav/P5-Kuka-Dual-Arm/build/robot_controller/prefix_override:/usr/lib/python3/dist-packages/colcon_core/task/python/colcon_distutils_commands:/home/gustav/P5-Kuka-Dual-Arm/install/robot_controller/lib/python3.10/site-packages:/home/gustav/P5-Kuka-Dual-Arm/install/lbr_fri_idl/local/lib/python3.10/dist-packages:${PYTHONPATH} /usr/bin/python3 -W ignore:setup.py install is deprecated setup.py egg_info --egg-base ../../../build/robot_controller build --build-base /home/gustav/P5-Kuka-Dual-Arm/build/robot_controller/build install --record /home/gustav/P5-Kuka-Dual-Arm/build/robot_controller/install.log --single-version-externally-managed install_data
[1.167s] running egg_info
[1.168s] writing ../../../build/robot_controller/robot_controller.egg-info/PKG-INFO
[1.168s] writing dependency_links to ../../../build/robot_controller/robot_controller.egg-info/dependency_links.txt
[1.168s] writing entry points to ../../../build/robot_controller/robot_controller.egg-info/entry_points.txt
[1.168s] writing requirements to ../../../build/robot_controller/robot_controller.egg-info/requires.txt
[1.168s] writing top-level names to ../../../build/robot_controller/robot_controller.egg-info/top_level.txt
[1.170s] reading manifest file '../../../build/robot_controller/robot_controller.egg-info/SOURCES.txt'
[1.171s] adding license file 'LICENSE'
[1.171s] writing manifest file '../../../build/robot_controller/robot_controller.egg-info/SOURCES.txt'
[1.172s] running build
[1.172s] running build_py
[1.172s] running install
[1.172s] running install_lib
[1.174s] running install_data
[1.174s] running install_egg_info
[1.176s] removing '/home/gustav/P5-Kuka-Dual-Arm/install/robot_controller/lib/python3.10/site-packages/robot_controller-0.0.0-py3.10.egg-info' (and everything under it)
[1.176s] Copying ../../../build/robot_controller/robot_controller.egg-info to /home/gustav/P5-Kuka-Dual-Arm/install/robot_controller/lib/python3.10/site-packages/robot_controller-0.0.0-py3.10.egg-info
[1.177s] running install_scripts
[1.205s] Installing move_world script to /home/gustav/P5-Kuka-Dual-Arm/install/robot_controller/lib/robot_controller
[1.205s] writing list of installed files to '/home/gustav/P5-Kuka-Dual-Arm/build/robot_controller/install.log'
[1.240s] Invoked command in '/home/gustav/P5-Kuka-Dual-Arm/p5_ws/src/robot_controller' returned '0': AMENT_PREFIX_PATH=/home/gustav/P5-Kuka-Dual-Arm/install/lbr_fri_idl:${AMENT_PREFIX_PATH} CMAKE_PREFIX_PATH=/home/gustav/P5-Kuka-Dual-Arm/install/lbr_fri_idl:/home/gustav/P5-Kuka-Dual-Arm/install/fri_client_sdk LD_LIBRARY_PATH=/home/gustav/P5-Kuka-Dual-Arm/install/lbr_fri_idl/lib:/home/gustav/P5-Kuka-Dual-Arm/install/fri_client_sdk/lib:${LD_LIBRARY_PATH} PKG_CONFIG_PATH=/home/gustav/P5-Kuka-Dual-Arm/install/fri_client_sdk/lib/x86_64-linux-gnu/pkgconfig:/home/gustav/P5-Kuka-Dual-Arm/install/fri_client_sdk/lib/pkgconfig PYTHONPATH=/home/gustav/P5-Kuka-Dual-Arm/build/robot_controller/prefix_override:/usr/lib/python3/dist-packages/colcon_core/task/python/colcon_distutils_commands:/home/gustav/P5-Kuka-Dual-Arm/install/robot_controller/lib/python3.10/site-packages:/home/gustav/P5-Kuka-Dual-Arm/install/lbr_fri_idl/local/lib/python3.10/dist-packages:${PYTHONPATH} /usr/bin/python3 -W ignore:setup.py install is deprecated setup.py egg_info --egg-base ../../../build/robot_controller build --build-base /home/gustav/P5-Kuka-Dual-Arm/build/robot_controller/build install --record /home/gustav/P5-Kuka-Dual-Arm/build/robot_controller/install.log --single-version-externally-managed install_data
