[1.710s] Invoking command in '/home/gustav/P5-Kuka-Dual-Arm/p5_ws/src/generate_parameter_library/example_python': AMENT_PREFIX_PATH=/home/gustav/P5-Kuka-Dual-Arm/install/generate_parameter_library:/home/gustav/P5-Kuka-Dual-Arm/install/parameter_traits:/home/gustav/P5-Kuka-Dual-Arm/install/generate_parameter_library_py:${AMENT_PREFIX_PATH} CMAKE_PREFIX_PATH=/home/gustav/P5-Kuka-Dual-Arm/install/generate_parameter_library:/home/gustav/P5-Kuka-Dual-Arm/install/parameter_traits:${CMAKE_PREFIX_PATH} LD_LIBRARY_PATH=/home/gustav/P5-Kuka-Dual-Arm/install/parameter_traits/lib:${LD_LIBRARY_PATH} PATH=/home/gustav/P5-Kuka-Dual-Arm/install/generate_parameter_library_py/bin:${PATH} PYTHONPATH=/home/gustav/P5-Kuka-Dual-Arm/build/generate_parameter_module_example/prefix_override:/usr/lib/python3/dist-packages/colcon_core/task/python/colcon_distutils_commands:/home/gustav/P5-Kuka-Dual-Arm/install/generate_parameter_module_example/lib/python3.10/site-packages:/home/gustav/P5-Kuka-Dual-Arm/install/generate_parameter_library_py/lib/python3.10/site-packages:${PYTHONPATH} /usr/bin/python3 -W ignore:setup.py install is deprecated setup.py egg_info --egg-base ../../../../build/generate_parameter_module_example build --build-base /home/gustav/P5-Kuka-Dual-Arm/build/generate_parameter_module_example/build install --record /home/gustav/P5-Kuka-Dual-Arm/build/generate_parameter_module_example/install.log --single-version-externally-managed install_data
[15.673s] running egg_info
[15.675s] writing ../../../../build/generate_parameter_module_example/generate_parameter_module_example.egg-info/PKG-INFO
[15.689s] writing dependency_links to ../../../../build/generate_parameter_module_example/generate_parameter_module_example.egg-info/dependency_links.txt
[15.690s] writing entry points to ../../../../build/generate_parameter_module_example/generate_parameter_module_example.egg-info/entry_points.txt
[15.690s] writing requirements to ../../../../build/generate_parameter_module_example/generate_parameter_module_example.egg-info/requires.txt
[15.691s] writing top-level names to ../../../../build/generate_parameter_module_example/generate_parameter_module_example.egg-info/top_level.txt
[15.706s] reading manifest file '../../../../build/generate_parameter_module_example/generate_parameter_module_example.egg-info/SOURCES.txt'
[15.720s] writing manifest file '../../../../build/generate_parameter_module_example/generate_parameter_module_example.egg-info/SOURCES.txt'
[15.720s] running build
[15.721s] running build_py
[15.721s] running install
[15.739s] running install_lib
[15.750s] running install_data
[15.750s] running install_egg_info
[15.776s] removing '/home/gustav/P5-Kuka-Dual-Arm/install/generate_parameter_module_example/lib/python3.10/site-packages/generate_parameter_module_example-0.3.7-py3.10.egg-info' (and everything under it)
[15.777s] Copying ../../../../build/generate_parameter_module_example/generate_parameter_module_example.egg-info to /home/gustav/P5-Kuka-Dual-Arm/install/generate_parameter_module_example/lib/python3.10/site-packages/generate_parameter_module_example-0.3.7-py3.10.egg-info
[15.785s] running install_scripts
[15.967s] Installing test_node script to /home/gustav/P5-Kuka-Dual-Arm/install/generate_parameter_module_example/lib/generate_parameter_module_example
[15.967s] writing list of installed files to '/home/gustav/P5-Kuka-Dual-Arm/build/generate_parameter_module_example/install.log'
