[0.008s] Invoking command in '/home/gustav/P5-Kuka-Dual-Arm/build/tutorial_interfaces': CMAKE_PREFIX_PATH=/opt/ros/humble /usr/bin/cmake --build /home/gustav/P5-Kuka-Dual-Arm/build/tutorial_interfaces -- -j8 -l8
[0.064s] [  2%] Built target tutorial_interfaces__cpp
[0.068s] [ 12%] Built target tutorial_interfaces__rosidl_generator_c
[0.083s] [ 12%] Built target ament_cmake_python_copy_tutorial_interfaces
[0.090s] [ 23%] Built target tutorial_interfaces__rosidl_typesupport_cpp
[0.098s] [ 34%] Built target tutorial_interfaces__rosidl_typesupport_introspection_cpp
[0.112s] [ 44%] Built target tutorial_interfaces__rosidl_typesupport_c
[0.124s] [ 55%] Built target tutorial_interfaces__rosidl_typesupport_introspection_c
[0.138s] [ 65%] Built target tutorial_interfaces__rosidl_typesupport_fastrtps_c
[0.151s] [ 76%] Built target tutorial_interfaces__rosidl_typesupport_fastrtps_cpp
[0.186s] [ 76%] Built target tutorial_interfaces
[0.233s] [ 78%] Built target tutorial_interfaces__py
[0.283s] [ 87%] Built target tutorial_interfaces__rosidl_generator_py
[0.311s] [ 95%] Built target tutorial_interfaces__rosidl_typesupport_fastrtps_c__pyext
[0.311s] [ 95%] Built target tutorial_interfaces__rosidl_typesupport_introspection_c__pyext
[0.346s] [100%] Built target tutorial_interfaces__rosidl_typesupport_c__pyext
[0.560s] running egg_info
[0.561s] writing tutorial_interfaces.egg-info/PKG-INFO
[0.561s] writing dependency_links to tutorial_interfaces.egg-info/dependency_links.txt
[0.561s] writing top-level names to tutorial_interfaces.egg-info/top_level.txt
[0.566s] reading manifest file 'tutorial_interfaces.egg-info/SOURCES.txt'
[0.567s] writing manifest file 'tutorial_interfaces.egg-info/SOURCES.txt'
[0.603s] [100%] Built target ament_cmake_python_build_tutorial_interfaces_egg
[0.620s] Invoked command in '/home/gustav/P5-Kuka-Dual-Arm/build/tutorial_interfaces' returned '0': CMAKE_PREFIX_PATH=/opt/ros/humble /usr/bin/cmake --build /home/gustav/P5-Kuka-Dual-Arm/build/tutorial_interfaces -- -j8 -l8
[0.726s] Invoking command in '/home/gustav/P5-Kuka-Dual-Arm/build/tutorial_interfaces': CMAKE_PREFIX_PATH=/opt/ros/humble /usr/bin/cmake --install /home/gustav/P5-Kuka-Dual-Arm/build/tutorial_interfaces
[0.740s] -- Install configuration: "Release"
[0.740s] -- Up-to-date: /home/gustav/P5-Kuka-Dual-Arm/install/tutorial_interfaces/share/ament_index/resource_index/rosidl_interfaces/tutorial_interfaces
[0.741s] -- Up-to-date: /home/gustav/P5-Kuka-Dual-Arm/install/tutorial_interfaces/include/tutorial_interfaces/tutorial_interfaces
[0.741s] -- Up-to-date: /home/gustav/P5-Kuka-Dual-Arm/install/tutorial_interfaces/include/tutorial_interfaces/tutorial_interfaces/msg
[0.741s] -- Up-to-date: /home/gustav/P5-Kuka-Dual-Arm/install/tutorial_interfaces/include/tutorial_interfaces/tutorial_interfaces/msg/rosidl_generator_c__visibility_control.h
[0.741s] -- Up-to-date: /home/gustav/P5-Kuka-Dual-Arm/install/tutorial_interfaces/include/tutorial_interfaces/tutorial_interfaces/msg/num.h
[0.741s] -- Up-to-date: /home/gustav/P5-Kuka-Dual-Arm/install/tutorial_interfaces/include/tutorial_interfaces/tutorial_interfaces/msg/sphere.h
[0.742s] -- Up-to-date: /home/gustav/P5-Kuka-Dual-Arm/install/tutorial_interfaces/include/tutorial_interfaces/tutorial_interfaces/msg/detail
[0.742s] -- Up-to-date: /home/gustav/P5-Kuka-Dual-Arm/install/tutorial_interfaces/include/tutorial_interfaces/tutorial_interfaces/msg/detail/num__functions.c
[0.742s] -- Up-to-date: /home/gustav/P5-Kuka-Dual-Arm/install/tutorial_interfaces/include/tutorial_interfaces/tutorial_interfaces/msg/detail/num__functions.h
[0.742s] -- Up-to-date: /home/gustav/P5-Kuka-Dual-Arm/install/tutorial_interfaces/include/tutorial_interfaces/tutorial_interfaces/msg/detail/sphere__functions.c
[0.742s] -- Up-to-date: /home/gustav/P5-Kuka-Dual-Arm/install/tutorial_interfaces/include/tutorial_interfaces/tutorial_interfaces/msg/detail/sphere__functions.h
[0.742s] -- Up-to-date: /home/gustav/P5-Kuka-Dual-Arm/install/tutorial_interfaces/include/tutorial_interfaces/tutorial_interfaces/msg/detail/num__type_support.h
[0.742s] -- Up-to-date: /home/gustav/P5-Kuka-Dual-Arm/install/tutorial_interfaces/include/tutorial_interfaces/tutorial_interfaces/msg/detail/num__struct.h
[0.743s] -- Up-to-date: /home/gustav/P5-Kuka-Dual-Arm/install/tutorial_interfaces/include/tutorial_interfaces/tutorial_interfaces/msg/detail/sphere__type_support.h
[0.743s] -- Up-to-date: /home/gustav/P5-Kuka-Dual-Arm/install/tutorial_interfaces/include/tutorial_interfaces/tutorial_interfaces/msg/detail/sphere__struct.h
[0.743s] -- Up-to-date: /home/gustav/P5-Kuka-Dual-Arm/install/tutorial_interfaces/include/tutorial_interfaces/tutorial_interfaces/srv
[0.743s] -- Up-to-date: /home/gustav/P5-Kuka-Dual-Arm/install/tutorial_interfaces/include/tutorial_interfaces/tutorial_interfaces/srv/get_six_ints.h
[0.743s] -- Up-to-date: /home/gustav/P5-Kuka-Dual-Arm/install/tutorial_interfaces/include/tutorial_interfaces/tutorial_interfaces/srv/detail
[0.743s] -- Up-to-date: /home/gustav/P5-Kuka-Dual-Arm/install/tutorial_interfaces/include/tutorial_interfaces/tutorial_interfaces/srv/detail/get_six_ints__functions.h
[0.743s] -- Up-to-date: /home/gustav/P5-Kuka-Dual-Arm/install/tutorial_interfaces/include/tutorial_interfaces/tutorial_interfaces/srv/detail/get_six_ints__struct.h
[0.743s] -- Up-to-date: /home/gustav/P5-Kuka-Dual-Arm/install/tutorial_interfaces/include/tutorial_interfaces/tutorial_interfaces/srv/detail/get_six_ints__functions.c
[0.744s] -- Up-to-date: /home/gustav/P5-Kuka-Dual-Arm/install/tutorial_interfaces/include/tutorial_interfaces/tutorial_interfaces/srv/detail/get_six_ints__type_support.h
[0.744s] -- Up-to-date: /home/gustav/P5-Kuka-Dual-Arm/install/tutorial_interfaces/share/tutorial_interfaces/environment/library_path.sh
[0.744s] -- Up-to-date: /home/gustav/P5-Kuka-Dual-Arm/install/tutorial_interfaces/share/tutorial_interfaces/environment/library_path.dsv
[0.744s] -- Up-to-date: /home/gustav/P5-Kuka-Dual-Arm/install/tutorial_interfaces/lib/libtutorial_interfaces__rosidl_generator_c.so
[0.744s] -- Up-to-date: /home/gustav/P5-Kuka-Dual-Arm/install/tutorial_interfaces/include/tutorial_interfaces/tutorial_interfaces
[0.744s] -- Up-to-date: /home/gustav/P5-Kuka-Dual-Arm/install/tutorial_interfaces/include/tutorial_interfaces/tutorial_interfaces/msg
[0.744s] -- Up-to-date: /home/gustav/P5-Kuka-Dual-Arm/install/tutorial_interfaces/include/tutorial_interfaces/tutorial_interfaces/msg/rosidl_typesupport_fastrtps_c__visibility_control.h
[0.745s] -- Up-to-date: /home/gustav/P5-Kuka-Dual-Arm/install/tutorial_interfaces/include/tutorial_interfaces/tutorial_interfaces/msg/detail
[0.745s] -- Up-to-date: /home/gustav/P5-Kuka-Dual-Arm/install/tutorial_interfaces/include/tutorial_interfaces/tutorial_interfaces/msg/detail/sphere__rosidl_typesupport_fastrtps_c.h
[0.745s] -- Up-to-date: /home/gustav/P5-Kuka-Dual-Arm/install/tutorial_interfaces/include/tutorial_interfaces/tutorial_interfaces/msg/detail/num__rosidl_typesupport_fastrtps_c.h
[0.745s] -- Up-to-date: /home/gustav/P5-Kuka-Dual-Arm/install/tutorial_interfaces/include/tutorial_interfaces/tutorial_interfaces/srv
[0.745s] -- Up-to-date: /home/gustav/P5-Kuka-Dual-Arm/install/tutorial_interfaces/include/tutorial_interfaces/tutorial_interfaces/srv/detail
[0.745s] -- Up-to-date: /home/gustav/P5-Kuka-Dual-Arm/install/tutorial_interfaces/include/tutorial_interfaces/tutorial_interfaces/srv/detail/get_six_ints__rosidl_typesupport_fastrtps_c.h
[0.745s] -- Up-to-date: /home/gustav/P5-Kuka-Dual-Arm/install/tutorial_interfaces/lib/libtutorial_interfaces__rosidl_typesupport_fastrtps_c.so
[0.746s] -- Up-to-date: /home/gustav/P5-Kuka-Dual-Arm/install/tutorial_interfaces/include/tutorial_interfaces/tutorial_interfaces
[0.746s] -- Up-to-date: /home/gustav/P5-Kuka-Dual-Arm/install/tutorial_interfaces/include/tutorial_interfaces/tutorial_interfaces/msg
[0.746s] -- Up-to-date: /home/gustav/P5-Kuka-Dual-Arm/install/tutorial_interfaces/include/tutorial_interfaces/tutorial_interfaces/msg/num.hpp
[0.746s] -- Up-to-date: /home/gustav/P5-Kuka-Dual-Arm/install/tutorial_interfaces/include/tutorial_interfaces/tutorial_interfaces/msg/detail
[0.746s] -- Up-to-date: /home/gustav/P5-Kuka-Dual-Arm/install/tutorial_interfaces/include/tutorial_interfaces/tutorial_interfaces/msg/detail/num__builder.hpp
[0.746s] -- Up-to-date: /home/gustav/P5-Kuka-Dual-Arm/install/tutorial_interfaces/include/tutorial_interfaces/tutorial_interfaces/msg/detail/sphere__traits.hpp
[0.746s] -- Up-to-date: /home/gustav/P5-Kuka-Dual-Arm/install/tutorial_interfaces/include/tutorial_interfaces/tutorial_interfaces/msg/detail/sphere__struct.hpp
[0.747s] -- Up-to-date: /home/gustav/P5-Kuka-Dual-Arm/install/tutorial_interfaces/include/tutorial_interfaces/tutorial_interfaces/msg/detail/sphere__builder.hpp
[0.747s] -- Up-to-date: /home/gustav/P5-Kuka-Dual-Arm/install/tutorial_interfaces/include/tutorial_interfaces/tutorial_interfaces/msg/detail/num__struct.hpp
[0.747s] -- Up-to-date: /home/gustav/P5-Kuka-Dual-Arm/install/tutorial_interfaces/include/tutorial_interfaces/tutorial_interfaces/msg/detail/num__traits.hpp
[0.747s] -- Up-to-date: /home/gustav/P5-Kuka-Dual-Arm/install/tutorial_interfaces/include/tutorial_interfaces/tutorial_interfaces/msg/sphere.hpp
[0.747s] -- Up-to-date: /home/gustav/P5-Kuka-Dual-Arm/install/tutorial_interfaces/include/tutorial_interfaces/tutorial_interfaces/srv
[0.747s] -- Up-to-date: /home/gustav/P5-Kuka-Dual-Arm/install/tutorial_interfaces/include/tutorial_interfaces/tutorial_interfaces/srv/get_six_ints.hpp
[0.747s] -- Up-to-date: /home/gustav/P5-Kuka-Dual-Arm/install/tutorial_interfaces/include/tutorial_interfaces/tutorial_interfaces/srv/detail
[0.747s] -- Up-to-date: /home/gustav/P5-Kuka-Dual-Arm/install/tutorial_interfaces/include/tutorial_interfaces/tutorial_interfaces/srv/detail/get_six_ints__traits.hpp
[0.748s] -- Up-to-date: /home/gustav/P5-Kuka-Dual-Arm/install/tutorial_interfaces/include/tutorial_interfaces/tutorial_interfaces/srv/detail/get_six_ints__struct.hpp
[0.748s] -- Up-to-date: /home/gustav/P5-Kuka-Dual-Arm/install/tutorial_interfaces/include/tutorial_interfaces/tutorial_interfaces/srv/detail/get_six_ints__builder.hpp
[0.748s] -- Up-to-date: /home/gustav/P5-Kuka-Dual-Arm/install/tutorial_interfaces/include/tutorial_interfaces/tutorial_interfaces
[0.748s] -- Up-to-date: /home/gustav/P5-Kuka-Dual-Arm/install/tutorial_interfaces/include/tutorial_interfaces/tutorial_interfaces/msg
[0.748s] -- Up-to-date: /home/gustav/P5-Kuka-Dual-Arm/install/tutorial_interfaces/include/tutorial_interfaces/tutorial_interfaces/msg/detail
[0.748s] -- Up-to-date: /home/gustav/P5-Kuka-Dual-Arm/install/tutorial_interfaces/include/tutorial_interfaces/tutorial_interfaces/msg/detail/num__rosidl_typesupport_fastrtps_cpp.hpp
[0.748s] -- Up-to-date: /home/gustav/P5-Kuka-Dual-Arm/install/tutorial_interfaces/include/tutorial_interfaces/tutorial_interfaces/msg/detail/sphere__rosidl_typesupport_fastrtps_cpp.hpp
[0.748s] -- Up-to-date: /home/gustav/P5-Kuka-Dual-Arm/install/tutorial_interfaces/include/tutorial_interfaces/tutorial_interfaces/msg/detail/dds_fastrtps
[0.749s] -- Up-to-date: /home/gustav/P5-Kuka-Dual-Arm/install/tutorial_interfaces/include/tutorial_interfaces/tutorial_interfaces/msg/rosidl_typesupport_fastrtps_cpp__visibility_control.h
[0.749s] -- Up-to-date: /home/gustav/P5-Kuka-Dual-Arm/install/tutorial_interfaces/include/tutorial_interfaces/tutorial_interfaces/srv
[0.749s] -- Up-to-date: /home/gustav/P5-Kuka-Dual-Arm/install/tutorial_interfaces/include/tutorial_interfaces/tutorial_interfaces/srv/detail
[0.749s] -- Up-to-date: /home/gustav/P5-Kuka-Dual-Arm/install/tutorial_interfaces/include/tutorial_interfaces/tutorial_interfaces/srv/detail/get_six_ints__rosidl_typesupport_fastrtps_cpp.hpp
[0.749s] -- Up-to-date: /home/gustav/P5-Kuka-Dual-Arm/install/tutorial_interfaces/include/tutorial_interfaces/tutorial_interfaces/srv/detail/dds_fastrtps
[0.749s] -- Up-to-date: /home/gustav/P5-Kuka-Dual-Arm/install/tutorial_interfaces/lib/libtutorial_interfaces__rosidl_typesupport_fastrtps_cpp.so
[0.749s] -- Up-to-date: /home/gustav/P5-Kuka-Dual-Arm/install/tutorial_interfaces/include/tutorial_interfaces/tutorial_interfaces
[0.749s] -- Up-to-date: /home/gustav/P5-Kuka-Dual-Arm/install/tutorial_interfaces/include/tutorial_interfaces/tutorial_interfaces/msg
[0.749s] -- Up-to-date: /home/gustav/P5-Kuka-Dual-Arm/install/tutorial_interfaces/include/tutorial_interfaces/tutorial_interfaces/msg/rosidl_typesupport_introspection_c__visibility_control.h
[0.750s] -- Up-to-date: /home/gustav/P5-Kuka-Dual-Arm/install/tutorial_interfaces/include/tutorial_interfaces/tutorial_interfaces/msg/detail
[0.750s] -- Up-to-date: /home/gustav/P5-Kuka-Dual-Arm/install/tutorial_interfaces/include/tutorial_interfaces/tutorial_interfaces/msg/detail/num__rosidl_typesupport_introspection_c.h
[0.750s] -- Up-to-date: /home/gustav/P5-Kuka-Dual-Arm/install/tutorial_interfaces/include/tutorial_interfaces/tutorial_interfaces/msg/detail/num__type_support.c
[0.750s] -- Up-to-date: /home/gustav/P5-Kuka-Dual-Arm/install/tutorial_interfaces/include/tutorial_interfaces/tutorial_interfaces/msg/detail/sphere__type_support.c
[0.750s] -- Up-to-date: /home/gustav/P5-Kuka-Dual-Arm/install/tutorial_interfaces/include/tutorial_interfaces/tutorial_interfaces/msg/detail/sphere__rosidl_typesupport_introspection_c.h
[0.750s] -- Up-to-date: /home/gustav/P5-Kuka-Dual-Arm/install/tutorial_interfaces/include/tutorial_interfaces/tutorial_interfaces/srv
[0.750s] -- Up-to-date: /home/gustav/P5-Kuka-Dual-Arm/install/tutorial_interfaces/include/tutorial_interfaces/tutorial_interfaces/srv/detail
[0.750s] -- Up-to-date: /home/gustav/P5-Kuka-Dual-Arm/install/tutorial_interfaces/include/tutorial_interfaces/tutorial_interfaces/srv/detail/get_six_ints__type_support.c
[0.751s] -- Up-to-date: /home/gustav/P5-Kuka-Dual-Arm/install/tutorial_interfaces/include/tutorial_interfaces/tutorial_interfaces/srv/detail/get_six_ints__rosidl_typesupport_introspection_c.h
[0.751s] -- Up-to-date: /home/gustav/P5-Kuka-Dual-Arm/install/tutorial_interfaces/lib/libtutorial_interfaces__rosidl_typesupport_introspection_c.so
[0.751s] -- Up-to-date: /home/gustav/P5-Kuka-Dual-Arm/install/tutorial_interfaces/lib/libtutorial_interfaces__rosidl_typesupport_c.so
[0.751s] -- Up-to-date: /home/gustav/P5-Kuka-Dual-Arm/install/tutorial_interfaces/include/tutorial_interfaces/tutorial_interfaces
[0.751s] -- Up-to-date: /home/gustav/P5-Kuka-Dual-Arm/install/tutorial_interfaces/include/tutorial_interfaces/tutorial_interfaces/msg
[0.751s] -- Up-to-date: /home/gustav/P5-Kuka-Dual-Arm/install/tutorial_interfaces/include/tutorial_interfaces/tutorial_interfaces/msg/detail
[0.751s] -- Up-to-date: /home/gustav/P5-Kuka-Dual-Arm/install/tutorial_interfaces/include/tutorial_interfaces/tutorial_interfaces/msg/detail/sphere__type_support.cpp
[0.752s] -- Up-to-date: /home/gustav/P5-Kuka-Dual-Arm/install/tutorial_interfaces/include/tutorial_interfaces/tutorial_interfaces/msg/detail/num__rosidl_typesupport_introspection_cpp.hpp
[0.752s] -- Up-to-date: /home/gustav/P5-Kuka-Dual-Arm/install/tutorial_interfaces/include/tutorial_interfaces/tutorial_interfaces/msg/detail/sphere__rosidl_typesupport_introspection_cpp.hpp
[0.752s] -- Up-to-date: /home/gustav/P5-Kuka-Dual-Arm/install/tutorial_interfaces/include/tutorial_interfaces/tutorial_interfaces/msg/detail/num__type_support.cpp
[0.752s] -- Up-to-date: /home/gustav/P5-Kuka-Dual-Arm/install/tutorial_interfaces/include/tutorial_interfaces/tutorial_interfaces/srv
[0.752s] -- Up-to-date: /home/gustav/P5-Kuka-Dual-Arm/install/tutorial_interfaces/include/tutorial_interfaces/tutorial_interfaces/srv/detail
[0.752s] -- Up-to-date: /home/gustav/P5-Kuka-Dual-Arm/install/tutorial_interfaces/include/tutorial_interfaces/tutorial_interfaces/srv/detail/get_six_ints__rosidl_typesupport_introspection_cpp.hpp
[0.752s] -- Up-to-date: /home/gustav/P5-Kuka-Dual-Arm/install/tutorial_interfaces/include/tutorial_interfaces/tutorial_interfaces/srv/detail/get_six_ints__type_support.cpp
[0.752s] -- Up-to-date: /home/gustav/P5-Kuka-Dual-Arm/install/tutorial_interfaces/lib/libtutorial_interfaces__rosidl_typesupport_introspection_cpp.so
[0.753s] -- Up-to-date: /home/gustav/P5-Kuka-Dual-Arm/install/tutorial_interfaces/lib/libtutorial_interfaces__rosidl_typesupport_cpp.so
[0.753s] -- Up-to-date: /home/gustav/P5-Kuka-Dual-Arm/install/tutorial_interfaces/share/tutorial_interfaces/environment/pythonpath.sh
[0.753s] -- Up-to-date: /home/gustav/P5-Kuka-Dual-Arm/install/tutorial_interfaces/share/tutorial_interfaces/environment/pythonpath.dsv
[0.753s] -- Up-to-date: /home/gustav/P5-Kuka-Dual-Arm/install/tutorial_interfaces/local/lib/python3.10/dist-packages/tutorial_interfaces-0.0.0-py3.10.egg-info
[0.753s] -- Installing: /home/gustav/P5-Kuka-Dual-Arm/install/tutorial_interfaces/local/lib/python3.10/dist-packages/tutorial_interfaces-0.0.0-py3.10.egg-info/dependency_links.txt
[0.753s] -- Installing: /home/gustav/P5-Kuka-Dual-Arm/install/tutorial_interfaces/local/lib/python3.10/dist-packages/tutorial_interfaces-0.0.0-py3.10.egg-info/PKG-INFO
[0.753s] -- Installing: /home/gustav/P5-Kuka-Dual-Arm/install/tutorial_interfaces/local/lib/python3.10/dist-packages/tutorial_interfaces-0.0.0-py3.10.egg-info/SOURCES.txt
[0.753s] -- Installing: /home/gustav/P5-Kuka-Dual-Arm/install/tutorial_interfaces/local/lib/python3.10/dist-packages/tutorial_interfaces-0.0.0-py3.10.egg-info/top_level.txt
[0.753s] -- Up-to-date: /home/gustav/P5-Kuka-Dual-Arm/install/tutorial_interfaces/local/lib/python3.10/dist-packages/tutorial_interfaces
[0.754s] -- Up-to-date: /home/gustav/P5-Kuka-Dual-Arm/install/tutorial_interfaces/local/lib/python3.10/dist-packages/tutorial_interfaces/libtutorial_interfaces__rosidl_generator_py.so
[0.754s] -- Up-to-date: /home/gustav/P5-Kuka-Dual-Arm/install/tutorial_interfaces/local/lib/python3.10/dist-packages/tutorial_interfaces/_tutorial_interfaces_s.ep.rosidl_typesupport_c.c
[0.754s] -- Up-to-date: /home/gustav/P5-Kuka-Dual-Arm/install/tutorial_interfaces/local/lib/python3.10/dist-packages/tutorial_interfaces/tutorial_interfaces_s__rosidl_typesupport_fastrtps_c.cpython-310-x86_64-linux-gnu.so
[0.754s] -- Up-to-date: /home/gustav/P5-Kuka-Dual-Arm/install/tutorial_interfaces/local/lib/python3.10/dist-packages/tutorial_interfaces/tutorial_interfaces_s__rosidl_typesupport_c.cpython-310-x86_64-linux-gnu.so
[0.754s] -- Up-to-date: /home/gustav/P5-Kuka-Dual-Arm/install/tutorial_interfaces/local/lib/python3.10/dist-packages/tutorial_interfaces/msg
[0.754s] -- Up-to-date: /home/gustav/P5-Kuka-Dual-Arm/install/tutorial_interfaces/local/lib/python3.10/dist-packages/tutorial_interfaces/msg/_sphere.py
[0.754s] -- Up-to-date: /home/gustav/P5-Kuka-Dual-Arm/install/tutorial_interfaces/local/lib/python3.10/dist-packages/tutorial_interfaces/msg/_sphere_s.c
[0.754s] -- Up-to-date: /home/gustav/P5-Kuka-Dual-Arm/install/tutorial_interfaces/local/lib/python3.10/dist-packages/tutorial_interfaces/msg/__init__.py
[0.755s] -- Up-to-date: /home/gustav/P5-Kuka-Dual-Arm/install/tutorial_interfaces/local/lib/python3.10/dist-packages/tutorial_interfaces/msg/_num.py
[0.755s] -- Up-to-date: /home/gustav/P5-Kuka-Dual-Arm/install/tutorial_interfaces/local/lib/python3.10/dist-packages/tutorial_interfaces/msg/_num_s.c
[0.755s] -- Up-to-date: /home/gustav/P5-Kuka-Dual-Arm/install/tutorial_interfaces/local/lib/python3.10/dist-packages/tutorial_interfaces/_tutorial_interfaces_s.ep.rosidl_typesupport_introspection_c.c
[0.755s] -- Up-to-date: /home/gustav/P5-Kuka-Dual-Arm/install/tutorial_interfaces/local/lib/python3.10/dist-packages/tutorial_interfaces/__init__.py
[0.755s] -- Up-to-date: /home/gustav/P5-Kuka-Dual-Arm/install/tutorial_interfaces/local/lib/python3.10/dist-packages/tutorial_interfaces/srv
[0.755s] -- Up-to-date: /home/gustav/P5-Kuka-Dual-Arm/install/tutorial_interfaces/local/lib/python3.10/dist-packages/tutorial_interfaces/srv/_get_six_ints_s.c
[0.755s] -- Up-to-date: /home/gustav/P5-Kuka-Dual-Arm/install/tutorial_interfaces/local/lib/python3.10/dist-packages/tutorial_interfaces/srv/__init__.py
[0.755s] -- Up-to-date: /home/gustav/P5-Kuka-Dual-Arm/install/tutorial_interfaces/local/lib/python3.10/dist-packages/tutorial_interfaces/srv/_get_six_ints.py
[0.755s] -- Up-to-date: /home/gustav/P5-Kuka-Dual-Arm/install/tutorial_interfaces/local/lib/python3.10/dist-packages/tutorial_interfaces/_tutorial_interfaces_s.ep.rosidl_typesupport_fastrtps_c.c
[0.756s] -- Up-to-date: /home/gustav/P5-Kuka-Dual-Arm/install/tutorial_interfaces/local/lib/python3.10/dist-packages/tutorial_interfaces/tutorial_interfaces_s__rosidl_typesupport_introspection_c.cpython-310-x86_64-linux-gnu.so
[0.794s] Listing '/home/gustav/P5-Kuka-Dual-Arm/install/tutorial_interfaces/local/lib/python3.10/dist-packages/tutorial_interfaces'...
[0.794s] Listing '/home/gustav/P5-Kuka-Dual-Arm/install/tutorial_interfaces/local/lib/python3.10/dist-packages/tutorial_interfaces/msg'...
[0.795s] Listing '/home/gustav/P5-Kuka-Dual-Arm/install/tutorial_interfaces/local/lib/python3.10/dist-packages/tutorial_interfaces/srv'...
[0.801s] -- Up-to-date: /home/gustav/P5-Kuka-Dual-Arm/install/tutorial_interfaces/local/lib/python3.10/dist-packages/tutorial_interfaces/tutorial_interfaces_s__rosidl_typesupport_fastrtps_c.cpython-310-x86_64-linux-gnu.so
[0.802s] -- Up-to-date: /home/gustav/P5-Kuka-Dual-Arm/install/tutorial_interfaces/local/lib/python3.10/dist-packages/tutorial_interfaces/tutorial_interfaces_s__rosidl_typesupport_introspection_c.cpython-310-x86_64-linux-gnu.so
[0.802s] -- Up-to-date: /home/gustav/P5-Kuka-Dual-Arm/install/tutorial_interfaces/local/lib/python3.10/dist-packages/tutorial_interfaces/tutorial_interfaces_s__rosidl_typesupport_c.cpython-310-x86_64-linux-gnu.so
[0.803s] -- Up-to-date: /home/gustav/P5-Kuka-Dual-Arm/install/tutorial_interfaces/lib/libtutorial_interfaces__rosidl_generator_py.so
[0.804s] -- Up-to-date: /home/gustav/P5-Kuka-Dual-Arm/install/tutorial_interfaces/share/tutorial_interfaces/msg/Num.idl
[0.804s] -- Up-to-date: /home/gustav/P5-Kuka-Dual-Arm/install/tutorial_interfaces/share/tutorial_interfaces/msg/Sphere.idl
[0.804s] -- Up-to-date: /home/gustav/P5-Kuka-Dual-Arm/install/tutorial_interfaces/share/tutorial_interfaces/srv/GetSixInts.idl
[0.804s] -- Up-to-date: /home/gustav/P5-Kuka-Dual-Arm/install/tutorial_interfaces/share/tutorial_interfaces/msg/Num.msg
[0.804s] -- Up-to-date: /home/gustav/P5-Kuka-Dual-Arm/install/tutorial_interfaces/share/tutorial_interfaces/msg/Sphere.msg
[0.805s] -- Up-to-date: /home/gustav/P5-Kuka-Dual-Arm/install/tutorial_interfaces/share/tutorial_interfaces/srv/GetSixInts.srv
[0.805s] -- Up-to-date: /home/gustav/P5-Kuka-Dual-Arm/install/tutorial_interfaces/share/tutorial_interfaces/srv/GetSixInts_Request.msg
[0.805s] -- Up-to-date: /home/gustav/P5-Kuka-Dual-Arm/install/tutorial_interfaces/share/tutorial_interfaces/srv/GetSixInts_Response.msg
[0.805s] -- Up-to-date: /home/gustav/P5-Kuka-Dual-Arm/install/tutorial_interfaces/share/ament_index/resource_index/package_run_dependencies/tutorial_interfaces
[0.805s] -- Up-to-date: /home/gustav/P5-Kuka-Dual-Arm/install/tutorial_interfaces/share/ament_index/resource_index/parent_prefix_path/tutorial_interfaces
[0.805s] -- Up-to-date: /home/gustav/P5-Kuka-Dual-Arm/install/tutorial_interfaces/share/tutorial_interfaces/environment/ament_prefix_path.sh
[0.805s] -- Up-to-date: /home/gustav/P5-Kuka-Dual-Arm/install/tutorial_interfaces/share/tutorial_interfaces/environment/ament_prefix_path.dsv
[0.806s] -- Up-to-date: /home/gustav/P5-Kuka-Dual-Arm/install/tutorial_interfaces/share/tutorial_interfaces/environment/path.sh
[0.806s] -- Up-to-date: /home/gustav/P5-Kuka-Dual-Arm/install/tutorial_interfaces/share/tutorial_interfaces/environment/path.dsv
[0.806s] -- Up-to-date: /home/gustav/P5-Kuka-Dual-Arm/install/tutorial_interfaces/share/tutorial_interfaces/local_setup.bash
[0.806s] -- Up-to-date: /home/gustav/P5-Kuka-Dual-Arm/install/tutorial_interfaces/share/tutorial_interfaces/local_setup.sh
[0.806s] -- Up-to-date: /home/gustav/P5-Kuka-Dual-Arm/install/tutorial_interfaces/share/tutorial_interfaces/local_setup.zsh
[0.806s] -- Up-to-date: /home/gustav/P5-Kuka-Dual-Arm/install/tutorial_interfaces/share/tutorial_interfaces/local_setup.dsv
[0.806s] -- Installing: /home/gustav/P5-Kuka-Dual-Arm/install/tutorial_interfaces/share/tutorial_interfaces/package.dsv
[0.806s] -- Up-to-date: /home/gustav/P5-Kuka-Dual-Arm/install/tutorial_interfaces/share/ament_index/resource_index/packages/tutorial_interfaces
[0.807s] -- Up-to-date: /home/gustav/P5-Kuka-Dual-Arm/install/tutorial_interfaces/share/tutorial_interfaces/cmake/export_tutorial_interfaces__rosidl_generator_cExport.cmake
[0.807s] -- Up-to-date: /home/gustav/P5-Kuka-Dual-Arm/install/tutorial_interfaces/share/tutorial_interfaces/cmake/export_tutorial_interfaces__rosidl_generator_cExport-release.cmake
[0.808s] -- Up-to-date: /home/gustav/P5-Kuka-Dual-Arm/install/tutorial_interfaces/share/tutorial_interfaces/cmake/export_tutorial_interfaces__rosidl_typesupport_fastrtps_cExport.cmake
[0.808s] -- Up-to-date: /home/gustav/P5-Kuka-Dual-Arm/install/tutorial_interfaces/share/tutorial_interfaces/cmake/export_tutorial_interfaces__rosidl_typesupport_fastrtps_cExport-release.cmake
[0.808s] -- Up-to-date: /home/gustav/P5-Kuka-Dual-Arm/install/tutorial_interfaces/share/tutorial_interfaces/cmake/export_tutorial_interfaces__rosidl_generator_cppExport.cmake
[0.809s] -- Up-to-date: /home/gustav/P5-Kuka-Dual-Arm/install/tutorial_interfaces/share/tutorial_interfaces/cmake/export_tutorial_interfaces__rosidl_typesupport_fastrtps_cppExport.cmake
[0.809s] -- Up-to-date: /home/gustav/P5-Kuka-Dual-Arm/install/tutorial_interfaces/share/tutorial_interfaces/cmake/export_tutorial_interfaces__rosidl_typesupport_fastrtps_cppExport-release.cmake
[0.809s] -- Up-to-date: /home/gustav/P5-Kuka-Dual-Arm/install/tutorial_interfaces/share/tutorial_interfaces/cmake/tutorial_interfaces__rosidl_typesupport_introspection_cExport.cmake
[0.809s] -- Up-to-date: /home/gustav/P5-Kuka-Dual-Arm/install/tutorial_interfaces/share/tutorial_interfaces/cmake/tutorial_interfaces__rosidl_typesupport_introspection_cExport-release.cmake
[0.810s] -- Up-to-date: /home/gustav/P5-Kuka-Dual-Arm/install/tutorial_interfaces/share/tutorial_interfaces/cmake/tutorial_interfaces__rosidl_typesupport_cExport.cmake
[0.810s] -- Up-to-date: /home/gustav/P5-Kuka-Dual-Arm/install/tutorial_interfaces/share/tutorial_interfaces/cmake/tutorial_interfaces__rosidl_typesupport_cExport-release.cmake
[0.811s] -- Up-to-date: /home/gustav/P5-Kuka-Dual-Arm/install/tutorial_interfaces/share/tutorial_interfaces/cmake/tutorial_interfaces__rosidl_typesupport_introspection_cppExport.cmake
[0.811s] -- Up-to-date: /home/gustav/P5-Kuka-Dual-Arm/install/tutorial_interfaces/share/tutorial_interfaces/cmake/tutorial_interfaces__rosidl_typesupport_introspection_cppExport-release.cmake
[0.811s] -- Up-to-date: /home/gustav/P5-Kuka-Dual-Arm/install/tutorial_interfaces/share/tutorial_interfaces/cmake/tutorial_interfaces__rosidl_typesupport_cppExport.cmake
[0.811s] -- Up-to-date: /home/gustav/P5-Kuka-Dual-Arm/install/tutorial_interfaces/share/tutorial_interfaces/cmake/tutorial_interfaces__rosidl_typesupport_cppExport-release.cmake
[0.812s] -- Up-to-date: /home/gustav/P5-Kuka-Dual-Arm/install/tutorial_interfaces/share/tutorial_interfaces/cmake/export_tutorial_interfaces__rosidl_generator_pyExport.cmake
[0.812s] -- Up-to-date: /home/gustav/P5-Kuka-Dual-Arm/install/tutorial_interfaces/share/tutorial_interfaces/cmake/export_tutorial_interfaces__rosidl_generator_pyExport-release.cmake
[0.812s] -- Up-to-date: /home/gustav/P5-Kuka-Dual-Arm/install/tutorial_interfaces/share/tutorial_interfaces/cmake/rosidl_cmake-extras.cmake
[0.812s] -- Up-to-date: /home/gustav/P5-Kuka-Dual-Arm/install/tutorial_interfaces/share/tutorial_interfaces/cmake/ament_cmake_export_dependencies-extras.cmake
[0.812s] -- Up-to-date: /home/gustav/P5-Kuka-Dual-Arm/install/tutorial_interfaces/share/tutorial_interfaces/cmake/ament_cmake_export_include_directories-extras.cmake
[0.812s] -- Up-to-date: /home/gustav/P5-Kuka-Dual-Arm/install/tutorial_interfaces/share/tutorial_interfaces/cmake/ament_cmake_export_libraries-extras.cmake
[0.813s] -- Up-to-date: /home/gustav/P5-Kuka-Dual-Arm/install/tutorial_interfaces/share/tutorial_interfaces/cmake/ament_cmake_export_targets-extras.cmake
[0.813s] -- Up-to-date: /home/gustav/P5-Kuka-Dual-Arm/install/tutorial_interfaces/share/tutorial_interfaces/cmake/rosidl_cmake_export_typesupport_targets-extras.cmake
[0.813s] -- Up-to-date: /home/gustav/P5-Kuka-Dual-Arm/install/tutorial_interfaces/share/tutorial_interfaces/cmake/rosidl_cmake_export_typesupport_libraries-extras.cmake
[0.813s] -- Up-to-date: /home/gustav/P5-Kuka-Dual-Arm/install/tutorial_interfaces/share/tutorial_interfaces/cmake/tutorial_interfacesConfig.cmake
[0.813s] -- Up-to-date: /home/gustav/P5-Kuka-Dual-Arm/install/tutorial_interfaces/share/tutorial_interfaces/cmake/tutorial_interfacesConfig-version.cmake
[0.813s] -- Up-to-date: /home/gustav/P5-Kuka-Dual-Arm/install/tutorial_interfaces/share/tutorial_interfaces/package.xml
[0.818s] Invoked command in '/home/gustav/P5-Kuka-Dual-Arm/build/tutorial_interfaces' returned '0': CMAKE_PREFIX_PATH=/opt/ros/humble /usr/bin/cmake --install /home/gustav/P5-Kuka-Dual-Arm/build/tutorial_interfaces
