[0.041s] Invoking command in '/home/gustav/P5-Kuka-Dual-Arm/build/pilz_industrial_motion_planner': AMENT_PREFIX_PATH=/home/gustav/P5-Kuka-Dual-Arm/install/moveit_resources_prbt_pg70_support:/home/gustav/P5-Kuka-Dual-Arm/install/moveit_ros_planning_interface:/home/gustav/P5-Kuka-Dual-Arm/install/moveit_resources_prbt_moveit_config:/home/gustav/P5-Kuka-Dual-Arm/install/moveit_ros_move_group:/home/gustav/P5-Kuka-Dual-Arm/install/moveit_ros_warehouse:/home/gustav/P5-Kuka-Dual-Arm/install/moveit_planners_ompl:/home/gustav/P5-Kuka-Dual-Arm/install/moveit_kinematics:/home/gustav/P5-Kuka-Dual-Arm/install/moveit_ros_planning:/home/gustav/P5-Kuka-Dual-Arm/install/pilz_industrial_motion_planner_testutils:/home/gustav/P5-Kuka-Dual-Arm/install/moveit_simple_controller_manager:/home/gustav/P5-Kuka-Dual-Arm/install/moveit_ros_occupancy_map_monitor:/home/gustav/P5-Kuka-Dual-Arm/install/moveit_resources_prbt_ikfast_manipulator_plugin:/home/gustav/P5-Kuka-Dual-Arm/install/moveit_core:/home/gustav/P5-Kuka-Dual-Arm/install/moveit_resources_panda_moveit_config:/home/gustav/P5-Kuka-Dual-Arm/install/moveit_resources_fanuc_moveit_config:/home/gustav/P5-Kuka-Dual-Arm/install/generate_parameter_library:/home/gustav/P5-Kuka-Dual-Arm/install/parameter_traits:/home/gustav/P5-Kuka-Dual-Arm/install/moveit_resources_prbt_support:/home/gustav/P5-Kuka-Dual-Arm/install/moveit_resources_pr2_description:/home/gustav/P5-Kuka-Dual-Arm/install/moveit_resources_panda_description:/home/gustav/P5-Kuka-Dual-Arm/install/moveit_resources_fanuc_description:/home/gustav/P5-Kuka-Dual-Arm/install/moveit_msgs:/home/gustav/P5-Kuka-Dual-Arm/install/moveit_configs_utils:/home/gustav/P5-Kuka-Dual-Arm/install/moveit_common:/home/gustav/P5-Kuka-Dual-Arm/install/generate_parameter_library_py:${AMENT_PREFIX_PATH} CMAKE_PREFIX_PATH=/home/gustav/P5-Kuka-Dual-Arm/install/moveit_resources_prbt_pg70_support:/home/gustav/P5-Kuka-Dual-Arm/install/moveit_ros_planning_interface:/home/gustav/P5-Kuka-Dual-Arm/install/moveit_resources_prbt_moveit_config:/home/gustav/P5-Kuka-Dual-Arm/install/moveit_ros_move_group:/home/gustav/P5-Kuka-Dual-Arm/install/moveit_ros_warehouse:/home/gustav/P5-Kuka-Dual-Arm/install/moveit_planners_ompl:/home/gustav/P5-Kuka-Dual-Arm/install/moveit_kinematics:/home/gustav/P5-Kuka-Dual-Arm/install/moveit_ros_planning:/home/gustav/P5-Kuka-Dual-Arm/install/pilz_industrial_motion_planner_testutils:/home/gustav/P5-Kuka-Dual-Arm/install/moveit_simple_controller_manager:/home/gustav/P5-Kuka-Dual-Arm/install/moveit_ros_occupancy_map_monitor:/home/gustav/P5-Kuka-Dual-Arm/install/moveit_resources_prbt_ikfast_manipulator_plugin:/home/gustav/P5-Kuka-Dual-Arm/install/moveit_core:/home/gustav/P5-Kuka-Dual-Arm/install/moveit_resources_panda_moveit_config:/home/gustav/P5-Kuka-Dual-Arm/install/moveit_resources_fanuc_moveit_config:/home/gustav/P5-Kuka-Dual-Arm/install/generate_parameter_library:/home/gustav/P5-Kuka-Dual-Arm/install/parameter_traits:/home/gustav/P5-Kuka-Dual-Arm/install/moveit_resources_prbt_support:/home/gustav/P5-Kuka-Dual-Arm/install/moveit_resources_pr2_description:/home/gustav/P5-Kuka-Dual-Arm/install/moveit_resources_panda_description:/home/gustav/P5-Kuka-Dual-Arm/install/moveit_resources_fanuc_description:/home/gustav/P5-Kuka-Dual-Arm/install/moveit_msgs:/home/gustav/P5-Kuka-Dual-Arm/install/moveit_common:/opt/ros/humble LD_LIBRARY_PATH=/home/gustav/P5-Kuka-Dual-Arm/install/moveit_ros_planning_interface/lib:/home/gustav/P5-Kuka-Dual-Arm/install/moveit_ros_move_group/lib:/home/gustav/P5-Kuka-Dual-Arm/install/moveit_ros_warehouse/lib:/home/gustav/P5-Kuka-Dual-Arm/install/moveit_planners_ompl/lib:/home/gustav/P5-Kuka-Dual-Arm/install/moveit_kinematics/lib:/home/gustav/P5-Kuka-Dual-Arm/install/moveit_ros_planning/lib:/home/gustav/P5-Kuka-Dual-Arm/install/pilz_industrial_motion_planner_testutils/lib:/home/gustav/P5-Kuka-Dual-Arm/install/moveit_simple_controller_manager/lib:/home/gustav/P5-Kuka-Dual-Arm/install/moveit_ros_occupancy_map_monitor/lib:/home/gustav/P5-Kuka-Dual-Arm/install/moveit_resources_prbt_ikfast_manipulator_plugin/lib:/home/gustav/P5-Kuka-Dual-Arm/install/moveit_core/lib:/home/gustav/P5-Kuka-Dual-Arm/install/parameter_traits/lib:/home/gustav/P5-Kuka-Dual-Arm/install/moveit_msgs/lib:${LD_LIBRARY_PATH} PATH=/home/gustav/P5-Kuka-Dual-Arm/install/moveit_core/bin:/home/gustav/P5-Kuka-Dual-Arm/install/generate_parameter_library_py/bin:${PATH} PYTHONPATH=/home/gustav/P5-Kuka-Dual-Arm/install/moveit_msgs/local/lib/python3.10/dist-packages:/home/gustav/P5-Kuka-Dual-Arm/install/moveit_configs_utils/lib/python3.10/site-packages:/home/gustav/P5-Kuka-Dual-Arm/install/generate_parameter_library_py/lib/python3.10/site-packages:${PYTHONPATH} /usr/bin/cmake /home/gustav/P5-Kuka-Dual-Arm/p5_ws/src/moveit2/moveit_planners/pilz_industrial_motion_planner -DCMAKE_BUILD_TYPE=Release -DCMAKE_INSTALL_PREFIX=/home/gustav/P5-Kuka-Dual-Arm/install/pilz_industrial_motion_planner
[0.096s] -- The C compiler identification is GNU 11.4.0
[0.155s] -- The CXX compiler identification is GNU 11.4.0
[0.162s] -- Detecting C compiler ABI info
[0.227s] -- Detecting C compiler ABI info - done
[0.235s] -- Check for working C compiler: /usr/bin/cc - skipped
[0.236s] -- Detecting C compile features
[0.236s] -- Detecting C compile features - done
[0.239s] -- Detecting CXX compiler ABI info
[0.320s] -- Detecting CXX compiler ABI info - done
[0.329s] -- Check for working CXX compiler: /usr/bin/c++ - skipped
[0.329s] -- Detecting CXX compile features
[0.329s] -- Detecting CXX compile features - done
[0.332s] -- Found moveit_common: 2.5.5 (/home/gustav/P5-Kuka-Dual-Arm/install/moveit_common/share/moveit_common/cmake)
[0.335s] -- Found ament_cmake: 1.3.10 (/opt/ros/humble/share/ament_cmake/cmake)
[0.493s] -- Found Python3: /usr/bin/python3 (found version "3.10.12") found components: Interpreter 
[0.681s] -- Found eigen3_cmake_module: 0.1.1 (/opt/ros/humble/share/eigen3_cmake_module/cmake)
[0.689s] -- Found Eigen3: TRUE (found version "3.4.0") 
[0.692s] -- Found geometry_msgs: 4.2.4 (/opt/ros/humble/share/geometry_msgs/cmake)
[0.744s] -- Found rosidl_generator_c: 3.1.5 (/opt/ros/humble/share/rosidl_generator_c/cmake)
[0.752s] -- Found rosidl_adapter: 3.1.5 (/opt/ros/humble/share/rosidl_adapter/cmake)
[0.764s] -- Found rosidl_generator_cpp: 3.1.5 (/opt/ros/humble/share/rosidl_generator_cpp/cmake)
[0.780s] -- Using all available rosidl_typesupport_c: rosidl_typesupport_fastrtps_c;rosidl_typesupport_introspection_c
[0.802s] -- Using all available rosidl_typesupport_cpp: rosidl_typesupport_fastrtps_cpp;rosidl_typesupport_introspection_cpp
[0.849s] -- Found moveit_core: 2.5.5 (/home/gustav/P5-Kuka-Dual-Arm/install/moveit_core/share/moveit_core/cmake)
[1.040s] -- Found Boost: /usr/lib/x86_64-linux-gnu/cmake/Boost-1.74.0/BoostConfig.cmake (found version "1.74.0") found components: chrono date_time filesystem iostreams program_options regex serialization system thread 
[1.089s] -- Found parameter_traits: 0.3.7 (/home/gustav/P5-Kuka-Dual-Arm/install/parameter_traits/share/parameter_traits/cmake)
[1.146s] -- Found rmw_implementation_cmake: 6.1.2 (/opt/ros/humble/share/rmw_implementation_cmake/cmake)
[1.151s] -- Found rmw_fastrtps_cpp: 6.2.7 (/opt/ros/humble/share/rmw_fastrtps_cpp/cmake)
[1.249s] -- Found OpenSSL: /usr/lib/x86_64-linux-gnu/libcrypto.so (found version "3.0.2")  
[1.275s] -- Found FastRTPS: /opt/ros/humble/include  
[1.319s] -- Using RMW implementation 'rmw_fastrtps_cpp' as default
[1.332s] -- Found Threads: TRUE  
[1.394s] -- Found rclcpp_lifecycle: 16.0.10 (/opt/ros/humble/share/rclcpp_lifecycle/cmake)
[1.424s] -- Found Boost: /usr/lib/x86_64-linux-gnu/cmake/Boost-1.74.0/BoostConfig.cmake (found version "1.74.0") found components: filesystem 
[1.520s] -- library: /usr/lib/x86_64-linux-gnu/libcurl.so
[1.623s] -- Ensuring Eigen3 include directory is part of orocos-kdl CMake target
[1.937s] -- Found moveit_ros_move_group: 2.5.5 (/home/gustav/P5-Kuka-Dual-Arm/install/moveit_ros_move_group/share/moveit_ros_move_group/cmake)
[1.942s] -- Found Boost: /usr/lib/x86_64-linux-gnu/cmake/Boost-1.74.0/BoostConfig.cmake (found version "1.74.0") found components: system filesystem date_time program_options thread 
[1.986s] -- Found Boost: /usr/lib/x86_64-linux-gnu/cmake/Boost-1.74.0/BoostConfig.cmake (found version "1.74.0") found components: system filesystem date_time program_options thread chrono 
[2.008s] -- Found moveit_ros_planning_interface: 2.5.5 (/home/gustav/P5-Kuka-Dual-Arm/install/moveit_ros_planning_interface/share/moveit_ros_planning_interface/cmake)
[2.014s] -- Found Boost: /usr/lib/x86_64-linux-gnu/cmake/Boost-1.74.0/BoostConfig.cmake (found version "1.74.0") found components: date_time filesystem program_options system thread 
[2.032s] -- Found Boost: /usr/lib/x86_64-linux-gnu/cmake/Boost-1.74.0/BoostConfig.cmake (found version "1.74.0") found components: thread system filesystem regex date_time program_options 
[2.071s] -- Found tf2_eigen_kdl: 0.25.8 (/opt/ros/humble/share/tf2_eigen_kdl/cmake)
[2.082s] -- Found Boost: /usr/lib/x86_64-linux-gnu/cmake/Boost-1.74.0/BoostConfig.cmake (found version "1.74.0")  
[2.251s] -- Found ament_cmake_gtest: 1.3.10 (/opt/ros/humble/share/ament_cmake_gtest/cmake)
[2.256s] -- Found ament_cmake_gmock: 1.3.10 (/opt/ros/humble/share/ament_cmake_gmock/cmake)
[2.261s] -- Found ros_testing: 0.4.0 (/opt/ros/humble/share/ros_testing/cmake)
[2.265s] -- Found launch_testing_ament_cmake: 1.0.6 (/opt/ros/humble/share/launch_testing_ament_cmake/cmake)
[2.269s] -- Found python_cmake_module: 0.10.0 (/opt/ros/humble/share/python_cmake_module/cmake)
[2.300s] -- Found PythonInterp: /usr/bin/python3 (found suitable version "3.10.12", minimum required is "3.6") 
[2.308s] -- Found PythonLibs: /usr/lib/x86_64-linux-gnu/libpython3.10.so (found suitable version "3.10.12", minimum required is "3.5") 
[2.308s] -- Using PYTHON_EXECUTABLE: /usr/bin/python3
[2.308s] -- Using PYTHON_INCLUDE_DIRS: /usr/include/python3.10
[2.308s] -- Using PYTHON_LIBRARIES: /usr/lib/x86_64-linux-gnu/libpython3.10.so
[2.340s] -- Found PythonExtra: .so  
[2.344s] -- Found moveit_resources_prbt_support: 2.5.5 (/home/gustav/P5-Kuka-Dual-Arm/install/moveit_resources_prbt_support/share/moveit_resources_prbt_support/cmake)
[2.345s] -- Found moveit_resources_prbt_moveit_config: 2.5.5 (/home/gustav/P5-Kuka-Dual-Arm/install/moveit_resources_prbt_moveit_config/share/moveit_resources_prbt_moveit_config/cmake)
[2.351s] -- Found Boost: /usr/lib/x86_64-linux-gnu/cmake/Boost-1.74.0/BoostConfig.cmake (found version "1.74.0") found components: thread 
[2.353s] -- Found pilz_industrial_motion_planner_testutils: 2.5.5 (/home/gustav/P5-Kuka-Dual-Arm/install/pilz_industrial_motion_planner_testutils/share/pilz_industrial_motion_planner_testutils/cmake)
[2.402s] -- Found gtest sources under '/opt/ros/humble/src/gtest_vendor': C++ tests using 'Google Test' will be built
[2.470s] -- Found gmock sources under '/opt/ros/humble/src/gmock_vendor': C++ tests using 'Google Mock' will be built
[2.480s] -- Found ament_lint_auto: 0.12.11 (/opt/ros/humble/share/ament_lint_auto/cmake)
[2.548s] -- Found launch_testing_ament_cmake: 1.0.6 (/opt/ros/humble/share/launch_testing_ament_cmake/cmake)
[2.548s] -- Found python_cmake_module: 0.10.0 (/opt/ros/humble/share/python_cmake_module/cmake)
[2.574s] -- Using PYTHON_EXECUTABLE: /usr/bin/python3
[2.574s] -- Using PYTHON_INCLUDE_DIRS: /usr/include/python3.10
[2.574s] -- Using PYTHON_LIBRARIES: /usr/lib/x86_64-linux-gnu/libpython3.10.so
[2.585s] -- Added test 'cppcheck' to perform static code analysis on C / C++ code
[2.587s] -- Configured cppcheck include dirs: /home/gustav/P5-Kuka-Dual-Arm/p5_ws/src/moveit2/moveit_planners/pilz_industrial_motion_planner/include
[2.587s] -- Configured cppcheck exclude dirs and/or files: 
[2.589s] -- Added test 'pep257' to check Python code against some of the docstring style conventions in PEP 257
[2.591s] -- Added test 'xmllint' to check XML markup files
[2.594s] -- Configuring done
[3.099s] -- Generating done
[3.104s] -- Build files have been written to: /home/gustav/P5-Kuka-Dual-Arm/build/pilz_industrial_motion_planner
[3.131s] Invoked command in '/home/gustav/P5-Kuka-Dual-Arm/build/pilz_industrial_motion_planner' returned '0': AMENT_PREFIX_PATH=/home/gustav/P5-Kuka-Dual-Arm/install/moveit_resources_prbt_pg70_support:/home/gustav/P5-Kuka-Dual-Arm/install/moveit_ros_planning_interface:/home/gustav/P5-Kuka-Dual-Arm/install/moveit_resources_prbt_moveit_config:/home/gustav/P5-Kuka-Dual-Arm/install/moveit_ros_move_group:/home/gustav/P5-Kuka-Dual-Arm/install/moveit_ros_warehouse:/home/gustav/P5-Kuka-Dual-Arm/install/moveit_planners_ompl:/home/gustav/P5-Kuka-Dual-Arm/install/moveit_kinematics:/home/gustav/P5-Kuka-Dual-Arm/install/moveit_ros_planning:/home/gustav/P5-Kuka-Dual-Arm/install/pilz_industrial_motion_planner_testutils:/home/gustav/P5-Kuka-Dual-Arm/install/moveit_simple_controller_manager:/home/gustav/P5-Kuka-Dual-Arm/install/moveit_ros_occupancy_map_monitor:/home/gustav/P5-Kuka-Dual-Arm/install/moveit_resources_prbt_ikfast_manipulator_plugin:/home/gustav/P5-Kuka-Dual-Arm/install/moveit_core:/home/gustav/P5-Kuka-Dual-Arm/install/moveit_resources_panda_moveit_config:/home/gustav/P5-Kuka-Dual-Arm/install/moveit_resources_fanuc_moveit_config:/home/gustav/P5-Kuka-Dual-Arm/install/generate_parameter_library:/home/gustav/P5-Kuka-Dual-Arm/install/parameter_traits:/home/gustav/P5-Kuka-Dual-Arm/install/moveit_resources_prbt_support:/home/gustav/P5-Kuka-Dual-Arm/install/moveit_resources_pr2_description:/home/gustav/P5-Kuka-Dual-Arm/install/moveit_resources_panda_description:/home/gustav/P5-Kuka-Dual-Arm/install/moveit_resources_fanuc_description:/home/gustav/P5-Kuka-Dual-Arm/install/moveit_msgs:/home/gustav/P5-Kuka-Dual-Arm/install/moveit_configs_utils:/home/gustav/P5-Kuka-Dual-Arm/install/moveit_common:/home/gustav/P5-Kuka-Dual-Arm/install/generate_parameter_library_py:${AMENT_PREFIX_PATH} CMAKE_PREFIX_PATH=/home/gustav/P5-Kuka-Dual-Arm/install/moveit_resources_prbt_pg70_support:/home/gustav/P5-Kuka-Dual-Arm/install/moveit_ros_planning_interface:/home/gustav/P5-Kuka-Dual-Arm/install/moveit_resources_prbt_moveit_config:/home/gustav/P5-Kuka-Dual-Arm/install/moveit_ros_move_group:/home/gustav/P5-Kuka-Dual-Arm/install/moveit_ros_warehouse:/home/gustav/P5-Kuka-Dual-Arm/install/moveit_planners_ompl:/home/gustav/P5-Kuka-Dual-Arm/install/moveit_kinematics:/home/gustav/P5-Kuka-Dual-Arm/install/moveit_ros_planning:/home/gustav/P5-Kuka-Dual-Arm/install/pilz_industrial_motion_planner_testutils:/home/gustav/P5-Kuka-Dual-Arm/install/moveit_simple_controller_manager:/home/gustav/P5-Kuka-Dual-Arm/install/moveit_ros_occupancy_map_monitor:/home/gustav/P5-Kuka-Dual-Arm/install/moveit_resources_prbt_ikfast_manipulator_plugin:/home/gustav/P5-Kuka-Dual-Arm/install/moveit_core:/home/gustav/P5-Kuka-Dual-Arm/install/moveit_resources_panda_moveit_config:/home/gustav/P5-Kuka-Dual-Arm/install/moveit_resources_fanuc_moveit_config:/home/gustav/P5-Kuka-Dual-Arm/install/generate_parameter_library:/home/gustav/P5-Kuka-Dual-Arm/install/parameter_traits:/home/gustav/P5-Kuka-Dual-Arm/install/moveit_resources_prbt_support:/home/gustav/P5-Kuka-Dual-Arm/install/moveit_resources_pr2_description:/home/gustav/P5-Kuka-Dual-Arm/install/moveit_resources_panda_description:/home/gustav/P5-Kuka-Dual-Arm/install/moveit_resources_fanuc_description:/home/gustav/P5-Kuka-Dual-Arm/install/moveit_msgs:/home/gustav/P5-Kuka-Dual-Arm/install/moveit_common:/opt/ros/humble LD_LIBRARY_PATH=/home/gustav/P5-Kuka-Dual-Arm/install/moveit_ros_planning_interface/lib:/home/gustav/P5-Kuka-Dual-Arm/install/moveit_ros_move_group/lib:/home/gustav/P5-Kuka-Dual-Arm/install/moveit_ros_warehouse/lib:/home/gustav/P5-Kuka-Dual-Arm/install/moveit_planners_ompl/lib:/home/gustav/P5-Kuka-Dual-Arm/install/moveit_kinematics/lib:/home/gustav/P5-Kuka-Dual-Arm/install/moveit_ros_planning/lib:/home/gustav/P5-Kuka-Dual-Arm/install/pilz_industrial_motion_planner_testutils/lib:/home/gustav/P5-Kuka-Dual-Arm/install/moveit_simple_controller_manager/lib:/home/gustav/P5-Kuka-Dual-Arm/install/moveit_ros_occupancy_map_monitor/lib:/home/gustav/P5-Kuka-Dual-Arm/install/moveit_resources_prbt_ikfast_manipulator_plugin/lib:/home/gustav/P5-Kuka-Dual-Arm/install/moveit_core/lib:/home/gustav/P5-Kuka-Dual-Arm/install/parameter_traits/lib:/home/gustav/P5-Kuka-Dual-Arm/install/moveit_msgs/lib:${LD_LIBRARY_PATH} PATH=/home/gustav/P5-Kuka-Dual-Arm/install/moveit_core/bin:/home/gustav/P5-Kuka-Dual-Arm/install/generate_parameter_library_py/bin:${PATH} PYTHONPATH=/home/gustav/P5-Kuka-Dual-Arm/install/moveit_msgs/local/lib/python3.10/dist-packages:/home/gustav/P5-Kuka-Dual-Arm/install/moveit_configs_utils/lib/python3.10/site-packages:/home/gustav/P5-Kuka-Dual-Arm/install/generate_parameter_library_py/lib/python3.10/site-packages:${PYTHONPATH} /usr/bin/cmake /home/gustav/P5-Kuka-Dual-Arm/p5_ws/src/moveit2/moveit_planners/pilz_industrial_motion_planner -DCMAKE_BUILD_TYPE=Release -DCMAKE_INSTALL_PREFIX=/home/gustav/P5-Kuka-Dual-Arm/install/pilz_industrial_motion_planner
[3.133s] Invoking command in '/home/gustav/P5-Kuka-Dual-Arm/build/pilz_industrial_motion_planner': AMENT_PREFIX_PATH=/home/gustav/P5-Kuka-Dual-Arm/install/moveit_resources_prbt_pg70_support:/home/gustav/P5-Kuka-Dual-Arm/install/moveit_ros_planning_interface:/home/gustav/P5-Kuka-Dual-Arm/install/moveit_resources_prbt_moveit_config:/home/gustav/P5-Kuka-Dual-Arm/install/moveit_ros_move_group:/home/gustav/P5-Kuka-Dual-Arm/install/moveit_ros_warehouse:/home/gustav/P5-Kuka-Dual-Arm/install/moveit_planners_ompl:/home/gustav/P5-Kuka-Dual-Arm/install/moveit_kinematics:/home/gustav/P5-Kuka-Dual-Arm/install/moveit_ros_planning:/home/gustav/P5-Kuka-Dual-Arm/install/pilz_industrial_motion_planner_testutils:/home/gustav/P5-Kuka-Dual-Arm/install/moveit_simple_controller_manager:/home/gustav/P5-Kuka-Dual-Arm/install/moveit_ros_occupancy_map_monitor:/home/gustav/P5-Kuka-Dual-Arm/install/moveit_resources_prbt_ikfast_manipulator_plugin:/home/gustav/P5-Kuka-Dual-Arm/install/moveit_core:/home/gustav/P5-Kuka-Dual-Arm/install/moveit_resources_panda_moveit_config:/home/gustav/P5-Kuka-Dual-Arm/install/moveit_resources_fanuc_moveit_config:/home/gustav/P5-Kuka-Dual-Arm/install/generate_parameter_library:/home/gustav/P5-Kuka-Dual-Arm/install/parameter_traits:/home/gustav/P5-Kuka-Dual-Arm/install/moveit_resources_prbt_support:/home/gustav/P5-Kuka-Dual-Arm/install/moveit_resources_pr2_description:/home/gustav/P5-Kuka-Dual-Arm/install/moveit_resources_panda_description:/home/gustav/P5-Kuka-Dual-Arm/install/moveit_resources_fanuc_description:/home/gustav/P5-Kuka-Dual-Arm/install/moveit_msgs:/home/gustav/P5-Kuka-Dual-Arm/install/moveit_configs_utils:/home/gustav/P5-Kuka-Dual-Arm/install/moveit_common:/home/gustav/P5-Kuka-Dual-Arm/install/generate_parameter_library_py:${AMENT_PREFIX_PATH} CMAKE_PREFIX_PATH=/home/gustav/P5-Kuka-Dual-Arm/install/moveit_resources_prbt_pg70_support:/home/gustav/P5-Kuka-Dual-Arm/install/moveit_ros_planning_interface:/home/gustav/P5-Kuka-Dual-Arm/install/moveit_resources_prbt_moveit_config:/home/gustav/P5-Kuka-Dual-Arm/install/moveit_ros_move_group:/home/gustav/P5-Kuka-Dual-Arm/install/moveit_ros_warehouse:/home/gustav/P5-Kuka-Dual-Arm/install/moveit_planners_ompl:/home/gustav/P5-Kuka-Dual-Arm/install/moveit_kinematics:/home/gustav/P5-Kuka-Dual-Arm/install/moveit_ros_planning:/home/gustav/P5-Kuka-Dual-Arm/install/pilz_industrial_motion_planner_testutils:/home/gustav/P5-Kuka-Dual-Arm/install/moveit_simple_controller_manager:/home/gustav/P5-Kuka-Dual-Arm/install/moveit_ros_occupancy_map_monitor:/home/gustav/P5-Kuka-Dual-Arm/install/moveit_resources_prbt_ikfast_manipulator_plugin:/home/gustav/P5-Kuka-Dual-Arm/install/moveit_core:/home/gustav/P5-Kuka-Dual-Arm/install/moveit_resources_panda_moveit_config:/home/gustav/P5-Kuka-Dual-Arm/install/moveit_resources_fanuc_moveit_config:/home/gustav/P5-Kuka-Dual-Arm/install/generate_parameter_library:/home/gustav/P5-Kuka-Dual-Arm/install/parameter_traits:/home/gustav/P5-Kuka-Dual-Arm/install/moveit_resources_prbt_support:/home/gustav/P5-Kuka-Dual-Arm/install/moveit_resources_pr2_description:/home/gustav/P5-Kuka-Dual-Arm/install/moveit_resources_panda_description:/home/gustav/P5-Kuka-Dual-Arm/install/moveit_resources_fanuc_description:/home/gustav/P5-Kuka-Dual-Arm/install/moveit_msgs:/home/gustav/P5-Kuka-Dual-Arm/install/moveit_common:/opt/ros/humble LD_LIBRARY_PATH=/home/gustav/P5-Kuka-Dual-Arm/install/moveit_ros_planning_interface/lib:/home/gustav/P5-Kuka-Dual-Arm/install/moveit_ros_move_group/lib:/home/gustav/P5-Kuka-Dual-Arm/install/moveit_ros_warehouse/lib:/home/gustav/P5-Kuka-Dual-Arm/install/moveit_planners_ompl/lib:/home/gustav/P5-Kuka-Dual-Arm/install/moveit_kinematics/lib:/home/gustav/P5-Kuka-Dual-Arm/install/moveit_ros_planning/lib:/home/gustav/P5-Kuka-Dual-Arm/install/pilz_industrial_motion_planner_testutils/lib:/home/gustav/P5-Kuka-Dual-Arm/install/moveit_simple_controller_manager/lib:/home/gustav/P5-Kuka-Dual-Arm/install/moveit_ros_occupancy_map_monitor/lib:/home/gustav/P5-Kuka-Dual-Arm/install/moveit_resources_prbt_ikfast_manipulator_plugin/lib:/home/gustav/P5-Kuka-Dual-Arm/install/moveit_core/lib:/home/gustav/P5-Kuka-Dual-Arm/install/parameter_traits/lib:/home/gustav/P5-Kuka-Dual-Arm/install/moveit_msgs/lib:${LD_LIBRARY_PATH} PATH=/home/gustav/P5-Kuka-Dual-Arm/install/moveit_core/bin:/home/gustav/P5-Kuka-Dual-Arm/install/generate_parameter_library_py/bin:${PATH} PYTHONPATH=/home/gustav/P5-Kuka-Dual-Arm/install/moveit_msgs/local/lib/python3.10/dist-packages:/home/gustav/P5-Kuka-Dual-Arm/install/moveit_configs_utils/lib/python3.10/site-packages:/home/gustav/P5-Kuka-Dual-Arm/install/generate_parameter_library_py/lib/python3.10/site-packages:${PYTHONPATH} /usr/bin/cmake --build /home/gustav/P5-Kuka-Dual-Arm/build/pilz_industrial_motion_planner -- -j8 -l8
[3.198s] [  1%] [32mBuilding CXX object CMakeFiles/planning_context_loader_base.dir/src/planning_context_loader.cpp.o[0m
[3.198s] [  2%] [32mBuilding CXX object gmock/CMakeFiles/gmock_main.dir/src/gmock_main.cc.o[0m
[3.198s] [  4%] [32mBuilding CXX object CMakeFiles/joint_limits_common.dir/src/joint_limits_container.cpp.o[0m
[3.198s] [  4%] [32mBuilding CXX object CMakeFiles/joint_limits_common.dir/src/joint_limits_aggregator.cpp.o[0m
[3.199s] [  6%] [32mBuilding CXX object gtest/CMakeFiles/gtest.dir/src/gtest-all.cc.o[0m
[3.199s] [  7%] [32mBuilding CXX object gmock/CMakeFiles/gmock.dir/opt/ros/humble/src/gtest_vendor/src/gtest-all.cc.o[0m
[3.200s] [  8%] [32mBuilding CXX object CMakeFiles/trajectory_generation_common.dir/src/trajectory_functions.cpp.o[0m
[3.200s] [  9%] [32mBuilding CXX object gtest/CMakeFiles/gtest_main.dir/src/gtest_main.cc.o[0m
[5.556s] [ 10%] [32m[1mLinking CXX static library libgtest_main.a[0m
[5.706s] [ 10%] Built target gtest_main
[5.725s] [ 12%] [32mBuilding CXX object gmock/CMakeFiles/gmock.dir/src/gmock-all.cc.o[0m
[6.227s] [ 13%] [32mBuilding CXX object CMakeFiles/trajectory_generation_common.dir/src/trajectory_generator.cpp.o[0m
[7.109s] [ 14%] [32m[1mLinking CXX static library libgmock_main.a[0m
[7.237s] [ 14%] Built target gmock_main
[7.269s] [ 15%] [32mBuilding CXX object CMakeFiles/trajectory_generation_common.dir/src/trajectory_blender_transition_window.cpp.o[0m
[14.749s] [ 16%] [32mBuilding CXX object CMakeFiles/joint_limits_common.dir/src/joint_limits_validator.cpp.o[0m
[22.294s] [ 18%] [32m[1mLinking CXX shared library libplanning_context_loader_base.so[0m
[25.743s] [ 19%] [32m[1mLinking CXX static library libgtest.a[0m
[25.888s] [ 19%] Built target gtest
[25.939s] [ 20%] [32mBuilding CXX object CMakeFiles/joint_limits_common.dir/src/limits_container.cpp.o[0m
[26.167s] [ 21%] [32m[1mLinking CXX static library libgmock.a[0m
[26.323s] [ 21%] Built target gmock
[26.367s] [ 22%] [32mBuilding CXX object CMakeFiles/joint_limits_common.dir/src/cartesian_limit.cpp.o[0m
[26.454s] [ 24%] [32mBuilding CXX object CMakeFiles/joint_limits_common.dir/src/cartesian_limits_aggregator.cpp.o[0m
[34.548s] [ 25%] [32m[1mLinking CXX shared library libjoint_limits_common.so[0m
[36.115s] [ 26%] [32m[1mLinking CXX shared library libtrajectory_generation_common.so[0m
[36.526s] [ 26%] Built target trajectory_generation_common
[37.076s] [ 26%] Built target joint_limits_common
[37.115s] [ 27%] [32mBuilding CXX object test/CMakeFiles/pilz_industrial_motion_planner_test_utils.dir/test_utils.cpp.o[0m
[37.117s] [ 28%] [32mBuilding CXX object CMakeFiles/command_list_manager.dir/src/command_list_manager.cpp.o[0m
[55.775s] [ 28%] Built target planning_context_loader_base
[55.796s] [ 30%] [32mBuilding CXX object CMakeFiles/command_list_manager.dir/src/plan_components_builder.cpp.o[0m
[55.823s] [ 31%] [32mBuilding CXX object test/unit_tests/CMakeFiles/unittest_cartesian_limits_aggregator.dir/src/unittest_cartesian_limits_aggregator.cpp.o[0m
[55.828s] [ 32%] [32mBuilding CXX object test/unit_tests/CMakeFiles/unittest_joint_limits_validator.dir/src/unittest_joint_limits_validator.cpp.o[0m
[55.829s] [ 33%] [32mBuilding CXX object test/unit_tests/CMakeFiles/unittest_joint_limits_aggregator.dir/src/unittest_joint_limits_aggregator.cpp.o[0m
[55.839s] [ 34%] [32mBuilding CXX object test/unit_tests/CMakeFiles/unittest_joint_limits_container.dir/src/unittest_joint_limits_container.cpp.o[0m
[56.909s] [ 36%] [32mBuilding CXX object CMakeFiles/pilz_industrial_motion_planner.dir/src/pilz_industrial_motion_planner.cpp.o[0m
[56.917s] [ 37%] [32mBuilding CXX object test/unit_tests/CMakeFiles/unittest_joint_limit.dir/src/unittest_joint_limit.cpp.o[0m
[60.337s] [ 38%] [32m[1mLinking CXX executable unittest_joint_limits_container[0m
[60.913s] [ 38%] Built target unittest_joint_limits_container
[61.015s] [ 39%] [32mBuilding CXX object CMakeFiles/planning_context_loader_ptp.dir/src/planning_context_loader_ptp.cpp.o[0m
[62.761s] [ 40%] [32m[1mLinking CXX executable unittest_joint_limits_validator[0m
[63.435s] [ 40%] Built target unittest_joint_limits_validator
[63.453s] [ 42%] [32mBuilding CXX object CMakeFiles/planning_context_loader_ptp.dir/src/trajectory_generator_ptp.cpp.o[0m
[65.540s] [ 43%] [32m[1mLinking CXX static library libpilz_industrial_motion_planner_test_utils.a[0m
[65.679s] [ 43%] Built target pilz_industrial_motion_planner_test_utils
[65.761s] [ 44%] [32mBuilding CXX object CMakeFiles/planning_context_loader_lin.dir/src/planning_context_loader_lin.cpp.o[0m
[67.629s] [ 45%] [32m[1mLinking CXX executable unittest_cartesian_limits_aggregator[0m
[68.624s] [ 45%] Built target unittest_cartesian_limits_aggregator
[68.661s] [ 46%] [32mBuilding CXX object CMakeFiles/planning_context_loader_ptp.dir/src/velocity_profile_atrap.cpp.o[0m
[73.576s] [ 48%] [32m[1mLinking CXX executable unittest_joint_limit[0m
[74.602s] [ 48%] Built target unittest_joint_limit
[78.812s] [ 49%] [32m[1mLinking CXX shared library libcommand_list_manager.so[0m
[79.674s] [ 49%] Built target command_list_manager
[83.596s] [ 50%] [32m[1mLinking CXX executable unittest_joint_limits_aggregator[0m
[84.786s] [ 50%] Built target unittest_joint_limits_aggregator
[91.928s] [ 51%] [32m[1mLinking CXX shared library libplanning_context_loader_ptp.so[0m
[92.367s] [ 51%] Built target planning_context_loader_ptp
[93.544s] [ 53%] [32mBuilding CXX object CMakeFiles/planning_context_loader_lin.dir/src/velocity_profile_atrap.cpp.o[0m
[94.891s] [ 54%] [32mBuilding CXX object CMakeFiles/planning_context_loader_lin.dir/src/trajectory_generator_lin.cpp.o[0m
[95.668s] [ 55%] [32m[1mLinking CXX shared library libpilz_industrial_motion_planner.so[0m
[96.218s] [ 55%] Built target pilz_industrial_motion_planner
[105.266s] [ 56%] [32mBuilding CXX object test/unit_tests/CMakeFiles/unittest_trajectory_generator.dir/src/unittest_trajectory_generator.cpp.o[0m
[106.305s] [ 57%] [32mBuilding CXX object test/unit_tests/CMakeFiles/unittest_velocity_profile_atrap.dir/src/unittest_velocity_profile_atrap.cpp.o[0m
[107.344s] [ 59%] [32mBuilding CXX object test/unit_tests/CMakeFiles/unittest_pilz_industrial_motion_planner_direct.dir/src/unittest_pilz_industrial_motion_planner_direct.cpp.o[0m
[108.392s] [ 60%] [32mBuilding CXX object test/unit_tests/CMakeFiles/unittest_trajectory_generator_ptp.dir/src/unittest_trajectory_generator_ptp.cpp.o[0m
[112.348s] [ 61%] [32m[1mLinking CXX shared library libplanning_context_loader_lin.so[0m
[112.943s] [ 61%] Built target planning_context_loader_lin
[114.452s] [ 62%] [32mBuilding CXX object test/unit_tests/CMakeFiles/unittest_velocity_profile_atrap.dir/__/__/src/velocity_profile_atrap.cpp.o[0m
[115.631s] [ 63%] [32m[1mLinking CXX executable unittest_velocity_profile_atrap[0m
[119.492s] [ 65%] [32mBuilding CXX object test/unit_tests/CMakeFiles/unittest_pilz_industrial_motion_planner.dir/src/unittest_pilz_industrial_motion_planner.cpp.o[0m
[120.533s] [ 66%] [32mBuilding CXX object test/unit_tests/CMakeFiles/unittest_trajectory_functions.dir/src/unittest_trajectory_functions.cpp.o[0m
[121.589s] [ 67%] [32mBuilding CXX object CMakeFiles/sequence_capability.dir/src/move_group_sequence_action.cpp.o[0m
[122.677s] [ 68%] [32mBuilding CXX object CMakeFiles/planning_context_loader_circ.dir/src/planning_context_loader_circ.cpp.o[0m
[126.170s] [ 68%] Built target unittest_velocity_profile_atrap
[132.125s] [ 69%] [32mBuilding CXX object test/unit_tests/CMakeFiles/unittest_trajectory_generator.dir/__/__/src/trajectory_generator.cpp.o[0m
[143.531s] [ 71%] [32m[1mLinking CXX executable unittest_pilz_industrial_motion_planner_direct[0m
[144.642s] [ 71%] Built target unittest_pilz_industrial_motion_planner_direct
[146.514s] [ 72%] [32m[1mLinking CXX executable unittest_trajectory_generator_ptp[0m
[147.516s] [ 72%] Built target unittest_trajectory_generator_ptp
[148.597s] [ 73%] [32mBuilding CXX object CMakeFiles/planning_context_loader_circ.dir/src/trajectory_generator_circ.cpp.o[0m
[154.028s] [ 74%] [32m[1mLinking CXX executable unittest_trajectory_functions[0m
[154.798s] [ 74%] Built target unittest_trajectory_functions
[156.064s] [ 75%] [32m[1mLinking CXX executable unittest_trajectory_generator[0m
[156.641s] [ 75%] Built target unittest_trajectory_generator
[157.095s] [ 77%] [32mBuilding CXX object CMakeFiles/sequence_capability.dir/src/move_group_sequence_service.cpp.o[0m
[159.655s] [ 78%] [32m[1mLinking CXX executable unittest_pilz_industrial_motion_planner[0m
[160.235s] [ 78%] Built target unittest_pilz_industrial_motion_planner
[162.893s] [ 79%] [32mBuilding CXX object CMakeFiles/planning_context_loader_circ.dir/src/path_circle_generator.cpp.o[0m
[164.364s] [ 80%] [32m[1mLinking CXX shared library libplanning_context_loader_circ.so[0m
[164.706s] [ 80%] Built target planning_context_loader_circ
[176.549s] [ 81%] [32m[1mLinking CXX shared library libsequence_capability.so[0m
[177.279s] [ 81%] Built target sequence_capability
[177.352s] [ 83%] [32mBuilding CXX object test/unit_tests/CMakeFiles/unittest_trajectory_generator_circ.dir/src/unittest_trajectory_generator_circ.cpp.o[0m
[177.377s] [ 84%] [32mBuilding CXX object test/unit_tests/CMakeFiles/unittest_planning_context.dir/src/unittest_planning_context.cpp.o[0m
[177.387s] [ 85%] [32mBuilding CXX object test/unit_tests/CMakeFiles/unittest_trajectory_generator_common.dir/src/unittest_trajectory_generator_common.cpp.o[0m
[225.971s] [ 86%] [32m[1mLinking CXX executable unittest_planning_context[0m
[228.027s] [ 86%] Built target unittest_planning_context
[229.400s] [ 87%] [32m[1mLinking CXX executable unittest_trajectory_generator_circ[0m
[230.438s] [ 87%] Built target unittest_trajectory_generator_circ
[234.150s] [ 89%] [32m[1mLinking CXX executable unittest_trajectory_generator_common[0m
[234.856s] [ 89%] Built target unittest_trajectory_generator_common
[234.892s] [ 90%] [32mBuilding CXX object test/unit_tests/CMakeFiles/unittest_trajectory_generator_lin.dir/src/unittest_trajectory_generator_lin.cpp.o[0m
[250.961s] [ 91%] [32m[1mLinking CXX executable unittest_trajectory_generator_lin[0m
[251.354s] [ 91%] Built target unittest_trajectory_generator_lin
[251.377s] [ 93%] [32mBuilding CXX object test/unit_tests/CMakeFiles/unittest_trajectory_blender_transition_window.dir/src/unittest_trajectory_blender_transition_window.cpp.o[0m
[251.377s] [ 93%] [32mBuilding CXX object test/unit_tests/CMakeFiles/unittest_get_solver_tip_frame.dir/src/unittest_get_solver_tip_frame.cpp.o[0m
[251.379s] [ 96%] [32mBuilding CXX object test/unit_tests/CMakeFiles/unittest_planning_context_loaders.dir/src/unittest_planning_context_loaders.cpp.o[0m
[251.379s] [ 96%] [32mBuilding CXX object test/unit_tests/CMakeFiles/unittest_trajectory_blender_transition_window.dir/__/__/src/trajectory_blender_transition_window.cpp.o[0m
[265.767s] [ 97%] [32m[1mLinking CXX executable unittest_get_solver_tip_frame[0m
[274.491s] [ 97%] Built target unittest_get_solver_tip_frame
[277.963s] [ 98%] [32m[1mLinking CXX executable unittest_trajectory_blender_transition_window[0m
[278.751s] [ 98%] Built target unittest_trajectory_blender_transition_window
[279.123s] [100%] [32m[1mLinking CXX executable unittest_planning_context_loaders[0m
[279.763s] [100%] Built target unittest_planning_context_loaders
[279.832s] Invoked command in '/home/gustav/P5-Kuka-Dual-Arm/build/pilz_industrial_motion_planner' returned '0': AMENT_PREFIX_PATH=/home/gustav/P5-Kuka-Dual-Arm/install/moveit_resources_prbt_pg70_support:/home/gustav/P5-Kuka-Dual-Arm/install/moveit_ros_planning_interface:/home/gustav/P5-Kuka-Dual-Arm/install/moveit_resources_prbt_moveit_config:/home/gustav/P5-Kuka-Dual-Arm/install/moveit_ros_move_group:/home/gustav/P5-Kuka-Dual-Arm/install/moveit_ros_warehouse:/home/gustav/P5-Kuka-Dual-Arm/install/moveit_planners_ompl:/home/gustav/P5-Kuka-Dual-Arm/install/moveit_kinematics:/home/gustav/P5-Kuka-Dual-Arm/install/moveit_ros_planning:/home/gustav/P5-Kuka-Dual-Arm/install/pilz_industrial_motion_planner_testutils:/home/gustav/P5-Kuka-Dual-Arm/install/moveit_simple_controller_manager:/home/gustav/P5-Kuka-Dual-Arm/install/moveit_ros_occupancy_map_monitor:/home/gustav/P5-Kuka-Dual-Arm/install/moveit_resources_prbt_ikfast_manipulator_plugin:/home/gustav/P5-Kuka-Dual-Arm/install/moveit_core:/home/gustav/P5-Kuka-Dual-Arm/install/moveit_resources_panda_moveit_config:/home/gustav/P5-Kuka-Dual-Arm/install/moveit_resources_fanuc_moveit_config:/home/gustav/P5-Kuka-Dual-Arm/install/generate_parameter_library:/home/gustav/P5-Kuka-Dual-Arm/install/parameter_traits:/home/gustav/P5-Kuka-Dual-Arm/install/moveit_resources_prbt_support:/home/gustav/P5-Kuka-Dual-Arm/install/moveit_resources_pr2_description:/home/gustav/P5-Kuka-Dual-Arm/install/moveit_resources_panda_description:/home/gustav/P5-Kuka-Dual-Arm/install/moveit_resources_fanuc_description:/home/gustav/P5-Kuka-Dual-Arm/install/moveit_msgs:/home/gustav/P5-Kuka-Dual-Arm/install/moveit_configs_utils:/home/gustav/P5-Kuka-Dual-Arm/install/moveit_common:/home/gustav/P5-Kuka-Dual-Arm/install/generate_parameter_library_py:${AMENT_PREFIX_PATH} CMAKE_PREFIX_PATH=/home/gustav/P5-Kuka-Dual-Arm/install/moveit_resources_prbt_pg70_support:/home/gustav/P5-Kuka-Dual-Arm/install/moveit_ros_planning_interface:/home/gustav/P5-Kuka-Dual-Arm/install/moveit_resources_prbt_moveit_config:/home/gustav/P5-Kuka-Dual-Arm/install/moveit_ros_move_group:/home/gustav/P5-Kuka-Dual-Arm/install/moveit_ros_warehouse:/home/gustav/P5-Kuka-Dual-Arm/install/moveit_planners_ompl:/home/gustav/P5-Kuka-Dual-Arm/install/moveit_kinematics:/home/gustav/P5-Kuka-Dual-Arm/install/moveit_ros_planning:/home/gustav/P5-Kuka-Dual-Arm/install/pilz_industrial_motion_planner_testutils:/home/gustav/P5-Kuka-Dual-Arm/install/moveit_simple_controller_manager:/home/gustav/P5-Kuka-Dual-Arm/install/moveit_ros_occupancy_map_monitor:/home/gustav/P5-Kuka-Dual-Arm/install/moveit_resources_prbt_ikfast_manipulator_plugin:/home/gustav/P5-Kuka-Dual-Arm/install/moveit_core:/home/gustav/P5-Kuka-Dual-Arm/install/moveit_resources_panda_moveit_config:/home/gustav/P5-Kuka-Dual-Arm/install/moveit_resources_fanuc_moveit_config:/home/gustav/P5-Kuka-Dual-Arm/install/generate_parameter_library:/home/gustav/P5-Kuka-Dual-Arm/install/parameter_traits:/home/gustav/P5-Kuka-Dual-Arm/install/moveit_resources_prbt_support:/home/gustav/P5-Kuka-Dual-Arm/install/moveit_resources_pr2_description:/home/gustav/P5-Kuka-Dual-Arm/install/moveit_resources_panda_description:/home/gustav/P5-Kuka-Dual-Arm/install/moveit_resources_fanuc_description:/home/gustav/P5-Kuka-Dual-Arm/install/moveit_msgs:/home/gustav/P5-Kuka-Dual-Arm/install/moveit_common:/opt/ros/humble LD_LIBRARY_PATH=/home/gustav/P5-Kuka-Dual-Arm/install/moveit_ros_planning_interface/lib:/home/gustav/P5-Kuka-Dual-Arm/install/moveit_ros_move_group/lib:/home/gustav/P5-Kuka-Dual-Arm/install/moveit_ros_warehouse/lib:/home/gustav/P5-Kuka-Dual-Arm/install/moveit_planners_ompl/lib:/home/gustav/P5-Kuka-Dual-Arm/install/moveit_kinematics/lib:/home/gustav/P5-Kuka-Dual-Arm/install/moveit_ros_planning/lib:/home/gustav/P5-Kuka-Dual-Arm/install/pilz_industrial_motion_planner_testutils/lib:/home/gustav/P5-Kuka-Dual-Arm/install/moveit_simple_controller_manager/lib:/home/gustav/P5-Kuka-Dual-Arm/install/moveit_ros_occupancy_map_monitor/lib:/home/gustav/P5-Kuka-Dual-Arm/install/moveit_resources_prbt_ikfast_manipulator_plugin/lib:/home/gustav/P5-Kuka-Dual-Arm/install/moveit_core/lib:/home/gustav/P5-Kuka-Dual-Arm/install/parameter_traits/lib:/home/gustav/P5-Kuka-Dual-Arm/install/moveit_msgs/lib:${LD_LIBRARY_PATH} PATH=/home/gustav/P5-Kuka-Dual-Arm/install/moveit_core/bin:/home/gustav/P5-Kuka-Dual-Arm/install/generate_parameter_library_py/bin:${PATH} PYTHONPATH=/home/gustav/P5-Kuka-Dual-Arm/install/moveit_msgs/local/lib/python3.10/dist-packages:/home/gustav/P5-Kuka-Dual-Arm/install/moveit_configs_utils/lib/python3.10/site-packages:/home/gustav/P5-Kuka-Dual-Arm/install/generate_parameter_library_py/lib/python3.10/site-packages:${PYTHONPATH} /usr/bin/cmake --build /home/gustav/P5-Kuka-Dual-Arm/build/pilz_industrial_motion_planner -- -j8 -l8
[280.015s] Invoking command in '/home/gustav/P5-Kuka-Dual-Arm/build/pilz_industrial_motion_planner': AMENT_PREFIX_PATH=/home/gustav/P5-Kuka-Dual-Arm/install/moveit_resources_prbt_pg70_support:/home/gustav/P5-Kuka-Dual-Arm/install/moveit_ros_planning_interface:/home/gustav/P5-Kuka-Dual-Arm/install/moveit_resources_prbt_moveit_config:/home/gustav/P5-Kuka-Dual-Arm/install/moveit_ros_move_group:/home/gustav/P5-Kuka-Dual-Arm/install/moveit_ros_warehouse:/home/gustav/P5-Kuka-Dual-Arm/install/moveit_planners_ompl:/home/gustav/P5-Kuka-Dual-Arm/install/moveit_kinematics:/home/gustav/P5-Kuka-Dual-Arm/install/moveit_ros_planning:/home/gustav/P5-Kuka-Dual-Arm/install/pilz_industrial_motion_planner_testutils:/home/gustav/P5-Kuka-Dual-Arm/install/moveit_simple_controller_manager:/home/gustav/P5-Kuka-Dual-Arm/install/moveit_ros_occupancy_map_monitor:/home/gustav/P5-Kuka-Dual-Arm/install/moveit_resources_prbt_ikfast_manipulator_plugin:/home/gustav/P5-Kuka-Dual-Arm/install/moveit_core:/home/gustav/P5-Kuka-Dual-Arm/install/moveit_resources_panda_moveit_config:/home/gustav/P5-Kuka-Dual-Arm/install/moveit_resources_fanuc_moveit_config:/home/gustav/P5-Kuka-Dual-Arm/install/generate_parameter_library:/home/gustav/P5-Kuka-Dual-Arm/install/parameter_traits:/home/gustav/P5-Kuka-Dual-Arm/install/moveit_resources_prbt_support:/home/gustav/P5-Kuka-Dual-Arm/install/moveit_resources_pr2_description:/home/gustav/P5-Kuka-Dual-Arm/install/moveit_resources_panda_description:/home/gustav/P5-Kuka-Dual-Arm/install/moveit_resources_fanuc_description:/home/gustav/P5-Kuka-Dual-Arm/install/moveit_msgs:/home/gustav/P5-Kuka-Dual-Arm/install/moveit_configs_utils:/home/gustav/P5-Kuka-Dual-Arm/install/moveit_common:/home/gustav/P5-Kuka-Dual-Arm/install/generate_parameter_library_py:${AMENT_PREFIX_PATH} CMAKE_PREFIX_PATH=/home/gustav/P5-Kuka-Dual-Arm/install/moveit_resources_prbt_pg70_support:/home/gustav/P5-Kuka-Dual-Arm/install/moveit_ros_planning_interface:/home/gustav/P5-Kuka-Dual-Arm/install/moveit_resources_prbt_moveit_config:/home/gustav/P5-Kuka-Dual-Arm/install/moveit_ros_move_group:/home/gustav/P5-Kuka-Dual-Arm/install/moveit_ros_warehouse:/home/gustav/P5-Kuka-Dual-Arm/install/moveit_planners_ompl:/home/gustav/P5-Kuka-Dual-Arm/install/moveit_kinematics:/home/gustav/P5-Kuka-Dual-Arm/install/moveit_ros_planning:/home/gustav/P5-Kuka-Dual-Arm/install/pilz_industrial_motion_planner_testutils:/home/gustav/P5-Kuka-Dual-Arm/install/moveit_simple_controller_manager:/home/gustav/P5-Kuka-Dual-Arm/install/moveit_ros_occupancy_map_monitor:/home/gustav/P5-Kuka-Dual-Arm/install/moveit_resources_prbt_ikfast_manipulator_plugin:/home/gustav/P5-Kuka-Dual-Arm/install/moveit_core:/home/gustav/P5-Kuka-Dual-Arm/install/moveit_resources_panda_moveit_config:/home/gustav/P5-Kuka-Dual-Arm/install/moveit_resources_fanuc_moveit_config:/home/gustav/P5-Kuka-Dual-Arm/install/generate_parameter_library:/home/gustav/P5-Kuka-Dual-Arm/install/parameter_traits:/home/gustav/P5-Kuka-Dual-Arm/install/moveit_resources_prbt_support:/home/gustav/P5-Kuka-Dual-Arm/install/moveit_resources_pr2_description:/home/gustav/P5-Kuka-Dual-Arm/install/moveit_resources_panda_description:/home/gustav/P5-Kuka-Dual-Arm/install/moveit_resources_fanuc_description:/home/gustav/P5-Kuka-Dual-Arm/install/moveit_msgs:/home/gustav/P5-Kuka-Dual-Arm/install/moveit_common:/opt/ros/humble LD_LIBRARY_PATH=/home/gustav/P5-Kuka-Dual-Arm/install/moveit_ros_planning_interface/lib:/home/gustav/P5-Kuka-Dual-Arm/install/moveit_ros_move_group/lib:/home/gustav/P5-Kuka-Dual-Arm/install/moveit_ros_warehouse/lib:/home/gustav/P5-Kuka-Dual-Arm/install/moveit_planners_ompl/lib:/home/gustav/P5-Kuka-Dual-Arm/install/moveit_kinematics/lib:/home/gustav/P5-Kuka-Dual-Arm/install/moveit_ros_planning/lib:/home/gustav/P5-Kuka-Dual-Arm/install/pilz_industrial_motion_planner_testutils/lib:/home/gustav/P5-Kuka-Dual-Arm/install/moveit_simple_controller_manager/lib:/home/gustav/P5-Kuka-Dual-Arm/install/moveit_ros_occupancy_map_monitor/lib:/home/gustav/P5-Kuka-Dual-Arm/install/moveit_resources_prbt_ikfast_manipulator_plugin/lib:/home/gustav/P5-Kuka-Dual-Arm/install/moveit_core/lib:/home/gustav/P5-Kuka-Dual-Arm/install/parameter_traits/lib:/home/gustav/P5-Kuka-Dual-Arm/install/moveit_msgs/lib:${LD_LIBRARY_PATH} PATH=/home/gustav/P5-Kuka-Dual-Arm/install/moveit_core/bin:/home/gustav/P5-Kuka-Dual-Arm/install/generate_parameter_library_py/bin:${PATH} PYTHONPATH=/home/gustav/P5-Kuka-Dual-Arm/install/moveit_msgs/local/lib/python3.10/dist-packages:/home/gustav/P5-Kuka-Dual-Arm/install/moveit_configs_utils/lib/python3.10/site-packages:/home/gustav/P5-Kuka-Dual-Arm/install/generate_parameter_library_py/lib/python3.10/site-packages:${PYTHONPATH} /usr/bin/cmake --install /home/gustav/P5-Kuka-Dual-Arm/build/pilz_industrial_motion_planner
[280.024s] -- Install configuration: "Release"
[280.025s] -- Installing: /home/gustav/P5-Kuka-Dual-Arm/install/pilz_industrial_motion_planner/share/pilz_industrial_motion_planner/plugins/pilz_industrial_motion_planner_plugin_description.xml
[280.025s] -- Installing: /home/gustav/P5-Kuka-Dual-Arm/install/pilz_industrial_motion_planner/share/pilz_industrial_motion_planner/plugins/sequence_capability_plugin_description.xml
[280.025s] -- Installing: /home/gustav/P5-Kuka-Dual-Arm/install/pilz_industrial_motion_planner/share/pilz_industrial_motion_planner/plugins/planning_context_plugin_description.xml
[280.026s] -- Installing: /home/gustav/P5-Kuka-Dual-Arm/install/pilz_industrial_motion_planner/lib/libpilz_industrial_motion_planner.so
[280.027s] -- Set runtime path of "/home/gustav/P5-Kuka-Dual-Arm/install/pilz_industrial_motion_planner/lib/libpilz_industrial_motion_planner.so" to ""
[280.027s] -- Installing: /home/gustav/P5-Kuka-Dual-Arm/install/pilz_industrial_motion_planner/lib/libjoint_limits_common.so
[280.028s] -- Set runtime path of "/home/gustav/P5-Kuka-Dual-Arm/install/pilz_industrial_motion_planner/lib/libjoint_limits_common.so" to ""
[280.028s] -- Installing: /home/gustav/P5-Kuka-Dual-Arm/install/pilz_industrial_motion_planner/lib/libplanning_context_loader_base.so
[280.029s] -- Set runtime path of "/home/gustav/P5-Kuka-Dual-Arm/install/pilz_industrial_motion_planner/lib/libplanning_context_loader_base.so" to ""
[280.029s] -- Installing: /home/gustav/P5-Kuka-Dual-Arm/install/pilz_industrial_motion_planner/lib/libplanning_context_loader_ptp.so
[280.030s] -- Set runtime path of "/home/gustav/P5-Kuka-Dual-Arm/install/pilz_industrial_motion_planner/lib/libplanning_context_loader_ptp.so" to ""
[280.031s] -- Installing: /home/gustav/P5-Kuka-Dual-Arm/install/pilz_industrial_motion_planner/lib/libplanning_context_loader_lin.so
[280.031s] -- Set runtime path of "/home/gustav/P5-Kuka-Dual-Arm/install/pilz_industrial_motion_planner/lib/libplanning_context_loader_lin.so" to ""
[280.032s] -- Installing: /home/gustav/P5-Kuka-Dual-Arm/install/pilz_industrial_motion_planner/lib/libplanning_context_loader_circ.so
[280.033s] -- Set runtime path of "/home/gustav/P5-Kuka-Dual-Arm/install/pilz_industrial_motion_planner/lib/libplanning_context_loader_circ.so" to ""
[280.033s] -- Installing: /home/gustav/P5-Kuka-Dual-Arm/install/pilz_industrial_motion_planner/lib/libcommand_list_manager.so
[280.034s] -- Set runtime path of "/home/gustav/P5-Kuka-Dual-Arm/install/pilz_industrial_motion_planner/lib/libcommand_list_manager.so" to ""
[280.034s] -- Installing: /home/gustav/P5-Kuka-Dual-Arm/install/pilz_industrial_motion_planner/lib/libsequence_capability.so
[280.036s] -- Set runtime path of "/home/gustav/P5-Kuka-Dual-Arm/install/pilz_industrial_motion_planner/lib/libsequence_capability.so" to ""
[280.036s] -- Installing: /home/gustav/P5-Kuka-Dual-Arm/install/pilz_industrial_motion_planner/lib/libtrajectory_generation_common.so
[280.036s] -- Set runtime path of "/home/gustav/P5-Kuka-Dual-Arm/install/pilz_industrial_motion_planner/lib/libtrajectory_generation_common.so" to ""
[280.037s] -- Installing: /home/gustav/P5-Kuka-Dual-Arm/install/pilz_industrial_motion_planner/include
[280.037s] -- Installing: /home/gustav/P5-Kuka-Dual-Arm/install/pilz_industrial_motion_planner/include/joint_limits_copy
[280.037s] -- Installing: /home/gustav/P5-Kuka-Dual-Arm/install/pilz_industrial_motion_planner/include/joint_limits_copy/joint_limits_rosparam.hpp
[280.037s] -- Installing: /home/gustav/P5-Kuka-Dual-Arm/install/pilz_industrial_motion_planner/include/joint_limits_copy/joint_limits.hpp
[280.037s] -- Installing: /home/gustav/P5-Kuka-Dual-Arm/install/pilz_industrial_motion_planner/include/pilz_industrial_motion_planner
[280.037s] -- Installing: /home/gustav/P5-Kuka-Dual-Arm/install/pilz_industrial_motion_planner/include/pilz_industrial_motion_planner/joint_limits_validator.h
[280.037s] -- Installing: /home/gustav/P5-Kuka-Dual-Arm/install/pilz_industrial_motion_planner/include/pilz_industrial_motion_planner/limits_container.h
[280.038s] -- Installing: /home/gustav/P5-Kuka-Dual-Arm/install/pilz_industrial_motion_planner/include/pilz_industrial_motion_planner/planning_exceptions.h
[280.038s] -- Installing: /home/gustav/P5-Kuka-Dual-Arm/install/pilz_industrial_motion_planner/include/pilz_industrial_motion_planner/planning_context_loader_lin.h
[280.038s] -- Installing: /home/gustav/P5-Kuka-Dual-Arm/install/pilz_industrial_motion_planner/include/pilz_industrial_motion_planner/move_group_sequence_service.h
[280.038s] -- Installing: /home/gustav/P5-Kuka-Dual-Arm/install/pilz_industrial_motion_planner/include/pilz_industrial_motion_planner/tip_frame_getter.h
[280.038s] -- Installing: /home/gustav/P5-Kuka-Dual-Arm/install/pilz_industrial_motion_planner/include/pilz_industrial_motion_planner/trajectory_blender_transition_window.h
[280.038s] -- Installing: /home/gustav/P5-Kuka-Dual-Arm/install/pilz_industrial_motion_planner/include/pilz_industrial_motion_planner/cartesian_trajectory.h
[280.039s] -- Installing: /home/gustav/P5-Kuka-Dual-Arm/install/pilz_industrial_motion_planner/include/pilz_industrial_motion_planner/trajectory_blend_request.h
[280.039s] -- Installing: /home/gustav/P5-Kuka-Dual-Arm/install/pilz_industrial_motion_planner/include/pilz_industrial_motion_planner/joint_limits_extension.h
[280.039s] -- Installing: /home/gustav/P5-Kuka-Dual-Arm/install/pilz_industrial_motion_planner/include/pilz_industrial_motion_planner/joint_limits_container.h
[280.039s] -- Installing: /home/gustav/P5-Kuka-Dual-Arm/install/pilz_industrial_motion_planner/include/pilz_industrial_motion_planner/joint_limits_interface_extension.h
[280.039s] -- Installing: /home/gustav/P5-Kuka-Dual-Arm/install/pilz_industrial_motion_planner/include/pilz_industrial_motion_planner/planning_context_loader.h
[280.039s] -- Installing: /home/gustav/P5-Kuka-Dual-Arm/install/pilz_industrial_motion_planner/include/pilz_industrial_motion_planner/planning_context_loader_circ.h
[280.039s] -- Installing: /home/gustav/P5-Kuka-Dual-Arm/install/pilz_industrial_motion_planner/include/pilz_industrial_motion_planner/planning_context_lin.h
[280.040s] -- Installing: /home/gustav/P5-Kuka-Dual-Arm/install/pilz_industrial_motion_planner/include/pilz_industrial_motion_planner/trajectory_generator.h
[280.040s] -- Installing: /home/gustav/P5-Kuka-Dual-Arm/install/pilz_industrial_motion_planner/include/pilz_industrial_motion_planner/planning_context_ptp.h
[280.040s] -- Installing: /home/gustav/P5-Kuka-Dual-Arm/install/pilz_industrial_motion_planner/include/pilz_industrial_motion_planner/cartesian_trajectory_point.h
[280.040s] -- Installing: /home/gustav/P5-Kuka-Dual-Arm/install/pilz_industrial_motion_planner/include/pilz_industrial_motion_planner/trajectory_generator_circ.h
[280.040s] -- Installing: /home/gustav/P5-Kuka-Dual-Arm/install/pilz_industrial_motion_planner/include/pilz_industrial_motion_planner/planning_context_loader_ptp.h
[280.040s] -- Installing: /home/gustav/P5-Kuka-Dual-Arm/install/pilz_industrial_motion_planner/include/pilz_industrial_motion_planner/planning_context_circ.h
[280.041s] -- Installing: /home/gustav/P5-Kuka-Dual-Arm/install/pilz_industrial_motion_planner/include/pilz_industrial_motion_planner/velocity_profile_atrap.h
[280.041s] -- Installing: /home/gustav/P5-Kuka-Dual-Arm/install/pilz_industrial_motion_planner/include/pilz_industrial_motion_planner/trajectory_generator_lin.h
[280.041s] -- Installing: /home/gustav/P5-Kuka-Dual-Arm/install/pilz_industrial_motion_planner/include/pilz_industrial_motion_planner/trajectory_blender.h
[280.041s] -- Installing: /home/gustav/P5-Kuka-Dual-Arm/install/pilz_industrial_motion_planner/include/pilz_industrial_motion_planner/plan_components_builder.h
[280.041s] -- Installing: /home/gustav/P5-Kuka-Dual-Arm/install/pilz_industrial_motion_planner/include/pilz_industrial_motion_planner/path_circle_generator.h
[280.041s] -- Installing: /home/gustav/P5-Kuka-Dual-Arm/install/pilz_industrial_motion_planner/include/pilz_industrial_motion_planner/capability_names.h
[280.042s] -- Installing: /home/gustav/P5-Kuka-Dual-Arm/install/pilz_industrial_motion_planner/include/pilz_industrial_motion_planner/move_group_sequence_action.h
[280.042s] -- Installing: /home/gustav/P5-Kuka-Dual-Arm/install/pilz_industrial_motion_planner/include/pilz_industrial_motion_planner/trajectory_generator_ptp.h
[280.042s] -- Installing: /home/gustav/P5-Kuka-Dual-Arm/install/pilz_industrial_motion_planner/include/pilz_industrial_motion_planner/planning_context_base.h
[280.042s] -- Installing: /home/gustav/P5-Kuka-Dual-Arm/install/pilz_industrial_motion_planner/include/pilz_industrial_motion_planner/joint_limits_aggregator.h
[280.042s] -- Installing: /home/gustav/P5-Kuka-Dual-Arm/install/pilz_industrial_motion_planner/include/pilz_industrial_motion_planner/cartesian_limit.h
[280.043s] -- Installing: /home/gustav/P5-Kuka-Dual-Arm/install/pilz_industrial_motion_planner/include/pilz_industrial_motion_planner/trajectory_functions.h
[280.043s] -- Installing: /home/gustav/P5-Kuka-Dual-Arm/install/pilz_industrial_motion_planner/include/pilz_industrial_motion_planner/pilz_industrial_motion_planner.h
[280.043s] -- Installing: /home/gustav/P5-Kuka-Dual-Arm/install/pilz_industrial_motion_planner/include/pilz_industrial_motion_planner/trajectory_blend_response.h
[280.043s] -- Installing: /home/gustav/P5-Kuka-Dual-Arm/install/pilz_industrial_motion_planner/include/pilz_industrial_motion_planner/command_list_manager.h
[280.043s] -- Installing: /home/gustav/P5-Kuka-Dual-Arm/install/pilz_industrial_motion_planner/include/pilz_industrial_motion_planner/cartesian_limits_aggregator.h
[280.043s] -- Installing: /home/gustav/P5-Kuka-Dual-Arm/install/pilz_industrial_motion_planner/include/pilz_industrial_motion_planner/trajectory_generation_exceptions.h
[280.044s] -- Installing: /home/gustav/P5-Kuka-Dual-Arm/install/pilz_industrial_motion_planner/share/pilz_industrial_motion_planner/environment/library_path.sh
[280.044s] -- Installing: /home/gustav/P5-Kuka-Dual-Arm/install/pilz_industrial_motion_planner/share/pilz_industrial_motion_planner/environment/library_path.dsv
[280.046s] -- Installing: /home/gustav/P5-Kuka-Dual-Arm/install/pilz_industrial_motion_planner/lib/pilz_industrial_motion_planner/unittest_pilz_industrial_motion_planner_direct
[280.048s] -- Set runtime path of "/home/gustav/P5-Kuka-Dual-Arm/install/pilz_industrial_motion_planner/lib/pilz_industrial_motion_planner/unittest_pilz_industrial_motion_planner_direct" to ""
[280.048s] -- Installing: /home/gustav/P5-Kuka-Dual-Arm/install/pilz_industrial_motion_planner/lib/pilz_industrial_motion_planner/unittest_velocity_profile_atrap
[280.050s] -- Set runtime path of "/home/gustav/P5-Kuka-Dual-Arm/install/pilz_industrial_motion_planner/lib/pilz_industrial_motion_planner/unittest_velocity_profile_atrap" to ""
[280.050s] -- Installing: /home/gustav/P5-Kuka-Dual-Arm/install/pilz_industrial_motion_planner/lib/pilz_industrial_motion_planner/unittest_trajectory_generator
[280.052s] -- Set runtime path of "/home/gustav/P5-Kuka-Dual-Arm/install/pilz_industrial_motion_planner/lib/pilz_industrial_motion_planner/unittest_trajectory_generator" to ""
[280.052s] -- Installing: /home/gustav/P5-Kuka-Dual-Arm/install/pilz_industrial_motion_planner/lib/pilz_industrial_motion_planner/unittest_trajectory_functions
[280.054s] -- Set runtime path of "/home/gustav/P5-Kuka-Dual-Arm/install/pilz_industrial_motion_planner/lib/pilz_industrial_motion_planner/unittest_trajectory_functions" to ""
[280.054s] -- Installing: /home/gustav/P5-Kuka-Dual-Arm/install/pilz_industrial_motion_planner/lib/pilz_industrial_motion_planner/unittest_trajectory_blender_transition_window
[280.055s] -- Set runtime path of "/home/gustav/P5-Kuka-Dual-Arm/install/pilz_industrial_motion_planner/lib/pilz_industrial_motion_planner/unittest_trajectory_blender_transition_window" to ""
[280.055s] -- Installing: /home/gustav/P5-Kuka-Dual-Arm/install/pilz_industrial_motion_planner/lib/pilz_industrial_motion_planner/unittest_trajectory_generator_common
[280.057s] -- Set runtime path of "/home/gustav/P5-Kuka-Dual-Arm/install/pilz_industrial_motion_planner/lib/pilz_industrial_motion_planner/unittest_trajectory_generator_common" to ""
[280.057s] -- Installing: /home/gustav/P5-Kuka-Dual-Arm/install/pilz_industrial_motion_planner/lib/pilz_industrial_motion_planner/unittest_trajectory_generator_circ
[280.058s] -- Set runtime path of "/home/gustav/P5-Kuka-Dual-Arm/install/pilz_industrial_motion_planner/lib/pilz_industrial_motion_planner/unittest_trajectory_generator_circ" to ""
[280.058s] -- Installing: /home/gustav/P5-Kuka-Dual-Arm/install/pilz_industrial_motion_planner/lib/pilz_industrial_motion_planner/unittest_trajectory_generator_lin
[280.059s] -- Set runtime path of "/home/gustav/P5-Kuka-Dual-Arm/install/pilz_industrial_motion_planner/lib/pilz_industrial_motion_planner/unittest_trajectory_generator_lin" to ""
[280.059s] -- Installing: /home/gustav/P5-Kuka-Dual-Arm/install/pilz_industrial_motion_planner/lib/pilz_industrial_motion_planner/unittest_trajectory_generator_ptp
[280.062s] -- Set runtime path of "/home/gustav/P5-Kuka-Dual-Arm/install/pilz_industrial_motion_planner/lib/pilz_industrial_motion_planner/unittest_trajectory_generator_ptp" to ""
[280.062s] -- Installing: /home/gustav/P5-Kuka-Dual-Arm/install/pilz_industrial_motion_planner/lib/pilz_industrial_motion_planner/unittest_pilz_industrial_motion_planner
[280.065s] -- Set runtime path of "/home/gustav/P5-Kuka-Dual-Arm/install/pilz_industrial_motion_planner/lib/pilz_industrial_motion_planner/unittest_pilz_industrial_motion_planner" to ""
[280.066s] -- Installing: /home/gustav/P5-Kuka-Dual-Arm/install/pilz_industrial_motion_planner/lib/pilz_industrial_motion_planner/unittest_joint_limit
[280.067s] -- Set runtime path of "/home/gustav/P5-Kuka-Dual-Arm/install/pilz_industrial_motion_planner/lib/pilz_industrial_motion_planner/unittest_joint_limit" to ""
[280.067s] -- Installing: /home/gustav/P5-Kuka-Dual-Arm/install/pilz_industrial_motion_planner/lib/pilz_industrial_motion_planner/unittest_joint_limits_aggregator
[280.069s] -- Set runtime path of "/home/gustav/P5-Kuka-Dual-Arm/install/pilz_industrial_motion_planner/lib/pilz_industrial_motion_planner/unittest_joint_limits_aggregator" to ""
[280.069s] -- Installing: /home/gustav/P5-Kuka-Dual-Arm/install/pilz_industrial_motion_planner/lib/pilz_industrial_motion_planner/unittest_joint_limits_container
[280.071s] -- Set runtime path of "/home/gustav/P5-Kuka-Dual-Arm/install/pilz_industrial_motion_planner/lib/pilz_industrial_motion_planner/unittest_joint_limits_container" to ""
[280.071s] -- Installing: /home/gustav/P5-Kuka-Dual-Arm/install/pilz_industrial_motion_planner/lib/pilz_industrial_motion_planner/unittest_joint_limits_validator
[280.072s] -- Set runtime path of "/home/gustav/P5-Kuka-Dual-Arm/install/pilz_industrial_motion_planner/lib/pilz_industrial_motion_planner/unittest_joint_limits_validator" to ""
[280.072s] -- Installing: /home/gustav/P5-Kuka-Dual-Arm/install/pilz_industrial_motion_planner/lib/pilz_industrial_motion_planner/unittest_cartesian_limits_aggregator
[280.074s] -- Set runtime path of "/home/gustav/P5-Kuka-Dual-Arm/install/pilz_industrial_motion_planner/lib/pilz_industrial_motion_planner/unittest_cartesian_limits_aggregator" to ""
[280.074s] -- Installing: /home/gustav/P5-Kuka-Dual-Arm/install/pilz_industrial_motion_planner/lib/pilz_industrial_motion_planner/unittest_planning_context_loaders
[280.075s] -- Set runtime path of "/home/gustav/P5-Kuka-Dual-Arm/install/pilz_industrial_motion_planner/lib/pilz_industrial_motion_planner/unittest_planning_context_loaders" to ""
[280.075s] -- Installing: /home/gustav/P5-Kuka-Dual-Arm/install/pilz_industrial_motion_planner/lib/pilz_industrial_motion_planner/unittest_planning_context
[280.076s] -- Set runtime path of "/home/gustav/P5-Kuka-Dual-Arm/install/pilz_industrial_motion_planner/lib/pilz_industrial_motion_planner/unittest_planning_context" to ""
[280.077s] -- Installing: /home/gustav/P5-Kuka-Dual-Arm/install/pilz_industrial_motion_planner/lib/pilz_industrial_motion_planner/unittest_get_solver_tip_frame
[280.077s] -- Set runtime path of "/home/gustav/P5-Kuka-Dual-Arm/install/pilz_industrial_motion_planner/lib/pilz_industrial_motion_planner/unittest_get_solver_tip_frame" to ""
[280.078s] -- Installing: /home/gustav/P5-Kuka-Dual-Arm/install/pilz_industrial_motion_planner/share/pilz_industrial_motion_planner/config
[280.078s] -- Installing: /home/gustav/P5-Kuka-Dual-Arm/install/pilz_industrial_motion_planner/share/pilz_industrial_motion_planner/config/unittest_trajectory_generator_ptp.yaml
[280.078s] -- Installing: /home/gustav/P5-Kuka-Dual-Arm/install/pilz_industrial_motion_planner/share/pilz_industrial_motion_planner/config/unittest_joint_limit_config.yaml
[280.078s] -- Installing: /home/gustav/P5-Kuka-Dual-Arm/install/pilz_industrial_motion_planner/share/pilz_industrial_motion_planner/config/unittest_trajectory_generator_lin.yaml
[280.078s] -- Installing: /home/gustav/P5-Kuka-Dual-Arm/install/pilz_industrial_motion_planner/share/pilz_industrial_motion_planner/config/unittest_trajectory_functions.yaml
[280.078s] -- Installing: /home/gustav/P5-Kuka-Dual-Arm/install/pilz_industrial_motion_planner/share/pilz_industrial_motion_planner/config/unittest_cartesian_limits_aggregator.yaml
[280.079s] -- Installing: /home/gustav/P5-Kuka-Dual-Arm/install/pilz_industrial_motion_planner/share/pilz_industrial_motion_planner/config/unittest_trajectory_generator_circ.yaml
[280.079s] -- Installing: /home/gustav/P5-Kuka-Dual-Arm/install/pilz_industrial_motion_planner/share/pilz_industrial_motion_planner/config/unittest_trajectory_blender_transition_window.yaml
[280.079s] -- Installing: /home/gustav/P5-Kuka-Dual-Arm/install/pilz_industrial_motion_planner/share/pilz_industrial_motion_planner/config/unittest_trajectory_generator_common.yaml
[280.079s] -- Installing: /home/gustav/P5-Kuka-Dual-Arm/install/pilz_industrial_motion_planner/share/pilz_industrial_motion_planner/config/unittest_joint_limits_aggregator.yaml
[280.079s] -- Installing: /home/gustav/P5-Kuka-Dual-Arm/install/pilz_industrial_motion_planner/share/pilz_industrial_motion_planner/launch
[280.080s] -- Installing: /home/gustav/P5-Kuka-Dual-Arm/install/pilz_industrial_motion_planner/share/pilz_industrial_motion_planner/launch/unittest_trajectory_generator_lin.test.py
[280.080s] -- Installing: /home/gustav/P5-Kuka-Dual-Arm/install/pilz_industrial_motion_planner/share/pilz_industrial_motion_planner/launch/unittest_cartesian_limits_aggregator.test.py
[280.080s] -- Installing: /home/gustav/P5-Kuka-Dual-Arm/install/pilz_industrial_motion_planner/share/pilz_industrial_motion_planner/launch/unittest_planning_context.test.py
[280.080s] -- Installing: /home/gustav/P5-Kuka-Dual-Arm/install/pilz_industrial_motion_planner/share/pilz_industrial_motion_planner/launch/unittest_trajectory_generator_common.test.py
[280.080s] -- Installing: /home/gustav/P5-Kuka-Dual-Arm/install/pilz_industrial_motion_planner/share/pilz_industrial_motion_planner/launch/unittest_trajectory_generator_circ.test.py
[280.080s] -- Installing: /home/gustav/P5-Kuka-Dual-Arm/install/pilz_industrial_motion_planner/share/pilz_industrial_motion_planner/launch/unittest_joint_limits_aggregator.test.py
[280.081s] -- Installing: /home/gustav/P5-Kuka-Dual-Arm/install/pilz_industrial_motion_planner/share/pilz_industrial_motion_planner/launch/unittest_joint_limit.test.py
[280.081s] -- Installing: /home/gustav/P5-Kuka-Dual-Arm/install/pilz_industrial_motion_planner/share/pilz_industrial_motion_planner/launch/unittest_trajectory_generator_ptp.test.py
[280.081s] -- Installing: /home/gustav/P5-Kuka-Dual-Arm/install/pilz_industrial_motion_planner/share/pilz_industrial_motion_planner/launch/common_parameters.py
[280.081s] -- Installing: /home/gustav/P5-Kuka-Dual-Arm/install/pilz_industrial_motion_planner/share/pilz_industrial_motion_planner/launch/unittest_planning_context_loaders.test.py
[280.081s] -- Installing: /home/gustav/P5-Kuka-Dual-Arm/install/pilz_industrial_motion_planner/share/pilz_industrial_motion_planner/launch/unittest_trajectory_blender_transition_window.test.py
[280.082s] -- Installing: /home/gustav/P5-Kuka-Dual-Arm/install/pilz_industrial_motion_planner/share/pilz_industrial_motion_planner/launch/unittest_trajectory_functions.test.py
[280.082s] -- Installing: /home/gustav/P5-Kuka-Dual-Arm/install/pilz_industrial_motion_planner/share/pilz_industrial_motion_planner/launch/unittest_pilz_industrial_motion_planner.test.py
[280.082s] -- Installing: /home/gustav/P5-Kuka-Dual-Arm/install/pilz_industrial_motion_planner/share/pilz_industrial_motion_planner/test_data
[280.082s] -- Installing: /home/gustav/P5-Kuka-Dual-Arm/install/pilz_industrial_motion_planner/share/pilz_industrial_motion_planner/test_data/prbt
[280.083s] -- Installing: /home/gustav/P5-Kuka-Dual-Arm/install/pilz_industrial_motion_planner/share/pilz_industrial_motion_planner/test_data/prbt/testdata_sequence.xml
[280.083s] -- Installing: /home/gustav/P5-Kuka-Dual-Arm/install/pilz_industrial_motion_planner/share/pilz_industrial_motion_planner/test_data/prbt/testdata_with_gripper.xml
[280.083s] -- Installing: /home/gustav/P5-Kuka-Dual-Arm/install/pilz_industrial_motion_planner/share/pilz_industrial_motion_planner/test_data/prbt/testdata_deprecated.xml
[280.083s] -- Installing: /home/gustav/P5-Kuka-Dual-Arm/install/pilz_industrial_motion_planner/share/pilz_industrial_motion_planner/test_data/frankaemika_panda
[280.084s] -- Installing: /home/gustav/P5-Kuka-Dual-Arm/install/pilz_industrial_motion_planner/share/pilz_industrial_motion_planner/test_data/frankaemika_panda/testdata_sequence.xml
[280.084s] -- Installing: /home/gustav/P5-Kuka-Dual-Arm/install/pilz_industrial_motion_planner/share/pilz_industrial_motion_planner/test_data/testpoints.py
[280.084s] -- Installing: /home/gustav/P5-Kuka-Dual-Arm/install/pilz_industrial_motion_planner/share/pilz_industrial_motion_planner/test_data/concept_testdata.png
[280.085s] -- Installing: /home/gustav/P5-Kuka-Dual-Arm/install/pilz_industrial_motion_planner/share/pilz_industrial_motion_planner/test_data/concept_testdata.odp
[280.085s] -- Installing: /home/gustav/P5-Kuka-Dual-Arm/install/pilz_industrial_motion_planner/share/ament_index/resource_index/package_run_dependencies/pilz_industrial_motion_planner
[280.085s] -- Installing: /home/gustav/P5-Kuka-Dual-Arm/install/pilz_industrial_motion_planner/share/ament_index/resource_index/parent_prefix_path/pilz_industrial_motion_planner
[280.086s] -- Installing: /home/gustav/P5-Kuka-Dual-Arm/install/pilz_industrial_motion_planner/share/pilz_industrial_motion_planner/environment/ament_prefix_path.sh
[280.087s] -- Installing: /home/gustav/P5-Kuka-Dual-Arm/install/pilz_industrial_motion_planner/share/pilz_industrial_motion_planner/environment/ament_prefix_path.dsv
[280.087s] -- Installing: /home/gustav/P5-Kuka-Dual-Arm/install/pilz_industrial_motion_planner/share/pilz_industrial_motion_planner/environment/path.sh
[280.087s] -- Installing: /home/gustav/P5-Kuka-Dual-Arm/install/pilz_industrial_motion_planner/share/pilz_industrial_motion_planner/environment/path.dsv
[280.087s] -- Installing: /home/gustav/P5-Kuka-Dual-Arm/install/pilz_industrial_motion_planner/share/pilz_industrial_motion_planner/local_setup.bash
[280.087s] -- Installing: /home/gustav/P5-Kuka-Dual-Arm/install/pilz_industrial_motion_planner/share/pilz_industrial_motion_planner/local_setup.sh
[280.088s] -- Installing: /home/gustav/P5-Kuka-Dual-Arm/install/pilz_industrial_motion_planner/share/pilz_industrial_motion_planner/local_setup.zsh
[280.088s] -- Installing: /home/gustav/P5-Kuka-Dual-Arm/install/pilz_industrial_motion_planner/share/pilz_industrial_motion_planner/local_setup.dsv
[280.088s] -- Installing: /home/gustav/P5-Kuka-Dual-Arm/install/pilz_industrial_motion_planner/share/pilz_industrial_motion_planner/package.dsv
[280.088s] -- Installing: /home/gustav/P5-Kuka-Dual-Arm/install/pilz_industrial_motion_planner/share/ament_index/resource_index/packages/pilz_industrial_motion_planner
[280.089s] -- Installing: /home/gustav/P5-Kuka-Dual-Arm/install/pilz_industrial_motion_planner/share/ament_index/resource_index/moveit_core__pluginlib__plugin/pilz_industrial_motion_planner
[280.089s] -- Installing: /home/gustav/P5-Kuka-Dual-Arm/install/pilz_industrial_motion_planner/share/ament_index/resource_index/moveit_ros_move_group__pluginlib__plugin/pilz_industrial_motion_planner
[280.089s] -- Installing: /home/gustav/P5-Kuka-Dual-Arm/install/pilz_industrial_motion_planner/share/ament_index/resource_index/pilz_industrial_motion_planner__pluginlib__plugin/pilz_industrial_motion_planner
[280.089s] -- Installing: /home/gustav/P5-Kuka-Dual-Arm/install/pilz_industrial_motion_planner/share/pilz_industrial_motion_planner/cmake/pilz_industrial_motion_plannerTargetsExport.cmake
[280.090s] -- Installing: /home/gustav/P5-Kuka-Dual-Arm/install/pilz_industrial_motion_planner/share/pilz_industrial_motion_planner/cmake/pilz_industrial_motion_plannerTargetsExport-release.cmake
[280.090s] -- Installing: /home/gustav/P5-Kuka-Dual-Arm/install/pilz_industrial_motion_planner/share/pilz_industrial_motion_planner/cmake/ament_cmake_export_include_directories-extras.cmake
[280.090s] -- Installing: /home/gustav/P5-Kuka-Dual-Arm/install/pilz_industrial_motion_planner/share/pilz_industrial_motion_planner/cmake/ament_cmake_export_targets-extras.cmake
[280.091s] -- Installing: /home/gustav/P5-Kuka-Dual-Arm/install/pilz_industrial_motion_planner/share/pilz_industrial_motion_planner/cmake/ament_cmake_export_dependencies-extras.cmake
[280.091s] -- Installing: /home/gustav/P5-Kuka-Dual-Arm/install/pilz_industrial_motion_planner/share/pilz_industrial_motion_planner/cmake/pilz_industrial_motion_plannerConfig.cmake
[280.091s] -- Installing: /home/gustav/P5-Kuka-Dual-Arm/install/pilz_industrial_motion_planner/share/pilz_industrial_motion_planner/cmake/pilz_industrial_motion_plannerConfig-version.cmake
[280.091s] -- Installing: /home/gustav/P5-Kuka-Dual-Arm/install/pilz_industrial_motion_planner/share/pilz_industrial_motion_planner/package.xml
[280.108s] Invoked command in '/home/gustav/P5-Kuka-Dual-Arm/build/pilz_industrial_motion_planner' returned '0': AMENT_PREFIX_PATH=/home/gustav/P5-Kuka-Dual-Arm/install/moveit_resources_prbt_pg70_support:/home/gustav/P5-Kuka-Dual-Arm/install/moveit_ros_planning_interface:/home/gustav/P5-Kuka-Dual-Arm/install/moveit_resources_prbt_moveit_config:/home/gustav/P5-Kuka-Dual-Arm/install/moveit_ros_move_group:/home/gustav/P5-Kuka-Dual-Arm/install/moveit_ros_warehouse:/home/gustav/P5-Kuka-Dual-Arm/install/moveit_planners_ompl:/home/gustav/P5-Kuka-Dual-Arm/install/moveit_kinematics:/home/gustav/P5-Kuka-Dual-Arm/install/moveit_ros_planning:/home/gustav/P5-Kuka-Dual-Arm/install/pilz_industrial_motion_planner_testutils:/home/gustav/P5-Kuka-Dual-Arm/install/moveit_simple_controller_manager:/home/gustav/P5-Kuka-Dual-Arm/install/moveit_ros_occupancy_map_monitor:/home/gustav/P5-Kuka-Dual-Arm/install/moveit_resources_prbt_ikfast_manipulator_plugin:/home/gustav/P5-Kuka-Dual-Arm/install/moveit_core:/home/gustav/P5-Kuka-Dual-Arm/install/moveit_resources_panda_moveit_config:/home/gustav/P5-Kuka-Dual-Arm/install/moveit_resources_fanuc_moveit_config:/home/gustav/P5-Kuka-Dual-Arm/install/generate_parameter_library:/home/gustav/P5-Kuka-Dual-Arm/install/parameter_traits:/home/gustav/P5-Kuka-Dual-Arm/install/moveit_resources_prbt_support:/home/gustav/P5-Kuka-Dual-Arm/install/moveit_resources_pr2_description:/home/gustav/P5-Kuka-Dual-Arm/install/moveit_resources_panda_description:/home/gustav/P5-Kuka-Dual-Arm/install/moveit_resources_fanuc_description:/home/gustav/P5-Kuka-Dual-Arm/install/moveit_msgs:/home/gustav/P5-Kuka-Dual-Arm/install/moveit_configs_utils:/home/gustav/P5-Kuka-Dual-Arm/install/moveit_common:/home/gustav/P5-Kuka-Dual-Arm/install/generate_parameter_library_py:${AMENT_PREFIX_PATH} CMAKE_PREFIX_PATH=/home/gustav/P5-Kuka-Dual-Arm/install/moveit_resources_prbt_pg70_support:/home/gustav/P5-Kuka-Dual-Arm/install/moveit_ros_planning_interface:/home/gustav/P5-Kuka-Dual-Arm/install/moveit_resources_prbt_moveit_config:/home/gustav/P5-Kuka-Dual-Arm/install/moveit_ros_move_group:/home/gustav/P5-Kuka-Dual-Arm/install/moveit_ros_warehouse:/home/gustav/P5-Kuka-Dual-Arm/install/moveit_planners_ompl:/home/gustav/P5-Kuka-Dual-Arm/install/moveit_kinematics:/home/gustav/P5-Kuka-Dual-Arm/install/moveit_ros_planning:/home/gustav/P5-Kuka-Dual-Arm/install/pilz_industrial_motion_planner_testutils:/home/gustav/P5-Kuka-Dual-Arm/install/moveit_simple_controller_manager:/home/gustav/P5-Kuka-Dual-Arm/install/moveit_ros_occupancy_map_monitor:/home/gustav/P5-Kuka-Dual-Arm/install/moveit_resources_prbt_ikfast_manipulator_plugin:/home/gustav/P5-Kuka-Dual-Arm/install/moveit_core:/home/gustav/P5-Kuka-Dual-Arm/install/moveit_resources_panda_moveit_config:/home/gustav/P5-Kuka-Dual-Arm/install/moveit_resources_fanuc_moveit_config:/home/gustav/P5-Kuka-Dual-Arm/install/generate_parameter_library:/home/gustav/P5-Kuka-Dual-Arm/install/parameter_traits:/home/gustav/P5-Kuka-Dual-Arm/install/moveit_resources_prbt_support:/home/gustav/P5-Kuka-Dual-Arm/install/moveit_resources_pr2_description:/home/gustav/P5-Kuka-Dual-Arm/install/moveit_resources_panda_description:/home/gustav/P5-Kuka-Dual-Arm/install/moveit_resources_fanuc_description:/home/gustav/P5-Kuka-Dual-Arm/install/moveit_msgs:/home/gustav/P5-Kuka-Dual-Arm/install/moveit_common:/opt/ros/humble LD_LIBRARY_PATH=/home/gustav/P5-Kuka-Dual-Arm/install/moveit_ros_planning_interface/lib:/home/gustav/P5-Kuka-Dual-Arm/install/moveit_ros_move_group/lib:/home/gustav/P5-Kuka-Dual-Arm/install/moveit_ros_warehouse/lib:/home/gustav/P5-Kuka-Dual-Arm/install/moveit_planners_ompl/lib:/home/gustav/P5-Kuka-Dual-Arm/install/moveit_kinematics/lib:/home/gustav/P5-Kuka-Dual-Arm/install/moveit_ros_planning/lib:/home/gustav/P5-Kuka-Dual-Arm/install/pilz_industrial_motion_planner_testutils/lib:/home/gustav/P5-Kuka-Dual-Arm/install/moveit_simple_controller_manager/lib:/home/gustav/P5-Kuka-Dual-Arm/install/moveit_ros_occupancy_map_monitor/lib:/home/gustav/P5-Kuka-Dual-Arm/install/moveit_resources_prbt_ikfast_manipulator_plugin/lib:/home/gustav/P5-Kuka-Dual-Arm/install/moveit_core/lib:/home/gustav/P5-Kuka-Dual-Arm/install/parameter_traits/lib:/home/gustav/P5-Kuka-Dual-Arm/install/moveit_msgs/lib:${LD_LIBRARY_PATH} PATH=/home/gustav/P5-Kuka-Dual-Arm/install/moveit_core/bin:/home/gustav/P5-Kuka-Dual-Arm/install/generate_parameter_library_py/bin:${PATH} PYTHONPATH=/home/gustav/P5-Kuka-Dual-Arm/install/moveit_msgs/local/lib/python3.10/dist-packages:/home/gustav/P5-Kuka-Dual-Arm/install/moveit_configs_utils/lib/python3.10/site-packages:/home/gustav/P5-Kuka-Dual-Arm/install/generate_parameter_library_py/lib/python3.10/site-packages:${PYTHONPATH} /usr/bin/cmake --install /home/gustav/P5-Kuka-Dual-Arm/build/pilz_industrial_motion_planner
