[1.026s] Invoking command in '/home/gustav/P5-Kuka-Dual-Arm/p5_ws/src/lbr_fri_ros2_stack/lbr_demos/lbr_demos_py': AMENT_PREFIX_PATH=/home/gustav/P5-Kuka-Dual-Arm/install/lbr_bringup:/home/gustav/P5-Kuka-Dual-Arm/install/lbr_ros2_control:/home/gustav/P5-Kuka-Dual-Arm/install/lbr_fri_ros2:/home/gustav/P5-Kuka-Dual-Arm/install/lbr_fri_idl:/home/gustav/P5-Kuka-Dual-Arm/install/lbr_description:${AMENT_PREFIX_PATH} CMAKE_PREFIX_PATH=/home/gustav/P5-Kuka-Dual-Arm/install/lbr_bringup:/home/gustav/P5-Kuka-Dual-Arm/install/lbr_ros2_control:/home/gustav/P5-Kuka-Dual-Arm/install/lbr_fri_ros2:/home/gustav/P5-Kuka-Dual-Arm/install/lbr_fri_idl:/home/gustav/P5-Kuka-Dual-Arm/install/lbr_description:/home/gustav/P5-Kuka-Dual-Arm/install/fri_client_sdk LD_LIBRARY_PATH=/home/gustav/P5-Kuka-Dual-Arm/install/lbr_ros2_control/lib:/home/gustav/P5-Kuka-Dual-Arm/install/lbr_fri_ros2/lib:/home/gustav/P5-Kuka-Dual-Arm/install/lbr_fri_idl/lib:/home/gustav/P5-Kuka-Dual-Arm/install/fri_client_sdk/lib:${LD_LIBRARY_PATH} PKG_CONFIG_PATH=/home/gustav/P5-Kuka-Dual-Arm/install/fri_client_sdk/lib/x86_64-linux-gnu/pkgconfig:/home/gustav/P5-Kuka-Dual-Arm/install/fri_client_sdk/lib/pkgconfig PYTHONPATH=/home/gustav/P5-Kuka-Dual-Arm/build/lbr_demos_py/prefix_override:/usr/lib/python3/dist-packages/colcon_core/task/python/colcon_distutils_commands:/home/gustav/P5-Kuka-Dual-Arm/install/lbr_demos_py/lib/python3.10/site-packages:/home/gustav/P5-Kuka-Dual-Arm/install/lbr_bringup/local/lib/python3.10/dist-packages:/home/gustav/P5-Kuka-Dual-Arm/install/lbr_fri_idl/local/lib/python3.10/dist-packages:${PYTHONPATH} /usr/bin/python3 -W ignore:setup.py install is deprecated setup.py egg_info --egg-base ../../../../../build/lbr_demos_py build --build-base /home/gustav/P5-Kuka-Dual-Arm/build/lbr_demos_py/build install --record /home/gustav/P5-Kuka-Dual-Arm/build/lbr_demos_py/install.log --single-version-externally-managed install_data
[1.293s] running egg_info
[1.294s] writing ../../../../../build/lbr_demos_py/lbr_demos_py.egg-info/PKG-INFO
[1.295s] writing dependency_links to ../../../../../build/lbr_demos_py/lbr_demos_py.egg-info/dependency_links.txt
[1.295s] writing entry points to ../../../../../build/lbr_demos_py/lbr_demos_py.egg-info/entry_points.txt
[1.296s] writing requirements to ../../../../../build/lbr_demos_py/lbr_demos_py.egg-info/requires.txt
[1.296s] writing top-level names to ../../../../../build/lbr_demos_py/lbr_demos_py.egg-info/top_level.txt
[1.298s] reading manifest file '../../../../../build/lbr_demos_py/lbr_demos_py.egg-info/SOURCES.txt'
[1.299s] writing manifest file '../../../../../build/lbr_demos_py/lbr_demos_py.egg-info/SOURCES.txt'
[1.299s] running build
[1.300s] running build_py
[1.301s] running install
[1.301s] running install_lib
[1.303s] running install_data
[1.304s] running install_egg_info
[1.306s] removing '/home/gustav/P5-Kuka-Dual-Arm/install/lbr_demos_py/lib/python3.10/site-packages/lbr_demos_py-2.0.0-py3.10.egg-info' (and everything under it)
[1.306s] Copying ../../../../../build/lbr_demos_py/lbr_demos_py.egg-info to /home/gustav/P5-Kuka-Dual-Arm/install/lbr_demos_py/lib/python3.10/site-packages/lbr_demos_py-2.0.0-py3.10.egg-info
[1.308s] running install_scripts
[1.330s] Installing joint_sine_overlay script to /home/gustav/P5-Kuka-Dual-Arm/install/lbr_demos_py/lib/lbr_demos_py
[1.331s] Installing joint_trajectory_client script to /home/gustav/P5-Kuka-Dual-Arm/install/lbr_demos_py/lib/lbr_demos_py
[1.331s] Installing torque_sine_overlay script to /home/gustav/P5-Kuka-Dual-Arm/install/lbr_demos_py/lib/lbr_demos_py
[1.331s] Installing wrench_sine_overlay script to /home/gustav/P5-Kuka-Dual-Arm/install/lbr_demos_py/lib/lbr_demos_py
[1.331s] writing list of installed files to '/home/gustav/P5-Kuka-Dual-Arm/build/lbr_demos_py/install.log'
[1.358s] Invoked command in '/home/gustav/P5-Kuka-Dual-Arm/p5_ws/src/lbr_fri_ros2_stack/lbr_demos/lbr_demos_py' returned '0': AMENT_PREFIX_PATH=/home/gustav/P5-Kuka-Dual-Arm/install/lbr_bringup:/home/gustav/P5-Kuka-Dual-Arm/install/lbr_ros2_control:/home/gustav/P5-Kuka-Dual-Arm/install/lbr_fri_ros2:/home/gustav/P5-Kuka-Dual-Arm/install/lbr_fri_idl:/home/gustav/P5-Kuka-Dual-Arm/install/lbr_description:${AMENT_PREFIX_PATH} CMAKE_PREFIX_PATH=/home/gustav/P5-Kuka-Dual-Arm/install/lbr_bringup:/home/gustav/P5-Kuka-Dual-Arm/install/lbr_ros2_control:/home/gustav/P5-Kuka-Dual-Arm/install/lbr_fri_ros2:/home/gustav/P5-Kuka-Dual-Arm/install/lbr_fri_idl:/home/gustav/P5-Kuka-Dual-Arm/install/lbr_description:/home/gustav/P5-Kuka-Dual-Arm/install/fri_client_sdk LD_LIBRARY_PATH=/home/gustav/P5-Kuka-Dual-Arm/install/lbr_ros2_control/lib:/home/gustav/P5-Kuka-Dual-Arm/install/lbr_fri_ros2/lib:/home/gustav/P5-Kuka-Dual-Arm/install/lbr_fri_idl/lib:/home/gustav/P5-Kuka-Dual-Arm/install/fri_client_sdk/lib:${LD_LIBRARY_PATH} PKG_CONFIG_PATH=/home/gustav/P5-Kuka-Dual-Arm/install/fri_client_sdk/lib/x86_64-linux-gnu/pkgconfig:/home/gustav/P5-Kuka-Dual-Arm/install/fri_client_sdk/lib/pkgconfig PYTHONPATH=/home/gustav/P5-Kuka-Dual-Arm/build/lbr_demos_py/prefix_override:/usr/lib/python3/dist-packages/colcon_core/task/python/colcon_distutils_commands:/home/gustav/P5-Kuka-Dual-Arm/install/lbr_demos_py/lib/python3.10/site-packages:/home/gustav/P5-Kuka-Dual-Arm/install/lbr_bringup/local/lib/python3.10/dist-packages:/home/gustav/P5-Kuka-Dual-Arm/install/lbr_fri_idl/local/lib/python3.10/dist-packages:${PYTHONPATH} /usr/bin/python3 -W ignore:setup.py install is deprecated setup.py egg_info --egg-base ../../../../../build/lbr_demos_py build --build-base /home/gustav/P5-Kuka-Dual-Arm/build/lbr_demos_py/build install --record /home/gustav/P5-Kuka-Dual-Arm/build/lbr_demos_py/install.log --single-version-externally-managed install_data
