[0.023s] Invoking command in '/home/gustav/P5-Kuka-Dual-Arm/build/lbr_demos_advanced_cpp': AMENT_PREFIX_PATH=/home/gustav/P5-Kuka-Dual-Arm/install/lbr_fri_ros2:/home/gustav/P5-Kuka-Dual-Arm/install/lbr_fri_idl:/home/gustav/P5-Kuka-Dual-Arm/install/lbr_description:${AMENT_PREFIX_PATH} CMAKE_PREFIX_PATH=/home/gustav/P5-Kuka-Dual-Arm/install/lbr_fri_ros2:/home/gustav/P5-Kuka-Dual-Arm/install/lbr_fri_idl:/home/gustav/P5-Kuka-Dual-Arm/install/lbr_description:/home/gustav/P5-Kuka-Dual-Arm/install/fri_client_sdk:/opt/ros/humble LD_LIBRARY_PATH=/home/gustav/P5-Kuka-Dual-Arm/install/lbr_fri_ros2/lib:/home/gustav/P5-Kuka-Dual-Arm/install/lbr_fri_idl/lib:/home/gustav/P5-Kuka-Dual-Arm/install/fri_client_sdk/lib:${LD_LIBRARY_PATH} PKG_CONFIG_PATH=/home/gustav/P5-Kuka-Dual-Arm/install/fri_client_sdk/lib/x86_64-linux-gnu/pkgconfig:/home/gustav/P5-Kuka-Dual-Arm/install/fri_client_sdk/lib/pkgconfig PYTHONPATH=/home/gustav/P5-Kuka-Dual-Arm/install/lbr_fri_idl/local/lib/python3.10/dist-packages:${PYTHONPATH} /usr/bin/cmake /home/gustav/P5-Kuka-Dual-Arm/p5_ws/src/lbr_fri_ros2_stack/lbr_demos/lbr_demos_advanced_cpp -DCMAKE_INSTALL_PREFIX=/home/gustav/P5-Kuka-Dual-Arm/install/lbr_demos_advanced_cpp
[0.039s] -- Found ament_cmake: 1.3.10 (/opt/ros/humble/share/ament_cmake/cmake)
[0.229s] -- Found geometry_msgs: 4.2.4 (/opt/ros/humble/share/geometry_msgs/cmake)
[0.266s] -- Found rosidl_generator_c: 3.1.5 (/opt/ros/humble/share/rosidl_generator_c/cmake)
[0.270s] -- Found rosidl_adapter: 3.1.5 (/opt/ros/humble/share/rosidl_adapter/cmake)
[0.279s] -- Found rosidl_generator_cpp: 3.1.5 (/opt/ros/humble/share/rosidl_generator_cpp/cmake)
[0.295s] -- Using all available rosidl_typesupport_c: rosidl_typesupport_fastrtps_c;rosidl_typesupport_introspection_c
[0.315s] -- Using all available rosidl_typesupport_cpp: rosidl_typesupport_fastrtps_cpp;rosidl_typesupport_introspection_cpp
[0.363s] -- Found kdl_parser: 2.6.4 (/opt/ros/humble/share/kdl_parser/cmake)
[0.364s] -- Found eigen3_cmake_module: 0.1.1 (/opt/ros/humble/share/eigen3_cmake_module/cmake)
[0.366s] -- Ensuring Eigen3 include directory is part of orocos-kdl CMake target
[0.367s] -- Found lbr_fri_idl: 1.5.0 (/home/gustav/P5-Kuka-Dual-Arm/install/lbr_fri_idl/share/lbr_fri_idl/cmake)
[0.384s] -- Found lbr_fri_ros2: 2.0.0 (/home/gustav/P5-Kuka-Dual-Arm/install/lbr_fri_ros2/share/lbr_fri_ros2/cmake)
[0.507s] -- Found rmw_implementation_cmake: 6.1.2 (/opt/ros/humble/share/rmw_implementation_cmake/cmake)
[0.508s] -- Found rmw_fastrtps_cpp: 6.2.7 (/opt/ros/humble/share/rmw_fastrtps_cpp/cmake)
[0.597s] -- Using RMW implementation 'rmw_fastrtps_cpp' as default
[0.654s] -- Found parameter_traits: 0.3.8 (/opt/ros/humble/share/parameter_traits/cmake)
[0.663s] -- Found rclcpp_lifecycle: 16.0.10 (/opt/ros/humble/share/rclcpp_lifecycle/cmake)
[0.756s] -- Found rclcpp_components: 16.0.10 (/opt/ros/humble/share/rclcpp_components/cmake)
[0.840s] -- Configuring done
[0.893s] -- Generating done
[0.897s] -- Build files have been written to: /home/gustav/P5-Kuka-Dual-Arm/build/lbr_demos_advanced_cpp
[0.912s] Invoked command in '/home/gustav/P5-Kuka-Dual-Arm/build/lbr_demos_advanced_cpp' returned '0': AMENT_PREFIX_PATH=/home/gustav/P5-Kuka-Dual-Arm/install/lbr_fri_ros2:/home/gustav/P5-Kuka-Dual-Arm/install/lbr_fri_idl:/home/gustav/P5-Kuka-Dual-Arm/install/lbr_description:${AMENT_PREFIX_PATH} CMAKE_PREFIX_PATH=/home/gustav/P5-Kuka-Dual-Arm/install/lbr_fri_ros2:/home/gustav/P5-Kuka-Dual-Arm/install/lbr_fri_idl:/home/gustav/P5-Kuka-Dual-Arm/install/lbr_description:/home/gustav/P5-Kuka-Dual-Arm/install/fri_client_sdk:/opt/ros/humble LD_LIBRARY_PATH=/home/gustav/P5-Kuka-Dual-Arm/install/lbr_fri_ros2/lib:/home/gustav/P5-Kuka-Dual-Arm/install/lbr_fri_idl/lib:/home/gustav/P5-Kuka-Dual-Arm/install/fri_client_sdk/lib:${LD_LIBRARY_PATH} PKG_CONFIG_PATH=/home/gustav/P5-Kuka-Dual-Arm/install/fri_client_sdk/lib/x86_64-linux-gnu/pkgconfig:/home/gustav/P5-Kuka-Dual-Arm/install/fri_client_sdk/lib/pkgconfig PYTHONPATH=/home/gustav/P5-Kuka-Dual-Arm/install/lbr_fri_idl/local/lib/python3.10/dist-packages:${PYTHONPATH} /usr/bin/cmake /home/gustav/P5-Kuka-Dual-Arm/p5_ws/src/lbr_fri_ros2_stack/lbr_demos/lbr_demos_advanced_cpp -DCMAKE_INSTALL_PREFIX=/home/gustav/P5-Kuka-Dual-Arm/install/lbr_demos_advanced_cpp
[0.915s] Invoking command in '/home/gustav/P5-Kuka-Dual-Arm/build/lbr_demos_advanced_cpp': AMENT_PREFIX_PATH=/home/gustav/P5-Kuka-Dual-Arm/install/lbr_fri_ros2:/home/gustav/P5-Kuka-Dual-Arm/install/lbr_fri_idl:/home/gustav/P5-Kuka-Dual-Arm/install/lbr_description:${AMENT_PREFIX_PATH} CMAKE_PREFIX_PATH=/home/gustav/P5-Kuka-Dual-Arm/install/lbr_fri_ros2:/home/gustav/P5-Kuka-Dual-Arm/install/lbr_fri_idl:/home/gustav/P5-Kuka-Dual-Arm/install/lbr_description:/home/gustav/P5-Kuka-Dual-Arm/install/fri_client_sdk:/opt/ros/humble LD_LIBRARY_PATH=/home/gustav/P5-Kuka-Dual-Arm/install/lbr_fri_ros2/lib:/home/gustav/P5-Kuka-Dual-Arm/install/lbr_fri_idl/lib:/home/gustav/P5-Kuka-Dual-Arm/install/fri_client_sdk/lib:${LD_LIBRARY_PATH} PKG_CONFIG_PATH=/home/gustav/P5-Kuka-Dual-Arm/install/fri_client_sdk/lib/x86_64-linux-gnu/pkgconfig:/home/gustav/P5-Kuka-Dual-Arm/install/fri_client_sdk/lib/pkgconfig PYTHONPATH=/home/gustav/P5-Kuka-Dual-Arm/install/lbr_fri_idl/local/lib/python3.10/dist-packages:${PYTHONPATH} /usr/bin/cmake --build /home/gustav/P5-Kuka-Dual-Arm/build/lbr_demos_advanced_cpp -- -j8 -l8
[0.957s] [35m[1mConsolidate compiler generated dependencies of target admittance_control[0m
[0.958s] [35m[1mConsolidate compiler generated dependencies of target pose_planning_component[0m
[0.958s] [35m[1mConsolidate compiler generated dependencies of target admittance_control_component[0m
[0.958s] [35m[1mConsolidate compiler generated dependencies of target pose_control_component[0m
[0.958s] [35m[1mConsolidate compiler generated dependencies of target pose_planning[0m
[0.958s] [35m[1mConsolidate compiler generated dependencies of target pose_control[0m
[0.977s] [ 16%] Built target admittance_control
[0.977s] [ 33%] Built target pose_planning_component
[0.979s] [ 66%] Built target pose_planning
[0.979s] [ 50%] Built target pose_control
[0.982s] [ 83%] Built target admittance_control_component
[0.984s] [100%] Built target pose_control_component
[0.994s] Invoked command in '/home/gustav/P5-Kuka-Dual-Arm/build/lbr_demos_advanced_cpp' returned '0': AMENT_PREFIX_PATH=/home/gustav/P5-Kuka-Dual-Arm/install/lbr_fri_ros2:/home/gustav/P5-Kuka-Dual-Arm/install/lbr_fri_idl:/home/gustav/P5-Kuka-Dual-Arm/install/lbr_description:${AMENT_PREFIX_PATH} CMAKE_PREFIX_PATH=/home/gustav/P5-Kuka-Dual-Arm/install/lbr_fri_ros2:/home/gustav/P5-Kuka-Dual-Arm/install/lbr_fri_idl:/home/gustav/P5-Kuka-Dual-Arm/install/lbr_description:/home/gustav/P5-Kuka-Dual-Arm/install/fri_client_sdk:/opt/ros/humble LD_LIBRARY_PATH=/home/gustav/P5-Kuka-Dual-Arm/install/lbr_fri_ros2/lib:/home/gustav/P5-Kuka-Dual-Arm/install/lbr_fri_idl/lib:/home/gustav/P5-Kuka-Dual-Arm/install/fri_client_sdk/lib:${LD_LIBRARY_PATH} PKG_CONFIG_PATH=/home/gustav/P5-Kuka-Dual-Arm/install/fri_client_sdk/lib/x86_64-linux-gnu/pkgconfig:/home/gustav/P5-Kuka-Dual-Arm/install/fri_client_sdk/lib/pkgconfig PYTHONPATH=/home/gustav/P5-Kuka-Dual-Arm/install/lbr_fri_idl/local/lib/python3.10/dist-packages:${PYTHONPATH} /usr/bin/cmake --build /home/gustav/P5-Kuka-Dual-Arm/build/lbr_demos_advanced_cpp -- -j8 -l8
[1.027s] Invoking command in '/home/gustav/P5-Kuka-Dual-Arm/build/lbr_demos_advanced_cpp': AMENT_PREFIX_PATH=/home/gustav/P5-Kuka-Dual-Arm/install/lbr_fri_ros2:/home/gustav/P5-Kuka-Dual-Arm/install/lbr_fri_idl:/home/gustav/P5-Kuka-Dual-Arm/install/lbr_description:${AMENT_PREFIX_PATH} CMAKE_PREFIX_PATH=/home/gustav/P5-Kuka-Dual-Arm/install/lbr_fri_ros2:/home/gustav/P5-Kuka-Dual-Arm/install/lbr_fri_idl:/home/gustav/P5-Kuka-Dual-Arm/install/lbr_description:/home/gustav/P5-Kuka-Dual-Arm/install/fri_client_sdk:/opt/ros/humble LD_LIBRARY_PATH=/home/gustav/P5-Kuka-Dual-Arm/install/lbr_fri_ros2/lib:/home/gustav/P5-Kuka-Dual-Arm/install/lbr_fri_idl/lib:/home/gustav/P5-Kuka-Dual-Arm/install/fri_client_sdk/lib:${LD_LIBRARY_PATH} PKG_CONFIG_PATH=/home/gustav/P5-Kuka-Dual-Arm/install/fri_client_sdk/lib/x86_64-linux-gnu/pkgconfig:/home/gustav/P5-Kuka-Dual-Arm/install/fri_client_sdk/lib/pkgconfig PYTHONPATH=/home/gustav/P5-Kuka-Dual-Arm/install/lbr_fri_idl/local/lib/python3.10/dist-packages:${PYTHONPATH} /usr/bin/cmake --install /home/gustav/P5-Kuka-Dual-Arm/build/lbr_demos_advanced_cpp
[1.033s] -- Install configuration: "Release"
[1.034s] -- Up-to-date: /home/gustav/P5-Kuka-Dual-Arm/install/lbr_demos_advanced_cpp/lib/lbr_demos_advanced_cpp/admittance_control
[1.034s] -- Up-to-date: /home/gustav/P5-Kuka-Dual-Arm/install/lbr_demos_advanced_cpp/lib/lbr_demos_advanced_cpp/pose_planning
[1.034s] -- Up-to-date: /home/gustav/P5-Kuka-Dual-Arm/install/lbr_demos_advanced_cpp/lib/lbr_demos_advanced_cpp/pose_control
[1.034s] -- Up-to-date: /home/gustav/P5-Kuka-Dual-Arm/install/lbr_demos_advanced_cpp/lib/libadmittance_control_component.so
[1.035s] -- Up-to-date: /home/gustav/P5-Kuka-Dual-Arm/install/lbr_demos_advanced_cpp/lib/libpose_planning_component.so
[1.035s] -- Up-to-date: /home/gustav/P5-Kuka-Dual-Arm/install/lbr_demos_advanced_cpp/lib/libpose_control_component.so
[1.035s] -- Up-to-date: /home/gustav/P5-Kuka-Dual-Arm/install/lbr_demos_advanced_cpp/share/lbr_demos_advanced_cpp/config
[1.035s] -- Up-to-date: /home/gustav/P5-Kuka-Dual-Arm/install/lbr_demos_advanced_cpp/share/lbr_demos_advanced_cpp/config/admittance_control.yaml
[1.035s] -- Up-to-date: /home/gustav/P5-Kuka-Dual-Arm/install/lbr_demos_advanced_cpp/share/ament_index/resource_index/package_run_dependencies/lbr_demos_advanced_cpp
[1.035s] -- Installing: /home/gustav/P5-Kuka-Dual-Arm/install/lbr_demos_advanced_cpp/share/ament_index/resource_index/parent_prefix_path/lbr_demos_advanced_cpp
[1.036s] -- Up-to-date: /home/gustav/P5-Kuka-Dual-Arm/install/lbr_demos_advanced_cpp/share/lbr_demos_advanced_cpp/environment/ament_prefix_path.sh
[1.036s] -- Installing: /home/gustav/P5-Kuka-Dual-Arm/install/lbr_demos_advanced_cpp/share/lbr_demos_advanced_cpp/environment/ament_prefix_path.dsv
[1.036s] -- Up-to-date: /home/gustav/P5-Kuka-Dual-Arm/install/lbr_demos_advanced_cpp/share/lbr_demos_advanced_cpp/environment/path.sh
[1.036s] -- Installing: /home/gustav/P5-Kuka-Dual-Arm/install/lbr_demos_advanced_cpp/share/lbr_demos_advanced_cpp/environment/path.dsv
[1.036s] -- Up-to-date: /home/gustav/P5-Kuka-Dual-Arm/install/lbr_demos_advanced_cpp/share/lbr_demos_advanced_cpp/local_setup.bash
[1.036s] -- Up-to-date: /home/gustav/P5-Kuka-Dual-Arm/install/lbr_demos_advanced_cpp/share/lbr_demos_advanced_cpp/local_setup.sh
[1.037s] -- Up-to-date: /home/gustav/P5-Kuka-Dual-Arm/install/lbr_demos_advanced_cpp/share/lbr_demos_advanced_cpp/local_setup.zsh
[1.037s] -- Installing: /home/gustav/P5-Kuka-Dual-Arm/install/lbr_demos_advanced_cpp/share/lbr_demos_advanced_cpp/local_setup.dsv
[1.037s] -- Installing: /home/gustav/P5-Kuka-Dual-Arm/install/lbr_demos_advanced_cpp/share/lbr_demos_advanced_cpp/package.dsv
[1.037s] -- Up-to-date: /home/gustav/P5-Kuka-Dual-Arm/install/lbr_demos_advanced_cpp/share/ament_index/resource_index/packages/lbr_demos_advanced_cpp
[1.037s] -- Up-to-date: /home/gustav/P5-Kuka-Dual-Arm/install/lbr_demos_advanced_cpp/share/ament_index/resource_index/rclcpp_components/lbr_demos_advanced_cpp
[1.037s] -- Up-to-date: /home/gustav/P5-Kuka-Dual-Arm/install/lbr_demos_advanced_cpp/share/lbr_demos_advanced_cpp/cmake/lbr_demos_advanced_cppConfig.cmake
[1.037s] -- Up-to-date: /home/gustav/P5-Kuka-Dual-Arm/install/lbr_demos_advanced_cpp/share/lbr_demos_advanced_cpp/cmake/lbr_demos_advanced_cppConfig-version.cmake
[1.037s] -- Up-to-date: /home/gustav/P5-Kuka-Dual-Arm/install/lbr_demos_advanced_cpp/share/lbr_demos_advanced_cpp/package.xml
[1.038s] Invoked command in '/home/gustav/P5-Kuka-Dual-Arm/build/lbr_demos_advanced_cpp' returned '0': AMENT_PREFIX_PATH=/home/gustav/P5-Kuka-Dual-Arm/install/lbr_fri_ros2:/home/gustav/P5-Kuka-Dual-Arm/install/lbr_fri_idl:/home/gustav/P5-Kuka-Dual-Arm/install/lbr_description:${AMENT_PREFIX_PATH} CMAKE_PREFIX_PATH=/home/gustav/P5-Kuka-Dual-Arm/install/lbr_fri_ros2:/home/gustav/P5-Kuka-Dual-Arm/install/lbr_fri_idl:/home/gustav/P5-Kuka-Dual-Arm/install/lbr_description:/home/gustav/P5-Kuka-Dual-Arm/install/fri_client_sdk:/opt/ros/humble LD_LIBRARY_PATH=/home/gustav/P5-Kuka-Dual-Arm/install/lbr_fri_ros2/lib:/home/gustav/P5-Kuka-Dual-Arm/install/lbr_fri_idl/lib:/home/gustav/P5-Kuka-Dual-Arm/install/fri_client_sdk/lib:${LD_LIBRARY_PATH} PKG_CONFIG_PATH=/home/gustav/P5-Kuka-Dual-Arm/install/fri_client_sdk/lib/x86_64-linux-gnu/pkgconfig:/home/gustav/P5-Kuka-Dual-Arm/install/fri_client_sdk/lib/pkgconfig PYTHONPATH=/home/gustav/P5-Kuka-Dual-Arm/install/lbr_fri_idl/local/lib/python3.10/dist-packages:${PYTHONPATH} /usr/bin/cmake --install /home/gustav/P5-Kuka-Dual-Arm/build/lbr_demos_advanced_cpp
