[5.104s] Invoking command in '/home/gustav/P5-Kuka-Dual-Arm/p5_ws/src/robot_controller': AMENT_PREFIX_PATH=/home/gustav/P5-Kuka-Dual-Arm/install/lbr_fri_idl:${AMENT_PREFIX_PATH} CMAKE_PREFIX_PATH=/home/gustav/P5-Kuka-Dual-Arm/install/lbr_fri_idl:/home/gustav/P5-Kuka-Dual-Arm/install/fri_client_sdk:${CMAKE_PREFIX_PATH} LD_LIBRARY_PATH=/home/gustav/P5-Kuka-Dual-Arm/install/lbr_fri_idl/lib:/home/gustav/P5-Kuka-Dual-Arm/install/fri_client_sdk/lib:${LD_LIBRARY_PATH} PKG_CONFIG_PATH=/home/gustav/P5-Kuka-Dual-Arm/install/fri_client_sdk/lib/x86_64-linux-gnu/pkgconfig:/home/gustav/P5-Kuka-Dual-Arm/install/fri_client_sdk/lib/pkgconfig:${PKG_CONFIG_PATH} PYTHONPATH=/home/gustav/P5-Kuka-Dual-Arm/build/robot_controller/prefix_override:/usr/lib/python3/dist-packages/colcon_core/task/python/colcon_distutils_commands:/home/gustav/P5-Kuka-Dual-Arm/install/robot_controller/lib/python3.10/site-packages:/home/gustav/P5-Kuka-Dual-Arm/install/lbr_fri_idl/local/lib/python3.10/dist-packages:${PYTHONPATH} /usr/bin/python3 -W ignore:setup.py install is deprecated setup.py egg_info --egg-base ../../../build/robot_controller build --build-base /home/gustav/P5-Kuka-Dual-Arm/build/robot_controller/build install --record /home/gustav/P5-Kuka-Dual-Arm/build/robot_controller/install.log --single-version-externally-managed install_data
[7.049s] running egg_info
[7.053s] writing ../../../build/robot_controller/robot_controller.egg-info/PKG-INFO
[7.054s] writing dependency_links to ../../../build/robot_controller/robot_controller.egg-info/dependency_links.txt
[7.054s] writing entry points to ../../../build/robot_controller/robot_controller.egg-info/entry_points.txt
[7.055s] writing requirements to ../../../build/robot_controller/robot_controller.egg-info/requires.txt
[7.056s] writing top-level names to ../../../build/robot_controller/robot_controller.egg-info/top_level.txt
[7.066s] reading manifest file '../../../build/robot_controller/robot_controller.egg-info/SOURCES.txt'
[7.067s] adding license file 'LICENSE'
[7.072s] writing manifest file '../../../build/robot_controller/robot_controller.egg-info/SOURCES.txt'
[7.073s] running build
[7.073s] running build_py
[7.076s] running install
[7.078s] running install_lib
[7.083s] running install_data
[7.084s] running install_egg_info
[7.103s] removing '/home/gustav/P5-Kuka-Dual-Arm/install/robot_controller/lib/python3.10/site-packages/robot_controller-0.0.0-py3.10.egg-info' (and everything under it)
[7.107s] Copying ../../../build/robot_controller/robot_controller.egg-info to /home/gustav/P5-Kuka-Dual-Arm/install/robot_controller/lib/python3.10/site-packages/robot_controller-0.0.0-py3.10.egg-info
[7.111s] running install_scripts
[7.281s] Installing move_world script to /home/gustav/P5-Kuka-Dual-Arm/install/robot_controller/lib/robot_controller
[7.281s] writing list of installed files to '/home/gustav/P5-Kuka-Dual-Arm/build/robot_controller/install.log'
