[0.019s] Invoking command in '/home/gustav/P5-Kuka-Dual-Arm/build/fri_client_sdk': CMAKE_PREFIX_PATH=${CMAKE_PREFIX_PATH}:/home/gustav/lbr_stack/install/lbr_demos_py:/home/gustav/lbr_stack/install/lbr_demos_advanced_py:/opt/ros/humble /usr/bin/cmake /home/gustav/P5-Kuka-Dual-Arm/p5_ws/src/fri -DCMAKE_BUILD_TYPE=Release -DCMAKE_INSTALL_PREFIX=/home/gustav/P5-Kuka-Dual-Arm/install/fri_client_sdk
[0.100s] [0mFound nanopb of version: 0.2.8[0m
[0.100s] [0mFound FRIClient of version: 1.15[0m
[0.100s] -- Configuring FRIClient version 1.15
[0.103s] -- Configuring done
[0.111s] -- Generating done
[0.114s] -- Build files have been written to: /home/gustav/P5-Kuka-Dual-Arm/build/fri_client_sdk
[0.115s] Invoked command in '/home/gustav/P5-Kuka-Dual-Arm/build/fri_client_sdk' returned '0': CMAKE_PREFIX_PATH=${CMAKE_PREFIX_PATH}:/home/gustav/lbr_stack/install/lbr_demos_py:/home/gustav/lbr_stack/install/lbr_demos_advanced_py:/opt/ros/humble /usr/bin/cmake /home/gustav/P5-Kuka-Dual-Arm/p5_ws/src/fri -DCMAKE_BUILD_TYPE=Release -DCMAKE_INSTALL_PREFIX=/home/gustav/P5-Kuka-Dual-Arm/install/fri_client_sdk
[0.116s] Invoking command in '/home/gustav/P5-Kuka-Dual-Arm/build/fri_client_sdk': CMAKE_PREFIX_PATH=${CMAKE_PREFIX_PATH}:/home/gustav/lbr_stack/install/lbr_demos_py:/home/gustav/lbr_stack/install/lbr_demos_advanced_py:/opt/ros/humble /usr/bin/cmake --build /home/gustav/P5-Kuka-Dual-Arm/build/fri_client_sdk -- -j8 -l8
[0.192s] [35m[1mConsolidate compiler generated dependencies of target FRIClient[0m
[0.216s] [100%] Built target FRIClient
[0.240s] Invoked command in '/home/gustav/P5-Kuka-Dual-Arm/build/fri_client_sdk' returned '0': CMAKE_PREFIX_PATH=${CMAKE_PREFIX_PATH}:/home/gustav/lbr_stack/install/lbr_demos_py:/home/gustav/lbr_stack/install/lbr_demos_advanced_py:/opt/ros/humble /usr/bin/cmake --build /home/gustav/P5-Kuka-Dual-Arm/build/fri_client_sdk -- -j8 -l8
[0.331s] Invoking command in '/home/gustav/P5-Kuka-Dual-Arm/build/fri_client_sdk': CMAKE_PREFIX_PATH=${CMAKE_PREFIX_PATH}:/home/gustav/lbr_stack/install/lbr_demos_py:/home/gustav/lbr_stack/install/lbr_demos_advanced_py:/opt/ros/humble /usr/bin/cmake --install /home/gustav/P5-Kuka-Dual-Arm/build/fri_client_sdk
[0.343s] -- Install configuration: "Release"
[0.343s] -- Up-to-date: /home/gustav/P5-Kuka-Dual-Arm/install/fri_client_sdk/lib/libFRIClient.so
[0.344s] -- Up-to-date: /home/gustav/P5-Kuka-Dual-Arm/install/fri_client_sdk/include
[0.344s] -- Up-to-date: /home/gustav/P5-Kuka-Dual-Arm/install/fri_client_sdk/include/friConnectionIf.h
[0.345s] -- Up-to-date: /home/gustav/P5-Kuka-Dual-Arm/install/fri_client_sdk/include/friClientIf.h
[0.345s] -- Up-to-date: /home/gustav/P5-Kuka-Dual-Arm/install/fri_client_sdk/include/friLBRClient.h
[0.345s] -- Up-to-date: /home/gustav/P5-Kuka-Dual-Arm/install/fri_client_sdk/include/friUdpConnection.h
[0.345s] -- Up-to-date: /home/gustav/P5-Kuka-Dual-Arm/install/fri_client_sdk/include/friException.h
[0.346s] -- Up-to-date: /home/gustav/P5-Kuka-Dual-Arm/install/fri_client_sdk/include/friLBRState.h
[0.346s] -- Up-to-date: /home/gustav/P5-Kuka-Dual-Arm/install/fri_client_sdk/include/friClientVersion.h
[0.346s] -- Up-to-date: /home/gustav/P5-Kuka-Dual-Arm/install/fri_client_sdk/include/friClientApplication.h
[0.346s] -- Up-to-date: /home/gustav/P5-Kuka-Dual-Arm/install/fri_client_sdk/include/friLBRCommand.h
[0.348s] -- Up-to-date: /home/gustav/P5-Kuka-Dual-Arm/install/fri_client_sdk/include/friTransformationClient.h
[0.348s] -- Up-to-date: /home/gustav/P5-Kuka-Dual-Arm/install/fri_client_sdk/lib/cmake/FRIClient/FRIClientConfig.cmake
[0.348s] -- Up-to-date: /home/gustav/P5-Kuka-Dual-Arm/install/fri_client_sdk/lib/cmake/FRIClient/FRIClientConfig-release.cmake
[0.349s] -- Up-to-date: /home/gustav/P5-Kuka-Dual-Arm/install/fri_client_sdk/lib/cmake/FRIClient/FRIClientConfigVersion.cmake
[0.353s] Invoked command in '/home/gustav/P5-Kuka-Dual-Arm/build/fri_client_sdk' returned '0': CMAKE_PREFIX_PATH=${CMAKE_PREFIX_PATH}:/home/gustav/lbr_stack/install/lbr_demos_py:/home/gustav/lbr_stack/install/lbr_demos_advanced_py:/opt/ros/humble /usr/bin/cmake --install /home/gustav/P5-Kuka-Dual-Arm/build/fri_client_sdk
