[0.079s] Invoking command in '/home/gustav/P5-Kuka-Dual-Arm/build/tutorial_interfaces': CMAKE_PREFIX_PATH=${CMAKE_PREFIX_PATH}:/home/gustav/lbr_stack/install/lbr_demos_py:/home/gustav/lbr_stack/install/lbr_demos_advanced_py:/opt/ros/humble /usr/bin/cmake /home/gustav/P5-Kuka-Dual-Arm/p5_ws/src/tutorial_interfaces -DCMAKE_INSTALL_PREFIX=/home/gustav/P5-Kuka-Dual-Arm/install/tutorial_interfaces
[0.188s] -- The C compiler identification is GNU 11.4.0
[0.270s] -- The CXX compiler identification is GNU 11.4.0
[0.298s] -- Detecting C compiler ABI info
[0.402s] -- Detecting C compiler ABI info - done
[0.423s] -- Check for working C compiler: /usr/bin/cc - skipped
[0.423s] -- Detecting C compile features
[0.425s] -- Detecting C compile features - done
[0.430s] -- Detecting CXX compiler ABI info
[0.560s] -- Detecting CXX compiler ABI info - done
[0.577s] -- Check for working CXX compiler: /usr/bin/c++ - skipped
[0.577s] -- Detecting CXX compile features
[0.577s] -- Detecting CXX compile features - done
[0.581s] -- Found ament_cmake: 1.3.10 (/opt/ros/humble/share/ament_cmake/cmake)
[0.868s] -- Found Python3: /usr/bin/python3 (found version "3.10.12") found components: Interpreter 
[1.063s] -- Found ament_lint_auto: 0.12.11 (/opt/ros/humble/share/ament_lint_auto/cmake)
[1.256s] -- Found geometry_msgs: 4.2.4 (/opt/ros/humble/share/geometry_msgs/cmake)
[1.357s] -- Found rosidl_generator_c: 3.1.5 (/opt/ros/humble/share/rosidl_generator_c/cmake)
[1.371s] -- Found rosidl_adapter: 3.1.5 (/opt/ros/humble/share/rosidl_adapter/cmake)
[1.389s] -- Found rosidl_generator_cpp: 3.1.5 (/opt/ros/humble/share/rosidl_generator_cpp/cmake)
[1.421s] -- Using all available rosidl_typesupport_c: rosidl_typesupport_fastrtps_c;rosidl_typesupport_introspection_c
[1.460s] -- Using all available rosidl_typesupport_cpp: rosidl_typesupport_fastrtps_cpp;rosidl_typesupport_introspection_cpp
[1.546s] -- Found rosidl_default_generators: 1.2.0 (/opt/ros/humble/share/rosidl_default_generators/cmake)
[1.946s] -- Found ament_cmake_ros: 0.10.0 (/opt/ros/humble/share/ament_cmake_ros/cmake)
[2.660s] -- Using all available rosidl_typesupport_c: rosidl_typesupport_fastrtps_c;rosidl_typesupport_introspection_c
[2.943s] -- Using all available rosidl_typesupport_cpp: rosidl_typesupport_fastrtps_cpp;rosidl_typesupport_introspection_cpp
[3.019s] -- Found PythonInterp: /usr/bin/python3 (found suitable version "3.10.12", minimum required is "3.6") 
[3.022s] -- Found python_cmake_module: 0.10.0 (/opt/ros/humble/share/python_cmake_module/cmake)
[3.124s] -- Found PythonLibs: /usr/lib/x86_64-linux-gnu/libpython3.10.so (found suitable version "3.10.12", minimum required is "3.5") 
[3.124s] -- Using PYTHON_EXECUTABLE: /usr/bin/python3
[3.124s] -- Using PYTHON_INCLUDE_DIRS: /usr/include/python3.10
[3.124s] -- Using PYTHON_LIBRARIES: /usr/lib/x86_64-linux-gnu/libpython3.10.so
[3.187s] -- Found PythonExtra: .so  
[3.355s] -- Added test 'lint_cmake' to check CMake code style
[3.355s] -- Added test 'xmllint' to check XML markup files
[3.361s] -- Configuring done
[3.425s] -- Generating done
[3.429s] -- Build files have been written to: /home/gustav/P5-Kuka-Dual-Arm/build/tutorial_interfaces
[3.476s] Invoked command in '/home/gustav/P5-Kuka-Dual-Arm/build/tutorial_interfaces' returned '0': CMAKE_PREFIX_PATH=${CMAKE_PREFIX_PATH}:/home/gustav/lbr_stack/install/lbr_demos_py:/home/gustav/lbr_stack/install/lbr_demos_advanced_py:/opt/ros/humble /usr/bin/cmake /home/gustav/P5-Kuka-Dual-Arm/p5_ws/src/tutorial_interfaces -DCMAKE_INSTALL_PREFIX=/home/gustav/P5-Kuka-Dual-Arm/install/tutorial_interfaces
[3.476s] Invoking command in '/home/gustav/P5-Kuka-Dual-Arm/build/tutorial_interfaces': CMAKE_PREFIX_PATH=${CMAKE_PREFIX_PATH}:/home/gustav/lbr_stack/install/lbr_demos_py:/home/gustav/lbr_stack/install/lbr_demos_advanced_py:/opt/ros/humble /usr/bin/cmake --build /home/gustav/P5-Kuka-Dual-Arm/build/tutorial_interfaces -- -j8 -l8
[3.600s] [  2%] [34m[1mGenerating C code for ROS interfaces[0m
[3.602s] [  4%] [34m[1mGenerating C++ code for ROS interfaces[0m
[3.648s] [  4%] Built target ament_cmake_python_copy_tutorial_interfaces
[4.797s] [  4%] Built target tutorial_interfaces__cpp
[4.827s] [  6%] [34m[1mGenerating C++ type support for eProsima Fast-RTPS[0m
[4.856s] [  8%] [34m[1mGenerating C++ introspection for ROS interfaces[0m
[4.860s] [ 10%] [34m[1mGenerating C++ type support dispatch for ROS interfaces[0m
[4.971s] running egg_info
[4.978s] creating tutorial_interfaces.egg-info
[4.978s] writing tutorial_interfaces.egg-info/PKG-INFO
[4.978s] writing dependency_links to tutorial_interfaces.egg-info/dependency_links.txt
[4.983s] writing top-level names to tutorial_interfaces.egg-info/top_level.txt
[4.983s] writing manifest file 'tutorial_interfaces.egg-info/SOURCES.txt'
[5.006s] reading manifest file 'tutorial_interfaces.egg-info/SOURCES.txt'
[5.006s] writing manifest file 'tutorial_interfaces.egg-info/SOURCES.txt'
[5.152s] [ 10%] Built target ament_cmake_python_build_tutorial_interfaces_egg
[5.979s] [ 12%] [32mBuilding C object CMakeFiles/tutorial_interfaces__rosidl_generator_c.dir/rosidl_generator_c/tutorial_interfaces/msg/detail/num__functions.c.o[0m
[5.986s] [ 14%] [32mBuilding C object CMakeFiles/tutorial_interfaces__rosidl_generator_c.dir/rosidl_generator_c/tutorial_interfaces/srv/detail/get_six_ints__functions.c.o[0m
[6.007s] [ 17%] [32mBuilding C object CMakeFiles/tutorial_interfaces__rosidl_generator_c.dir/rosidl_generator_c/tutorial_interfaces/msg/detail/sphere__functions.c.o[0m
[6.623s] [ 19%] [32m[1mLinking C shared library libtutorial_interfaces__rosidl_generator_c.so[0m
[6.763s] [ 21%] [32mBuilding CXX object CMakeFiles/tutorial_interfaces__rosidl_typesupport_fastrtps_cpp.dir/rosidl_typesupport_fastrtps_cpp/tutorial_interfaces/msg/detail/dds_fastrtps/num__type_support.cpp.o[0m
[6.797s] [ 23%] [32mBuilding CXX object CMakeFiles/tutorial_interfaces__rosidl_typesupport_cpp.dir/rosidl_typesupport_cpp/tutorial_interfaces/msg/num__type_support.cpp.o[0m
[6.802s] [ 25%] [32mBuilding CXX object CMakeFiles/tutorial_interfaces__rosidl_typesupport_introspection_cpp.dir/rosidl_typesupport_introspection_cpp/tutorial_interfaces/msg/detail/sphere__type_support.cpp.o[0m
[6.804s] [ 27%] [32mBuilding CXX object CMakeFiles/tutorial_interfaces__rosidl_typesupport_fastrtps_cpp.dir/rosidl_typesupport_fastrtps_cpp/tutorial_interfaces/msg/detail/dds_fastrtps/sphere__type_support.cpp.o[0m
[6.807s] [ 29%] [32mBuilding CXX object CMakeFiles/tutorial_interfaces__rosidl_typesupport_fastrtps_cpp.dir/rosidl_typesupport_fastrtps_cpp/tutorial_interfaces/srv/detail/dds_fastrtps/get_six_ints__type_support.cpp.o[0m
[6.819s] [ 29%] Built target tutorial_interfaces__rosidl_generator_c
[6.819s] [ 31%] [32mBuilding CXX object CMakeFiles/tutorial_interfaces__rosidl_typesupport_introspection_cpp.dir/rosidl_typesupport_introspection_cpp/tutorial_interfaces/msg/detail/num__type_support.cpp.o[0m
[6.828s] [ 34%] [32mBuilding CXX object CMakeFiles/tutorial_interfaces__rosidl_typesupport_introspection_cpp.dir/rosidl_typesupport_introspection_cpp/tutorial_interfaces/srv/detail/get_six_ints__type_support.cpp.o[0m
[6.874s] [ 36%] [34m[1mGenerating C type support for eProsima Fast-RTPS[0m
[8.040s] [ 38%] [34m[1mGenerating C introspection for ROS interfaces[0m
[8.779s] [ 40%] [32mBuilding CXX object CMakeFiles/tutorial_interfaces__rosidl_typesupport_cpp.dir/rosidl_typesupport_cpp/tutorial_interfaces/msg/sphere__type_support.cpp.o[0m
[9.730s] [ 42%] [32mBuilding CXX object CMakeFiles/tutorial_interfaces__rosidl_typesupport_fastrtps_c.dir/rosidl_typesupport_fastrtps_c/tutorial_interfaces/msg/detail/num__type_support_c.cpp.o[0m
[9.856s] [ 44%] [32mBuilding CXX object CMakeFiles/tutorial_interfaces__rosidl_typesupport_fastrtps_c.dir/rosidl_typesupport_fastrtps_c/tutorial_interfaces/msg/detail/sphere__type_support_c.cpp.o[0m
[9.996s] [ 46%] [32mBuilding CXX object CMakeFiles/tutorial_interfaces__rosidl_typesupport_fastrtps_c.dir/rosidl_typesupport_fastrtps_c/tutorial_interfaces/srv/detail/get_six_ints__type_support_c.cpp.o[0m
[10.038s] [ 48%] [32m[1mLinking CXX shared library libtutorial_interfaces__rosidl_typesupport_introspection_cpp.so[0m
[10.159s] [ 51%] [32mBuilding CXX object CMakeFiles/tutorial_interfaces__rosidl_typesupport_cpp.dir/rosidl_typesupport_cpp/tutorial_interfaces/srv/get_six_ints__type_support.cpp.o[0m
[10.296s] [ 53%] [32mBuilding C object CMakeFiles/tutorial_interfaces__rosidl_typesupport_introspection_c.dir/rosidl_typesupport_introspection_c/tutorial_interfaces/msg/detail/num__type_support.c.o[0m
[10.374s] [ 55%] [32m[1mLinking CXX shared library libtutorial_interfaces__rosidl_typesupport_fastrtps_cpp.so[0m
[10.467s] [ 55%] Built target tutorial_interfaces__rosidl_typesupport_introspection_cpp
[10.520s] [ 57%] [32mBuilding C object CMakeFiles/tutorial_interfaces__rosidl_typesupport_introspection_c.dir/rosidl_typesupport_introspection_c/tutorial_interfaces/msg/detail/sphere__type_support.c.o[0m
[10.532s] [ 59%] [32mBuilding C object CMakeFiles/tutorial_interfaces__rosidl_typesupport_introspection_c.dir/rosidl_typesupport_introspection_c/tutorial_interfaces/srv/detail/get_six_ints__type_support.c.o[0m
[10.661s] [ 61%] [34m[1mGenerating C type support dispatch for ROS interfaces[0m
[10.725s] [ 63%] [32m[1mLinking C shared library libtutorial_interfaces__rosidl_typesupport_introspection_c.so[0m
[10.742s] [ 63%] Built target tutorial_interfaces__rosidl_typesupport_fastrtps_cpp
[10.852s] [ 63%] Built target tutorial_interfaces__rosidl_typesupport_introspection_c
[11.860s] [ 65%] [32m[1mLinking CXX shared library libtutorial_interfaces__rosidl_typesupport_cpp.so[0m
[12.087s] [ 68%] [32m[1mLinking CXX shared library libtutorial_interfaces__rosidl_typesupport_fastrtps_c.so[0m
[12.120s] [ 68%] Built target tutorial_interfaces__rosidl_typesupport_cpp
[12.629s] [ 68%] Built target tutorial_interfaces__rosidl_typesupport_fastrtps_c
[12.946s] [ 70%] [32mBuilding CXX object CMakeFiles/tutorial_interfaces__rosidl_typesupport_c.dir/rosidl_typesupport_c/tutorial_interfaces/msg/num__type_support.cpp.o[0m
[12.957s] [ 72%] [32mBuilding CXX object CMakeFiles/tutorial_interfaces__rosidl_typesupport_c.dir/rosidl_typesupport_c/tutorial_interfaces/srv/get_six_ints__type_support.cpp.o[0m
[12.972s] [ 74%] [32mBuilding CXX object CMakeFiles/tutorial_interfaces__rosidl_typesupport_c.dir/rosidl_typesupport_c/tutorial_interfaces/msg/sphere__type_support.cpp.o[0m
[13.105s] [ 76%] [32m[1mLinking CXX shared library libtutorial_interfaces__rosidl_typesupport_c.so[0m
[13.315s] [ 76%] Built target tutorial_interfaces__rosidl_typesupport_c
[13.439s] [ 76%] Built target tutorial_interfaces
[13.505s] [ 78%] [34m[1mGenerating Python code for ROS interfaces[0m
[16.136s] [ 78%] Built target tutorial_interfaces__py
[16.208s] [ 80%] [32mBuilding C object CMakeFiles/tutorial_interfaces__rosidl_generator_py.dir/rosidl_generator_py/tutorial_interfaces/msg/_sphere_s.c.o[0m
[16.209s] [ 82%] [32mBuilding C object CMakeFiles/tutorial_interfaces__rosidl_generator_py.dir/rosidl_generator_py/tutorial_interfaces/msg/_num_s.c.o[0m
[16.236s] [ 85%] [32mBuilding C object CMakeFiles/tutorial_interfaces__rosidl_generator_py.dir/rosidl_generator_py/tutorial_interfaces/srv/_get_six_ints_s.c.o[0m
[16.620s] [ 87%] [32m[1mLinking C shared library rosidl_generator_py/tutorial_interfaces/libtutorial_interfaces__rosidl_generator_py.so[0m
[16.762s] [ 87%] Built target tutorial_interfaces__rosidl_generator_py
[16.847s] [ 89%] [32mBuilding C object CMakeFiles/tutorial_interfaces__rosidl_typesupport_introspection_c__pyext.dir/rosidl_generator_py/tutorial_interfaces/_tutorial_interfaces_s.ep.rosidl_typesupport_introspection_c.c.o[0m
[16.865s] [ 91%] [32mBuilding C object CMakeFiles/tutorial_interfaces__rosidl_typesupport_fastrtps_c__pyext.dir/rosidl_generator_py/tutorial_interfaces/_tutorial_interfaces_s.ep.rosidl_typesupport_fastrtps_c.c.o[0m
[16.881s] [ 93%] [32mBuilding C object CMakeFiles/tutorial_interfaces__rosidl_typesupport_c__pyext.dir/rosidl_generator_py/tutorial_interfaces/_tutorial_interfaces_s.ep.rosidl_typesupport_c.c.o[0m
[17.173s] [ 95%] [32m[1mLinking C shared library rosidl_generator_py/tutorial_interfaces/tutorial_interfaces_s__rosidl_typesupport_fastrtps_c.cpython-310-x86_64-linux-gnu.so[0m
[17.330s] [ 95%] Built target tutorial_interfaces__rosidl_typesupport_fastrtps_c__pyext
[17.561s] [ 97%] [32m[1mLinking C shared library rosidl_generator_py/tutorial_interfaces/tutorial_interfaces_s__rosidl_typesupport_introspection_c.cpython-310-x86_64-linux-gnu.so[0m
[17.603s] [100%] [32m[1mLinking C shared library rosidl_generator_py/tutorial_interfaces/tutorial_interfaces_s__rosidl_typesupport_c.cpython-310-x86_64-linux-gnu.so[0m
[17.716s] [100%] Built target tutorial_interfaces__rosidl_typesupport_c__pyext
[17.724s] [100%] Built target tutorial_interfaces__rosidl_typesupport_introspection_c__pyext
[17.813s] Invoked command in '/home/gustav/P5-Kuka-Dual-Arm/build/tutorial_interfaces' returned '0': CMAKE_PREFIX_PATH=${CMAKE_PREFIX_PATH}:/home/gustav/lbr_stack/install/lbr_demos_py:/home/gustav/lbr_stack/install/lbr_demos_advanced_py:/opt/ros/humble /usr/bin/cmake --build /home/gustav/P5-Kuka-Dual-Arm/build/tutorial_interfaces -- -j8 -l8
[18.519s] Invoking command in '/home/gustav/P5-Kuka-Dual-Arm/build/tutorial_interfaces': CMAKE_PREFIX_PATH=${CMAKE_PREFIX_PATH}:/home/gustav/lbr_stack/install/lbr_demos_py:/home/gustav/lbr_stack/install/lbr_demos_advanced_py:/opt/ros/humble /usr/bin/cmake --install /home/gustav/P5-Kuka-Dual-Arm/build/tutorial_interfaces
[18.530s] -- Install configuration: ""
[18.530s] -- Installing: /home/gustav/P5-Kuka-Dual-Arm/install/tutorial_interfaces/share/ament_index/resource_index/rosidl_interfaces/tutorial_interfaces
[18.530s] -- Installing: /home/gustav/P5-Kuka-Dual-Arm/install/tutorial_interfaces/include/tutorial_interfaces/tutorial_interfaces
[18.530s] -- Installing: /home/gustav/P5-Kuka-Dual-Arm/install/tutorial_interfaces/include/tutorial_interfaces/tutorial_interfaces/msg
[18.531s] -- Installing: /home/gustav/P5-Kuka-Dual-Arm/install/tutorial_interfaces/include/tutorial_interfaces/tutorial_interfaces/msg/rosidl_generator_c__visibility_control.h
[18.531s] -- Installing: /home/gustav/P5-Kuka-Dual-Arm/install/tutorial_interfaces/include/tutorial_interfaces/tutorial_interfaces/msg/num.h
[18.531s] -- Installing: /home/gustav/P5-Kuka-Dual-Arm/install/tutorial_interfaces/include/tutorial_interfaces/tutorial_interfaces/msg/sphere.h
[18.531s] -- Installing: /home/gustav/P5-Kuka-Dual-Arm/install/tutorial_interfaces/include/tutorial_interfaces/tutorial_interfaces/msg/detail
[18.531s] -- Installing: /home/gustav/P5-Kuka-Dual-Arm/install/tutorial_interfaces/include/tutorial_interfaces/tutorial_interfaces/msg/detail/num__functions.c
[18.532s] -- Installing: /home/gustav/P5-Kuka-Dual-Arm/install/tutorial_interfaces/include/tutorial_interfaces/tutorial_interfaces/msg/detail/num__functions.h
[18.532s] -- Installing: /home/gustav/P5-Kuka-Dual-Arm/install/tutorial_interfaces/include/tutorial_interfaces/tutorial_interfaces/msg/detail/sphere__functions.c
[18.532s] -- Installing: /home/gustav/P5-Kuka-Dual-Arm/install/tutorial_interfaces/include/tutorial_interfaces/tutorial_interfaces/msg/detail/sphere__functions.h
[18.532s] -- Installing: /home/gustav/P5-Kuka-Dual-Arm/install/tutorial_interfaces/include/tutorial_interfaces/tutorial_interfaces/msg/detail/num__type_support.h
[18.532s] -- Installing: /home/gustav/P5-Kuka-Dual-Arm/install/tutorial_interfaces/include/tutorial_interfaces/tutorial_interfaces/msg/detail/num__struct.h
[18.532s] -- Installing: /home/gustav/P5-Kuka-Dual-Arm/install/tutorial_interfaces/include/tutorial_interfaces/tutorial_interfaces/msg/detail/sphere__type_support.h
[18.533s] -- Installing: /home/gustav/P5-Kuka-Dual-Arm/install/tutorial_interfaces/include/tutorial_interfaces/tutorial_interfaces/msg/detail/sphere__struct.h
[18.533s] -- Installing: /home/gustav/P5-Kuka-Dual-Arm/install/tutorial_interfaces/include/tutorial_interfaces/tutorial_interfaces/srv
[18.533s] -- Installing: /home/gustav/P5-Kuka-Dual-Arm/install/tutorial_interfaces/include/tutorial_interfaces/tutorial_interfaces/srv/get_six_ints.h
[18.533s] -- Installing: /home/gustav/P5-Kuka-Dual-Arm/install/tutorial_interfaces/include/tutorial_interfaces/tutorial_interfaces/srv/detail
[18.535s] -- Installing: /home/gustav/P5-Kuka-Dual-Arm/install/tutorial_interfaces/include/tutorial_interfaces/tutorial_interfaces/srv/detail/get_six_ints__functions.h
[18.539s] -- Installing: /home/gustav/P5-Kuka-Dual-Arm/install/tutorial_interfaces/include/tutorial_interfaces/tutorial_interfaces/srv/detail/get_six_ints__struct.h
[18.539s] -- Installing: /home/gustav/P5-Kuka-Dual-Arm/install/tutorial_interfaces/include/tutorial_interfaces/tutorial_interfaces/srv/detail/get_six_ints__functions.c
[18.539s] -- Installing: /home/gustav/P5-Kuka-Dual-Arm/install/tutorial_interfaces/include/tutorial_interfaces/tutorial_interfaces/srv/detail/get_six_ints__type_support.h
[18.539s] -- Installing: /home/gustav/P5-Kuka-Dual-Arm/install/tutorial_interfaces/share/tutorial_interfaces/environment/library_path.sh
[18.539s] -- Installing: /home/gustav/P5-Kuka-Dual-Arm/install/tutorial_interfaces/share/tutorial_interfaces/environment/library_path.dsv
[18.540s] -- Installing: /home/gustav/P5-Kuka-Dual-Arm/install/tutorial_interfaces/lib/libtutorial_interfaces__rosidl_generator_c.so
[18.541s] -- Set runtime path of "/home/gustav/P5-Kuka-Dual-Arm/install/tutorial_interfaces/lib/libtutorial_interfaces__rosidl_generator_c.so" to ""
[18.541s] -- Up-to-date: /home/gustav/P5-Kuka-Dual-Arm/install/tutorial_interfaces/include/tutorial_interfaces/tutorial_interfaces
[18.542s] -- Up-to-date: /home/gustav/P5-Kuka-Dual-Arm/install/tutorial_interfaces/include/tutorial_interfaces/tutorial_interfaces/msg
[18.542s] -- Installing: /home/gustav/P5-Kuka-Dual-Arm/install/tutorial_interfaces/include/tutorial_interfaces/tutorial_interfaces/msg/rosidl_typesupport_fastrtps_c__visibility_control.h
[18.542s] -- Up-to-date: /home/gustav/P5-Kuka-Dual-Arm/install/tutorial_interfaces/include/tutorial_interfaces/tutorial_interfaces/msg/detail
[18.542s] -- Installing: /home/gustav/P5-Kuka-Dual-Arm/install/tutorial_interfaces/include/tutorial_interfaces/tutorial_interfaces/msg/detail/sphere__rosidl_typesupport_fastrtps_c.h
[18.543s] -- Installing: /home/gustav/P5-Kuka-Dual-Arm/install/tutorial_interfaces/include/tutorial_interfaces/tutorial_interfaces/msg/detail/num__rosidl_typesupport_fastrtps_c.h
[18.543s] -- Up-to-date: /home/gustav/P5-Kuka-Dual-Arm/install/tutorial_interfaces/include/tutorial_interfaces/tutorial_interfaces/srv
[18.543s] -- Up-to-date: /home/gustav/P5-Kuka-Dual-Arm/install/tutorial_interfaces/include/tutorial_interfaces/tutorial_interfaces/srv/detail
[18.544s] -- Installing: /home/gustav/P5-Kuka-Dual-Arm/install/tutorial_interfaces/include/tutorial_interfaces/tutorial_interfaces/srv/detail/get_six_ints__rosidl_typesupport_fastrtps_c.h
[18.544s] -- Installing: /home/gustav/P5-Kuka-Dual-Arm/install/tutorial_interfaces/lib/libtutorial_interfaces__rosidl_typesupport_fastrtps_c.so
[18.544s] -- Set runtime path of "/home/gustav/P5-Kuka-Dual-Arm/install/tutorial_interfaces/lib/libtutorial_interfaces__rosidl_typesupport_fastrtps_c.so" to ""
[18.545s] -- Up-to-date: /home/gustav/P5-Kuka-Dual-Arm/install/tutorial_interfaces/include/tutorial_interfaces/tutorial_interfaces
[18.545s] -- Up-to-date: /home/gustav/P5-Kuka-Dual-Arm/install/tutorial_interfaces/include/tutorial_interfaces/tutorial_interfaces/msg
[18.545s] -- Installing: /home/gustav/P5-Kuka-Dual-Arm/install/tutorial_interfaces/include/tutorial_interfaces/tutorial_interfaces/msg/num.hpp
[18.545s] -- Up-to-date: /home/gustav/P5-Kuka-Dual-Arm/install/tutorial_interfaces/include/tutorial_interfaces/tutorial_interfaces/msg/detail
[18.547s] -- Installing: /home/gustav/P5-Kuka-Dual-Arm/install/tutorial_interfaces/include/tutorial_interfaces/tutorial_interfaces/msg/detail/num__builder.hpp
[18.547s] -- Installing: /home/gustav/P5-Kuka-Dual-Arm/install/tutorial_interfaces/include/tutorial_interfaces/tutorial_interfaces/msg/detail/sphere__traits.hpp
[18.548s] -- Installing: /home/gustav/P5-Kuka-Dual-Arm/install/tutorial_interfaces/include/tutorial_interfaces/tutorial_interfaces/msg/detail/sphere__struct.hpp
[18.548s] -- Installing: /home/gustav/P5-Kuka-Dual-Arm/install/tutorial_interfaces/include/tutorial_interfaces/tutorial_interfaces/msg/detail/sphere__builder.hpp
[18.548s] -- Installing: /home/gustav/P5-Kuka-Dual-Arm/install/tutorial_interfaces/include/tutorial_interfaces/tutorial_interfaces/msg/detail/num__struct.hpp
[18.548s] -- Installing: /home/gustav/P5-Kuka-Dual-Arm/install/tutorial_interfaces/include/tutorial_interfaces/tutorial_interfaces/msg/detail/num__traits.hpp
[18.549s] -- Installing: /home/gustav/P5-Kuka-Dual-Arm/install/tutorial_interfaces/include/tutorial_interfaces/tutorial_interfaces/msg/sphere.hpp
[18.549s] -- Up-to-date: /home/gustav/P5-Kuka-Dual-Arm/install/tutorial_interfaces/include/tutorial_interfaces/tutorial_interfaces/srv
[18.549s] -- Installing: /home/gustav/P5-Kuka-Dual-Arm/install/tutorial_interfaces/include/tutorial_interfaces/tutorial_interfaces/srv/get_six_ints.hpp
[18.549s] -- Up-to-date: /home/gustav/P5-Kuka-Dual-Arm/install/tutorial_interfaces/include/tutorial_interfaces/tutorial_interfaces/srv/detail
[18.550s] -- Installing: /home/gustav/P5-Kuka-Dual-Arm/install/tutorial_interfaces/include/tutorial_interfaces/tutorial_interfaces/srv/detail/get_six_ints__traits.hpp
[18.550s] -- Installing: /home/gustav/P5-Kuka-Dual-Arm/install/tutorial_interfaces/include/tutorial_interfaces/tutorial_interfaces/srv/detail/get_six_ints__struct.hpp
[18.551s] -- Installing: /home/gustav/P5-Kuka-Dual-Arm/install/tutorial_interfaces/include/tutorial_interfaces/tutorial_interfaces/srv/detail/get_six_ints__builder.hpp
[18.551s] -- Up-to-date: /home/gustav/P5-Kuka-Dual-Arm/install/tutorial_interfaces/include/tutorial_interfaces/tutorial_interfaces
[18.551s] -- Up-to-date: /home/gustav/P5-Kuka-Dual-Arm/install/tutorial_interfaces/include/tutorial_interfaces/tutorial_interfaces/msg
[18.552s] -- Up-to-date: /home/gustav/P5-Kuka-Dual-Arm/install/tutorial_interfaces/include/tutorial_interfaces/tutorial_interfaces/msg/detail
[18.552s] -- Installing: /home/gustav/P5-Kuka-Dual-Arm/install/tutorial_interfaces/include/tutorial_interfaces/tutorial_interfaces/msg/detail/num__rosidl_typesupport_fastrtps_cpp.hpp
[18.552s] -- Installing: /home/gustav/P5-Kuka-Dual-Arm/install/tutorial_interfaces/include/tutorial_interfaces/tutorial_interfaces/msg/detail/sphere__rosidl_typesupport_fastrtps_cpp.hpp
[18.553s] -- Installing: /home/gustav/P5-Kuka-Dual-Arm/install/tutorial_interfaces/include/tutorial_interfaces/tutorial_interfaces/msg/detail/dds_fastrtps
[18.553s] -- Installing: /home/gustav/P5-Kuka-Dual-Arm/install/tutorial_interfaces/include/tutorial_interfaces/tutorial_interfaces/msg/rosidl_typesupport_fastrtps_cpp__visibility_control.h
[18.553s] -- Up-to-date: /home/gustav/P5-Kuka-Dual-Arm/install/tutorial_interfaces/include/tutorial_interfaces/tutorial_interfaces/srv
[18.554s] -- Up-to-date: /home/gustav/P5-Kuka-Dual-Arm/install/tutorial_interfaces/include/tutorial_interfaces/tutorial_interfaces/srv/detail
[18.554s] -- Installing: /home/gustav/P5-Kuka-Dual-Arm/install/tutorial_interfaces/include/tutorial_interfaces/tutorial_interfaces/srv/detail/get_six_ints__rosidl_typesupport_fastrtps_cpp.hpp
[18.554s] -- Installing: /home/gustav/P5-Kuka-Dual-Arm/install/tutorial_interfaces/include/tutorial_interfaces/tutorial_interfaces/srv/detail/dds_fastrtps
[18.554s] -- Installing: /home/gustav/P5-Kuka-Dual-Arm/install/tutorial_interfaces/lib/libtutorial_interfaces__rosidl_typesupport_fastrtps_cpp.so
[18.562s] -- Set runtime path of "/home/gustav/P5-Kuka-Dual-Arm/install/tutorial_interfaces/lib/libtutorial_interfaces__rosidl_typesupport_fastrtps_cpp.so" to ""
[18.562s] -- Up-to-date: /home/gustav/P5-Kuka-Dual-Arm/install/tutorial_interfaces/include/tutorial_interfaces/tutorial_interfaces
[18.562s] -- Up-to-date: /home/gustav/P5-Kuka-Dual-Arm/install/tutorial_interfaces/include/tutorial_interfaces/tutorial_interfaces/msg
[18.563s] -- Installing: /home/gustav/P5-Kuka-Dual-Arm/install/tutorial_interfaces/include/tutorial_interfaces/tutorial_interfaces/msg/rosidl_typesupport_introspection_c__visibility_control.h
[18.563s] -- Up-to-date: /home/gustav/P5-Kuka-Dual-Arm/install/tutorial_interfaces/include/tutorial_interfaces/tutorial_interfaces/msg/detail
[18.563s] -- Installing: /home/gustav/P5-Kuka-Dual-Arm/install/tutorial_interfaces/include/tutorial_interfaces/tutorial_interfaces/msg/detail/num__rosidl_typesupport_introspection_c.h
[18.563s] -- Installing: /home/gustav/P5-Kuka-Dual-Arm/install/tutorial_interfaces/include/tutorial_interfaces/tutorial_interfaces/msg/detail/num__type_support.c
[18.563s] -- Installing: /home/gustav/P5-Kuka-Dual-Arm/install/tutorial_interfaces/include/tutorial_interfaces/tutorial_interfaces/msg/detail/sphere__type_support.c
[18.563s] -- Installing: /home/gustav/P5-Kuka-Dual-Arm/install/tutorial_interfaces/include/tutorial_interfaces/tutorial_interfaces/msg/detail/sphere__rosidl_typesupport_introspection_c.h
[18.563s] -- Up-to-date: /home/gustav/P5-Kuka-Dual-Arm/install/tutorial_interfaces/include/tutorial_interfaces/tutorial_interfaces/srv
[18.563s] -- Up-to-date: /home/gustav/P5-Kuka-Dual-Arm/install/tutorial_interfaces/include/tutorial_interfaces/tutorial_interfaces/srv/detail
[18.563s] -- Installing: /home/gustav/P5-Kuka-Dual-Arm/install/tutorial_interfaces/include/tutorial_interfaces/tutorial_interfaces/srv/detail/get_six_ints__type_support.c
[18.563s] -- Installing: /home/gustav/P5-Kuka-Dual-Arm/install/tutorial_interfaces/include/tutorial_interfaces/tutorial_interfaces/srv/detail/get_six_ints__rosidl_typesupport_introspection_c.h
[18.564s] -- Installing: /home/gustav/P5-Kuka-Dual-Arm/install/tutorial_interfaces/lib/libtutorial_interfaces__rosidl_typesupport_introspection_c.so
[18.564s] -- Set runtime path of "/home/gustav/P5-Kuka-Dual-Arm/install/tutorial_interfaces/lib/libtutorial_interfaces__rosidl_typesupport_introspection_c.so" to ""
[18.564s] -- Installing: /home/gustav/P5-Kuka-Dual-Arm/install/tutorial_interfaces/lib/libtutorial_interfaces__rosidl_typesupport_c.so
[18.564s] -- Set runtime path of "/home/gustav/P5-Kuka-Dual-Arm/install/tutorial_interfaces/lib/libtutorial_interfaces__rosidl_typesupport_c.so" to ""
[18.564s] -- Up-to-date: /home/gustav/P5-Kuka-Dual-Arm/install/tutorial_interfaces/include/tutorial_interfaces/tutorial_interfaces
[18.564s] -- Up-to-date: /home/gustav/P5-Kuka-Dual-Arm/install/tutorial_interfaces/include/tutorial_interfaces/tutorial_interfaces/msg
[18.564s] -- Up-to-date: /home/gustav/P5-Kuka-Dual-Arm/install/tutorial_interfaces/include/tutorial_interfaces/tutorial_interfaces/msg/detail
[18.564s] -- Installing: /home/gustav/P5-Kuka-Dual-Arm/install/tutorial_interfaces/include/tutorial_interfaces/tutorial_interfaces/msg/detail/sphere__type_support.cpp
[18.564s] -- Installing: /home/gustav/P5-Kuka-Dual-Arm/install/tutorial_interfaces/include/tutorial_interfaces/tutorial_interfaces/msg/detail/num__rosidl_typesupport_introspection_cpp.hpp
[18.564s] -- Installing: /home/gustav/P5-Kuka-Dual-Arm/install/tutorial_interfaces/include/tutorial_interfaces/tutorial_interfaces/msg/detail/sphere__rosidl_typesupport_introspection_cpp.hpp
[18.565s] -- Installing: /home/gustav/P5-Kuka-Dual-Arm/install/tutorial_interfaces/include/tutorial_interfaces/tutorial_interfaces/msg/detail/num__type_support.cpp
[18.565s] -- Up-to-date: /home/gustav/P5-Kuka-Dual-Arm/install/tutorial_interfaces/include/tutorial_interfaces/tutorial_interfaces/srv
[18.565s] -- Up-to-date: /home/gustav/P5-Kuka-Dual-Arm/install/tutorial_interfaces/include/tutorial_interfaces/tutorial_interfaces/srv/detail
[18.565s] -- Installing: /home/gustav/P5-Kuka-Dual-Arm/install/tutorial_interfaces/include/tutorial_interfaces/tutorial_interfaces/srv/detail/get_six_ints__rosidl_typesupport_introspection_cpp.hpp
[18.565s] -- Installing: /home/gustav/P5-Kuka-Dual-Arm/install/tutorial_interfaces/include/tutorial_interfaces/tutorial_interfaces/srv/detail/get_six_ints__type_support.cpp
[18.565s] -- Installing: /home/gustav/P5-Kuka-Dual-Arm/install/tutorial_interfaces/lib/libtutorial_interfaces__rosidl_typesupport_introspection_cpp.so
[18.565s] -- Set runtime path of "/home/gustav/P5-Kuka-Dual-Arm/install/tutorial_interfaces/lib/libtutorial_interfaces__rosidl_typesupport_introspection_cpp.so" to ""
[18.565s] -- Installing: /home/gustav/P5-Kuka-Dual-Arm/install/tutorial_interfaces/lib/libtutorial_interfaces__rosidl_typesupport_cpp.so
[18.566s] -- Set runtime path of "/home/gustav/P5-Kuka-Dual-Arm/install/tutorial_interfaces/lib/libtutorial_interfaces__rosidl_typesupport_cpp.so" to ""
[18.566s] -- Installing: /home/gustav/P5-Kuka-Dual-Arm/install/tutorial_interfaces/share/tutorial_interfaces/environment/pythonpath.sh
[18.566s] -- Installing: /home/gustav/P5-Kuka-Dual-Arm/install/tutorial_interfaces/share/tutorial_interfaces/environment/pythonpath.dsv
[18.566s] -- Installing: /home/gustav/P5-Kuka-Dual-Arm/install/tutorial_interfaces/local/lib/python3.10/dist-packages/tutorial_interfaces-0.0.0-py3.10.egg-info
[18.566s] -- Installing: /home/gustav/P5-Kuka-Dual-Arm/install/tutorial_interfaces/local/lib/python3.10/dist-packages/tutorial_interfaces-0.0.0-py3.10.egg-info/dependency_links.txt
[18.566s] -- Installing: /home/gustav/P5-Kuka-Dual-Arm/install/tutorial_interfaces/local/lib/python3.10/dist-packages/tutorial_interfaces-0.0.0-py3.10.egg-info/PKG-INFO
[18.566s] -- Installing: /home/gustav/P5-Kuka-Dual-Arm/install/tutorial_interfaces/local/lib/python3.10/dist-packages/tutorial_interfaces-0.0.0-py3.10.egg-info/SOURCES.txt
[18.566s] -- Installing: /home/gustav/P5-Kuka-Dual-Arm/install/tutorial_interfaces/local/lib/python3.10/dist-packages/tutorial_interfaces-0.0.0-py3.10.egg-info/top_level.txt
[18.566s] -- Installing: /home/gustav/P5-Kuka-Dual-Arm/install/tutorial_interfaces/local/lib/python3.10/dist-packages/tutorial_interfaces
[18.566s] -- Installing: /home/gustav/P5-Kuka-Dual-Arm/install/tutorial_interfaces/local/lib/python3.10/dist-packages/tutorial_interfaces/libtutorial_interfaces__rosidl_generator_py.so
[18.584s] -- Installing: /home/gustav/P5-Kuka-Dual-Arm/install/tutorial_interfaces/local/lib/python3.10/dist-packages/tutorial_interfaces/_tutorial_interfaces_s.ep.rosidl_typesupport_c.c
[18.585s] -- Installing: /home/gustav/P5-Kuka-Dual-Arm/install/tutorial_interfaces/local/lib/python3.10/dist-packages/tutorial_interfaces/tutorial_interfaces_s__rosidl_typesupport_fastrtps_c.cpython-310-x86_64-linux-gnu.so
[18.585s] -- Installing: /home/gustav/P5-Kuka-Dual-Arm/install/tutorial_interfaces/local/lib/python3.10/dist-packages/tutorial_interfaces/tutorial_interfaces_s__rosidl_typesupport_c.cpython-310-x86_64-linux-gnu.so
[18.585s] -- Installing: /home/gustav/P5-Kuka-Dual-Arm/install/tutorial_interfaces/local/lib/python3.10/dist-packages/tutorial_interfaces/msg
[18.585s] -- Installing: /home/gustav/P5-Kuka-Dual-Arm/install/tutorial_interfaces/local/lib/python3.10/dist-packages/tutorial_interfaces/msg/_sphere.py
[18.585s] -- Installing: /home/gustav/P5-Kuka-Dual-Arm/install/tutorial_interfaces/local/lib/python3.10/dist-packages/tutorial_interfaces/msg/_sphere_s.c
[18.585s] -- Installing: /home/gustav/P5-Kuka-Dual-Arm/install/tutorial_interfaces/local/lib/python3.10/dist-packages/tutorial_interfaces/msg/__init__.py
[18.585s] -- Installing: /home/gustav/P5-Kuka-Dual-Arm/install/tutorial_interfaces/local/lib/python3.10/dist-packages/tutorial_interfaces/msg/_num.py
[18.585s] -- Installing: /home/gustav/P5-Kuka-Dual-Arm/install/tutorial_interfaces/local/lib/python3.10/dist-packages/tutorial_interfaces/msg/_num_s.c
[18.585s] -- Installing: /home/gustav/P5-Kuka-Dual-Arm/install/tutorial_interfaces/local/lib/python3.10/dist-packages/tutorial_interfaces/_tutorial_interfaces_s.ep.rosidl_typesupport_introspection_c.c
[18.585s] -- Installing: /home/gustav/P5-Kuka-Dual-Arm/install/tutorial_interfaces/local/lib/python3.10/dist-packages/tutorial_interfaces/__init__.py
[18.586s] -- Installing: /home/gustav/P5-Kuka-Dual-Arm/install/tutorial_interfaces/local/lib/python3.10/dist-packages/tutorial_interfaces/srv
[18.586s] -- Installing: /home/gustav/P5-Kuka-Dual-Arm/install/tutorial_interfaces/local/lib/python3.10/dist-packages/tutorial_interfaces/srv/_get_six_ints_s.c
[18.586s] -- Installing: /home/gustav/P5-Kuka-Dual-Arm/install/tutorial_interfaces/local/lib/python3.10/dist-packages/tutorial_interfaces/srv/__init__.py
[18.586s] -- Installing: /home/gustav/P5-Kuka-Dual-Arm/install/tutorial_interfaces/local/lib/python3.10/dist-packages/tutorial_interfaces/srv/_get_six_ints.py
[18.586s] -- Installing: /home/gustav/P5-Kuka-Dual-Arm/install/tutorial_interfaces/local/lib/python3.10/dist-packages/tutorial_interfaces/_tutorial_interfaces_s.ep.rosidl_typesupport_fastrtps_c.c
[18.586s] -- Installing: /home/gustav/P5-Kuka-Dual-Arm/install/tutorial_interfaces/local/lib/python3.10/dist-packages/tutorial_interfaces/tutorial_interfaces_s__rosidl_typesupport_introspection_c.cpython-310-x86_64-linux-gnu.so
[18.634s] Listing '/home/gustav/P5-Kuka-Dual-Arm/install/tutorial_interfaces/local/lib/python3.10/dist-packages/tutorial_interfaces'...
[18.634s] Compiling '/home/gustav/P5-Kuka-Dual-Arm/install/tutorial_interfaces/local/lib/python3.10/dist-packages/tutorial_interfaces/__init__.py'...
[18.634s] Listing '/home/gustav/P5-Kuka-Dual-Arm/install/tutorial_interfaces/local/lib/python3.10/dist-packages/tutorial_interfaces/msg'...
[18.635s] Compiling '/home/gustav/P5-Kuka-Dual-Arm/install/tutorial_interfaces/local/lib/python3.10/dist-packages/tutorial_interfaces/msg/__init__.py'...
[18.635s] Compiling '/home/gustav/P5-Kuka-Dual-Arm/install/tutorial_interfaces/local/lib/python3.10/dist-packages/tutorial_interfaces/msg/_num.py'...
[18.635s] Compiling '/home/gustav/P5-Kuka-Dual-Arm/install/tutorial_interfaces/local/lib/python3.10/dist-packages/tutorial_interfaces/msg/_sphere.py'...
[18.635s] Listing '/home/gustav/P5-Kuka-Dual-Arm/install/tutorial_interfaces/local/lib/python3.10/dist-packages/tutorial_interfaces/srv'...
[18.635s] Compiling '/home/gustav/P5-Kuka-Dual-Arm/install/tutorial_interfaces/local/lib/python3.10/dist-packages/tutorial_interfaces/srv/__init__.py'...
[18.635s] Compiling '/home/gustav/P5-Kuka-Dual-Arm/install/tutorial_interfaces/local/lib/python3.10/dist-packages/tutorial_interfaces/srv/_get_six_ints.py'...
[18.640s] -- Installing: /home/gustav/P5-Kuka-Dual-Arm/install/tutorial_interfaces/local/lib/python3.10/dist-packages/tutorial_interfaces/tutorial_interfaces_s__rosidl_typesupport_fastrtps_c.cpython-310-x86_64-linux-gnu.so
[18.641s] -- Set runtime path of "/home/gustav/P5-Kuka-Dual-Arm/install/tutorial_interfaces/local/lib/python3.10/dist-packages/tutorial_interfaces/tutorial_interfaces_s__rosidl_typesupport_fastrtps_c.cpython-310-x86_64-linux-gnu.so" to ""
[18.642s] -- Installing: /home/gustav/P5-Kuka-Dual-Arm/install/tutorial_interfaces/local/lib/python3.10/dist-packages/tutorial_interfaces/tutorial_interfaces_s__rosidl_typesupport_introspection_c.cpython-310-x86_64-linux-gnu.so
[18.642s] -- Set runtime path of "/home/gustav/P5-Kuka-Dual-Arm/install/tutorial_interfaces/local/lib/python3.10/dist-packages/tutorial_interfaces/tutorial_interfaces_s__rosidl_typesupport_introspection_c.cpython-310-x86_64-linux-gnu.so" to ""
[18.643s] -- Installing: /home/gustav/P5-Kuka-Dual-Arm/install/tutorial_interfaces/local/lib/python3.10/dist-packages/tutorial_interfaces/tutorial_interfaces_s__rosidl_typesupport_c.cpython-310-x86_64-linux-gnu.so
[18.643s] -- Set runtime path of "/home/gustav/P5-Kuka-Dual-Arm/install/tutorial_interfaces/local/lib/python3.10/dist-packages/tutorial_interfaces/tutorial_interfaces_s__rosidl_typesupport_c.cpython-310-x86_64-linux-gnu.so" to ""
[18.644s] -- Installing: /home/gustav/P5-Kuka-Dual-Arm/install/tutorial_interfaces/lib/libtutorial_interfaces__rosidl_generator_py.so
[18.644s] -- Set runtime path of "/home/gustav/P5-Kuka-Dual-Arm/install/tutorial_interfaces/lib/libtutorial_interfaces__rosidl_generator_py.so" to ""
[18.645s] -- Installing: /home/gustav/P5-Kuka-Dual-Arm/install/tutorial_interfaces/share/tutorial_interfaces/msg/Num.idl
[18.646s] -- Installing: /home/gustav/P5-Kuka-Dual-Arm/install/tutorial_interfaces/share/tutorial_interfaces/msg/Sphere.idl
[18.646s] -- Installing: /home/gustav/P5-Kuka-Dual-Arm/install/tutorial_interfaces/share/tutorial_interfaces/srv/GetSixInts.idl
[18.646s] -- Installing: /home/gustav/P5-Kuka-Dual-Arm/install/tutorial_interfaces/share/tutorial_interfaces/msg/Num.msg
[18.647s] -- Installing: /home/gustav/P5-Kuka-Dual-Arm/install/tutorial_interfaces/share/tutorial_interfaces/msg/Sphere.msg
[18.647s] -- Installing: /home/gustav/P5-Kuka-Dual-Arm/install/tutorial_interfaces/share/tutorial_interfaces/srv/GetSixInts.srv
[18.648s] -- Installing: /home/gustav/P5-Kuka-Dual-Arm/install/tutorial_interfaces/share/tutorial_interfaces/srv/GetSixInts_Request.msg
[18.648s] -- Installing: /home/gustav/P5-Kuka-Dual-Arm/install/tutorial_interfaces/share/tutorial_interfaces/srv/GetSixInts_Response.msg
[18.648s] -- Installing: /home/gustav/P5-Kuka-Dual-Arm/install/tutorial_interfaces/share/ament_index/resource_index/package_run_dependencies/tutorial_interfaces
[18.649s] -- Installing: /home/gustav/P5-Kuka-Dual-Arm/install/tutorial_interfaces/share/ament_index/resource_index/parent_prefix_path/tutorial_interfaces
[18.649s] -- Installing: /home/gustav/P5-Kuka-Dual-Arm/install/tutorial_interfaces/share/tutorial_interfaces/environment/ament_prefix_path.sh
[18.650s] -- Installing: /home/gustav/P5-Kuka-Dual-Arm/install/tutorial_interfaces/share/tutorial_interfaces/environment/ament_prefix_path.dsv
[18.650s] -- Installing: /home/gustav/P5-Kuka-Dual-Arm/install/tutorial_interfaces/share/tutorial_interfaces/environment/path.sh
[18.650s] -- Installing: /home/gustav/P5-Kuka-Dual-Arm/install/tutorial_interfaces/share/tutorial_interfaces/environment/path.dsv
[18.651s] -- Installing: /home/gustav/P5-Kuka-Dual-Arm/install/tutorial_interfaces/share/tutorial_interfaces/local_setup.bash
[18.651s] -- Installing: /home/gustav/P5-Kuka-Dual-Arm/install/tutorial_interfaces/share/tutorial_interfaces/local_setup.sh
[18.652s] -- Installing: /home/gustav/P5-Kuka-Dual-Arm/install/tutorial_interfaces/share/tutorial_interfaces/local_setup.zsh
[18.652s] -- Installing: /home/gustav/P5-Kuka-Dual-Arm/install/tutorial_interfaces/share/tutorial_interfaces/local_setup.dsv
[18.652s] -- Installing: /home/gustav/P5-Kuka-Dual-Arm/install/tutorial_interfaces/share/tutorial_interfaces/package.dsv
[18.653s] -- Installing: /home/gustav/P5-Kuka-Dual-Arm/install/tutorial_interfaces/share/ament_index/resource_index/packages/tutorial_interfaces
[18.653s] -- Installing: /home/gustav/P5-Kuka-Dual-Arm/install/tutorial_interfaces/share/tutorial_interfaces/cmake/export_tutorial_interfaces__rosidl_generator_cExport.cmake
[18.654s] -- Installing: /home/gustav/P5-Kuka-Dual-Arm/install/tutorial_interfaces/share/tutorial_interfaces/cmake/export_tutorial_interfaces__rosidl_generator_cExport-noconfig.cmake
[18.654s] -- Installing: /home/gustav/P5-Kuka-Dual-Arm/install/tutorial_interfaces/share/tutorial_interfaces/cmake/export_tutorial_interfaces__rosidl_typesupport_fastrtps_cExport.cmake
[18.655s] -- Installing: /home/gustav/P5-Kuka-Dual-Arm/install/tutorial_interfaces/share/tutorial_interfaces/cmake/export_tutorial_interfaces__rosidl_typesupport_fastrtps_cExport-noconfig.cmake
[18.655s] -- Installing: /home/gustav/P5-Kuka-Dual-Arm/install/tutorial_interfaces/share/tutorial_interfaces/cmake/export_tutorial_interfaces__rosidl_generator_cppExport.cmake
[18.655s] -- Installing: /home/gustav/P5-Kuka-Dual-Arm/install/tutorial_interfaces/share/tutorial_interfaces/cmake/export_tutorial_interfaces__rosidl_typesupport_fastrtps_cppExport.cmake
[18.656s] -- Installing: /home/gustav/P5-Kuka-Dual-Arm/install/tutorial_interfaces/share/tutorial_interfaces/cmake/export_tutorial_interfaces__rosidl_typesupport_fastrtps_cppExport-noconfig.cmake
[18.656s] -- Installing: /home/gustav/P5-Kuka-Dual-Arm/install/tutorial_interfaces/share/tutorial_interfaces/cmake/tutorial_interfaces__rosidl_typesupport_introspection_cExport.cmake
[18.657s] -- Installing: /home/gustav/P5-Kuka-Dual-Arm/install/tutorial_interfaces/share/tutorial_interfaces/cmake/tutorial_interfaces__rosidl_typesupport_introspection_cExport-noconfig.cmake
[18.657s] -- Installing: /home/gustav/P5-Kuka-Dual-Arm/install/tutorial_interfaces/share/tutorial_interfaces/cmake/tutorial_interfaces__rosidl_typesupport_cExport.cmake
[18.658s] -- Installing: /home/gustav/P5-Kuka-Dual-Arm/install/tutorial_interfaces/share/tutorial_interfaces/cmake/tutorial_interfaces__rosidl_typesupport_cExport-noconfig.cmake
[18.658s] -- Installing: /home/gustav/P5-Kuka-Dual-Arm/install/tutorial_interfaces/share/tutorial_interfaces/cmake/tutorial_interfaces__rosidl_typesupport_introspection_cppExport.cmake
[18.658s] -- Installing: /home/gustav/P5-Kuka-Dual-Arm/install/tutorial_interfaces/share/tutorial_interfaces/cmake/tutorial_interfaces__rosidl_typesupport_introspection_cppExport-noconfig.cmake
[18.659s] -- Installing: /home/gustav/P5-Kuka-Dual-Arm/install/tutorial_interfaces/share/tutorial_interfaces/cmake/tutorial_interfaces__rosidl_typesupport_cppExport.cmake
[18.660s] -- Installing: /home/gustav/P5-Kuka-Dual-Arm/install/tutorial_interfaces/share/tutorial_interfaces/cmake/tutorial_interfaces__rosidl_typesupport_cppExport-noconfig.cmake
[18.660s] -- Installing: /home/gustav/P5-Kuka-Dual-Arm/install/tutorial_interfaces/share/tutorial_interfaces/cmake/export_tutorial_interfaces__rosidl_generator_pyExport.cmake
[18.660s] -- Installing: /home/gustav/P5-Kuka-Dual-Arm/install/tutorial_interfaces/share/tutorial_interfaces/cmake/export_tutorial_interfaces__rosidl_generator_pyExport-noconfig.cmake
[18.661s] -- Installing: /home/gustav/P5-Kuka-Dual-Arm/install/tutorial_interfaces/share/tutorial_interfaces/cmake/rosidl_cmake-extras.cmake
[18.661s] -- Installing: /home/gustav/P5-Kuka-Dual-Arm/install/tutorial_interfaces/share/tutorial_interfaces/cmake/ament_cmake_export_dependencies-extras.cmake
[18.662s] -- Installing: /home/gustav/P5-Kuka-Dual-Arm/install/tutorial_interfaces/share/tutorial_interfaces/cmake/ament_cmake_export_include_directories-extras.cmake
[18.662s] -- Installing: /home/gustav/P5-Kuka-Dual-Arm/install/tutorial_interfaces/share/tutorial_interfaces/cmake/ament_cmake_export_libraries-extras.cmake
[18.662s] -- Installing: /home/gustav/P5-Kuka-Dual-Arm/install/tutorial_interfaces/share/tutorial_interfaces/cmake/ament_cmake_export_targets-extras.cmake
[18.663s] -- Installing: /home/gustav/P5-Kuka-Dual-Arm/install/tutorial_interfaces/share/tutorial_interfaces/cmake/rosidl_cmake_export_typesupport_targets-extras.cmake
[18.663s] -- Installing: /home/gustav/P5-Kuka-Dual-Arm/install/tutorial_interfaces/share/tutorial_interfaces/cmake/rosidl_cmake_export_typesupport_libraries-extras.cmake
[18.664s] -- Installing: /home/gustav/P5-Kuka-Dual-Arm/install/tutorial_interfaces/share/tutorial_interfaces/cmake/tutorial_interfacesConfig.cmake
[18.664s] -- Installing: /home/gustav/P5-Kuka-Dual-Arm/install/tutorial_interfaces/share/tutorial_interfaces/cmake/tutorial_interfacesConfig-version.cmake
[18.664s] -- Installing: /home/gustav/P5-Kuka-Dual-Arm/install/tutorial_interfaces/share/tutorial_interfaces/package.xml
[18.668s] Invoked command in '/home/gustav/P5-Kuka-Dual-Arm/build/tutorial_interfaces' returned '0': CMAKE_PREFIX_PATH=${CMAKE_PREFIX_PATH}:/home/gustav/lbr_stack/install/lbr_demos_py:/home/gustav/lbr_stack/install/lbr_demos_advanced_py:/opt/ros/humble /usr/bin/cmake --install /home/gustav/P5-Kuka-Dual-Arm/build/tutorial_interfaces
