[0.020s] Invoking command in '/home/gustav/P5-Kuka-Dual-Arm/build/lbr_ros2_control': AMENT_PREFIX_PATH=/home/gustav/P5-Kuka-Dual-Arm/install/lbr_fri_ros2:/home/gustav/P5-Kuka-Dual-Arm/install/lbr_fri_idl:/home/gustav/P5-Kuka-Dual-Arm/install/lbr_description:${AMENT_PREFIX_PATH} CMAKE_PREFIX_PATH=/home/gustav/P5-Kuka-Dual-Arm/install/lbr_fri_ros2:/home/gustav/P5-Kuka-Dual-Arm/install/lbr_fri_idl:/home/gustav/P5-Kuka-Dual-Arm/install/lbr_description:/home/gustav/P5-Kuka-Dual-Arm/install/fri_client_sdk:/opt/ros/humble LD_LIBRARY_PATH=/home/gustav/P5-Kuka-Dual-Arm/install/lbr_fri_ros2/lib:/home/gustav/P5-Kuka-Dual-Arm/install/lbr_fri_idl/lib:/home/gustav/P5-Kuka-Dual-Arm/install/fri_client_sdk/lib:${LD_LIBRARY_PATH} PKG_CONFIG_PATH=/home/gustav/P5-Kuka-Dual-Arm/install/fri_client_sdk/lib/x86_64-linux-gnu/pkgconfig:/home/gustav/P5-Kuka-Dual-Arm/install/fri_client_sdk/lib/pkgconfig PYTHONPATH=/home/gustav/P5-Kuka-Dual-Arm/install/lbr_fri_idl/local/lib/python3.10/dist-packages:${PYTHONPATH} /usr/bin/cmake /home/gustav/P5-Kuka-Dual-Arm/p5_ws/src/lbr_fri_ros2_stack/lbr_ros2_control -DCMAKE_INSTALL_PREFIX=/home/gustav/P5-Kuka-Dual-Arm/install/lbr_ros2_control
[0.033s] -- Found ament_cmake: 1.3.10 (/opt/ros/humble/share/ament_cmake/cmake)
[0.214s] -- Found controller_interface: 2.43.1 (/opt/ros/humble/share/controller_interface/cmake)
[0.258s] -- Found rosidl_generator_c: 3.1.5 (/opt/ros/humble/share/rosidl_generator_c/cmake)
[0.262s] -- Found rosidl_adapter: 3.1.5 (/opt/ros/humble/share/rosidl_adapter/cmake)
[0.271s] -- Found rosidl_generator_cpp: 3.1.5 (/opt/ros/humble/share/rosidl_generator_cpp/cmake)
[0.288s] -- Using all available rosidl_typesupport_c: rosidl_typesupport_fastrtps_c;rosidl_typesupport_introspection_c
[0.310s] -- Using all available rosidl_typesupport_cpp: rosidl_typesupport_fastrtps_cpp;rosidl_typesupport_introspection_cpp
[0.605s] -- Found rmw_implementation_cmake: 6.1.2 (/opt/ros/humble/share/rmw_implementation_cmake/cmake)
[0.607s] -- Found rmw_fastrtps_cpp: 6.2.7 (/opt/ros/humble/share/rmw_fastrtps_cpp/cmake)
[0.639s] -- Found TinyXML2 via Config file: TinyXML2_DIR-NOTFOUND
[0.651s] -- Found TinyXML2 via Config file: TinyXML2_DIR-NOTFOUND
[0.688s] -- Found TinyXML2 via Config file: TinyXML2_DIR-NOTFOUND
[0.712s] -- Found TinyXML2 via Config file: TinyXML2_DIR-NOTFOUND
[0.751s] -- Using RMW implementation 'rmw_fastrtps_cpp' as default
[0.790s] -- Found lbr_fri_idl: 1.5.0 (/home/gustav/P5-Kuka-Dual-Arm/install/lbr_fri_idl/share/lbr_fri_idl/cmake)
[0.811s] -- Found lbr_fri_ros2: 2.0.0 (/home/gustav/P5-Kuka-Dual-Arm/install/lbr_fri_ros2/share/lbr_fri_ros2/cmake)
[0.834s] -- Found parameter_traits: 0.3.8 (/opt/ros/humble/share/parameter_traits/cmake)
[0.850s] -- Ensuring Eigen3 include directory is part of orocos-kdl CMake target
[0.855s] -- Found kinematics_interface: 0.3.0 (/opt/ros/humble/share/kinematics_interface/cmake)
[0.960s] -- Configuring done
[1.009s] -- Generating done
[1.012s] -- Build files have been written to: /home/gustav/P5-Kuka-Dual-Arm/build/lbr_ros2_control
[1.026s] Invoked command in '/home/gustav/P5-Kuka-Dual-Arm/build/lbr_ros2_control' returned '0': AMENT_PREFIX_PATH=/home/gustav/P5-Kuka-Dual-Arm/install/lbr_fri_ros2:/home/gustav/P5-Kuka-Dual-Arm/install/lbr_fri_idl:/home/gustav/P5-Kuka-Dual-Arm/install/lbr_description:${AMENT_PREFIX_PATH} CMAKE_PREFIX_PATH=/home/gustav/P5-Kuka-Dual-Arm/install/lbr_fri_ros2:/home/gustav/P5-Kuka-Dual-Arm/install/lbr_fri_idl:/home/gustav/P5-Kuka-Dual-Arm/install/lbr_description:/home/gustav/P5-Kuka-Dual-Arm/install/fri_client_sdk:/opt/ros/humble LD_LIBRARY_PATH=/home/gustav/P5-Kuka-Dual-Arm/install/lbr_fri_ros2/lib:/home/gustav/P5-Kuka-Dual-Arm/install/lbr_fri_idl/lib:/home/gustav/P5-Kuka-Dual-Arm/install/fri_client_sdk/lib:${LD_LIBRARY_PATH} PKG_CONFIG_PATH=/home/gustav/P5-Kuka-Dual-Arm/install/fri_client_sdk/lib/x86_64-linux-gnu/pkgconfig:/home/gustav/P5-Kuka-Dual-Arm/install/fri_client_sdk/lib/pkgconfig PYTHONPATH=/home/gustav/P5-Kuka-Dual-Arm/install/lbr_fri_idl/local/lib/python3.10/dist-packages:${PYTHONPATH} /usr/bin/cmake /home/gustav/P5-Kuka-Dual-Arm/p5_ws/src/lbr_fri_ros2_stack/lbr_ros2_control -DCMAKE_INSTALL_PREFIX=/home/gustav/P5-Kuka-Dual-Arm/install/lbr_ros2_control
[1.027s] Invoking command in '/home/gustav/P5-Kuka-Dual-Arm/build/lbr_ros2_control': AMENT_PREFIX_PATH=/home/gustav/P5-Kuka-Dual-Arm/install/lbr_fri_ros2:/home/gustav/P5-Kuka-Dual-Arm/install/lbr_fri_idl:/home/gustav/P5-Kuka-Dual-Arm/install/lbr_description:${AMENT_PREFIX_PATH} CMAKE_PREFIX_PATH=/home/gustav/P5-Kuka-Dual-Arm/install/lbr_fri_ros2:/home/gustav/P5-Kuka-Dual-Arm/install/lbr_fri_idl:/home/gustav/P5-Kuka-Dual-Arm/install/lbr_description:/home/gustav/P5-Kuka-Dual-Arm/install/fri_client_sdk:/opt/ros/humble LD_LIBRARY_PATH=/home/gustav/P5-Kuka-Dual-Arm/install/lbr_fri_ros2/lib:/home/gustav/P5-Kuka-Dual-Arm/install/lbr_fri_idl/lib:/home/gustav/P5-Kuka-Dual-Arm/install/fri_client_sdk/lib:${LD_LIBRARY_PATH} PKG_CONFIG_PATH=/home/gustav/P5-Kuka-Dual-Arm/install/fri_client_sdk/lib/x86_64-linux-gnu/pkgconfig:/home/gustav/P5-Kuka-Dual-Arm/install/fri_client_sdk/lib/pkgconfig PYTHONPATH=/home/gustav/P5-Kuka-Dual-Arm/install/lbr_fri_idl/local/lib/python3.10/dist-packages:${PYTHONPATH} /usr/bin/cmake --build /home/gustav/P5-Kuka-Dual-Arm/build/lbr_ros2_control -- -j8 -l8
[1.071s] [35m[1mConsolidate compiler generated dependencies of target lbr_ros2_control[0m
[1.095s] [100%] Built target lbr_ros2_control
[1.107s] Invoked command in '/home/gustav/P5-Kuka-Dual-Arm/build/lbr_ros2_control' returned '0': AMENT_PREFIX_PATH=/home/gustav/P5-Kuka-Dual-Arm/install/lbr_fri_ros2:/home/gustav/P5-Kuka-Dual-Arm/install/lbr_fri_idl:/home/gustav/P5-Kuka-Dual-Arm/install/lbr_description:${AMENT_PREFIX_PATH} CMAKE_PREFIX_PATH=/home/gustav/P5-Kuka-Dual-Arm/install/lbr_fri_ros2:/home/gustav/P5-Kuka-Dual-Arm/install/lbr_fri_idl:/home/gustav/P5-Kuka-Dual-Arm/install/lbr_description:/home/gustav/P5-Kuka-Dual-Arm/install/fri_client_sdk:/opt/ros/humble LD_LIBRARY_PATH=/home/gustav/P5-Kuka-Dual-Arm/install/lbr_fri_ros2/lib:/home/gustav/P5-Kuka-Dual-Arm/install/lbr_fri_idl/lib:/home/gustav/P5-Kuka-Dual-Arm/install/fri_client_sdk/lib:${LD_LIBRARY_PATH} PKG_CONFIG_PATH=/home/gustav/P5-Kuka-Dual-Arm/install/fri_client_sdk/lib/x86_64-linux-gnu/pkgconfig:/home/gustav/P5-Kuka-Dual-Arm/install/fri_client_sdk/lib/pkgconfig PYTHONPATH=/home/gustav/P5-Kuka-Dual-Arm/install/lbr_fri_idl/local/lib/python3.10/dist-packages:${PYTHONPATH} /usr/bin/cmake --build /home/gustav/P5-Kuka-Dual-Arm/build/lbr_ros2_control -- -j8 -l8
[1.133s] Invoking command in '/home/gustav/P5-Kuka-Dual-Arm/build/lbr_ros2_control': AMENT_PREFIX_PATH=/home/gustav/P5-Kuka-Dual-Arm/install/lbr_fri_ros2:/home/gustav/P5-Kuka-Dual-Arm/install/lbr_fri_idl:/home/gustav/P5-Kuka-Dual-Arm/install/lbr_description:${AMENT_PREFIX_PATH} CMAKE_PREFIX_PATH=/home/gustav/P5-Kuka-Dual-Arm/install/lbr_fri_ros2:/home/gustav/P5-Kuka-Dual-Arm/install/lbr_fri_idl:/home/gustav/P5-Kuka-Dual-Arm/install/lbr_description:/home/gustav/P5-Kuka-Dual-Arm/install/fri_client_sdk:/opt/ros/humble LD_LIBRARY_PATH=/home/gustav/P5-Kuka-Dual-Arm/install/lbr_fri_ros2/lib:/home/gustav/P5-Kuka-Dual-Arm/install/lbr_fri_idl/lib:/home/gustav/P5-Kuka-Dual-Arm/install/fri_client_sdk/lib:${LD_LIBRARY_PATH} PKG_CONFIG_PATH=/home/gustav/P5-Kuka-Dual-Arm/install/fri_client_sdk/lib/x86_64-linux-gnu/pkgconfig:/home/gustav/P5-Kuka-Dual-Arm/install/fri_client_sdk/lib/pkgconfig PYTHONPATH=/home/gustav/P5-Kuka-Dual-Arm/install/lbr_fri_idl/local/lib/python3.10/dist-packages:${PYTHONPATH} /usr/bin/cmake --install /home/gustav/P5-Kuka-Dual-Arm/build/lbr_ros2_control
[1.140s] -- Install configuration: "Release"
[1.140s] -- Up-to-date: /home/gustav/P5-Kuka-Dual-Arm/install/lbr_ros2_control/share/lbr_ros2_control/plugin_description_files/broadcasters.xml
[1.140s] -- Up-to-date: /home/gustav/P5-Kuka-Dual-Arm/install/lbr_ros2_control/share/lbr_ros2_control/plugin_description_files/forward_command_controllers.xml
[1.140s] -- Up-to-date: /home/gustav/P5-Kuka-Dual-Arm/install/lbr_ros2_control/share/lbr_ros2_control/plugin_description_files/system_interface.xml
[1.140s] -- Up-to-date: /home/gustav/P5-Kuka-Dual-Arm/install/lbr_ros2_control/share/lbr_ros2_control/environment/library_path.sh
[1.140s] -- Installing: /home/gustav/P5-Kuka-Dual-Arm/install/lbr_ros2_control/share/lbr_ros2_control/environment/library_path.dsv
[1.141s] -- Up-to-date: /home/gustav/P5-Kuka-Dual-Arm/install/lbr_ros2_control/include
[1.141s] -- Up-to-date: /home/gustav/P5-Kuka-Dual-Arm/install/lbr_ros2_control/include/lbr_ros2_control
[1.141s] -- Up-to-date: /home/gustav/P5-Kuka-Dual-Arm/install/lbr_ros2_control/include/lbr_ros2_control/lbr_wrench_command_controller.hpp
[1.141s] -- Up-to-date: /home/gustav/P5-Kuka-Dual-Arm/install/lbr_ros2_control/include/lbr_ros2_control/system_interface.hpp
[1.141s] -- Up-to-date: /home/gustav/P5-Kuka-Dual-Arm/install/lbr_ros2_control/include/lbr_ros2_control/lbr_state_broadcaster.hpp
[1.141s] -- Up-to-date: /home/gustav/P5-Kuka-Dual-Arm/install/lbr_ros2_control/include/lbr_ros2_control/lbr_torque_command_controller.hpp
[1.141s] -- Up-to-date: /home/gustav/P5-Kuka-Dual-Arm/install/lbr_ros2_control/include/lbr_ros2_control/system_interface_type_values.hpp
[1.141s] -- Up-to-date: /home/gustav/P5-Kuka-Dual-Arm/install/lbr_ros2_control/include/lbr_ros2_control/lbr_joint_position_command_controller.hpp
[1.141s] -- Up-to-date: /home/gustav/P5-Kuka-Dual-Arm/install/lbr_ros2_control/lib/lbr_ros2_control/liblbr_ros2_control.so
[1.142s] -- Up-to-date: /home/gustav/P5-Kuka-Dual-Arm/install/lbr_ros2_control/share/lbr_ros2_control/config
[1.142s] -- Up-to-date: /home/gustav/P5-Kuka-Dual-Arm/install/lbr_ros2_control/share/lbr_ros2_control/config/lbr_controllers.yaml
[1.142s] -- Up-to-date: /home/gustav/P5-Kuka-Dual-Arm/install/lbr_ros2_control/share/lbr_ros2_control/config/lbr_system_interface.xacro
[1.142s] -- Up-to-date: /home/gustav/P5-Kuka-Dual-Arm/install/lbr_ros2_control/share/lbr_ros2_control/config/lbr_system_parameters.yaml
[1.142s] -- Up-to-date: /home/gustav/P5-Kuka-Dual-Arm/install/lbr_ros2_control/share/ament_index/resource_index/package_run_dependencies/lbr_ros2_control
[1.143s] -- Up-to-date: /home/gustav/P5-Kuka-Dual-Arm/install/lbr_ros2_control/share/ament_index/resource_index/parent_prefix_path/lbr_ros2_control
[1.143s] -- Up-to-date: /home/gustav/P5-Kuka-Dual-Arm/install/lbr_ros2_control/share/lbr_ros2_control/environment/ament_prefix_path.sh
[1.143s] -- Installing: /home/gustav/P5-Kuka-Dual-Arm/install/lbr_ros2_control/share/lbr_ros2_control/environment/ament_prefix_path.dsv
[1.143s] -- Up-to-date: /home/gustav/P5-Kuka-Dual-Arm/install/lbr_ros2_control/share/lbr_ros2_control/environment/path.sh
[1.143s] -- Installing: /home/gustav/P5-Kuka-Dual-Arm/install/lbr_ros2_control/share/lbr_ros2_control/environment/path.dsv
[1.143s] -- Up-to-date: /home/gustav/P5-Kuka-Dual-Arm/install/lbr_ros2_control/share/lbr_ros2_control/local_setup.bash
[1.143s] -- Up-to-date: /home/gustav/P5-Kuka-Dual-Arm/install/lbr_ros2_control/share/lbr_ros2_control/local_setup.sh
[1.143s] -- Up-to-date: /home/gustav/P5-Kuka-Dual-Arm/install/lbr_ros2_control/share/lbr_ros2_control/local_setup.zsh
[1.144s] -- Installing: /home/gustav/P5-Kuka-Dual-Arm/install/lbr_ros2_control/share/lbr_ros2_control/local_setup.dsv
[1.144s] -- Installing: /home/gustav/P5-Kuka-Dual-Arm/install/lbr_ros2_control/share/lbr_ros2_control/package.dsv
[1.144s] -- Up-to-date: /home/gustav/P5-Kuka-Dual-Arm/install/lbr_ros2_control/share/ament_index/resource_index/packages/lbr_ros2_control
[1.144s] -- Up-to-date: /home/gustav/P5-Kuka-Dual-Arm/install/lbr_ros2_control/share/ament_index/resource_index/controller_interface__pluginlib__plugin/lbr_ros2_control
[1.144s] -- Up-to-date: /home/gustav/P5-Kuka-Dual-Arm/install/lbr_ros2_control/share/ament_index/resource_index/hardware_interface__pluginlib__plugin/lbr_ros2_control
[1.144s] -- Up-to-date: /home/gustav/P5-Kuka-Dual-Arm/install/lbr_ros2_control/share/lbr_ros2_control/cmake/lbr_ros2_control_exportExport.cmake
[1.144s] -- Up-to-date: /home/gustav/P5-Kuka-Dual-Arm/install/lbr_ros2_control/share/lbr_ros2_control/cmake/lbr_ros2_control_exportExport-release.cmake
[1.144s] -- Up-to-date: /home/gustav/P5-Kuka-Dual-Arm/install/lbr_ros2_control/share/lbr_ros2_control/cmake/ament_cmake_export_targets-extras.cmake
[1.145s] -- Up-to-date: /home/gustav/P5-Kuka-Dual-Arm/install/lbr_ros2_control/share/lbr_ros2_control/cmake/ament_cmake_export_dependencies-extras.cmake
[1.145s] -- Up-to-date: /home/gustav/P5-Kuka-Dual-Arm/install/lbr_ros2_control/share/lbr_ros2_control/cmake/lbr_ros2_controlConfig.cmake
[1.145s] -- Up-to-date: /home/gustav/P5-Kuka-Dual-Arm/install/lbr_ros2_control/share/lbr_ros2_control/cmake/lbr_ros2_controlConfig-version.cmake
[1.145s] -- Up-to-date: /home/gustav/P5-Kuka-Dual-Arm/install/lbr_ros2_control/share/lbr_ros2_control/package.xml
[1.146s] Invoked command in '/home/gustav/P5-Kuka-Dual-Arm/build/lbr_ros2_control' returned '0': AMENT_PREFIX_PATH=/home/gustav/P5-Kuka-Dual-Arm/install/lbr_fri_ros2:/home/gustav/P5-Kuka-Dual-Arm/install/lbr_fri_idl:/home/gustav/P5-Kuka-Dual-Arm/install/lbr_description:${AMENT_PREFIX_PATH} CMAKE_PREFIX_PATH=/home/gustav/P5-Kuka-Dual-Arm/install/lbr_fri_ros2:/home/gustav/P5-Kuka-Dual-Arm/install/lbr_fri_idl:/home/gustav/P5-Kuka-Dual-Arm/install/lbr_description:/home/gustav/P5-Kuka-Dual-Arm/install/fri_client_sdk:/opt/ros/humble LD_LIBRARY_PATH=/home/gustav/P5-Kuka-Dual-Arm/install/lbr_fri_ros2/lib:/home/gustav/P5-Kuka-Dual-Arm/install/lbr_fri_idl/lib:/home/gustav/P5-Kuka-Dual-Arm/install/fri_client_sdk/lib:${LD_LIBRARY_PATH} PKG_CONFIG_PATH=/home/gustav/P5-Kuka-Dual-Arm/install/fri_client_sdk/lib/x86_64-linux-gnu/pkgconfig:/home/gustav/P5-Kuka-Dual-Arm/install/fri_client_sdk/lib/pkgconfig PYTHONPATH=/home/gustav/P5-Kuka-Dual-Arm/install/lbr_fri_idl/local/lib/python3.10/dist-packages:${PYTHONPATH} /usr/bin/cmake --install /home/gustav/P5-Kuka-Dual-Arm/build/lbr_ros2_control
