[0.305s] Invoking command in '/home/gustav/P5-Kuka-Dual-Arm/build/moveit_resources_panda_description': CMAKE_PREFIX_PATH=${CMAKE_PREFIX_PATH}:/home/gustav/lbr_stack/install/lbr_demos_py:/home/gustav/lbr_stack/install/lbr_demos_advanced_py:/opt/ros/humble /usr/bin/cmake /home/gustav/P5-Kuka-Dual-Arm/p5_ws/src/moveit_resources/panda_description -DCMAKE_INSTALL_PREFIX=/home/gustav/P5-Kuka-Dual-Arm/install/moveit_resources_panda_description
[0.460s] -- The C compiler identification is GNU 11.4.0
[0.591s] -- The CXX compiler identification is GNU 11.4.0
[0.602s] -- Detecting C compiler ABI info
[0.695s] -- Detecting C compiler ABI info - done
[0.708s] -- Check for working C compiler: /usr/bin/cc - skipped
[0.708s] -- Detecting C compile features
[0.712s] -- Detecting C compile features - done
[0.716s] -- Detecting CXX compiler ABI info
[0.847s] -- Detecting CXX compiler ABI info - done
[0.860s] -- Check for working CXX compiler: /usr/bin/c++ - skipped
[0.860s] -- Detecting CXX compile features
[0.861s] -- Detecting CXX compile features - done
[0.866s] -- Found ament_cmake: 1.3.10 (/opt/ros/humble/share/ament_cmake/cmake)
[1.170s] -- Found Python3: /usr/bin/python3 (found version "3.10.12") found components: Interpreter 
[1.464s] -- Configuring done
[1.468s] -- Generating done
[1.470s] -- Build files have been written to: /home/gustav/P5-Kuka-Dual-Arm/build/moveit_resources_panda_description
[1.482s] Invoked command in '/home/gustav/P5-Kuka-Dual-Arm/build/moveit_resources_panda_description' returned '0': CMAKE_PREFIX_PATH=${CMAKE_PREFIX_PATH}:/home/gustav/lbr_stack/install/lbr_demos_py:/home/gustav/lbr_stack/install/lbr_demos_advanced_py:/opt/ros/humble /usr/bin/cmake /home/gustav/P5-Kuka-Dual-Arm/p5_ws/src/moveit_resources/panda_description -DCMAKE_INSTALL_PREFIX=/home/gustav/P5-Kuka-Dual-Arm/install/moveit_resources_panda_description
[1.485s] Invoking command in '/home/gustav/P5-Kuka-Dual-Arm/build/moveit_resources_panda_description': CMAKE_PREFIX_PATH=${CMAKE_PREFIX_PATH}:/home/gustav/lbr_stack/install/lbr_demos_py:/home/gustav/lbr_stack/install/lbr_demos_advanced_py:/opt/ros/humble /usr/bin/cmake --build /home/gustav/P5-Kuka-Dual-Arm/build/moveit_resources_panda_description -- -j8 -l8
[1.547s] Invoked command in '/home/gustav/P5-Kuka-Dual-Arm/build/moveit_resources_panda_description' returned '0': CMAKE_PREFIX_PATH=${CMAKE_PREFIX_PATH}:/home/gustav/lbr_stack/install/lbr_demos_py:/home/gustav/lbr_stack/install/lbr_demos_advanced_py:/opt/ros/humble /usr/bin/cmake --build /home/gustav/P5-Kuka-Dual-Arm/build/moveit_resources_panda_description -- -j8 -l8
[1.607s] Invoking command in '/home/gustav/P5-Kuka-Dual-Arm/build/moveit_resources_panda_description': CMAKE_PREFIX_PATH=${CMAKE_PREFIX_PATH}:/home/gustav/lbr_stack/install/lbr_demos_py:/home/gustav/lbr_stack/install/lbr_demos_advanced_py:/opt/ros/humble /usr/bin/cmake --install /home/gustav/P5-Kuka-Dual-Arm/build/moveit_resources_panda_description
[1.628s] -- Install configuration: ""
[1.628s] -- Installing: /home/gustav/P5-Kuka-Dual-Arm/install/moveit_resources_panda_description/share/ament_index/resource_index/package_run_dependencies/moveit_resources_panda_description
[1.629s] -- Installing: /home/gustav/P5-Kuka-Dual-Arm/install/moveit_resources_panda_description/share/ament_index/resource_index/parent_prefix_path/moveit_resources_panda_description
[1.629s] -- Installing: /home/gustav/P5-Kuka-Dual-Arm/install/moveit_resources_panda_description/share/moveit_resources_panda_description/environment/ament_prefix_path.sh
[1.629s] -- Installing: /home/gustav/P5-Kuka-Dual-Arm/install/moveit_resources_panda_description/share/moveit_resources_panda_description/environment/ament_prefix_path.dsv
[1.630s] -- Installing: /home/gustav/P5-Kuka-Dual-Arm/install/moveit_resources_panda_description/share/moveit_resources_panda_description/environment/path.sh
[1.630s] -- Installing: /home/gustav/P5-Kuka-Dual-Arm/install/moveit_resources_panda_description/share/moveit_resources_panda_description/environment/path.dsv
[1.630s] -- Installing: /home/gustav/P5-Kuka-Dual-Arm/install/moveit_resources_panda_description/share/moveit_resources_panda_description/local_setup.bash
[1.631s] -- Installing: /home/gustav/P5-Kuka-Dual-Arm/install/moveit_resources_panda_description/share/moveit_resources_panda_description/local_setup.sh
[1.631s] -- Installing: /home/gustav/P5-Kuka-Dual-Arm/install/moveit_resources_panda_description/share/moveit_resources_panda_description/local_setup.zsh
[1.631s] -- Installing: /home/gustav/P5-Kuka-Dual-Arm/install/moveit_resources_panda_description/share/moveit_resources_panda_description/local_setup.dsv
[1.632s] -- Installing: /home/gustav/P5-Kuka-Dual-Arm/install/moveit_resources_panda_description/share/moveit_resources_panda_description/package.dsv
[1.632s] -- Installing: /home/gustav/P5-Kuka-Dual-Arm/install/moveit_resources_panda_description/share/ament_index/resource_index/packages/moveit_resources_panda_description
[1.632s] -- Installing: /home/gustav/P5-Kuka-Dual-Arm/install/moveit_resources_panda_description/share/moveit_resources_panda_description/cmake/moveit_resources_panda_descriptionConfig.cmake
[1.632s] -- Installing: /home/gustav/P5-Kuka-Dual-Arm/install/moveit_resources_panda_description/share/moveit_resources_panda_description/cmake/moveit_resources_panda_descriptionConfig-version.cmake
[1.633s] -- Installing: /home/gustav/P5-Kuka-Dual-Arm/install/moveit_resources_panda_description/share/moveit_resources_panda_description/package.xml
[1.633s] -- Installing: /home/gustav/P5-Kuka-Dual-Arm/install/moveit_resources_panda_description/share/moveit_resources_panda_description/meshes
[1.633s] -- Installing: /home/gustav/P5-Kuka-Dual-Arm/install/moveit_resources_panda_description/share/moveit_resources_panda_description/meshes/visual
[1.633s] -- Installing: /home/gustav/P5-Kuka-Dual-Arm/install/moveit_resources_panda_description/share/moveit_resources_panda_description/meshes/visual/link7.dae
[1.633s] -- Installing: /home/gustav/P5-Kuka-Dual-Arm/install/moveit_resources_panda_description/share/moveit_resources_panda_description/meshes/visual/link6.dae
[1.634s] -- Installing: /home/gustav/P5-Kuka-Dual-Arm/install/moveit_resources_panda_description/share/moveit_resources_panda_description/meshes/visual/link5.dae
[1.634s] -- Installing: /home/gustav/P5-Kuka-Dual-Arm/install/moveit_resources_panda_description/share/moveit_resources_panda_description/meshes/visual/link1.dae
[1.634s] -- Installing: /home/gustav/P5-Kuka-Dual-Arm/install/moveit_resources_panda_description/share/moveit_resources_panda_description/meshes/visual/link4.dae
[1.635s] -- Installing: /home/gustav/P5-Kuka-Dual-Arm/install/moveit_resources_panda_description/share/moveit_resources_panda_description/meshes/visual/hand.dae
[1.635s] -- Installing: /home/gustav/P5-Kuka-Dual-Arm/install/moveit_resources_panda_description/share/moveit_resources_panda_description/meshes/visual/link3.dae
[1.635s] -- Installing: /home/gustav/P5-Kuka-Dual-Arm/install/moveit_resources_panda_description/share/moveit_resources_panda_description/meshes/visual/finger.dae
[1.635s] -- Installing: /home/gustav/P5-Kuka-Dual-Arm/install/moveit_resources_panda_description/share/moveit_resources_panda_description/meshes/visual/link2.dae
[1.636s] -- Installing: /home/gustav/P5-Kuka-Dual-Arm/install/moveit_resources_panda_description/share/moveit_resources_panda_description/meshes/visual/link0.dae
[1.637s] -- Installing: /home/gustav/P5-Kuka-Dual-Arm/install/moveit_resources_panda_description/share/moveit_resources_panda_description/meshes/collision
[1.637s] -- Installing: /home/gustav/P5-Kuka-Dual-Arm/install/moveit_resources_panda_description/share/moveit_resources_panda_description/meshes/collision/link3.stl
[1.638s] -- Installing: /home/gustav/P5-Kuka-Dual-Arm/install/moveit_resources_panda_description/share/moveit_resources_panda_description/meshes/collision/link0.stl
[1.638s] -- Installing: /home/gustav/P5-Kuka-Dual-Arm/install/moveit_resources_panda_description/share/moveit_resources_panda_description/meshes/collision/hand.stl
[1.638s] -- Installing: /home/gustav/P5-Kuka-Dual-Arm/install/moveit_resources_panda_description/share/moveit_resources_panda_description/meshes/collision/finger.stl
[1.638s] -- Installing: /home/gustav/P5-Kuka-Dual-Arm/install/moveit_resources_panda_description/share/moveit_resources_panda_description/meshes/collision/link4.stl
[1.639s] -- Installing: /home/gustav/P5-Kuka-Dual-Arm/install/moveit_resources_panda_description/share/moveit_resources_panda_description/meshes/collision/link2.stl
[1.639s] -- Installing: /home/gustav/P5-Kuka-Dual-Arm/install/moveit_resources_panda_description/share/moveit_resources_panda_description/meshes/collision/link6.stl
[1.639s] -- Installing: /home/gustav/P5-Kuka-Dual-Arm/install/moveit_resources_panda_description/share/moveit_resources_panda_description/meshes/collision/link7.stl
[1.640s] -- Installing: /home/gustav/P5-Kuka-Dual-Arm/install/moveit_resources_panda_description/share/moveit_resources_panda_description/meshes/collision/link5.stl
[1.640s] -- Installing: /home/gustav/P5-Kuka-Dual-Arm/install/moveit_resources_panda_description/share/moveit_resources_panda_description/meshes/collision/link1.stl
[1.640s] -- Installing: /home/gustav/P5-Kuka-Dual-Arm/install/moveit_resources_panda_description/share/moveit_resources_panda_description/urdf
[1.640s] -- Installing: /home/gustav/P5-Kuka-Dual-Arm/install/moveit_resources_panda_description/share/moveit_resources_panda_description/urdf/panda.urdf
[1.654s] Invoked command in '/home/gustav/P5-Kuka-Dual-Arm/build/moveit_resources_panda_description' returned '0': CMAKE_PREFIX_PATH=${CMAKE_PREFIX_PATH}:/home/gustav/lbr_stack/install/lbr_demos_py:/home/gustav/lbr_stack/install/lbr_demos_advanced_py:/opt/ros/humble /usr/bin/cmake --install /home/gustav/P5-Kuka-Dual-Arm/build/moveit_resources_panda_description
