[0.030s] Invoking command in '/home/gustav/P5-Kuka-Dual-Arm/build/moveit_ros_warehouse': AMENT_PREFIX_PATH=/home/gustav/P5-Kuka-Dual-Arm/install/moveit_ros_planning:/home/gustav/P5-Kuka-Dual-Arm/install/moveit_ros_occupancy_map_monitor:/home/gustav/P5-Kuka-Dual-Arm/install/moveit_core:/home/gustav/P5-Kuka-Dual-Arm/install/moveit_resources_panda_moveit_config:/home/gustav/P5-Kuka-Dual-Arm/install/generate_parameter_library:/home/gustav/P5-Kuka-Dual-Arm/install/parameter_traits:/home/gustav/P5-Kuka-Dual-Arm/install/moveit_resources_pr2_description:/home/gustav/P5-Kuka-Dual-Arm/install/moveit_resources_panda_description:/home/gustav/P5-Kuka-Dual-Arm/install/moveit_msgs:/home/gustav/P5-Kuka-Dual-Arm/install/moveit_common:/home/gustav/P5-Kuka-Dual-Arm/install/generate_parameter_library_py:${AMENT_PREFIX_PATH} CMAKE_PREFIX_PATH=/home/gustav/P5-Kuka-Dual-Arm/install/moveit_ros_planning:/home/gustav/P5-Kuka-Dual-Arm/install/moveit_ros_occupancy_map_monitor:/home/gustav/P5-Kuka-Dual-Arm/install/moveit_core:/home/gustav/P5-Kuka-Dual-Arm/install/moveit_resources_panda_moveit_config:/home/gustav/P5-Kuka-Dual-Arm/install/generate_parameter_library:/home/gustav/P5-Kuka-Dual-Arm/install/parameter_traits:/home/gustav/P5-Kuka-Dual-Arm/install/moveit_resources_pr2_description:/home/gustav/P5-Kuka-Dual-Arm/install/moveit_resources_panda_description:/home/gustav/P5-Kuka-Dual-Arm/install/moveit_msgs:/home/gustav/P5-Kuka-Dual-Arm/install/moveit_common:/opt/ros/humble LD_LIBRARY_PATH=/home/gustav/P5-Kuka-Dual-Arm/install/moveit_ros_planning/lib:/home/gustav/P5-Kuka-Dual-Arm/install/moveit_ros_occupancy_map_monitor/lib:/home/gustav/P5-Kuka-Dual-Arm/install/moveit_core/lib:/home/gustav/P5-Kuka-Dual-Arm/install/parameter_traits/lib:/home/gustav/P5-Kuka-Dual-Arm/install/moveit_msgs/lib:${LD_LIBRARY_PATH} PATH=/home/gustav/P5-Kuka-Dual-Arm/install/moveit_core/bin:/home/gustav/P5-Kuka-Dual-Arm/install/generate_parameter_library_py/bin:${PATH} PYTHONPATH=/home/gustav/P5-Kuka-Dual-Arm/install/moveit_msgs/local/lib/python3.10/dist-packages:/home/gustav/P5-Kuka-Dual-Arm/install/generate_parameter_library_py/lib/python3.10/site-packages:${PYTHONPATH} /usr/bin/cmake /home/gustav/P5-Kuka-Dual-Arm/p5_ws/src/moveit2/moveit_ros/warehouse -DCMAKE_INSTALL_PREFIX=/home/gustav/P5-Kuka-Dual-Arm/install/moveit_ros_warehouse
[0.042s] -- Found moveit_common: 2.5.5 (/home/gustav/P5-Kuka-Dual-Arm/install/moveit_common/share/moveit_common/cmake)
[0.042s] -- Found ament_cmake: 1.3.10 (/opt/ros/humble/share/ament_cmake/cmake)
[0.255s] -- Found rclcpp: 16.0.10 (/opt/ros/humble/share/rclcpp/cmake)
[0.299s] -- Found rosidl_generator_c: 3.1.5 (/opt/ros/humble/share/rosidl_generator_c/cmake)
[0.302s] -- Found rosidl_adapter: 3.1.5 (/opt/ros/humble/share/rosidl_adapter/cmake)
[0.311s] -- Found rosidl_generator_cpp: 3.1.5 (/opt/ros/humble/share/rosidl_generator_cpp/cmake)
[0.328s] -- Using all available rosidl_typesupport_c: rosidl_typesupport_fastrtps_c;rosidl_typesupport_introspection_c
[0.349s] -- Using all available rosidl_typesupport_cpp: rosidl_typesupport_fastrtps_cpp;rosidl_typesupport_introspection_cpp
[0.390s] -- Found rmw_implementation_cmake: 6.1.2 (/opt/ros/humble/share/rmw_implementation_cmake/cmake)
[0.391s] -- Found rmw_fastrtps_cpp: 6.2.7 (/opt/ros/humble/share/rmw_fastrtps_cpp/cmake)
[0.478s] -- Using RMW implementation 'rmw_fastrtps_cpp' as default
[0.525s] -- Found moveit_core: 2.5.5 (/home/gustav/P5-Kuka-Dual-Arm/install/moveit_core/share/moveit_core/cmake)
[0.539s] -- Found Boost: /usr/lib/x86_64-linux-gnu/cmake/Boost-1.74.0/BoostConfig.cmake (found version "1.74.0") found components: chrono date_time filesystem iostreams program_options regex serialization system thread 
[0.560s] -- Found parameter_traits: 0.3.7 (/home/gustav/P5-Kuka-Dual-Arm/install/parameter_traits/share/parameter_traits/cmake)
[0.568s] -- Found rclcpp_lifecycle: 16.0.10 (/opt/ros/humble/share/rclcpp_lifecycle/cmake)
[0.588s] -- Found Boost: /usr/lib/x86_64-linux-gnu/cmake/Boost-1.74.0/BoostConfig.cmake (found version "1.74.0") found components: filesystem 
[0.628s] -- library: /usr/lib/x86_64-linux-gnu/libcurl.so
[0.686s] -- Ensuring Eigen3 include directory is part of orocos-kdl CMake target
[0.886s] -- Found warehouse_ros: 2.0.5 (/opt/ros/humble/share/warehouse_ros/cmake)
[0.891s] -- Found moveit_ros_planning: 2.5.5 (/home/gustav/P5-Kuka-Dual-Arm/install/moveit_ros_planning/share/moveit_ros_planning/cmake)
[0.896s] -- Found Boost: /usr/lib/x86_64-linux-gnu/cmake/Boost-1.74.0/BoostConfig.cmake (found version "1.74.0") found components: system filesystem date_time program_options thread chrono 
[0.928s] -- Found Boost: /usr/lib/x86_64-linux-gnu/cmake/Boost-1.74.0/BoostConfig.cmake (found version "1.74.0") found components: thread system filesystem regex date_time program_options 
[0.971s] -- Found ament_lint_auto: 0.12.11 (/opt/ros/humble/share/ament_lint_auto/cmake)
[0.979s] -- Added test 'cppcheck' to perform static code analysis on C / C++ code
[0.980s] -- Configured cppcheck include dirs: /home/gustav/P5-Kuka-Dual-Arm/p5_ws/src/moveit2/moveit_ros/warehouse/include
[0.980s] -- Configured cppcheck exclude dirs and/or files: 
[0.981s] -- Added test 'lint_cmake' to check CMake code style
[0.981s] -- Added test 'pep257' to check Python code against some of the docstring style conventions in PEP 257
[0.981s] -- Added test 'xmllint' to check XML markup files
[0.984s] -- Configuring done
[1.132s] -- Generating done
[1.136s] -- Build files have been written to: /home/gustav/P5-Kuka-Dual-Arm/build/moveit_ros_warehouse
[1.154s] Invoked command in '/home/gustav/P5-Kuka-Dual-Arm/build/moveit_ros_warehouse' returned '0': AMENT_PREFIX_PATH=/home/gustav/P5-Kuka-Dual-Arm/install/moveit_ros_planning:/home/gustav/P5-Kuka-Dual-Arm/install/moveit_ros_occupancy_map_monitor:/home/gustav/P5-Kuka-Dual-Arm/install/moveit_core:/home/gustav/P5-Kuka-Dual-Arm/install/moveit_resources_panda_moveit_config:/home/gustav/P5-Kuka-Dual-Arm/install/generate_parameter_library:/home/gustav/P5-Kuka-Dual-Arm/install/parameter_traits:/home/gustav/P5-Kuka-Dual-Arm/install/moveit_resources_pr2_description:/home/gustav/P5-Kuka-Dual-Arm/install/moveit_resources_panda_description:/home/gustav/P5-Kuka-Dual-Arm/install/moveit_msgs:/home/gustav/P5-Kuka-Dual-Arm/install/moveit_common:/home/gustav/P5-Kuka-Dual-Arm/install/generate_parameter_library_py:${AMENT_PREFIX_PATH} CMAKE_PREFIX_PATH=/home/gustav/P5-Kuka-Dual-Arm/install/moveit_ros_planning:/home/gustav/P5-Kuka-Dual-Arm/install/moveit_ros_occupancy_map_monitor:/home/gustav/P5-Kuka-Dual-Arm/install/moveit_core:/home/gustav/P5-Kuka-Dual-Arm/install/moveit_resources_panda_moveit_config:/home/gustav/P5-Kuka-Dual-Arm/install/generate_parameter_library:/home/gustav/P5-Kuka-Dual-Arm/install/parameter_traits:/home/gustav/P5-Kuka-Dual-Arm/install/moveit_resources_pr2_description:/home/gustav/P5-Kuka-Dual-Arm/install/moveit_resources_panda_description:/home/gustav/P5-Kuka-Dual-Arm/install/moveit_msgs:/home/gustav/P5-Kuka-Dual-Arm/install/moveit_common:/opt/ros/humble LD_LIBRARY_PATH=/home/gustav/P5-Kuka-Dual-Arm/install/moveit_ros_planning/lib:/home/gustav/P5-Kuka-Dual-Arm/install/moveit_ros_occupancy_map_monitor/lib:/home/gustav/P5-Kuka-Dual-Arm/install/moveit_core/lib:/home/gustav/P5-Kuka-Dual-Arm/install/parameter_traits/lib:/home/gustav/P5-Kuka-Dual-Arm/install/moveit_msgs/lib:${LD_LIBRARY_PATH} PATH=/home/gustav/P5-Kuka-Dual-Arm/install/moveit_core/bin:/home/gustav/P5-Kuka-Dual-Arm/install/generate_parameter_library_py/bin:${PATH} PYTHONPATH=/home/gustav/P5-Kuka-Dual-Arm/install/moveit_msgs/local/lib/python3.10/dist-packages:/home/gustav/P5-Kuka-Dual-Arm/install/generate_parameter_library_py/lib/python3.10/site-packages:${PYTHONPATH} /usr/bin/cmake /home/gustav/P5-Kuka-Dual-Arm/p5_ws/src/moveit2/moveit_ros/warehouse -DCMAKE_INSTALL_PREFIX=/home/gustav/P5-Kuka-Dual-Arm/install/moveit_ros_warehouse
[1.156s] Invoking command in '/home/gustav/P5-Kuka-Dual-Arm/build/moveit_ros_warehouse': AMENT_PREFIX_PATH=/home/gustav/P5-Kuka-Dual-Arm/install/moveit_ros_planning:/home/gustav/P5-Kuka-Dual-Arm/install/moveit_ros_occupancy_map_monitor:/home/gustav/P5-Kuka-Dual-Arm/install/moveit_core:/home/gustav/P5-Kuka-Dual-Arm/install/moveit_resources_panda_moveit_config:/home/gustav/P5-Kuka-Dual-Arm/install/generate_parameter_library:/home/gustav/P5-Kuka-Dual-Arm/install/parameter_traits:/home/gustav/P5-Kuka-Dual-Arm/install/moveit_resources_pr2_description:/home/gustav/P5-Kuka-Dual-Arm/install/moveit_resources_panda_description:/home/gustav/P5-Kuka-Dual-Arm/install/moveit_msgs:/home/gustav/P5-Kuka-Dual-Arm/install/moveit_common:/home/gustav/P5-Kuka-Dual-Arm/install/generate_parameter_library_py:${AMENT_PREFIX_PATH} CMAKE_PREFIX_PATH=/home/gustav/P5-Kuka-Dual-Arm/install/moveit_ros_planning:/home/gustav/P5-Kuka-Dual-Arm/install/moveit_ros_occupancy_map_monitor:/home/gustav/P5-Kuka-Dual-Arm/install/moveit_core:/home/gustav/P5-Kuka-Dual-Arm/install/moveit_resources_panda_moveit_config:/home/gustav/P5-Kuka-Dual-Arm/install/generate_parameter_library:/home/gustav/P5-Kuka-Dual-Arm/install/parameter_traits:/home/gustav/P5-Kuka-Dual-Arm/install/moveit_resources_pr2_description:/home/gustav/P5-Kuka-Dual-Arm/install/moveit_resources_panda_description:/home/gustav/P5-Kuka-Dual-Arm/install/moveit_msgs:/home/gustav/P5-Kuka-Dual-Arm/install/moveit_common:/opt/ros/humble LD_LIBRARY_PATH=/home/gustav/P5-Kuka-Dual-Arm/install/moveit_ros_planning/lib:/home/gustav/P5-Kuka-Dual-Arm/install/moveit_ros_occupancy_map_monitor/lib:/home/gustav/P5-Kuka-Dual-Arm/install/moveit_core/lib:/home/gustav/P5-Kuka-Dual-Arm/install/parameter_traits/lib:/home/gustav/P5-Kuka-Dual-Arm/install/moveit_msgs/lib:${LD_LIBRARY_PATH} PATH=/home/gustav/P5-Kuka-Dual-Arm/install/moveit_core/bin:/home/gustav/P5-Kuka-Dual-Arm/install/generate_parameter_library_py/bin:${PATH} PYTHONPATH=/home/gustav/P5-Kuka-Dual-Arm/install/moveit_msgs/local/lib/python3.10/dist-packages:/home/gustav/P5-Kuka-Dual-Arm/install/generate_parameter_library_py/lib/python3.10/site-packages:${PYTHONPATH} /usr/bin/cmake --build /home/gustav/P5-Kuka-Dual-Arm/build/moveit_ros_warehouse -- -j8 -l8
[1.206s] [35m[1mConsolidate compiler generated dependencies of target moveit_warehouse[0m
[1.238s] [  5%] [32m[1mLinking CXX shared library libmoveit_warehouse.so[0m
[3.209s] [ 40%] Built target moveit_warehouse
[3.240s] [35m[1mConsolidate compiler generated dependencies of target moveit_warehouse_broadcast[0m
[3.246s] [35m[1mConsolidate compiler generated dependencies of target moveit_warehouse_services[0m
[3.250s] [35m[1mConsolidate compiler generated dependencies of target moveit_save_to_warehouse[0m
[3.250s] [35m[1mConsolidate compiler generated dependencies of target moveit_warehouse_import_from_text[0m
[3.251s] [35m[1mConsolidate compiler generated dependencies of target moveit_init_demo_warehouse[0m
[3.256s] [35m[1mConsolidate compiler generated dependencies of target moveit_warehouse_save_as_text[0m
[3.280s] [ 45%] [32m[1mLinking CXX executable moveit_warehouse_services[0m
[3.294s] [ 50%] [32m[1mLinking CXX executable moveit_warehouse_broadcast[0m
[3.310s] [ 55%] [32m[1mLinking CXX executable moveit_init_demo_warehouse[0m
[3.313s] [ 60%] [32m[1mLinking CXX executable moveit_warehouse_save_as_text[0m
[3.321s] [ 65%] [32m[1mLinking CXX executable moveit_save_to_warehouse[0m
[3.339s] [ 70%] [32m[1mLinking CXX executable moveit_warehouse_import_from_text[0m
[4.275s] [ 75%] Built target moveit_warehouse_services
[4.628s] [ 80%] Built target moveit_warehouse_broadcast
[4.678s] [ 85%] Built target moveit_warehouse_save_as_text
[5.592s] [ 90%] Built target moveit_init_demo_warehouse
[5.837s] [ 95%] Built target moveit_warehouse_import_from_text
[6.356s] [100%] Built target moveit_save_to_warehouse
[6.422s] Invoked command in '/home/gustav/P5-Kuka-Dual-Arm/build/moveit_ros_warehouse' returned '0': AMENT_PREFIX_PATH=/home/gustav/P5-Kuka-Dual-Arm/install/moveit_ros_planning:/home/gustav/P5-Kuka-Dual-Arm/install/moveit_ros_occupancy_map_monitor:/home/gustav/P5-Kuka-Dual-Arm/install/moveit_core:/home/gustav/P5-Kuka-Dual-Arm/install/moveit_resources_panda_moveit_config:/home/gustav/P5-Kuka-Dual-Arm/install/generate_parameter_library:/home/gustav/P5-Kuka-Dual-Arm/install/parameter_traits:/home/gustav/P5-Kuka-Dual-Arm/install/moveit_resources_pr2_description:/home/gustav/P5-Kuka-Dual-Arm/install/moveit_resources_panda_description:/home/gustav/P5-Kuka-Dual-Arm/install/moveit_msgs:/home/gustav/P5-Kuka-Dual-Arm/install/moveit_common:/home/gustav/P5-Kuka-Dual-Arm/install/generate_parameter_library_py:${AMENT_PREFIX_PATH} CMAKE_PREFIX_PATH=/home/gustav/P5-Kuka-Dual-Arm/install/moveit_ros_planning:/home/gustav/P5-Kuka-Dual-Arm/install/moveit_ros_occupancy_map_monitor:/home/gustav/P5-Kuka-Dual-Arm/install/moveit_core:/home/gustav/P5-Kuka-Dual-Arm/install/moveit_resources_panda_moveit_config:/home/gustav/P5-Kuka-Dual-Arm/install/generate_parameter_library:/home/gustav/P5-Kuka-Dual-Arm/install/parameter_traits:/home/gustav/P5-Kuka-Dual-Arm/install/moveit_resources_pr2_description:/home/gustav/P5-Kuka-Dual-Arm/install/moveit_resources_panda_description:/home/gustav/P5-Kuka-Dual-Arm/install/moveit_msgs:/home/gustav/P5-Kuka-Dual-Arm/install/moveit_common:/opt/ros/humble LD_LIBRARY_PATH=/home/gustav/P5-Kuka-Dual-Arm/install/moveit_ros_planning/lib:/home/gustav/P5-Kuka-Dual-Arm/install/moveit_ros_occupancy_map_monitor/lib:/home/gustav/P5-Kuka-Dual-Arm/install/moveit_core/lib:/home/gustav/P5-Kuka-Dual-Arm/install/parameter_traits/lib:/home/gustav/P5-Kuka-Dual-Arm/install/moveit_msgs/lib:${LD_LIBRARY_PATH} PATH=/home/gustav/P5-Kuka-Dual-Arm/install/moveit_core/bin:/home/gustav/P5-Kuka-Dual-Arm/install/generate_parameter_library_py/bin:${PATH} PYTHONPATH=/home/gustav/P5-Kuka-Dual-Arm/install/moveit_msgs/local/lib/python3.10/dist-packages:/home/gustav/P5-Kuka-Dual-Arm/install/generate_parameter_library_py/lib/python3.10/site-packages:${PYTHONPATH} /usr/bin/cmake --build /home/gustav/P5-Kuka-Dual-Arm/build/moveit_ros_warehouse -- -j8 -l8
[6.534s] Invoking command in '/home/gustav/P5-Kuka-Dual-Arm/build/moveit_ros_warehouse': AMENT_PREFIX_PATH=/home/gustav/P5-Kuka-Dual-Arm/install/moveit_ros_planning:/home/gustav/P5-Kuka-Dual-Arm/install/moveit_ros_occupancy_map_monitor:/home/gustav/P5-Kuka-Dual-Arm/install/moveit_core:/home/gustav/P5-Kuka-Dual-Arm/install/moveit_resources_panda_moveit_config:/home/gustav/P5-Kuka-Dual-Arm/install/generate_parameter_library:/home/gustav/P5-Kuka-Dual-Arm/install/parameter_traits:/home/gustav/P5-Kuka-Dual-Arm/install/moveit_resources_pr2_description:/home/gustav/P5-Kuka-Dual-Arm/install/moveit_resources_panda_description:/home/gustav/P5-Kuka-Dual-Arm/install/moveit_msgs:/home/gustav/P5-Kuka-Dual-Arm/install/moveit_common:/home/gustav/P5-Kuka-Dual-Arm/install/generate_parameter_library_py:${AMENT_PREFIX_PATH} CMAKE_PREFIX_PATH=/home/gustav/P5-Kuka-Dual-Arm/install/moveit_ros_planning:/home/gustav/P5-Kuka-Dual-Arm/install/moveit_ros_occupancy_map_monitor:/home/gustav/P5-Kuka-Dual-Arm/install/moveit_core:/home/gustav/P5-Kuka-Dual-Arm/install/moveit_resources_panda_moveit_config:/home/gustav/P5-Kuka-Dual-Arm/install/generate_parameter_library:/home/gustav/P5-Kuka-Dual-Arm/install/parameter_traits:/home/gustav/P5-Kuka-Dual-Arm/install/moveit_resources_pr2_description:/home/gustav/P5-Kuka-Dual-Arm/install/moveit_resources_panda_description:/home/gustav/P5-Kuka-Dual-Arm/install/moveit_msgs:/home/gustav/P5-Kuka-Dual-Arm/install/moveit_common:/opt/ros/humble LD_LIBRARY_PATH=/home/gustav/P5-Kuka-Dual-Arm/install/moveit_ros_planning/lib:/home/gustav/P5-Kuka-Dual-Arm/install/moveit_ros_occupancy_map_monitor/lib:/home/gustav/P5-Kuka-Dual-Arm/install/moveit_core/lib:/home/gustav/P5-Kuka-Dual-Arm/install/parameter_traits/lib:/home/gustav/P5-Kuka-Dual-Arm/install/moveit_msgs/lib:${LD_LIBRARY_PATH} PATH=/home/gustav/P5-Kuka-Dual-Arm/install/moveit_core/bin:/home/gustav/P5-Kuka-Dual-Arm/install/generate_parameter_library_py/bin:${PATH} PYTHONPATH=/home/gustav/P5-Kuka-Dual-Arm/install/moveit_msgs/local/lib/python3.10/dist-packages:/home/gustav/P5-Kuka-Dual-Arm/install/generate_parameter_library_py/lib/python3.10/site-packages:${PYTHONPATH} /usr/bin/cmake --install /home/gustav/P5-Kuka-Dual-Arm/build/moveit_ros_warehouse
[6.555s] -- Install configuration: "Release"
[6.560s] -- Installing: /home/gustav/P5-Kuka-Dual-Arm/install/moveit_ros_warehouse/lib/moveit_ros_warehouse/moveit_save_to_warehouse
[6.563s] -- Set runtime path of "/home/gustav/P5-Kuka-Dual-Arm/install/moveit_ros_warehouse/lib/moveit_ros_warehouse/moveit_save_to_warehouse" to ""
[6.568s] -- Installing: /home/gustav/P5-Kuka-Dual-Arm/install/moveit_ros_warehouse/lib/moveit_ros_warehouse/moveit_warehouse_broadcast
[6.569s] -- Set runtime path of "/home/gustav/P5-Kuka-Dual-Arm/install/moveit_ros_warehouse/lib/moveit_ros_warehouse/moveit_warehouse_broadcast" to ""
[6.569s] -- Installing: /home/gustav/P5-Kuka-Dual-Arm/install/moveit_ros_warehouse/lib/moveit_ros_warehouse/moveit_warehouse_import_from_text
[6.570s] -- Set runtime path of "/home/gustav/P5-Kuka-Dual-Arm/install/moveit_ros_warehouse/lib/moveit_ros_warehouse/moveit_warehouse_import_from_text" to ""
[6.574s] -- Installing: /home/gustav/P5-Kuka-Dual-Arm/install/moveit_ros_warehouse/lib/moveit_ros_warehouse/moveit_warehouse_save_as_text
[6.576s] -- Set runtime path of "/home/gustav/P5-Kuka-Dual-Arm/install/moveit_ros_warehouse/lib/moveit_ros_warehouse/moveit_warehouse_save_as_text" to ""
[6.576s] -- Installing: /home/gustav/P5-Kuka-Dual-Arm/install/moveit_ros_warehouse/lib/moveit_ros_warehouse/moveit_init_demo_warehouse
[6.577s] -- Set runtime path of "/home/gustav/P5-Kuka-Dual-Arm/install/moveit_ros_warehouse/lib/moveit_ros_warehouse/moveit_init_demo_warehouse" to ""
[6.584s] -- Installing: /home/gustav/P5-Kuka-Dual-Arm/install/moveit_ros_warehouse/lib/moveit_ros_warehouse/moveit_warehouse_services
[6.586s] -- Set runtime path of "/home/gustav/P5-Kuka-Dual-Arm/install/moveit_ros_warehouse/lib/moveit_ros_warehouse/moveit_warehouse_services" to ""
[6.586s] -- Up-to-date: /home/gustav/P5-Kuka-Dual-Arm/install/moveit_ros_warehouse/include
[6.586s] -- Up-to-date: /home/gustav/P5-Kuka-Dual-Arm/install/moveit_ros_warehouse/include/moveit
[6.586s] -- Up-to-date: /home/gustav/P5-Kuka-Dual-Arm/install/moveit_ros_warehouse/include/moveit/warehouse
[6.587s] -- Up-to-date: /home/gustav/P5-Kuka-Dual-Arm/install/moveit_ros_warehouse/include/moveit/warehouse/trajectory_constraints_storage.h
[6.587s] -- Up-to-date: /home/gustav/P5-Kuka-Dual-Arm/install/moveit_ros_warehouse/include/moveit/warehouse/constraints_storage.h
[6.587s] -- Up-to-date: /home/gustav/P5-Kuka-Dual-Arm/install/moveit_ros_warehouse/include/moveit/warehouse/state_storage.h
[6.588s] -- Up-to-date: /home/gustav/P5-Kuka-Dual-Arm/install/moveit_ros_warehouse/include/moveit/warehouse/moveit_message_storage.h
[6.588s] -- Up-to-date: /home/gustav/P5-Kuka-Dual-Arm/install/moveit_ros_warehouse/include/moveit/warehouse/warehouse_connector.h
[6.591s] -- Up-to-date: /home/gustav/P5-Kuka-Dual-Arm/install/moveit_ros_warehouse/include/moveit/warehouse/planning_scene_storage.h
[6.591s] -- Up-to-date: /home/gustav/P5-Kuka-Dual-Arm/install/moveit_ros_warehouse/include/moveit/warehouse/planning_scene_world_storage.h
[6.592s] -- Up-to-date: /home/gustav/P5-Kuka-Dual-Arm/install/moveit_ros_warehouse/include/moveit_warehouse_export.h
[6.592s] -- Installing: /home/gustav/P5-Kuka-Dual-Arm/install/moveit_ros_warehouse/lib/libmoveit_warehouse.so.2.5.5
[6.592s] -- Set runtime path of "/home/gustav/P5-Kuka-Dual-Arm/install/moveit_ros_warehouse/lib/libmoveit_warehouse.so.2.5.5" to ""
[6.592s] -- Up-to-date: /home/gustav/P5-Kuka-Dual-Arm/install/moveit_ros_warehouse/lib/libmoveit_warehouse.so
[6.592s] -- Up-to-date: /home/gustav/P5-Kuka-Dual-Arm/install/moveit_ros_warehouse/share/moveit_ros_warehouse/environment/library_path.sh
[6.593s] -- Installing: /home/gustav/P5-Kuka-Dual-Arm/install/moveit_ros_warehouse/share/moveit_ros_warehouse/environment/library_path.dsv
[6.593s] -- Up-to-date: /home/gustav/P5-Kuka-Dual-Arm/install/moveit_ros_warehouse/share/ament_index/resource_index/package_run_dependencies/moveit_ros_warehouse
[6.593s] -- Installing: /home/gustav/P5-Kuka-Dual-Arm/install/moveit_ros_warehouse/share/ament_index/resource_index/parent_prefix_path/moveit_ros_warehouse
[6.593s] -- Up-to-date: /home/gustav/P5-Kuka-Dual-Arm/install/moveit_ros_warehouse/share/moveit_ros_warehouse/environment/ament_prefix_path.sh
[6.594s] -- Installing: /home/gustav/P5-Kuka-Dual-Arm/install/moveit_ros_warehouse/share/moveit_ros_warehouse/environment/ament_prefix_path.dsv
[6.594s] -- Up-to-date: /home/gustav/P5-Kuka-Dual-Arm/install/moveit_ros_warehouse/share/moveit_ros_warehouse/environment/path.sh
[6.594s] -- Installing: /home/gustav/P5-Kuka-Dual-Arm/install/moveit_ros_warehouse/share/moveit_ros_warehouse/environment/path.dsv
[6.595s] -- Up-to-date: /home/gustav/P5-Kuka-Dual-Arm/install/moveit_ros_warehouse/share/moveit_ros_warehouse/local_setup.bash
[6.595s] -- Up-to-date: /home/gustav/P5-Kuka-Dual-Arm/install/moveit_ros_warehouse/share/moveit_ros_warehouse/local_setup.sh
[6.595s] -- Up-to-date: /home/gustav/P5-Kuka-Dual-Arm/install/moveit_ros_warehouse/share/moveit_ros_warehouse/local_setup.zsh
[6.595s] -- Installing: /home/gustav/P5-Kuka-Dual-Arm/install/moveit_ros_warehouse/share/moveit_ros_warehouse/local_setup.dsv
[6.595s] -- Installing: /home/gustav/P5-Kuka-Dual-Arm/install/moveit_ros_warehouse/share/moveit_ros_warehouse/package.dsv
[6.595s] -- Up-to-date: /home/gustav/P5-Kuka-Dual-Arm/install/moveit_ros_warehouse/share/ament_index/resource_index/packages/moveit_ros_warehouse
[6.595s] -- Up-to-date: /home/gustav/P5-Kuka-Dual-Arm/install/moveit_ros_warehouse/share/moveit_ros_warehouse/cmake/export_moveit_ros_warehouseExport.cmake
[6.596s] -- Up-to-date: /home/gustav/P5-Kuka-Dual-Arm/install/moveit_ros_warehouse/share/moveit_ros_warehouse/cmake/export_moveit_ros_warehouseExport-release.cmake
[6.596s] -- Up-to-date: /home/gustav/P5-Kuka-Dual-Arm/install/moveit_ros_warehouse/share/moveit_ros_warehouse/cmake/ConfigExtras.cmake
[6.596s] -- Up-to-date: /home/gustav/P5-Kuka-Dual-Arm/install/moveit_ros_warehouse/share/moveit_ros_warehouse/cmake/ament_cmake_export_targets-extras.cmake
[6.596s] -- Up-to-date: /home/gustav/P5-Kuka-Dual-Arm/install/moveit_ros_warehouse/share/moveit_ros_warehouse/cmake/ament_cmake_export_dependencies-extras.cmake
[6.599s] -- Up-to-date: /home/gustav/P5-Kuka-Dual-Arm/install/moveit_ros_warehouse/share/moveit_ros_warehouse/cmake/moveit_ros_warehouseConfig.cmake
[6.599s] -- Up-to-date: /home/gustav/P5-Kuka-Dual-Arm/install/moveit_ros_warehouse/share/moveit_ros_warehouse/cmake/moveit_ros_warehouseConfig-version.cmake
[6.599s] -- Up-to-date: /home/gustav/P5-Kuka-Dual-Arm/install/moveit_ros_warehouse/share/moveit_ros_warehouse/package.xml
[6.607s] Invoked command in '/home/gustav/P5-Kuka-Dual-Arm/build/moveit_ros_warehouse' returned '0': AMENT_PREFIX_PATH=/home/gustav/P5-Kuka-Dual-Arm/install/moveit_ros_planning:/home/gustav/P5-Kuka-Dual-Arm/install/moveit_ros_occupancy_map_monitor:/home/gustav/P5-Kuka-Dual-Arm/install/moveit_core:/home/gustav/P5-Kuka-Dual-Arm/install/moveit_resources_panda_moveit_config:/home/gustav/P5-Kuka-Dual-Arm/install/generate_parameter_library:/home/gustav/P5-Kuka-Dual-Arm/install/parameter_traits:/home/gustav/P5-Kuka-Dual-Arm/install/moveit_resources_pr2_description:/home/gustav/P5-Kuka-Dual-Arm/install/moveit_resources_panda_description:/home/gustav/P5-Kuka-Dual-Arm/install/moveit_msgs:/home/gustav/P5-Kuka-Dual-Arm/install/moveit_common:/home/gustav/P5-Kuka-Dual-Arm/install/generate_parameter_library_py:${AMENT_PREFIX_PATH} CMAKE_PREFIX_PATH=/home/gustav/P5-Kuka-Dual-Arm/install/moveit_ros_planning:/home/gustav/P5-Kuka-Dual-Arm/install/moveit_ros_occupancy_map_monitor:/home/gustav/P5-Kuka-Dual-Arm/install/moveit_core:/home/gustav/P5-Kuka-Dual-Arm/install/moveit_resources_panda_moveit_config:/home/gustav/P5-Kuka-Dual-Arm/install/generate_parameter_library:/home/gustav/P5-Kuka-Dual-Arm/install/parameter_traits:/home/gustav/P5-Kuka-Dual-Arm/install/moveit_resources_pr2_description:/home/gustav/P5-Kuka-Dual-Arm/install/moveit_resources_panda_description:/home/gustav/P5-Kuka-Dual-Arm/install/moveit_msgs:/home/gustav/P5-Kuka-Dual-Arm/install/moveit_common:/opt/ros/humble LD_LIBRARY_PATH=/home/gustav/P5-Kuka-Dual-Arm/install/moveit_ros_planning/lib:/home/gustav/P5-Kuka-Dual-Arm/install/moveit_ros_occupancy_map_monitor/lib:/home/gustav/P5-Kuka-Dual-Arm/install/moveit_core/lib:/home/gustav/P5-Kuka-Dual-Arm/install/parameter_traits/lib:/home/gustav/P5-Kuka-Dual-Arm/install/moveit_msgs/lib:${LD_LIBRARY_PATH} PATH=/home/gustav/P5-Kuka-Dual-Arm/install/moveit_core/bin:/home/gustav/P5-Kuka-Dual-Arm/install/generate_parameter_library_py/bin:${PATH} PYTHONPATH=/home/gustav/P5-Kuka-Dual-Arm/install/moveit_msgs/local/lib/python3.10/dist-packages:/home/gustav/P5-Kuka-Dual-Arm/install/generate_parameter_library_py/lib/python3.10/site-packages:${PYTHONPATH} /usr/bin/cmake --install /home/gustav/P5-Kuka-Dual-Arm/build/moveit_ros_warehouse
