[3.941s] Invoking command in '/home/gustav/P5-Kuka-Dual-Arm/p5_ws/src/py_srvcli': AMENT_PREFIX_PATH=/home/gustav/P5-Kuka-Dual-Arm/install/tutorial_interfaces:${AMENT_PREFIX_PATH} CMAKE_PREFIX_PATH=/home/gustav/P5-Kuka-Dual-Arm/install/tutorial_interfaces:${CMAKE_PREFIX_PATH} LD_LIBRARY_PATH=/home/gustav/P5-Kuka-Dual-Arm/install/tutorial_interfaces/lib:${LD_LIBRARY_PATH} PYTHONPATH=/home/gustav/P5-Kuka-Dual-Arm/build/py_srvcli/prefix_override:/usr/lib/python3/dist-packages/colcon_core/task/python/colcon_distutils_commands:/home/gustav/P5-Kuka-Dual-Arm/install/py_srvcli/lib/python3.10/site-packages:/home/gustav/P5-Kuka-Dual-Arm/install/tutorial_interfaces/local/lib/python3.10/dist-packages:${PYTHONPATH} /usr/bin/python3 -W ignore:setup.py install is deprecated setup.py egg_info --egg-base ../../../build/py_srvcli build --build-base /home/gustav/P5-Kuka-Dual-Arm/build/py_srvcli/build install --record /home/gustav/P5-Kuka-Dual-Arm/build/py_srvcli/install.log --single-version-externally-managed install_data
[4.415s] running egg_info
[4.418s] writing ../../../build/py_srvcli/py_srvcli.egg-info/PKG-INFO
[4.420s] writing dependency_links to ../../../build/py_srvcli/py_srvcli.egg-info/dependency_links.txt
[4.420s] writing entry points to ../../../build/py_srvcli/py_srvcli.egg-info/entry_points.txt
[4.429s] writing requirements to ../../../build/py_srvcli/py_srvcli.egg-info/requires.txt
[4.429s] writing top-level names to ../../../build/py_srvcli/py_srvcli.egg-info/top_level.txt
[4.429s] reading manifest file '../../../build/py_srvcli/py_srvcli.egg-info/SOURCES.txt'
[4.429s] adding license file 'LICENSE'
[4.438s] writing manifest file '../../../build/py_srvcli/py_srvcli.egg-info/SOURCES.txt'
[4.438s] running build
[4.438s] running build_py
[4.438s] running install
[4.438s] running install_lib
[4.446s] running install_data
[4.447s] running install_egg_info
[4.453s] removing '/home/gustav/P5-Kuka-Dual-Arm/install/py_srvcli/lib/python3.10/site-packages/py_srvcli-0.0.0-py3.10.egg-info' (and everything under it)
[4.453s] Copying ../../../build/py_srvcli/py_srvcli.egg-info to /home/gustav/P5-Kuka-Dual-Arm/install/py_srvcli/lib/python3.10/site-packages/py_srvcli-0.0.0-py3.10.egg-info
[4.453s] running install_scripts
[4.517s] Installing client script to /home/gustav/P5-Kuka-Dual-Arm/install/py_srvcli/lib/py_srvcli
[4.518s] Installing service script to /home/gustav/P5-Kuka-Dual-Arm/install/py_srvcli/lib/py_srvcli
[4.519s] writing list of installed files to '/home/gustav/P5-Kuka-Dual-Arm/build/py_srvcli/install.log'
[5.309s] Invoked command in '/home/gustav/P5-Kuka-Dual-Arm/p5_ws/src/py_srvcli' returned '0': AMENT_PREFIX_PATH=/home/gustav/P5-Kuka-Dual-Arm/install/tutorial_interfaces:${AMENT_PREFIX_PATH} CMAKE_PREFIX_PATH=/home/gustav/P5-Kuka-Dual-Arm/install/tutorial_interfaces:${CMAKE_PREFIX_PATH} LD_LIBRARY_PATH=/home/gustav/P5-Kuka-Dual-Arm/install/tutorial_interfaces/lib:${LD_LIBRARY_PATH} PYTHONPATH=/home/gustav/P5-Kuka-Dual-Arm/build/py_srvcli/prefix_override:/usr/lib/python3/dist-packages/colcon_core/task/python/colcon_distutils_commands:/home/gustav/P5-Kuka-Dual-Arm/install/py_srvcli/lib/python3.10/site-packages:/home/gustav/P5-Kuka-Dual-Arm/install/tutorial_interfaces/local/lib/python3.10/dist-packages:${PYTHONPATH} /usr/bin/python3 -W ignore:setup.py install is deprecated setup.py egg_info --egg-base ../../../build/py_srvcli build --build-base /home/gustav/P5-Kuka-Dual-Arm/build/py_srvcli/build install --record /home/gustav/P5-Kuka-Dual-Arm/build/py_srvcli/install.log --single-version-externally-managed install_data
