[0.016s] Invoking command in '/home/gustav/P5-Kuka-Dual-Arm/build/fri_client_sdk': CMAKE_PREFIX_PATH=/opt/ros/humble /usr/bin/cmake --build /home/gustav/P5-Kuka-Dual-Arm/build/fri_client_sdk -- -j8 -l8
[0.070s] [100%] Built target FRIClient
[0.079s] Invoked command in '/home/gustav/P5-Kuka-Dual-Arm/build/fri_client_sdk' returned '0': CMAKE_PREFIX_PATH=/opt/ros/humble /usr/bin/cmake --build /home/gustav/P5-Kuka-Dual-Arm/build/fri_client_sdk -- -j8 -l8
[0.123s] Invoking command in '/home/gustav/P5-Kuka-Dual-Arm/build/fri_client_sdk': CMAKE_PREFIX_PATH=/opt/ros/humble /usr/bin/cmake --install /home/gustav/P5-Kuka-Dual-Arm/build/fri_client_sdk
[0.130s] -- Install configuration: "Release"
[0.131s] -- Up-to-date: /home/gustav/P5-Kuka-Dual-Arm/install/fri_client_sdk/lib/libFRIClient.so
[0.131s] -- Up-to-date: /home/gustav/P5-Kuka-Dual-Arm/install/fri_client_sdk/include
[0.131s] -- Up-to-date: /home/gustav/P5-Kuka-Dual-Arm/install/fri_client_sdk/include/friConnectionIf.h
[0.131s] -- Up-to-date: /home/gustav/P5-Kuka-Dual-Arm/install/fri_client_sdk/include/friClientIf.h
[0.131s] -- Up-to-date: /home/gustav/P5-Kuka-Dual-Arm/install/fri_client_sdk/include/friLBRClient.h
[0.131s] -- Up-to-date: /home/gustav/P5-Kuka-Dual-Arm/install/fri_client_sdk/include/friUdpConnection.h
[0.131s] -- Up-to-date: /home/gustav/P5-Kuka-Dual-Arm/install/fri_client_sdk/include/friException.h
[0.131s] -- Up-to-date: /home/gustav/P5-Kuka-Dual-Arm/install/fri_client_sdk/include/friLBRState.h
[0.131s] -- Up-to-date: /home/gustav/P5-Kuka-Dual-Arm/install/fri_client_sdk/include/friClientVersion.h
[0.131s] -- Up-to-date: /home/gustav/P5-Kuka-Dual-Arm/install/fri_client_sdk/include/friClientApplication.h
[0.132s] -- Up-to-date: /home/gustav/P5-Kuka-Dual-Arm/install/fri_client_sdk/include/friLBRCommand.h
[0.132s] -- Up-to-date: /home/gustav/P5-Kuka-Dual-Arm/install/fri_client_sdk/include/friTransformationClient.h
[0.132s] -- Up-to-date: /home/gustav/P5-Kuka-Dual-Arm/install/fri_client_sdk/lib/cmake/FRIClient/FRIClientConfig.cmake
[0.132s] -- Up-to-date: /home/gustav/P5-Kuka-Dual-Arm/install/fri_client_sdk/lib/cmake/FRIClient/FRIClientConfig-release.cmake
[0.132s] -- Up-to-date: /home/gustav/P5-Kuka-Dual-Arm/install/fri_client_sdk/lib/cmake/FRIClient/FRIClientConfigVersion.cmake
[0.133s] Invoked command in '/home/gustav/P5-Kuka-Dual-Arm/build/fri_client_sdk' returned '0': CMAKE_PREFIX_PATH=/opt/ros/humble /usr/bin/cmake --install /home/gustav/P5-Kuka-Dual-Arm/build/fri_client_sdk
