[0.027s] Invoking command in '/home/gustav/P5-Kuka-Dual-Arm/build/lbr_demos_cpp': AMENT_PREFIX_PATH=/home/gustav/P5-Kuka-Dual-Arm/install/lbr_bringup:/home/gustav/P5-Kuka-Dual-Arm/install/lbr_ros2_control:/home/gustav/P5-Kuka-Dual-Arm/install/lbr_fri_ros2:/home/gustav/P5-Kuka-Dual-Arm/install/lbr_fri_idl:/home/gustav/P5-Kuka-Dual-Arm/install/lbr_description:${AMENT_PREFIX_PATH} CMAKE_PREFIX_PATH=/home/gustav/P5-Kuka-Dual-Arm/install/lbr_bringup:/home/gustav/P5-Kuka-Dual-Arm/install/lbr_ros2_control:/home/gustav/P5-Kuka-Dual-Arm/install/lbr_fri_ros2:/home/gustav/P5-Kuka-Dual-Arm/install/lbr_fri_idl:/home/gustav/P5-Kuka-Dual-Arm/install/lbr_description:/home/gustav/P5-Kuka-Dual-Arm/install/fri_client_sdk:/opt/ros/humble LD_LIBRARY_PATH=/home/gustav/P5-Kuka-Dual-Arm/install/lbr_ros2_control/lib:/home/gustav/P5-Kuka-Dual-Arm/install/lbr_fri_ros2/lib:/home/gustav/P5-Kuka-Dual-Arm/install/lbr_fri_idl/lib:/home/gustav/P5-Kuka-Dual-Arm/install/fri_client_sdk/lib:${LD_LIBRARY_PATH} PKG_CONFIG_PATH=/home/gustav/P5-Kuka-Dual-Arm/install/fri_client_sdk/lib/x86_64-linux-gnu/pkgconfig:/home/gustav/P5-Kuka-Dual-Arm/install/fri_client_sdk/lib/pkgconfig PYTHONPATH=/home/gustav/P5-Kuka-Dual-Arm/install/lbr_bringup/local/lib/python3.10/dist-packages:/home/gustav/P5-Kuka-Dual-Arm/install/lbr_fri_idl/local/lib/python3.10/dist-packages:${PYTHONPATH} /usr/bin/cmake --build /home/gustav/P5-Kuka-Dual-Arm/build/lbr_demos_cpp -- -j8 -l8
[0.106s] [35m[1mConsolidate compiler generated dependencies of target joint_sine_overlay[0m
[0.107s] [35m[1mConsolidate compiler generated dependencies of target wrench_sine_overlay[0m
[0.107s] [35m[1mConsolidate compiler generated dependencies of target joint_trajectory_client[0m
[0.107s] [35m[1mConsolidate compiler generated dependencies of target torque_sine_overlay[0m
[0.133s] [ 25%] Built target joint_sine_overlay
[0.136s] [ 50%] Built target torque_sine_overlay
[0.136s] [ 75%] Built target joint_trajectory_client
[0.141s] [100%] Built target wrench_sine_overlay
[0.156s] Invoked command in '/home/gustav/P5-Kuka-Dual-Arm/build/lbr_demos_cpp' returned '0': AMENT_PREFIX_PATH=/home/gustav/P5-Kuka-Dual-Arm/install/lbr_bringup:/home/gustav/P5-Kuka-Dual-Arm/install/lbr_ros2_control:/home/gustav/P5-Kuka-Dual-Arm/install/lbr_fri_ros2:/home/gustav/P5-Kuka-Dual-Arm/install/lbr_fri_idl:/home/gustav/P5-Kuka-Dual-Arm/install/lbr_description:${AMENT_PREFIX_PATH} CMAKE_PREFIX_PATH=/home/gustav/P5-Kuka-Dual-Arm/install/lbr_bringup:/home/gustav/P5-Kuka-Dual-Arm/install/lbr_ros2_control:/home/gustav/P5-Kuka-Dual-Arm/install/lbr_fri_ros2:/home/gustav/P5-Kuka-Dual-Arm/install/lbr_fri_idl:/home/gustav/P5-Kuka-Dual-Arm/install/lbr_description:/home/gustav/P5-Kuka-Dual-Arm/install/fri_client_sdk:/opt/ros/humble LD_LIBRARY_PATH=/home/gustav/P5-Kuka-Dual-Arm/install/lbr_ros2_control/lib:/home/gustav/P5-Kuka-Dual-Arm/install/lbr_fri_ros2/lib:/home/gustav/P5-Kuka-Dual-Arm/install/lbr_fri_idl/lib:/home/gustav/P5-Kuka-Dual-Arm/install/fri_client_sdk/lib:${LD_LIBRARY_PATH} PKG_CONFIG_PATH=/home/gustav/P5-Kuka-Dual-Arm/install/fri_client_sdk/lib/x86_64-linux-gnu/pkgconfig:/home/gustav/P5-Kuka-Dual-Arm/install/fri_client_sdk/lib/pkgconfig PYTHONPATH=/home/gustav/P5-Kuka-Dual-Arm/install/lbr_bringup/local/lib/python3.10/dist-packages:/home/gustav/P5-Kuka-Dual-Arm/install/lbr_fri_idl/local/lib/python3.10/dist-packages:${PYTHONPATH} /usr/bin/cmake --build /home/gustav/P5-Kuka-Dual-Arm/build/lbr_demos_cpp -- -j8 -l8
[0.232s] Invoking command in '/home/gustav/P5-Kuka-Dual-Arm/build/lbr_demos_cpp': AMENT_PREFIX_PATH=/home/gustav/P5-Kuka-Dual-Arm/install/lbr_bringup:/home/gustav/P5-Kuka-Dual-Arm/install/lbr_ros2_control:/home/gustav/P5-Kuka-Dual-Arm/install/lbr_fri_ros2:/home/gustav/P5-Kuka-Dual-Arm/install/lbr_fri_idl:/home/gustav/P5-Kuka-Dual-Arm/install/lbr_description:${AMENT_PREFIX_PATH} CMAKE_PREFIX_PATH=/home/gustav/P5-Kuka-Dual-Arm/install/lbr_bringup:/home/gustav/P5-Kuka-Dual-Arm/install/lbr_ros2_control:/home/gustav/P5-Kuka-Dual-Arm/install/lbr_fri_ros2:/home/gustav/P5-Kuka-Dual-Arm/install/lbr_fri_idl:/home/gustav/P5-Kuka-Dual-Arm/install/lbr_description:/home/gustav/P5-Kuka-Dual-Arm/install/fri_client_sdk:/opt/ros/humble LD_LIBRARY_PATH=/home/gustav/P5-Kuka-Dual-Arm/install/lbr_ros2_control/lib:/home/gustav/P5-Kuka-Dual-Arm/install/lbr_fri_ros2/lib:/home/gustav/P5-Kuka-Dual-Arm/install/lbr_fri_idl/lib:/home/gustav/P5-Kuka-Dual-Arm/install/fri_client_sdk/lib:${LD_LIBRARY_PATH} PKG_CONFIG_PATH=/home/gustav/P5-Kuka-Dual-Arm/install/fri_client_sdk/lib/x86_64-linux-gnu/pkgconfig:/home/gustav/P5-Kuka-Dual-Arm/install/fri_client_sdk/lib/pkgconfig PYTHONPATH=/home/gustav/P5-Kuka-Dual-Arm/install/lbr_bringup/local/lib/python3.10/dist-packages:/home/gustav/P5-Kuka-Dual-Arm/install/lbr_fri_idl/local/lib/python3.10/dist-packages:${PYTHONPATH} /usr/bin/cmake --install /home/gustav/P5-Kuka-Dual-Arm/build/lbr_demos_cpp
[0.257s] -- Install configuration: "Release"
[0.260s] -- Up-to-date: /home/gustav/P5-Kuka-Dual-Arm/install/lbr_demos_cpp/lib/lbr_demos_cpp/joint_sine_overlay
[0.261s] -- Up-to-date: /home/gustav/P5-Kuka-Dual-Arm/install/lbr_demos_cpp/lib/lbr_demos_cpp/joint_trajectory_client
[0.264s] -- Up-to-date: /home/gustav/P5-Kuka-Dual-Arm/install/lbr_demos_cpp/lib/lbr_demos_cpp/torque_sine_overlay
[0.266s] -- Up-to-date: /home/gustav/P5-Kuka-Dual-Arm/install/lbr_demos_cpp/lib/lbr_demos_cpp/wrench_sine_overlay
[0.268s] -- Up-to-date: /home/gustav/P5-Kuka-Dual-Arm/install/lbr_demos_cpp/share/ament_index/resource_index/package_run_dependencies/lbr_demos_cpp
[0.268s] -- Up-to-date: /home/gustav/P5-Kuka-Dual-Arm/install/lbr_demos_cpp/share/ament_index/resource_index/parent_prefix_path/lbr_demos_cpp
[0.269s] -- Up-to-date: /home/gustav/P5-Kuka-Dual-Arm/install/lbr_demos_cpp/share/lbr_demos_cpp/environment/ament_prefix_path.sh
[0.269s] -- Up-to-date: /home/gustav/P5-Kuka-Dual-Arm/install/lbr_demos_cpp/share/lbr_demos_cpp/environment/ament_prefix_path.dsv
[0.269s] -- Up-to-date: /home/gustav/P5-Kuka-Dual-Arm/install/lbr_demos_cpp/share/lbr_demos_cpp/environment/path.sh
[0.269s] -- Up-to-date: /home/gustav/P5-Kuka-Dual-Arm/install/lbr_demos_cpp/share/lbr_demos_cpp/environment/path.dsv
[0.270s] -- Up-to-date: /home/gustav/P5-Kuka-Dual-Arm/install/lbr_demos_cpp/share/lbr_demos_cpp/local_setup.bash
[0.270s] -- Up-to-date: /home/gustav/P5-Kuka-Dual-Arm/install/lbr_demos_cpp/share/lbr_demos_cpp/local_setup.sh
[0.270s] -- Up-to-date: /home/gustav/P5-Kuka-Dual-Arm/install/lbr_demos_cpp/share/lbr_demos_cpp/local_setup.zsh
[0.270s] -- Up-to-date: /home/gustav/P5-Kuka-Dual-Arm/install/lbr_demos_cpp/share/lbr_demos_cpp/local_setup.dsv
[0.270s] -- Installing: /home/gustav/P5-Kuka-Dual-Arm/install/lbr_demos_cpp/share/lbr_demos_cpp/package.dsv
[0.271s] -- Up-to-date: /home/gustav/P5-Kuka-Dual-Arm/install/lbr_demos_cpp/share/ament_index/resource_index/packages/lbr_demos_cpp
[0.271s] -- Up-to-date: /home/gustav/P5-Kuka-Dual-Arm/install/lbr_demos_cpp/share/lbr_demos_cpp/cmake/lbr_demos_cppConfig.cmake
[0.271s] -- Up-to-date: /home/gustav/P5-Kuka-Dual-Arm/install/lbr_demos_cpp/share/lbr_demos_cpp/cmake/lbr_demos_cppConfig-version.cmake
[0.271s] -- Up-to-date: /home/gustav/P5-Kuka-Dual-Arm/install/lbr_demos_cpp/share/lbr_demos_cpp/package.xml
[0.275s] Invoked command in '/home/gustav/P5-Kuka-Dual-Arm/build/lbr_demos_cpp' returned '0': AMENT_PREFIX_PATH=/home/gustav/P5-Kuka-Dual-Arm/install/lbr_bringup:/home/gustav/P5-Kuka-Dual-Arm/install/lbr_ros2_control:/home/gustav/P5-Kuka-Dual-Arm/install/lbr_fri_ros2:/home/gustav/P5-Kuka-Dual-Arm/install/lbr_fri_idl:/home/gustav/P5-Kuka-Dual-Arm/install/lbr_description:${AMENT_PREFIX_PATH} CMAKE_PREFIX_PATH=/home/gustav/P5-Kuka-Dual-Arm/install/lbr_bringup:/home/gustav/P5-Kuka-Dual-Arm/install/lbr_ros2_control:/home/gustav/P5-Kuka-Dual-Arm/install/lbr_fri_ros2:/home/gustav/P5-Kuka-Dual-Arm/install/lbr_fri_idl:/home/gustav/P5-Kuka-Dual-Arm/install/lbr_description:/home/gustav/P5-Kuka-Dual-Arm/install/fri_client_sdk:/opt/ros/humble LD_LIBRARY_PATH=/home/gustav/P5-Kuka-Dual-Arm/install/lbr_ros2_control/lib:/home/gustav/P5-Kuka-Dual-Arm/install/lbr_fri_ros2/lib:/home/gustav/P5-Kuka-Dual-Arm/install/lbr_fri_idl/lib:/home/gustav/P5-Kuka-Dual-Arm/install/fri_client_sdk/lib:${LD_LIBRARY_PATH} PKG_CONFIG_PATH=/home/gustav/P5-Kuka-Dual-Arm/install/fri_client_sdk/lib/x86_64-linux-gnu/pkgconfig:/home/gustav/P5-Kuka-Dual-Arm/install/fri_client_sdk/lib/pkgconfig PYTHONPATH=/home/gustav/P5-Kuka-Dual-Arm/install/lbr_bringup/local/lib/python3.10/dist-packages:/home/gustav/P5-Kuka-Dual-Arm/install/lbr_fri_idl/local/lib/python3.10/dist-packages:${PYTHONPATH} /usr/bin/cmake --install /home/gustav/P5-Kuka-Dual-Arm/build/lbr_demos_cpp
