[0.139s] Invoking command in '/home/gustav/P5-Kuka-Dual-Arm/build/tutorial_interfaces': CMAKE_PREFIX_PATH=${CMAKE_PREFIX_PATH}:/home/gustav/ws_moveit2/install/moveit_configs_utils:/home/gustav/ws_moveit2/install/launch_param_builder:/home/gustav/lbr_stack/install/lbr_demos_py:/home/gustav/lbr_stack/install/lbr_demos_advanced_py:/opt/ros/humble /usr/bin/cmake --build /home/gustav/P5-Kuka-Dual-Arm/build/tutorial_interfaces -- -j8 -l8
[0.407s] [  2%] Built target tutorial_interfaces__cpp
[0.435s] [ 12%] Built target tutorial_interfaces__rosidl_generator_c
[0.511s] [ 23%] Built target tutorial_interfaces__rosidl_typesupport_fastrtps_cpp
[0.521s] [ 23%] Built target ament_cmake_python_copy_tutorial_interfaces
[0.524s] [ 34%] Built target tutorial_interfaces__rosidl_typesupport_cpp
[0.560s] [ 44%] Built target tutorial_interfaces__rosidl_typesupport_introspection_cpp
[0.577s] [ 55%] Built target tutorial_interfaces__rosidl_typesupport_c
[0.588s] [ 65%] Built target tutorial_interfaces__rosidl_typesupport_introspection_c
[0.600s] [ 76%] Built target tutorial_interfaces__rosidl_typesupport_fastrtps_c
[0.722s] [ 76%] Built target tutorial_interfaces
[0.824s] [ 78%] Built target tutorial_interfaces__py
[0.926s] [ 87%] Built target tutorial_interfaces__rosidl_generator_py
[1.060s] [ 91%] Built target tutorial_interfaces__rosidl_typesupport_fastrtps_c__pyext
[1.065s] [ 95%] Built target tutorial_interfaces__rosidl_typesupport_c__pyext
[1.065s] [100%] Built target tutorial_interfaces__rosidl_typesupport_introspection_c__pyext
[1.339s] running egg_info
[1.340s] writing tutorial_interfaces.egg-info/PKG-INFO
[1.341s] writing dependency_links to tutorial_interfaces.egg-info/dependency_links.txt
[1.341s] writing top-level names to tutorial_interfaces.egg-info/top_level.txt
[1.353s] reading manifest file 'tutorial_interfaces.egg-info/SOURCES.txt'
[1.354s] writing manifest file 'tutorial_interfaces.egg-info/SOURCES.txt'
[1.417s] [100%] Built target ament_cmake_python_build_tutorial_interfaces_egg
[1.437s] Invoked command in '/home/gustav/P5-Kuka-Dual-Arm/build/tutorial_interfaces' returned '0': CMAKE_PREFIX_PATH=${CMAKE_PREFIX_PATH}:/home/gustav/ws_moveit2/install/moveit_configs_utils:/home/gustav/ws_moveit2/install/launch_param_builder:/home/gustav/lbr_stack/install/lbr_demos_py:/home/gustav/lbr_stack/install/lbr_demos_advanced_py:/opt/ros/humble /usr/bin/cmake --build /home/gustav/P5-Kuka-Dual-Arm/build/tutorial_interfaces -- -j8 -l8
[2.351s] Invoking command in '/home/gustav/P5-Kuka-Dual-Arm/build/tutorial_interfaces': CMAKE_PREFIX_PATH=${CMAKE_PREFIX_PATH}:/home/gustav/ws_moveit2/install/moveit_configs_utils:/home/gustav/ws_moveit2/install/launch_param_builder:/home/gustav/lbr_stack/install/lbr_demos_py:/home/gustav/lbr_stack/install/lbr_demos_advanced_py:/opt/ros/humble /usr/bin/cmake --install /home/gustav/P5-Kuka-Dual-Arm/build/tutorial_interfaces
[2.396s] -- Install configuration: "Release"
[2.396s] -- Up-to-date: /home/gustav/P5-Kuka-Dual-Arm/install/tutorial_interfaces/share/ament_index/resource_index/rosidl_interfaces/tutorial_interfaces
[2.396s] -- Up-to-date: /home/gustav/P5-Kuka-Dual-Arm/install/tutorial_interfaces/include/tutorial_interfaces/tutorial_interfaces
[2.398s] -- Up-to-date: /home/gustav/P5-Kuka-Dual-Arm/install/tutorial_interfaces/include/tutorial_interfaces/tutorial_interfaces/msg
[2.398s] -- Up-to-date: /home/gustav/P5-Kuka-Dual-Arm/install/tutorial_interfaces/include/tutorial_interfaces/tutorial_interfaces/msg/rosidl_generator_c__visibility_control.h
[2.398s] -- Up-to-date: /home/gustav/P5-Kuka-Dual-Arm/install/tutorial_interfaces/include/tutorial_interfaces/tutorial_interfaces/msg/num.h
[2.398s] -- Up-to-date: /home/gustav/P5-Kuka-Dual-Arm/install/tutorial_interfaces/include/tutorial_interfaces/tutorial_interfaces/msg/sphere.h
[2.400s] -- Up-to-date: /home/gustav/P5-Kuka-Dual-Arm/install/tutorial_interfaces/include/tutorial_interfaces/tutorial_interfaces/msg/detail
[2.402s] -- Up-to-date: /home/gustav/P5-Kuka-Dual-Arm/install/tutorial_interfaces/include/tutorial_interfaces/tutorial_interfaces/msg/detail/num__functions.c
[2.402s] -- Up-to-date: /home/gustav/P5-Kuka-Dual-Arm/install/tutorial_interfaces/include/tutorial_interfaces/tutorial_interfaces/msg/detail/num__functions.h
[2.403s] -- Up-to-date: /home/gustav/P5-Kuka-Dual-Arm/install/tutorial_interfaces/include/tutorial_interfaces/tutorial_interfaces/msg/detail/sphere__functions.c
[2.411s] -- Up-to-date: /home/gustav/P5-Kuka-Dual-Arm/install/tutorial_interfaces/include/tutorial_interfaces/tutorial_interfaces/msg/detail/sphere__functions.h
[2.411s] -- Up-to-date: /home/gustav/P5-Kuka-Dual-Arm/install/tutorial_interfaces/include/tutorial_interfaces/tutorial_interfaces/msg/detail/num__type_support.h
[2.413s] -- Up-to-date: /home/gustav/P5-Kuka-Dual-Arm/install/tutorial_interfaces/include/tutorial_interfaces/tutorial_interfaces/msg/detail/num__struct.h
[2.413s] -- Up-to-date: /home/gustav/P5-Kuka-Dual-Arm/install/tutorial_interfaces/include/tutorial_interfaces/tutorial_interfaces/msg/detail/sphere__type_support.h
[2.413s] -- Up-to-date: /home/gustav/P5-Kuka-Dual-Arm/install/tutorial_interfaces/include/tutorial_interfaces/tutorial_interfaces/msg/detail/sphere__struct.h
[2.414s] -- Up-to-date: /home/gustav/P5-Kuka-Dual-Arm/install/tutorial_interfaces/include/tutorial_interfaces/tutorial_interfaces/srv
[2.415s] -- Up-to-date: /home/gustav/P5-Kuka-Dual-Arm/install/tutorial_interfaces/include/tutorial_interfaces/tutorial_interfaces/srv/get_six_ints.h
[2.416s] -- Up-to-date: /home/gustav/P5-Kuka-Dual-Arm/install/tutorial_interfaces/include/tutorial_interfaces/tutorial_interfaces/srv/detail
[2.421s] -- Up-to-date: /home/gustav/P5-Kuka-Dual-Arm/install/tutorial_interfaces/include/tutorial_interfaces/tutorial_interfaces/srv/detail/get_six_ints__functions.h
[2.422s] -- Up-to-date: /home/gustav/P5-Kuka-Dual-Arm/install/tutorial_interfaces/include/tutorial_interfaces/tutorial_interfaces/srv/detail/get_six_ints__struct.h
[2.422s] -- Up-to-date: /home/gustav/P5-Kuka-Dual-Arm/install/tutorial_interfaces/include/tutorial_interfaces/tutorial_interfaces/srv/detail/get_six_ints__functions.c
[2.422s] -- Up-to-date: /home/gustav/P5-Kuka-Dual-Arm/install/tutorial_interfaces/include/tutorial_interfaces/tutorial_interfaces/srv/detail/get_six_ints__type_support.h
[2.423s] -- Up-to-date: /home/gustav/P5-Kuka-Dual-Arm/install/tutorial_interfaces/share/tutorial_interfaces/environment/library_path.sh
[2.423s] -- Up-to-date: /home/gustav/P5-Kuka-Dual-Arm/install/tutorial_interfaces/share/tutorial_interfaces/environment/library_path.dsv
[2.423s] -- Up-to-date: /home/gustav/P5-Kuka-Dual-Arm/install/tutorial_interfaces/lib/libtutorial_interfaces__rosidl_generator_c.so
[2.424s] -- Up-to-date: /home/gustav/P5-Kuka-Dual-Arm/install/tutorial_interfaces/include/tutorial_interfaces/tutorial_interfaces
[2.424s] -- Up-to-date: /home/gustav/P5-Kuka-Dual-Arm/install/tutorial_interfaces/include/tutorial_interfaces/tutorial_interfaces/msg
[2.429s] -- Up-to-date: /home/gustav/P5-Kuka-Dual-Arm/install/tutorial_interfaces/include/tutorial_interfaces/tutorial_interfaces/msg/rosidl_typesupport_fastrtps_c__visibility_control.h
[2.429s] -- Up-to-date: /home/gustav/P5-Kuka-Dual-Arm/install/tutorial_interfaces/include/tutorial_interfaces/tutorial_interfaces/msg/detail
[2.429s] -- Up-to-date: /home/gustav/P5-Kuka-Dual-Arm/install/tutorial_interfaces/include/tutorial_interfaces/tutorial_interfaces/msg/detail/sphere__rosidl_typesupport_fastrtps_c.h
[2.430s] -- Up-to-date: /home/gustav/P5-Kuka-Dual-Arm/install/tutorial_interfaces/include/tutorial_interfaces/tutorial_interfaces/msg/detail/num__rosidl_typesupport_fastrtps_c.h
[2.430s] -- Up-to-date: /home/gustav/P5-Kuka-Dual-Arm/install/tutorial_interfaces/include/tutorial_interfaces/tutorial_interfaces/srv
[2.430s] -- Up-to-date: /home/gustav/P5-Kuka-Dual-Arm/install/tutorial_interfaces/include/tutorial_interfaces/tutorial_interfaces/srv/detail
[2.430s] -- Up-to-date: /home/gustav/P5-Kuka-Dual-Arm/install/tutorial_interfaces/include/tutorial_interfaces/tutorial_interfaces/srv/detail/get_six_ints__rosidl_typesupport_fastrtps_c.h
[2.431s] -- Up-to-date: /home/gustav/P5-Kuka-Dual-Arm/install/tutorial_interfaces/lib/libtutorial_interfaces__rosidl_typesupport_fastrtps_c.so
[2.431s] -- Up-to-date: /home/gustav/P5-Kuka-Dual-Arm/install/tutorial_interfaces/include/tutorial_interfaces/tutorial_interfaces
[2.431s] -- Up-to-date: /home/gustav/P5-Kuka-Dual-Arm/install/tutorial_interfaces/include/tutorial_interfaces/tutorial_interfaces/msg
[2.432s] -- Up-to-date: /home/gustav/P5-Kuka-Dual-Arm/install/tutorial_interfaces/include/tutorial_interfaces/tutorial_interfaces/msg/num.hpp
[2.432s] -- Up-to-date: /home/gustav/P5-Kuka-Dual-Arm/install/tutorial_interfaces/include/tutorial_interfaces/tutorial_interfaces/msg/detail
[2.432s] -- Up-to-date: /home/gustav/P5-Kuka-Dual-Arm/install/tutorial_interfaces/include/tutorial_interfaces/tutorial_interfaces/msg/detail/num__builder.hpp
[2.433s] -- Up-to-date: /home/gustav/P5-Kuka-Dual-Arm/install/tutorial_interfaces/include/tutorial_interfaces/tutorial_interfaces/msg/detail/sphere__traits.hpp
[2.433s] -- Up-to-date: /home/gustav/P5-Kuka-Dual-Arm/install/tutorial_interfaces/include/tutorial_interfaces/tutorial_interfaces/msg/detail/sphere__struct.hpp
[2.433s] -- Up-to-date: /home/gustav/P5-Kuka-Dual-Arm/install/tutorial_interfaces/include/tutorial_interfaces/tutorial_interfaces/msg/detail/sphere__builder.hpp
[2.433s] -- Up-to-date: /home/gustav/P5-Kuka-Dual-Arm/install/tutorial_interfaces/include/tutorial_interfaces/tutorial_interfaces/msg/detail/num__struct.hpp
[2.434s] -- Up-to-date: /home/gustav/P5-Kuka-Dual-Arm/install/tutorial_interfaces/include/tutorial_interfaces/tutorial_interfaces/msg/detail/num__traits.hpp
[2.434s] -- Up-to-date: /home/gustav/P5-Kuka-Dual-Arm/install/tutorial_interfaces/include/tutorial_interfaces/tutorial_interfaces/msg/sphere.hpp
[2.434s] -- Up-to-date: /home/gustav/P5-Kuka-Dual-Arm/install/tutorial_interfaces/include/tutorial_interfaces/tutorial_interfaces/srv
[2.435s] -- Up-to-date: /home/gustav/P5-Kuka-Dual-Arm/install/tutorial_interfaces/include/tutorial_interfaces/tutorial_interfaces/srv/get_six_ints.hpp
[2.435s] -- Up-to-date: /home/gustav/P5-Kuka-Dual-Arm/install/tutorial_interfaces/include/tutorial_interfaces/tutorial_interfaces/srv/detail
[2.435s] -- Up-to-date: /home/gustav/P5-Kuka-Dual-Arm/install/tutorial_interfaces/include/tutorial_interfaces/tutorial_interfaces/srv/detail/get_six_ints__traits.hpp
[2.435s] -- Up-to-date: /home/gustav/P5-Kuka-Dual-Arm/install/tutorial_interfaces/include/tutorial_interfaces/tutorial_interfaces/srv/detail/get_six_ints__struct.hpp
[2.435s] -- Up-to-date: /home/gustav/P5-Kuka-Dual-Arm/install/tutorial_interfaces/include/tutorial_interfaces/tutorial_interfaces/srv/detail/get_six_ints__builder.hpp
[2.435s] -- Up-to-date: /home/gustav/P5-Kuka-Dual-Arm/install/tutorial_interfaces/include/tutorial_interfaces/tutorial_interfaces
[2.436s] -- Up-to-date: /home/gustav/P5-Kuka-Dual-Arm/install/tutorial_interfaces/include/tutorial_interfaces/tutorial_interfaces/msg
[2.436s] -- Up-to-date: /home/gustav/P5-Kuka-Dual-Arm/install/tutorial_interfaces/include/tutorial_interfaces/tutorial_interfaces/msg/detail
[2.436s] -- Up-to-date: /home/gustav/P5-Kuka-Dual-Arm/install/tutorial_interfaces/include/tutorial_interfaces/tutorial_interfaces/msg/detail/num__rosidl_typesupport_fastrtps_cpp.hpp
[2.436s] -- Up-to-date: /home/gustav/P5-Kuka-Dual-Arm/install/tutorial_interfaces/include/tutorial_interfaces/tutorial_interfaces/msg/detail/sphere__rosidl_typesupport_fastrtps_cpp.hpp
[2.437s] -- Up-to-date: /home/gustav/P5-Kuka-Dual-Arm/install/tutorial_interfaces/include/tutorial_interfaces/tutorial_interfaces/msg/detail/dds_fastrtps
[2.437s] -- Up-to-date: /home/gustav/P5-Kuka-Dual-Arm/install/tutorial_interfaces/include/tutorial_interfaces/tutorial_interfaces/msg/rosidl_typesupport_fastrtps_cpp__visibility_control.h
[2.437s] -- Up-to-date: /home/gustav/P5-Kuka-Dual-Arm/install/tutorial_interfaces/include/tutorial_interfaces/tutorial_interfaces/srv
[2.438s] -- Up-to-date: /home/gustav/P5-Kuka-Dual-Arm/install/tutorial_interfaces/include/tutorial_interfaces/tutorial_interfaces/srv/detail
[2.438s] -- Up-to-date: /home/gustav/P5-Kuka-Dual-Arm/install/tutorial_interfaces/include/tutorial_interfaces/tutorial_interfaces/srv/detail/get_six_ints__rosidl_typesupport_fastrtps_cpp.hpp
[2.438s] -- Up-to-date: /home/gustav/P5-Kuka-Dual-Arm/install/tutorial_interfaces/include/tutorial_interfaces/tutorial_interfaces/srv/detail/dds_fastrtps
[2.438s] -- Up-to-date: /home/gustav/P5-Kuka-Dual-Arm/install/tutorial_interfaces/lib/libtutorial_interfaces__rosidl_typesupport_fastrtps_cpp.so
[2.439s] -- Up-to-date: /home/gustav/P5-Kuka-Dual-Arm/install/tutorial_interfaces/include/tutorial_interfaces/tutorial_interfaces
[2.441s] -- Up-to-date: /home/gustav/P5-Kuka-Dual-Arm/install/tutorial_interfaces/include/tutorial_interfaces/tutorial_interfaces/msg
[2.441s] -- Up-to-date: /home/gustav/P5-Kuka-Dual-Arm/install/tutorial_interfaces/include/tutorial_interfaces/tutorial_interfaces/msg/rosidl_typesupport_introspection_c__visibility_control.h
[2.441s] -- Up-to-date: /home/gustav/P5-Kuka-Dual-Arm/install/tutorial_interfaces/include/tutorial_interfaces/tutorial_interfaces/msg/detail
[2.441s] -- Up-to-date: /home/gustav/P5-Kuka-Dual-Arm/install/tutorial_interfaces/include/tutorial_interfaces/tutorial_interfaces/msg/detail/num__rosidl_typesupport_introspection_c.h
[2.442s] -- Up-to-date: /home/gustav/P5-Kuka-Dual-Arm/install/tutorial_interfaces/include/tutorial_interfaces/tutorial_interfaces/msg/detail/num__type_support.c
[2.442s] -- Up-to-date: /home/gustav/P5-Kuka-Dual-Arm/install/tutorial_interfaces/include/tutorial_interfaces/tutorial_interfaces/msg/detail/sphere__type_support.c
[2.442s] -- Up-to-date: /home/gustav/P5-Kuka-Dual-Arm/install/tutorial_interfaces/include/tutorial_interfaces/tutorial_interfaces/msg/detail/sphere__rosidl_typesupport_introspection_c.h
[2.443s] -- Up-to-date: /home/gustav/P5-Kuka-Dual-Arm/install/tutorial_interfaces/include/tutorial_interfaces/tutorial_interfaces/srv
[2.443s] -- Up-to-date: /home/gustav/P5-Kuka-Dual-Arm/install/tutorial_interfaces/include/tutorial_interfaces/tutorial_interfaces/srv/detail
[2.443s] -- Up-to-date: /home/gustav/P5-Kuka-Dual-Arm/install/tutorial_interfaces/include/tutorial_interfaces/tutorial_interfaces/srv/detail/get_six_ints__type_support.c
[2.443s] -- Up-to-date: /home/gustav/P5-Kuka-Dual-Arm/install/tutorial_interfaces/include/tutorial_interfaces/tutorial_interfaces/srv/detail/get_six_ints__rosidl_typesupport_introspection_c.h
[2.443s] -- Up-to-date: /home/gustav/P5-Kuka-Dual-Arm/install/tutorial_interfaces/lib/libtutorial_interfaces__rosidl_typesupport_introspection_c.so
[2.444s] -- Up-to-date: /home/gustav/P5-Kuka-Dual-Arm/install/tutorial_interfaces/lib/libtutorial_interfaces__rosidl_typesupport_c.so
[2.444s] -- Up-to-date: /home/gustav/P5-Kuka-Dual-Arm/install/tutorial_interfaces/include/tutorial_interfaces/tutorial_interfaces
[2.445s] -- Up-to-date: /home/gustav/P5-Kuka-Dual-Arm/install/tutorial_interfaces/include/tutorial_interfaces/tutorial_interfaces/msg
[2.445s] -- Up-to-date: /home/gustav/P5-Kuka-Dual-Arm/install/tutorial_interfaces/include/tutorial_interfaces/tutorial_interfaces/msg/detail
[2.445s] -- Up-to-date: /home/gustav/P5-Kuka-Dual-Arm/install/tutorial_interfaces/include/tutorial_interfaces/tutorial_interfaces/msg/detail/sphere__type_support.cpp
[2.445s] -- Up-to-date: /home/gustav/P5-Kuka-Dual-Arm/install/tutorial_interfaces/include/tutorial_interfaces/tutorial_interfaces/msg/detail/num__rosidl_typesupport_introspection_cpp.hpp
[2.446s] -- Up-to-date: /home/gustav/P5-Kuka-Dual-Arm/install/tutorial_interfaces/include/tutorial_interfaces/tutorial_interfaces/msg/detail/sphere__rosidl_typesupport_introspection_cpp.hpp
[2.446s] -- Up-to-date: /home/gustav/P5-Kuka-Dual-Arm/install/tutorial_interfaces/include/tutorial_interfaces/tutorial_interfaces/msg/detail/num__type_support.cpp
[2.447s] -- Up-to-date: /home/gustav/P5-Kuka-Dual-Arm/install/tutorial_interfaces/include/tutorial_interfaces/tutorial_interfaces/srv
[2.447s] -- Up-to-date: /home/gustav/P5-Kuka-Dual-Arm/install/tutorial_interfaces/include/tutorial_interfaces/tutorial_interfaces/srv/detail
[2.447s] -- Up-to-date: /home/gustav/P5-Kuka-Dual-Arm/install/tutorial_interfaces/include/tutorial_interfaces/tutorial_interfaces/srv/detail/get_six_ints__rosidl_typesupport_introspection_cpp.hpp
[2.448s] -- Up-to-date: /home/gustav/P5-Kuka-Dual-Arm/install/tutorial_interfaces/include/tutorial_interfaces/tutorial_interfaces/srv/detail/get_six_ints__type_support.cpp
[2.451s] -- Up-to-date: /home/gustav/P5-Kuka-Dual-Arm/install/tutorial_interfaces/lib/libtutorial_interfaces__rosidl_typesupport_introspection_cpp.so
[2.454s] -- Up-to-date: /home/gustav/P5-Kuka-Dual-Arm/install/tutorial_interfaces/lib/libtutorial_interfaces__rosidl_typesupport_cpp.so
[2.454s] -- Up-to-date: /home/gustav/P5-Kuka-Dual-Arm/install/tutorial_interfaces/share/tutorial_interfaces/environment/pythonpath.sh
[2.454s] -- Up-to-date: /home/gustav/P5-Kuka-Dual-Arm/install/tutorial_interfaces/share/tutorial_interfaces/environment/pythonpath.dsv
[2.454s] -- Up-to-date: /home/gustav/P5-Kuka-Dual-Arm/install/tutorial_interfaces/local/lib/python3.10/dist-packages/tutorial_interfaces-0.0.0-py3.10.egg-info
[2.455s] -- Installing: /home/gustav/P5-Kuka-Dual-Arm/install/tutorial_interfaces/local/lib/python3.10/dist-packages/tutorial_interfaces-0.0.0-py3.10.egg-info/dependency_links.txt
[2.455s] -- Installing: /home/gustav/P5-Kuka-Dual-Arm/install/tutorial_interfaces/local/lib/python3.10/dist-packages/tutorial_interfaces-0.0.0-py3.10.egg-info/PKG-INFO
[2.455s] -- Installing: /home/gustav/P5-Kuka-Dual-Arm/install/tutorial_interfaces/local/lib/python3.10/dist-packages/tutorial_interfaces-0.0.0-py3.10.egg-info/SOURCES.txt
[2.455s] -- Installing: /home/gustav/P5-Kuka-Dual-Arm/install/tutorial_interfaces/local/lib/python3.10/dist-packages/tutorial_interfaces-0.0.0-py3.10.egg-info/top_level.txt
[2.455s] -- Up-to-date: /home/gustav/P5-Kuka-Dual-Arm/install/tutorial_interfaces/local/lib/python3.10/dist-packages/tutorial_interfaces
[2.456s] -- Up-to-date: /home/gustav/P5-Kuka-Dual-Arm/install/tutorial_interfaces/local/lib/python3.10/dist-packages/tutorial_interfaces/libtutorial_interfaces__rosidl_generator_py.so
[2.456s] -- Up-to-date: /home/gustav/P5-Kuka-Dual-Arm/install/tutorial_interfaces/local/lib/python3.10/dist-packages/tutorial_interfaces/_tutorial_interfaces_s.ep.rosidl_typesupport_c.c
[2.456s] -- Up-to-date: /home/gustav/P5-Kuka-Dual-Arm/install/tutorial_interfaces/local/lib/python3.10/dist-packages/tutorial_interfaces/tutorial_interfaces_s__rosidl_typesupport_fastrtps_c.cpython-310-x86_64-linux-gnu.so
[2.456s] -- Up-to-date: /home/gustav/P5-Kuka-Dual-Arm/install/tutorial_interfaces/local/lib/python3.10/dist-packages/tutorial_interfaces/tutorial_interfaces_s__rosidl_typesupport_c.cpython-310-x86_64-linux-gnu.so
[2.456s] -- Up-to-date: /home/gustav/P5-Kuka-Dual-Arm/install/tutorial_interfaces/local/lib/python3.10/dist-packages/tutorial_interfaces/msg
[2.457s] -- Up-to-date: /home/gustav/P5-Kuka-Dual-Arm/install/tutorial_interfaces/local/lib/python3.10/dist-packages/tutorial_interfaces/msg/_sphere.py
[2.457s] -- Up-to-date: /home/gustav/P5-Kuka-Dual-Arm/install/tutorial_interfaces/local/lib/python3.10/dist-packages/tutorial_interfaces/msg/_sphere_s.c
[2.458s] -- Up-to-date: /home/gustav/P5-Kuka-Dual-Arm/install/tutorial_interfaces/local/lib/python3.10/dist-packages/tutorial_interfaces/msg/__init__.py
[2.458s] -- Up-to-date: /home/gustav/P5-Kuka-Dual-Arm/install/tutorial_interfaces/local/lib/python3.10/dist-packages/tutorial_interfaces/msg/_num.py
[2.458s] -- Up-to-date: /home/gustav/P5-Kuka-Dual-Arm/install/tutorial_interfaces/local/lib/python3.10/dist-packages/tutorial_interfaces/msg/_num_s.c
[2.459s] -- Up-to-date: /home/gustav/P5-Kuka-Dual-Arm/install/tutorial_interfaces/local/lib/python3.10/dist-packages/tutorial_interfaces/_tutorial_interfaces_s.ep.rosidl_typesupport_introspection_c.c
[2.460s] -- Up-to-date: /home/gustav/P5-Kuka-Dual-Arm/install/tutorial_interfaces/local/lib/python3.10/dist-packages/tutorial_interfaces/__init__.py
[2.460s] -- Up-to-date: /home/gustav/P5-Kuka-Dual-Arm/install/tutorial_interfaces/local/lib/python3.10/dist-packages/tutorial_interfaces/srv
[2.460s] -- Up-to-date: /home/gustav/P5-Kuka-Dual-Arm/install/tutorial_interfaces/local/lib/python3.10/dist-packages/tutorial_interfaces/srv/_get_six_ints_s.c
[2.462s] -- Up-to-date: /home/gustav/P5-Kuka-Dual-Arm/install/tutorial_interfaces/local/lib/python3.10/dist-packages/tutorial_interfaces/srv/__init__.py
[2.462s] -- Up-to-date: /home/gustav/P5-Kuka-Dual-Arm/install/tutorial_interfaces/local/lib/python3.10/dist-packages/tutorial_interfaces/srv/_get_six_ints.py
[2.462s] -- Up-to-date: /home/gustav/P5-Kuka-Dual-Arm/install/tutorial_interfaces/local/lib/python3.10/dist-packages/tutorial_interfaces/_tutorial_interfaces_s.ep.rosidl_typesupport_fastrtps_c.c
[2.462s] -- Up-to-date: /home/gustav/P5-Kuka-Dual-Arm/install/tutorial_interfaces/local/lib/python3.10/dist-packages/tutorial_interfaces/tutorial_interfaces_s__rosidl_typesupport_introspection_c.cpython-310-x86_64-linux-gnu.so
[2.529s] Listing '/home/gustav/P5-Kuka-Dual-Arm/install/tutorial_interfaces/local/lib/python3.10/dist-packages/tutorial_interfaces'...
[2.529s] Listing '/home/gustav/P5-Kuka-Dual-Arm/install/tutorial_interfaces/local/lib/python3.10/dist-packages/tutorial_interfaces/msg'...
[2.529s] Listing '/home/gustav/P5-Kuka-Dual-Arm/install/tutorial_interfaces/local/lib/python3.10/dist-packages/tutorial_interfaces/srv'...
[2.542s] -- Up-to-date: /home/gustav/P5-Kuka-Dual-Arm/install/tutorial_interfaces/local/lib/python3.10/dist-packages/tutorial_interfaces/tutorial_interfaces_s__rosidl_typesupport_fastrtps_c.cpython-310-x86_64-linux-gnu.so
[2.542s] -- Up-to-date: /home/gustav/P5-Kuka-Dual-Arm/install/tutorial_interfaces/local/lib/python3.10/dist-packages/tutorial_interfaces/tutorial_interfaces_s__rosidl_typesupport_introspection_c.cpython-310-x86_64-linux-gnu.so
[2.542s] -- Up-to-date: /home/gustav/P5-Kuka-Dual-Arm/install/tutorial_interfaces/local/lib/python3.10/dist-packages/tutorial_interfaces/tutorial_interfaces_s__rosidl_typesupport_c.cpython-310-x86_64-linux-gnu.so
[2.543s] -- Up-to-date: /home/gustav/P5-Kuka-Dual-Arm/install/tutorial_interfaces/lib/libtutorial_interfaces__rosidl_generator_py.so
[2.543s] -- Up-to-date: /home/gustav/P5-Kuka-Dual-Arm/install/tutorial_interfaces/share/tutorial_interfaces/msg/Num.idl
[2.543s] -- Up-to-date: /home/gustav/P5-Kuka-Dual-Arm/install/tutorial_interfaces/share/tutorial_interfaces/msg/Sphere.idl
[2.544s] -- Up-to-date: /home/gustav/P5-Kuka-Dual-Arm/install/tutorial_interfaces/share/tutorial_interfaces/srv/GetSixInts.idl
[2.545s] -- Up-to-date: /home/gustav/P5-Kuka-Dual-Arm/install/tutorial_interfaces/share/tutorial_interfaces/msg/Num.msg
[2.545s] -- Up-to-date: /home/gustav/P5-Kuka-Dual-Arm/install/tutorial_interfaces/share/tutorial_interfaces/msg/Sphere.msg
[2.545s] -- Up-to-date: /home/gustav/P5-Kuka-Dual-Arm/install/tutorial_interfaces/share/tutorial_interfaces/srv/GetSixInts.srv
[2.545s] -- Up-to-date: /home/gustav/P5-Kuka-Dual-Arm/install/tutorial_interfaces/share/tutorial_interfaces/srv/GetSixInts_Request.msg
[2.545s] -- Up-to-date: /home/gustav/P5-Kuka-Dual-Arm/install/tutorial_interfaces/share/tutorial_interfaces/srv/GetSixInts_Response.msg
[2.545s] -- Up-to-date: /home/gustav/P5-Kuka-Dual-Arm/install/tutorial_interfaces/share/ament_index/resource_index/package_run_dependencies/tutorial_interfaces
[2.545s] -- Up-to-date: /home/gustav/P5-Kuka-Dual-Arm/install/tutorial_interfaces/share/ament_index/resource_index/parent_prefix_path/tutorial_interfaces
[2.546s] -- Up-to-date: /home/gustav/P5-Kuka-Dual-Arm/install/tutorial_interfaces/share/tutorial_interfaces/environment/ament_prefix_path.sh
[2.546s] -- Up-to-date: /home/gustav/P5-Kuka-Dual-Arm/install/tutorial_interfaces/share/tutorial_interfaces/environment/ament_prefix_path.dsv
[2.546s] -- Up-to-date: /home/gustav/P5-Kuka-Dual-Arm/install/tutorial_interfaces/share/tutorial_interfaces/environment/path.sh
[2.547s] -- Up-to-date: /home/gustav/P5-Kuka-Dual-Arm/install/tutorial_interfaces/share/tutorial_interfaces/environment/path.dsv
[2.547s] -- Up-to-date: /home/gustav/P5-Kuka-Dual-Arm/install/tutorial_interfaces/share/tutorial_interfaces/local_setup.bash
[2.547s] -- Up-to-date: /home/gustav/P5-Kuka-Dual-Arm/install/tutorial_interfaces/share/tutorial_interfaces/local_setup.sh
[2.548s] -- Up-to-date: /home/gustav/P5-Kuka-Dual-Arm/install/tutorial_interfaces/share/tutorial_interfaces/local_setup.zsh
[2.548s] -- Up-to-date: /home/gustav/P5-Kuka-Dual-Arm/install/tutorial_interfaces/share/tutorial_interfaces/local_setup.dsv
[2.548s] -- Installing: /home/gustav/P5-Kuka-Dual-Arm/install/tutorial_interfaces/share/tutorial_interfaces/package.dsv
[2.548s] -- Up-to-date: /home/gustav/P5-Kuka-Dual-Arm/install/tutorial_interfaces/share/ament_index/resource_index/packages/tutorial_interfaces
[2.549s] -- Up-to-date: /home/gustav/P5-Kuka-Dual-Arm/install/tutorial_interfaces/share/tutorial_interfaces/cmake/export_tutorial_interfaces__rosidl_generator_cExport.cmake
[2.549s] -- Up-to-date: /home/gustav/P5-Kuka-Dual-Arm/install/tutorial_interfaces/share/tutorial_interfaces/cmake/export_tutorial_interfaces__rosidl_generator_cExport-release.cmake
[2.549s] -- Up-to-date: /home/gustav/P5-Kuka-Dual-Arm/install/tutorial_interfaces/share/tutorial_interfaces/cmake/export_tutorial_interfaces__rosidl_typesupport_fastrtps_cExport.cmake
[2.550s] -- Up-to-date: /home/gustav/P5-Kuka-Dual-Arm/install/tutorial_interfaces/share/tutorial_interfaces/cmake/export_tutorial_interfaces__rosidl_typesupport_fastrtps_cExport-release.cmake
[2.550s] -- Up-to-date: /home/gustav/P5-Kuka-Dual-Arm/install/tutorial_interfaces/share/tutorial_interfaces/cmake/export_tutorial_interfaces__rosidl_generator_cppExport.cmake
[2.551s] -- Up-to-date: /home/gustav/P5-Kuka-Dual-Arm/install/tutorial_interfaces/share/tutorial_interfaces/cmake/export_tutorial_interfaces__rosidl_typesupport_fastrtps_cppExport.cmake
[2.551s] -- Up-to-date: /home/gustav/P5-Kuka-Dual-Arm/install/tutorial_interfaces/share/tutorial_interfaces/cmake/export_tutorial_interfaces__rosidl_typesupport_fastrtps_cppExport-release.cmake
[2.551s] -- Up-to-date: /home/gustav/P5-Kuka-Dual-Arm/install/tutorial_interfaces/share/tutorial_interfaces/cmake/tutorial_interfaces__rosidl_typesupport_introspection_cExport.cmake
[2.551s] -- Up-to-date: /home/gustav/P5-Kuka-Dual-Arm/install/tutorial_interfaces/share/tutorial_interfaces/cmake/tutorial_interfaces__rosidl_typesupport_introspection_cExport-release.cmake
[2.552s] -- Up-to-date: /home/gustav/P5-Kuka-Dual-Arm/install/tutorial_interfaces/share/tutorial_interfaces/cmake/tutorial_interfaces__rosidl_typesupport_cExport.cmake
[2.552s] -- Up-to-date: /home/gustav/P5-Kuka-Dual-Arm/install/tutorial_interfaces/share/tutorial_interfaces/cmake/tutorial_interfaces__rosidl_typesupport_cExport-release.cmake
[2.552s] -- Up-to-date: /home/gustav/P5-Kuka-Dual-Arm/install/tutorial_interfaces/share/tutorial_interfaces/cmake/tutorial_interfaces__rosidl_typesupport_introspection_cppExport.cmake
[2.552s] -- Up-to-date: /home/gustav/P5-Kuka-Dual-Arm/install/tutorial_interfaces/share/tutorial_interfaces/cmake/tutorial_interfaces__rosidl_typesupport_introspection_cppExport-release.cmake
[2.553s] -- Up-to-date: /home/gustav/P5-Kuka-Dual-Arm/install/tutorial_interfaces/share/tutorial_interfaces/cmake/tutorial_interfaces__rosidl_typesupport_cppExport.cmake
[2.553s] -- Up-to-date: /home/gustav/P5-Kuka-Dual-Arm/install/tutorial_interfaces/share/tutorial_interfaces/cmake/tutorial_interfaces__rosidl_typesupport_cppExport-release.cmake
[2.553s] -- Up-to-date: /home/gustav/P5-Kuka-Dual-Arm/install/tutorial_interfaces/share/tutorial_interfaces/cmake/export_tutorial_interfaces__rosidl_generator_pyExport.cmake
[2.553s] -- Up-to-date: /home/gustav/P5-Kuka-Dual-Arm/install/tutorial_interfaces/share/tutorial_interfaces/cmake/export_tutorial_interfaces__rosidl_generator_pyExport-release.cmake
[2.554s] -- Up-to-date: /home/gustav/P5-Kuka-Dual-Arm/install/tutorial_interfaces/share/tutorial_interfaces/cmake/rosidl_cmake-extras.cmake
[2.554s] -- Up-to-date: /home/gustav/P5-Kuka-Dual-Arm/install/tutorial_interfaces/share/tutorial_interfaces/cmake/ament_cmake_export_dependencies-extras.cmake
[2.554s] -- Up-to-date: /home/gustav/P5-Kuka-Dual-Arm/install/tutorial_interfaces/share/tutorial_interfaces/cmake/ament_cmake_export_include_directories-extras.cmake
[2.554s] -- Up-to-date: /home/gustav/P5-Kuka-Dual-Arm/install/tutorial_interfaces/share/tutorial_interfaces/cmake/ament_cmake_export_libraries-extras.cmake
[2.554s] -- Up-to-date: /home/gustav/P5-Kuka-Dual-Arm/install/tutorial_interfaces/share/tutorial_interfaces/cmake/ament_cmake_export_targets-extras.cmake
[2.555s] -- Up-to-date: /home/gustav/P5-Kuka-Dual-Arm/install/tutorial_interfaces/share/tutorial_interfaces/cmake/rosidl_cmake_export_typesupport_targets-extras.cmake
[2.555s] -- Up-to-date: /home/gustav/P5-Kuka-Dual-Arm/install/tutorial_interfaces/share/tutorial_interfaces/cmake/rosidl_cmake_export_typesupport_libraries-extras.cmake
[2.555s] -- Up-to-date: /home/gustav/P5-Kuka-Dual-Arm/install/tutorial_interfaces/share/tutorial_interfaces/cmake/tutorial_interfacesConfig.cmake
[2.555s] -- Up-to-date: /home/gustav/P5-Kuka-Dual-Arm/install/tutorial_interfaces/share/tutorial_interfaces/cmake/tutorial_interfacesConfig-version.cmake
[2.556s] -- Up-to-date: /home/gustav/P5-Kuka-Dual-Arm/install/tutorial_interfaces/share/tutorial_interfaces/package.xml
[2.565s] Invoked command in '/home/gustav/P5-Kuka-Dual-Arm/build/tutorial_interfaces' returned '0': CMAKE_PREFIX_PATH=${CMAKE_PREFIX_PATH}:/home/gustav/ws_moveit2/install/moveit_configs_utils:/home/gustav/ws_moveit2/install/launch_param_builder:/home/gustav/lbr_stack/install/lbr_demos_py:/home/gustav/lbr_stack/install/lbr_demos_advanced_py:/opt/ros/humble /usr/bin/cmake --install /home/gustav/P5-Kuka-Dual-Arm/build/tutorial_interfaces
