[0.107s] Invoking command in '/home/gustav/P5-Kuka-Dual-Arm/build/lbr_fri_idl': CMAKE_PREFIX_PATH=/home/gustav/P5-Kuka-Dual-Arm/install/fri_client_sdk:/home/gustav/ws_lbr/install/med7_moveit_config:/home/gustav/ws_lbr/install/med14_moveit_config:/home/gustav/ws_lbr/install/lbr_moveit_cpp:/home/gustav/ws_lbr/install/iiwa7_moveit_config:/home/gustav/ws_lbr/install/iiwa14_moveit_config:/home/gustav/ws_lbr/install/lbr_description:/home/gustav/ws_moveit2/install/pilz_industrial_motion_planner_testutils:/home/gustav/ws_moveit2/install/moveit_runtime:/home/gustav/ws_moveit2/install/moveit2_tutorials:/home/gustav/ws_moveit2/install/moveit:/home/gustav/ws_moveit2/install/moveit_planners:/home/gustav/ws_moveit2/install/pilz_industrial_motion_planner:/home/gustav/ws_moveit2/install/moveit_visual_tools:/home/gustav/ws_moveit2/install/moveit_task_constructor_visualization:/home/gustav/ws_moveit2/install/moveit_task_constructor_demo:/home/gustav/ws_moveit2/install/moveit_task_constructor_capabilities:/home/gustav/ws_moveit2/install/moveit_task_constructor_core:/home/gustav/ws_moveit2/install/moveit_ros_control_interface:/home/gustav/ws_moveit2/install/moveit_plugins:/home/gustav/ws_moveit2/install/moveit_simple_controller_manager:/home/gustav/ws_moveit2/install/moveit_setup_assistant:/home/gustav/ws_moveit2/install/moveit_setup_srdf_plugins:/home/gustav/ws_moveit2/install/moveit_setup_core_plugins:/home/gustav/ws_moveit2/install/moveit_setup_controllers:/home/gustav/ws_moveit2/install/moveit_setup_app_plugins:/home/gustav/ws_moveit2/install/moveit_setup_framework:/home/gustav/ws_moveit2/install/moveit_servo:/home/gustav/ws_moveit2/install/moveit_ros:/home/gustav/ws_moveit2/install/moveit_ros_visualization:/home/gustav/ws_moveit2/install/moveit_hybrid_planning:/home/gustav/ws_moveit2/install/hello_moveit:/home/gustav/ws_moveit2/install/moveit_ros_planning_interface:/home/gustav/ws_moveit2/install/moveit_ros_benchmarks:/home/gustav/ws_moveit2/install/moveit_ros_warehouse:/home/gustav/ws_moveit2/install/moveit_ros_robot_interaction:/home/gustav/ws_moveit2/install/moveit_ros_perception:/home/gustav/ws_moveit2/install/moveit_resources_prbt_pg70_support:/home/gustav/ws_moveit2/install/moveit_resources_prbt_moveit_config:/home/gustav/ws_moveit2/install/moveit_ros_move_group:/home/gustav/ws_moveit2/install/moveit_planners_ompl:/home/gustav/ws_moveit2/install/moveit_ros_planning:/home/gustav/ws_moveit2/install/moveit_ros_occupancy_map_monitor:/home/gustav/ws_moveit2/install/moveit_resources_prbt_ikfast_manipulator_plugin:/home/gustav/ws_moveit2/install/moveit_planners_chomp:/home/gustav/ws_moveit2/install/moveit_kinematics:/home/gustav/ws_moveit2/install/moveit_chomp_optimizer_adapter:/home/gustav/ws_moveit2/install/chomp_motion_planner:/home/gustav/ws_moveit2/install/moveit_core:/home/gustav/ws_moveit2/install/srdfdom:/home/gustav/ws_moveit2/install/rviz_marker_tools:/home/gustav/ws_moveit2/install/rosparam_shortcuts:/home/gustav/ws_moveit2/install/moveit_task_constructor_msgs:/home/gustav/ws_moveit2/install/moveit_resources_prbt_support:/home/gustav/ws_moveit2/install/moveit_resources:/home/gustav/ws_moveit2/install/moveit_resources_pr2_description:/home/gustav/ws_moveit2/install/moveit_resources_panda_moveit_config:/home/gustav/ws_moveit2/install/moveit_resources_panda_description:/home/gustav/ws_moveit2/install/moveit_resources_fanuc_moveit_config:/home/gustav/ws_moveit2/install/moveit_resources_fanuc_description:/home/gustav/ws_moveit2/install/moveit_common:/home/gustav/ws_moveit2/install/lbr_description:/home/gustav/ws_moveit2/install/kuka_bord_description:/home/gustav/P5-Kuka-Dual-Arm/moveit2_kuka_table/install/send_cudes:/home/gustav/P5-Kuka-Dual-Arm/moveit2_kuka_table/install/moveit2_launch:/home/gustav/P5-Kuka-Dual-Arm/moveit2_kuka_table/install/kuka_bord_description:/home/gustav/lbr_stack/install/med7_moveit_config:/home/gustav/lbr_stack/install/med14_moveit_config:/home/gustav/lbr_stack/install/lbr_fri_ros2_stack:/home/gustav/lbr_stack/install/lbr_demos_cpp:/home/gustav/lbr_stack/install/lbr_bringup:/home/gustav/lbr_stack/install/lbr_ros2_control:/home/gustav/lbr_stack/install/lbr_moveit_cpp:/home/gustav/lbr_stack/install/lbr_demos_advanced_cpp:/home/gustav/lbr_stack/install/lbr_fri_ros2:/home/gustav/lbr_stack/install/lbr_fri_idl:/home/gustav/lbr_stack/install/iiwa7_moveit_config:/home/gustav/lbr_stack/install/iiwa14_moveit_config:/home/gustav/lbr_stack/install/lbr_description:/home/gustav/lbr_stack/install/fri_client_sdk:/home/gustav/ws_P5/install/send_cudes:/home/gustav/ws_P5/install/moveit2_launch:/home/gustav/ws_P5/install/kuka_bord_description:/home/gustav/ws_moveit2/install/moveit_configs_utils:/home/gustav/ws_moveit2/install/launch_param_builder:/home/gustav/lbr_stack/install/lbr_demos_py:/home/gustav/lbr_stack/install/lbr_demos_advanced_py:/opt/ros/humble LD_LIBRARY_PATH=/home/gustav/P5-Kuka-Dual-Arm/install/fri_client_sdk/lib:${LD_LIBRARY_PATH} PKG_CONFIG_PATH=/home/gustav/P5-Kuka-Dual-Arm/install/fri_client_sdk/lib/x86_64-linux-gnu/pkgconfig:/home/gustav/P5-Kuka-Dual-Arm/install/fri_client_sdk/lib/pkgconfig:${PKG_CONFIG_PATH} /usr/bin/cmake --build /home/gustav/P5-Kuka-Dual-Arm/build/lbr_fri_idl -- -j8 -l8
[0.387s] [  1%] Built target lbr_fri_idl__cpp
[0.435s] [ 11%] Built target lbr_fri_idl__rosidl_generator_c
[0.438s] [ 14%] Built target gtest_main
[0.445s] [ 17%] Built target gtest
[0.539s] [ 17%] Built target ament_cmake_python_copy_lbr_fri_idl
[0.539s] [ 27%] Built target lbr_fri_idl__rosidl_typesupport_fastrtps_cpp
[0.565s] [ 37%] Built target lbr_fri_idl__rosidl_typesupport_introspection_cpp
[0.573s] [ 47%] Built target lbr_fri_idl__rosidl_typesupport_fastrtps_c
[0.585s] [ 57%] Built target lbr_fri_idl__rosidl_typesupport_cpp
[0.612s] [ 68%] Built target lbr_fri_idl__rosidl_typesupport_c
[0.638s] [ 78%] Built target lbr_fri_idl__rosidl_typesupport_introspection_c
[0.709s] [ 81%] Built target lbr_fri_idl_test_command_interfaces
[0.738s] [ 81%] Built target lbr_fri_idl
[0.833s] [ 82%] Built target lbr_fri_idl__py
[0.933s] [ 91%] Built target lbr_fri_idl__rosidl_generator_py
[1.018s] [ 94%] Built target lbr_fri_idl__rosidl_typesupport_introspection_c__pyext
[1.032s] [ 97%] Built target lbr_fri_idl__rosidl_typesupport_c__pyext
[1.063s] [100%] Built target lbr_fri_idl__rosidl_typesupport_fastrtps_c__pyext
[1.277s] running egg_info
[1.278s] writing lbr_fri_idl.egg-info/PKG-INFO
[1.278s] writing dependency_links to lbr_fri_idl.egg-info/dependency_links.txt
[1.278s] writing top-level names to lbr_fri_idl.egg-info/top_level.txt
[1.283s] reading manifest file 'lbr_fri_idl.egg-info/SOURCES.txt'
[1.284s] writing manifest file 'lbr_fri_idl.egg-info/SOURCES.txt'
[1.362s] [100%] Built target ament_cmake_python_build_lbr_fri_idl_egg
[1.391s] Invoked command in '/home/gustav/P5-Kuka-Dual-Arm/build/lbr_fri_idl' returned '0': CMAKE_PREFIX_PATH=/home/gustav/P5-Kuka-Dual-Arm/install/fri_client_sdk:/home/gustav/ws_lbr/install/med7_moveit_config:/home/gustav/ws_lbr/install/med14_moveit_config:/home/gustav/ws_lbr/install/lbr_moveit_cpp:/home/gustav/ws_lbr/install/iiwa7_moveit_config:/home/gustav/ws_lbr/install/iiwa14_moveit_config:/home/gustav/ws_lbr/install/lbr_description:/home/gustav/ws_moveit2/install/pilz_industrial_motion_planner_testutils:/home/gustav/ws_moveit2/install/moveit_runtime:/home/gustav/ws_moveit2/install/moveit2_tutorials:/home/gustav/ws_moveit2/install/moveit:/home/gustav/ws_moveit2/install/moveit_planners:/home/gustav/ws_moveit2/install/pilz_industrial_motion_planner:/home/gustav/ws_moveit2/install/moveit_visual_tools:/home/gustav/ws_moveit2/install/moveit_task_constructor_visualization:/home/gustav/ws_moveit2/install/moveit_task_constructor_demo:/home/gustav/ws_moveit2/install/moveit_task_constructor_capabilities:/home/gustav/ws_moveit2/install/moveit_task_constructor_core:/home/gustav/ws_moveit2/install/moveit_ros_control_interface:/home/gustav/ws_moveit2/install/moveit_plugins:/home/gustav/ws_moveit2/install/moveit_simple_controller_manager:/home/gustav/ws_moveit2/install/moveit_setup_assistant:/home/gustav/ws_moveit2/install/moveit_setup_srdf_plugins:/home/gustav/ws_moveit2/install/moveit_setup_core_plugins:/home/gustav/ws_moveit2/install/moveit_setup_controllers:/home/gustav/ws_moveit2/install/moveit_setup_app_plugins:/home/gustav/ws_moveit2/install/moveit_setup_framework:/home/gustav/ws_moveit2/install/moveit_servo:/home/gustav/ws_moveit2/install/moveit_ros:/home/gustav/ws_moveit2/install/moveit_ros_visualization:/home/gustav/ws_moveit2/install/moveit_hybrid_planning:/home/gustav/ws_moveit2/install/hello_moveit:/home/gustav/ws_moveit2/install/moveit_ros_planning_interface:/home/gustav/ws_moveit2/install/moveit_ros_benchmarks:/home/gustav/ws_moveit2/install/moveit_ros_warehouse:/home/gustav/ws_moveit2/install/moveit_ros_robot_interaction:/home/gustav/ws_moveit2/install/moveit_ros_perception:/home/gustav/ws_moveit2/install/moveit_resources_prbt_pg70_support:/home/gustav/ws_moveit2/install/moveit_resources_prbt_moveit_config:/home/gustav/ws_moveit2/install/moveit_ros_move_group:/home/gustav/ws_moveit2/install/moveit_planners_ompl:/home/gustav/ws_moveit2/install/moveit_ros_planning:/home/gustav/ws_moveit2/install/moveit_ros_occupancy_map_monitor:/home/gustav/ws_moveit2/install/moveit_resources_prbt_ikfast_manipulator_plugin:/home/gustav/ws_moveit2/install/moveit_planners_chomp:/home/gustav/ws_moveit2/install/moveit_kinematics:/home/gustav/ws_moveit2/install/moveit_chomp_optimizer_adapter:/home/gustav/ws_moveit2/install/chomp_motion_planner:/home/gustav/ws_moveit2/install/moveit_core:/home/gustav/ws_moveit2/install/srdfdom:/home/gustav/ws_moveit2/install/rviz_marker_tools:/home/gustav/ws_moveit2/install/rosparam_shortcuts:/home/gustav/ws_moveit2/install/moveit_task_constructor_msgs:/home/gustav/ws_moveit2/install/moveit_resources_prbt_support:/home/gustav/ws_moveit2/install/moveit_resources:/home/gustav/ws_moveit2/install/moveit_resources_pr2_description:/home/gustav/ws_moveit2/install/moveit_resources_panda_moveit_config:/home/gustav/ws_moveit2/install/moveit_resources_panda_description:/home/gustav/ws_moveit2/install/moveit_resources_fanuc_moveit_config:/home/gustav/ws_moveit2/install/moveit_resources_fanuc_description:/home/gustav/ws_moveit2/install/moveit_common:/home/gustav/ws_moveit2/install/lbr_description:/home/gustav/ws_moveit2/install/kuka_bord_description:/home/gustav/P5-Kuka-Dual-Arm/moveit2_kuka_table/install/send_cudes:/home/gustav/P5-Kuka-Dual-Arm/moveit2_kuka_table/install/moveit2_launch:/home/gustav/P5-Kuka-Dual-Arm/moveit2_kuka_table/install/kuka_bord_description:/home/gustav/lbr_stack/install/med7_moveit_config:/home/gustav/lbr_stack/install/med14_moveit_config:/home/gustav/lbr_stack/install/lbr_fri_ros2_stack:/home/gustav/lbr_stack/install/lbr_demos_cpp:/home/gustav/lbr_stack/install/lbr_bringup:/home/gustav/lbr_stack/install/lbr_ros2_control:/home/gustav/lbr_stack/install/lbr_moveit_cpp:/home/gustav/lbr_stack/install/lbr_demos_advanced_cpp:/home/gustav/lbr_stack/install/lbr_fri_ros2:/home/gustav/lbr_stack/install/lbr_fri_idl:/home/gustav/lbr_stack/install/iiwa7_moveit_config:/home/gustav/lbr_stack/install/iiwa14_moveit_config:/home/gustav/lbr_stack/install/lbr_description:/home/gustav/lbr_stack/install/fri_client_sdk:/home/gustav/ws_P5/install/send_cudes:/home/gustav/ws_P5/install/moveit2_launch:/home/gustav/ws_P5/install/kuka_bord_description:/home/gustav/ws_moveit2/install/moveit_configs_utils:/home/gustav/ws_moveit2/install/launch_param_builder:/home/gustav/lbr_stack/install/lbr_demos_py:/home/gustav/lbr_stack/install/lbr_demos_advanced_py:/opt/ros/humble LD_LIBRARY_PATH=/home/gustav/P5-Kuka-Dual-Arm/install/fri_client_sdk/lib:${LD_LIBRARY_PATH} PKG_CONFIG_PATH=/home/gustav/P5-Kuka-Dual-Arm/install/fri_client_sdk/lib/x86_64-linux-gnu/pkgconfig:/home/gustav/P5-Kuka-Dual-Arm/install/fri_client_sdk/lib/pkgconfig:${PKG_CONFIG_PATH} /usr/bin/cmake --build /home/gustav/P5-Kuka-Dual-Arm/build/lbr_fri_idl -- -j8 -l8
[3.573s] Invoking command in '/home/gustav/P5-Kuka-Dual-Arm/build/lbr_fri_idl': CMAKE_PREFIX_PATH=/home/gustav/P5-Kuka-Dual-Arm/install/fri_client_sdk:/home/gustav/ws_lbr/install/med7_moveit_config:/home/gustav/ws_lbr/install/med14_moveit_config:/home/gustav/ws_lbr/install/lbr_moveit_cpp:/home/gustav/ws_lbr/install/iiwa7_moveit_config:/home/gustav/ws_lbr/install/iiwa14_moveit_config:/home/gustav/ws_lbr/install/lbr_description:/home/gustav/ws_moveit2/install/pilz_industrial_motion_planner_testutils:/home/gustav/ws_moveit2/install/moveit_runtime:/home/gustav/ws_moveit2/install/moveit2_tutorials:/home/gustav/ws_moveit2/install/moveit:/home/gustav/ws_moveit2/install/moveit_planners:/home/gustav/ws_moveit2/install/pilz_industrial_motion_planner:/home/gustav/ws_moveit2/install/moveit_visual_tools:/home/gustav/ws_moveit2/install/moveit_task_constructor_visualization:/home/gustav/ws_moveit2/install/moveit_task_constructor_demo:/home/gustav/ws_moveit2/install/moveit_task_constructor_capabilities:/home/gustav/ws_moveit2/install/moveit_task_constructor_core:/home/gustav/ws_moveit2/install/moveit_ros_control_interface:/home/gustav/ws_moveit2/install/moveit_plugins:/home/gustav/ws_moveit2/install/moveit_simple_controller_manager:/home/gustav/ws_moveit2/install/moveit_setup_assistant:/home/gustav/ws_moveit2/install/moveit_setup_srdf_plugins:/home/gustav/ws_moveit2/install/moveit_setup_core_plugins:/home/gustav/ws_moveit2/install/moveit_setup_controllers:/home/gustav/ws_moveit2/install/moveit_setup_app_plugins:/home/gustav/ws_moveit2/install/moveit_setup_framework:/home/gustav/ws_moveit2/install/moveit_servo:/home/gustav/ws_moveit2/install/moveit_ros:/home/gustav/ws_moveit2/install/moveit_ros_visualization:/home/gustav/ws_moveit2/install/moveit_hybrid_planning:/home/gustav/ws_moveit2/install/hello_moveit:/home/gustav/ws_moveit2/install/moveit_ros_planning_interface:/home/gustav/ws_moveit2/install/moveit_ros_benchmarks:/home/gustav/ws_moveit2/install/moveit_ros_warehouse:/home/gustav/ws_moveit2/install/moveit_ros_robot_interaction:/home/gustav/ws_moveit2/install/moveit_ros_perception:/home/gustav/ws_moveit2/install/moveit_resources_prbt_pg70_support:/home/gustav/ws_moveit2/install/moveit_resources_prbt_moveit_config:/home/gustav/ws_moveit2/install/moveit_ros_move_group:/home/gustav/ws_moveit2/install/moveit_planners_ompl:/home/gustav/ws_moveit2/install/moveit_ros_planning:/home/gustav/ws_moveit2/install/moveit_ros_occupancy_map_monitor:/home/gustav/ws_moveit2/install/moveit_resources_prbt_ikfast_manipulator_plugin:/home/gustav/ws_moveit2/install/moveit_planners_chomp:/home/gustav/ws_moveit2/install/moveit_kinematics:/home/gustav/ws_moveit2/install/moveit_chomp_optimizer_adapter:/home/gustav/ws_moveit2/install/chomp_motion_planner:/home/gustav/ws_moveit2/install/moveit_core:/home/gustav/ws_moveit2/install/srdfdom:/home/gustav/ws_moveit2/install/rviz_marker_tools:/home/gustav/ws_moveit2/install/rosparam_shortcuts:/home/gustav/ws_moveit2/install/moveit_task_constructor_msgs:/home/gustav/ws_moveit2/install/moveit_resources_prbt_support:/home/gustav/ws_moveit2/install/moveit_resources:/home/gustav/ws_moveit2/install/moveit_resources_pr2_description:/home/gustav/ws_moveit2/install/moveit_resources_panda_moveit_config:/home/gustav/ws_moveit2/install/moveit_resources_panda_description:/home/gustav/ws_moveit2/install/moveit_resources_fanuc_moveit_config:/home/gustav/ws_moveit2/install/moveit_resources_fanuc_description:/home/gustav/ws_moveit2/install/moveit_common:/home/gustav/ws_moveit2/install/lbr_description:/home/gustav/ws_moveit2/install/kuka_bord_description:/home/gustav/P5-Kuka-Dual-Arm/moveit2_kuka_table/install/send_cudes:/home/gustav/P5-Kuka-Dual-Arm/moveit2_kuka_table/install/moveit2_launch:/home/gustav/P5-Kuka-Dual-Arm/moveit2_kuka_table/install/kuka_bord_description:/home/gustav/lbr_stack/install/med7_moveit_config:/home/gustav/lbr_stack/install/med14_moveit_config:/home/gustav/lbr_stack/install/lbr_fri_ros2_stack:/home/gustav/lbr_stack/install/lbr_demos_cpp:/home/gustav/lbr_stack/install/lbr_bringup:/home/gustav/lbr_stack/install/lbr_ros2_control:/home/gustav/lbr_stack/install/lbr_moveit_cpp:/home/gustav/lbr_stack/install/lbr_demos_advanced_cpp:/home/gustav/lbr_stack/install/lbr_fri_ros2:/home/gustav/lbr_stack/install/lbr_fri_idl:/home/gustav/lbr_stack/install/iiwa7_moveit_config:/home/gustav/lbr_stack/install/iiwa14_moveit_config:/home/gustav/lbr_stack/install/lbr_description:/home/gustav/lbr_stack/install/fri_client_sdk:/home/gustav/ws_P5/install/send_cudes:/home/gustav/ws_P5/install/moveit2_launch:/home/gustav/ws_P5/install/kuka_bord_description:/home/gustav/ws_moveit2/install/moveit_configs_utils:/home/gustav/ws_moveit2/install/launch_param_builder:/home/gustav/lbr_stack/install/lbr_demos_py:/home/gustav/lbr_stack/install/lbr_demos_advanced_py:/opt/ros/humble LD_LIBRARY_PATH=/home/gustav/P5-Kuka-Dual-Arm/install/fri_client_sdk/lib:${LD_LIBRARY_PATH} PKG_CONFIG_PATH=/home/gustav/P5-Kuka-Dual-Arm/install/fri_client_sdk/lib/x86_64-linux-gnu/pkgconfig:/home/gustav/P5-Kuka-Dual-Arm/install/fri_client_sdk/lib/pkgconfig:${PKG_CONFIG_PATH} /usr/bin/cmake --install /home/gustav/P5-Kuka-Dual-Arm/build/lbr_fri_idl
[3.630s] -- Install configuration: "Release"
[3.630s] -- Up-to-date: /home/gustav/P5-Kuka-Dual-Arm/install/lbr_fri_idl/share/ament_index/resource_index/rosidl_interfaces/lbr_fri_idl
[3.630s] -- Up-to-date: /home/gustav/P5-Kuka-Dual-Arm/install/lbr_fri_idl/include/lbr_fri_idl/lbr_fri_idl
[3.630s] -- Up-to-date: /home/gustav/P5-Kuka-Dual-Arm/install/lbr_fri_idl/include/lbr_fri_idl/lbr_fri_idl/msg
[3.630s] -- Up-to-date: /home/gustav/P5-Kuka-Dual-Arm/install/lbr_fri_idl/include/lbr_fri_idl/lbr_fri_idl/msg/lbr_torque_command.h
[3.630s] -- Up-to-date: /home/gustav/P5-Kuka-Dual-Arm/install/lbr_fri_idl/include/lbr_fri_idl/lbr_fri_idl/msg/rosidl_generator_c__visibility_control.h
[3.631s] -- Up-to-date: /home/gustav/P5-Kuka-Dual-Arm/install/lbr_fri_idl/include/lbr_fri_idl/lbr_fri_idl/msg/lbr_wrench_command.h
[3.631s] -- Up-to-date: /home/gustav/P5-Kuka-Dual-Arm/install/lbr_fri_idl/include/lbr_fri_idl/lbr_fri_idl/msg/lbr_joint_position_command.h
[3.631s] -- Up-to-date: /home/gustav/P5-Kuka-Dual-Arm/install/lbr_fri_idl/include/lbr_fri_idl/lbr_fri_idl/msg/lbr_command.h
[3.631s] -- Up-to-date: /home/gustav/P5-Kuka-Dual-Arm/install/lbr_fri_idl/include/lbr_fri_idl/lbr_fri_idl/msg/detail
[3.631s] -- Up-to-date: /home/gustav/P5-Kuka-Dual-Arm/install/lbr_fri_idl/include/lbr_fri_idl/lbr_fri_idl/msg/detail/lbr_state__functions.h
[3.631s] -- Up-to-date: /home/gustav/P5-Kuka-Dual-Arm/install/lbr_fri_idl/include/lbr_fri_idl/lbr_fri_idl/msg/detail/lbr_joint_position_command__type_support.h
[3.632s] -- Up-to-date: /home/gustav/P5-Kuka-Dual-Arm/install/lbr_fri_idl/include/lbr_fri_idl/lbr_fri_idl/msg/detail/lbr_state__type_support.h
[3.632s] -- Up-to-date: /home/gustav/P5-Kuka-Dual-Arm/install/lbr_fri_idl/include/lbr_fri_idl/lbr_fri_idl/msg/detail/lbr_joint_position_command__struct.h
[3.632s] -- Up-to-date: /home/gustav/P5-Kuka-Dual-Arm/install/lbr_fri_idl/include/lbr_fri_idl/lbr_fri_idl/msg/detail/lbr_torque_command__struct.h
[3.632s] -- Up-to-date: /home/gustav/P5-Kuka-Dual-Arm/install/lbr_fri_idl/include/lbr_fri_idl/lbr_fri_idl/msg/detail/lbr_torque_command__functions.c
[3.632s] -- Up-to-date: /home/gustav/P5-Kuka-Dual-Arm/install/lbr_fri_idl/include/lbr_fri_idl/lbr_fri_idl/msg/detail/lbr_command__struct.h
[3.633s] -- Up-to-date: /home/gustav/P5-Kuka-Dual-Arm/install/lbr_fri_idl/include/lbr_fri_idl/lbr_fri_idl/msg/detail/lbr_command__functions.c
[3.633s] -- Up-to-date: /home/gustav/P5-Kuka-Dual-Arm/install/lbr_fri_idl/include/lbr_fri_idl/lbr_fri_idl/msg/detail/lbr_state__functions.c
[3.633s] -- Up-to-date: /home/gustav/P5-Kuka-Dual-Arm/install/lbr_fri_idl/include/lbr_fri_idl/lbr_fri_idl/msg/detail/lbr_state__struct.h
[3.633s] -- Up-to-date: /home/gustav/P5-Kuka-Dual-Arm/install/lbr_fri_idl/include/lbr_fri_idl/lbr_fri_idl/msg/detail/lbr_wrench_command__functions.c
[3.633s] -- Up-to-date: /home/gustav/P5-Kuka-Dual-Arm/install/lbr_fri_idl/include/lbr_fri_idl/lbr_fri_idl/msg/detail/lbr_joint_position_command__functions.c
[3.633s] -- Up-to-date: /home/gustav/P5-Kuka-Dual-Arm/install/lbr_fri_idl/include/lbr_fri_idl/lbr_fri_idl/msg/detail/lbr_torque_command__type_support.h
[3.634s] -- Up-to-date: /home/gustav/P5-Kuka-Dual-Arm/install/lbr_fri_idl/include/lbr_fri_idl/lbr_fri_idl/msg/detail/lbr_command__functions.h
[3.634s] -- Up-to-date: /home/gustav/P5-Kuka-Dual-Arm/install/lbr_fri_idl/include/lbr_fri_idl/lbr_fri_idl/msg/detail/lbr_command__type_support.h
[3.635s] -- Up-to-date: /home/gustav/P5-Kuka-Dual-Arm/install/lbr_fri_idl/include/lbr_fri_idl/lbr_fri_idl/msg/detail/lbr_joint_position_command__functions.h
[3.635s] -- Up-to-date: /home/gustav/P5-Kuka-Dual-Arm/install/lbr_fri_idl/include/lbr_fri_idl/lbr_fri_idl/msg/detail/lbr_wrench_command__struct.h
[3.636s] -- Up-to-date: /home/gustav/P5-Kuka-Dual-Arm/install/lbr_fri_idl/include/lbr_fri_idl/lbr_fri_idl/msg/detail/lbr_wrench_command__type_support.h
[3.636s] -- Up-to-date: /home/gustav/P5-Kuka-Dual-Arm/install/lbr_fri_idl/include/lbr_fri_idl/lbr_fri_idl/msg/detail/lbr_torque_command__functions.h
[3.636s] -- Up-to-date: /home/gustav/P5-Kuka-Dual-Arm/install/lbr_fri_idl/include/lbr_fri_idl/lbr_fri_idl/msg/detail/lbr_wrench_command__functions.h
[3.636s] -- Up-to-date: /home/gustav/P5-Kuka-Dual-Arm/install/lbr_fri_idl/include/lbr_fri_idl/lbr_fri_idl/msg/lbr_state.h
[3.637s] -- Up-to-date: /home/gustav/P5-Kuka-Dual-Arm/install/lbr_fri_idl/share/lbr_fri_idl/environment/library_path.sh
[3.637s] -- Up-to-date: /home/gustav/P5-Kuka-Dual-Arm/install/lbr_fri_idl/share/lbr_fri_idl/environment/library_path.dsv
[3.637s] -- Up-to-date: /home/gustav/P5-Kuka-Dual-Arm/install/lbr_fri_idl/lib/liblbr_fri_idl__rosidl_generator_c.so
[3.637s] -- Up-to-date: /home/gustav/P5-Kuka-Dual-Arm/install/lbr_fri_idl/include/lbr_fri_idl/lbr_fri_idl
[3.638s] -- Up-to-date: /home/gustav/P5-Kuka-Dual-Arm/install/lbr_fri_idl/include/lbr_fri_idl/lbr_fri_idl/msg
[3.638s] -- Up-to-date: /home/gustav/P5-Kuka-Dual-Arm/install/lbr_fri_idl/include/lbr_fri_idl/lbr_fri_idl/msg/rosidl_typesupport_fastrtps_c__visibility_control.h
[3.638s] -- Up-to-date: /home/gustav/P5-Kuka-Dual-Arm/install/lbr_fri_idl/include/lbr_fri_idl/lbr_fri_idl/msg/detail
[3.638s] -- Up-to-date: /home/gustav/P5-Kuka-Dual-Arm/install/lbr_fri_idl/include/lbr_fri_idl/lbr_fri_idl/msg/detail/lbr_wrench_command__rosidl_typesupport_fastrtps_c.h
[3.639s] -- Up-to-date: /home/gustav/P5-Kuka-Dual-Arm/install/lbr_fri_idl/include/lbr_fri_idl/lbr_fri_idl/msg/detail/lbr_joint_position_command__rosidl_typesupport_fastrtps_c.h
[3.639s] -- Up-to-date: /home/gustav/P5-Kuka-Dual-Arm/install/lbr_fri_idl/include/lbr_fri_idl/lbr_fri_idl/msg/detail/lbr_state__rosidl_typesupport_fastrtps_c.h
[3.639s] -- Up-to-date: /home/gustav/P5-Kuka-Dual-Arm/install/lbr_fri_idl/include/lbr_fri_idl/lbr_fri_idl/msg/detail/lbr_command__rosidl_typesupport_fastrtps_c.h
[3.639s] -- Up-to-date: /home/gustav/P5-Kuka-Dual-Arm/install/lbr_fri_idl/include/lbr_fri_idl/lbr_fri_idl/msg/detail/lbr_torque_command__rosidl_typesupport_fastrtps_c.h
[3.640s] -- Up-to-date: /home/gustav/P5-Kuka-Dual-Arm/install/lbr_fri_idl/lib/liblbr_fri_idl__rosidl_typesupport_fastrtps_c.so
[3.640s] -- Up-to-date: /home/gustav/P5-Kuka-Dual-Arm/install/lbr_fri_idl/include/lbr_fri_idl/lbr_fri_idl
[3.640s] -- Up-to-date: /home/gustav/P5-Kuka-Dual-Arm/install/lbr_fri_idl/include/lbr_fri_idl/lbr_fri_idl/msg
[3.640s] -- Up-to-date: /home/gustav/P5-Kuka-Dual-Arm/install/lbr_fri_idl/include/lbr_fri_idl/lbr_fri_idl/msg/lbr_wrench_command.hpp
[3.641s] -- Up-to-date: /home/gustav/P5-Kuka-Dual-Arm/install/lbr_fri_idl/include/lbr_fri_idl/lbr_fri_idl/msg/lbr_joint_position_command.hpp
[3.641s] -- Up-to-date: /home/gustav/P5-Kuka-Dual-Arm/install/lbr_fri_idl/include/lbr_fri_idl/lbr_fri_idl/msg/lbr_command.hpp
[3.641s] -- Up-to-date: /home/gustav/P5-Kuka-Dual-Arm/install/lbr_fri_idl/include/lbr_fri_idl/lbr_fri_idl/msg/lbr_state.hpp
[3.642s] -- Up-to-date: /home/gustav/P5-Kuka-Dual-Arm/install/lbr_fri_idl/include/lbr_fri_idl/lbr_fri_idl/msg/detail
[3.642s] -- Up-to-date: /home/gustav/P5-Kuka-Dual-Arm/install/lbr_fri_idl/include/lbr_fri_idl/lbr_fri_idl/msg/detail/lbr_state__traits.hpp
[3.642s] -- Up-to-date: /home/gustav/P5-Kuka-Dual-Arm/install/lbr_fri_idl/include/lbr_fri_idl/lbr_fri_idl/msg/detail/lbr_state__struct.hpp
[3.643s] -- Up-to-date: /home/gustav/P5-Kuka-Dual-Arm/install/lbr_fri_idl/include/lbr_fri_idl/lbr_fri_idl/msg/detail/lbr_wrench_command__builder.hpp
[3.643s] -- Up-to-date: /home/gustav/P5-Kuka-Dual-Arm/install/lbr_fri_idl/include/lbr_fri_idl/lbr_fri_idl/msg/detail/lbr_state__builder.hpp
[3.644s] -- Up-to-date: /home/gustav/P5-Kuka-Dual-Arm/install/lbr_fri_idl/include/lbr_fri_idl/lbr_fri_idl/msg/detail/lbr_command__traits.hpp
[3.644s] -- Up-to-date: /home/gustav/P5-Kuka-Dual-Arm/install/lbr_fri_idl/include/lbr_fri_idl/lbr_fri_idl/msg/detail/lbr_torque_command__traits.hpp
[3.644s] -- Up-to-date: /home/gustav/P5-Kuka-Dual-Arm/install/lbr_fri_idl/include/lbr_fri_idl/lbr_fri_idl/msg/detail/lbr_wrench_command__traits.hpp
[3.644s] -- Up-to-date: /home/gustav/P5-Kuka-Dual-Arm/install/lbr_fri_idl/include/lbr_fri_idl/lbr_fri_idl/msg/detail/lbr_torque_command__struct.hpp
[3.644s] -- Up-to-date: /home/gustav/P5-Kuka-Dual-Arm/install/lbr_fri_idl/include/lbr_fri_idl/lbr_fri_idl/msg/detail/lbr_torque_command__builder.hpp
[3.645s] -- Up-to-date: /home/gustav/P5-Kuka-Dual-Arm/install/lbr_fri_idl/include/lbr_fri_idl/lbr_fri_idl/msg/detail/lbr_command__builder.hpp
[3.645s] -- Up-to-date: /home/gustav/P5-Kuka-Dual-Arm/install/lbr_fri_idl/include/lbr_fri_idl/lbr_fri_idl/msg/detail/lbr_joint_position_command__struct.hpp
[3.645s] -- Up-to-date: /home/gustav/P5-Kuka-Dual-Arm/install/lbr_fri_idl/include/lbr_fri_idl/lbr_fri_idl/msg/detail/lbr_command__struct.hpp
[3.646s] -- Up-to-date: /home/gustav/P5-Kuka-Dual-Arm/install/lbr_fri_idl/include/lbr_fri_idl/lbr_fri_idl/msg/detail/lbr_wrench_command__struct.hpp
[3.647s] -- Up-to-date: /home/gustav/P5-Kuka-Dual-Arm/install/lbr_fri_idl/include/lbr_fri_idl/lbr_fri_idl/msg/detail/lbr_joint_position_command__builder.hpp
[3.647s] -- Up-to-date: /home/gustav/P5-Kuka-Dual-Arm/install/lbr_fri_idl/include/lbr_fri_idl/lbr_fri_idl/msg/detail/lbr_joint_position_command__traits.hpp
[3.647s] -- Up-to-date: /home/gustav/P5-Kuka-Dual-Arm/install/lbr_fri_idl/include/lbr_fri_idl/lbr_fri_idl/msg/lbr_torque_command.hpp
[3.647s] -- Up-to-date: /home/gustav/P5-Kuka-Dual-Arm/install/lbr_fri_idl/include/lbr_fri_idl/lbr_fri_idl
[3.649s] -- Up-to-date: /home/gustav/P5-Kuka-Dual-Arm/install/lbr_fri_idl/include/lbr_fri_idl/lbr_fri_idl/msg
[3.649s] -- Up-to-date: /home/gustav/P5-Kuka-Dual-Arm/install/lbr_fri_idl/include/lbr_fri_idl/lbr_fri_idl/msg/detail
[3.649s] -- Up-to-date: /home/gustav/P5-Kuka-Dual-Arm/install/lbr_fri_idl/include/lbr_fri_idl/lbr_fri_idl/msg/detail/lbr_state__rosidl_typesupport_fastrtps_cpp.hpp
[3.649s] -- Up-to-date: /home/gustav/P5-Kuka-Dual-Arm/install/lbr_fri_idl/include/lbr_fri_idl/lbr_fri_idl/msg/detail/lbr_torque_command__rosidl_typesupport_fastrtps_cpp.hpp
[3.651s] -- Up-to-date: /home/gustav/P5-Kuka-Dual-Arm/install/lbr_fri_idl/include/lbr_fri_idl/lbr_fri_idl/msg/detail/lbr_wrench_command__rosidl_typesupport_fastrtps_cpp.hpp
[3.651s] -- Up-to-date: /home/gustav/P5-Kuka-Dual-Arm/install/lbr_fri_idl/include/lbr_fri_idl/lbr_fri_idl/msg/detail/lbr_command__rosidl_typesupport_fastrtps_cpp.hpp
[3.652s] -- Up-to-date: /home/gustav/P5-Kuka-Dual-Arm/install/lbr_fri_idl/include/lbr_fri_idl/lbr_fri_idl/msg/detail/lbr_joint_position_command__rosidl_typesupport_fastrtps_cpp.hpp
[3.652s] -- Up-to-date: /home/gustav/P5-Kuka-Dual-Arm/install/lbr_fri_idl/include/lbr_fri_idl/lbr_fri_idl/msg/detail/dds_fastrtps
[3.652s] -- Up-to-date: /home/gustav/P5-Kuka-Dual-Arm/install/lbr_fri_idl/include/lbr_fri_idl/lbr_fri_idl/msg/rosidl_typesupport_fastrtps_cpp__visibility_control.h
[3.652s] -- Up-to-date: /home/gustav/P5-Kuka-Dual-Arm/install/lbr_fri_idl/lib/liblbr_fri_idl__rosidl_typesupport_fastrtps_cpp.so
[3.652s] -- Up-to-date: /home/gustav/P5-Kuka-Dual-Arm/install/lbr_fri_idl/include/lbr_fri_idl/lbr_fri_idl
[3.652s] -- Up-to-date: /home/gustav/P5-Kuka-Dual-Arm/install/lbr_fri_idl/include/lbr_fri_idl/lbr_fri_idl/msg
[3.652s] -- Up-to-date: /home/gustav/P5-Kuka-Dual-Arm/install/lbr_fri_idl/include/lbr_fri_idl/lbr_fri_idl/msg/rosidl_typesupport_introspection_c__visibility_control.h
[3.652s] -- Up-to-date: /home/gustav/P5-Kuka-Dual-Arm/install/lbr_fri_idl/include/lbr_fri_idl/lbr_fri_idl/msg/detail
[3.655s] -- Up-to-date: /home/gustav/P5-Kuka-Dual-Arm/install/lbr_fri_idl/include/lbr_fri_idl/lbr_fri_idl/msg/detail/lbr_joint_position_command__type_support.c
[3.658s] -- Up-to-date: /home/gustav/P5-Kuka-Dual-Arm/install/lbr_fri_idl/include/lbr_fri_idl/lbr_fri_idl/msg/detail/lbr_torque_command__type_support.c
[3.659s] -- Up-to-date: /home/gustav/P5-Kuka-Dual-Arm/install/lbr_fri_idl/include/lbr_fri_idl/lbr_fri_idl/msg/detail/lbr_command__type_support.c
[3.659s] -- Up-to-date: /home/gustav/P5-Kuka-Dual-Arm/install/lbr_fri_idl/include/lbr_fri_idl/lbr_fri_idl/msg/detail/lbr_state__rosidl_typesupport_introspection_c.h
[3.661s] -- Up-to-date: /home/gustav/P5-Kuka-Dual-Arm/install/lbr_fri_idl/include/lbr_fri_idl/lbr_fri_idl/msg/detail/lbr_state__type_support.c
[3.661s] -- Up-to-date: /home/gustav/P5-Kuka-Dual-Arm/install/lbr_fri_idl/include/lbr_fri_idl/lbr_fri_idl/msg/detail/lbr_wrench_command__rosidl_typesupport_introspection_c.h
[3.662s] -- Up-to-date: /home/gustav/P5-Kuka-Dual-Arm/install/lbr_fri_idl/include/lbr_fri_idl/lbr_fri_idl/msg/detail/lbr_wrench_command__type_support.c
[3.663s] -- Up-to-date: /home/gustav/P5-Kuka-Dual-Arm/install/lbr_fri_idl/include/lbr_fri_idl/lbr_fri_idl/msg/detail/lbr_torque_command__rosidl_typesupport_introspection_c.h
[3.663s] -- Up-to-date: /home/gustav/P5-Kuka-Dual-Arm/install/lbr_fri_idl/include/lbr_fri_idl/lbr_fri_idl/msg/detail/lbr_joint_position_command__rosidl_typesupport_introspection_c.h
[3.664s] -- Up-to-date: /home/gustav/P5-Kuka-Dual-Arm/install/lbr_fri_idl/include/lbr_fri_idl/lbr_fri_idl/msg/detail/lbr_command__rosidl_typesupport_introspection_c.h
[3.684s] -- Up-to-date: /home/gustav/P5-Kuka-Dual-Arm/install/lbr_fri_idl/lib/liblbr_fri_idl__rosidl_typesupport_introspection_c.so
[3.684s] -- Up-to-date: /home/gustav/P5-Kuka-Dual-Arm/install/lbr_fri_idl/lib/liblbr_fri_idl__rosidl_typesupport_c.so
[3.686s] -- Up-to-date: /home/gustav/P5-Kuka-Dual-Arm/install/lbr_fri_idl/include/lbr_fri_idl/lbr_fri_idl
[3.686s] -- Up-to-date: /home/gustav/P5-Kuka-Dual-Arm/install/lbr_fri_idl/include/lbr_fri_idl/lbr_fri_idl/msg
[3.686s] -- Up-to-date: /home/gustav/P5-Kuka-Dual-Arm/install/lbr_fri_idl/include/lbr_fri_idl/lbr_fri_idl/msg/detail
[3.687s] -- Up-to-date: /home/gustav/P5-Kuka-Dual-Arm/install/lbr_fri_idl/include/lbr_fri_idl/lbr_fri_idl/msg/detail/lbr_joint_position_command__rosidl_typesupport_introspection_cpp.hpp
[3.688s] -- Up-to-date: /home/gustav/P5-Kuka-Dual-Arm/install/lbr_fri_idl/include/lbr_fri_idl/lbr_fri_idl/msg/detail/lbr_joint_position_command__type_support.cpp
[3.691s] -- Up-to-date: /home/gustav/P5-Kuka-Dual-Arm/install/lbr_fri_idl/include/lbr_fri_idl/lbr_fri_idl/msg/detail/lbr_wrench_command__rosidl_typesupport_introspection_cpp.hpp
[3.692s] -- Up-to-date: /home/gustav/P5-Kuka-Dual-Arm/install/lbr_fri_idl/include/lbr_fri_idl/lbr_fri_idl/msg/detail/lbr_torque_command__rosidl_typesupport_introspection_cpp.hpp
[3.692s] -- Up-to-date: /home/gustav/P5-Kuka-Dual-Arm/install/lbr_fri_idl/include/lbr_fri_idl/lbr_fri_idl/msg/detail/lbr_state__rosidl_typesupport_introspection_cpp.hpp
[3.695s] -- Up-to-date: /home/gustav/P5-Kuka-Dual-Arm/install/lbr_fri_idl/include/lbr_fri_idl/lbr_fri_idl/msg/detail/lbr_torque_command__type_support.cpp
[3.696s] -- Up-to-date: /home/gustav/P5-Kuka-Dual-Arm/install/lbr_fri_idl/include/lbr_fri_idl/lbr_fri_idl/msg/detail/lbr_command__rosidl_typesupport_introspection_cpp.hpp
[3.696s] -- Up-to-date: /home/gustav/P5-Kuka-Dual-Arm/install/lbr_fri_idl/include/lbr_fri_idl/lbr_fri_idl/msg/detail/lbr_state__type_support.cpp
[3.696s] -- Up-to-date: /home/gustav/P5-Kuka-Dual-Arm/install/lbr_fri_idl/include/lbr_fri_idl/lbr_fri_idl/msg/detail/lbr_wrench_command__type_support.cpp
[3.696s] -- Up-to-date: /home/gustav/P5-Kuka-Dual-Arm/install/lbr_fri_idl/include/lbr_fri_idl/lbr_fri_idl/msg/detail/lbr_command__type_support.cpp
[3.700s] -- Up-to-date: /home/gustav/P5-Kuka-Dual-Arm/install/lbr_fri_idl/lib/liblbr_fri_idl__rosidl_typesupport_introspection_cpp.so
[3.700s] -- Up-to-date: /home/gustav/P5-Kuka-Dual-Arm/install/lbr_fri_idl/lib/liblbr_fri_idl__rosidl_typesupport_cpp.so
[3.700s] -- Up-to-date: /home/gustav/P5-Kuka-Dual-Arm/install/lbr_fri_idl/share/lbr_fri_idl/environment/pythonpath.sh
[3.700s] -- Up-to-date: /home/gustav/P5-Kuka-Dual-Arm/install/lbr_fri_idl/share/lbr_fri_idl/environment/pythonpath.dsv
[3.701s] -- Up-to-date: /home/gustav/P5-Kuka-Dual-Arm/install/lbr_fri_idl/local/lib/python3.10/dist-packages/lbr_fri_idl-1.5.0-py3.10.egg-info
[3.701s] -- Installing: /home/gustav/P5-Kuka-Dual-Arm/install/lbr_fri_idl/local/lib/python3.10/dist-packages/lbr_fri_idl-1.5.0-py3.10.egg-info/dependency_links.txt
[3.702s] -- Installing: /home/gustav/P5-Kuka-Dual-Arm/install/lbr_fri_idl/local/lib/python3.10/dist-packages/lbr_fri_idl-1.5.0-py3.10.egg-info/PKG-INFO
[3.703s] -- Installing: /home/gustav/P5-Kuka-Dual-Arm/install/lbr_fri_idl/local/lib/python3.10/dist-packages/lbr_fri_idl-1.5.0-py3.10.egg-info/SOURCES.txt
[3.703s] -- Installing: /home/gustav/P5-Kuka-Dual-Arm/install/lbr_fri_idl/local/lib/python3.10/dist-packages/lbr_fri_idl-1.5.0-py3.10.egg-info/top_level.txt
[3.703s] -- Up-to-date: /home/gustav/P5-Kuka-Dual-Arm/install/lbr_fri_idl/local/lib/python3.10/dist-packages/lbr_fri_idl
[3.704s] -- Up-to-date: /home/gustav/P5-Kuka-Dual-Arm/install/lbr_fri_idl/local/lib/python3.10/dist-packages/lbr_fri_idl/_lbr_fri_idl_s.ep.rosidl_typesupport_introspection_c.c
[3.704s] -- Up-to-date: /home/gustav/P5-Kuka-Dual-Arm/install/lbr_fri_idl/local/lib/python3.10/dist-packages/lbr_fri_idl/lbr_fri_idl_s__rosidl_typesupport_c.cpython-310-x86_64-linux-gnu.so
[3.705s] -- Up-to-date: /home/gustav/P5-Kuka-Dual-Arm/install/lbr_fri_idl/local/lib/python3.10/dist-packages/lbr_fri_idl/liblbr_fri_idl__rosidl_generator_py.so
[3.707s] -- Up-to-date: /home/gustav/P5-Kuka-Dual-Arm/install/lbr_fri_idl/local/lib/python3.10/dist-packages/lbr_fri_idl/lbr_fri_idl_s__rosidl_typesupport_fastrtps_c.cpython-310-x86_64-linux-gnu.so
[3.707s] -- Up-to-date: /home/gustav/P5-Kuka-Dual-Arm/install/lbr_fri_idl/local/lib/python3.10/dist-packages/lbr_fri_idl/_lbr_fri_idl_s.ep.rosidl_typesupport_c.c
[3.707s] -- Up-to-date: /home/gustav/P5-Kuka-Dual-Arm/install/lbr_fri_idl/local/lib/python3.10/dist-packages/lbr_fri_idl/msg
[3.707s] -- Up-to-date: /home/gustav/P5-Kuka-Dual-Arm/install/lbr_fri_idl/local/lib/python3.10/dist-packages/lbr_fri_idl/msg/_lbr_torque_command_s.c
[3.707s] -- Up-to-date: /home/gustav/P5-Kuka-Dual-Arm/install/lbr_fri_idl/local/lib/python3.10/dist-packages/lbr_fri_idl/msg/_lbr_torque_command.py
[3.709s] -- Up-to-date: /home/gustav/P5-Kuka-Dual-Arm/install/lbr_fri_idl/local/lib/python3.10/dist-packages/lbr_fri_idl/msg/_lbr_command.py
[3.709s] -- Up-to-date: /home/gustav/P5-Kuka-Dual-Arm/install/lbr_fri_idl/local/lib/python3.10/dist-packages/lbr_fri_idl/msg/_lbr_command_s.c
[3.710s] -- Up-to-date: /home/gustav/P5-Kuka-Dual-Arm/install/lbr_fri_idl/local/lib/python3.10/dist-packages/lbr_fri_idl/msg/_lbr_state_s.c
[3.710s] -- Up-to-date: /home/gustav/P5-Kuka-Dual-Arm/install/lbr_fri_idl/local/lib/python3.10/dist-packages/lbr_fri_idl/msg/_lbr_wrench_command_s.c
[3.710s] -- Up-to-date: /home/gustav/P5-Kuka-Dual-Arm/install/lbr_fri_idl/local/lib/python3.10/dist-packages/lbr_fri_idl/msg/_lbr_wrench_command.py
[3.711s] -- Up-to-date: /home/gustav/P5-Kuka-Dual-Arm/install/lbr_fri_idl/local/lib/python3.10/dist-packages/lbr_fri_idl/msg/__init__.py
[3.711s] -- Up-to-date: /home/gustav/P5-Kuka-Dual-Arm/install/lbr_fri_idl/local/lib/python3.10/dist-packages/lbr_fri_idl/msg/_lbr_joint_position_command_s.c
[3.712s] -- Up-to-date: /home/gustav/P5-Kuka-Dual-Arm/install/lbr_fri_idl/local/lib/python3.10/dist-packages/lbr_fri_idl/msg/_lbr_state.py
[3.712s] -- Up-to-date: /home/gustav/P5-Kuka-Dual-Arm/install/lbr_fri_idl/local/lib/python3.10/dist-packages/lbr_fri_idl/msg/_lbr_joint_position_command.py
[3.713s] -- Up-to-date: /home/gustav/P5-Kuka-Dual-Arm/install/lbr_fri_idl/local/lib/python3.10/dist-packages/lbr_fri_idl/__init__.py
[3.713s] -- Up-to-date: /home/gustav/P5-Kuka-Dual-Arm/install/lbr_fri_idl/local/lib/python3.10/dist-packages/lbr_fri_idl/lbr_fri_idl_s__rosidl_typesupport_introspection_c.cpython-310-x86_64-linux-gnu.so
[3.714s] -- Up-to-date: /home/gustav/P5-Kuka-Dual-Arm/install/lbr_fri_idl/local/lib/python3.10/dist-packages/lbr_fri_idl/_lbr_fri_idl_s.ep.rosidl_typesupport_fastrtps_c.c
[3.788s] Listing '/home/gustav/P5-Kuka-Dual-Arm/install/lbr_fri_idl/local/lib/python3.10/dist-packages/lbr_fri_idl'...
[3.788s] Listing '/home/gustav/P5-Kuka-Dual-Arm/install/lbr_fri_idl/local/lib/python3.10/dist-packages/lbr_fri_idl/msg'...
[3.809s] -- Up-to-date: /home/gustav/P5-Kuka-Dual-Arm/install/lbr_fri_idl/local/lib/python3.10/dist-packages/lbr_fri_idl/lbr_fri_idl_s__rosidl_typesupport_fastrtps_c.cpython-310-x86_64-linux-gnu.so
[3.809s] -- Up-to-date: /home/gustav/P5-Kuka-Dual-Arm/install/lbr_fri_idl/local/lib/python3.10/dist-packages/lbr_fri_idl/lbr_fri_idl_s__rosidl_typesupport_introspection_c.cpython-310-x86_64-linux-gnu.so
[3.810s] -- Up-to-date: /home/gustav/P5-Kuka-Dual-Arm/install/lbr_fri_idl/local/lib/python3.10/dist-packages/lbr_fri_idl/lbr_fri_idl_s__rosidl_typesupport_c.cpython-310-x86_64-linux-gnu.so
[3.810s] -- Up-to-date: /home/gustav/P5-Kuka-Dual-Arm/install/lbr_fri_idl/lib/liblbr_fri_idl__rosidl_generator_py.so
[3.810s] -- Up-to-date: /home/gustav/P5-Kuka-Dual-Arm/install/lbr_fri_idl/share/lbr_fri_idl/msg/LBRCommand.idl
[3.810s] -- Up-to-date: /home/gustav/P5-Kuka-Dual-Arm/install/lbr_fri_idl/share/lbr_fri_idl/msg/LBRJointPositionCommand.idl
[3.811s] -- Up-to-date: /home/gustav/P5-Kuka-Dual-Arm/install/lbr_fri_idl/share/lbr_fri_idl/msg/LBRState.idl
[3.811s] -- Up-to-date: /home/gustav/P5-Kuka-Dual-Arm/install/lbr_fri_idl/share/lbr_fri_idl/msg/LBRTorqueCommand.idl
[3.812s] -- Up-to-date: /home/gustav/P5-Kuka-Dual-Arm/install/lbr_fri_idl/share/lbr_fri_idl/msg/LBRWrenchCommand.idl
[3.812s] -- Up-to-date: /home/gustav/P5-Kuka-Dual-Arm/install/lbr_fri_idl/share/lbr_fri_idl/msg/LBRCommand.msg
[3.812s] -- Up-to-date: /home/gustav/P5-Kuka-Dual-Arm/install/lbr_fri_idl/share/lbr_fri_idl/msg/LBRJointPositionCommand.msg
[3.812s] -- Up-to-date: /home/gustav/P5-Kuka-Dual-Arm/install/lbr_fri_idl/share/lbr_fri_idl/msg/LBRState.msg
[3.813s] -- Up-to-date: /home/gustav/P5-Kuka-Dual-Arm/install/lbr_fri_idl/share/lbr_fri_idl/msg/LBRTorqueCommand.msg
[3.814s] -- Up-to-date: /home/gustav/P5-Kuka-Dual-Arm/install/lbr_fri_idl/share/lbr_fri_idl/msg/LBRWrenchCommand.msg
[3.814s] -- Up-to-date: /home/gustav/P5-Kuka-Dual-Arm/install/lbr_fri_idl/share/ament_index/resource_index/package_run_dependencies/lbr_fri_idl
[3.815s] -- Up-to-date: /home/gustav/P5-Kuka-Dual-Arm/install/lbr_fri_idl/share/ament_index/resource_index/parent_prefix_path/lbr_fri_idl
[3.815s] -- Up-to-date: /home/gustav/P5-Kuka-Dual-Arm/install/lbr_fri_idl/share/lbr_fri_idl/environment/ament_prefix_path.sh
[3.815s] -- Up-to-date: /home/gustav/P5-Kuka-Dual-Arm/install/lbr_fri_idl/share/lbr_fri_idl/environment/ament_prefix_path.dsv
[3.815s] -- Up-to-date: /home/gustav/P5-Kuka-Dual-Arm/install/lbr_fri_idl/share/lbr_fri_idl/environment/path.sh
[3.816s] -- Up-to-date: /home/gustav/P5-Kuka-Dual-Arm/install/lbr_fri_idl/share/lbr_fri_idl/environment/path.dsv
[3.816s] -- Up-to-date: /home/gustav/P5-Kuka-Dual-Arm/install/lbr_fri_idl/share/lbr_fri_idl/local_setup.bash
[3.816s] -- Up-to-date: /home/gustav/P5-Kuka-Dual-Arm/install/lbr_fri_idl/share/lbr_fri_idl/local_setup.sh
[3.817s] -- Up-to-date: /home/gustav/P5-Kuka-Dual-Arm/install/lbr_fri_idl/share/lbr_fri_idl/local_setup.zsh
[3.817s] -- Up-to-date: /home/gustav/P5-Kuka-Dual-Arm/install/lbr_fri_idl/share/lbr_fri_idl/local_setup.dsv
[3.817s] -- Installing: /home/gustav/P5-Kuka-Dual-Arm/install/lbr_fri_idl/share/lbr_fri_idl/package.dsv
[3.818s] -- Up-to-date: /home/gustav/P5-Kuka-Dual-Arm/install/lbr_fri_idl/share/ament_index/resource_index/packages/lbr_fri_idl
[3.818s] -- Up-to-date: /home/gustav/P5-Kuka-Dual-Arm/install/lbr_fri_idl/share/lbr_fri_idl/cmake/export_lbr_fri_idl__rosidl_generator_cExport.cmake
[3.818s] -- Up-to-date: /home/gustav/P5-Kuka-Dual-Arm/install/lbr_fri_idl/share/lbr_fri_idl/cmake/export_lbr_fri_idl__rosidl_generator_cExport-release.cmake
[3.818s] -- Up-to-date: /home/gustav/P5-Kuka-Dual-Arm/install/lbr_fri_idl/share/lbr_fri_idl/cmake/export_lbr_fri_idl__rosidl_typesupport_fastrtps_cExport.cmake
[3.818s] -- Up-to-date: /home/gustav/P5-Kuka-Dual-Arm/install/lbr_fri_idl/share/lbr_fri_idl/cmake/export_lbr_fri_idl__rosidl_typesupport_fastrtps_cExport-release.cmake
[3.818s] -- Up-to-date: /home/gustav/P5-Kuka-Dual-Arm/install/lbr_fri_idl/share/lbr_fri_idl/cmake/export_lbr_fri_idl__rosidl_generator_cppExport.cmake
[3.819s] -- Up-to-date: /home/gustav/P5-Kuka-Dual-Arm/install/lbr_fri_idl/share/lbr_fri_idl/cmake/export_lbr_fri_idl__rosidl_typesupport_fastrtps_cppExport.cmake
[3.819s] -- Up-to-date: /home/gustav/P5-Kuka-Dual-Arm/install/lbr_fri_idl/share/lbr_fri_idl/cmake/export_lbr_fri_idl__rosidl_typesupport_fastrtps_cppExport-release.cmake
[3.819s] -- Up-to-date: /home/gustav/P5-Kuka-Dual-Arm/install/lbr_fri_idl/share/lbr_fri_idl/cmake/lbr_fri_idl__rosidl_typesupport_introspection_cExport.cmake
[3.819s] -- Up-to-date: /home/gustav/P5-Kuka-Dual-Arm/install/lbr_fri_idl/share/lbr_fri_idl/cmake/lbr_fri_idl__rosidl_typesupport_introspection_cExport-release.cmake
[3.820s] -- Up-to-date: /home/gustav/P5-Kuka-Dual-Arm/install/lbr_fri_idl/share/lbr_fri_idl/cmake/lbr_fri_idl__rosidl_typesupport_cExport.cmake
[3.820s] -- Up-to-date: /home/gustav/P5-Kuka-Dual-Arm/install/lbr_fri_idl/share/lbr_fri_idl/cmake/lbr_fri_idl__rosidl_typesupport_cExport-release.cmake
[3.821s] -- Up-to-date: /home/gustav/P5-Kuka-Dual-Arm/install/lbr_fri_idl/share/lbr_fri_idl/cmake/lbr_fri_idl__rosidl_typesupport_introspection_cppExport.cmake
[3.821s] -- Up-to-date: /home/gustav/P5-Kuka-Dual-Arm/install/lbr_fri_idl/share/lbr_fri_idl/cmake/lbr_fri_idl__rosidl_typesupport_introspection_cppExport-release.cmake
[3.821s] -- Up-to-date: /home/gustav/P5-Kuka-Dual-Arm/install/lbr_fri_idl/share/lbr_fri_idl/cmake/lbr_fri_idl__rosidl_typesupport_cppExport.cmake
[3.821s] -- Up-to-date: /home/gustav/P5-Kuka-Dual-Arm/install/lbr_fri_idl/share/lbr_fri_idl/cmake/lbr_fri_idl__rosidl_typesupport_cppExport-release.cmake
[3.822s] -- Up-to-date: /home/gustav/P5-Kuka-Dual-Arm/install/lbr_fri_idl/share/lbr_fri_idl/cmake/export_lbr_fri_idl__rosidl_generator_pyExport.cmake
[3.822s] -- Up-to-date: /home/gustav/P5-Kuka-Dual-Arm/install/lbr_fri_idl/share/lbr_fri_idl/cmake/export_lbr_fri_idl__rosidl_generator_pyExport-release.cmake
[3.823s] -- Up-to-date: /home/gustav/P5-Kuka-Dual-Arm/install/lbr_fri_idl/share/lbr_fri_idl/cmake/rosidl_cmake-extras.cmake
[3.823s] -- Up-to-date: /home/gustav/P5-Kuka-Dual-Arm/install/lbr_fri_idl/share/lbr_fri_idl/cmake/ament_cmake_export_dependencies-extras.cmake
[3.823s] -- Up-to-date: /home/gustav/P5-Kuka-Dual-Arm/install/lbr_fri_idl/share/lbr_fri_idl/cmake/ament_cmake_export_include_directories-extras.cmake
[3.824s] -- Up-to-date: /home/gustav/P5-Kuka-Dual-Arm/install/lbr_fri_idl/share/lbr_fri_idl/cmake/ament_cmake_export_libraries-extras.cmake
[3.824s] -- Up-to-date: /home/gustav/P5-Kuka-Dual-Arm/install/lbr_fri_idl/share/lbr_fri_idl/cmake/ament_cmake_export_targets-extras.cmake
[3.824s] -- Up-to-date: /home/gustav/P5-Kuka-Dual-Arm/install/lbr_fri_idl/share/lbr_fri_idl/cmake/rosidl_cmake_export_typesupport_targets-extras.cmake
[3.824s] -- Up-to-date: /home/gustav/P5-Kuka-Dual-Arm/install/lbr_fri_idl/share/lbr_fri_idl/cmake/rosidl_cmake_export_typesupport_libraries-extras.cmake
[3.825s] -- Up-to-date: /home/gustav/P5-Kuka-Dual-Arm/install/lbr_fri_idl/share/lbr_fri_idl/cmake/lbr_fri_idlConfig.cmake
[3.825s] -- Up-to-date: /home/gustav/P5-Kuka-Dual-Arm/install/lbr_fri_idl/share/lbr_fri_idl/cmake/lbr_fri_idlConfig-version.cmake
[3.825s] -- Up-to-date: /home/gustav/P5-Kuka-Dual-Arm/install/lbr_fri_idl/share/lbr_fri_idl/package.xml
[5.288s] Invoked command in '/home/gustav/P5-Kuka-Dual-Arm/build/lbr_fri_idl' returned '0': CMAKE_PREFIX_PATH=/home/gustav/P5-Kuka-Dual-Arm/install/fri_client_sdk:/home/gustav/ws_lbr/install/med7_moveit_config:/home/gustav/ws_lbr/install/med14_moveit_config:/home/gustav/ws_lbr/install/lbr_moveit_cpp:/home/gustav/ws_lbr/install/iiwa7_moveit_config:/home/gustav/ws_lbr/install/iiwa14_moveit_config:/home/gustav/ws_lbr/install/lbr_description:/home/gustav/ws_moveit2/install/pilz_industrial_motion_planner_testutils:/home/gustav/ws_moveit2/install/moveit_runtime:/home/gustav/ws_moveit2/install/moveit2_tutorials:/home/gustav/ws_moveit2/install/moveit:/home/gustav/ws_moveit2/install/moveit_planners:/home/gustav/ws_moveit2/install/pilz_industrial_motion_planner:/home/gustav/ws_moveit2/install/moveit_visual_tools:/home/gustav/ws_moveit2/install/moveit_task_constructor_visualization:/home/gustav/ws_moveit2/install/moveit_task_constructor_demo:/home/gustav/ws_moveit2/install/moveit_task_constructor_capabilities:/home/gustav/ws_moveit2/install/moveit_task_constructor_core:/home/gustav/ws_moveit2/install/moveit_ros_control_interface:/home/gustav/ws_moveit2/install/moveit_plugins:/home/gustav/ws_moveit2/install/moveit_simple_controller_manager:/home/gustav/ws_moveit2/install/moveit_setup_assistant:/home/gustav/ws_moveit2/install/moveit_setup_srdf_plugins:/home/gustav/ws_moveit2/install/moveit_setup_core_plugins:/home/gustav/ws_moveit2/install/moveit_setup_controllers:/home/gustav/ws_moveit2/install/moveit_setup_app_plugins:/home/gustav/ws_moveit2/install/moveit_setup_framework:/home/gustav/ws_moveit2/install/moveit_servo:/home/gustav/ws_moveit2/install/moveit_ros:/home/gustav/ws_moveit2/install/moveit_ros_visualization:/home/gustav/ws_moveit2/install/moveit_hybrid_planning:/home/gustav/ws_moveit2/install/hello_moveit:/home/gustav/ws_moveit2/install/moveit_ros_planning_interface:/home/gustav/ws_moveit2/install/moveit_ros_benchmarks:/home/gustav/ws_moveit2/install/moveit_ros_warehouse:/home/gustav/ws_moveit2/install/moveit_ros_robot_interaction:/home/gustav/ws_moveit2/install/moveit_ros_perception:/home/gustav/ws_moveit2/install/moveit_resources_prbt_pg70_support:/home/gustav/ws_moveit2/install/moveit_resources_prbt_moveit_config:/home/gustav/ws_moveit2/install/moveit_ros_move_group:/home/gustav/ws_moveit2/install/moveit_planners_ompl:/home/gustav/ws_moveit2/install/moveit_ros_planning:/home/gustav/ws_moveit2/install/moveit_ros_occupancy_map_monitor:/home/gustav/ws_moveit2/install/moveit_resources_prbt_ikfast_manipulator_plugin:/home/gustav/ws_moveit2/install/moveit_planners_chomp:/home/gustav/ws_moveit2/install/moveit_kinematics:/home/gustav/ws_moveit2/install/moveit_chomp_optimizer_adapter:/home/gustav/ws_moveit2/install/chomp_motion_planner:/home/gustav/ws_moveit2/install/moveit_core:/home/gustav/ws_moveit2/install/srdfdom:/home/gustav/ws_moveit2/install/rviz_marker_tools:/home/gustav/ws_moveit2/install/rosparam_shortcuts:/home/gustav/ws_moveit2/install/moveit_task_constructor_msgs:/home/gustav/ws_moveit2/install/moveit_resources_prbt_support:/home/gustav/ws_moveit2/install/moveit_resources:/home/gustav/ws_moveit2/install/moveit_resources_pr2_description:/home/gustav/ws_moveit2/install/moveit_resources_panda_moveit_config:/home/gustav/ws_moveit2/install/moveit_resources_panda_description:/home/gustav/ws_moveit2/install/moveit_resources_fanuc_moveit_config:/home/gustav/ws_moveit2/install/moveit_resources_fanuc_description:/home/gustav/ws_moveit2/install/moveit_common:/home/gustav/ws_moveit2/install/lbr_description:/home/gustav/ws_moveit2/install/kuka_bord_description:/home/gustav/P5-Kuka-Dual-Arm/moveit2_kuka_table/install/send_cudes:/home/gustav/P5-Kuka-Dual-Arm/moveit2_kuka_table/install/moveit2_launch:/home/gustav/P5-Kuka-Dual-Arm/moveit2_kuka_table/install/kuka_bord_description:/home/gustav/lbr_stack/install/med7_moveit_config:/home/gustav/lbr_stack/install/med14_moveit_config:/home/gustav/lbr_stack/install/lbr_fri_ros2_stack:/home/gustav/lbr_stack/install/lbr_demos_cpp:/home/gustav/lbr_stack/install/lbr_bringup:/home/gustav/lbr_stack/install/lbr_ros2_control:/home/gustav/lbr_stack/install/lbr_moveit_cpp:/home/gustav/lbr_stack/install/lbr_demos_advanced_cpp:/home/gustav/lbr_stack/install/lbr_fri_ros2:/home/gustav/lbr_stack/install/lbr_fri_idl:/home/gustav/lbr_stack/install/iiwa7_moveit_config:/home/gustav/lbr_stack/install/iiwa14_moveit_config:/home/gustav/lbr_stack/install/lbr_description:/home/gustav/lbr_stack/install/fri_client_sdk:/home/gustav/ws_P5/install/send_cudes:/home/gustav/ws_P5/install/moveit2_launch:/home/gustav/ws_P5/install/kuka_bord_description:/home/gustav/ws_moveit2/install/moveit_configs_utils:/home/gustav/ws_moveit2/install/launch_param_builder:/home/gustav/lbr_stack/install/lbr_demos_py:/home/gustav/lbr_stack/install/lbr_demos_advanced_py:/opt/ros/humble LD_LIBRARY_PATH=/home/gustav/P5-Kuka-Dual-Arm/install/fri_client_sdk/lib:${LD_LIBRARY_PATH} PKG_CONFIG_PATH=/home/gustav/P5-Kuka-Dual-Arm/install/fri_client_sdk/lib/x86_64-linux-gnu/pkgconfig:/home/gustav/P5-Kuka-Dual-Arm/install/fri_client_sdk/lib/pkgconfig:${PKG_CONFIG_PATH} /usr/bin/cmake --install /home/gustav/P5-Kuka-Dual-Arm/build/lbr_fri_idl
