[0.051s] Invoking command in '/home/gustav/P5-Kuka-Dual-Arm/build/send_cudes': AMENT_PREFIX_PATH=/home/gustav/P5-Kuka-Dual-Arm/install/moveit_ros_planning_interface:/home/gustav/P5-Kuka-Dual-Arm/install/moveit_ros_move_group:/home/gustav/P5-Kuka-Dual-Arm/install/moveit_ros_warehouse:/home/gustav/P5-Kuka-Dual-Arm/install/moveit_planners_ompl:/home/gustav/P5-Kuka-Dual-Arm/install/moveit_kinematics:/home/gustav/P5-Kuka-Dual-Arm/install/moveit_ros_planning:/home/gustav/P5-Kuka-Dual-Arm/install/moveit_simple_controller_manager:/home/gustav/P5-Kuka-Dual-Arm/install/moveit_ros_occupancy_map_monitor:/home/gustav/P5-Kuka-Dual-Arm/install/moveit_core:/home/gustav/P5-Kuka-Dual-Arm/install/moveit_resources_panda_moveit_config:/home/gustav/P5-Kuka-Dual-Arm/install/moveit_resources_fanuc_moveit_config:/home/gustav/P5-Kuka-Dual-Arm/install/generate_parameter_library:/home/gustav/P5-Kuka-Dual-Arm/install/parameter_traits:/home/gustav/P5-Kuka-Dual-Arm/install/moveit_resources_pr2_description:/home/gustav/P5-Kuka-Dual-Arm/install/moveit_resources_panda_description:/home/gustav/P5-Kuka-Dual-Arm/install/moveit_resources_fanuc_description:/home/gustav/P5-Kuka-Dual-Arm/install/moveit_msgs:/home/gustav/P5-Kuka-Dual-Arm/install/moveit_configs_utils:/home/gustav/P5-Kuka-Dual-Arm/install/moveit_common:/home/gustav/P5-Kuka-Dual-Arm/install/generate_parameter_library_py:${AMENT_PREFIX_PATH} CMAKE_PREFIX_PATH=/home/gustav/P5-Kuka-Dual-Arm/install/moveit_ros_planning_interface:/home/gustav/P5-Kuka-Dual-Arm/install/moveit_ros_move_group:/home/gustav/P5-Kuka-Dual-Arm/install/moveit_ros_warehouse:/home/gustav/P5-Kuka-Dual-Arm/install/moveit_planners_ompl:/home/gustav/P5-Kuka-Dual-Arm/install/moveit_kinematics:/home/gustav/P5-Kuka-Dual-Arm/install/moveit_ros_planning:/home/gustav/P5-Kuka-Dual-Arm/install/moveit_simple_controller_manager:/home/gustav/P5-Kuka-Dual-Arm/install/moveit_ros_occupancy_map_monitor:/home/gustav/P5-Kuka-Dual-Arm/install/moveit_core:/home/gustav/P5-Kuka-Dual-Arm/install/moveit_resources_panda_moveit_config:/home/gustav/P5-Kuka-Dual-Arm/install/moveit_resources_fanuc_moveit_config:/home/gustav/P5-Kuka-Dual-Arm/install/generate_parameter_library:/home/gustav/P5-Kuka-Dual-Arm/install/parameter_traits:/home/gustav/P5-Kuka-Dual-Arm/install/moveit_resources_pr2_description:/home/gustav/P5-Kuka-Dual-Arm/install/moveit_resources_panda_description:/home/gustav/P5-Kuka-Dual-Arm/install/moveit_resources_fanuc_description:/home/gustav/P5-Kuka-Dual-Arm/install/moveit_msgs:/home/gustav/P5-Kuka-Dual-Arm/install/moveit_common:/opt/ros/humble LD_LIBRARY_PATH=/home/gustav/P5-Kuka-Dual-Arm/install/moveit_ros_planning_interface/lib:/home/gustav/P5-Kuka-Dual-Arm/install/moveit_ros_move_group/lib:/home/gustav/P5-Kuka-Dual-Arm/install/moveit_ros_warehouse/lib:/home/gustav/P5-Kuka-Dual-Arm/install/moveit_planners_ompl/lib:/home/gustav/P5-Kuka-Dual-Arm/install/moveit_kinematics/lib:/home/gustav/P5-Kuka-Dual-Arm/install/moveit_ros_planning/lib:/home/gustav/P5-Kuka-Dual-Arm/install/moveit_simple_controller_manager/lib:/home/gustav/P5-Kuka-Dual-Arm/install/moveit_ros_occupancy_map_monitor/lib:/home/gustav/P5-Kuka-Dual-Arm/install/moveit_core/lib:/home/gustav/P5-Kuka-Dual-Arm/install/parameter_traits/lib:/home/gustav/P5-Kuka-Dual-Arm/install/moveit_msgs/lib:${LD_LIBRARY_PATH} PATH=/home/gustav/P5-Kuka-Dual-Arm/install/moveit_core/bin:/home/gustav/P5-Kuka-Dual-Arm/install/generate_parameter_library_py/bin:${PATH} PYTHONPATH=/home/gustav/P5-Kuka-Dual-Arm/install/moveit_msgs/local/lib/python3.10/dist-packages:/home/gustav/P5-Kuka-Dual-Arm/install/moveit_configs_utils/lib/python3.10/site-packages:/home/gustav/P5-Kuka-Dual-Arm/install/generate_parameter_library_py/lib/python3.10/site-packages:${PYTHONPATH} /usr/bin/cmake /home/gustav/P5-Kuka-Dual-Arm/p5_ws/src/send_cudes -DCMAKE_BUILD_TYPE=Release -DCMAKE_INSTALL_PREFIX=/home/gustav/P5-Kuka-Dual-Arm/install/send_cudes
[0.124s] -- The C compiler identification is GNU 11.4.0
[0.191s] -- The CXX compiler identification is GNU 11.4.0
[0.204s] -- Detecting C compiler ABI info
[0.291s] -- Detecting C compiler ABI info - done
[0.302s] -- Check for working C compiler: /usr/bin/cc - skipped
[0.302s] -- Detecting C compile features
[0.303s] -- Detecting C compile features - done
[0.307s] -- Detecting CXX compiler ABI info
[0.408s] -- Detecting CXX compiler ABI info - done
[0.427s] -- Check for working CXX compiler: /usr/bin/c++ - skipped
[0.428s] -- Detecting CXX compile features
[0.429s] -- Detecting CXX compile features - done
[0.437s] -- Found ament_cmake: 1.3.10 (/opt/ros/humble/share/ament_cmake/cmake)
[0.659s] -- Found Python3: /usr/bin/python3 (found version "3.10.12") found components: Interpreter 
[0.798s] -- Found moveit_ros_planning_interface: 2.5.5 (/home/gustav/P5-Kuka-Dual-Arm/install/moveit_ros_planning_interface/share/moveit_ros_planning_interface/cmake)
[1.025s] -- Found Boost: /usr/lib/x86_64-linux-gnu/cmake/Boost-1.74.0/BoostConfig.cmake (found version "1.74.0") found components: date_time filesystem program_options system thread 
[1.093s] -- Found rosidl_generator_c: 3.1.5 (/opt/ros/humble/share/rosidl_generator_c/cmake)
[1.102s] -- Found rosidl_adapter: 3.1.5 (/opt/ros/humble/share/rosidl_adapter/cmake)
[1.116s] -- Found rosidl_generator_cpp: 3.1.5 (/opt/ros/humble/share/rosidl_generator_cpp/cmake)
[1.136s] -- Using all available rosidl_typesupport_c: rosidl_typesupport_fastrtps_c;rosidl_typesupport_introspection_c
[1.161s] -- Using all available rosidl_typesupport_cpp: rosidl_typesupport_fastrtps_cpp;rosidl_typesupport_introspection_cpp
[1.456s] -- Found Boost: /usr/lib/x86_64-linux-gnu/cmake/Boost-1.74.0/BoostConfig.cmake (found version "1.74.0") found components: chrono date_time filesystem iostreams program_options regex serialization system thread 
[1.529s] -- Found parameter_traits: 0.3.7 (/home/gustav/P5-Kuka-Dual-Arm/install/parameter_traits/share/parameter_traits/cmake)
[1.595s] -- Found rmw_implementation_cmake: 6.1.2 (/opt/ros/humble/share/rmw_implementation_cmake/cmake)
[1.600s] -- Found rmw_fastrtps_cpp: 6.2.7 (/opt/ros/humble/share/rmw_fastrtps_cpp/cmake)
[1.736s] -- Found OpenSSL: /usr/lib/x86_64-linux-gnu/libcrypto.so (found version "3.0.2")  
[1.774s] -- Found FastRTPS: /opt/ros/humble/include  
[1.825s] -- Using RMW implementation 'rmw_fastrtps_cpp' as default
[1.840s] -- Found Threads: TRUE  
[1.903s] -- Found Eigen3: TRUE (found version "3.4.0") 
[1.907s] -- Found rclcpp_lifecycle: 16.0.10 (/opt/ros/humble/share/rclcpp_lifecycle/cmake)
[1.943s] -- Found Boost: /usr/lib/x86_64-linux-gnu/cmake/Boost-1.74.0/BoostConfig.cmake (found version "1.74.0") found components: filesystem 
[2.060s] -- library: /usr/lib/x86_64-linux-gnu/libcurl.so
[2.106s] -- Ensuring Eigen3 include directory is part of orocos-kdl CMake target
[2.301s] -- Found Boost: /usr/lib/x86_64-linux-gnu/cmake/Boost-1.74.0/BoostConfig.cmake (found version "1.74.0") found components: system filesystem date_time program_options thread chrono 
[2.344s] -- Found Boost: /usr/lib/x86_64-linux-gnu/cmake/Boost-1.74.0/BoostConfig.cmake (found version "1.74.0") found components: thread system filesystem regex date_time program_options 
[2.374s] -- Found Boost: /usr/lib/x86_64-linux-gnu/cmake/Boost-1.74.0/BoostConfig.cmake (found version "1.74.0") found components: system filesystem date_time program_options thread 
[2.418s] -- Found moveit_visual_tools: 4.1.0 (/opt/ros/humble/share/moveit_visual_tools/cmake)
[2.508s] -- Setting assimp_DIR to: '/opt/ros/humble/share/rviz_assimp_vendor/cmake/../../../opt/rviz_assimp_vendor/lib/cmake/assimp-4.1'
[2.519s] -- Setting OGRE_DIR to: '/opt/ros/humble/share/rviz_ogre_vendor/cmake/../../../opt/rviz_ogre_vendor/lib/OGRE/cmake'
[2.520s] -- Found OGRE
[2.520s] --   static     : OFF
[2.520s] --   components : HLMS;MeshLodGenerator;Overlay;Paging;Property;RTShaderSystem;Terrain;Volume
[2.520s] --   plugins    : Plugin_BSPSceneManager;Plugin_OctreeSceneManager;Plugin_PCZSceneManager;Plugin_ParticleFX;RenderSystem_GL;RenderSystem_GL3Plus;Codec_STBI
[2.520s] --   media      : /opt/ros/humble/opt/rviz_ogre_vendor/share/OGRE/Media
[2.521s] -- OGRE_LIBRARIES: OgreHLMS;OgreMeshLodGenerator;OgreOverlay;OgrePaging;OgreProperty;OgreRTShaderSystem;OgreTerrain;OgreVolume;OgreMain
[2.521s] -- OGRE_LIBRARY_DIRS: /opt/ros/humble/opt/rviz_ogre_vendor/lib
[2.521s] -- OGRE_PLUGINS: Plugin_BSPSceneManager;Plugin_OctreeSceneManager;Plugin_PCZSceneManager;Plugin_ParticleFX;RenderSystem_GL;RenderSystem_GL3Plus;Codec_STBI
[2.521s] -- OGRE_PLUGIN_DIR: /opt/ros/humble/opt/rviz_ogre_vendor/lib/OGRE
[2.521s] -- rviz_ogre_vendor::OgreOverlay for IMPORTED_LOCATION_RELEASE: /opt/ros/humble/opt/rviz_ogre_vendor/lib/libOgreOverlay.so
[2.521s] -- rviz_ogre_vendor::OgreOverlay for IMPORTED_LOCATION_DEBUG: /opt/ros/humble/opt/rviz_ogre_vendor/lib/libOgreOverlay.so
[2.521s] -- rviz_ogre_vendor::OgreMain for IMPORTED_LOCATION_RELEASE: /opt/ros/humble/opt/rviz_ogre_vendor/lib/libOgreMain.so
[2.521s] -- rviz_ogre_vendor::OgreMain for IMPORTED_LOCATION_DEBUG: /opt/ros/humble/opt/rviz_ogre_vendor/lib/libOgreMain.so
[2.551s] -- Found ZLIB: /usr/lib/x86_64-linux-gnu/libz.so (found version "1.2.11") 
[2.557s] -- Found OpenGL: /usr/lib/x86_64-linux-gnu/libOpenGL.so   
[2.681s] -- Found X11: /usr/include   
[2.681s] -- Looking for XOpenDisplay in /usr/lib/x86_64-linux-gnu/libX11.so;/usr/lib/x86_64-linux-gnu/libXext.so
[2.767s] -- Looking for XOpenDisplay in /usr/lib/x86_64-linux-gnu/libX11.so;/usr/lib/x86_64-linux-gnu/libXext.so - found
[2.767s] -- Looking for gethostbyname
[2.850s] -- Looking for gethostbyname - found
[2.850s] -- Looking for connect
[2.923s] -- Looking for connect - found
[2.923s] -- Looking for remove
[2.999s] -- Looking for remove - found
[2.999s] -- Looking for shmat
[3.077s] -- Looking for shmat - found
[3.078s] -- Looking for IceConnectionNumber in ICE
[3.158s] -- Looking for IceConnectionNumber in ICE - found
[3.290s] -- Found ament_lint_auto: 0.12.11 (/opt/ros/humble/share/ament_lint_auto/cmake)
[3.397s] -- Added test 'cppcheck' to perform static code analysis on C / C++ code
[3.397s] -- Configured cppcheck include dirs: $<BUILD_INTERFACE:/home/gustav/P5-Kuka-Dual-Arm/p5_ws/src/send_cudes/include>
[3.397s] -- Configured cppcheck exclude dirs and/or files: 
[3.398s] -- Added test 'flake8' to check Python code syntax and style conventions
[3.399s] -- Added test 'lint_cmake' to check CMake code style
[3.400s] -- Added test 'pep257' to check Python code against some of the docstring style conventions in PEP 257
[3.401s] -- Added test 'uncrustify' to check C / C++ code style
[3.401s] -- Configured uncrustify additional arguments: 
[3.402s] -- Added test 'xmllint' to check XML markup files
[3.404s] -- Configuring done
[3.456s] -- Generating done
[3.459s] -- Build files have been written to: /home/gustav/P5-Kuka-Dual-Arm/build/send_cudes
[3.480s] Invoked command in '/home/gustav/P5-Kuka-Dual-Arm/build/send_cudes' returned '0': AMENT_PREFIX_PATH=/home/gustav/P5-Kuka-Dual-Arm/install/moveit_ros_planning_interface:/home/gustav/P5-Kuka-Dual-Arm/install/moveit_ros_move_group:/home/gustav/P5-Kuka-Dual-Arm/install/moveit_ros_warehouse:/home/gustav/P5-Kuka-Dual-Arm/install/moveit_planners_ompl:/home/gustav/P5-Kuka-Dual-Arm/install/moveit_kinematics:/home/gustav/P5-Kuka-Dual-Arm/install/moveit_ros_planning:/home/gustav/P5-Kuka-Dual-Arm/install/moveit_simple_controller_manager:/home/gustav/P5-Kuka-Dual-Arm/install/moveit_ros_occupancy_map_monitor:/home/gustav/P5-Kuka-Dual-Arm/install/moveit_core:/home/gustav/P5-Kuka-Dual-Arm/install/moveit_resources_panda_moveit_config:/home/gustav/P5-Kuka-Dual-Arm/install/moveit_resources_fanuc_moveit_config:/home/gustav/P5-Kuka-Dual-Arm/install/generate_parameter_library:/home/gustav/P5-Kuka-Dual-Arm/install/parameter_traits:/home/gustav/P5-Kuka-Dual-Arm/install/moveit_resources_pr2_description:/home/gustav/P5-Kuka-Dual-Arm/install/moveit_resources_panda_description:/home/gustav/P5-Kuka-Dual-Arm/install/moveit_resources_fanuc_description:/home/gustav/P5-Kuka-Dual-Arm/install/moveit_msgs:/home/gustav/P5-Kuka-Dual-Arm/install/moveit_configs_utils:/home/gustav/P5-Kuka-Dual-Arm/install/moveit_common:/home/gustav/P5-Kuka-Dual-Arm/install/generate_parameter_library_py:${AMENT_PREFIX_PATH} CMAKE_PREFIX_PATH=/home/gustav/P5-Kuka-Dual-Arm/install/moveit_ros_planning_interface:/home/gustav/P5-Kuka-Dual-Arm/install/moveit_ros_move_group:/home/gustav/P5-Kuka-Dual-Arm/install/moveit_ros_warehouse:/home/gustav/P5-Kuka-Dual-Arm/install/moveit_planners_ompl:/home/gustav/P5-Kuka-Dual-Arm/install/moveit_kinematics:/home/gustav/P5-Kuka-Dual-Arm/install/moveit_ros_planning:/home/gustav/P5-Kuka-Dual-Arm/install/moveit_simple_controller_manager:/home/gustav/P5-Kuka-Dual-Arm/install/moveit_ros_occupancy_map_monitor:/home/gustav/P5-Kuka-Dual-Arm/install/moveit_core:/home/gustav/P5-Kuka-Dual-Arm/install/moveit_resources_panda_moveit_config:/home/gustav/P5-Kuka-Dual-Arm/install/moveit_resources_fanuc_moveit_config:/home/gustav/P5-Kuka-Dual-Arm/install/generate_parameter_library:/home/gustav/P5-Kuka-Dual-Arm/install/parameter_traits:/home/gustav/P5-Kuka-Dual-Arm/install/moveit_resources_pr2_description:/home/gustav/P5-Kuka-Dual-Arm/install/moveit_resources_panda_description:/home/gustav/P5-Kuka-Dual-Arm/install/moveit_resources_fanuc_description:/home/gustav/P5-Kuka-Dual-Arm/install/moveit_msgs:/home/gustav/P5-Kuka-Dual-Arm/install/moveit_common:/opt/ros/humble LD_LIBRARY_PATH=/home/gustav/P5-Kuka-Dual-Arm/install/moveit_ros_planning_interface/lib:/home/gustav/P5-Kuka-Dual-Arm/install/moveit_ros_move_group/lib:/home/gustav/P5-Kuka-Dual-Arm/install/moveit_ros_warehouse/lib:/home/gustav/P5-Kuka-Dual-Arm/install/moveit_planners_ompl/lib:/home/gustav/P5-Kuka-Dual-Arm/install/moveit_kinematics/lib:/home/gustav/P5-Kuka-Dual-Arm/install/moveit_ros_planning/lib:/home/gustav/P5-Kuka-Dual-Arm/install/moveit_simple_controller_manager/lib:/home/gustav/P5-Kuka-Dual-Arm/install/moveit_ros_occupancy_map_monitor/lib:/home/gustav/P5-Kuka-Dual-Arm/install/moveit_core/lib:/home/gustav/P5-Kuka-Dual-Arm/install/parameter_traits/lib:/home/gustav/P5-Kuka-Dual-Arm/install/moveit_msgs/lib:${LD_LIBRARY_PATH} PATH=/home/gustav/P5-Kuka-Dual-Arm/install/moveit_core/bin:/home/gustav/P5-Kuka-Dual-Arm/install/generate_parameter_library_py/bin:${PATH} PYTHONPATH=/home/gustav/P5-Kuka-Dual-Arm/install/moveit_msgs/local/lib/python3.10/dist-packages:/home/gustav/P5-Kuka-Dual-Arm/install/moveit_configs_utils/lib/python3.10/site-packages:/home/gustav/P5-Kuka-Dual-Arm/install/generate_parameter_library_py/lib/python3.10/site-packages:${PYTHONPATH} /usr/bin/cmake /home/gustav/P5-Kuka-Dual-Arm/p5_ws/src/send_cudes -DCMAKE_BUILD_TYPE=Release -DCMAKE_INSTALL_PREFIX=/home/gustav/P5-Kuka-Dual-Arm/install/send_cudes
[3.481s] Invoking command in '/home/gustav/P5-Kuka-Dual-Arm/build/send_cudes': AMENT_PREFIX_PATH=/home/gustav/P5-Kuka-Dual-Arm/install/moveit_ros_planning_interface:/home/gustav/P5-Kuka-Dual-Arm/install/moveit_ros_move_group:/home/gustav/P5-Kuka-Dual-Arm/install/moveit_ros_warehouse:/home/gustav/P5-Kuka-Dual-Arm/install/moveit_planners_ompl:/home/gustav/P5-Kuka-Dual-Arm/install/moveit_kinematics:/home/gustav/P5-Kuka-Dual-Arm/install/moveit_ros_planning:/home/gustav/P5-Kuka-Dual-Arm/install/moveit_simple_controller_manager:/home/gustav/P5-Kuka-Dual-Arm/install/moveit_ros_occupancy_map_monitor:/home/gustav/P5-Kuka-Dual-Arm/install/moveit_core:/home/gustav/P5-Kuka-Dual-Arm/install/moveit_resources_panda_moveit_config:/home/gustav/P5-Kuka-Dual-Arm/install/moveit_resources_fanuc_moveit_config:/home/gustav/P5-Kuka-Dual-Arm/install/generate_parameter_library:/home/gustav/P5-Kuka-Dual-Arm/install/parameter_traits:/home/gustav/P5-Kuka-Dual-Arm/install/moveit_resources_pr2_description:/home/gustav/P5-Kuka-Dual-Arm/install/moveit_resources_panda_description:/home/gustav/P5-Kuka-Dual-Arm/install/moveit_resources_fanuc_description:/home/gustav/P5-Kuka-Dual-Arm/install/moveit_msgs:/home/gustav/P5-Kuka-Dual-Arm/install/moveit_configs_utils:/home/gustav/P5-Kuka-Dual-Arm/install/moveit_common:/home/gustav/P5-Kuka-Dual-Arm/install/generate_parameter_library_py:${AMENT_PREFIX_PATH} CMAKE_PREFIX_PATH=/home/gustav/P5-Kuka-Dual-Arm/install/moveit_ros_planning_interface:/home/gustav/P5-Kuka-Dual-Arm/install/moveit_ros_move_group:/home/gustav/P5-Kuka-Dual-Arm/install/moveit_ros_warehouse:/home/gustav/P5-Kuka-Dual-Arm/install/moveit_planners_ompl:/home/gustav/P5-Kuka-Dual-Arm/install/moveit_kinematics:/home/gustav/P5-Kuka-Dual-Arm/install/moveit_ros_planning:/home/gustav/P5-Kuka-Dual-Arm/install/moveit_simple_controller_manager:/home/gustav/P5-Kuka-Dual-Arm/install/moveit_ros_occupancy_map_monitor:/home/gustav/P5-Kuka-Dual-Arm/install/moveit_core:/home/gustav/P5-Kuka-Dual-Arm/install/moveit_resources_panda_moveit_config:/home/gustav/P5-Kuka-Dual-Arm/install/moveit_resources_fanuc_moveit_config:/home/gustav/P5-Kuka-Dual-Arm/install/generate_parameter_library:/home/gustav/P5-Kuka-Dual-Arm/install/parameter_traits:/home/gustav/P5-Kuka-Dual-Arm/install/moveit_resources_pr2_description:/home/gustav/P5-Kuka-Dual-Arm/install/moveit_resources_panda_description:/home/gustav/P5-Kuka-Dual-Arm/install/moveit_resources_fanuc_description:/home/gustav/P5-Kuka-Dual-Arm/install/moveit_msgs:/home/gustav/P5-Kuka-Dual-Arm/install/moveit_common:/opt/ros/humble LD_LIBRARY_PATH=/home/gustav/P5-Kuka-Dual-Arm/install/moveit_ros_planning_interface/lib:/home/gustav/P5-Kuka-Dual-Arm/install/moveit_ros_move_group/lib:/home/gustav/P5-Kuka-Dual-Arm/install/moveit_ros_warehouse/lib:/home/gustav/P5-Kuka-Dual-Arm/install/moveit_planners_ompl/lib:/home/gustav/P5-Kuka-Dual-Arm/install/moveit_kinematics/lib:/home/gustav/P5-Kuka-Dual-Arm/install/moveit_ros_planning/lib:/home/gustav/P5-Kuka-Dual-Arm/install/moveit_simple_controller_manager/lib:/home/gustav/P5-Kuka-Dual-Arm/install/moveit_ros_occupancy_map_monitor/lib:/home/gustav/P5-Kuka-Dual-Arm/install/moveit_core/lib:/home/gustav/P5-Kuka-Dual-Arm/install/parameter_traits/lib:/home/gustav/P5-Kuka-Dual-Arm/install/moveit_msgs/lib:${LD_LIBRARY_PATH} PATH=/home/gustav/P5-Kuka-Dual-Arm/install/moveit_core/bin:/home/gustav/P5-Kuka-Dual-Arm/install/generate_parameter_library_py/bin:${PATH} PYTHONPATH=/home/gustav/P5-Kuka-Dual-Arm/install/moveit_msgs/local/lib/python3.10/dist-packages:/home/gustav/P5-Kuka-Dual-Arm/install/moveit_configs_utils/lib/python3.10/site-packages:/home/gustav/P5-Kuka-Dual-Arm/install/generate_parameter_library_py/lib/python3.10/site-packages:${PYTHONPATH} /usr/bin/cmake --build /home/gustav/P5-Kuka-Dual-Arm/build/send_cudes -- -j8 -l8
[3.544s] [ 50%] [32mBuilding CXX object CMakeFiles/send_cudes.dir/src/send_cudes.cpp.o[0m
[16.898s] [100%] [32m[1mLinking CXX executable send_cudes[0m
[17.631s] [100%] Built target send_cudes
[17.648s] Invoked command in '/home/gustav/P5-Kuka-Dual-Arm/build/send_cudes' returned '0': AMENT_PREFIX_PATH=/home/gustav/P5-Kuka-Dual-Arm/install/moveit_ros_planning_interface:/home/gustav/P5-Kuka-Dual-Arm/install/moveit_ros_move_group:/home/gustav/P5-Kuka-Dual-Arm/install/moveit_ros_warehouse:/home/gustav/P5-Kuka-Dual-Arm/install/moveit_planners_ompl:/home/gustav/P5-Kuka-Dual-Arm/install/moveit_kinematics:/home/gustav/P5-Kuka-Dual-Arm/install/moveit_ros_planning:/home/gustav/P5-Kuka-Dual-Arm/install/moveit_simple_controller_manager:/home/gustav/P5-Kuka-Dual-Arm/install/moveit_ros_occupancy_map_monitor:/home/gustav/P5-Kuka-Dual-Arm/install/moveit_core:/home/gustav/P5-Kuka-Dual-Arm/install/moveit_resources_panda_moveit_config:/home/gustav/P5-Kuka-Dual-Arm/install/moveit_resources_fanuc_moveit_config:/home/gustav/P5-Kuka-Dual-Arm/install/generate_parameter_library:/home/gustav/P5-Kuka-Dual-Arm/install/parameter_traits:/home/gustav/P5-Kuka-Dual-Arm/install/moveit_resources_pr2_description:/home/gustav/P5-Kuka-Dual-Arm/install/moveit_resources_panda_description:/home/gustav/P5-Kuka-Dual-Arm/install/moveit_resources_fanuc_description:/home/gustav/P5-Kuka-Dual-Arm/install/moveit_msgs:/home/gustav/P5-Kuka-Dual-Arm/install/moveit_configs_utils:/home/gustav/P5-Kuka-Dual-Arm/install/moveit_common:/home/gustav/P5-Kuka-Dual-Arm/install/generate_parameter_library_py:${AMENT_PREFIX_PATH} CMAKE_PREFIX_PATH=/home/gustav/P5-Kuka-Dual-Arm/install/moveit_ros_planning_interface:/home/gustav/P5-Kuka-Dual-Arm/install/moveit_ros_move_group:/home/gustav/P5-Kuka-Dual-Arm/install/moveit_ros_warehouse:/home/gustav/P5-Kuka-Dual-Arm/install/moveit_planners_ompl:/home/gustav/P5-Kuka-Dual-Arm/install/moveit_kinematics:/home/gustav/P5-Kuka-Dual-Arm/install/moveit_ros_planning:/home/gustav/P5-Kuka-Dual-Arm/install/moveit_simple_controller_manager:/home/gustav/P5-Kuka-Dual-Arm/install/moveit_ros_occupancy_map_monitor:/home/gustav/P5-Kuka-Dual-Arm/install/moveit_core:/home/gustav/P5-Kuka-Dual-Arm/install/moveit_resources_panda_moveit_config:/home/gustav/P5-Kuka-Dual-Arm/install/moveit_resources_fanuc_moveit_config:/home/gustav/P5-Kuka-Dual-Arm/install/generate_parameter_library:/home/gustav/P5-Kuka-Dual-Arm/install/parameter_traits:/home/gustav/P5-Kuka-Dual-Arm/install/moveit_resources_pr2_description:/home/gustav/P5-Kuka-Dual-Arm/install/moveit_resources_panda_description:/home/gustav/P5-Kuka-Dual-Arm/install/moveit_resources_fanuc_description:/home/gustav/P5-Kuka-Dual-Arm/install/moveit_msgs:/home/gustav/P5-Kuka-Dual-Arm/install/moveit_common:/opt/ros/humble LD_LIBRARY_PATH=/home/gustav/P5-Kuka-Dual-Arm/install/moveit_ros_planning_interface/lib:/home/gustav/P5-Kuka-Dual-Arm/install/moveit_ros_move_group/lib:/home/gustav/P5-Kuka-Dual-Arm/install/moveit_ros_warehouse/lib:/home/gustav/P5-Kuka-Dual-Arm/install/moveit_planners_ompl/lib:/home/gustav/P5-Kuka-Dual-Arm/install/moveit_kinematics/lib:/home/gustav/P5-Kuka-Dual-Arm/install/moveit_ros_planning/lib:/home/gustav/P5-Kuka-Dual-Arm/install/moveit_simple_controller_manager/lib:/home/gustav/P5-Kuka-Dual-Arm/install/moveit_ros_occupancy_map_monitor/lib:/home/gustav/P5-Kuka-Dual-Arm/install/moveit_core/lib:/home/gustav/P5-Kuka-Dual-Arm/install/parameter_traits/lib:/home/gustav/P5-Kuka-Dual-Arm/install/moveit_msgs/lib:${LD_LIBRARY_PATH} PATH=/home/gustav/P5-Kuka-Dual-Arm/install/moveit_core/bin:/home/gustav/P5-Kuka-Dual-Arm/install/generate_parameter_library_py/bin:${PATH} PYTHONPATH=/home/gustav/P5-Kuka-Dual-Arm/install/moveit_msgs/local/lib/python3.10/dist-packages:/home/gustav/P5-Kuka-Dual-Arm/install/moveit_configs_utils/lib/python3.10/site-packages:/home/gustav/P5-Kuka-Dual-Arm/install/generate_parameter_library_py/lib/python3.10/site-packages:${PYTHONPATH} /usr/bin/cmake --build /home/gustav/P5-Kuka-Dual-Arm/build/send_cudes -- -j8 -l8
[17.672s] Invoking command in '/home/gustav/P5-Kuka-Dual-Arm/build/send_cudes': AMENT_PREFIX_PATH=/home/gustav/P5-Kuka-Dual-Arm/install/moveit_ros_planning_interface:/home/gustav/P5-Kuka-Dual-Arm/install/moveit_ros_move_group:/home/gustav/P5-Kuka-Dual-Arm/install/moveit_ros_warehouse:/home/gustav/P5-Kuka-Dual-Arm/install/moveit_planners_ompl:/home/gustav/P5-Kuka-Dual-Arm/install/moveit_kinematics:/home/gustav/P5-Kuka-Dual-Arm/install/moveit_ros_planning:/home/gustav/P5-Kuka-Dual-Arm/install/moveit_simple_controller_manager:/home/gustav/P5-Kuka-Dual-Arm/install/moveit_ros_occupancy_map_monitor:/home/gustav/P5-Kuka-Dual-Arm/install/moveit_core:/home/gustav/P5-Kuka-Dual-Arm/install/moveit_resources_panda_moveit_config:/home/gustav/P5-Kuka-Dual-Arm/install/moveit_resources_fanuc_moveit_config:/home/gustav/P5-Kuka-Dual-Arm/install/generate_parameter_library:/home/gustav/P5-Kuka-Dual-Arm/install/parameter_traits:/home/gustav/P5-Kuka-Dual-Arm/install/moveit_resources_pr2_description:/home/gustav/P5-Kuka-Dual-Arm/install/moveit_resources_panda_description:/home/gustav/P5-Kuka-Dual-Arm/install/moveit_resources_fanuc_description:/home/gustav/P5-Kuka-Dual-Arm/install/moveit_msgs:/home/gustav/P5-Kuka-Dual-Arm/install/moveit_configs_utils:/home/gustav/P5-Kuka-Dual-Arm/install/moveit_common:/home/gustav/P5-Kuka-Dual-Arm/install/generate_parameter_library_py:${AMENT_PREFIX_PATH} CMAKE_PREFIX_PATH=/home/gustav/P5-Kuka-Dual-Arm/install/moveit_ros_planning_interface:/home/gustav/P5-Kuka-Dual-Arm/install/moveit_ros_move_group:/home/gustav/P5-Kuka-Dual-Arm/install/moveit_ros_warehouse:/home/gustav/P5-Kuka-Dual-Arm/install/moveit_planners_ompl:/home/gustav/P5-Kuka-Dual-Arm/install/moveit_kinematics:/home/gustav/P5-Kuka-Dual-Arm/install/moveit_ros_planning:/home/gustav/P5-Kuka-Dual-Arm/install/moveit_simple_controller_manager:/home/gustav/P5-Kuka-Dual-Arm/install/moveit_ros_occupancy_map_monitor:/home/gustav/P5-Kuka-Dual-Arm/install/moveit_core:/home/gustav/P5-Kuka-Dual-Arm/install/moveit_resources_panda_moveit_config:/home/gustav/P5-Kuka-Dual-Arm/install/moveit_resources_fanuc_moveit_config:/home/gustav/P5-Kuka-Dual-Arm/install/generate_parameter_library:/home/gustav/P5-Kuka-Dual-Arm/install/parameter_traits:/home/gustav/P5-Kuka-Dual-Arm/install/moveit_resources_pr2_description:/home/gustav/P5-Kuka-Dual-Arm/install/moveit_resources_panda_description:/home/gustav/P5-Kuka-Dual-Arm/install/moveit_resources_fanuc_description:/home/gustav/P5-Kuka-Dual-Arm/install/moveit_msgs:/home/gustav/P5-Kuka-Dual-Arm/install/moveit_common:/opt/ros/humble LD_LIBRARY_PATH=/home/gustav/P5-Kuka-Dual-Arm/install/moveit_ros_planning_interface/lib:/home/gustav/P5-Kuka-Dual-Arm/install/moveit_ros_move_group/lib:/home/gustav/P5-Kuka-Dual-Arm/install/moveit_ros_warehouse/lib:/home/gustav/P5-Kuka-Dual-Arm/install/moveit_planners_ompl/lib:/home/gustav/P5-Kuka-Dual-Arm/install/moveit_kinematics/lib:/home/gustav/P5-Kuka-Dual-Arm/install/moveit_ros_planning/lib:/home/gustav/P5-Kuka-Dual-Arm/install/moveit_simple_controller_manager/lib:/home/gustav/P5-Kuka-Dual-Arm/install/moveit_ros_occupancy_map_monitor/lib:/home/gustav/P5-Kuka-Dual-Arm/install/moveit_core/lib:/home/gustav/P5-Kuka-Dual-Arm/install/parameter_traits/lib:/home/gustav/P5-Kuka-Dual-Arm/install/moveit_msgs/lib:${LD_LIBRARY_PATH} PATH=/home/gustav/P5-Kuka-Dual-Arm/install/moveit_core/bin:/home/gustav/P5-Kuka-Dual-Arm/install/generate_parameter_library_py/bin:${PATH} PYTHONPATH=/home/gustav/P5-Kuka-Dual-Arm/install/moveit_msgs/local/lib/python3.10/dist-packages:/home/gustav/P5-Kuka-Dual-Arm/install/moveit_configs_utils/lib/python3.10/site-packages:/home/gustav/P5-Kuka-Dual-Arm/install/generate_parameter_library_py/lib/python3.10/site-packages:${PYTHONPATH} /usr/bin/cmake --install /home/gustav/P5-Kuka-Dual-Arm/build/send_cudes
[17.680s] -- Install configuration: "Release"
[17.680s] -- Installing: /home/gustav/P5-Kuka-Dual-Arm/install/send_cudes/lib/send_cudes/send_cudes
[17.681s] -- Set runtime path of "/home/gustav/P5-Kuka-Dual-Arm/install/send_cudes/lib/send_cudes/send_cudes" to ""
[17.681s] -- Installing: /home/gustav/P5-Kuka-Dual-Arm/install/send_cudes/share/send_cudes//launch
[17.681s] -- Installing: /home/gustav/P5-Kuka-Dual-Arm/install/send_cudes/share/send_cudes//launch/send_cudes_launch.py
[17.681s] -- Installing: /home/gustav/P5-Kuka-Dual-Arm/install/send_cudes/share/ament_index/resource_index/package_run_dependencies/send_cudes
[17.681s] -- Installing: /home/gustav/P5-Kuka-Dual-Arm/install/send_cudes/share/ament_index/resource_index/parent_prefix_path/send_cudes
[17.682s] -- Installing: /home/gustav/P5-Kuka-Dual-Arm/install/send_cudes/share/send_cudes/environment/ament_prefix_path.sh
[17.682s] -- Installing: /home/gustav/P5-Kuka-Dual-Arm/install/send_cudes/share/send_cudes/environment/ament_prefix_path.dsv
[17.682s] -- Installing: /home/gustav/P5-Kuka-Dual-Arm/install/send_cudes/share/send_cudes/environment/path.sh
[17.682s] -- Installing: /home/gustav/P5-Kuka-Dual-Arm/install/send_cudes/share/send_cudes/environment/path.dsv
[17.682s] -- Installing: /home/gustav/P5-Kuka-Dual-Arm/install/send_cudes/share/send_cudes/local_setup.bash
[17.682s] -- Installing: /home/gustav/P5-Kuka-Dual-Arm/install/send_cudes/share/send_cudes/local_setup.sh
[17.682s] -- Installing: /home/gustav/P5-Kuka-Dual-Arm/install/send_cudes/share/send_cudes/local_setup.zsh
[17.682s] -- Installing: /home/gustav/P5-Kuka-Dual-Arm/install/send_cudes/share/send_cudes/local_setup.dsv
[17.682s] -- Installing: /home/gustav/P5-Kuka-Dual-Arm/install/send_cudes/share/send_cudes/package.dsv
[17.683s] -- Installing: /home/gustav/P5-Kuka-Dual-Arm/install/send_cudes/share/ament_index/resource_index/packages/send_cudes
[17.683s] -- Installing: /home/gustav/P5-Kuka-Dual-Arm/install/send_cudes/share/send_cudes/cmake/send_cudesConfig.cmake
[17.683s] -- Installing: /home/gustav/P5-Kuka-Dual-Arm/install/send_cudes/share/send_cudes/cmake/send_cudesConfig-version.cmake
[17.683s] -- Installing: /home/gustav/P5-Kuka-Dual-Arm/install/send_cudes/share/send_cudes/package.xml
[17.685s] Invoked command in '/home/gustav/P5-Kuka-Dual-Arm/build/send_cudes' returned '0': AMENT_PREFIX_PATH=/home/gustav/P5-Kuka-Dual-Arm/install/moveit_ros_planning_interface:/home/gustav/P5-Kuka-Dual-Arm/install/moveit_ros_move_group:/home/gustav/P5-Kuka-Dual-Arm/install/moveit_ros_warehouse:/home/gustav/P5-Kuka-Dual-Arm/install/moveit_planners_ompl:/home/gustav/P5-Kuka-Dual-Arm/install/moveit_kinematics:/home/gustav/P5-Kuka-Dual-Arm/install/moveit_ros_planning:/home/gustav/P5-Kuka-Dual-Arm/install/moveit_simple_controller_manager:/home/gustav/P5-Kuka-Dual-Arm/install/moveit_ros_occupancy_map_monitor:/home/gustav/P5-Kuka-Dual-Arm/install/moveit_core:/home/gustav/P5-Kuka-Dual-Arm/install/moveit_resources_panda_moveit_config:/home/gustav/P5-Kuka-Dual-Arm/install/moveit_resources_fanuc_moveit_config:/home/gustav/P5-Kuka-Dual-Arm/install/generate_parameter_library:/home/gustav/P5-Kuka-Dual-Arm/install/parameter_traits:/home/gustav/P5-Kuka-Dual-Arm/install/moveit_resources_pr2_description:/home/gustav/P5-Kuka-Dual-Arm/install/moveit_resources_panda_description:/home/gustav/P5-Kuka-Dual-Arm/install/moveit_resources_fanuc_description:/home/gustav/P5-Kuka-Dual-Arm/install/moveit_msgs:/home/gustav/P5-Kuka-Dual-Arm/install/moveit_configs_utils:/home/gustav/P5-Kuka-Dual-Arm/install/moveit_common:/home/gustav/P5-Kuka-Dual-Arm/install/generate_parameter_library_py:${AMENT_PREFIX_PATH} CMAKE_PREFIX_PATH=/home/gustav/P5-Kuka-Dual-Arm/install/moveit_ros_planning_interface:/home/gustav/P5-Kuka-Dual-Arm/install/moveit_ros_move_group:/home/gustav/P5-Kuka-Dual-Arm/install/moveit_ros_warehouse:/home/gustav/P5-Kuka-Dual-Arm/install/moveit_planners_ompl:/home/gustav/P5-Kuka-Dual-Arm/install/moveit_kinematics:/home/gustav/P5-Kuka-Dual-Arm/install/moveit_ros_planning:/home/gustav/P5-Kuka-Dual-Arm/install/moveit_simple_controller_manager:/home/gustav/P5-Kuka-Dual-Arm/install/moveit_ros_occupancy_map_monitor:/home/gustav/P5-Kuka-Dual-Arm/install/moveit_core:/home/gustav/P5-Kuka-Dual-Arm/install/moveit_resources_panda_moveit_config:/home/gustav/P5-Kuka-Dual-Arm/install/moveit_resources_fanuc_moveit_config:/home/gustav/P5-Kuka-Dual-Arm/install/generate_parameter_library:/home/gustav/P5-Kuka-Dual-Arm/install/parameter_traits:/home/gustav/P5-Kuka-Dual-Arm/install/moveit_resources_pr2_description:/home/gustav/P5-Kuka-Dual-Arm/install/moveit_resources_panda_description:/home/gustav/P5-Kuka-Dual-Arm/install/moveit_resources_fanuc_description:/home/gustav/P5-Kuka-Dual-Arm/install/moveit_msgs:/home/gustav/P5-Kuka-Dual-Arm/install/moveit_common:/opt/ros/humble LD_LIBRARY_PATH=/home/gustav/P5-Kuka-Dual-Arm/install/moveit_ros_planning_interface/lib:/home/gustav/P5-Kuka-Dual-Arm/install/moveit_ros_move_group/lib:/home/gustav/P5-Kuka-Dual-Arm/install/moveit_ros_warehouse/lib:/home/gustav/P5-Kuka-Dual-Arm/install/moveit_planners_ompl/lib:/home/gustav/P5-Kuka-Dual-Arm/install/moveit_kinematics/lib:/home/gustav/P5-Kuka-Dual-Arm/install/moveit_ros_planning/lib:/home/gustav/P5-Kuka-Dual-Arm/install/moveit_simple_controller_manager/lib:/home/gustav/P5-Kuka-Dual-Arm/install/moveit_ros_occupancy_map_monitor/lib:/home/gustav/P5-Kuka-Dual-Arm/install/moveit_core/lib:/home/gustav/P5-Kuka-Dual-Arm/install/parameter_traits/lib:/home/gustav/P5-Kuka-Dual-Arm/install/moveit_msgs/lib:${LD_LIBRARY_PATH} PATH=/home/gustav/P5-Kuka-Dual-Arm/install/moveit_core/bin:/home/gustav/P5-Kuka-Dual-Arm/install/generate_parameter_library_py/bin:${PATH} PYTHONPATH=/home/gustav/P5-Kuka-Dual-Arm/install/moveit_msgs/local/lib/python3.10/dist-packages:/home/gustav/P5-Kuka-Dual-Arm/install/moveit_configs_utils/lib/python3.10/site-packages:/home/gustav/P5-Kuka-Dual-Arm/install/generate_parameter_library_py/lib/python3.10/site-packages:${PYTHONPATH} /usr/bin/cmake --install /home/gustav/P5-Kuka-Dual-Arm/build/send_cudes
