[0.042s] Invoking command in '/home/gustav/P5-Kuka-Dual-Arm/build/moveit_resources_prbt_support': CMAKE_PREFIX_PATH=${CMAKE_PREFIX_PATH}:/home/gustav/lbr_stack/install/lbr_demos_py:/home/gustav/lbr_stack/install/lbr_demos_advanced_py:/opt/ros/humble /usr/bin/cmake /home/gustav/P5-Kuka-Dual-Arm/p5_ws/src/moveit2/moveit_planners/test_configs/prbt_support -DCMAKE_BUILD_TYPE=Release -DCMAKE_INSTALL_PREFIX=/home/gustav/P5-Kuka-Dual-Arm/install/moveit_resources_prbt_support
[0.064s] -- Found ament_cmake: 1.3.10 (/opt/ros/humble/share/ament_cmake/cmake)
[0.426s] -- Configuring done
[0.430s] -- Generating done
[0.431s] -- Build files have been written to: /home/gustav/P5-Kuka-Dual-Arm/build/moveit_resources_prbt_support
[0.439s] Invoked command in '/home/gustav/P5-Kuka-Dual-Arm/build/moveit_resources_prbt_support' returned '0': CMAKE_PREFIX_PATH=${CMAKE_PREFIX_PATH}:/home/gustav/lbr_stack/install/lbr_demos_py:/home/gustav/lbr_stack/install/lbr_demos_advanced_py:/opt/ros/humble /usr/bin/cmake /home/gustav/P5-Kuka-Dual-Arm/p5_ws/src/moveit2/moveit_planners/test_configs/prbt_support -DCMAKE_BUILD_TYPE=Release -DCMAKE_INSTALL_PREFIX=/home/gustav/P5-Kuka-Dual-Arm/install/moveit_resources_prbt_support
[0.440s] Invoking command in '/home/gustav/P5-Kuka-Dual-Arm/build/moveit_resources_prbt_support': CMAKE_PREFIX_PATH=${CMAKE_PREFIX_PATH}:/home/gustav/lbr_stack/install/lbr_demos_py:/home/gustav/lbr_stack/install/lbr_demos_advanced_py:/opt/ros/humble /usr/bin/cmake --build /home/gustav/P5-Kuka-Dual-Arm/build/moveit_resources_prbt_support -- -j8 -l8
[0.501s] Invoked command in '/home/gustav/P5-Kuka-Dual-Arm/build/moveit_resources_prbt_support' returned '0': CMAKE_PREFIX_PATH=${CMAKE_PREFIX_PATH}:/home/gustav/lbr_stack/install/lbr_demos_py:/home/gustav/lbr_stack/install/lbr_demos_advanced_py:/opt/ros/humble /usr/bin/cmake --build /home/gustav/P5-Kuka-Dual-Arm/build/moveit_resources_prbt_support -- -j8 -l8
[0.537s] Invoking command in '/home/gustav/P5-Kuka-Dual-Arm/build/moveit_resources_prbt_support': CMAKE_PREFIX_PATH=${CMAKE_PREFIX_PATH}:/home/gustav/lbr_stack/install/lbr_demos_py:/home/gustav/lbr_stack/install/lbr_demos_advanced_py:/opt/ros/humble /usr/bin/cmake --install /home/gustav/P5-Kuka-Dual-Arm/build/moveit_resources_prbt_support
[0.546s] -- Install configuration: "Release"
[0.547s] -- Up-to-date: /home/gustav/P5-Kuka-Dual-Arm/install/moveit_resources_prbt_support/share/ament_index/resource_index/package_run_dependencies/moveit_resources_prbt_support
[0.547s] -- Up-to-date: /home/gustav/P5-Kuka-Dual-Arm/install/moveit_resources_prbt_support/share/ament_index/resource_index/parent_prefix_path/moveit_resources_prbt_support
[0.548s] -- Up-to-date: /home/gustav/P5-Kuka-Dual-Arm/install/moveit_resources_prbt_support/share/moveit_resources_prbt_support/environment/ament_prefix_path.sh
[0.548s] -- Installing: /home/gustav/P5-Kuka-Dual-Arm/install/moveit_resources_prbt_support/share/moveit_resources_prbt_support/environment/ament_prefix_path.dsv
[0.548s] -- Up-to-date: /home/gustav/P5-Kuka-Dual-Arm/install/moveit_resources_prbt_support/share/moveit_resources_prbt_support/environment/path.sh
[0.549s] -- Installing: /home/gustav/P5-Kuka-Dual-Arm/install/moveit_resources_prbt_support/share/moveit_resources_prbt_support/environment/path.dsv
[0.549s] -- Up-to-date: /home/gustav/P5-Kuka-Dual-Arm/install/moveit_resources_prbt_support/share/moveit_resources_prbt_support/local_setup.bash
[0.549s] -- Up-to-date: /home/gustav/P5-Kuka-Dual-Arm/install/moveit_resources_prbt_support/share/moveit_resources_prbt_support/local_setup.sh
[0.549s] -- Up-to-date: /home/gustav/P5-Kuka-Dual-Arm/install/moveit_resources_prbt_support/share/moveit_resources_prbt_support/local_setup.zsh
[0.550s] -- Installing: /home/gustav/P5-Kuka-Dual-Arm/install/moveit_resources_prbt_support/share/moveit_resources_prbt_support/local_setup.dsv
[0.550s] -- Installing: /home/gustav/P5-Kuka-Dual-Arm/install/moveit_resources_prbt_support/share/moveit_resources_prbt_support/package.dsv
[0.550s] -- Up-to-date: /home/gustav/P5-Kuka-Dual-Arm/install/moveit_resources_prbt_support/share/ament_index/resource_index/packages/moveit_resources_prbt_support
[0.550s] -- Up-to-date: /home/gustav/P5-Kuka-Dual-Arm/install/moveit_resources_prbt_support/share/moveit_resources_prbt_support/cmake/moveit_resources_prbt_supportConfig.cmake
[0.550s] -- Up-to-date: /home/gustav/P5-Kuka-Dual-Arm/install/moveit_resources_prbt_support/share/moveit_resources_prbt_support/cmake/moveit_resources_prbt_supportConfig-version.cmake
[0.551s] -- Up-to-date: /home/gustav/P5-Kuka-Dual-Arm/install/moveit_resources_prbt_support/share/moveit_resources_prbt_support/package.xml
[0.551s] -- Up-to-date: /home/gustav/P5-Kuka-Dual-Arm/install/moveit_resources_prbt_support/share/moveit_resources_prbt_support/urdf
[0.551s] -- Up-to-date: /home/gustav/P5-Kuka-Dual-Arm/install/moveit_resources_prbt_support/share/moveit_resources_prbt_support/urdf/simple_gripper_brackets.urdf.xacro
[0.551s] -- Up-to-date: /home/gustav/P5-Kuka-Dual-Arm/install/moveit_resources_prbt_support/share/moveit_resources_prbt_support/urdf/prbt.xacro
[0.551s] -- Up-to-date: /home/gustav/P5-Kuka-Dual-Arm/install/moveit_resources_prbt_support/share/moveit_resources_prbt_support/urdf/prbt.ros2_control.xacro
[0.551s] -- Up-to-date: /home/gustav/P5-Kuka-Dual-Arm/install/moveit_resources_prbt_support/share/moveit_resources_prbt_support/urdf/prbt_macro.xacro
[0.552s] -- Up-to-date: /home/gustav/P5-Kuka-Dual-Arm/install/moveit_resources_prbt_support/share/moveit_resources_prbt_support/meshes
[0.552s] -- Up-to-date: /home/gustav/P5-Kuka-Dual-Arm/install/moveit_resources_prbt_support/share/moveit_resources_prbt_support/meshes/flange.dae
[0.552s] -- Up-to-date: /home/gustav/P5-Kuka-Dual-Arm/install/moveit_resources_prbt_support/share/moveit_resources_prbt_support/meshes/link_3.stl
[0.552s] -- Up-to-date: /home/gustav/P5-Kuka-Dual-Arm/install/moveit_resources_prbt_support/share/moveit_resources_prbt_support/meshes/foot.dae
[0.552s] -- Up-to-date: /home/gustav/P5-Kuka-Dual-Arm/install/moveit_resources_prbt_support/share/moveit_resources_prbt_support/meshes/link_3.dae
[0.552s] -- Up-to-date: /home/gustav/P5-Kuka-Dual-Arm/install/moveit_resources_prbt_support/share/moveit_resources_prbt_support/meshes/link_1.stl
[0.552s] -- Up-to-date: /home/gustav/P5-Kuka-Dual-Arm/install/moveit_resources_prbt_support/share/moveit_resources_prbt_support/meshes/link_5.dae
[0.552s] -- Up-to-date: /home/gustav/P5-Kuka-Dual-Arm/install/moveit_resources_prbt_support/share/moveit_resources_prbt_support/meshes/foot.stl
[0.553s] -- Up-to-date: /home/gustav/P5-Kuka-Dual-Arm/install/moveit_resources_prbt_support/share/moveit_resources_prbt_support/meshes/link_1.dae
[0.553s] -- Up-to-date: /home/gustav/P5-Kuka-Dual-Arm/install/moveit_resources_prbt_support/share/moveit_resources_prbt_support/meshes/link_5.stl
[0.553s] -- Up-to-date: /home/gustav/P5-Kuka-Dual-Arm/install/moveit_resources_prbt_support/share/moveit_resources_prbt_support/meshes/link_2.dae
[0.553s] -- Up-to-date: /home/gustav/P5-Kuka-Dual-Arm/install/moveit_resources_prbt_support/share/moveit_resources_prbt_support/meshes/link_2.stl
[0.553s] -- Up-to-date: /home/gustav/P5-Kuka-Dual-Arm/install/moveit_resources_prbt_support/share/moveit_resources_prbt_support/meshes/flange.stl
[0.553s] -- Up-to-date: /home/gustav/P5-Kuka-Dual-Arm/install/moveit_resources_prbt_support/share/moveit_resources_prbt_support/meshes/link_4.dae
[0.553s] -- Up-to-date: /home/gustav/P5-Kuka-Dual-Arm/install/moveit_resources_prbt_support/share/moveit_resources_prbt_support/meshes/link_4.stl
[0.553s] -- Up-to-date: /home/gustav/P5-Kuka-Dual-Arm/install/moveit_resources_prbt_support/share/moveit_resources_prbt_support/config
[0.554s] -- Up-to-date: /home/gustav/P5-Kuka-Dual-Arm/install/moveit_resources_prbt_support/share/moveit_resources_prbt_support/config/prbt_0_1.dcf
[0.554s] -- Up-to-date: /home/gustav/P5-Kuka-Dual-Arm/install/moveit_resources_prbt_support/share/moveit_resources_prbt_support/config/manipulator_driver.yaml
[0.554s] -- Up-to-date: /home/gustav/P5-Kuka-Dual-Arm/install/moveit_resources_prbt_support/share/moveit_resources_prbt_support/config/manipulator_controller.yaml
[0.562s] Invoked command in '/home/gustav/P5-Kuka-Dual-Arm/build/moveit_resources_prbt_support' returned '0': CMAKE_PREFIX_PATH=${CMAKE_PREFIX_PATH}:/home/gustav/lbr_stack/install/lbr_demos_py:/home/gustav/lbr_stack/install/lbr_demos_advanced_py:/opt/ros/humble /usr/bin/cmake --install /home/gustav/P5-Kuka-Dual-Arm/build/moveit_resources_prbt_support
