[0.027s] Invoking command in '/home/gustav/P5-Kuka-Dual-Arm/build/moveit_ros_control_interface': AMENT_PREFIX_PATH=/home/gustav/P5-Kuka-Dual-Arm/install/moveit_simple_controller_manager:/home/gustav/P5-Kuka-Dual-Arm/install/moveit_core:/home/gustav/P5-Kuka-Dual-Arm/install/moveit_resources_panda_moveit_config:/home/gustav/P5-Kuka-Dual-Arm/install/generate_parameter_library:/home/gustav/P5-Kuka-Dual-Arm/install/parameter_traits:/home/gustav/P5-Kuka-Dual-Arm/install/moveit_resources_pr2_description:/home/gustav/P5-Kuka-Dual-Arm/install/moveit_resources_panda_description:/home/gustav/P5-Kuka-Dual-Arm/install/moveit_msgs:/home/gustav/P5-Kuka-Dual-Arm/install/moveit_common:/home/gustav/P5-Kuka-Dual-Arm/install/generate_parameter_library_py:${AMENT_PREFIX_PATH} CMAKE_PREFIX_PATH=/home/gustav/P5-Kuka-Dual-Arm/install/moveit_simple_controller_manager:/home/gustav/P5-Kuka-Dual-Arm/install/moveit_core:/home/gustav/P5-Kuka-Dual-Arm/install/moveit_resources_panda_moveit_config:/home/gustav/P5-Kuka-Dual-Arm/install/generate_parameter_library:/home/gustav/P5-Kuka-Dual-Arm/install/parameter_traits:/home/gustav/P5-Kuka-Dual-Arm/install/moveit_resources_pr2_description:/home/gustav/P5-Kuka-Dual-Arm/install/moveit_resources_panda_description:/home/gustav/P5-Kuka-Dual-Arm/install/moveit_msgs:/home/gustav/P5-Kuka-Dual-Arm/install/moveit_common:/opt/ros/humble LD_LIBRARY_PATH=/home/gustav/P5-Kuka-Dual-Arm/install/moveit_simple_controller_manager/lib:/home/gustav/P5-Kuka-Dual-Arm/install/moveit_core/lib:/home/gustav/P5-Kuka-Dual-Arm/install/parameter_traits/lib:/home/gustav/P5-Kuka-Dual-Arm/install/moveit_msgs/lib:${LD_LIBRARY_PATH} PATH=/home/gustav/P5-Kuka-Dual-Arm/install/moveit_core/bin:/home/gustav/P5-Kuka-Dual-Arm/install/generate_parameter_library_py/bin:${PATH} PYTHONPATH=/home/gustav/P5-Kuka-Dual-Arm/install/moveit_msgs/local/lib/python3.10/dist-packages:/home/gustav/P5-Kuka-Dual-Arm/install/generate_parameter_library_py/lib/python3.10/site-packages:${PYTHONPATH} /usr/bin/cmake /home/gustav/P5-Kuka-Dual-Arm/p5_ws/src/moveit2/moveit_plugins/moveit_ros_control_interface -DCMAKE_INSTALL_PREFIX=/home/gustav/P5-Kuka-Dual-Arm/install/moveit_ros_control_interface
[0.039s] -- Found ament_cmake: 1.3.10 (/opt/ros/humble/share/ament_cmake/cmake)
[0.226s] -- Found rclcpp_action: 16.0.10 (/opt/ros/humble/share/rclcpp_action/cmake)
[0.267s] -- Found rosidl_generator_c: 3.1.5 (/opt/ros/humble/share/rosidl_generator_c/cmake)
[0.271s] -- Found rosidl_adapter: 3.1.5 (/opt/ros/humble/share/rosidl_adapter/cmake)
[0.281s] -- Found rosidl_generator_cpp: 3.1.5 (/opt/ros/humble/share/rosidl_generator_cpp/cmake)
[0.295s] -- Using all available rosidl_typesupport_c: rosidl_typesupport_fastrtps_c;rosidl_typesupport_introspection_c
[0.310s] -- Using all available rosidl_typesupport_cpp: rosidl_typesupport_fastrtps_cpp;rosidl_typesupport_introspection_cpp
[0.382s] -- Found rmw_implementation_cmake: 6.1.2 (/opt/ros/humble/share/rmw_implementation_cmake/cmake)
[0.383s] -- Found rmw_fastrtps_cpp: 6.2.7 (/opt/ros/humble/share/rmw_fastrtps_cpp/cmake)
[0.492s] -- Using RMW implementation 'rmw_fastrtps_cpp' as default
[0.554s] -- Found controller_manager_msgs: 2.43.1 (/opt/ros/humble/share/controller_manager_msgs/cmake)
[0.576s] -- Found moveit_core: 2.5.5 (/home/gustav/P5-Kuka-Dual-Arm/install/moveit_core/share/moveit_core/cmake)
[0.594s] -- Found Boost: /usr/lib/x86_64-linux-gnu/cmake/Boost-1.74.0/BoostConfig.cmake (found version "1.74.0") found components: chrono date_time filesystem iostreams program_options regex serialization system thread 
[0.616s] -- Found parameter_traits: 0.3.7 (/home/gustav/P5-Kuka-Dual-Arm/install/parameter_traits/share/parameter_traits/cmake)
[0.626s] -- Found rclcpp_lifecycle: 16.0.10 (/opt/ros/humble/share/rclcpp_lifecycle/cmake)
[0.639s] -- Found Boost: /usr/lib/x86_64-linux-gnu/cmake/Boost-1.74.0/BoostConfig.cmake (found version "1.74.0") found components: filesystem 
[0.698s] -- library: /usr/lib/x86_64-linux-gnu/libcurl.so
[0.783s] -- Ensuring Eigen3 include directory is part of orocos-kdl CMake target
[0.980s] -- Found moveit_simple_controller_manager: 2.5.5 (/home/gustav/P5-Kuka-Dual-Arm/install/moveit_simple_controller_manager/share/moveit_simple_controller_manager/cmake)
[0.984s] -- Found Boost: /usr/lib/x86_64-linux-gnu/cmake/Boost-1.74.0/BoostConfig.cmake (found version "1.74.0") found components: thread 
[1.018s] -- Found moveit_common: 2.5.5 (/home/gustav/P5-Kuka-Dual-Arm/install/moveit_common/share/moveit_common/cmake)
[1.084s] -- Found Boost: /usr/lib/x86_64-linux-gnu/cmake/Boost-1.74.0/BoostConfig.cmake (found version "1.74.0") found components: system thread 
[1.104s] -- Found ament_lint_auto: 0.12.11 (/opt/ros/humble/share/ament_lint_auto/cmake)
[1.112s] -- Added test 'cppcheck' to perform static code analysis on C / C++ code
[1.113s] -- Configured cppcheck include dirs: /home/gustav/P5-Kuka-Dual-Arm/p5_ws/src/moveit2/moveit_plugins/moveit_ros_control_interface/include
[1.113s] -- Configured cppcheck exclude dirs and/or files: 
[1.113s] -- Added test 'lint_cmake' to check CMake code style
[1.114s] -- Added test 'xmllint' to check XML markup files
[1.116s] -- Configuring done
[1.191s] -- Generating done
[1.193s] -- Build files have been written to: /home/gustav/P5-Kuka-Dual-Arm/build/moveit_ros_control_interface
[1.206s] Invoked command in '/home/gustav/P5-Kuka-Dual-Arm/build/moveit_ros_control_interface' returned '0': AMENT_PREFIX_PATH=/home/gustav/P5-Kuka-Dual-Arm/install/moveit_simple_controller_manager:/home/gustav/P5-Kuka-Dual-Arm/install/moveit_core:/home/gustav/P5-Kuka-Dual-Arm/install/moveit_resources_panda_moveit_config:/home/gustav/P5-Kuka-Dual-Arm/install/generate_parameter_library:/home/gustav/P5-Kuka-Dual-Arm/install/parameter_traits:/home/gustav/P5-Kuka-Dual-Arm/install/moveit_resources_pr2_description:/home/gustav/P5-Kuka-Dual-Arm/install/moveit_resources_panda_description:/home/gustav/P5-Kuka-Dual-Arm/install/moveit_msgs:/home/gustav/P5-Kuka-Dual-Arm/install/moveit_common:/home/gustav/P5-Kuka-Dual-Arm/install/generate_parameter_library_py:${AMENT_PREFIX_PATH} CMAKE_PREFIX_PATH=/home/gustav/P5-Kuka-Dual-Arm/install/moveit_simple_controller_manager:/home/gustav/P5-Kuka-Dual-Arm/install/moveit_core:/home/gustav/P5-Kuka-Dual-Arm/install/moveit_resources_panda_moveit_config:/home/gustav/P5-Kuka-Dual-Arm/install/generate_parameter_library:/home/gustav/P5-Kuka-Dual-Arm/install/parameter_traits:/home/gustav/P5-Kuka-Dual-Arm/install/moveit_resources_pr2_description:/home/gustav/P5-Kuka-Dual-Arm/install/moveit_resources_panda_description:/home/gustav/P5-Kuka-Dual-Arm/install/moveit_msgs:/home/gustav/P5-Kuka-Dual-Arm/install/moveit_common:/opt/ros/humble LD_LIBRARY_PATH=/home/gustav/P5-Kuka-Dual-Arm/install/moveit_simple_controller_manager/lib:/home/gustav/P5-Kuka-Dual-Arm/install/moveit_core/lib:/home/gustav/P5-Kuka-Dual-Arm/install/parameter_traits/lib:/home/gustav/P5-Kuka-Dual-Arm/install/moveit_msgs/lib:${LD_LIBRARY_PATH} PATH=/home/gustav/P5-Kuka-Dual-Arm/install/moveit_core/bin:/home/gustav/P5-Kuka-Dual-Arm/install/generate_parameter_library_py/bin:${PATH} PYTHONPATH=/home/gustav/P5-Kuka-Dual-Arm/install/moveit_msgs/local/lib/python3.10/dist-packages:/home/gustav/P5-Kuka-Dual-Arm/install/generate_parameter_library_py/lib/python3.10/site-packages:${PYTHONPATH} /usr/bin/cmake /home/gustav/P5-Kuka-Dual-Arm/p5_ws/src/moveit2/moveit_plugins/moveit_ros_control_interface -DCMAKE_INSTALL_PREFIX=/home/gustav/P5-Kuka-Dual-Arm/install/moveit_ros_control_interface
[1.208s] Invoking command in '/home/gustav/P5-Kuka-Dual-Arm/build/moveit_ros_control_interface': AMENT_PREFIX_PATH=/home/gustav/P5-Kuka-Dual-Arm/install/moveit_simple_controller_manager:/home/gustav/P5-Kuka-Dual-Arm/install/moveit_core:/home/gustav/P5-Kuka-Dual-Arm/install/moveit_resources_panda_moveit_config:/home/gustav/P5-Kuka-Dual-Arm/install/generate_parameter_library:/home/gustav/P5-Kuka-Dual-Arm/install/parameter_traits:/home/gustav/P5-Kuka-Dual-Arm/install/moveit_resources_pr2_description:/home/gustav/P5-Kuka-Dual-Arm/install/moveit_resources_panda_description:/home/gustav/P5-Kuka-Dual-Arm/install/moveit_msgs:/home/gustav/P5-Kuka-Dual-Arm/install/moveit_common:/home/gustav/P5-Kuka-Dual-Arm/install/generate_parameter_library_py:${AMENT_PREFIX_PATH} CMAKE_PREFIX_PATH=/home/gustav/P5-Kuka-Dual-Arm/install/moveit_simple_controller_manager:/home/gustav/P5-Kuka-Dual-Arm/install/moveit_core:/home/gustav/P5-Kuka-Dual-Arm/install/moveit_resources_panda_moveit_config:/home/gustav/P5-Kuka-Dual-Arm/install/generate_parameter_library:/home/gustav/P5-Kuka-Dual-Arm/install/parameter_traits:/home/gustav/P5-Kuka-Dual-Arm/install/moveit_resources_pr2_description:/home/gustav/P5-Kuka-Dual-Arm/install/moveit_resources_panda_description:/home/gustav/P5-Kuka-Dual-Arm/install/moveit_msgs:/home/gustav/P5-Kuka-Dual-Arm/install/moveit_common:/opt/ros/humble LD_LIBRARY_PATH=/home/gustav/P5-Kuka-Dual-Arm/install/moveit_simple_controller_manager/lib:/home/gustav/P5-Kuka-Dual-Arm/install/moveit_core/lib:/home/gustav/P5-Kuka-Dual-Arm/install/parameter_traits/lib:/home/gustav/P5-Kuka-Dual-Arm/install/moveit_msgs/lib:${LD_LIBRARY_PATH} PATH=/home/gustav/P5-Kuka-Dual-Arm/install/moveit_core/bin:/home/gustav/P5-Kuka-Dual-Arm/install/generate_parameter_library_py/bin:${PATH} PYTHONPATH=/home/gustav/P5-Kuka-Dual-Arm/install/moveit_msgs/local/lib/python3.10/dist-packages:/home/gustav/P5-Kuka-Dual-Arm/install/generate_parameter_library_py/lib/python3.10/site-packages:${PYTHONPATH} /usr/bin/cmake --build /home/gustav/P5-Kuka-Dual-Arm/build/moveit_ros_control_interface -- -j8 -l8
[1.253s] [35m[1mConsolidate compiler generated dependencies of target moveit_ros_control_interface_trajectory_plugin[0m
[1.253s] [35m[1mConsolidate compiler generated dependencies of target moveit_ros_control_interface_plugin[0m
[1.253s] [35m[1mConsolidate compiler generated dependencies of target moveit_ros_control_interface_gripper_plugin[0m
[1.253s] [35m[1mConsolidate compiler generated dependencies of target moveit_ros_control_interface_empty_plugin[0m
[1.273s] [ 12%] [32m[1mLinking CXX shared library libmoveit_ros_control_interface_gripper_plugin.so[0m
[1.275s] [ 25%] [32m[1mLinking CXX shared library libmoveit_ros_control_interface_empty_plugin.so[0m
[1.277s] [ 37%] [32m[1mLinking CXX shared library libmoveit_ros_control_interface_trajectory_plugin.so[0m
[1.284s] [ 50%] [32m[1mLinking CXX shared library libmoveit_ros_control_interface_plugin.so[0m
[1.639s] [ 62%] Built target moveit_ros_control_interface_trajectory_plugin
[1.647s] [ 75%] Built target moveit_ros_control_interface_gripper_plugin
[1.659s] [ 87%] Built target moveit_ros_control_interface_empty_plugin
[1.673s] [100%] Built target moveit_ros_control_interface_plugin
[1.684s] Invoked command in '/home/gustav/P5-Kuka-Dual-Arm/build/moveit_ros_control_interface' returned '0': AMENT_PREFIX_PATH=/home/gustav/P5-Kuka-Dual-Arm/install/moveit_simple_controller_manager:/home/gustav/P5-Kuka-Dual-Arm/install/moveit_core:/home/gustav/P5-Kuka-Dual-Arm/install/moveit_resources_panda_moveit_config:/home/gustav/P5-Kuka-Dual-Arm/install/generate_parameter_library:/home/gustav/P5-Kuka-Dual-Arm/install/parameter_traits:/home/gustav/P5-Kuka-Dual-Arm/install/moveit_resources_pr2_description:/home/gustav/P5-Kuka-Dual-Arm/install/moveit_resources_panda_description:/home/gustav/P5-Kuka-Dual-Arm/install/moveit_msgs:/home/gustav/P5-Kuka-Dual-Arm/install/moveit_common:/home/gustav/P5-Kuka-Dual-Arm/install/generate_parameter_library_py:${AMENT_PREFIX_PATH} CMAKE_PREFIX_PATH=/home/gustav/P5-Kuka-Dual-Arm/install/moveit_simple_controller_manager:/home/gustav/P5-Kuka-Dual-Arm/install/moveit_core:/home/gustav/P5-Kuka-Dual-Arm/install/moveit_resources_panda_moveit_config:/home/gustav/P5-Kuka-Dual-Arm/install/generate_parameter_library:/home/gustav/P5-Kuka-Dual-Arm/install/parameter_traits:/home/gustav/P5-Kuka-Dual-Arm/install/moveit_resources_pr2_description:/home/gustav/P5-Kuka-Dual-Arm/install/moveit_resources_panda_description:/home/gustav/P5-Kuka-Dual-Arm/install/moveit_msgs:/home/gustav/P5-Kuka-Dual-Arm/install/moveit_common:/opt/ros/humble LD_LIBRARY_PATH=/home/gustav/P5-Kuka-Dual-Arm/install/moveit_simple_controller_manager/lib:/home/gustav/P5-Kuka-Dual-Arm/install/moveit_core/lib:/home/gustav/P5-Kuka-Dual-Arm/install/parameter_traits/lib:/home/gustav/P5-Kuka-Dual-Arm/install/moveit_msgs/lib:${LD_LIBRARY_PATH} PATH=/home/gustav/P5-Kuka-Dual-Arm/install/moveit_core/bin:/home/gustav/P5-Kuka-Dual-Arm/install/generate_parameter_library_py/bin:${PATH} PYTHONPATH=/home/gustav/P5-Kuka-Dual-Arm/install/moveit_msgs/local/lib/python3.10/dist-packages:/home/gustav/P5-Kuka-Dual-Arm/install/generate_parameter_library_py/lib/python3.10/site-packages:${PYTHONPATH} /usr/bin/cmake --build /home/gustav/P5-Kuka-Dual-Arm/build/moveit_ros_control_interface -- -j8 -l8
[1.711s] Invoking command in '/home/gustav/P5-Kuka-Dual-Arm/build/moveit_ros_control_interface': AMENT_PREFIX_PATH=/home/gustav/P5-Kuka-Dual-Arm/install/moveit_simple_controller_manager:/home/gustav/P5-Kuka-Dual-Arm/install/moveit_core:/home/gustav/P5-Kuka-Dual-Arm/install/moveit_resources_panda_moveit_config:/home/gustav/P5-Kuka-Dual-Arm/install/generate_parameter_library:/home/gustav/P5-Kuka-Dual-Arm/install/parameter_traits:/home/gustav/P5-Kuka-Dual-Arm/install/moveit_resources_pr2_description:/home/gustav/P5-Kuka-Dual-Arm/install/moveit_resources_panda_description:/home/gustav/P5-Kuka-Dual-Arm/install/moveit_msgs:/home/gustav/P5-Kuka-Dual-Arm/install/moveit_common:/home/gustav/P5-Kuka-Dual-Arm/install/generate_parameter_library_py:${AMENT_PREFIX_PATH} CMAKE_PREFIX_PATH=/home/gustav/P5-Kuka-Dual-Arm/install/moveit_simple_controller_manager:/home/gustav/P5-Kuka-Dual-Arm/install/moveit_core:/home/gustav/P5-Kuka-Dual-Arm/install/moveit_resources_panda_moveit_config:/home/gustav/P5-Kuka-Dual-Arm/install/generate_parameter_library:/home/gustav/P5-Kuka-Dual-Arm/install/parameter_traits:/home/gustav/P5-Kuka-Dual-Arm/install/moveit_resources_pr2_description:/home/gustav/P5-Kuka-Dual-Arm/install/moveit_resources_panda_description:/home/gustav/P5-Kuka-Dual-Arm/install/moveit_msgs:/home/gustav/P5-Kuka-Dual-Arm/install/moveit_common:/opt/ros/humble LD_LIBRARY_PATH=/home/gustav/P5-Kuka-Dual-Arm/install/moveit_simple_controller_manager/lib:/home/gustav/P5-Kuka-Dual-Arm/install/moveit_core/lib:/home/gustav/P5-Kuka-Dual-Arm/install/parameter_traits/lib:/home/gustav/P5-Kuka-Dual-Arm/install/moveit_msgs/lib:${LD_LIBRARY_PATH} PATH=/home/gustav/P5-Kuka-Dual-Arm/install/moveit_core/bin:/home/gustav/P5-Kuka-Dual-Arm/install/generate_parameter_library_py/bin:${PATH} PYTHONPATH=/home/gustav/P5-Kuka-Dual-Arm/install/moveit_msgs/local/lib/python3.10/dist-packages:/home/gustav/P5-Kuka-Dual-Arm/install/generate_parameter_library_py/lib/python3.10/site-packages:${PYTHONPATH} /usr/bin/cmake --install /home/gustav/P5-Kuka-Dual-Arm/build/moveit_ros_control_interface
[1.718s] -- Install configuration: "Release"
[1.718s] -- Installing: /home/gustav/P5-Kuka-Dual-Arm/install/moveit_ros_control_interface/lib/libmoveit_ros_control_interface_plugin.so.2.5.5
[1.719s] -- Set runtime path of "/home/gustav/P5-Kuka-Dual-Arm/install/moveit_ros_control_interface/lib/libmoveit_ros_control_interface_plugin.so.2.5.5" to ""
[1.719s] -- Up-to-date: /home/gustav/P5-Kuka-Dual-Arm/install/moveit_ros_control_interface/lib/libmoveit_ros_control_interface_plugin.so
[1.719s] -- Installing: /home/gustav/P5-Kuka-Dual-Arm/install/moveit_ros_control_interface/lib/libmoveit_ros_control_interface_trajectory_plugin.so.2.5.5
[1.720s] -- Set runtime path of "/home/gustav/P5-Kuka-Dual-Arm/install/moveit_ros_control_interface/lib/libmoveit_ros_control_interface_trajectory_plugin.so.2.5.5" to ""
[1.720s] -- Up-to-date: /home/gustav/P5-Kuka-Dual-Arm/install/moveit_ros_control_interface/lib/libmoveit_ros_control_interface_trajectory_plugin.so
[1.720s] -- Installing: /home/gustav/P5-Kuka-Dual-Arm/install/moveit_ros_control_interface/lib/libmoveit_ros_control_interface_gripper_plugin.so.2.5.5
[1.721s] -- Set runtime path of "/home/gustav/P5-Kuka-Dual-Arm/install/moveit_ros_control_interface/lib/libmoveit_ros_control_interface_gripper_plugin.so.2.5.5" to ""
[1.721s] -- Up-to-date: /home/gustav/P5-Kuka-Dual-Arm/install/moveit_ros_control_interface/lib/libmoveit_ros_control_interface_gripper_plugin.so
[1.721s] -- Installing: /home/gustav/P5-Kuka-Dual-Arm/install/moveit_ros_control_interface/lib/libmoveit_ros_control_interface_empty_plugin.so.2.5.5
[1.721s] -- Set runtime path of "/home/gustav/P5-Kuka-Dual-Arm/install/moveit_ros_control_interface/lib/libmoveit_ros_control_interface_empty_plugin.so.2.5.5" to ""
[1.721s] -- Up-to-date: /home/gustav/P5-Kuka-Dual-Arm/install/moveit_ros_control_interface/lib/libmoveit_ros_control_interface_empty_plugin.so
[1.722s] -- Up-to-date: /home/gustav/P5-Kuka-Dual-Arm/install/moveit_ros_control_interface/include
[1.722s] -- Up-to-date: /home/gustav/P5-Kuka-Dual-Arm/install/moveit_ros_control_interface/include/moveit_ros_control_interface
[1.722s] -- Up-to-date: /home/gustav/P5-Kuka-Dual-Arm/install/moveit_ros_control_interface/include/moveit_ros_control_interface/ControllerHandle.h
[1.722s] -- Up-to-date: /home/gustav/P5-Kuka-Dual-Arm/install/moveit_ros_control_interface/share/moveit_ros_control_interface/moveit_core_plugins.xml
[1.722s] -- Up-to-date: /home/gustav/P5-Kuka-Dual-Arm/install/moveit_ros_control_interface/share/moveit_ros_control_interface/moveit_ros_control_interface_plugins.xml
[1.722s] -- Up-to-date: /home/gustav/P5-Kuka-Dual-Arm/install/moveit_ros_control_interface/share/moveit_ros_control_interface/environment/library_path.sh
[1.722s] -- Installing: /home/gustav/P5-Kuka-Dual-Arm/install/moveit_ros_control_interface/share/moveit_ros_control_interface/environment/library_path.dsv
[1.722s] -- Up-to-date: /home/gustav/P5-Kuka-Dual-Arm/install/moveit_ros_control_interface/share/ament_index/resource_index/package_run_dependencies/moveit_ros_control_interface
[1.723s] -- Installing: /home/gustav/P5-Kuka-Dual-Arm/install/moveit_ros_control_interface/share/ament_index/resource_index/parent_prefix_path/moveit_ros_control_interface
[1.723s] -- Up-to-date: /home/gustav/P5-Kuka-Dual-Arm/install/moveit_ros_control_interface/share/moveit_ros_control_interface/environment/ament_prefix_path.sh
[1.723s] -- Installing: /home/gustav/P5-Kuka-Dual-Arm/install/moveit_ros_control_interface/share/moveit_ros_control_interface/environment/ament_prefix_path.dsv
[1.723s] -- Up-to-date: /home/gustav/P5-Kuka-Dual-Arm/install/moveit_ros_control_interface/share/moveit_ros_control_interface/environment/path.sh
[1.723s] -- Installing: /home/gustav/P5-Kuka-Dual-Arm/install/moveit_ros_control_interface/share/moveit_ros_control_interface/environment/path.dsv
[1.723s] -- Up-to-date: /home/gustav/P5-Kuka-Dual-Arm/install/moveit_ros_control_interface/share/moveit_ros_control_interface/local_setup.bash
[1.723s] -- Up-to-date: /home/gustav/P5-Kuka-Dual-Arm/install/moveit_ros_control_interface/share/moveit_ros_control_interface/local_setup.sh
[1.723s] -- Up-to-date: /home/gustav/P5-Kuka-Dual-Arm/install/moveit_ros_control_interface/share/moveit_ros_control_interface/local_setup.zsh
[1.724s] -- Installing: /home/gustav/P5-Kuka-Dual-Arm/install/moveit_ros_control_interface/share/moveit_ros_control_interface/local_setup.dsv
[1.724s] -- Installing: /home/gustav/P5-Kuka-Dual-Arm/install/moveit_ros_control_interface/share/moveit_ros_control_interface/package.dsv
[1.724s] -- Up-to-date: /home/gustav/P5-Kuka-Dual-Arm/install/moveit_ros_control_interface/share/ament_index/resource_index/packages/moveit_ros_control_interface
[1.724s] -- Up-to-date: /home/gustav/P5-Kuka-Dual-Arm/install/moveit_ros_control_interface/share/ament_index/resource_index/moveit_core__pluginlib__plugin/moveit_ros_control_interface
[1.724s] -- Up-to-date: /home/gustav/P5-Kuka-Dual-Arm/install/moveit_ros_control_interface/share/ament_index/resource_index/moveit_ros_control_interface__pluginlib__plugin/moveit_ros_control_interface
[1.724s] -- Up-to-date: /home/gustav/P5-Kuka-Dual-Arm/install/moveit_ros_control_interface/share/moveit_ros_control_interface/cmake/export_moveit_ros_control_interfaceExport.cmake
[1.724s] -- Up-to-date: /home/gustav/P5-Kuka-Dual-Arm/install/moveit_ros_control_interface/share/moveit_ros_control_interface/cmake/export_moveit_ros_control_interfaceExport-release.cmake
[1.725s] -- Up-to-date: /home/gustav/P5-Kuka-Dual-Arm/install/moveit_ros_control_interface/share/moveit_ros_control_interface/cmake/ConfigExtras.cmake
[1.725s] -- Up-to-date: /home/gustav/P5-Kuka-Dual-Arm/install/moveit_ros_control_interface/share/moveit_ros_control_interface/cmake/ament_cmake_export_targets-extras.cmake
[1.725s] -- Up-to-date: /home/gustav/P5-Kuka-Dual-Arm/install/moveit_ros_control_interface/share/moveit_ros_control_interface/cmake/ament_cmake_export_dependencies-extras.cmake
[1.725s] -- Up-to-date: /home/gustav/P5-Kuka-Dual-Arm/install/moveit_ros_control_interface/share/moveit_ros_control_interface/cmake/moveit_ros_control_interfaceConfig.cmake
[1.725s] -- Up-to-date: /home/gustav/P5-Kuka-Dual-Arm/install/moveit_ros_control_interface/share/moveit_ros_control_interface/cmake/moveit_ros_control_interfaceConfig-version.cmake
[1.725s] -- Up-to-date: /home/gustav/P5-Kuka-Dual-Arm/install/moveit_ros_control_interface/share/moveit_ros_control_interface/package.xml
[1.727s] Invoked command in '/home/gustav/P5-Kuka-Dual-Arm/build/moveit_ros_control_interface' returned '0': AMENT_PREFIX_PATH=/home/gustav/P5-Kuka-Dual-Arm/install/moveit_simple_controller_manager:/home/gustav/P5-Kuka-Dual-Arm/install/moveit_core:/home/gustav/P5-Kuka-Dual-Arm/install/moveit_resources_panda_moveit_config:/home/gustav/P5-Kuka-Dual-Arm/install/generate_parameter_library:/home/gustav/P5-Kuka-Dual-Arm/install/parameter_traits:/home/gustav/P5-Kuka-Dual-Arm/install/moveit_resources_pr2_description:/home/gustav/P5-Kuka-Dual-Arm/install/moveit_resources_panda_description:/home/gustav/P5-Kuka-Dual-Arm/install/moveit_msgs:/home/gustav/P5-Kuka-Dual-Arm/install/moveit_common:/home/gustav/P5-Kuka-Dual-Arm/install/generate_parameter_library_py:${AMENT_PREFIX_PATH} CMAKE_PREFIX_PATH=/home/gustav/P5-Kuka-Dual-Arm/install/moveit_simple_controller_manager:/home/gustav/P5-Kuka-Dual-Arm/install/moveit_core:/home/gustav/P5-Kuka-Dual-Arm/install/moveit_resources_panda_moveit_config:/home/gustav/P5-Kuka-Dual-Arm/install/generate_parameter_library:/home/gustav/P5-Kuka-Dual-Arm/install/parameter_traits:/home/gustav/P5-Kuka-Dual-Arm/install/moveit_resources_pr2_description:/home/gustav/P5-Kuka-Dual-Arm/install/moveit_resources_panda_description:/home/gustav/P5-Kuka-Dual-Arm/install/moveit_msgs:/home/gustav/P5-Kuka-Dual-Arm/install/moveit_common:/opt/ros/humble LD_LIBRARY_PATH=/home/gustav/P5-Kuka-Dual-Arm/install/moveit_simple_controller_manager/lib:/home/gustav/P5-Kuka-Dual-Arm/install/moveit_core/lib:/home/gustav/P5-Kuka-Dual-Arm/install/parameter_traits/lib:/home/gustav/P5-Kuka-Dual-Arm/install/moveit_msgs/lib:${LD_LIBRARY_PATH} PATH=/home/gustav/P5-Kuka-Dual-Arm/install/moveit_core/bin:/home/gustav/P5-Kuka-Dual-Arm/install/generate_parameter_library_py/bin:${PATH} PYTHONPATH=/home/gustav/P5-Kuka-Dual-Arm/install/moveit_msgs/local/lib/python3.10/dist-packages:/home/gustav/P5-Kuka-Dual-Arm/install/generate_parameter_library_py/lib/python3.10/site-packages:${PYTHONPATH} /usr/bin/cmake --install /home/gustav/P5-Kuka-Dual-Arm/build/moveit_ros_control_interface
