[0.012s] Invoking command in '/home/gustav/P5-Kuka-Dual-Arm/build/moveit_resources': AMENT_PREFIX_PATH=/home/gustav/P5-Kuka-Dual-Arm/install/moveit_resources_panda_moveit_config:/home/gustav/P5-Kuka-Dual-Arm/install/moveit_resources_fanuc_moveit_config:/home/gustav/P5-Kuka-Dual-Arm/install/moveit_resources_pr2_description:/home/gustav/P5-Kuka-Dual-Arm/install/moveit_resources_panda_description:/home/gustav/P5-Kuka-Dual-Arm/install/moveit_resources_fanuc_description:${AMENT_PREFIX_PATH} CMAKE_PREFIX_PATH=/home/gustav/P5-Kuka-Dual-Arm/install/moveit_resources_panda_moveit_config:/home/gustav/P5-Kuka-Dual-Arm/install/moveit_resources_fanuc_moveit_config:/home/gustav/P5-Kuka-Dual-Arm/install/moveit_resources_pr2_description:/home/gustav/P5-Kuka-Dual-Arm/install/moveit_resources_panda_description:/home/gustav/P5-Kuka-Dual-Arm/install/moveit_resources_fanuc_description:/opt/ros/humble /usr/bin/cmake --build /home/gustav/P5-Kuka-Dual-Arm/build/moveit_resources -- -j8 -l8
[0.051s] Invoked command in '/home/gustav/P5-Kuka-Dual-Arm/build/moveit_resources' returned '0': AMENT_PREFIX_PATH=/home/gustav/P5-Kuka-Dual-Arm/install/moveit_resources_panda_moveit_config:/home/gustav/P5-Kuka-Dual-Arm/install/moveit_resources_fanuc_moveit_config:/home/gustav/P5-Kuka-Dual-Arm/install/moveit_resources_pr2_description:/home/gustav/P5-Kuka-Dual-Arm/install/moveit_resources_panda_description:/home/gustav/P5-Kuka-Dual-Arm/install/moveit_resources_fanuc_description:${AMENT_PREFIX_PATH} CMAKE_PREFIX_PATH=/home/gustav/P5-Kuka-Dual-Arm/install/moveit_resources_panda_moveit_config:/home/gustav/P5-Kuka-Dual-Arm/install/moveit_resources_fanuc_moveit_config:/home/gustav/P5-Kuka-Dual-Arm/install/moveit_resources_pr2_description:/home/gustav/P5-Kuka-Dual-Arm/install/moveit_resources_panda_description:/home/gustav/P5-Kuka-Dual-Arm/install/moveit_resources_fanuc_description:/opt/ros/humble /usr/bin/cmake --build /home/gustav/P5-Kuka-Dual-Arm/build/moveit_resources -- -j8 -l8
[0.071s] Invoking command in '/home/gustav/P5-Kuka-Dual-Arm/build/moveit_resources': AMENT_PREFIX_PATH=/home/gustav/P5-Kuka-Dual-Arm/install/moveit_resources_panda_moveit_config:/home/gustav/P5-Kuka-Dual-Arm/install/moveit_resources_fanuc_moveit_config:/home/gustav/P5-Kuka-Dual-Arm/install/moveit_resources_pr2_description:/home/gustav/P5-Kuka-Dual-Arm/install/moveit_resources_panda_description:/home/gustav/P5-Kuka-Dual-Arm/install/moveit_resources_fanuc_description:${AMENT_PREFIX_PATH} CMAKE_PREFIX_PATH=/home/gustav/P5-Kuka-Dual-Arm/install/moveit_resources_panda_moveit_config:/home/gustav/P5-Kuka-Dual-Arm/install/moveit_resources_fanuc_moveit_config:/home/gustav/P5-Kuka-Dual-Arm/install/moveit_resources_pr2_description:/home/gustav/P5-Kuka-Dual-Arm/install/moveit_resources_panda_description:/home/gustav/P5-Kuka-Dual-Arm/install/moveit_resources_fanuc_description:/opt/ros/humble /usr/bin/cmake --install /home/gustav/P5-Kuka-Dual-Arm/build/moveit_resources
[0.079s] -- Install configuration: "Release"
[0.079s] -- Up-to-date: /home/gustav/P5-Kuka-Dual-Arm/install/moveit_resources/share/ament_index/resource_index/package_run_dependencies/moveit_resources
[0.080s] -- Up-to-date: /home/gustav/P5-Kuka-Dual-Arm/install/moveit_resources/share/ament_index/resource_index/parent_prefix_path/moveit_resources
[0.080s] -- Up-to-date: /home/gustav/P5-Kuka-Dual-Arm/install/moveit_resources/share/moveit_resources/environment/ament_prefix_path.sh
[0.080s] -- Up-to-date: /home/gustav/P5-Kuka-Dual-Arm/install/moveit_resources/share/moveit_resources/environment/ament_prefix_path.dsv
[0.080s] -- Up-to-date: /home/gustav/P5-Kuka-Dual-Arm/install/moveit_resources/share/moveit_resources/environment/path.sh
[0.080s] -- Up-to-date: /home/gustav/P5-Kuka-Dual-Arm/install/moveit_resources/share/moveit_resources/environment/path.dsv
[0.081s] -- Up-to-date: /home/gustav/P5-Kuka-Dual-Arm/install/moveit_resources/share/moveit_resources/local_setup.bash
[0.081s] -- Up-to-date: /home/gustav/P5-Kuka-Dual-Arm/install/moveit_resources/share/moveit_resources/local_setup.sh
[0.081s] -- Up-to-date: /home/gustav/P5-Kuka-Dual-Arm/install/moveit_resources/share/moveit_resources/local_setup.zsh
[0.081s] -- Up-to-date: /home/gustav/P5-Kuka-Dual-Arm/install/moveit_resources/share/moveit_resources/local_setup.dsv
[0.081s] -- Installing: /home/gustav/P5-Kuka-Dual-Arm/install/moveit_resources/share/moveit_resources/package.dsv
[0.081s] -- Up-to-date: /home/gustav/P5-Kuka-Dual-Arm/install/moveit_resources/share/ament_index/resource_index/packages/moveit_resources
[0.081s] -- Up-to-date: /home/gustav/P5-Kuka-Dual-Arm/install/moveit_resources/share/moveit_resources/cmake/moveit_resourcesConfig.cmake
[0.081s] -- Up-to-date: /home/gustav/P5-Kuka-Dual-Arm/install/moveit_resources/share/moveit_resources/cmake/moveit_resourcesConfig-version.cmake
[0.082s] -- Up-to-date: /home/gustav/P5-Kuka-Dual-Arm/install/moveit_resources/share/moveit_resources/package.xml
[0.084s] Invoked command in '/home/gustav/P5-Kuka-Dual-Arm/build/moveit_resources' returned '0': AMENT_PREFIX_PATH=/home/gustav/P5-Kuka-Dual-Arm/install/moveit_resources_panda_moveit_config:/home/gustav/P5-Kuka-Dual-Arm/install/moveit_resources_fanuc_moveit_config:/home/gustav/P5-Kuka-Dual-Arm/install/moveit_resources_pr2_description:/home/gustav/P5-Kuka-Dual-Arm/install/moveit_resources_panda_description:/home/gustav/P5-Kuka-Dual-Arm/install/moveit_resources_fanuc_description:${AMENT_PREFIX_PATH} CMAKE_PREFIX_PATH=/home/gustav/P5-Kuka-Dual-Arm/install/moveit_resources_panda_moveit_config:/home/gustav/P5-Kuka-Dual-Arm/install/moveit_resources_fanuc_moveit_config:/home/gustav/P5-Kuka-Dual-Arm/install/moveit_resources_pr2_description:/home/gustav/P5-Kuka-Dual-Arm/install/moveit_resources_panda_description:/home/gustav/P5-Kuka-Dual-Arm/install/moveit_resources_fanuc_description:/opt/ros/humble /usr/bin/cmake --install /home/gustav/P5-Kuka-Dual-Arm/build/moveit_resources
