[0.036s] Invoking command in '/home/gustav/P5-Kuka-Dual-Arm/build/moveit_resources_fanuc_moveit_config': AMENT_PREFIX_PATH=/home/gustav/P5-Kuka-Dual-Arm/install/moveit_resources_fanuc_description:${AMENT_PREFIX_PATH} CMAKE_PREFIX_PATH=/home/gustav/P5-Kuka-Dual-Arm/install/moveit_resources_fanuc_description:/home/gustav/P5-Kuka-Dual-Arm/moveit2_kuka_table/install/send_cudes:/home/gustav/P5-Kuka-Dual-Arm/moveit2_kuka_table/install/moveit2_launch:/home/gustav/P5-Kuka-Dual-Arm/moveit2_kuka_table/install/kuka_bord_description:/home/gustav/lbr_stack/install/med7_moveit_config:/home/gustav/lbr_stack/install/med14_moveit_config:/home/gustav/lbr_stack/install/lbr_fri_ros2_stack:/home/gustav/lbr_stack/install/lbr_demos_cpp:/home/gustav/lbr_stack/install/lbr_bringup:/home/gustav/lbr_stack/install/lbr_ros2_control:/home/gustav/lbr_stack/install/lbr_moveit_cpp:/home/gustav/lbr_stack/install/lbr_demos_advanced_cpp:/home/gustav/lbr_stack/install/lbr_fri_ros2:/home/gustav/lbr_stack/install/lbr_fri_idl:/home/gustav/lbr_stack/install/iiwa7_moveit_config:/home/gustav/lbr_stack/install/iiwa14_moveit_config:/home/gustav/lbr_stack/install/lbr_description:/home/gustav/lbr_stack/install/fri_client_sdk:/home/gustav/ws_P5/install/send_cudes:/home/gustav/ws_P5/install/moveit2_launch:/home/gustav/ws_P5/install/kuka_bord_description:/home/gustav/lbr_stack/install/lbr_demos_py:/home/gustav/lbr_stack/install/lbr_demos_advanced_py:/opt/ros/humble /usr/bin/cmake /home/gustav/P5-Kuka-Dual-Arm/p5_ws/src/moveit_resources/fanuc_moveit_config -DCMAKE_INSTALL_PREFIX=/home/gustav/P5-Kuka-Dual-Arm/install/moveit_resources_fanuc_moveit_config
[0.373s] -- The C compiler identification is GNU 11.4.0
[0.373s] -- The CXX compiler identification is GNU 11.4.0
[0.373s] -- Detecting C compiler ABI info
[0.403s] -- Detecting C compiler ABI info - done
[0.414s] -- Check for working C compiler: /usr/bin/cc - skipped
[0.414s] -- Detecting C compile features
[0.420s] -- Detecting C compile features - done
[0.424s] -- Detecting CXX compiler ABI info
[0.588s] -- Detecting CXX compiler ABI info - done
[0.604s] -- Check for working CXX compiler: /usr/bin/c++ - skipped
[0.604s] -- Detecting CXX compile features
[0.605s] -- Detecting CXX compile features - done
[0.611s] -- Found ament_cmake: 1.3.10 (/opt/ros/humble/share/ament_cmake/cmake)
[0.898s] -- Found Python3: /usr/bin/python3 (found version "3.10.12") found components: Interpreter 
[1.214s] -- Configuring done
[1.218s] -- Generating done
[1.218s] -- Build files have been written to: /home/gustav/P5-Kuka-Dual-Arm/build/moveit_resources_fanuc_moveit_config
[1.229s] Invoked command in '/home/gustav/P5-Kuka-Dual-Arm/build/moveit_resources_fanuc_moveit_config' returned '0': AMENT_PREFIX_PATH=/home/gustav/P5-Kuka-Dual-Arm/install/moveit_resources_fanuc_description:${AMENT_PREFIX_PATH} CMAKE_PREFIX_PATH=/home/gustav/P5-Kuka-Dual-Arm/install/moveit_resources_fanuc_description:/home/gustav/P5-Kuka-Dual-Arm/moveit2_kuka_table/install/send_cudes:/home/gustav/P5-Kuka-Dual-Arm/moveit2_kuka_table/install/moveit2_launch:/home/gustav/P5-Kuka-Dual-Arm/moveit2_kuka_table/install/kuka_bord_description:/home/gustav/lbr_stack/install/med7_moveit_config:/home/gustav/lbr_stack/install/med14_moveit_config:/home/gustav/lbr_stack/install/lbr_fri_ros2_stack:/home/gustav/lbr_stack/install/lbr_demos_cpp:/home/gustav/lbr_stack/install/lbr_bringup:/home/gustav/lbr_stack/install/lbr_ros2_control:/home/gustav/lbr_stack/install/lbr_moveit_cpp:/home/gustav/lbr_stack/install/lbr_demos_advanced_cpp:/home/gustav/lbr_stack/install/lbr_fri_ros2:/home/gustav/lbr_stack/install/lbr_fri_idl:/home/gustav/lbr_stack/install/iiwa7_moveit_config:/home/gustav/lbr_stack/install/iiwa14_moveit_config:/home/gustav/lbr_stack/install/lbr_description:/home/gustav/lbr_stack/install/fri_client_sdk:/home/gustav/ws_P5/install/send_cudes:/home/gustav/ws_P5/install/moveit2_launch:/home/gustav/ws_P5/install/kuka_bord_description:/home/gustav/lbr_stack/install/lbr_demos_py:/home/gustav/lbr_stack/install/lbr_demos_advanced_py:/opt/ros/humble /usr/bin/cmake /home/gustav/P5-Kuka-Dual-Arm/p5_ws/src/moveit_resources/fanuc_moveit_config -DCMAKE_INSTALL_PREFIX=/home/gustav/P5-Kuka-Dual-Arm/install/moveit_resources_fanuc_moveit_config
[1.230s] Invoking command in '/home/gustav/P5-Kuka-Dual-Arm/build/moveit_resources_fanuc_moveit_config': AMENT_PREFIX_PATH=/home/gustav/P5-Kuka-Dual-Arm/install/moveit_resources_fanuc_description:${AMENT_PREFIX_PATH} CMAKE_PREFIX_PATH=/home/gustav/P5-Kuka-Dual-Arm/install/moveit_resources_fanuc_description:/home/gustav/P5-Kuka-Dual-Arm/moveit2_kuka_table/install/send_cudes:/home/gustav/P5-Kuka-Dual-Arm/moveit2_kuka_table/install/moveit2_launch:/home/gustav/P5-Kuka-Dual-Arm/moveit2_kuka_table/install/kuka_bord_description:/home/gustav/lbr_stack/install/med7_moveit_config:/home/gustav/lbr_stack/install/med14_moveit_config:/home/gustav/lbr_stack/install/lbr_fri_ros2_stack:/home/gustav/lbr_stack/install/lbr_demos_cpp:/home/gustav/lbr_stack/install/lbr_bringup:/home/gustav/lbr_stack/install/lbr_ros2_control:/home/gustav/lbr_stack/install/lbr_moveit_cpp:/home/gustav/lbr_stack/install/lbr_demos_advanced_cpp:/home/gustav/lbr_stack/install/lbr_fri_ros2:/home/gustav/lbr_stack/install/lbr_fri_idl:/home/gustav/lbr_stack/install/iiwa7_moveit_config:/home/gustav/lbr_stack/install/iiwa14_moveit_config:/home/gustav/lbr_stack/install/lbr_description:/home/gustav/lbr_stack/install/fri_client_sdk:/home/gustav/ws_P5/install/send_cudes:/home/gustav/ws_P5/install/moveit2_launch:/home/gustav/ws_P5/install/kuka_bord_description:/home/gustav/lbr_stack/install/lbr_demos_py:/home/gustav/lbr_stack/install/lbr_demos_advanced_py:/opt/ros/humble /usr/bin/cmake --build /home/gustav/P5-Kuka-Dual-Arm/build/moveit_resources_fanuc_moveit_config -- -j8 -l8
[1.375s] Invoked command in '/home/gustav/P5-Kuka-Dual-Arm/build/moveit_resources_fanuc_moveit_config' returned '0': AMENT_PREFIX_PATH=/home/gustav/P5-Kuka-Dual-Arm/install/moveit_resources_fanuc_description:${AMENT_PREFIX_PATH} CMAKE_PREFIX_PATH=/home/gustav/P5-Kuka-Dual-Arm/install/moveit_resources_fanuc_description:/home/gustav/P5-Kuka-Dual-Arm/moveit2_kuka_table/install/send_cudes:/home/gustav/P5-Kuka-Dual-Arm/moveit2_kuka_table/install/moveit2_launch:/home/gustav/P5-Kuka-Dual-Arm/moveit2_kuka_table/install/kuka_bord_description:/home/gustav/lbr_stack/install/med7_moveit_config:/home/gustav/lbr_stack/install/med14_moveit_config:/home/gustav/lbr_stack/install/lbr_fri_ros2_stack:/home/gustav/lbr_stack/install/lbr_demos_cpp:/home/gustav/lbr_stack/install/lbr_bringup:/home/gustav/lbr_stack/install/lbr_ros2_control:/home/gustav/lbr_stack/install/lbr_moveit_cpp:/home/gustav/lbr_stack/install/lbr_demos_advanced_cpp:/home/gustav/lbr_stack/install/lbr_fri_ros2:/home/gustav/lbr_stack/install/lbr_fri_idl:/home/gustav/lbr_stack/install/iiwa7_moveit_config:/home/gustav/lbr_stack/install/iiwa14_moveit_config:/home/gustav/lbr_stack/install/lbr_description:/home/gustav/lbr_stack/install/fri_client_sdk:/home/gustav/ws_P5/install/send_cudes:/home/gustav/ws_P5/install/moveit2_launch:/home/gustav/ws_P5/install/kuka_bord_description:/home/gustav/lbr_stack/install/lbr_demos_py:/home/gustav/lbr_stack/install/lbr_demos_advanced_py:/opt/ros/humble /usr/bin/cmake --build /home/gustav/P5-Kuka-Dual-Arm/build/moveit_resources_fanuc_moveit_config -- -j8 -l8
[1.437s] Invoking command in '/home/gustav/P5-Kuka-Dual-Arm/build/moveit_resources_fanuc_moveit_config': AMENT_PREFIX_PATH=/home/gustav/P5-Kuka-Dual-Arm/install/moveit_resources_fanuc_description:${AMENT_PREFIX_PATH} CMAKE_PREFIX_PATH=/home/gustav/P5-Kuka-Dual-Arm/install/moveit_resources_fanuc_description:/home/gustav/P5-Kuka-Dual-Arm/moveit2_kuka_table/install/send_cudes:/home/gustav/P5-Kuka-Dual-Arm/moveit2_kuka_table/install/moveit2_launch:/home/gustav/P5-Kuka-Dual-Arm/moveit2_kuka_table/install/kuka_bord_description:/home/gustav/lbr_stack/install/med7_moveit_config:/home/gustav/lbr_stack/install/med14_moveit_config:/home/gustav/lbr_stack/install/lbr_fri_ros2_stack:/home/gustav/lbr_stack/install/lbr_demos_cpp:/home/gustav/lbr_stack/install/lbr_bringup:/home/gustav/lbr_stack/install/lbr_ros2_control:/home/gustav/lbr_stack/install/lbr_moveit_cpp:/home/gustav/lbr_stack/install/lbr_demos_advanced_cpp:/home/gustav/lbr_stack/install/lbr_fri_ros2:/home/gustav/lbr_stack/install/lbr_fri_idl:/home/gustav/lbr_stack/install/iiwa7_moveit_config:/home/gustav/lbr_stack/install/iiwa14_moveit_config:/home/gustav/lbr_stack/install/lbr_description:/home/gustav/lbr_stack/install/fri_client_sdk:/home/gustav/ws_P5/install/send_cudes:/home/gustav/ws_P5/install/moveit2_launch:/home/gustav/ws_P5/install/kuka_bord_description:/home/gustav/lbr_stack/install/lbr_demos_py:/home/gustav/lbr_stack/install/lbr_demos_advanced_py:/opt/ros/humble /usr/bin/cmake --install /home/gustav/P5-Kuka-Dual-Arm/build/moveit_resources_fanuc_moveit_config
[1.473s] -- Install configuration: ""
[1.474s] -- Installing: /home/gustav/P5-Kuka-Dual-Arm/install/moveit_resources_fanuc_moveit_config/share/ament_index/resource_index/package_run_dependencies/moveit_resources_fanuc_moveit_config
[1.474s] -- Installing: /home/gustav/P5-Kuka-Dual-Arm/install/moveit_resources_fanuc_moveit_config/share/ament_index/resource_index/parent_prefix_path/moveit_resources_fanuc_moveit_config
[1.474s] -- Installing: /home/gustav/P5-Kuka-Dual-Arm/install/moveit_resources_fanuc_moveit_config/share/moveit_resources_fanuc_moveit_config/environment/ament_prefix_path.sh
[1.474s] -- Installing: /home/gustav/P5-Kuka-Dual-Arm/install/moveit_resources_fanuc_moveit_config/share/moveit_resources_fanuc_moveit_config/environment/ament_prefix_path.dsv
[1.475s] -- Installing: /home/gustav/P5-Kuka-Dual-Arm/install/moveit_resources_fanuc_moveit_config/share/moveit_resources_fanuc_moveit_config/environment/path.sh
[1.476s] -- Installing: /home/gustav/P5-Kuka-Dual-Arm/install/moveit_resources_fanuc_moveit_config/share/moveit_resources_fanuc_moveit_config/environment/path.dsv
[1.476s] -- Installing: /home/gustav/P5-Kuka-Dual-Arm/install/moveit_resources_fanuc_moveit_config/share/moveit_resources_fanuc_moveit_config/local_setup.bash
[1.477s] -- Installing: /home/gustav/P5-Kuka-Dual-Arm/install/moveit_resources_fanuc_moveit_config/share/moveit_resources_fanuc_moveit_config/local_setup.sh
[1.477s] -- Installing: /home/gustav/P5-Kuka-Dual-Arm/install/moveit_resources_fanuc_moveit_config/share/moveit_resources_fanuc_moveit_config/local_setup.zsh
[1.481s] -- Installing: /home/gustav/P5-Kuka-Dual-Arm/install/moveit_resources_fanuc_moveit_config/share/moveit_resources_fanuc_moveit_config/local_setup.dsv
[1.481s] -- Installing: /home/gustav/P5-Kuka-Dual-Arm/install/moveit_resources_fanuc_moveit_config/share/moveit_resources_fanuc_moveit_config/package.dsv
[1.483s] -- Installing: /home/gustav/P5-Kuka-Dual-Arm/install/moveit_resources_fanuc_moveit_config/share/ament_index/resource_index/packages/moveit_resources_fanuc_moveit_config
[1.484s] -- Installing: /home/gustav/P5-Kuka-Dual-Arm/install/moveit_resources_fanuc_moveit_config/share/moveit_resources_fanuc_moveit_config/cmake/moveit_resources_fanuc_moveit_configConfig.cmake
[1.484s] -- Installing: /home/gustav/P5-Kuka-Dual-Arm/install/moveit_resources_fanuc_moveit_config/share/moveit_resources_fanuc_moveit_config/cmake/moveit_resources_fanuc_moveit_configConfig-version.cmake
[1.484s] -- Installing: /home/gustav/P5-Kuka-Dual-Arm/install/moveit_resources_fanuc_moveit_config/share/moveit_resources_fanuc_moveit_config/package.xml
[1.485s] -- Installing: /home/gustav/P5-Kuka-Dual-Arm/install/moveit_resources_fanuc_moveit_config/share/moveit_resources_fanuc_moveit_config/launch
[1.485s] -- Installing: /home/gustav/P5-Kuka-Dual-Arm/install/moveit_resources_fanuc_moveit_config/share/moveit_resources_fanuc_moveit_config/launch/demo.launch.py
[1.487s] -- Installing: /home/gustav/P5-Kuka-Dual-Arm/install/moveit_resources_fanuc_moveit_config/share/moveit_resources_fanuc_moveit_config/launch/moveit.rviz
[1.487s] -- Installing: /home/gustav/P5-Kuka-Dual-Arm/install/moveit_resources_fanuc_moveit_config/share/moveit_resources_fanuc_moveit_config/config
[1.487s] -- Installing: /home/gustav/P5-Kuka-Dual-Arm/install/moveit_resources_fanuc_moveit_config/share/moveit_resources_fanuc_moveit_config/config/sensors_3d.yaml
[1.487s] -- Installing: /home/gustav/P5-Kuka-Dual-Arm/install/moveit_resources_fanuc_moveit_config/share/moveit_resources_fanuc_moveit_config/config/moveit_controllers.yaml
[1.487s] -- Installing: /home/gustav/P5-Kuka-Dual-Arm/install/moveit_resources_fanuc_moveit_config/share/moveit_resources_fanuc_moveit_config/config/chomp_planning.yaml
[1.489s] -- Installing: /home/gustav/P5-Kuka-Dual-Arm/install/moveit_resources_fanuc_moveit_config/share/moveit_resources_fanuc_moveit_config/config/fanuc.srdf
[1.489s] -- Installing: /home/gustav/P5-Kuka-Dual-Arm/install/moveit_resources_fanuc_moveit_config/share/moveit_resources_fanuc_moveit_config/config/pilz_cartesian_limits.yaml
[1.489s] -- Installing: /home/gustav/P5-Kuka-Dual-Arm/install/moveit_resources_fanuc_moveit_config/share/moveit_resources_fanuc_moveit_config/config/fanuc.ros2_control.xacro
[1.493s] -- Installing: /home/gustav/P5-Kuka-Dual-Arm/install/moveit_resources_fanuc_moveit_config/share/moveit_resources_fanuc_moveit_config/config/joint_limits.yaml
[1.493s] -- Installing: /home/gustav/P5-Kuka-Dual-Arm/install/moveit_resources_fanuc_moveit_config/share/moveit_resources_fanuc_moveit_config/config/ros2_controllers.yaml
[1.495s] -- Installing: /home/gustav/P5-Kuka-Dual-Arm/install/moveit_resources_fanuc_moveit_config/share/moveit_resources_fanuc_moveit_config/config/ompl_planning.yaml
[1.495s] -- Installing: /home/gustav/P5-Kuka-Dual-Arm/install/moveit_resources_fanuc_moveit_config/share/moveit_resources_fanuc_moveit_config/config/fanuc.urdf.xacro
[1.496s] -- Installing: /home/gustav/P5-Kuka-Dual-Arm/install/moveit_resources_fanuc_moveit_config/share/moveit_resources_fanuc_moveit_config/config/initial_positions.yaml
[1.496s] -- Installing: /home/gustav/P5-Kuka-Dual-Arm/install/moveit_resources_fanuc_moveit_config/share/moveit_resources_fanuc_moveit_config/config/kinematics.yaml
[1.496s] -- Installing: /home/gustav/P5-Kuka-Dual-Arm/install/moveit_resources_fanuc_moveit_config/share/moveit_resources_fanuc_moveit_config/.setup_assistant
[1.506s] Invoked command in '/home/gustav/P5-Kuka-Dual-Arm/build/moveit_resources_fanuc_moveit_config' returned '0': AMENT_PREFIX_PATH=/home/gustav/P5-Kuka-Dual-Arm/install/moveit_resources_fanuc_description:${AMENT_PREFIX_PATH} CMAKE_PREFIX_PATH=/home/gustav/P5-Kuka-Dual-Arm/install/moveit_resources_fanuc_description:/home/gustav/P5-Kuka-Dual-Arm/moveit2_kuka_table/install/send_cudes:/home/gustav/P5-Kuka-Dual-Arm/moveit2_kuka_table/install/moveit2_launch:/home/gustav/P5-Kuka-Dual-Arm/moveit2_kuka_table/install/kuka_bord_description:/home/gustav/lbr_stack/install/med7_moveit_config:/home/gustav/lbr_stack/install/med14_moveit_config:/home/gustav/lbr_stack/install/lbr_fri_ros2_stack:/home/gustav/lbr_stack/install/lbr_demos_cpp:/home/gustav/lbr_stack/install/lbr_bringup:/home/gustav/lbr_stack/install/lbr_ros2_control:/home/gustav/lbr_stack/install/lbr_moveit_cpp:/home/gustav/lbr_stack/install/lbr_demos_advanced_cpp:/home/gustav/lbr_stack/install/lbr_fri_ros2:/home/gustav/lbr_stack/install/lbr_fri_idl:/home/gustav/lbr_stack/install/iiwa7_moveit_config:/home/gustav/lbr_stack/install/iiwa14_moveit_config:/home/gustav/lbr_stack/install/lbr_description:/home/gustav/lbr_stack/install/fri_client_sdk:/home/gustav/ws_P5/install/send_cudes:/home/gustav/ws_P5/install/moveit2_launch:/home/gustav/ws_P5/install/kuka_bord_description:/home/gustav/lbr_stack/install/lbr_demos_py:/home/gustav/lbr_stack/install/lbr_demos_advanced_py:/opt/ros/humble /usr/bin/cmake --install /home/gustav/P5-Kuka-Dual-Arm/build/moveit_resources_fanuc_moveit_config
