[0.026s] Invoking command in '/home/gustav/P5-Kuka-Dual-Arm/build/moveit_ros_perception': AMENT_PREFIX_PATH=/home/gustav/P5-Kuka-Dual-Arm/install/moveit_ros_planning:/home/gustav/P5-Kuka-Dual-Arm/install/moveit_ros_occupancy_map_monitor:/home/gustav/P5-Kuka-Dual-Arm/install/moveit_core:/home/gustav/P5-Kuka-Dual-Arm/install/moveit_resources_panda_moveit_config:/home/gustav/P5-Kuka-Dual-Arm/install/generate_parameter_library:/home/gustav/P5-Kuka-Dual-Arm/install/parameter_traits:/home/gustav/P5-Kuka-Dual-Arm/install/moveit_resources_pr2_description:/home/gustav/P5-Kuka-Dual-Arm/install/moveit_resources_panda_description:/home/gustav/P5-Kuka-Dual-Arm/install/moveit_msgs:/home/gustav/P5-Kuka-Dual-Arm/install/moveit_common:/home/gustav/P5-Kuka-Dual-Arm/install/generate_parameter_library_py:${AMENT_PREFIX_PATH} CMAKE_PREFIX_PATH=/home/gustav/P5-Kuka-Dual-Arm/install/moveit_ros_planning:/home/gustav/P5-Kuka-Dual-Arm/install/moveit_ros_occupancy_map_monitor:/home/gustav/P5-Kuka-Dual-Arm/install/moveit_core:/home/gustav/P5-Kuka-Dual-Arm/install/moveit_resources_panda_moveit_config:/home/gustav/P5-Kuka-Dual-Arm/install/generate_parameter_library:/home/gustav/P5-Kuka-Dual-Arm/install/parameter_traits:/home/gustav/P5-Kuka-Dual-Arm/install/moveit_resources_pr2_description:/home/gustav/P5-Kuka-Dual-Arm/install/moveit_resources_panda_description:/home/gustav/P5-Kuka-Dual-Arm/install/moveit_msgs:/home/gustav/P5-Kuka-Dual-Arm/install/moveit_common:/opt/ros/humble LD_LIBRARY_PATH=/home/gustav/P5-Kuka-Dual-Arm/install/moveit_ros_planning/lib:/home/gustav/P5-Kuka-Dual-Arm/install/moveit_ros_occupancy_map_monitor/lib:/home/gustav/P5-Kuka-Dual-Arm/install/moveit_core/lib:/home/gustav/P5-Kuka-Dual-Arm/install/parameter_traits/lib:/home/gustav/P5-Kuka-Dual-Arm/install/moveit_msgs/lib:${LD_LIBRARY_PATH} PATH=/home/gustav/P5-Kuka-Dual-Arm/install/moveit_core/bin:/home/gustav/P5-Kuka-Dual-Arm/install/generate_parameter_library_py/bin:${PATH} PYTHONPATH=/home/gustav/P5-Kuka-Dual-Arm/install/moveit_msgs/local/lib/python3.10/dist-packages:/home/gustav/P5-Kuka-Dual-Arm/install/generate_parameter_library_py/lib/python3.10/site-packages:${PYTHONPATH} /usr/bin/cmake /home/gustav/P5-Kuka-Dual-Arm/p5_ws/src/moveit2/moveit_ros/perception -DCMAKE_INSTALL_PREFIX=/home/gustav/P5-Kuka-Dual-Arm/install/moveit_ros_perception
[0.042s] -- Found moveit_common: 2.5.5 (/home/gustav/P5-Kuka-Dual-Arm/install/moveit_common/share/moveit_common/cmake)
[0.042s] -- Found ament_cmake: 1.3.10 (/opt/ros/humble/share/ament_cmake/cmake)
[0.374s] -- Checking for module 'glut'
[0.376s] --   No package 'glut' found
[0.377s] -- Found cv_bridge: 3.2.1 (/opt/ros/humble/share/cv_bridge/cmake)
[0.401s] -- Found rosidl_generator_c: 3.1.5 (/opt/ros/humble/share/rosidl_generator_c/cmake)
[0.403s] -- Found rosidl_adapter: 3.1.5 (/opt/ros/humble/share/rosidl_adapter/cmake)
[0.408s] -- Found rosidl_generator_cpp: 3.1.5 (/opt/ros/humble/share/rosidl_generator_cpp/cmake)
[0.417s] -- Using all available rosidl_typesupport_c: rosidl_typesupport_fastrtps_c;rosidl_typesupport_introspection_c
[0.428s] -- Using all available rosidl_typesupport_cpp: rosidl_typesupport_fastrtps_cpp;rosidl_typesupport_introspection_cpp
[0.482s] -- Found moveit_core: 2.5.5 (/home/gustav/P5-Kuka-Dual-Arm/install/moveit_core/share/moveit_core/cmake)
[0.496s] -- Found Boost: /usr/lib/x86_64-linux-gnu/cmake/Boost-1.74.0/BoostConfig.cmake (found version "1.74.0") found components: chrono date_time filesystem iostreams program_options regex serialization system thread 
[0.517s] -- Found parameter_traits: 0.3.7 (/home/gustav/P5-Kuka-Dual-Arm/install/parameter_traits/share/parameter_traits/cmake)
[0.543s] -- Found rmw_implementation_cmake: 6.1.2 (/opt/ros/humble/share/rmw_implementation_cmake/cmake)
[0.544s] -- Found rmw_fastrtps_cpp: 6.2.7 (/opt/ros/humble/share/rmw_fastrtps_cpp/cmake)
[0.633s] -- Using RMW implementation 'rmw_fastrtps_cpp' as default
[0.678s] -- Found rclcpp_lifecycle: 16.0.10 (/opt/ros/humble/share/rclcpp_lifecycle/cmake)
[0.697s] -- Found Boost: /usr/lib/x86_64-linux-gnu/cmake/Boost-1.74.0/BoostConfig.cmake (found version "1.74.0") found components: filesystem 
[0.724s] -- library: /usr/lib/x86_64-linux-gnu/libcurl.so
[0.765s] -- Ensuring Eigen3 include directory is part of orocos-kdl CMake target
[0.987s] -- Found image_transport: 3.1.9 (/opt/ros/humble/share/image_transport/cmake)
[0.992s] -- Found moveit_ros_occupancy_map_monitor: 2.5.5 (/home/gustav/P5-Kuka-Dual-Arm/install/moveit_ros_occupancy_map_monitor/share/moveit_ros_occupancy_map_monitor/cmake)
[1.024s] -- Found Boost: /usr/lib/x86_64-linux-gnu/cmake/Boost-1.74.0/BoostConfig.cmake (found version "1.74.0") found components: thread 
[1.081s] -- Found ament_lint_auto: 0.12.11 (/opt/ros/humble/share/ament_lint_auto/cmake)
[1.095s] -- Added test 'cppcheck' to perform static code analysis on C / C++ code
[1.095s] -- Configured cppcheck include dirs: /home/gustav/P5-Kuka-Dual-Arm/p5_ws/src/moveit2/moveit_ros/perception/depth_image_octomap_updater/include;/home/gustav/P5-Kuka-Dual-Arm/p5_ws/src/moveit2/moveit_ros/perception/lazy_free_space_updater/include;/home/gustav/P5-Kuka-Dual-Arm/p5_ws/src/moveit2/moveit_ros/perception/mesh_filter/include;/home/gustav/P5-Kuka-Dual-Arm/p5_ws/src/moveit2/moveit_ros/perception/point_containment_filter/include;/home/gustav/P5-Kuka-Dual-Arm/p5_ws/src/moveit2/moveit_ros/perception/pointcloud_octomap_updater/include;/home/gustav/P5-Kuka-Dual-Arm/p5_ws/src/moveit2/moveit_ros/perception/semantic_world/include
[1.095s] -- Configured cppcheck exclude dirs and/or files: 
[1.099s] -- Added test 'lint_cmake' to check CMake code style
[1.100s] -- Added test 'xmllint' to check XML markup files
[1.105s] -- Configuring done
[1.250s] -- Generating done
[1.254s] -- Build files have been written to: /home/gustav/P5-Kuka-Dual-Arm/build/moveit_ros_perception
[1.275s] Invoked command in '/home/gustav/P5-Kuka-Dual-Arm/build/moveit_ros_perception' returned '0': AMENT_PREFIX_PATH=/home/gustav/P5-Kuka-Dual-Arm/install/moveit_ros_planning:/home/gustav/P5-Kuka-Dual-Arm/install/moveit_ros_occupancy_map_monitor:/home/gustav/P5-Kuka-Dual-Arm/install/moveit_core:/home/gustav/P5-Kuka-Dual-Arm/install/moveit_resources_panda_moveit_config:/home/gustav/P5-Kuka-Dual-Arm/install/generate_parameter_library:/home/gustav/P5-Kuka-Dual-Arm/install/parameter_traits:/home/gustav/P5-Kuka-Dual-Arm/install/moveit_resources_pr2_description:/home/gustav/P5-Kuka-Dual-Arm/install/moveit_resources_panda_description:/home/gustav/P5-Kuka-Dual-Arm/install/moveit_msgs:/home/gustav/P5-Kuka-Dual-Arm/install/moveit_common:/home/gustav/P5-Kuka-Dual-Arm/install/generate_parameter_library_py:${AMENT_PREFIX_PATH} CMAKE_PREFIX_PATH=/home/gustav/P5-Kuka-Dual-Arm/install/moveit_ros_planning:/home/gustav/P5-Kuka-Dual-Arm/install/moveit_ros_occupancy_map_monitor:/home/gustav/P5-Kuka-Dual-Arm/install/moveit_core:/home/gustav/P5-Kuka-Dual-Arm/install/moveit_resources_panda_moveit_config:/home/gustav/P5-Kuka-Dual-Arm/install/generate_parameter_library:/home/gustav/P5-Kuka-Dual-Arm/install/parameter_traits:/home/gustav/P5-Kuka-Dual-Arm/install/moveit_resources_pr2_description:/home/gustav/P5-Kuka-Dual-Arm/install/moveit_resources_panda_description:/home/gustav/P5-Kuka-Dual-Arm/install/moveit_msgs:/home/gustav/P5-Kuka-Dual-Arm/install/moveit_common:/opt/ros/humble LD_LIBRARY_PATH=/home/gustav/P5-Kuka-Dual-Arm/install/moveit_ros_planning/lib:/home/gustav/P5-Kuka-Dual-Arm/install/moveit_ros_occupancy_map_monitor/lib:/home/gustav/P5-Kuka-Dual-Arm/install/moveit_core/lib:/home/gustav/P5-Kuka-Dual-Arm/install/parameter_traits/lib:/home/gustav/P5-Kuka-Dual-Arm/install/moveit_msgs/lib:${LD_LIBRARY_PATH} PATH=/home/gustav/P5-Kuka-Dual-Arm/install/moveit_core/bin:/home/gustav/P5-Kuka-Dual-Arm/install/generate_parameter_library_py/bin:${PATH} PYTHONPATH=/home/gustav/P5-Kuka-Dual-Arm/install/moveit_msgs/local/lib/python3.10/dist-packages:/home/gustav/P5-Kuka-Dual-Arm/install/generate_parameter_library_py/lib/python3.10/site-packages:${PYTHONPATH} /usr/bin/cmake /home/gustav/P5-Kuka-Dual-Arm/p5_ws/src/moveit2/moveit_ros/perception -DCMAKE_INSTALL_PREFIX=/home/gustav/P5-Kuka-Dual-Arm/install/moveit_ros_perception
[1.277s] Invoking command in '/home/gustav/P5-Kuka-Dual-Arm/build/moveit_ros_perception': AMENT_PREFIX_PATH=/home/gustav/P5-Kuka-Dual-Arm/install/moveit_ros_planning:/home/gustav/P5-Kuka-Dual-Arm/install/moveit_ros_occupancy_map_monitor:/home/gustav/P5-Kuka-Dual-Arm/install/moveit_core:/home/gustav/P5-Kuka-Dual-Arm/install/moveit_resources_panda_moveit_config:/home/gustav/P5-Kuka-Dual-Arm/install/generate_parameter_library:/home/gustav/P5-Kuka-Dual-Arm/install/parameter_traits:/home/gustav/P5-Kuka-Dual-Arm/install/moveit_resources_pr2_description:/home/gustav/P5-Kuka-Dual-Arm/install/moveit_resources_panda_description:/home/gustav/P5-Kuka-Dual-Arm/install/moveit_msgs:/home/gustav/P5-Kuka-Dual-Arm/install/moveit_common:/home/gustav/P5-Kuka-Dual-Arm/install/generate_parameter_library_py:${AMENT_PREFIX_PATH} CMAKE_PREFIX_PATH=/home/gustav/P5-Kuka-Dual-Arm/install/moveit_ros_planning:/home/gustav/P5-Kuka-Dual-Arm/install/moveit_ros_occupancy_map_monitor:/home/gustav/P5-Kuka-Dual-Arm/install/moveit_core:/home/gustav/P5-Kuka-Dual-Arm/install/moveit_resources_panda_moveit_config:/home/gustav/P5-Kuka-Dual-Arm/install/generate_parameter_library:/home/gustav/P5-Kuka-Dual-Arm/install/parameter_traits:/home/gustav/P5-Kuka-Dual-Arm/install/moveit_resources_pr2_description:/home/gustav/P5-Kuka-Dual-Arm/install/moveit_resources_panda_description:/home/gustav/P5-Kuka-Dual-Arm/install/moveit_msgs:/home/gustav/P5-Kuka-Dual-Arm/install/moveit_common:/opt/ros/humble LD_LIBRARY_PATH=/home/gustav/P5-Kuka-Dual-Arm/install/moveit_ros_planning/lib:/home/gustav/P5-Kuka-Dual-Arm/install/moveit_ros_occupancy_map_monitor/lib:/home/gustav/P5-Kuka-Dual-Arm/install/moveit_core/lib:/home/gustav/P5-Kuka-Dual-Arm/install/parameter_traits/lib:/home/gustav/P5-Kuka-Dual-Arm/install/moveit_msgs/lib:${LD_LIBRARY_PATH} PATH=/home/gustav/P5-Kuka-Dual-Arm/install/moveit_core/bin:/home/gustav/P5-Kuka-Dual-Arm/install/generate_parameter_library_py/bin:${PATH} PYTHONPATH=/home/gustav/P5-Kuka-Dual-Arm/install/moveit_msgs/local/lib/python3.10/dist-packages:/home/gustav/P5-Kuka-Dual-Arm/install/generate_parameter_library_py/lib/python3.10/site-packages:${PYTHONPATH} /usr/bin/cmake --build /home/gustav/P5-Kuka-Dual-Arm/build/moveit_ros_perception -- -j8 -l8
[1.332s] [35m[1mConsolidate compiler generated dependencies of target moveit_lazy_free_space_updater[0m
[1.332s] [35m[1mConsolidate compiler generated dependencies of target moveit_point_containment_filter[0m
[1.334s] [35m[1mConsolidate compiler generated dependencies of target moveit_mesh_filter[0m
[1.335s] [35m[1mConsolidate compiler generated dependencies of target moveit_semantic_world[0m
[1.353s] [  5%] [32m[1mLinking CXX shared library libmoveit_lazy_free_space_updater.so[0m
[1.357s] [ 15%] Built target moveit_point_containment_filter
[1.370s] [ 20%] [32m[1mLinking CXX shared library libmoveit_mesh_filter.so[0m
[1.372s] [ 25%] [32m[1mLinking CXX shared library libmoveit_semantic_world.so[0m
[1.378s] [35m[1mConsolidate compiler generated dependencies of target moveit_pointcloud_octomap_updater_core[0m
[1.414s] [ 30%] [32m[1mLinking CXX shared library libmoveit_pointcloud_octomap_updater_core.so[0m
[1.829s] [ 35%] Built target moveit_lazy_free_space_updater
[2.081s] [ 60%] Built target moveit_mesh_filter
[2.097s] [ 65%] Built target moveit_pointcloud_octomap_updater_core
[2.103s] [35m[1mConsolidate compiler generated dependencies of target moveit_depth_image_octomap_updater_core[0m
[2.121s] [35m[1mConsolidate compiler generated dependencies of target moveit_pointcloud_octomap_updater[0m
[2.149s] [ 70%] [32m[1mLinking CXX shared library libmoveit_depth_image_octomap_updater_core.so[0m
[2.170s] [ 75%] [32m[1mLinking CXX shared library libmoveit_pointcloud_octomap_updater.so[0m
[2.178s] [ 80%] Built target moveit_semantic_world
[2.706s] [ 85%] Built target moveit_pointcloud_octomap_updater
[2.797s] [ 90%] Built target moveit_depth_image_octomap_updater_core
[2.826s] [35m[1mConsolidate compiler generated dependencies of target moveit_depth_image_octomap_updater[0m
[2.867s] [ 95%] [32m[1mLinking CXX shared library libmoveit_depth_image_octomap_updater.so[0m
[3.273s] [100%] Built target moveit_depth_image_octomap_updater
[3.322s] Invoked command in '/home/gustav/P5-Kuka-Dual-Arm/build/moveit_ros_perception' returned '0': AMENT_PREFIX_PATH=/home/gustav/P5-Kuka-Dual-Arm/install/moveit_ros_planning:/home/gustav/P5-Kuka-Dual-Arm/install/moveit_ros_occupancy_map_monitor:/home/gustav/P5-Kuka-Dual-Arm/install/moveit_core:/home/gustav/P5-Kuka-Dual-Arm/install/moveit_resources_panda_moveit_config:/home/gustav/P5-Kuka-Dual-Arm/install/generate_parameter_library:/home/gustav/P5-Kuka-Dual-Arm/install/parameter_traits:/home/gustav/P5-Kuka-Dual-Arm/install/moveit_resources_pr2_description:/home/gustav/P5-Kuka-Dual-Arm/install/moveit_resources_panda_description:/home/gustav/P5-Kuka-Dual-Arm/install/moveit_msgs:/home/gustav/P5-Kuka-Dual-Arm/install/moveit_common:/home/gustav/P5-Kuka-Dual-Arm/install/generate_parameter_library_py:${AMENT_PREFIX_PATH} CMAKE_PREFIX_PATH=/home/gustav/P5-Kuka-Dual-Arm/install/moveit_ros_planning:/home/gustav/P5-Kuka-Dual-Arm/install/moveit_ros_occupancy_map_monitor:/home/gustav/P5-Kuka-Dual-Arm/install/moveit_core:/home/gustav/P5-Kuka-Dual-Arm/install/moveit_resources_panda_moveit_config:/home/gustav/P5-Kuka-Dual-Arm/install/generate_parameter_library:/home/gustav/P5-Kuka-Dual-Arm/install/parameter_traits:/home/gustav/P5-Kuka-Dual-Arm/install/moveit_resources_pr2_description:/home/gustav/P5-Kuka-Dual-Arm/install/moveit_resources_panda_description:/home/gustav/P5-Kuka-Dual-Arm/install/moveit_msgs:/home/gustav/P5-Kuka-Dual-Arm/install/moveit_common:/opt/ros/humble LD_LIBRARY_PATH=/home/gustav/P5-Kuka-Dual-Arm/install/moveit_ros_planning/lib:/home/gustav/P5-Kuka-Dual-Arm/install/moveit_ros_occupancy_map_monitor/lib:/home/gustav/P5-Kuka-Dual-Arm/install/moveit_core/lib:/home/gustav/P5-Kuka-Dual-Arm/install/parameter_traits/lib:/home/gustav/P5-Kuka-Dual-Arm/install/moveit_msgs/lib:${LD_LIBRARY_PATH} PATH=/home/gustav/P5-Kuka-Dual-Arm/install/moveit_core/bin:/home/gustav/P5-Kuka-Dual-Arm/install/generate_parameter_library_py/bin:${PATH} PYTHONPATH=/home/gustav/P5-Kuka-Dual-Arm/install/moveit_msgs/local/lib/python3.10/dist-packages:/home/gustav/P5-Kuka-Dual-Arm/install/generate_parameter_library_py/lib/python3.10/site-packages:${PYTHONPATH} /usr/bin/cmake --build /home/gustav/P5-Kuka-Dual-Arm/build/moveit_ros_perception -- -j8 -l8
[3.420s] Invoking command in '/home/gustav/P5-Kuka-Dual-Arm/build/moveit_ros_perception': AMENT_PREFIX_PATH=/home/gustav/P5-Kuka-Dual-Arm/install/moveit_ros_planning:/home/gustav/P5-Kuka-Dual-Arm/install/moveit_ros_occupancy_map_monitor:/home/gustav/P5-Kuka-Dual-Arm/install/moveit_core:/home/gustav/P5-Kuka-Dual-Arm/install/moveit_resources_panda_moveit_config:/home/gustav/P5-Kuka-Dual-Arm/install/generate_parameter_library:/home/gustav/P5-Kuka-Dual-Arm/install/parameter_traits:/home/gustav/P5-Kuka-Dual-Arm/install/moveit_resources_pr2_description:/home/gustav/P5-Kuka-Dual-Arm/install/moveit_resources_panda_description:/home/gustav/P5-Kuka-Dual-Arm/install/moveit_msgs:/home/gustav/P5-Kuka-Dual-Arm/install/moveit_common:/home/gustav/P5-Kuka-Dual-Arm/install/generate_parameter_library_py:${AMENT_PREFIX_PATH} CMAKE_PREFIX_PATH=/home/gustav/P5-Kuka-Dual-Arm/install/moveit_ros_planning:/home/gustav/P5-Kuka-Dual-Arm/install/moveit_ros_occupancy_map_monitor:/home/gustav/P5-Kuka-Dual-Arm/install/moveit_core:/home/gustav/P5-Kuka-Dual-Arm/install/moveit_resources_panda_moveit_config:/home/gustav/P5-Kuka-Dual-Arm/install/generate_parameter_library:/home/gustav/P5-Kuka-Dual-Arm/install/parameter_traits:/home/gustav/P5-Kuka-Dual-Arm/install/moveit_resources_pr2_description:/home/gustav/P5-Kuka-Dual-Arm/install/moveit_resources_panda_description:/home/gustav/P5-Kuka-Dual-Arm/install/moveit_msgs:/home/gustav/P5-Kuka-Dual-Arm/install/moveit_common:/opt/ros/humble LD_LIBRARY_PATH=/home/gustav/P5-Kuka-Dual-Arm/install/moveit_ros_planning/lib:/home/gustav/P5-Kuka-Dual-Arm/install/moveit_ros_occupancy_map_monitor/lib:/home/gustav/P5-Kuka-Dual-Arm/install/moveit_core/lib:/home/gustav/P5-Kuka-Dual-Arm/install/parameter_traits/lib:/home/gustav/P5-Kuka-Dual-Arm/install/moveit_msgs/lib:${LD_LIBRARY_PATH} PATH=/home/gustav/P5-Kuka-Dual-Arm/install/moveit_core/bin:/home/gustav/P5-Kuka-Dual-Arm/install/generate_parameter_library_py/bin:${PATH} PYTHONPATH=/home/gustav/P5-Kuka-Dual-Arm/install/moveit_msgs/local/lib/python3.10/dist-packages:/home/gustav/P5-Kuka-Dual-Arm/install/generate_parameter_library_py/lib/python3.10/site-packages:${PYTHONPATH} /usr/bin/cmake --install /home/gustav/P5-Kuka-Dual-Arm/build/moveit_ros_perception
[3.441s] -- Install configuration: "Release"
[3.441s] -- Up-to-date: /home/gustav/P5-Kuka-Dual-Arm/install/moveit_ros_perception/include
[3.443s] -- Up-to-date: /home/gustav/P5-Kuka-Dual-Arm/install/moveit_ros_perception/include/moveit
[3.443s] -- Up-to-date: /home/gustav/P5-Kuka-Dual-Arm/install/moveit_ros_perception/include/moveit/lazy_free_space_updater
[3.443s] -- Up-to-date: /home/gustav/P5-Kuka-Dual-Arm/install/moveit_ros_perception/include/moveit/lazy_free_space_updater/lazy_free_space_updater.h
[3.444s] -- Up-to-date: /home/gustav/P5-Kuka-Dual-Arm/install/moveit_ros_perception/include
[3.444s] -- Up-to-date: /home/gustav/P5-Kuka-Dual-Arm/install/moveit_ros_perception/include/moveit
[3.444s] -- Up-to-date: /home/gustav/P5-Kuka-Dual-Arm/install/moveit_ros_perception/include/moveit/point_containment_filter
[3.444s] -- Up-to-date: /home/gustav/P5-Kuka-Dual-Arm/install/moveit_ros_perception/include/moveit/point_containment_filter/shape_mask.h
[3.444s] -- Up-to-date: /home/gustav/P5-Kuka-Dual-Arm/install/moveit_ros_perception/include
[3.444s] -- Up-to-date: /home/gustav/P5-Kuka-Dual-Arm/install/moveit_ros_perception/include/moveit
[3.444s] -- Up-to-date: /home/gustav/P5-Kuka-Dual-Arm/install/moveit_ros_perception/include/moveit/pointcloud_octomap_updater
[3.444s] -- Up-to-date: /home/gustav/P5-Kuka-Dual-Arm/install/moveit_ros_perception/include/moveit/pointcloud_octomap_updater/pointcloud_octomap_updater.h
[3.444s] -- Up-to-date: /home/gustav/P5-Kuka-Dual-Arm/install/moveit_ros_perception/include
[3.445s] -- Up-to-date: /home/gustav/P5-Kuka-Dual-Arm/install/moveit_ros_perception/include/moveit
[3.445s] -- Up-to-date: /home/gustav/P5-Kuka-Dual-Arm/install/moveit_ros_perception/include/moveit/mesh_filter
[3.445s] -- Up-to-date: /home/gustav/P5-Kuka-Dual-Arm/install/moveit_ros_perception/include/moveit/mesh_filter/filter_job.h
[3.447s] -- Up-to-date: /home/gustav/P5-Kuka-Dual-Arm/install/moveit_ros_perception/include/moveit/mesh_filter/gl_mesh.h
[3.448s] -- Up-to-date: /home/gustav/P5-Kuka-Dual-Arm/install/moveit_ros_perception/include/moveit/mesh_filter/gl_renderer.h
[3.448s] -- Up-to-date: /home/gustav/P5-Kuka-Dual-Arm/install/moveit_ros_perception/include/moveit/mesh_filter/depth_self_filter_nodelet.h
[3.448s] -- Up-to-date: /home/gustav/P5-Kuka-Dual-Arm/install/moveit_ros_perception/include/moveit/mesh_filter/stereo_camera_model.h
[3.448s] -- Up-to-date: /home/gustav/P5-Kuka-Dual-Arm/install/moveit_ros_perception/include/moveit/mesh_filter/mesh_filter_base.h
[3.448s] -- Up-to-date: /home/gustav/P5-Kuka-Dual-Arm/install/moveit_ros_perception/include/moveit/mesh_filter/transform_provider.h
[3.448s] -- Up-to-date: /home/gustav/P5-Kuka-Dual-Arm/install/moveit_ros_perception/include/moveit/mesh_filter/mesh_filter.h
[3.448s] -- Up-to-date: /home/gustav/P5-Kuka-Dual-Arm/install/moveit_ros_perception/include/moveit/mesh_filter/sensor_model.h
[3.448s] -- Up-to-date: /home/gustav/P5-Kuka-Dual-Arm/install/moveit_ros_perception/include/moveit_mesh_filter_export.h
[3.449s] -- Up-to-date: /home/gustav/P5-Kuka-Dual-Arm/install/moveit_ros_perception/include
[3.449s] -- Up-to-date: /home/gustav/P5-Kuka-Dual-Arm/install/moveit_ros_perception/include/moveit
[3.449s] -- Up-to-date: /home/gustav/P5-Kuka-Dual-Arm/install/moveit_ros_perception/include/moveit/depth_image_octomap_updater
[3.450s] -- Up-to-date: /home/gustav/P5-Kuka-Dual-Arm/install/moveit_ros_perception/include/moveit/depth_image_octomap_updater/depth_image_octomap_updater.h
[3.450s] -- Up-to-date: /home/gustav/P5-Kuka-Dual-Arm/install/moveit_ros_perception/include
[3.450s] -- Up-to-date: /home/gustav/P5-Kuka-Dual-Arm/install/moveit_ros_perception/include/moveit
[3.451s] -- Up-to-date: /home/gustav/P5-Kuka-Dual-Arm/install/moveit_ros_perception/include/moveit/semantic_world
[3.451s] -- Up-to-date: /home/gustav/P5-Kuka-Dual-Arm/install/moveit_ros_perception/include/moveit/semantic_world/semantic_world.h
[3.452s] -- Installing: /home/gustav/P5-Kuka-Dual-Arm/install/moveit_ros_perception/lib/libmoveit_depth_image_octomap_updater.so.2.5.5
[3.452s] -- Set runtime path of "/home/gustav/P5-Kuka-Dual-Arm/install/moveit_ros_perception/lib/libmoveit_depth_image_octomap_updater.so.2.5.5" to ""
[3.452s] -- Up-to-date: /home/gustav/P5-Kuka-Dual-Arm/install/moveit_ros_perception/lib/libmoveit_depth_image_octomap_updater.so
[3.453s] -- Installing: /home/gustav/P5-Kuka-Dual-Arm/install/moveit_ros_perception/lib/libmoveit_depth_image_octomap_updater_core.so.2.5.5
[3.453s] -- Set runtime path of "/home/gustav/P5-Kuka-Dual-Arm/install/moveit_ros_perception/lib/libmoveit_depth_image_octomap_updater_core.so.2.5.5" to ""
[3.456s] -- Up-to-date: /home/gustav/P5-Kuka-Dual-Arm/install/moveit_ros_perception/lib/libmoveit_depth_image_octomap_updater_core.so
[3.456s] -- Installing: /home/gustav/P5-Kuka-Dual-Arm/install/moveit_ros_perception/lib/libmoveit_lazy_free_space_updater.so.2.5.5
[3.456s] -- Set runtime path of "/home/gustav/P5-Kuka-Dual-Arm/install/moveit_ros_perception/lib/libmoveit_lazy_free_space_updater.so.2.5.5" to ""
[3.457s] -- Up-to-date: /home/gustav/P5-Kuka-Dual-Arm/install/moveit_ros_perception/lib/libmoveit_lazy_free_space_updater.so
[3.457s] -- Installing: /home/gustav/P5-Kuka-Dual-Arm/install/moveit_ros_perception/lib/libmoveit_mesh_filter.so.2.5.5
[3.457s] -- Set runtime path of "/home/gustav/P5-Kuka-Dual-Arm/install/moveit_ros_perception/lib/libmoveit_mesh_filter.so.2.5.5" to ""
[3.457s] -- Up-to-date: /home/gustav/P5-Kuka-Dual-Arm/install/moveit_ros_perception/lib/libmoveit_mesh_filter.so
[3.457s] -- Up-to-date: /home/gustav/P5-Kuka-Dual-Arm/install/moveit_ros_perception/lib/libmoveit_point_containment_filter.so.2.5.5
[3.457s] -- Up-to-date: /home/gustav/P5-Kuka-Dual-Arm/install/moveit_ros_perception/lib/libmoveit_point_containment_filter.so
[3.457s] -- Installing: /home/gustav/P5-Kuka-Dual-Arm/install/moveit_ros_perception/lib/libmoveit_pointcloud_octomap_updater.so.2.5.5
[3.458s] -- Set runtime path of "/home/gustav/P5-Kuka-Dual-Arm/install/moveit_ros_perception/lib/libmoveit_pointcloud_octomap_updater.so.2.5.5" to ""
[3.458s] -- Up-to-date: /home/gustav/P5-Kuka-Dual-Arm/install/moveit_ros_perception/lib/libmoveit_pointcloud_octomap_updater.so
[3.458s] -- Installing: /home/gustav/P5-Kuka-Dual-Arm/install/moveit_ros_perception/lib/libmoveit_pointcloud_octomap_updater_core.so.2.5.5
[3.463s] -- Set runtime path of "/home/gustav/P5-Kuka-Dual-Arm/install/moveit_ros_perception/lib/libmoveit_pointcloud_octomap_updater_core.so.2.5.5" to ""
[3.463s] -- Up-to-date: /home/gustav/P5-Kuka-Dual-Arm/install/moveit_ros_perception/lib/libmoveit_pointcloud_octomap_updater_core.so
[3.463s] -- Installing: /home/gustav/P5-Kuka-Dual-Arm/install/moveit_ros_perception/lib/libmoveit_semantic_world.so.2.5.5
[3.474s] -- Set runtime path of "/home/gustav/P5-Kuka-Dual-Arm/install/moveit_ros_perception/lib/libmoveit_semantic_world.so.2.5.5" to ""
[3.474s] -- Up-to-date: /home/gustav/P5-Kuka-Dual-Arm/install/moveit_ros_perception/lib/libmoveit_semantic_world.so
[3.475s] -- Up-to-date: /home/gustav/P5-Kuka-Dual-Arm/install/moveit_ros_perception/share/moveit_ros_perception/environment/library_path.sh
[3.476s] -- Installing: /home/gustav/P5-Kuka-Dual-Arm/install/moveit_ros_perception/share/moveit_ros_perception/environment/library_path.dsv
[3.476s] -- Up-to-date: /home/gustav/P5-Kuka-Dual-Arm/install/moveit_ros_perception/share/moveit_ros_perception/pointcloud_octomap_updater_plugin_description.xml
[3.476s] -- Up-to-date: /home/gustav/P5-Kuka-Dual-Arm/install/moveit_ros_perception/share/moveit_ros_perception/depth_image_octomap_updater_plugin_description.xml
[3.477s] -- Up-to-date: /home/gustav/P5-Kuka-Dual-Arm/install/moveit_ros_perception/share/ament_index/resource_index/package_run_dependencies/moveit_ros_perception
[3.477s] -- Installing: /home/gustav/P5-Kuka-Dual-Arm/install/moveit_ros_perception/share/ament_index/resource_index/parent_prefix_path/moveit_ros_perception
[3.477s] -- Up-to-date: /home/gustav/P5-Kuka-Dual-Arm/install/moveit_ros_perception/share/moveit_ros_perception/environment/ament_prefix_path.sh
[3.477s] -- Installing: /home/gustav/P5-Kuka-Dual-Arm/install/moveit_ros_perception/share/moveit_ros_perception/environment/ament_prefix_path.dsv
[3.477s] -- Up-to-date: /home/gustav/P5-Kuka-Dual-Arm/install/moveit_ros_perception/share/moveit_ros_perception/environment/path.sh
[3.477s] -- Installing: /home/gustav/P5-Kuka-Dual-Arm/install/moveit_ros_perception/share/moveit_ros_perception/environment/path.dsv
[3.477s] -- Up-to-date: /home/gustav/P5-Kuka-Dual-Arm/install/moveit_ros_perception/share/moveit_ros_perception/local_setup.bash
[3.478s] -- Up-to-date: /home/gustav/P5-Kuka-Dual-Arm/install/moveit_ros_perception/share/moveit_ros_perception/local_setup.sh
[3.478s] -- Up-to-date: /home/gustav/P5-Kuka-Dual-Arm/install/moveit_ros_perception/share/moveit_ros_perception/local_setup.zsh
[3.480s] -- Installing: /home/gustav/P5-Kuka-Dual-Arm/install/moveit_ros_perception/share/moveit_ros_perception/local_setup.dsv
[3.480s] -- Installing: /home/gustav/P5-Kuka-Dual-Arm/install/moveit_ros_perception/share/moveit_ros_perception/package.dsv
[3.480s] -- Up-to-date: /home/gustav/P5-Kuka-Dual-Arm/install/moveit_ros_perception/share/ament_index/resource_index/packages/moveit_ros_perception
[3.481s] -- Up-to-date: /home/gustav/P5-Kuka-Dual-Arm/install/moveit_ros_perception/share/ament_index/resource_index/moveit_ros_occupancy_map_monitor__pluginlib__plugin/moveit_ros_perception
[3.481s] -- Up-to-date: /home/gustav/P5-Kuka-Dual-Arm/install/moveit_ros_perception/share/moveit_ros_perception/cmake/export_moveit_ros_perceptionExport.cmake
[3.481s] -- Up-to-date: /home/gustav/P5-Kuka-Dual-Arm/install/moveit_ros_perception/share/moveit_ros_perception/cmake/export_moveit_ros_perceptionExport-release.cmake
[3.481s] -- Up-to-date: /home/gustav/P5-Kuka-Dual-Arm/install/moveit_ros_perception/share/moveit_ros_perception/cmake/ConfigExtras.cmake
[3.484s] -- Up-to-date: /home/gustav/P5-Kuka-Dual-Arm/install/moveit_ros_perception/share/moveit_ros_perception/cmake/ament_cmake_export_targets-extras.cmake
[3.484s] -- Up-to-date: /home/gustav/P5-Kuka-Dual-Arm/install/moveit_ros_perception/share/moveit_ros_perception/cmake/ament_cmake_export_dependencies-extras.cmake
[3.484s] -- Up-to-date: /home/gustav/P5-Kuka-Dual-Arm/install/moveit_ros_perception/share/moveit_ros_perception/cmake/moveit_ros_perceptionConfig.cmake
[3.484s] -- Up-to-date: /home/gustav/P5-Kuka-Dual-Arm/install/moveit_ros_perception/share/moveit_ros_perception/cmake/moveit_ros_perceptionConfig-version.cmake
[3.484s] -- Up-to-date: /home/gustav/P5-Kuka-Dual-Arm/install/moveit_ros_perception/share/moveit_ros_perception/package.xml
[3.496s] Invoked command in '/home/gustav/P5-Kuka-Dual-Arm/build/moveit_ros_perception' returned '0': AMENT_PREFIX_PATH=/home/gustav/P5-Kuka-Dual-Arm/install/moveit_ros_planning:/home/gustav/P5-Kuka-Dual-Arm/install/moveit_ros_occupancy_map_monitor:/home/gustav/P5-Kuka-Dual-Arm/install/moveit_core:/home/gustav/P5-Kuka-Dual-Arm/install/moveit_resources_panda_moveit_config:/home/gustav/P5-Kuka-Dual-Arm/install/generate_parameter_library:/home/gustav/P5-Kuka-Dual-Arm/install/parameter_traits:/home/gustav/P5-Kuka-Dual-Arm/install/moveit_resources_pr2_description:/home/gustav/P5-Kuka-Dual-Arm/install/moveit_resources_panda_description:/home/gustav/P5-Kuka-Dual-Arm/install/moveit_msgs:/home/gustav/P5-Kuka-Dual-Arm/install/moveit_common:/home/gustav/P5-Kuka-Dual-Arm/install/generate_parameter_library_py:${AMENT_PREFIX_PATH} CMAKE_PREFIX_PATH=/home/gustav/P5-Kuka-Dual-Arm/install/moveit_ros_planning:/home/gustav/P5-Kuka-Dual-Arm/install/moveit_ros_occupancy_map_monitor:/home/gustav/P5-Kuka-Dual-Arm/install/moveit_core:/home/gustav/P5-Kuka-Dual-Arm/install/moveit_resources_panda_moveit_config:/home/gustav/P5-Kuka-Dual-Arm/install/generate_parameter_library:/home/gustav/P5-Kuka-Dual-Arm/install/parameter_traits:/home/gustav/P5-Kuka-Dual-Arm/install/moveit_resources_pr2_description:/home/gustav/P5-Kuka-Dual-Arm/install/moveit_resources_panda_description:/home/gustav/P5-Kuka-Dual-Arm/install/moveit_msgs:/home/gustav/P5-Kuka-Dual-Arm/install/moveit_common:/opt/ros/humble LD_LIBRARY_PATH=/home/gustav/P5-Kuka-Dual-Arm/install/moveit_ros_planning/lib:/home/gustav/P5-Kuka-Dual-Arm/install/moveit_ros_occupancy_map_monitor/lib:/home/gustav/P5-Kuka-Dual-Arm/install/moveit_core/lib:/home/gustav/P5-Kuka-Dual-Arm/install/parameter_traits/lib:/home/gustav/P5-Kuka-Dual-Arm/install/moveit_msgs/lib:${LD_LIBRARY_PATH} PATH=/home/gustav/P5-Kuka-Dual-Arm/install/moveit_core/bin:/home/gustav/P5-Kuka-Dual-Arm/install/generate_parameter_library_py/bin:${PATH} PYTHONPATH=/home/gustav/P5-Kuka-Dual-Arm/install/moveit_msgs/local/lib/python3.10/dist-packages:/home/gustav/P5-Kuka-Dual-Arm/install/generate_parameter_library_py/lib/python3.10/site-packages:${PYTHONPATH} /usr/bin/cmake --install /home/gustav/P5-Kuka-Dual-Arm/build/moveit_ros_perception
