[1.375s] Invoking command in '/home/gustav/P5-Kuka-Dual-Arm/p5_ws/src/py_srvcli': AMENT_PREFIX_PATH=/home/gustav/P5-Kuka-Dual-Arm/install/tutorial_interfaces:${AMENT_PREFIX_PATH} CMAKE_PREFIX_PATH=/home/gustav/P5-Kuka-Dual-Arm/install/tutorial_interfaces:${CMAKE_PREFIX_PATH} LD_LIBRARY_PATH=/home/gustav/P5-Kuka-Dual-Arm/install/tutorial_interfaces/lib:${LD_LIBRARY_PATH} PYTHONPATH=/home/gustav/P5-Kuka-Dual-Arm/build/py_srvcli/prefix_override:/usr/lib/python3/dist-packages/colcon_core/task/python/colcon_distutils_commands:/home/gustav/P5-Kuka-Dual-Arm/install/py_srvcli/lib/python3.10/site-packages:/home/gustav/P5-Kuka-Dual-Arm/install/tutorial_interfaces/local/lib/python3.10/dist-packages:${PYTHONPATH} /usr/bin/python3 -W ignore:setup.py install is deprecated setup.py egg_info --egg-base ../../../build/py_srvcli build --build-base /home/gustav/P5-Kuka-Dual-Arm/build/py_srvcli/build install --record /home/gustav/P5-Kuka-Dual-Arm/build/py_srvcli/install.log --single-version-externally-managed install_data
[1.867s] running egg_info
[1.867s] creating ../../../build/py_srvcli/py_srvcli.egg-info
[1.867s] writing ../../../build/py_srvcli/py_srvcli.egg-info/PKG-INFO
[1.868s] writing dependency_links to ../../../build/py_srvcli/py_srvcli.egg-info/dependency_links.txt
[1.868s] writing entry points to ../../../build/py_srvcli/py_srvcli.egg-info/entry_points.txt
[1.868s] writing requirements to ../../../build/py_srvcli/py_srvcli.egg-info/requires.txt
[1.868s] writing top-level names to ../../../build/py_srvcli/py_srvcli.egg-info/top_level.txt
[1.868s] writing manifest file '../../../build/py_srvcli/py_srvcli.egg-info/SOURCES.txt'
[1.871s] reading manifest file '../../../build/py_srvcli/py_srvcli.egg-info/SOURCES.txt'
[1.874s] adding license file 'LICENSE'
[1.874s] writing manifest file '../../../build/py_srvcli/py_srvcli.egg-info/SOURCES.txt'
[1.875s] running build
[1.875s] running build_py
[1.875s] creating /home/gustav/P5-Kuka-Dual-Arm/build/py_srvcli/build
[1.875s] creating /home/gustav/P5-Kuka-Dual-Arm/build/py_srvcli/build/lib
[1.879s] creating /home/gustav/P5-Kuka-Dual-Arm/build/py_srvcli/build/lib/py_srvcli
[1.879s] copying py_srvcli/__init__.py -> /home/gustav/P5-Kuka-Dual-Arm/build/py_srvcli/build/lib/py_srvcli
[1.879s] copying py_srvcli/service_member_function.py -> /home/gustav/P5-Kuka-Dual-Arm/build/py_srvcli/build/lib/py_srvcli
[1.879s] copying py_srvcli/client_member_function.py -> /home/gustav/P5-Kuka-Dual-Arm/build/py_srvcli/build/lib/py_srvcli
[1.879s] running install
[1.879s] running install_lib
[1.880s] creating /home/gustav/P5-Kuka-Dual-Arm/install/py_srvcli/lib/python3.10/site-packages/py_srvcli
[1.880s] copying /home/gustav/P5-Kuka-Dual-Arm/build/py_srvcli/build/lib/py_srvcli/__init__.py -> /home/gustav/P5-Kuka-Dual-Arm/install/py_srvcli/lib/python3.10/site-packages/py_srvcli
[1.880s] copying /home/gustav/P5-Kuka-Dual-Arm/build/py_srvcli/build/lib/py_srvcli/service_member_function.py -> /home/gustav/P5-Kuka-Dual-Arm/install/py_srvcli/lib/python3.10/site-packages/py_srvcli
[1.880s] copying /home/gustav/P5-Kuka-Dual-Arm/build/py_srvcli/build/lib/py_srvcli/client_member_function.py -> /home/gustav/P5-Kuka-Dual-Arm/install/py_srvcli/lib/python3.10/site-packages/py_srvcli
[1.881s] byte-compiling /home/gustav/P5-Kuka-Dual-Arm/install/py_srvcli/lib/python3.10/site-packages/py_srvcli/__init__.py to __init__.cpython-310.pyc
[1.881s] byte-compiling /home/gustav/P5-Kuka-Dual-Arm/install/py_srvcli/lib/python3.10/site-packages/py_srvcli/service_member_function.py to service_member_function.cpython-310.pyc
[1.885s] byte-compiling /home/gustav/P5-Kuka-Dual-Arm/install/py_srvcli/lib/python3.10/site-packages/py_srvcli/client_member_function.py to client_member_function.cpython-310.pyc
[1.893s] running install_data
[1.893s] creating /home/gustav/P5-Kuka-Dual-Arm/install/py_srvcli/share/ament_index
[1.893s] creating /home/gustav/P5-Kuka-Dual-Arm/install/py_srvcli/share/ament_index/resource_index
[1.894s] creating /home/gustav/P5-Kuka-Dual-Arm/install/py_srvcli/share/ament_index/resource_index/packages
[1.894s] copying resource/py_srvcli -> /home/gustav/P5-Kuka-Dual-Arm/install/py_srvcli/share/ament_index/resource_index/packages
[1.894s] copying package.xml -> /home/gustav/P5-Kuka-Dual-Arm/install/py_srvcli/share/py_srvcli
[1.894s] running install_egg_info
[1.897s] Copying ../../../build/py_srvcli/py_srvcli.egg-info to /home/gustav/P5-Kuka-Dual-Arm/install/py_srvcli/lib/python3.10/site-packages/py_srvcli-0.0.0-py3.10.egg-info
[1.898s] running install_scripts
[1.962s] Installing client script to /home/gustav/P5-Kuka-Dual-Arm/install/py_srvcli/lib/py_srvcli
[1.963s] Installing service script to /home/gustav/P5-Kuka-Dual-Arm/install/py_srvcli/lib/py_srvcli
[1.963s] writing list of installed files to '/home/gustav/P5-Kuka-Dual-Arm/build/py_srvcli/install.log'
[2.010s] Invoked command in '/home/gustav/P5-Kuka-Dual-Arm/p5_ws/src/py_srvcli' returned '0': AMENT_PREFIX_PATH=/home/gustav/P5-Kuka-Dual-Arm/install/tutorial_interfaces:${AMENT_PREFIX_PATH} CMAKE_PREFIX_PATH=/home/gustav/P5-Kuka-Dual-Arm/install/tutorial_interfaces:${CMAKE_PREFIX_PATH} LD_LIBRARY_PATH=/home/gustav/P5-Kuka-Dual-Arm/install/tutorial_interfaces/lib:${LD_LIBRARY_PATH} PYTHONPATH=/home/gustav/P5-Kuka-Dual-Arm/build/py_srvcli/prefix_override:/usr/lib/python3/dist-packages/colcon_core/task/python/colcon_distutils_commands:/home/gustav/P5-Kuka-Dual-Arm/install/py_srvcli/lib/python3.10/site-packages:/home/gustav/P5-Kuka-Dual-Arm/install/tutorial_interfaces/local/lib/python3.10/dist-packages:${PYTHONPATH} /usr/bin/python3 -W ignore:setup.py install is deprecated setup.py egg_info --egg-base ../../../build/py_srvcli build --build-base /home/gustav/P5-Kuka-Dual-Arm/build/py_srvcli/build install --record /home/gustav/P5-Kuka-Dual-Arm/build/py_srvcli/install.log --single-version-externally-managed install_data
