[0.303s] Invoking command in '/home/gustav/P5-Kuka-Dual-Arm/build/moveit_common': CMAKE_PREFIX_PATH=${CMAKE_PREFIX_PATH}:/home/gustav/lbr_stack/install/lbr_demos_py:/home/gustav/lbr_stack/install/lbr_demos_advanced_py:/opt/ros/humble /usr/bin/cmake /home/gustav/P5-Kuka-Dual-Arm/p5_ws/src/moveit2/moveit_common -DCMAKE_INSTALL_PREFIX=/home/gustav/P5-Kuka-Dual-Arm/install/moveit_common
[0.347s] -- Found ament_cmake: 1.3.10 (/opt/ros/humble/share/ament_cmake/cmake)
[0.621s] -- Found Python3: /usr/bin/python3 (found version "3.10.12") found components: Interpreter 
[0.847s] -- Found ament_lint_auto: 0.12.11 (/opt/ros/humble/share/ament_lint_auto/cmake)
[1.048s] -- Added test 'copyright' to check source files copyright and LICENSE
[1.050s] -- Added test 'lint_cmake' to check CMake code style
[1.054s] -- Added test 'xmllint' to check XML markup files
[1.058s] -- Configuring done
[1.065s] -- Generating done
[1.065s] -- Build files have been written to: /home/gustav/P5-Kuka-Dual-Arm/build/moveit_common
[1.075s] Invoked command in '/home/gustav/P5-Kuka-Dual-Arm/build/moveit_common' returned '0': CMAKE_PREFIX_PATH=${CMAKE_PREFIX_PATH}:/home/gustav/lbr_stack/install/lbr_demos_py:/home/gustav/lbr_stack/install/lbr_demos_advanced_py:/opt/ros/humble /usr/bin/cmake /home/gustav/P5-Kuka-Dual-Arm/p5_ws/src/moveit2/moveit_common -DCMAKE_INSTALL_PREFIX=/home/gustav/P5-Kuka-Dual-Arm/install/moveit_common
[1.076s] Invoking command in '/home/gustav/P5-Kuka-Dual-Arm/build/moveit_common': CMAKE_PREFIX_PATH=${CMAKE_PREFIX_PATH}:/home/gustav/lbr_stack/install/lbr_demos_py:/home/gustav/lbr_stack/install/lbr_demos_advanced_py:/opt/ros/humble /usr/bin/cmake --build /home/gustav/P5-Kuka-Dual-Arm/build/moveit_common -- -j8 -l8
[1.149s] Invoked command in '/home/gustav/P5-Kuka-Dual-Arm/build/moveit_common' returned '0': CMAKE_PREFIX_PATH=${CMAKE_PREFIX_PATH}:/home/gustav/lbr_stack/install/lbr_demos_py:/home/gustav/lbr_stack/install/lbr_demos_advanced_py:/opt/ros/humble /usr/bin/cmake --build /home/gustav/P5-Kuka-Dual-Arm/build/moveit_common -- -j8 -l8
[1.195s] Invoking command in '/home/gustav/P5-Kuka-Dual-Arm/build/moveit_common': CMAKE_PREFIX_PATH=${CMAKE_PREFIX_PATH}:/home/gustav/lbr_stack/install/lbr_demos_py:/home/gustav/lbr_stack/install/lbr_demos_advanced_py:/opt/ros/humble /usr/bin/cmake --install /home/gustav/P5-Kuka-Dual-Arm/build/moveit_common
[1.207s] -- Install configuration: ""
[1.208s] -- Installing: /home/gustav/P5-Kuka-Dual-Arm/install/moveit_common/share/ament_index/resource_index/package_run_dependencies/moveit_common
[1.209s] -- Installing: /home/gustav/P5-Kuka-Dual-Arm/install/moveit_common/share/ament_index/resource_index/parent_prefix_path/moveit_common
[1.210s] -- Installing: /home/gustav/P5-Kuka-Dual-Arm/install/moveit_common/share/moveit_common/environment/ament_prefix_path.sh
[1.210s] -- Installing: /home/gustav/P5-Kuka-Dual-Arm/install/moveit_common/share/moveit_common/environment/ament_prefix_path.dsv
[1.211s] -- Installing: /home/gustav/P5-Kuka-Dual-Arm/install/moveit_common/share/moveit_common/environment/path.sh
[1.212s] -- Installing: /home/gustav/P5-Kuka-Dual-Arm/install/moveit_common/share/moveit_common/environment/path.dsv
[1.212s] -- Installing: /home/gustav/P5-Kuka-Dual-Arm/install/moveit_common/share/moveit_common/local_setup.bash
[1.212s] -- Installing: /home/gustav/P5-Kuka-Dual-Arm/install/moveit_common/share/moveit_common/local_setup.sh
[1.213s] -- Installing: /home/gustav/P5-Kuka-Dual-Arm/install/moveit_common/share/moveit_common/local_setup.zsh
[1.213s] -- Installing: /home/gustav/P5-Kuka-Dual-Arm/install/moveit_common/share/moveit_common/local_setup.dsv
[1.214s] -- Installing: /home/gustav/P5-Kuka-Dual-Arm/install/moveit_common/share/moveit_common/package.dsv
[1.214s] -- Installing: /home/gustav/P5-Kuka-Dual-Arm/install/moveit_common/share/ament_index/resource_index/packages/moveit_common
[1.214s] -- Installing: /home/gustav/P5-Kuka-Dual-Arm/install/moveit_common/share/moveit_common/cmake/moveit_common-extras.cmake
[1.215s] -- Installing: /home/gustav/P5-Kuka-Dual-Arm/install/moveit_common/share/moveit_common/cmake/moveit_commonConfig.cmake
[1.215s] -- Installing: /home/gustav/P5-Kuka-Dual-Arm/install/moveit_common/share/moveit_common/cmake/moveit_commonConfig-version.cmake
[1.215s] -- Installing: /home/gustav/P5-Kuka-Dual-Arm/install/moveit_common/share/moveit_common/package.xml
[1.215s] -- Up-to-date: /home/gustav/P5-Kuka-Dual-Arm/install/moveit_common/share/moveit_common/cmake
[1.215s] -- Installing: /home/gustav/P5-Kuka-Dual-Arm/install/moveit_common/share/moveit_common/cmake/moveit_package.cmake
[1.215s] Invoked command in '/home/gustav/P5-Kuka-Dual-Arm/build/moveit_common' returned '0': CMAKE_PREFIX_PATH=${CMAKE_PREFIX_PATH}:/home/gustav/lbr_stack/install/lbr_demos_py:/home/gustav/lbr_stack/install/lbr_demos_advanced_py:/opt/ros/humble /usr/bin/cmake --install /home/gustav/P5-Kuka-Dual-Arm/build/moveit_common
