[0.006s] Invoking command in '/home/gustav/P5-Kuka-Dual-Arm/build/lbr_description': CMAKE_PREFIX_PATH=/opt/ros/humble /usr/bin/cmake --build /home/gustav/P5-Kuka-Dual-Arm/build/lbr_description -- -j8 -l8
[0.043s] Invoked command in '/home/gustav/P5-Kuka-Dual-Arm/build/lbr_description' returned '0': CMAKE_PREFIX_PATH=/opt/ros/humble /usr/bin/cmake --build /home/gustav/P5-Kuka-Dual-Arm/build/lbr_description -- -j8 -l8
[0.064s] Invoking command in '/home/gustav/P5-Kuka-Dual-Arm/build/lbr_description': CMAKE_PREFIX_PATH=/opt/ros/humble /usr/bin/cmake --install /home/gustav/P5-Kuka-Dual-Arm/build/lbr_description
[0.072s] -- Install configuration: "Release"
[0.073s] -- Up-to-date: /home/gustav/P5-Kuka-Dual-Arm/install/lbr_description/share/lbr_description/config
[0.073s] -- Up-to-date: /home/gustav/P5-Kuka-Dual-Arm/install/lbr_description/share/lbr_description/config/config.rviz
[0.073s] -- Up-to-date: /home/gustav/P5-Kuka-Dual-Arm/install/lbr_description/share/lbr_description/gazebo
[0.073s] -- Up-to-date: /home/gustav/P5-Kuka-Dual-Arm/install/lbr_description/share/lbr_description/gazebo/lbr_gazebo.xacro
[0.073s] -- Up-to-date: /home/gustav/P5-Kuka-Dual-Arm/install/lbr_description/share/lbr_description/meshes
[0.073s] -- Up-to-date: /home/gustav/P5-Kuka-Dual-Arm/install/lbr_description/share/lbr_description/meshes/med14
[0.074s] -- Up-to-date: /home/gustav/P5-Kuka-Dual-Arm/install/lbr_description/share/lbr_description/meshes/med14/visual
[0.074s] -- Up-to-date: /home/gustav/P5-Kuka-Dual-Arm/install/lbr_description/share/lbr_description/meshes/med14/visual/link_3.dae
[0.074s] -- Up-to-date: /home/gustav/P5-Kuka-Dual-Arm/install/lbr_description/share/lbr_description/meshes/med14/visual/link_5.dae
[0.074s] -- Up-to-date: /home/gustav/P5-Kuka-Dual-Arm/install/lbr_description/share/lbr_description/meshes/med14/visual/link_1.dae
[0.074s] -- Up-to-date: /home/gustav/P5-Kuka-Dual-Arm/install/lbr_description/share/lbr_description/meshes/med14/visual/link_0.dae
[0.074s] -- Up-to-date: /home/gustav/P5-Kuka-Dual-Arm/install/lbr_description/share/lbr_description/meshes/med14/visual/link_6.dae
[0.075s] -- Up-to-date: /home/gustav/P5-Kuka-Dual-Arm/install/lbr_description/share/lbr_description/meshes/med14/visual/link_2.dae
[0.075s] -- Up-to-date: /home/gustav/P5-Kuka-Dual-Arm/install/lbr_description/share/lbr_description/meshes/med14/visual/link_7.dae
[0.075s] -- Up-to-date: /home/gustav/P5-Kuka-Dual-Arm/install/lbr_description/share/lbr_description/meshes/med14/visual/link_4.dae
[0.075s] -- Up-to-date: /home/gustav/P5-Kuka-Dual-Arm/install/lbr_description/share/lbr_description/meshes/med14/collision
[0.075s] -- Up-to-date: /home/gustav/P5-Kuka-Dual-Arm/install/lbr_description/share/lbr_description/meshes/med14/collision/link_3.stl
[0.075s] -- Up-to-date: /home/gustav/P5-Kuka-Dual-Arm/install/lbr_description/share/lbr_description/meshes/med14/collision/link_0.stl
[0.075s] -- Up-to-date: /home/gustav/P5-Kuka-Dual-Arm/install/lbr_description/share/lbr_description/meshes/med14/collision/link_1.stl
[0.075s] -- Up-to-date: /home/gustav/P5-Kuka-Dual-Arm/install/lbr_description/share/lbr_description/meshes/med14/collision/link_6.stl
[0.075s] -- Up-to-date: /home/gustav/P5-Kuka-Dual-Arm/install/lbr_description/share/lbr_description/meshes/med14/collision/link_5.stl
[0.076s] -- Up-to-date: /home/gustav/P5-Kuka-Dual-Arm/install/lbr_description/share/lbr_description/meshes/med14/collision/link_7.stl
[0.076s] -- Up-to-date: /home/gustav/P5-Kuka-Dual-Arm/install/lbr_description/share/lbr_description/meshes/med14/collision/link_2.stl
[0.076s] -- Up-to-date: /home/gustav/P5-Kuka-Dual-Arm/install/lbr_description/share/lbr_description/meshes/med14/collision/link_4.stl
[0.076s] -- Up-to-date: /home/gustav/P5-Kuka-Dual-Arm/install/lbr_description/share/lbr_description/meshes/iiwa7
[0.077s] -- Up-to-date: /home/gustav/P5-Kuka-Dual-Arm/install/lbr_description/share/lbr_description/meshes/iiwa7/visual
[0.077s] -- Up-to-date: /home/gustav/P5-Kuka-Dual-Arm/install/lbr_description/share/lbr_description/meshes/iiwa7/visual/link_3.dae
[0.077s] -- Up-to-date: /home/gustav/P5-Kuka-Dual-Arm/install/lbr_description/share/lbr_description/meshes/iiwa7/visual/link_5.dae
[0.077s] -- Up-to-date: /home/gustav/P5-Kuka-Dual-Arm/install/lbr_description/share/lbr_description/meshes/iiwa7/visual/link_1.dae
[0.077s] -- Up-to-date: /home/gustav/P5-Kuka-Dual-Arm/install/lbr_description/share/lbr_description/meshes/iiwa7/visual/link_0.dae
[0.077s] -- Up-to-date: /home/gustav/P5-Kuka-Dual-Arm/install/lbr_description/share/lbr_description/meshes/iiwa7/visual/link_6.dae
[0.077s] -- Up-to-date: /home/gustav/P5-Kuka-Dual-Arm/install/lbr_description/share/lbr_description/meshes/iiwa7/visual/link_2.dae
[0.077s] -- Up-to-date: /home/gustav/P5-Kuka-Dual-Arm/install/lbr_description/share/lbr_description/meshes/iiwa7/visual/link_7.dae
[0.078s] -- Up-to-date: /home/gustav/P5-Kuka-Dual-Arm/install/lbr_description/share/lbr_description/meshes/iiwa7/visual/link_4.dae
[0.078s] -- Up-to-date: /home/gustav/P5-Kuka-Dual-Arm/install/lbr_description/share/lbr_description/meshes/iiwa7/collision
[0.078s] -- Up-to-date: /home/gustav/P5-Kuka-Dual-Arm/install/lbr_description/share/lbr_description/meshes/iiwa7/collision/link_3.stl
[0.078s] -- Up-to-date: /home/gustav/P5-Kuka-Dual-Arm/install/lbr_description/share/lbr_description/meshes/iiwa7/collision/link_0.stl
[0.078s] -- Up-to-date: /home/gustav/P5-Kuka-Dual-Arm/install/lbr_description/share/lbr_description/meshes/iiwa7/collision/link_1.stl
[0.078s] -- Up-to-date: /home/gustav/P5-Kuka-Dual-Arm/install/lbr_description/share/lbr_description/meshes/iiwa7/collision/link_6.stl
[0.078s] -- Up-to-date: /home/gustav/P5-Kuka-Dual-Arm/install/lbr_description/share/lbr_description/meshes/iiwa7/collision/link_5.stl
[0.078s] -- Up-to-date: /home/gustav/P5-Kuka-Dual-Arm/install/lbr_description/share/lbr_description/meshes/iiwa7/collision/link_7.stl
[0.078s] -- Up-to-date: /home/gustav/P5-Kuka-Dual-Arm/install/lbr_description/share/lbr_description/meshes/iiwa7/collision/link_2.stl
[0.078s] -- Up-to-date: /home/gustav/P5-Kuka-Dual-Arm/install/lbr_description/share/lbr_description/meshes/iiwa7/collision/link_4.stl
[0.078s] -- Up-to-date: /home/gustav/P5-Kuka-Dual-Arm/install/lbr_description/share/lbr_description/meshes/iiwa14
[0.079s] -- Up-to-date: /home/gustav/P5-Kuka-Dual-Arm/install/lbr_description/share/lbr_description/meshes/iiwa14/visual
[0.079s] -- Up-to-date: /home/gustav/P5-Kuka-Dual-Arm/install/lbr_description/share/lbr_description/meshes/iiwa14/visual/link_3.dae
[0.079s] -- Up-to-date: /home/gustav/P5-Kuka-Dual-Arm/install/lbr_description/share/lbr_description/meshes/iiwa14/visual/link_5.dae
[0.079s] -- Up-to-date: /home/gustav/P5-Kuka-Dual-Arm/install/lbr_description/share/lbr_description/meshes/iiwa14/visual/link_1.dae
[0.079s] -- Up-to-date: /home/gustav/P5-Kuka-Dual-Arm/install/lbr_description/share/lbr_description/meshes/iiwa14/visual/link_0.dae
[0.079s] -- Up-to-date: /home/gustav/P5-Kuka-Dual-Arm/install/lbr_description/share/lbr_description/meshes/iiwa14/visual/link_6.dae
[0.079s] -- Up-to-date: /home/gustav/P5-Kuka-Dual-Arm/install/lbr_description/share/lbr_description/meshes/iiwa14/visual/link_2.dae
[0.079s] -- Up-to-date: /home/gustav/P5-Kuka-Dual-Arm/install/lbr_description/share/lbr_description/meshes/iiwa14/visual/link_7.dae
[0.079s] -- Up-to-date: /home/gustav/P5-Kuka-Dual-Arm/install/lbr_description/share/lbr_description/meshes/iiwa14/visual/link_4.dae
[0.079s] -- Up-to-date: /home/gustav/P5-Kuka-Dual-Arm/install/lbr_description/share/lbr_description/meshes/iiwa14/collision
[0.080s] -- Up-to-date: /home/gustav/P5-Kuka-Dual-Arm/install/lbr_description/share/lbr_description/meshes/iiwa14/collision/link_3.stl
[0.080s] -- Up-to-date: /home/gustav/P5-Kuka-Dual-Arm/install/lbr_description/share/lbr_description/meshes/iiwa14/collision/link_0.stl
[0.080s] -- Up-to-date: /home/gustav/P5-Kuka-Dual-Arm/install/lbr_description/share/lbr_description/meshes/iiwa14/collision/link_1.stl
[0.080s] -- Up-to-date: /home/gustav/P5-Kuka-Dual-Arm/install/lbr_description/share/lbr_description/meshes/iiwa14/collision/link_6.stl
[0.080s] -- Up-to-date: /home/gustav/P5-Kuka-Dual-Arm/install/lbr_description/share/lbr_description/meshes/iiwa14/collision/link_5.stl
[0.080s] -- Up-to-date: /home/gustav/P5-Kuka-Dual-Arm/install/lbr_description/share/lbr_description/meshes/iiwa14/collision/link_7.stl
[0.080s] -- Up-to-date: /home/gustav/P5-Kuka-Dual-Arm/install/lbr_description/share/lbr_description/meshes/iiwa14/collision/link_2.stl
[0.080s] -- Up-to-date: /home/gustav/P5-Kuka-Dual-Arm/install/lbr_description/share/lbr_description/meshes/iiwa14/collision/link_4.stl
[0.080s] -- Up-to-date: /home/gustav/P5-Kuka-Dual-Arm/install/lbr_description/share/lbr_description/meshes/med7
[0.080s] -- Up-to-date: /home/gustav/P5-Kuka-Dual-Arm/install/lbr_description/share/lbr_description/meshes/med7/visual
[0.081s] -- Up-to-date: /home/gustav/P5-Kuka-Dual-Arm/install/lbr_description/share/lbr_description/meshes/med7/visual/link_3.dae
[0.081s] -- Up-to-date: /home/gustav/P5-Kuka-Dual-Arm/install/lbr_description/share/lbr_description/meshes/med7/visual/link_5.dae
[0.081s] -- Up-to-date: /home/gustav/P5-Kuka-Dual-Arm/install/lbr_description/share/lbr_description/meshes/med7/visual/link_1.dae
[0.081s] -- Up-to-date: /home/gustav/P5-Kuka-Dual-Arm/install/lbr_description/share/lbr_description/meshes/med7/visual/link_0.dae
[0.081s] -- Up-to-date: /home/gustav/P5-Kuka-Dual-Arm/install/lbr_description/share/lbr_description/meshes/med7/visual/link_6.dae
[0.081s] -- Up-to-date: /home/gustav/P5-Kuka-Dual-Arm/install/lbr_description/share/lbr_description/meshes/med7/visual/link_2.dae
[0.081s] -- Up-to-date: /home/gustav/P5-Kuka-Dual-Arm/install/lbr_description/share/lbr_description/meshes/med7/visual/link_7.dae
[0.081s] -- Up-to-date: /home/gustav/P5-Kuka-Dual-Arm/install/lbr_description/share/lbr_description/meshes/med7/visual/link_4.dae
[0.081s] -- Up-to-date: /home/gustav/P5-Kuka-Dual-Arm/install/lbr_description/share/lbr_description/meshes/med7/collision
[0.081s] -- Up-to-date: /home/gustav/P5-Kuka-Dual-Arm/install/lbr_description/share/lbr_description/meshes/med7/collision/link_3.stl
[0.081s] -- Up-to-date: /home/gustav/P5-Kuka-Dual-Arm/install/lbr_description/share/lbr_description/meshes/med7/collision/link_0.stl
[0.081s] -- Up-to-date: /home/gustav/P5-Kuka-Dual-Arm/install/lbr_description/share/lbr_description/meshes/med7/collision/link_1.stl
[0.081s] -- Up-to-date: /home/gustav/P5-Kuka-Dual-Arm/install/lbr_description/share/lbr_description/meshes/med7/collision/link_6.stl
[0.081s] -- Up-to-date: /home/gustav/P5-Kuka-Dual-Arm/install/lbr_description/share/lbr_description/meshes/med7/collision/link_5.stl
[0.081s] -- Up-to-date: /home/gustav/P5-Kuka-Dual-Arm/install/lbr_description/share/lbr_description/meshes/med7/collision/link_7.stl
[0.082s] -- Up-to-date: /home/gustav/P5-Kuka-Dual-Arm/install/lbr_description/share/lbr_description/meshes/med7/collision/link_2.stl
[0.082s] -- Up-to-date: /home/gustav/P5-Kuka-Dual-Arm/install/lbr_description/share/lbr_description/meshes/med7/collision/link_4.stl
[0.082s] -- Up-to-date: /home/gustav/P5-Kuka-Dual-Arm/install/lbr_description/share/lbr_description/urdf
[0.082s] -- Up-to-date: /home/gustav/P5-Kuka-Dual-Arm/install/lbr_description/share/lbr_description/urdf/med14
[0.082s] -- Up-to-date: /home/gustav/P5-Kuka-Dual-Arm/install/lbr_description/share/lbr_description/urdf/med14/med14_description.xacro
[0.082s] -- Up-to-date: /home/gustav/P5-Kuka-Dual-Arm/install/lbr_description/share/lbr_description/urdf/med14/med14.xacro
[0.082s] -- Up-to-date: /home/gustav/P5-Kuka-Dual-Arm/install/lbr_description/share/lbr_description/urdf/med14/joint_limits.yaml
[0.082s] -- Up-to-date: /home/gustav/P5-Kuka-Dual-Arm/install/lbr_description/share/lbr_description/urdf/iiwa7
[0.082s] -- Up-to-date: /home/gustav/P5-Kuka-Dual-Arm/install/lbr_description/share/lbr_description/urdf/iiwa7/joint_limits.yaml
[0.082s] -- Up-to-date: /home/gustav/P5-Kuka-Dual-Arm/install/lbr_description/share/lbr_description/urdf/iiwa7/iiwa7.xacro
[0.082s] -- Up-to-date: /home/gustav/P5-Kuka-Dual-Arm/install/lbr_description/share/lbr_description/urdf/iiwa7/iiwa7_description.xacro
[0.083s] -- Up-to-date: /home/gustav/P5-Kuka-Dual-Arm/install/lbr_description/share/lbr_description/urdf/iiwa14
[0.083s] -- Up-to-date: /home/gustav/P5-Kuka-Dual-Arm/install/lbr_description/share/lbr_description/urdf/iiwa14/joint_limits.yaml
[0.083s] -- Up-to-date: /home/gustav/P5-Kuka-Dual-Arm/install/lbr_description/share/lbr_description/urdf/iiwa14/iiwa14_description.xacro
[0.083s] -- Up-to-date: /home/gustav/P5-Kuka-Dual-Arm/install/lbr_description/share/lbr_description/urdf/iiwa14/iiwa14.xacro
[0.083s] -- Up-to-date: /home/gustav/P5-Kuka-Dual-Arm/install/lbr_description/share/lbr_description/urdf/med7
[0.083s] -- Up-to-date: /home/gustav/P5-Kuka-Dual-Arm/install/lbr_description/share/lbr_description/urdf/med7/med7.xacro
[0.083s] -- Up-to-date: /home/gustav/P5-Kuka-Dual-Arm/install/lbr_description/share/lbr_description/urdf/med7/joint_limits.yaml
[0.083s] -- Up-to-date: /home/gustav/P5-Kuka-Dual-Arm/install/lbr_description/share/lbr_description/urdf/med7/med7_description.xacro
[0.083s] -- Up-to-date: /home/gustav/P5-Kuka-Dual-Arm/install/lbr_description/share/lbr_description/environment/lbr_description.dsv
[0.083s] -- Up-to-date: /home/gustav/P5-Kuka-Dual-Arm/install/lbr_description/share/ament_index/resource_index/package_run_dependencies/lbr_description
[0.083s] -- Up-to-date: /home/gustav/P5-Kuka-Dual-Arm/install/lbr_description/share/ament_index/resource_index/parent_prefix_path/lbr_description
[0.084s] -- Up-to-date: /home/gustav/P5-Kuka-Dual-Arm/install/lbr_description/share/lbr_description/environment/ament_prefix_path.sh
[0.084s] -- Up-to-date: /home/gustav/P5-Kuka-Dual-Arm/install/lbr_description/share/lbr_description/environment/ament_prefix_path.dsv
[0.084s] -- Up-to-date: /home/gustav/P5-Kuka-Dual-Arm/install/lbr_description/share/lbr_description/environment/path.sh
[0.084s] -- Up-to-date: /home/gustav/P5-Kuka-Dual-Arm/install/lbr_description/share/lbr_description/environment/path.dsv
[0.084s] -- Up-to-date: /home/gustav/P5-Kuka-Dual-Arm/install/lbr_description/share/lbr_description/local_setup.bash
[0.084s] -- Up-to-date: /home/gustav/P5-Kuka-Dual-Arm/install/lbr_description/share/lbr_description/local_setup.sh
[0.084s] -- Up-to-date: /home/gustav/P5-Kuka-Dual-Arm/install/lbr_description/share/lbr_description/local_setup.zsh
[0.084s] -- Up-to-date: /home/gustav/P5-Kuka-Dual-Arm/install/lbr_description/share/lbr_description/local_setup.dsv
[0.084s] -- Installing: /home/gustav/P5-Kuka-Dual-Arm/install/lbr_description/share/lbr_description/package.dsv
[0.085s] -- Up-to-date: /home/gustav/P5-Kuka-Dual-Arm/install/lbr_description/share/ament_index/resource_index/packages/lbr_description
[0.085s] -- Up-to-date: /home/gustav/P5-Kuka-Dual-Arm/install/lbr_description/share/lbr_description/cmake/lbr_descriptionConfig.cmake
[0.085s] -- Up-to-date: /home/gustav/P5-Kuka-Dual-Arm/install/lbr_description/share/lbr_description/cmake/lbr_descriptionConfig-version.cmake
[0.085s] -- Up-to-date: /home/gustav/P5-Kuka-Dual-Arm/install/lbr_description/share/lbr_description/package.xml
[0.086s] Invoked command in '/home/gustav/P5-Kuka-Dual-Arm/build/lbr_description' returned '0': CMAKE_PREFIX_PATH=/opt/ros/humble /usr/bin/cmake --install /home/gustav/P5-Kuka-Dual-Arm/build/lbr_description
