[0.350s] Invoking command in '/home/gustav/P5-Kuka-Dual-Arm/build/moveit_resources_pr2_description': CMAKE_PREFIX_PATH=${CMAKE_PREFIX_PATH}:/home/gustav/ws_moveit2/install/moveit_configs_utils:/home/gustav/ws_moveit2/install/launch_param_builder:/home/gustav/lbr_stack/install/lbr_demos_py:/home/gustav/lbr_stack/install/lbr_demos_advanced_py:/opt/ros/humble /usr/bin/cmake --build /home/gustav/P5-Kuka-Dual-Arm/build/moveit_resources_pr2_description -- -j8 -l8
[0.830s] Invoked command in '/home/gustav/P5-Kuka-Dual-Arm/build/moveit_resources_pr2_description' returned '0': CMAKE_PREFIX_PATH=${CMAKE_PREFIX_PATH}:/home/gustav/ws_moveit2/install/moveit_configs_utils:/home/gustav/ws_moveit2/install/launch_param_builder:/home/gustav/lbr_stack/install/lbr_demos_py:/home/gustav/lbr_stack/install/lbr_demos_advanced_py:/opt/ros/humble /usr/bin/cmake --build /home/gustav/P5-Kuka-Dual-Arm/build/moveit_resources_pr2_description -- -j8 -l8
[1.004s] Invoking command in '/home/gustav/P5-Kuka-Dual-Arm/build/moveit_resources_pr2_description': CMAKE_PREFIX_PATH=${CMAKE_PREFIX_PATH}:/home/gustav/ws_moveit2/install/moveit_configs_utils:/home/gustav/ws_moveit2/install/launch_param_builder:/home/gustav/lbr_stack/install/lbr_demos_py:/home/gustav/lbr_stack/install/lbr_demos_advanced_py:/opt/ros/humble /usr/bin/cmake --install /home/gustav/P5-Kuka-Dual-Arm/build/moveit_resources_pr2_description
[1.039s] -- Install configuration: "Release"
[1.040s] -- Up-to-date: /home/gustav/P5-Kuka-Dual-Arm/install/moveit_resources_pr2_description/share/ament_index/resource_index/package_run_dependencies/moveit_resources_pr2_description
[1.040s] -- Up-to-date: /home/gustav/P5-Kuka-Dual-Arm/install/moveit_resources_pr2_description/share/ament_index/resource_index/parent_prefix_path/moveit_resources_pr2_description
[1.040s] -- Up-to-date: /home/gustav/P5-Kuka-Dual-Arm/install/moveit_resources_pr2_description/share/moveit_resources_pr2_description/environment/ament_prefix_path.sh
[1.040s] -- Up-to-date: /home/gustav/P5-Kuka-Dual-Arm/install/moveit_resources_pr2_description/share/moveit_resources_pr2_description/environment/ament_prefix_path.dsv
[1.040s] -- Up-to-date: /home/gustav/P5-Kuka-Dual-Arm/install/moveit_resources_pr2_description/share/moveit_resources_pr2_description/environment/path.sh
[1.040s] -- Up-to-date: /home/gustav/P5-Kuka-Dual-Arm/install/moveit_resources_pr2_description/share/moveit_resources_pr2_description/environment/path.dsv
[1.040s] -- Up-to-date: /home/gustav/P5-Kuka-Dual-Arm/install/moveit_resources_pr2_description/share/moveit_resources_pr2_description/local_setup.bash
[1.041s] -- Up-to-date: /home/gustav/P5-Kuka-Dual-Arm/install/moveit_resources_pr2_description/share/moveit_resources_pr2_description/local_setup.sh
[1.041s] -- Up-to-date: /home/gustav/P5-Kuka-Dual-Arm/install/moveit_resources_pr2_description/share/moveit_resources_pr2_description/local_setup.zsh
[1.041s] -- Up-to-date: /home/gustav/P5-Kuka-Dual-Arm/install/moveit_resources_pr2_description/share/moveit_resources_pr2_description/local_setup.dsv
[1.041s] -- Installing: /home/gustav/P5-Kuka-Dual-Arm/install/moveit_resources_pr2_description/share/moveit_resources_pr2_description/package.dsv
[1.041s] -- Up-to-date: /home/gustav/P5-Kuka-Dual-Arm/install/moveit_resources_pr2_description/share/ament_index/resource_index/packages/moveit_resources_pr2_description
[1.041s] -- Up-to-date: /home/gustav/P5-Kuka-Dual-Arm/install/moveit_resources_pr2_description/share/moveit_resources_pr2_description/cmake/moveit_resources_pr2_descriptionConfig.cmake
[1.049s] -- Up-to-date: /home/gustav/P5-Kuka-Dual-Arm/install/moveit_resources_pr2_description/share/moveit_resources_pr2_description/cmake/moveit_resources_pr2_descriptionConfig-version.cmake
[1.049s] -- Up-to-date: /home/gustav/P5-Kuka-Dual-Arm/install/moveit_resources_pr2_description/share/moveit_resources_pr2_description/package.xml
[1.049s] -- Up-to-date: /home/gustav/P5-Kuka-Dual-Arm/install/moveit_resources_pr2_description/share/moveit_resources_pr2_description/srdf
[1.049s] -- Up-to-date: /home/gustav/P5-Kuka-Dual-Arm/install/moveit_resources_pr2_description/share/moveit_resources_pr2_description/srdf/robot.xml
[1.049s] -- Up-to-date: /home/gustav/P5-Kuka-Dual-Arm/install/moveit_resources_pr2_description/share/moveit_resources_pr2_description/urdf
[1.049s] -- Up-to-date: /home/gustav/P5-Kuka-Dual-Arm/install/moveit_resources_pr2_description/share/moveit_resources_pr2_description/urdf/robot.xml
[1.049s] -- Up-to-date: /home/gustav/P5-Kuka-Dual-Arm/install/moveit_resources_pr2_description/share/moveit_resources_pr2_description/urdf/materials
[1.049s] -- Up-to-date: /home/gustav/P5-Kuka-Dual-Arm/install/moveit_resources_pr2_description/share/moveit_resources_pr2_description/urdf/materials/textures
[1.050s] -- Up-to-date: /home/gustav/P5-Kuka-Dual-Arm/install/moveit_resources_pr2_description/share/moveit_resources_pr2_description/urdf/materials/textures/pr2_wheel_left.png
[1.050s] -- Up-to-date: /home/gustav/P5-Kuka-Dual-Arm/install/moveit_resources_pr2_description/share/moveit_resources_pr2_description/urdf/materials/textures/pr2_caster_texture.png
[1.050s] -- Up-to-date: /home/gustav/P5-Kuka-Dual-Arm/install/moveit_resources_pr2_description/share/moveit_resources_pr2_description/urdf/materials/textures/pr2_wheel_right.png
[1.050s] -- Up-to-date: /home/gustav/P5-Kuka-Dual-Arm/install/moveit_resources_pr2_description/share/moveit_resources_pr2_description/urdf/meshes
[1.050s] -- Up-to-date: /home/gustav/P5-Kuka-Dual-Arm/install/moveit_resources_pr2_description/share/moveit_resources_pr2_description/urdf/meshes/shoulder_v0
[1.050s] -- Up-to-date: /home/gustav/P5-Kuka-Dual-Arm/install/moveit_resources_pr2_description/share/moveit_resources_pr2_description/urdf/meshes/shoulder_v0/shoulder_yaw.stl
[1.050s] -- Up-to-date: /home/gustav/P5-Kuka-Dual-Arm/install/moveit_resources_pr2_description/share/moveit_resources_pr2_description/urdf/meshes/shoulder_v0/shoulder_lift.dae
[1.050s] -- Up-to-date: /home/gustav/P5-Kuka-Dual-Arm/install/moveit_resources_pr2_description/share/moveit_resources_pr2_description/urdf/meshes/shoulder_v0/upper_arm_roll.stl
[1.050s] -- Up-to-date: /home/gustav/P5-Kuka-Dual-Arm/install/moveit_resources_pr2_description/share/moveit_resources_pr2_description/urdf/meshes/shoulder_v0/upper_arm_roll_normals.tif
[1.050s] -- Up-to-date: /home/gustav/P5-Kuka-Dual-Arm/install/moveit_resources_pr2_description/share/moveit_resources_pr2_description/urdf/meshes/shoulder_v0/shoulder_lift_color.tif
[1.051s] -- Up-to-date: /home/gustav/P5-Kuka-Dual-Arm/install/moveit_resources_pr2_description/share/moveit_resources_pr2_description/urdf/meshes/shoulder_v0/shoulder_lift_normals.tif
[1.051s] -- Up-to-date: /home/gustav/P5-Kuka-Dual-Arm/install/moveit_resources_pr2_description/share/moveit_resources_pr2_description/urdf/meshes/shoulder_v0/convex
[1.051s] -- Up-to-date: /home/gustav/P5-Kuka-Dual-Arm/install/moveit_resources_pr2_description/share/moveit_resources_pr2_description/urdf/meshes/shoulder_v0/convex/upper_arm_roll_L_convex.stlb
[1.051s] -- Up-to-date: /home/gustav/P5-Kuka-Dual-Arm/install/moveit_resources_pr2_description/share/moveit_resources_pr2_description/urdf/meshes/shoulder_v0/convex/shoulder_pan_convex.stlb
[1.051s] -- Up-to-date: /home/gustav/P5-Kuka-Dual-Arm/install/moveit_resources_pr2_description/share/moveit_resources_pr2_description/urdf/meshes/shoulder_v0/convex/shoulder_lift.dae
[1.051s] -- Up-to-date: /home/gustav/P5-Kuka-Dual-Arm/install/moveit_resources_pr2_description/share/moveit_resources_pr2_description/urdf/meshes/shoulder_v0/convex/upper_arm_roll_L.xml
[1.051s] -- Up-to-date: /home/gustav/P5-Kuka-Dual-Arm/install/moveit_resources_pr2_description/share/moveit_resources_pr2_description/urdf/meshes/shoulder_v0/convex/upper_arm_roll_convex.stla
[1.051s] -- Up-to-date: /home/gustav/P5-Kuka-Dual-Arm/install/moveit_resources_pr2_description/share/moveit_resources_pr2_description/urdf/meshes/shoulder_v0/convex/shoulder_lift.xml
[1.051s] -- Up-to-date: /home/gustav/P5-Kuka-Dual-Arm/install/moveit_resources_pr2_description/share/moveit_resources_pr2_description/urdf/meshes/shoulder_v0/convex/shoulder_yaw_convex.stlb
[1.051s] -- Up-to-date: /home/gustav/P5-Kuka-Dual-Arm/install/moveit_resources_pr2_description/share/moveit_resources_pr2_description/urdf/meshes/shoulder_v0/convex/upper_arm_roll_L.dae
[1.052s] -- Up-to-date: /home/gustav/P5-Kuka-Dual-Arm/install/moveit_resources_pr2_description/share/moveit_resources_pr2_description/urdf/meshes/shoulder_v0/convex/shoulder_yaw_convex.stla
[1.058s] -- Up-to-date: /home/gustav/P5-Kuka-Dual-Arm/install/moveit_resources_pr2_description/share/moveit_resources_pr2_description/urdf/meshes/shoulder_v0/convex/upper_arm_roll.dae
[1.059s] -- Up-to-date: /home/gustav/P5-Kuka-Dual-Arm/install/moveit_resources_pr2_description/share/moveit_resources_pr2_description/urdf/meshes/shoulder_v0/convex/upper_arm_roll.xml
[1.059s] -- Up-to-date: /home/gustav/P5-Kuka-Dual-Arm/install/moveit_resources_pr2_description/share/moveit_resources_pr2_description/urdf/meshes/shoulder_v0/convex/upper_arm_roll_L_convex.stla
[1.059s] -- Up-to-date: /home/gustav/P5-Kuka-Dual-Arm/install/moveit_resources_pr2_description/share/moveit_resources_pr2_description/urdf/meshes/shoulder_v0/convex/upper_arm_roll_convex.stlb
[1.059s] -- Up-to-date: /home/gustav/P5-Kuka-Dual-Arm/install/moveit_resources_pr2_description/share/moveit_resources_pr2_description/urdf/meshes/shoulder_v0/convex/shoulder_yaw.xml
[1.059s] -- Up-to-date: /home/gustav/P5-Kuka-Dual-Arm/install/moveit_resources_pr2_description/share/moveit_resources_pr2_description/urdf/meshes/shoulder_v0/convex/shoulder_pan_convex.stla
[1.059s] -- Up-to-date: /home/gustav/P5-Kuka-Dual-Arm/install/moveit_resources_pr2_description/share/moveit_resources_pr2_description/urdf/meshes/shoulder_v0/convex/shoulder_yaw.dae
[1.059s] -- Up-to-date: /home/gustav/P5-Kuka-Dual-Arm/install/moveit_resources_pr2_description/share/moveit_resources_pr2_description/urdf/meshes/shoulder_v0/convex/shoulder_pan.xml
[1.059s] -- Up-to-date: /home/gustav/P5-Kuka-Dual-Arm/install/moveit_resources_pr2_description/share/moveit_resources_pr2_description/urdf/meshes/shoulder_v0/convex/shoulder_pan.dae
[1.059s] -- Up-to-date: /home/gustav/P5-Kuka-Dual-Arm/install/moveit_resources_pr2_description/share/moveit_resources_pr2_description/urdf/meshes/shoulder_v0/convex/shoulder_lift_convex.stlb
[1.060s] -- Up-to-date: /home/gustav/P5-Kuka-Dual-Arm/install/moveit_resources_pr2_description/share/moveit_resources_pr2_description/urdf/meshes/shoulder_v0/convex/shoulder_lift_convex.stla
[1.060s] -- Up-to-date: /home/gustav/P5-Kuka-Dual-Arm/install/moveit_resources_pr2_description/share/moveit_resources_pr2_description/urdf/meshes/shoulder_v0/upper_arm_roll.dae
[1.060s] -- Up-to-date: /home/gustav/P5-Kuka-Dual-Arm/install/moveit_resources_pr2_description/share/moveit_resources_pr2_description/urdf/meshes/shoulder_v0/shoulder_pan_color.tif
[1.060s] -- Up-to-date: /home/gustav/P5-Kuka-Dual-Arm/install/moveit_resources_pr2_description/share/moveit_resources_pr2_description/urdf/meshes/shoulder_v0/shoulder_pan_normals.tif
[1.066s] -- Up-to-date: /home/gustav/P5-Kuka-Dual-Arm/install/moveit_resources_pr2_description/share/moveit_resources_pr2_description/urdf/meshes/shoulder_v0/upper_arm_roll_L.stl
[1.066s] -- Up-to-date: /home/gustav/P5-Kuka-Dual-Arm/install/moveit_resources_pr2_description/share/moveit_resources_pr2_description/urdf/meshes/shoulder_v0/upper_arm_roll_color.tif
[1.066s] -- Up-to-date: /home/gustav/P5-Kuka-Dual-Arm/install/moveit_resources_pr2_description/share/moveit_resources_pr2_description/urdf/meshes/shoulder_v0/shoulder_pan.stl
[1.066s] -- Up-to-date: /home/gustav/P5-Kuka-Dual-Arm/install/moveit_resources_pr2_description/share/moveit_resources_pr2_description/urdf/meshes/shoulder_v0/shoulder_pan.dae
[1.066s] -- Up-to-date: /home/gustav/P5-Kuka-Dual-Arm/install/moveit_resources_pr2_description/share/moveit_resources_pr2_description/urdf/meshes/shoulder_v0/shoulder_lift.stl
[1.067s] -- Up-to-date: /home/gustav/P5-Kuka-Dual-Arm/install/moveit_resources_pr2_description/share/moveit_resources_pr2_description/urdf/meshes/sensors
[1.067s] -- Up-to-date: /home/gustav/P5-Kuka-Dual-Arm/install/moveit_resources_pr2_description/share/moveit_resources_pr2_description/urdf/meshes/sensors/kinect_v0
[1.067s] -- Up-to-date: /home/gustav/P5-Kuka-Dual-Arm/install/moveit_resources_pr2_description/share/moveit_resources_pr2_description/urdf/meshes/sensors/kinect_v0/kinect_color.tga
[1.067s] -- Up-to-date: /home/gustav/P5-Kuka-Dual-Arm/install/moveit_resources_pr2_description/share/moveit_resources_pr2_description/urdf/meshes/sensors/kinect_v0/kinect.tga
[1.067s] -- Up-to-date: /home/gustav/P5-Kuka-Dual-Arm/install/moveit_resources_pr2_description/share/moveit_resources_pr2_description/urdf/meshes/sensors/kinect_v0/kinect.dae
[1.067s] -- Up-to-date: /home/gustav/P5-Kuka-Dual-Arm/install/moveit_resources_pr2_description/share/moveit_resources_pr2_description/urdf/meshes/sensors/kinect_v0/kinect_mount.stl
[1.072s] -- Up-to-date: /home/gustav/P5-Kuka-Dual-Arm/install/moveit_resources_pr2_description/share/moveit_resources_pr2_description/urdf/meshes/sensors/kinect_prosilica_v0
[1.072s] -- Up-to-date: /home/gustav/P5-Kuka-Dual-Arm/install/moveit_resources_pr2_description/share/moveit_resources_pr2_description/urdf/meshes/sensors/kinect_prosilica_v0/68-04546_Kinect_Sensor--coarse.STL
[1.072s] -- Up-to-date: /home/gustav/P5-Kuka-Dual-Arm/install/moveit_resources_pr2_description/share/moveit_resources_pr2_description/urdf/meshes/sensors/kinect_prosilica_v0/115x100_swept_fwd--coarse.STL
[1.072s] -- Up-to-date: /home/gustav/P5-Kuka-Dual-Arm/install/moveit_resources_pr2_description/share/moveit_resources_pr2_description/urdf/meshes/sensors/kinect_prosilica_v0/115x100_swept_fwd_no_sensors--coarse.STL
[1.072s] -- Up-to-date: /home/gustav/P5-Kuka-Dual-Arm/install/moveit_resources_pr2_description/share/moveit_resources_pr2_description/urdf/meshes/sensors/kinect_prosilica_v0/Prosilica_w_Lens--coarse.STL
[1.072s] -- Up-to-date: /home/gustav/P5-Kuka-Dual-Arm/install/moveit_resources_pr2_description/share/moveit_resources_pr2_description/urdf/meshes/sensors/kinect_prosilica_v0/115x100_swept_back_no_sensors--coarse.STL
[1.072s] -- Up-to-date: /home/gustav/P5-Kuka-Dual-Arm/install/moveit_resources_pr2_description/share/moveit_resources_pr2_description/urdf/meshes/sensors/kinect_prosilica_v0/115x100_swept_back--coarse.STL
[1.073s] -- Up-to-date: /home/gustav/P5-Kuka-Dual-Arm/install/moveit_resources_pr2_description/share/moveit_resources_pr2_description/urdf/meshes/forearm_v0
[1.073s] -- Up-to-date: /home/gustav/P5-Kuka-Dual-Arm/install/moveit_resources_pr2_description/share/moveit_resources_pr2_description/urdf/meshes/forearm_v0/forearm_color.tif
[1.073s] -- Up-to-date: /home/gustav/P5-Kuka-Dual-Arm/install/moveit_resources_pr2_description/share/moveit_resources_pr2_description/urdf/meshes/forearm_v0/forearm.stl
[1.073s] -- Up-to-date: /home/gustav/P5-Kuka-Dual-Arm/install/moveit_resources_pr2_description/share/moveit_resources_pr2_description/urdf/meshes/forearm_v0/convex
[1.073s] -- Up-to-date: /home/gustav/P5-Kuka-Dual-Arm/install/moveit_resources_pr2_description/share/moveit_resources_pr2_description/urdf/meshes/forearm_v0/convex/wrist_flex_convex.stlb
[1.073s] -- Up-to-date: /home/gustav/P5-Kuka-Dual-Arm/install/moveit_resources_pr2_description/share/moveit_resources_pr2_description/urdf/meshes/forearm_v0/convex/wrist_roll_L.xml
[1.073s] -- Up-to-date: /home/gustav/P5-Kuka-Dual-Arm/install/moveit_resources_pr2_description/share/moveit_resources_pr2_description/urdf/meshes/forearm_v0/convex/wrist_flex.xml
[1.073s] -- Up-to-date: /home/gustav/P5-Kuka-Dual-Arm/install/moveit_resources_pr2_description/share/moveit_resources_pr2_description/urdf/meshes/forearm_v0/convex/wrist_roll_convex.stlb
[1.073s] -- Up-to-date: /home/gustav/P5-Kuka-Dual-Arm/install/moveit_resources_pr2_description/share/moveit_resources_pr2_description/urdf/meshes/forearm_v0/convex/wrist_roll_convex.stla
[1.073s] -- Up-to-date: /home/gustav/P5-Kuka-Dual-Arm/install/moveit_resources_pr2_description/share/moveit_resources_pr2_description/urdf/meshes/forearm_v0/convex/wrist_roll_L_convex.stlb
[1.074s] -- Up-to-date: /home/gustav/P5-Kuka-Dual-Arm/install/moveit_resources_pr2_description/share/moveit_resources_pr2_description/urdf/meshes/forearm_v0/convex/wrist_roll_L.dae
[1.074s] -- Up-to-date: /home/gustav/P5-Kuka-Dual-Arm/install/moveit_resources_pr2_description/share/moveit_resources_pr2_description/urdf/meshes/forearm_v0/convex/forearm.xml
[1.074s] -- Up-to-date: /home/gustav/P5-Kuka-Dual-Arm/install/moveit_resources_pr2_description/share/moveit_resources_pr2_description/urdf/meshes/forearm_v0/convex/forearm_convex.stlb
[1.074s] -- Up-to-date: /home/gustav/P5-Kuka-Dual-Arm/install/moveit_resources_pr2_description/share/moveit_resources_pr2_description/urdf/meshes/forearm_v0/convex/wrist_roll_L_convex.stla
[1.074s] -- Up-to-date: /home/gustav/P5-Kuka-Dual-Arm/install/moveit_resources_pr2_description/share/moveit_resources_pr2_description/urdf/meshes/forearm_v0/convex/wrist_flex.dae
[1.074s] -- Up-to-date: /home/gustav/P5-Kuka-Dual-Arm/install/moveit_resources_pr2_description/share/moveit_resources_pr2_description/urdf/meshes/forearm_v0/convex/forearm_convex.stla
[1.074s] -- Up-to-date: /home/gustav/P5-Kuka-Dual-Arm/install/moveit_resources_pr2_description/share/moveit_resources_pr2_description/urdf/meshes/forearm_v0/convex/wrist_flex_convex.stla
[1.074s] -- Up-to-date: /home/gustav/P5-Kuka-Dual-Arm/install/moveit_resources_pr2_description/share/moveit_resources_pr2_description/urdf/meshes/forearm_v0/convex/wrist_roll.xml
[1.074s] -- Up-to-date: /home/gustav/P5-Kuka-Dual-Arm/install/moveit_resources_pr2_description/share/moveit_resources_pr2_description/urdf/meshes/forearm_v0/convex/forearm.dae
[1.075s] -- Up-to-date: /home/gustav/P5-Kuka-Dual-Arm/install/moveit_resources_pr2_description/share/moveit_resources_pr2_description/urdf/meshes/forearm_v0/convex/wrist_roll.dae
[1.075s] -- Up-to-date: /home/gustav/P5-Kuka-Dual-Arm/install/moveit_resources_pr2_description/share/moveit_resources_pr2_description/urdf/meshes/forearm_v0/wrist_flex.stl
[1.075s] -- Up-to-date: /home/gustav/P5-Kuka-Dual-Arm/install/moveit_resources_pr2_description/share/moveit_resources_pr2_description/urdf/meshes/forearm_v0/wrist_flex.dae
[1.084s] -- Up-to-date: /home/gustav/P5-Kuka-Dual-Arm/install/moveit_resources_pr2_description/share/moveit_resources_pr2_description/urdf/meshes/forearm_v0/forearm.jpg
[1.085s] -- Up-to-date: /home/gustav/P5-Kuka-Dual-Arm/install/moveit_resources_pr2_description/share/moveit_resources_pr2_description/urdf/meshes/forearm_v0/forearm_normals.tif
[1.085s] -- Up-to-date: /home/gustav/P5-Kuka-Dual-Arm/install/moveit_resources_pr2_description/share/moveit_resources_pr2_description/urdf/meshes/forearm_v0/wrist_normals.tif
[1.085s] -- Up-to-date: /home/gustav/P5-Kuka-Dual-Arm/install/moveit_resources_pr2_description/share/moveit_resources_pr2_description/urdf/meshes/forearm_v0/wrist_color.tif
[1.085s] -- Up-to-date: /home/gustav/P5-Kuka-Dual-Arm/install/moveit_resources_pr2_description/share/moveit_resources_pr2_description/urdf/meshes/forearm_v0/wrist_roll_L.stl
[1.085s] -- Up-to-date: /home/gustav/P5-Kuka-Dual-Arm/install/moveit_resources_pr2_description/share/moveit_resources_pr2_description/urdf/meshes/forearm_v0/forearm.dae
[1.085s] -- Up-to-date: /home/gustav/P5-Kuka-Dual-Arm/install/moveit_resources_pr2_description/share/moveit_resources_pr2_description/urdf/meshes/forearm_v0/wrist_roll.stl
[1.085s] -- Up-to-date: /home/gustav/P5-Kuka-Dual-Arm/install/moveit_resources_pr2_description/share/moveit_resources_pr2_description/urdf/meshes/tilting_laser_v0
[1.085s] -- Up-to-date: /home/gustav/P5-Kuka-Dual-Arm/install/moveit_resources_pr2_description/share/moveit_resources_pr2_description/urdf/meshes/tilting_laser_v0/tilting_hokuyo_normals.tif
[1.085s] -- Up-to-date: /home/gustav/P5-Kuka-Dual-Arm/install/moveit_resources_pr2_description/share/moveit_resources_pr2_description/urdf/meshes/tilting_laser_v0/hok_tilt.stl
[1.086s] -- Up-to-date: /home/gustav/P5-Kuka-Dual-Arm/install/moveit_resources_pr2_description/share/moveit_resources_pr2_description/urdf/meshes/tilting_laser_v0/convex
[1.086s] -- Up-to-date: /home/gustav/P5-Kuka-Dual-Arm/install/moveit_resources_pr2_description/share/moveit_resources_pr2_description/urdf/meshes/tilting_laser_v0/convex/tilting_hokuyo.xml
[1.086s] -- Up-to-date: /home/gustav/P5-Kuka-Dual-Arm/install/moveit_resources_pr2_description/share/moveit_resources_pr2_description/urdf/meshes/tilting_laser_v0/convex/hok_tilt_convex.stla
[1.086s] -- Up-to-date: /home/gustav/P5-Kuka-Dual-Arm/install/moveit_resources_pr2_description/share/moveit_resources_pr2_description/urdf/meshes/tilting_laser_v0/convex/tilting_hokuyo_L_convex.stlb
[1.086s] -- Up-to-date: /home/gustav/P5-Kuka-Dual-Arm/install/moveit_resources_pr2_description/share/moveit_resources_pr2_description/urdf/meshes/tilting_laser_v0/convex/tilting_hokuyo_L.xml
[1.086s] -- Up-to-date: /home/gustav/P5-Kuka-Dual-Arm/install/moveit_resources_pr2_description/share/moveit_resources_pr2_description/urdf/meshes/tilting_laser_v0/convex/hok_tilt_convex.stlb
[1.086s] -- Up-to-date: /home/gustav/P5-Kuka-Dual-Arm/install/moveit_resources_pr2_description/share/moveit_resources_pr2_description/urdf/meshes/tilting_laser_v0/convex/hok_tilt.dae
[1.086s] -- Up-to-date: /home/gustav/P5-Kuka-Dual-Arm/install/moveit_resources_pr2_description/share/moveit_resources_pr2_description/urdf/meshes/tilting_laser_v0/convex/tilting_hokuyo_L.dae
[1.086s] -- Up-to-date: /home/gustav/P5-Kuka-Dual-Arm/install/moveit_resources_pr2_description/share/moveit_resources_pr2_description/urdf/meshes/tilting_laser_v0/convex/tilting_hokuyo_L_convex.stla
[1.086s] -- Up-to-date: /home/gustav/P5-Kuka-Dual-Arm/install/moveit_resources_pr2_description/share/moveit_resources_pr2_description/urdf/meshes/tilting_laser_v0/convex/tilting_hokuyo.dae
[1.087s] -- Up-to-date: /home/gustav/P5-Kuka-Dual-Arm/install/moveit_resources_pr2_description/share/moveit_resources_pr2_description/urdf/meshes/tilting_laser_v0/convex/tilting_hokuyo_convex.stla
[1.087s] -- Up-to-date: /home/gustav/P5-Kuka-Dual-Arm/install/moveit_resources_pr2_description/share/moveit_resources_pr2_description/urdf/meshes/tilting_laser_v0/convex/hok_tilt.xml
[1.087s] -- Up-to-date: /home/gustav/P5-Kuka-Dual-Arm/install/moveit_resources_pr2_description/share/moveit_resources_pr2_description/urdf/meshes/tilting_laser_v0/convex/tilting_hokuyo_convex.stlb
[1.087s] -- Up-to-date: /home/gustav/P5-Kuka-Dual-Arm/install/moveit_resources_pr2_description/share/moveit_resources_pr2_description/urdf/meshes/tilting_laser_v0/tilting_hokuyo.stl
[1.087s] -- Up-to-date: /home/gustav/P5-Kuka-Dual-Arm/install/moveit_resources_pr2_description/share/moveit_resources_pr2_description/urdf/meshes/tilting_laser_v0/tilting_hokuyo.dae
[1.087s] -- Up-to-date: /home/gustav/P5-Kuka-Dual-Arm/install/moveit_resources_pr2_description/share/moveit_resources_pr2_description/urdf/meshes/tilting_laser_v0/tilting_hokuyo_color.tif
[1.087s] -- Up-to-date: /home/gustav/P5-Kuka-Dual-Arm/install/moveit_resources_pr2_description/share/moveit_resources_pr2_description/urdf/meshes/tilting_laser_v0/tilting_hokuyo_L.stl
[1.087s] -- Up-to-date: /home/gustav/P5-Kuka-Dual-Arm/install/moveit_resources_pr2_description/share/moveit_resources_pr2_description/urdf/meshes/base_v0
[1.087s] -- Up-to-date: /home/gustav/P5-Kuka-Dual-Arm/install/moveit_resources_pr2_description/share/moveit_resources_pr2_description/urdf/meshes/base_v0/wheel.stl
[1.088s] -- Up-to-date: /home/gustav/P5-Kuka-Dual-Arm/install/moveit_resources_pr2_description/share/moveit_resources_pr2_description/urdf/meshes/base_v0/base_color.tif
[1.088s] -- Up-to-date: /home/gustav/P5-Kuka-Dual-Arm/install/moveit_resources_pr2_description/share/moveit_resources_pr2_description/urdf/meshes/base_v0/wheel.dae
[1.088s] -- Up-to-date: /home/gustav/P5-Kuka-Dual-Arm/install/moveit_resources_pr2_description/share/moveit_resources_pr2_description/urdf/meshes/base_v0/wheel_h_color.tif
[1.092s] -- Up-to-date: /home/gustav/P5-Kuka-Dual-Arm/install/moveit_resources_pr2_description/share/moveit_resources_pr2_description/urdf/meshes/base_v0/base_normals.tif
[1.092s] -- Up-to-date: /home/gustav/P5-Kuka-Dual-Arm/install/moveit_resources_pr2_description/share/moveit_resources_pr2_description/urdf/meshes/base_v0/convex
[1.092s] -- Up-to-date: /home/gustav/P5-Kuka-Dual-Arm/install/moveit_resources_pr2_description/share/moveit_resources_pr2_description/urdf/meshes/base_v0/convex/base.xml
[1.092s] -- Up-to-date: /home/gustav/P5-Kuka-Dual-Arm/install/moveit_resources_pr2_description/share/moveit_resources_pr2_description/urdf/meshes/base_v0/convex/base_convex.stlb
[1.092s] -- Up-to-date: /home/gustav/P5-Kuka-Dual-Arm/install/moveit_resources_pr2_description/share/moveit_resources_pr2_description/urdf/meshes/base_v0/convex/base_convex.stla
[1.093s] -- Up-to-date: /home/gustav/P5-Kuka-Dual-Arm/install/moveit_resources_pr2_description/share/moveit_resources_pr2_description/urdf/meshes/base_v0/convex/caster_L.dae
[1.093s] -- Up-to-date: /home/gustav/P5-Kuka-Dual-Arm/install/moveit_resources_pr2_description/share/moveit_resources_pr2_description/urdf/meshes/base_v0/convex/wheel_convex.stlb
[1.093s] -- Up-to-date: /home/gustav/P5-Kuka-Dual-Arm/install/moveit_resources_pr2_description/share/moveit_resources_pr2_description/urdf/meshes/base_v0/convex/wheel.dae
[1.093s] -- Up-to-date: /home/gustav/P5-Kuka-Dual-Arm/install/moveit_resources_pr2_description/share/moveit_resources_pr2_description/urdf/meshes/base_v0/convex/base_L_convex.stlb
[1.093s] -- Up-to-date: /home/gustav/P5-Kuka-Dual-Arm/install/moveit_resources_pr2_description/share/moveit_resources_pr2_description/urdf/meshes/base_v0/convex/wheel_convex.stla
[1.093s] -- Up-to-date: /home/gustav/P5-Kuka-Dual-Arm/install/moveit_resources_pr2_description/share/moveit_resources_pr2_description/urdf/meshes/base_v0/convex/base_L_convex.stla
[1.093s] -- Up-to-date: /home/gustav/P5-Kuka-Dual-Arm/install/moveit_resources_pr2_description/share/moveit_resources_pr2_description/urdf/meshes/base_v0/convex/caster_convex.stlb
[1.093s] -- Up-to-date: /home/gustav/P5-Kuka-Dual-Arm/install/moveit_resources_pr2_description/share/moveit_resources_pr2_description/urdf/meshes/base_v0/convex/base_L.xml
[1.094s] -- Up-to-date: /home/gustav/P5-Kuka-Dual-Arm/install/moveit_resources_pr2_description/share/moveit_resources_pr2_description/urdf/meshes/base_v0/convex/caster_L_convex.stlb
[1.094s] -- Up-to-date: /home/gustav/P5-Kuka-Dual-Arm/install/moveit_resources_pr2_description/share/moveit_resources_pr2_description/urdf/meshes/base_v0/convex/pr2_wheel.xml
[1.094s] -- Up-to-date: /home/gustav/P5-Kuka-Dual-Arm/install/moveit_resources_pr2_description/share/moveit_resources_pr2_description/urdf/meshes/base_v0/convex/pr2_wheel_convex.stlb
[1.094s] -- Up-to-date: /home/gustav/P5-Kuka-Dual-Arm/install/moveit_resources_pr2_description/share/moveit_resources_pr2_description/urdf/meshes/base_v0/convex/caster.xml
[1.094s] -- Up-to-date: /home/gustav/P5-Kuka-Dual-Arm/install/moveit_resources_pr2_description/share/moveit_resources_pr2_description/urdf/meshes/base_v0/convex/caster.dae
[1.094s] -- Up-to-date: /home/gustav/P5-Kuka-Dual-Arm/install/moveit_resources_pr2_description/share/moveit_resources_pr2_description/urdf/meshes/base_v0/convex/wheel.xml
[1.094s] -- Up-to-date: /home/gustav/P5-Kuka-Dual-Arm/install/moveit_resources_pr2_description/share/moveit_resources_pr2_description/urdf/meshes/base_v0/convex/base.dae
[1.094s] -- Up-to-date: /home/gustav/P5-Kuka-Dual-Arm/install/moveit_resources_pr2_description/share/moveit_resources_pr2_description/urdf/meshes/base_v0/convex/caster_L.xml
[1.094s] -- Up-to-date: /home/gustav/P5-Kuka-Dual-Arm/install/moveit_resources_pr2_description/share/moveit_resources_pr2_description/urdf/meshes/base_v0/convex/caster_convex.stla
[1.094s] -- Up-to-date: /home/gustav/P5-Kuka-Dual-Arm/install/moveit_resources_pr2_description/share/moveit_resources_pr2_description/urdf/meshes/base_v0/convex/base_L.dae
[1.095s] -- Up-to-date: /home/gustav/P5-Kuka-Dual-Arm/install/moveit_resources_pr2_description/share/moveit_resources_pr2_description/urdf/meshes/base_v0/convex/caster_L_convex.stla
[1.095s] -- Up-to-date: /home/gustav/P5-Kuka-Dual-Arm/install/moveit_resources_pr2_description/share/moveit_resources_pr2_description/urdf/meshes/base_v0/convex/pr2_wheel_convex.stla
[1.095s] -- Up-to-date: /home/gustav/P5-Kuka-Dual-Arm/install/moveit_resources_pr2_description/share/moveit_resources_pr2_description/urdf/meshes/base_v0/convex/pr2_wheel.dae
[1.095s] -- Up-to-date: /home/gustav/P5-Kuka-Dual-Arm/install/moveit_resources_pr2_description/share/moveit_resources_pr2_description/urdf/meshes/base_v0/caster.stl
[1.095s] -- Up-to-date: /home/gustav/P5-Kuka-Dual-Arm/install/moveit_resources_pr2_description/share/moveit_resources_pr2_description/urdf/meshes/base_v0/pr2_wheel.stl
[1.095s] -- Up-to-date: /home/gustav/P5-Kuka-Dual-Arm/install/moveit_resources_pr2_description/share/moveit_resources_pr2_description/urdf/meshes/base_v0/base.stl
[1.095s] -- Up-to-date: /home/gustav/P5-Kuka-Dual-Arm/install/moveit_resources_pr2_description/share/moveit_resources_pr2_description/urdf/meshes/base_v0/wheel_h.dae
[1.095s] -- Up-to-date: /home/gustav/P5-Kuka-Dual-Arm/install/moveit_resources_pr2_description/share/moveit_resources_pr2_description/urdf/meshes/base_v0/base.dae
[1.095s] -- Up-to-date: /home/gustav/P5-Kuka-Dual-Arm/install/moveit_resources_pr2_description/share/moveit_resources_pr2_description/urdf/meshes/base_v0/caster_L.stl
[1.095s] -- Up-to-date: /home/gustav/P5-Kuka-Dual-Arm/install/moveit_resources_pr2_description/share/moveit_resources_pr2_description/urdf/meshes/base_v0/base_L.stl
[1.096s] -- Up-to-date: /home/gustav/P5-Kuka-Dual-Arm/install/moveit_resources_pr2_description/share/moveit_resources_pr2_description/urdf/meshes/base_v0/wheel_normals.tif
[1.096s] -- Up-to-date: /home/gustav/P5-Kuka-Dual-Arm/install/moveit_resources_pr2_description/share/moveit_resources_pr2_description/urdf/meshes/base_v0/wheel_color.tif
[1.096s] -- Up-to-date: /home/gustav/P5-Kuka-Dual-Arm/install/moveit_resources_pr2_description/share/moveit_resources_pr2_description/urdf/meshes/gripper_v0
[1.100s] -- Up-to-date: /home/gustav/P5-Kuka-Dual-Arm/install/moveit_resources_pr2_description/share/moveit_resources_pr2_description/urdf/meshes/gripper_v0/finger_tip_pad2_l.stl
[1.100s] -- Up-to-date: /home/gustav/P5-Kuka-Dual-Arm/install/moveit_resources_pr2_description/share/moveit_resources_pr2_description/urdf/meshes/gripper_v0/l_float.dae
[1.100s] -- Up-to-date: /home/gustav/P5-Kuka-Dual-Arm/install/moveit_resources_pr2_description/share/moveit_resources_pr2_description/urdf/meshes/gripper_v0/l_finger_normals.tif
[1.100s] -- Up-to-date: /home/gustav/P5-Kuka-Dual-Arm/install/moveit_resources_pr2_description/share/moveit_resources_pr2_description/urdf/meshes/gripper_v0/gripper_palm.stl
[1.101s] -- Up-to-date: /home/gustav/P5-Kuka-Dual-Arm/install/moveit_resources_pr2_description/share/moveit_resources_pr2_description/urdf/meshes/gripper_v0/fingertip_H_Color_100430.tif
[1.101s] -- Up-to-date: /home/gustav/P5-Kuka-Dual-Arm/install/moveit_resources_pr2_description/share/moveit_resources_pr2_description/urdf/meshes/gripper_v0/finger_tip_r.stl
[1.101s] -- Up-to-date: /home/gustav/P5-Kuka-Dual-Arm/install/moveit_resources_pr2_description/share/moveit_resources_pr2_description/urdf/meshes/gripper_v0/l_float_normals.tif
[1.101s] -- Up-to-date: /home/gustav/P5-Kuka-Dual-Arm/install/moveit_resources_pr2_description/share/moveit_resources_pr2_description/urdf/meshes/gripper_v0/upper_finger_l.stl
[1.101s] -- Up-to-date: /home/gustav/P5-Kuka-Dual-Arm/install/moveit_resources_pr2_description/share/moveit_resources_pr2_description/urdf/meshes/gripper_v0/l_float_color.tif
[1.101s] -- Up-to-date: /home/gustav/P5-Kuka-Dual-Arm/install/moveit_resources_pr2_description/share/moveit_resources_pr2_description/urdf/meshes/gripper_v0/convex
[1.101s] -- Up-to-date: /home/gustav/P5-Kuka-Dual-Arm/install/moveit_resources_pr2_description/share/moveit_resources_pr2_description/urdf/meshes/gripper_v0/convex/finger_tip_l.dae
[1.101s] -- Up-to-date: /home/gustav/P5-Kuka-Dual-Arm/install/moveit_resources_pr2_description/share/moveit_resources_pr2_description/urdf/meshes/gripper_v0/convex/finger_tip_pad2_r.dae
[1.101s] -- Up-to-date: /home/gustav/P5-Kuka-Dual-Arm/install/moveit_resources_pr2_description/share/moveit_resources_pr2_description/urdf/meshes/gripper_v0/convex/finger_tip_pad2_l_convex.stla
[1.101s] -- Up-to-date: /home/gustav/P5-Kuka-Dual-Arm/install/moveit_resources_pr2_description/share/moveit_resources_pr2_description/urdf/meshes/gripper_v0/convex/gripper_palm_convex.stla
[1.102s] -- Up-to-date: /home/gustav/P5-Kuka-Dual-Arm/install/moveit_resources_pr2_description/share/moveit_resources_pr2_description/urdf/meshes/gripper_v0/convex/l_finger_convex.stlb
[1.102s] -- Up-to-date: /home/gustav/P5-Kuka-Dual-Arm/install/moveit_resources_pr2_description/share/moveit_resources_pr2_description/urdf/meshes/gripper_v0/convex/finger_tip_pad2_l.dae
[1.102s] -- Up-to-date: /home/gustav/P5-Kuka-Dual-Arm/install/moveit_resources_pr2_description/share/moveit_resources_pr2_description/urdf/meshes/gripper_v0/convex/finger_tip_r_convex.stla
[1.102s] -- Up-to-date: /home/gustav/P5-Kuka-Dual-Arm/install/moveit_resources_pr2_description/share/moveit_resources_pr2_description/urdf/meshes/gripper_v0/convex/upper_finger_l_convex.stlb
[1.102s] -- Up-to-date: /home/gustav/P5-Kuka-Dual-Arm/install/moveit_resources_pr2_description/share/moveit_resources_pr2_description/urdf/meshes/gripper_v0/convex/upper_finger_r.dae
[1.102s] -- Up-to-date: /home/gustav/P5-Kuka-Dual-Arm/install/moveit_resources_pr2_description/share/moveit_resources_pr2_description/urdf/meshes/gripper_v0/convex/finger_tip_l_convex.stla
[1.102s] -- Up-to-date: /home/gustav/P5-Kuka-Dual-Arm/install/moveit_resources_pr2_description/share/moveit_resources_pr2_description/urdf/meshes/gripper_v0/convex/gripper_palm.dae
[1.102s] -- Up-to-date: /home/gustav/P5-Kuka-Dual-Arm/install/moveit_resources_pr2_description/share/moveit_resources_pr2_description/urdf/meshes/gripper_v0/convex/finger_tip_l.xml
[1.102s] -- Up-to-date: /home/gustav/P5-Kuka-Dual-Arm/install/moveit_resources_pr2_description/share/moveit_resources_pr2_description/urdf/meshes/gripper_v0/convex/upper_finger_r_convex.stlb
[1.103s] -- Up-to-date: /home/gustav/P5-Kuka-Dual-Arm/install/moveit_resources_pr2_description/share/moveit_resources_pr2_description/urdf/meshes/gripper_v0/convex/upper_finger_l.dae
[1.103s] -- Up-to-date: /home/gustav/P5-Kuka-Dual-Arm/install/moveit_resources_pr2_description/share/moveit_resources_pr2_description/urdf/meshes/gripper_v0/convex/l_finger.dae
[1.103s] -- Up-to-date: /home/gustav/P5-Kuka-Dual-Arm/install/moveit_resources_pr2_description/share/moveit_resources_pr2_description/urdf/meshes/gripper_v0/convex/l_finger_tip_convex.stla
[1.103s] -- Up-to-date: /home/gustav/P5-Kuka-Dual-Arm/install/moveit_resources_pr2_description/share/moveit_resources_pr2_description/urdf/meshes/gripper_v0/convex/finger_tip_l_convex.stlb
[1.103s] -- Up-to-date: /home/gustav/P5-Kuka-Dual-Arm/install/moveit_resources_pr2_description/share/moveit_resources_pr2_description/urdf/meshes/gripper_v0/convex/finger_tip_pad2_r.xml
[1.103s] -- Up-to-date: /home/gustav/P5-Kuka-Dual-Arm/install/moveit_resources_pr2_description/share/moveit_resources_pr2_description/urdf/meshes/gripper_v0/convex/l_finger_tip_convex.stlb
[1.103s] -- Up-to-date: /home/gustav/P5-Kuka-Dual-Arm/install/moveit_resources_pr2_description/share/moveit_resources_pr2_description/urdf/meshes/gripper_v0/convex/finger_tip_pad2_r_convex.stla
[1.103s] -- Up-to-date: /home/gustav/P5-Kuka-Dual-Arm/install/moveit_resources_pr2_description/share/moveit_resources_pr2_description/urdf/meshes/gripper_v0/convex/l_floating_convex.stlb
[1.103s] -- Up-to-date: /home/gustav/P5-Kuka-Dual-Arm/install/moveit_resources_pr2_description/share/moveit_resources_pr2_description/urdf/meshes/gripper_v0/convex/finger_tip_r_convex.stlb
[1.104s] -- Up-to-date: /home/gustav/P5-Kuka-Dual-Arm/install/moveit_resources_pr2_description/share/moveit_resources_pr2_description/urdf/meshes/gripper_v0/convex/l_floating.dae
[1.104s] -- Up-to-date: /home/gustav/P5-Kuka-Dual-Arm/install/moveit_resources_pr2_description/share/moveit_resources_pr2_description/urdf/meshes/gripper_v0/convex/upper_finger_r_convex.stla
[1.104s] -- Up-to-date: /home/gustav/P5-Kuka-Dual-Arm/install/moveit_resources_pr2_description/share/moveit_resources_pr2_description/urdf/meshes/gripper_v0/convex/finger_tip_r.dae
[1.112s] -- Up-to-date: /home/gustav/P5-Kuka-Dual-Arm/install/moveit_resources_pr2_description/share/moveit_resources_pr2_description/urdf/meshes/gripper_v0/convex/finger_tip_pad2_r_convex.stlb
[1.112s] -- Up-to-date: /home/gustav/P5-Kuka-Dual-Arm/install/moveit_resources_pr2_description/share/moveit_resources_pr2_description/urdf/meshes/gripper_v0/convex/finger_tip_pad2_l.xml
[1.112s] -- Up-to-date: /home/gustav/P5-Kuka-Dual-Arm/install/moveit_resources_pr2_description/share/moveit_resources_pr2_description/urdf/meshes/gripper_v0/convex/upper_finger_r.xml
[1.112s] -- Up-to-date: /home/gustav/P5-Kuka-Dual-Arm/install/moveit_resources_pr2_description/share/moveit_resources_pr2_description/urdf/meshes/gripper_v0/convex/finger_tip_pad2_l_convex.stlb
[1.113s] -- Up-to-date: /home/gustav/P5-Kuka-Dual-Arm/install/moveit_resources_pr2_description/share/moveit_resources_pr2_description/urdf/meshes/gripper_v0/convex/gripper_palm.xml
[1.113s] -- Up-to-date: /home/gustav/P5-Kuka-Dual-Arm/install/moveit_resources_pr2_description/share/moveit_resources_pr2_description/urdf/meshes/gripper_v0/convex/l_finger_tip.xml
[1.113s] -- Up-to-date: /home/gustav/P5-Kuka-Dual-Arm/install/moveit_resources_pr2_description/share/moveit_resources_pr2_description/urdf/meshes/gripper_v0/convex/finger_tip_r.xml
[1.113s] -- Up-to-date: /home/gustav/P5-Kuka-Dual-Arm/install/moveit_resources_pr2_description/share/moveit_resources_pr2_description/urdf/meshes/gripper_v0/convex/upper_finger_l_convex.stla
[1.113s] -- Up-to-date: /home/gustav/P5-Kuka-Dual-Arm/install/moveit_resources_pr2_description/share/moveit_resources_pr2_description/urdf/meshes/gripper_v0/convex/l_floating.xml
[1.113s] -- Up-to-date: /home/gustav/P5-Kuka-Dual-Arm/install/moveit_resources_pr2_description/share/moveit_resources_pr2_description/urdf/meshes/gripper_v0/convex/upper_finger_l.xml
[1.113s] -- Up-to-date: /home/gustav/P5-Kuka-Dual-Arm/install/moveit_resources_pr2_description/share/moveit_resources_pr2_description/urdf/meshes/gripper_v0/convex/l_floating_convex.stla
[1.113s] -- Up-to-date: /home/gustav/P5-Kuka-Dual-Arm/install/moveit_resources_pr2_description/share/moveit_resources_pr2_description/urdf/meshes/gripper_v0/convex/l_finger.xml
[1.113s] -- Up-to-date: /home/gustav/P5-Kuka-Dual-Arm/install/moveit_resources_pr2_description/share/moveit_resources_pr2_description/urdf/meshes/gripper_v0/convex/l_finger_tip.dae
[1.113s] -- Up-to-date: /home/gustav/P5-Kuka-Dual-Arm/install/moveit_resources_pr2_description/share/moveit_resources_pr2_description/urdf/meshes/gripper_v0/convex/gripper_palm_convex.stlb
[1.114s] -- Up-to-date: /home/gustav/P5-Kuka-Dual-Arm/install/moveit_resources_pr2_description/share/moveit_resources_pr2_description/urdf/meshes/gripper_v0/convex/l_finger_convex.stla
[1.114s] -- Up-to-date: /home/gustav/P5-Kuka-Dual-Arm/install/moveit_resources_pr2_description/share/moveit_resources_pr2_description/urdf/meshes/gripper_v0/gripper_palm.dae
[1.114s] -- Up-to-date: /home/gustav/P5-Kuka-Dual-Arm/install/moveit_resources_pr2_description/share/moveit_resources_pr2_description/urdf/meshes/gripper_v0/l_finger.stl
[1.114s] -- Up-to-date: /home/gustav/P5-Kuka-Dual-Arm/install/moveit_resources_pr2_description/share/moveit_resources_pr2_description/urdf/meshes/gripper_v0/l_finger_color.tif
[1.114s] -- Up-to-date: /home/gustav/P5-Kuka-Dual-Arm/install/moveit_resources_pr2_description/share/moveit_resources_pr2_description/urdf/meshes/gripper_v0/l_floating.stl
[1.114s] -- Up-to-date: /home/gustav/P5-Kuka-Dual-Arm/install/moveit_resources_pr2_description/share/moveit_resources_pr2_description/urdf/meshes/gripper_v0/float_H_UV_100430.dae
[1.114s] -- Up-to-date: /home/gustav/P5-Kuka-Dual-Arm/install/moveit_resources_pr2_description/share/moveit_resources_pr2_description/urdf/meshes/gripper_v0/gripper_palm_normals.tif
[1.114s] -- Up-to-date: /home/gustav/P5-Kuka-Dual-Arm/install/moveit_resources_pr2_description/share/moveit_resources_pr2_description/urdf/meshes/gripper_v0/l_finger.dae
[1.114s] -- Up-to-date: /home/gustav/P5-Kuka-Dual-Arm/install/moveit_resources_pr2_description/share/moveit_resources_pr2_description/urdf/meshes/gripper_v0/finger_tip_pad2_r.stl
[1.114s] -- Up-to-date: /home/gustav/P5-Kuka-Dual-Arm/install/moveit_resources_pr2_description/share/moveit_resources_pr2_description/urdf/meshes/gripper_v0/finger_tip_l.stl
[1.115s] -- Up-to-date: /home/gustav/P5-Kuka-Dual-Arm/install/moveit_resources_pr2_description/share/moveit_resources_pr2_description/urdf/meshes/gripper_v0/gripper_palm_color.tif
[1.115s] -- Up-to-date: /home/gustav/P5-Kuka-Dual-Arm/install/moveit_resources_pr2_description/share/moveit_resources_pr2_description/urdf/meshes/gripper_v0/palm_H_UV_100430.dae
[1.115s] -- Up-to-date: /home/gustav/P5-Kuka-Dual-Arm/install/moveit_resources_pr2_description/share/moveit_resources_pr2_description/urdf/meshes/gripper_v0/l_finger_tip_color.tif
[1.118s] -- Up-to-date: /home/gustav/P5-Kuka-Dual-Arm/install/moveit_resources_pr2_description/share/moveit_resources_pr2_description/urdf/meshes/gripper_v0/finger_H_UV_100430.dae
[1.118s] -- Up-to-date: /home/gustav/P5-Kuka-Dual-Arm/install/moveit_resources_pr2_description/share/moveit_resources_pr2_description/urdf/meshes/gripper_v0/finger_tip_H_UV_100430.dae
[1.118s] -- Up-to-date: /home/gustav/P5-Kuka-Dual-Arm/install/moveit_resources_pr2_description/share/moveit_resources_pr2_description/urdf/meshes/gripper_v0/l_finger_tip.stl
[1.118s] -- Up-to-date: /home/gustav/P5-Kuka-Dual-Arm/install/moveit_resources_pr2_description/share/moveit_resources_pr2_description/urdf/meshes/gripper_v0/palm_H_Color_100430.tif
[1.119s] -- Up-to-date: /home/gustav/P5-Kuka-Dual-Arm/install/moveit_resources_pr2_description/share/moveit_resources_pr2_description/urdf/meshes/gripper_v0/upper_finger_r.stl
[1.119s] -- Up-to-date: /home/gustav/P5-Kuka-Dual-Arm/install/moveit_resources_pr2_description/share/moveit_resources_pr2_description/urdf/meshes/gripper_v0/l_finger_tip_normals.tif
[1.119s] -- Up-to-date: /home/gustav/P5-Kuka-Dual-Arm/install/moveit_resources_pr2_description/share/moveit_resources_pr2_description/urdf/meshes/gripper_v0/l_finger_tip.dae
[1.119s] -- Up-to-date: /home/gustav/P5-Kuka-Dual-Arm/install/moveit_resources_pr2_description/share/moveit_resources_pr2_description/urdf/meshes/gripper_v0/float_H_Color_100430.tif
[1.119s] -- Up-to-date: /home/gustav/P5-Kuka-Dual-Arm/install/moveit_resources_pr2_description/share/moveit_resources_pr2_description/urdf/meshes/gripper_v0/finger_H_Color_100430.tif
[1.119s] -- Up-to-date: /home/gustav/P5-Kuka-Dual-Arm/install/moveit_resources_pr2_description/share/moveit_resources_pr2_description/urdf/meshes/torso_v0
[1.119s] -- Up-to-date: /home/gustav/P5-Kuka-Dual-Arm/install/moveit_resources_pr2_description/share/moveit_resources_pr2_description/urdf/meshes/torso_v0/torso_lift_normals.tif
[1.119s] -- Up-to-date: /home/gustav/P5-Kuka-Dual-Arm/install/moveit_resources_pr2_description/share/moveit_resources_pr2_description/urdf/meshes/torso_v0/convex
[1.119s] -- Up-to-date: /home/gustav/P5-Kuka-Dual-Arm/install/moveit_resources_pr2_description/share/moveit_resources_pr2_description/urdf/meshes/torso_v0/convex/torso.xml
[1.120s] -- Up-to-date: /home/gustav/P5-Kuka-Dual-Arm/install/moveit_resources_pr2_description/share/moveit_resources_pr2_description/urdf/meshes/torso_v0/convex/torso_lift.xml
[1.120s] -- Up-to-date: /home/gustav/P5-Kuka-Dual-Arm/install/moveit_resources_pr2_description/share/moveit_resources_pr2_description/urdf/meshes/torso_v0/convex/torso_lift_L_convex.stlb
[1.120s] -- Up-to-date: /home/gustav/P5-Kuka-Dual-Arm/install/moveit_resources_pr2_description/share/moveit_resources_pr2_description/urdf/meshes/torso_v0/convex/torso_lift_L_convex.stla
[1.120s] -- Up-to-date: /home/gustav/P5-Kuka-Dual-Arm/install/moveit_resources_pr2_description/share/moveit_resources_pr2_description/urdf/meshes/torso_v0/convex/torso_lift_L.dae
[1.120s] -- Up-to-date: /home/gustav/P5-Kuka-Dual-Arm/install/moveit_resources_pr2_description/share/moveit_resources_pr2_description/urdf/meshes/torso_v0/convex/torso_lift_convex.stlb
[1.120s] -- Up-to-date: /home/gustav/P5-Kuka-Dual-Arm/install/moveit_resources_pr2_description/share/moveit_resources_pr2_description/urdf/meshes/torso_v0/convex/torso_lift.dae
[1.120s] -- Up-to-date: /home/gustav/P5-Kuka-Dual-Arm/install/moveit_resources_pr2_description/share/moveit_resources_pr2_description/urdf/meshes/torso_v0/convex/torso_lift_L.xml
[1.120s] -- Up-to-date: /home/gustav/P5-Kuka-Dual-Arm/install/moveit_resources_pr2_description/share/moveit_resources_pr2_description/urdf/meshes/torso_v0/convex/torso_convex.stla
[1.120s] -- Up-to-date: /home/gustav/P5-Kuka-Dual-Arm/install/moveit_resources_pr2_description/share/moveit_resources_pr2_description/urdf/meshes/torso_v0/convex/torso_lift_convex.stla
[1.120s] -- Up-to-date: /home/gustav/P5-Kuka-Dual-Arm/install/moveit_resources_pr2_description/share/moveit_resources_pr2_description/urdf/meshes/torso_v0/convex/torso_convex.stlb
[1.121s] -- Up-to-date: /home/gustav/P5-Kuka-Dual-Arm/install/moveit_resources_pr2_description/share/moveit_resources_pr2_description/urdf/meshes/torso_v0/convex/torso.dae
[1.121s] -- Up-to-date: /home/gustav/P5-Kuka-Dual-Arm/install/moveit_resources_pr2_description/share/moveit_resources_pr2_description/urdf/meshes/torso_v0/torso.stl
[1.121s] -- Up-to-date: /home/gustav/P5-Kuka-Dual-Arm/install/moveit_resources_pr2_description/share/moveit_resources_pr2_description/urdf/meshes/torso_v0/torso_lift.dae
[1.121s] -- Up-to-date: /home/gustav/P5-Kuka-Dual-Arm/install/moveit_resources_pr2_description/share/moveit_resources_pr2_description/urdf/meshes/torso_v0/torso_lift.stl
[1.121s] -- Up-to-date: /home/gustav/P5-Kuka-Dual-Arm/install/moveit_resources_pr2_description/share/moveit_resources_pr2_description/urdf/meshes/torso_v0/torso_lift_L.stl
[1.121s] -- Up-to-date: /home/gustav/P5-Kuka-Dual-Arm/install/moveit_resources_pr2_description/share/moveit_resources_pr2_description/urdf/meshes/torso_v0/torso_lift_color.tif
[1.121s] -- Up-to-date: /home/gustav/P5-Kuka-Dual-Arm/install/moveit_resources_pr2_description/share/moveit_resources_pr2_description/urdf/meshes/head_v0
[1.121s] -- Up-to-date: /home/gustav/P5-Kuka-Dual-Arm/install/moveit_resources_pr2_description/share/moveit_resources_pr2_description/urdf/meshes/head_v0/convex
[1.121s] -- Up-to-date: /home/gustav/P5-Kuka-Dual-Arm/install/moveit_resources_pr2_description/share/moveit_resources_pr2_description/urdf/meshes/head_v0/convex/head_pan_L.dae
[1.122s] -- Up-to-date: /home/gustav/P5-Kuka-Dual-Arm/install/moveit_resources_pr2_description/share/moveit_resources_pr2_description/urdf/meshes/head_v0/convex/head_pan_convex.stla
[1.122s] -- Up-to-date: /home/gustav/P5-Kuka-Dual-Arm/install/moveit_resources_pr2_description/share/moveit_resources_pr2_description/urdf/meshes/head_v0/convex/head_pan_convex.stlb
[1.122s] -- Up-to-date: /home/gustav/P5-Kuka-Dual-Arm/install/moveit_resources_pr2_description/share/moveit_resources_pr2_description/urdf/meshes/head_v0/convex/head_pan_L_convex.stla
[1.126s] -- Up-to-date: /home/gustav/P5-Kuka-Dual-Arm/install/moveit_resources_pr2_description/share/moveit_resources_pr2_description/urdf/meshes/head_v0/convex/head_tilt_L.dae
[1.126s] -- Up-to-date: /home/gustav/P5-Kuka-Dual-Arm/install/moveit_resources_pr2_description/share/moveit_resources_pr2_description/urdf/meshes/head_v0/convex/head_tilt_convex.stlb
[1.126s] -- Up-to-date: /home/gustav/P5-Kuka-Dual-Arm/install/moveit_resources_pr2_description/share/moveit_resources_pr2_description/urdf/meshes/head_v0/convex/head_tilt_L.xml
[1.126s] -- Up-to-date: /home/gustav/P5-Kuka-Dual-Arm/install/moveit_resources_pr2_description/share/moveit_resources_pr2_description/urdf/meshes/head_v0/convex/head_tilt_L_convex.stlb
[1.126s] -- Up-to-date: /home/gustav/P5-Kuka-Dual-Arm/install/moveit_resources_pr2_description/share/moveit_resources_pr2_description/urdf/meshes/head_v0/convex/head_pan_L_convex.stlb
[1.127s] -- Up-to-date: /home/gustav/P5-Kuka-Dual-Arm/install/moveit_resources_pr2_description/share/moveit_resources_pr2_description/urdf/meshes/head_v0/convex/head_tilt_L_convex.stla
[1.127s] -- Up-to-date: /home/gustav/P5-Kuka-Dual-Arm/install/moveit_resources_pr2_description/share/moveit_resources_pr2_description/urdf/meshes/head_v0/convex/head_pan.xml
[1.127s] -- Up-to-date: /home/gustav/P5-Kuka-Dual-Arm/install/moveit_resources_pr2_description/share/moveit_resources_pr2_description/urdf/meshes/head_v0/convex/head_tilt.xml
[1.127s] -- Up-to-date: /home/gustav/P5-Kuka-Dual-Arm/install/moveit_resources_pr2_description/share/moveit_resources_pr2_description/urdf/meshes/head_v0/convex/head_tilt.dae
[1.127s] -- Up-to-date: /home/gustav/P5-Kuka-Dual-Arm/install/moveit_resources_pr2_description/share/moveit_resources_pr2_description/urdf/meshes/head_v0/convex/head_pan_L.xml
[1.127s] -- Up-to-date: /home/gustav/P5-Kuka-Dual-Arm/install/moveit_resources_pr2_description/share/moveit_resources_pr2_description/urdf/meshes/head_v0/convex/head_tilt_convex.stla
[1.127s] -- Up-to-date: /home/gustav/P5-Kuka-Dual-Arm/install/moveit_resources_pr2_description/share/moveit_resources_pr2_description/urdf/meshes/head_v0/convex/head_pan.dae
[1.127s] -- Up-to-date: /home/gustav/P5-Kuka-Dual-Arm/install/moveit_resources_pr2_description/share/moveit_resources_pr2_description/urdf/meshes/head_v0/head_pan_L.stl
[1.127s] -- Up-to-date: /home/gustav/P5-Kuka-Dual-Arm/install/moveit_resources_pr2_description/share/moveit_resources_pr2_description/urdf/meshes/head_v0/head_pan_normals.tif
[1.128s] -- Up-to-date: /home/gustav/P5-Kuka-Dual-Arm/install/moveit_resources_pr2_description/share/moveit_resources_pr2_description/urdf/meshes/head_v0/head_tilt_color_yellow.tif
[1.128s] -- Up-to-date: /home/gustav/P5-Kuka-Dual-Arm/install/moveit_resources_pr2_description/share/moveit_resources_pr2_description/urdf/meshes/head_v0/head_tilt.stl
[1.128s] -- Up-to-date: /home/gustav/P5-Kuka-Dual-Arm/install/moveit_resources_pr2_description/share/moveit_resources_pr2_description/urdf/meshes/head_v0/head_pan.stl
[1.128s] -- Up-to-date: /home/gustav/P5-Kuka-Dual-Arm/install/moveit_resources_pr2_description/share/moveit_resources_pr2_description/urdf/meshes/head_v0/head_pan_color.tif
[1.128s] -- Up-to-date: /home/gustav/P5-Kuka-Dual-Arm/install/moveit_resources_pr2_description/share/moveit_resources_pr2_description/urdf/meshes/head_v0/head_tilt.dae
[1.128s] -- Up-to-date: /home/gustav/P5-Kuka-Dual-Arm/install/moveit_resources_pr2_description/share/moveit_resources_pr2_description/urdf/meshes/head_v0/head_tilt_green.tif
[1.128s] -- Up-to-date: /home/gustav/P5-Kuka-Dual-Arm/install/moveit_resources_pr2_description/share/moveit_resources_pr2_description/urdf/meshes/head_v0/head_tilt_L.stl
[1.128s] -- Up-to-date: /home/gustav/P5-Kuka-Dual-Arm/install/moveit_resources_pr2_description/share/moveit_resources_pr2_description/urdf/meshes/head_v0/head_tilt_color.tif
[1.128s] -- Up-to-date: /home/gustav/P5-Kuka-Dual-Arm/install/moveit_resources_pr2_description/share/moveit_resources_pr2_description/urdf/meshes/head_v0/head_pan.dae
[1.129s] -- Up-to-date: /home/gustav/P5-Kuka-Dual-Arm/install/moveit_resources_pr2_description/share/moveit_resources_pr2_description/urdf/meshes/head_v0/head_tilt_normals.tif
[1.129s] -- Up-to-date: /home/gustav/P5-Kuka-Dual-Arm/install/moveit_resources_pr2_description/share/moveit_resources_pr2_description/urdf/meshes/head_v0/head_tilt_color_red.tif
[1.129s] -- Up-to-date: /home/gustav/P5-Kuka-Dual-Arm/install/moveit_resources_pr2_description/share/moveit_resources_pr2_description/urdf/meshes/upper_arm_v0
[1.133s] -- Up-to-date: /home/gustav/P5-Kuka-Dual-Arm/install/moveit_resources_pr2_description/share/moveit_resources_pr2_description/urdf/meshes/upper_arm_v0/elbow_flex.stl
[1.133s] -- Up-to-date: /home/gustav/P5-Kuka-Dual-Arm/install/moveit_resources_pr2_description/share/moveit_resources_pr2_description/urdf/meshes/upper_arm_v0/convex
[1.134s] -- Up-to-date: /home/gustav/P5-Kuka-Dual-Arm/install/moveit_resources_pr2_description/share/moveit_resources_pr2_description/urdf/meshes/upper_arm_v0/convex/upper_arm.xml
[1.134s] -- Up-to-date: /home/gustav/P5-Kuka-Dual-Arm/install/moveit_resources_pr2_description/share/moveit_resources_pr2_description/urdf/meshes/upper_arm_v0/convex/upper_arm_convex.stlb
[1.134s] -- Up-to-date: /home/gustav/P5-Kuka-Dual-Arm/install/moveit_resources_pr2_description/share/moveit_resources_pr2_description/urdf/meshes/upper_arm_v0/convex/upper_arm_convex.stla
[1.134s] -- Up-to-date: /home/gustav/P5-Kuka-Dual-Arm/install/moveit_resources_pr2_description/share/moveit_resources_pr2_description/urdf/meshes/upper_arm_v0/convex/forearm_roll.dae
[1.134s] -- Up-to-date: /home/gustav/P5-Kuka-Dual-Arm/install/moveit_resources_pr2_description/share/moveit_resources_pr2_description/urdf/meshes/upper_arm_v0/convex/forearm_roll_convex.stlb
[1.134s] -- Up-to-date: /home/gustav/P5-Kuka-Dual-Arm/install/moveit_resources_pr2_description/share/moveit_resources_pr2_description/urdf/meshes/upper_arm_v0/convex/elbow_flex_convex.stlb
[1.134s] -- Up-to-date: /home/gustav/P5-Kuka-Dual-Arm/install/moveit_resources_pr2_description/share/moveit_resources_pr2_description/urdf/meshes/upper_arm_v0/convex/forearm_roll_convex.stla
[1.135s] -- Up-to-date: /home/gustav/P5-Kuka-Dual-Arm/install/moveit_resources_pr2_description/share/moveit_resources_pr2_description/urdf/meshes/upper_arm_v0/convex/forearm_roll_L_convex.stlb
[1.135s] -- Up-to-date: /home/gustav/P5-Kuka-Dual-Arm/install/moveit_resources_pr2_description/share/moveit_resources_pr2_description/urdf/meshes/upper_arm_v0/convex/forearm_roll_L.dae
[1.135s] -- Up-to-date: /home/gustav/P5-Kuka-Dual-Arm/install/moveit_resources_pr2_description/share/moveit_resources_pr2_description/urdf/meshes/upper_arm_v0/convex/elbow_flex.xml
[1.135s] -- Up-to-date: /home/gustav/P5-Kuka-Dual-Arm/install/moveit_resources_pr2_description/share/moveit_resources_pr2_description/urdf/meshes/upper_arm_v0/convex/forearm_roll_L.xml
[1.135s] -- Up-to-date: /home/gustav/P5-Kuka-Dual-Arm/install/moveit_resources_pr2_description/share/moveit_resources_pr2_description/urdf/meshes/upper_arm_v0/convex/elbow_flex.dae
[1.135s] -- Up-to-date: /home/gustav/P5-Kuka-Dual-Arm/install/moveit_resources_pr2_description/share/moveit_resources_pr2_description/urdf/meshes/upper_arm_v0/convex/forearm_roll.xml
[1.135s] -- Up-to-date: /home/gustav/P5-Kuka-Dual-Arm/install/moveit_resources_pr2_description/share/moveit_resources_pr2_description/urdf/meshes/upper_arm_v0/convex/upper_arm.dae
[1.135s] -- Up-to-date: /home/gustav/P5-Kuka-Dual-Arm/install/moveit_resources_pr2_description/share/moveit_resources_pr2_description/urdf/meshes/upper_arm_v0/convex/elbow_flex_convex.stla
[1.136s] -- Up-to-date: /home/gustav/P5-Kuka-Dual-Arm/install/moveit_resources_pr2_description/share/moveit_resources_pr2_description/urdf/meshes/upper_arm_v0/convex/forearm_roll_L_convex.stla
[1.136s] -- Up-to-date: /home/gustav/P5-Kuka-Dual-Arm/install/moveit_resources_pr2_description/share/moveit_resources_pr2_description/urdf/meshes/upper_arm_v0/upper_arm.stl
[1.136s] -- Up-to-date: /home/gustav/P5-Kuka-Dual-Arm/install/moveit_resources_pr2_description/share/moveit_resources_pr2_description/urdf/meshes/upper_arm_v0/elbow_flex_color.tif
[1.136s] -- Up-to-date: /home/gustav/P5-Kuka-Dual-Arm/install/moveit_resources_pr2_description/share/moveit_resources_pr2_description/urdf/meshes/upper_arm_v0/forearm_roll.stl
[1.136s] -- Up-to-date: /home/gustav/P5-Kuka-Dual-Arm/install/moveit_resources_pr2_description/share/moveit_resources_pr2_description/urdf/meshes/upper_arm_v0/upper_arm.jpg
[1.136s] -- Up-to-date: /home/gustav/P5-Kuka-Dual-Arm/install/moveit_resources_pr2_description/share/moveit_resources_pr2_description/urdf/meshes/upper_arm_v0/forearm_roll_L.stl
[1.136s] -- Up-to-date: /home/gustav/P5-Kuka-Dual-Arm/install/moveit_resources_pr2_description/share/moveit_resources_pr2_description/urdf/meshes/upper_arm_v0/upper_arm_normals.tif
[1.136s] -- Up-to-date: /home/gustav/P5-Kuka-Dual-Arm/install/moveit_resources_pr2_description/share/moveit_resources_pr2_description/urdf/meshes/upper_arm_v0/elbow_flex_normals.tif
[1.137s] -- Up-to-date: /home/gustav/P5-Kuka-Dual-Arm/install/moveit_resources_pr2_description/share/moveit_resources_pr2_description/urdf/meshes/upper_arm_v0/elbow_flex.dae
[1.137s] -- Up-to-date: /home/gustav/P5-Kuka-Dual-Arm/install/moveit_resources_pr2_description/share/moveit_resources_pr2_description/urdf/meshes/upper_arm_v0/upper_arm.dae
[1.137s] -- Up-to-date: /home/gustav/P5-Kuka-Dual-Arm/install/moveit_resources_pr2_description/share/moveit_resources_pr2_description/urdf/meshes/upper_arm_v0/upper_arm_color.tif
[1.148s] -- Up-to-date: /home/gustav/P5-Kuka-Dual-Arm/install/moveit_resources_pr2_description/share/moveit_resources_pr2_description/kinect.dae
[1.231s] Invoked command in '/home/gustav/P5-Kuka-Dual-Arm/build/moveit_resources_pr2_description' returned '0': CMAKE_PREFIX_PATH=${CMAKE_PREFIX_PATH}:/home/gustav/ws_moveit2/install/moveit_configs_utils:/home/gustav/ws_moveit2/install/launch_param_builder:/home/gustav/lbr_stack/install/lbr_demos_py:/home/gustav/lbr_stack/install/lbr_demos_advanced_py:/opt/ros/humble /usr/bin/cmake --install /home/gustav/P5-Kuka-Dual-Arm/build/moveit_resources_pr2_description
