[1.426s] Invoking command in '/home/gustav/P5-Kuka-Dual-Arm/p5_ws/src/moveit2/moveit_configs_utils': PYTHONPATH=/home/gustav/P5-Kuka-Dual-Arm/build/moveit_configs_utils/prefix_override:/usr/lib/python3/dist-packages/colcon_core/task/python/colcon_distutils_commands:/home/gustav/P5-Kuka-Dual-Arm/install/moveit_configs_utils/lib/python3.10/site-packages:${PYTHONPATH} /usr/bin/python3 -W ignore:setup.py install is deprecated setup.py egg_info --egg-base ../../../../build/moveit_configs_utils build --build-base /home/gustav/P5-Kuka-Dual-Arm/build/moveit_configs_utils/build install --record /home/gustav/P5-Kuka-Dual-Arm/build/moveit_configs_utils/install.log --single-version-externally-managed install_data
[1.851s] running egg_info
[1.854s] writing ../../../../build/moveit_configs_utils/moveit_configs_utils.egg-info/PKG-INFO
[1.854s] writing dependency_links to ../../../../build/moveit_configs_utils/moveit_configs_utils.egg-info/dependency_links.txt
[1.854s] writing entry points to ../../../../build/moveit_configs_utils/moveit_configs_utils.egg-info/entry_points.txt
[1.854s] writing requirements to ../../../../build/moveit_configs_utils/moveit_configs_utils.egg-info/requires.txt
[1.854s] writing top-level names to ../../../../build/moveit_configs_utils/moveit_configs_utils.egg-info/top_level.txt
[1.857s] reading manifest file '../../../../build/moveit_configs_utils/moveit_configs_utils.egg-info/SOURCES.txt'
[1.859s] writing manifest file '../../../../build/moveit_configs_utils/moveit_configs_utils.egg-info/SOURCES.txt'
[1.859s] running build
[1.859s] running build_py
[1.860s] running install
[1.861s] running install_lib
[1.862s] running install_data
[1.863s] running install_egg_info
[1.866s] removing '/home/gustav/P5-Kuka-Dual-Arm/install/moveit_configs_utils/lib/python3.10/site-packages/moveit_configs_utils-2.5.5-py3.10.egg-info' (and everything under it)
[1.866s] Copying ../../../../build/moveit_configs_utils/moveit_configs_utils.egg-info to /home/gustav/P5-Kuka-Dual-Arm/install/moveit_configs_utils/lib/python3.10/site-packages/moveit_configs_utils-2.5.5-py3.10.egg-info
[1.869s] running install_scripts
[1.906s] writing list of installed files to '/home/gustav/P5-Kuka-Dual-Arm/build/moveit_configs_utils/install.log'
[1.982s] Invoked command in '/home/gustav/P5-Kuka-Dual-Arm/p5_ws/src/moveit2/moveit_configs_utils' returned '0': PYTHONPATH=/home/gustav/P5-Kuka-Dual-Arm/build/moveit_configs_utils/prefix_override:/usr/lib/python3/dist-packages/colcon_core/task/python/colcon_distutils_commands:/home/gustav/P5-Kuka-Dual-Arm/install/moveit_configs_utils/lib/python3.10/site-packages:${PYTHONPATH} /usr/bin/python3 -W ignore:setup.py install is deprecated setup.py egg_info --egg-base ../../../../build/moveit_configs_utils build --build-base /home/gustav/P5-Kuka-Dual-Arm/build/moveit_configs_utils/build install --record /home/gustav/P5-Kuka-Dual-Arm/build/moveit_configs_utils/install.log --single-version-externally-managed install_data
