[2.404s] Invoking command in '/home/gustav/P5-Kuka-Dual-Arm/p5_ws/src/lbr_fri_ros2_stack/lbr_demos/lbr_demos_advanced_py': AMENT_PREFIX_PATH=/home/gustav/P5-Kuka-Dual-Arm/install/lbr_fri_ros2:/home/gustav/P5-Kuka-Dual-Arm/install/lbr_fri_idl:/home/gustav/P5-Kuka-Dual-Arm/install/lbr_description:${AMENT_PREFIX_PATH} CMAKE_PREFIX_PATH=/home/gustav/P5-Kuka-Dual-Arm/install/lbr_fri_ros2:/home/gustav/P5-Kuka-Dual-Arm/install/lbr_fri_idl:/home/gustav/P5-Kuka-Dual-Arm/install/lbr_description:/home/gustav/P5-Kuka-Dual-Arm/install/fri_client_sdk:${CMAKE_PREFIX_PATH} LD_LIBRARY_PATH=/home/gustav/P5-Kuka-Dual-Arm/install/lbr_fri_ros2/lib:/home/gustav/P5-Kuka-Dual-Arm/install/lbr_fri_idl/lib:/home/gustav/P5-Kuka-Dual-Arm/install/fri_client_sdk/lib:${LD_LIBRARY_PATH} PKG_CONFIG_PATH=/home/gustav/P5-Kuka-Dual-Arm/install/fri_client_sdk/lib/x86_64-linux-gnu/pkgconfig:/home/gustav/P5-Kuka-Dual-Arm/install/fri_client_sdk/lib/pkgconfig:${PKG_CONFIG_PATH} PYTHONPATH=/home/gustav/P5-Kuka-Dual-Arm/build/lbr_demos_advanced_py/prefix_override:/usr/lib/python3/dist-packages/colcon_core/task/python/colcon_distutils_commands:/home/gustav/P5-Kuka-Dual-Arm/install/lbr_demos_advanced_py/lib/python3.10/site-packages:/home/gustav/P5-Kuka-Dual-Arm/install/lbr_fri_idl/local/lib/python3.10/dist-packages:${PYTHONPATH} /usr/bin/python3 -W ignore:setup.py install is deprecated setup.py egg_info --egg-base ../../../../../build/lbr_demos_advanced_py build --build-base /home/gustav/P5-Kuka-Dual-Arm/build/lbr_demos_advanced_py/build install --record /home/gustav/P5-Kuka-Dual-Arm/build/lbr_demos_advanced_py/install.log --single-version-externally-managed install_data
[3.502s] running egg_info
[3.505s] creating ../../../../../build/lbr_demos_advanced_py/lbr_demos_advanced_py.egg-info
[3.505s] writing ../../../../../build/lbr_demos_advanced_py/lbr_demos_advanced_py.egg-info/PKG-INFO
[3.506s] writing dependency_links to ../../../../../build/lbr_demos_advanced_py/lbr_demos_advanced_py.egg-info/dependency_links.txt
[3.506s] writing entry points to ../../../../../build/lbr_demos_advanced_py/lbr_demos_advanced_py.egg-info/entry_points.txt
[3.507s] writing requirements to ../../../../../build/lbr_demos_advanced_py/lbr_demos_advanced_py.egg-info/requires.txt
[3.508s] writing top-level names to ../../../../../build/lbr_demos_advanced_py/lbr_demos_advanced_py.egg-info/top_level.txt
[3.508s] writing manifest file '../../../../../build/lbr_demos_advanced_py/lbr_demos_advanced_py.egg-info/SOURCES.txt'
[3.513s] reading manifest file '../../../../../build/lbr_demos_advanced_py/lbr_demos_advanced_py.egg-info/SOURCES.txt'
[3.515s] writing manifest file '../../../../../build/lbr_demos_advanced_py/lbr_demos_advanced_py.egg-info/SOURCES.txt'
[3.515s] running build
[3.516s] running build_py
[3.516s] creating /home/gustav/P5-Kuka-Dual-Arm/build/lbr_demos_advanced_py/build
[3.517s] creating /home/gustav/P5-Kuka-Dual-Arm/build/lbr_demos_advanced_py/build/lib
[3.518s] creating /home/gustav/P5-Kuka-Dual-Arm/build/lbr_demos_advanced_py/build/lib/lbr_demos_advanced_py
[3.518s] copying lbr_demos_advanced_py/admittance_rcm_controller.py -> /home/gustav/P5-Kuka-Dual-Arm/build/lbr_demos_advanced_py/build/lib/lbr_demos_advanced_py
[3.519s] copying lbr_demos_advanced_py/admittance_control_node.py -> /home/gustav/P5-Kuka-Dual-Arm/build/lbr_demos_advanced_py/build/lib/lbr_demos_advanced_py
[3.519s] copying lbr_demos_advanced_py/lbr_base_position_command_node.py -> /home/gustav/P5-Kuka-Dual-Arm/build/lbr_demos_advanced_py/build/lib/lbr_demos_advanced_py
[3.519s] copying lbr_demos_advanced_py/admittance_rcm_control_node.py -> /home/gustav/P5-Kuka-Dual-Arm/build/lbr_demos_advanced_py/build/lib/lbr_demos_advanced_py
[3.520s] copying lbr_demos_advanced_py/admittance_controller.py -> /home/gustav/P5-Kuka-Dual-Arm/build/lbr_demos_advanced_py/build/lib/lbr_demos_advanced_py
[3.520s] copying lbr_demos_advanced_py/__init__.py -> /home/gustav/P5-Kuka-Dual-Arm/build/lbr_demos_advanced_py/build/lib/lbr_demos_advanced_py
[3.521s] running install
[3.522s] running install_lib
[3.523s] creating /home/gustav/P5-Kuka-Dual-Arm/install/lbr_demos_advanced_py/lib/python3.10/site-packages/lbr_demos_advanced_py
[3.524s] copying /home/gustav/P5-Kuka-Dual-Arm/build/lbr_demos_advanced_py/build/lib/lbr_demos_advanced_py/admittance_rcm_controller.py -> /home/gustav/P5-Kuka-Dual-Arm/install/lbr_demos_advanced_py/lib/python3.10/site-packages/lbr_demos_advanced_py
[3.524s] copying /home/gustav/P5-Kuka-Dual-Arm/build/lbr_demos_advanced_py/build/lib/lbr_demos_advanced_py/admittance_control_node.py -> /home/gustav/P5-Kuka-Dual-Arm/install/lbr_demos_advanced_py/lib/python3.10/site-packages/lbr_demos_advanced_py
[3.525s] copying /home/gustav/P5-Kuka-Dual-Arm/build/lbr_demos_advanced_py/build/lib/lbr_demos_advanced_py/lbr_base_position_command_node.py -> /home/gustav/P5-Kuka-Dual-Arm/install/lbr_demos_advanced_py/lib/python3.10/site-packages/lbr_demos_advanced_py
[3.525s] copying /home/gustav/P5-Kuka-Dual-Arm/build/lbr_demos_advanced_py/build/lib/lbr_demos_advanced_py/admittance_rcm_control_node.py -> /home/gustav/P5-Kuka-Dual-Arm/install/lbr_demos_advanced_py/lib/python3.10/site-packages/lbr_demos_advanced_py
[3.526s] copying /home/gustav/P5-Kuka-Dual-Arm/build/lbr_demos_advanced_py/build/lib/lbr_demos_advanced_py/admittance_controller.py -> /home/gustav/P5-Kuka-Dual-Arm/install/lbr_demos_advanced_py/lib/python3.10/site-packages/lbr_demos_advanced_py
[3.527s] copying /home/gustav/P5-Kuka-Dual-Arm/build/lbr_demos_advanced_py/build/lib/lbr_demos_advanced_py/__init__.py -> /home/gustav/P5-Kuka-Dual-Arm/install/lbr_demos_advanced_py/lib/python3.10/site-packages/lbr_demos_advanced_py
[3.527s] byte-compiling /home/gustav/P5-Kuka-Dual-Arm/install/lbr_demos_advanced_py/lib/python3.10/site-packages/lbr_demos_advanced_py/admittance_rcm_controller.py to admittance_rcm_controller.cpython-310.pyc
[3.528s] byte-compiling /home/gustav/P5-Kuka-Dual-Arm/install/lbr_demos_advanced_py/lib/python3.10/site-packages/lbr_demos_advanced_py/admittance_control_node.py to admittance_control_node.cpython-310.pyc
[3.528s] byte-compiling /home/gustav/P5-Kuka-Dual-Arm/install/lbr_demos_advanced_py/lib/python3.10/site-packages/lbr_demos_advanced_py/lbr_base_position_command_node.py to lbr_base_position_command_node.cpython-310.pyc
[3.530s] byte-compiling /home/gustav/P5-Kuka-Dual-Arm/install/lbr_demos_advanced_py/lib/python3.10/site-packages/lbr_demos_advanced_py/admittance_rcm_control_node.py to admittance_rcm_control_node.cpython-310.pyc
[3.532s] byte-compiling /home/gustav/P5-Kuka-Dual-Arm/install/lbr_demos_advanced_py/lib/python3.10/site-packages/lbr_demos_advanced_py/admittance_controller.py to admittance_controller.cpython-310.pyc
[3.534s] byte-compiling /home/gustav/P5-Kuka-Dual-Arm/install/lbr_demos_advanced_py/lib/python3.10/site-packages/lbr_demos_advanced_py/__init__.py to __init__.cpython-310.pyc
[3.534s] running install_data
[3.535s] creating /home/gustav/P5-Kuka-Dual-Arm/install/lbr_demos_advanced_py/share/ament_index
[3.535s] creating /home/gustav/P5-Kuka-Dual-Arm/install/lbr_demos_advanced_py/share/ament_index/resource_index
[3.536s] creating /home/gustav/P5-Kuka-Dual-Arm/install/lbr_demos_advanced_py/share/ament_index/resource_index/packages
[3.536s] copying resource/lbr_demos_advanced_py -> /home/gustav/P5-Kuka-Dual-Arm/install/lbr_demos_advanced_py/share/ament_index/resource_index/packages
[3.536s] copying package.xml -> /home/gustav/P5-Kuka-Dual-Arm/install/lbr_demos_advanced_py/share/lbr_demos_advanced_py
[3.537s] creating /home/gustav/P5-Kuka-Dual-Arm/install/lbr_demos_advanced_py/share/lbr_demos_advanced_py/config
[3.537s] copying config/admittance_control.yaml -> /home/gustav/P5-Kuka-Dual-Arm/install/lbr_demos_advanced_py/share/lbr_demos_advanced_py/config
[3.538s] copying config/admittance_rcm_control.yaml -> /home/gustav/P5-Kuka-Dual-Arm/install/lbr_demos_advanced_py/share/lbr_demos_advanced_py/config
[3.538s] running install_egg_info
[3.542s] Copying ../../../../../build/lbr_demos_advanced_py/lbr_demos_advanced_py.egg-info to /home/gustav/P5-Kuka-Dual-Arm/install/lbr_demos_advanced_py/lib/python3.10/site-packages/lbr_demos_advanced_py-2.0.0-py3.10.egg-info
[3.544s] running install_scripts
[3.610s] Installing admittance_control script to /home/gustav/P5-Kuka-Dual-Arm/install/lbr_demos_advanced_py/lib/lbr_demos_advanced_py
[3.611s] Installing admittance_rcm_control script to /home/gustav/P5-Kuka-Dual-Arm/install/lbr_demos_advanced_py/lib/lbr_demos_advanced_py
[3.612s] writing list of installed files to '/home/gustav/P5-Kuka-Dual-Arm/build/lbr_demos_advanced_py/install.log'
[3.686s] Invoked command in '/home/gustav/P5-Kuka-Dual-Arm/p5_ws/src/lbr_fri_ros2_stack/lbr_demos/lbr_demos_advanced_py' returned '0': AMENT_PREFIX_PATH=/home/gustav/P5-Kuka-Dual-Arm/install/lbr_fri_ros2:/home/gustav/P5-Kuka-Dual-Arm/install/lbr_fri_idl:/home/gustav/P5-Kuka-Dual-Arm/install/lbr_description:${AMENT_PREFIX_PATH} CMAKE_PREFIX_PATH=/home/gustav/P5-Kuka-Dual-Arm/install/lbr_fri_ros2:/home/gustav/P5-Kuka-Dual-Arm/install/lbr_fri_idl:/home/gustav/P5-Kuka-Dual-Arm/install/lbr_description:/home/gustav/P5-Kuka-Dual-Arm/install/fri_client_sdk:${CMAKE_PREFIX_PATH} LD_LIBRARY_PATH=/home/gustav/P5-Kuka-Dual-Arm/install/lbr_fri_ros2/lib:/home/gustav/P5-Kuka-Dual-Arm/install/lbr_fri_idl/lib:/home/gustav/P5-Kuka-Dual-Arm/install/fri_client_sdk/lib:${LD_LIBRARY_PATH} PKG_CONFIG_PATH=/home/gustav/P5-Kuka-Dual-Arm/install/fri_client_sdk/lib/x86_64-linux-gnu/pkgconfig:/home/gustav/P5-Kuka-Dual-Arm/install/fri_client_sdk/lib/pkgconfig:${PKG_CONFIG_PATH} PYTHONPATH=/home/gustav/P5-Kuka-Dual-Arm/build/lbr_demos_advanced_py/prefix_override:/usr/lib/python3/dist-packages/colcon_core/task/python/colcon_distutils_commands:/home/gustav/P5-Kuka-Dual-Arm/install/lbr_demos_advanced_py/lib/python3.10/site-packages:/home/gustav/P5-Kuka-Dual-Arm/install/lbr_fri_idl/local/lib/python3.10/dist-packages:${PYTHONPATH} /usr/bin/python3 -W ignore:setup.py install is deprecated setup.py egg_info --egg-base ../../../../../build/lbr_demos_advanced_py build --build-base /home/gustav/P5-Kuka-Dual-Arm/build/lbr_demos_advanced_py/build install --record /home/gustav/P5-Kuka-Dual-Arm/build/lbr_demos_advanced_py/install.log --single-version-externally-managed install_data
