running egg_info
creating ../../../../../build/lbr_demos_py/lbr_demos_py.egg-info
writing ../../../../../build/lbr_demos_py/lbr_demos_py.egg-info/PKG-INFO
writing dependency_links to ../../../../../build/lbr_demos_py/lbr_demos_py.egg-info/dependency_links.txt
writing entry points to ../../../../../build/lbr_demos_py/lbr_demos_py.egg-info/entry_points.txt
writing requirements to ../../../../../build/lbr_demos_py/lbr_demos_py.egg-info/requires.txt
writing top-level names to ../../../../../build/lbr_demos_py/lbr_demos_py.egg-info/top_level.txt
writing manifest file '../../../../../build/lbr_demos_py/lbr_demos_py.egg-info/SOURCES.txt'
reading manifest file '../../../../../build/lbr_demos_py/lbr_demos_py.egg-info/SOURCES.txt'
writing manifest file '../../../../../build/lbr_demos_py/lbr_demos_py.egg-info/SOURCES.txt'
running build
running build_py
creating /home/gustav/P5-Kuka-Dual-Arm/build/lbr_demos_py/build
creating /home/gustav/P5-Kuka-Dual-Arm/build/lbr_demos_py/build/lib
creating /home/gustav/P5-Kuka-Dual-Arm/build/lbr_demos_py/build/lib/lbr_demos_py
copying lbr_demos_py/wrench_sine_overlay.py -> /home/gustav/P5-Kuka-Dual-Arm/build/lbr_demos_py/build/lib/lbr_demos_py
copying lbr_demos_py/torque_sine_overlay.py -> /home/gustav/P5-Kuka-Dual-Arm/build/lbr_demos_py/build/lib/lbr_demos_py
copying lbr_demos_py/joint_trajectory_client.py -> /home/gustav/P5-Kuka-Dual-Arm/build/lbr_demos_py/build/lib/lbr_demos_py
copying lbr_demos_py/joint_sine_overlay.py -> /home/gustav/P5-Kuka-Dual-Arm/build/lbr_demos_py/build/lib/lbr_demos_py
copying lbr_demos_py/__init__.py -> /home/gustav/P5-Kuka-Dual-Arm/build/lbr_demos_py/build/lib/lbr_demos_py
running install
running install_lib
creating /home/gustav/P5-Kuka-Dual-Arm/install/lbr_demos_py/lib/python3.10/site-packages/lbr_demos_py
copying /home/gustav/P5-Kuka-Dual-Arm/build/lbr_demos_py/build/lib/lbr_demos_py/wrench_sine_overlay.py -> /home/gustav/P5-Kuka-Dual-Arm/install/lbr_demos_py/lib/python3.10/site-packages/lbr_demos_py
copying /home/gustav/P5-Kuka-Dual-Arm/build/lbr_demos_py/build/lib/lbr_demos_py/torque_sine_overlay.py -> /home/gustav/P5-Kuka-Dual-Arm/install/lbr_demos_py/lib/python3.10/site-packages/lbr_demos_py
copying /home/gustav/P5-Kuka-Dual-Arm/build/lbr_demos_py/build/lib/lbr_demos_py/joint_trajectory_client.py -> /home/gustav/P5-Kuka-Dual-Arm/install/lbr_demos_py/lib/python3.10/site-packages/lbr_demos_py
copying /home/gustav/P5-Kuka-Dual-Arm/build/lbr_demos_py/build/lib/lbr_demos_py/joint_sine_overlay.py -> /home/gustav/P5-Kuka-Dual-Arm/install/lbr_demos_py/lib/python3.10/site-packages/lbr_demos_py
copying /home/gustav/P5-Kuka-Dual-Arm/build/lbr_demos_py/build/lib/lbr_demos_py/__init__.py -> /home/gustav/P5-Kuka-Dual-Arm/install/lbr_demos_py/lib/python3.10/site-packages/lbr_demos_py
byte-compiling /home/gustav/P5-Kuka-Dual-Arm/install/lbr_demos_py/lib/python3.10/site-packages/lbr_demos_py/wrench_sine_overlay.py to wrench_sine_overlay.cpython-310.pyc
byte-compiling /home/gustav/P5-Kuka-Dual-Arm/install/lbr_demos_py/lib/python3.10/site-packages/lbr_demos_py/torque_sine_overlay.py to torque_sine_overlay.cpython-310.pyc
byte-compiling /home/gustav/P5-Kuka-Dual-Arm/install/lbr_demos_py/lib/python3.10/site-packages/lbr_demos_py/joint_trajectory_client.py to joint_trajectory_client.cpython-310.pyc
byte-compiling /home/gustav/P5-Kuka-Dual-Arm/install/lbr_demos_py/lib/python3.10/site-packages/lbr_demos_py/joint_sine_overlay.py to joint_sine_overlay.cpython-310.pyc
byte-compiling /home/gustav/P5-Kuka-Dual-Arm/install/lbr_demos_py/lib/python3.10/site-packages/lbr_demos_py/__init__.py to __init__.cpython-310.pyc
running install_data
creating /home/gustav/P5-Kuka-Dual-Arm/install/lbr_demos_py/share/ament_index
creating /home/gustav/P5-Kuka-Dual-Arm/install/lbr_demos_py/share/ament_index/resource_index
creating /home/gustav/P5-Kuka-Dual-Arm/install/lbr_demos_py/share/ament_index/resource_index/packages
copying resource/lbr_demos_py -> /home/gustav/P5-Kuka-Dual-Arm/install/lbr_demos_py/share/ament_index/resource_index/packages
copying package.xml -> /home/gustav/P5-Kuka-Dual-Arm/install/lbr_demos_py/share/lbr_demos_py
running install_egg_info
Copying ../../../../../build/lbr_demos_py/lbr_demos_py.egg-info to /home/gustav/P5-Kuka-Dual-Arm/install/lbr_demos_py/lib/python3.10/site-packages/lbr_demos_py-2.0.0-py3.10.egg-info
running install_scripts
Installing joint_sine_overlay script to /home/gustav/P5-Kuka-Dual-Arm/install/lbr_demos_py/lib/lbr_demos_py
Installing joint_trajectory_client script to /home/gustav/P5-Kuka-Dual-Arm/install/lbr_demos_py/lib/lbr_demos_py
Installing torque_sine_overlay script to /home/gustav/P5-Kuka-Dual-Arm/install/lbr_demos_py/lib/lbr_demos_py
Installing wrench_sine_overlay script to /home/gustav/P5-Kuka-Dual-Arm/install/lbr_demos_py/lib/lbr_demos_py
writing list of installed files to '/home/gustav/P5-Kuka-Dual-Arm/build/lbr_demos_py/install.log'
