[1.775s] Invoking command in '/home/gustav/P5-Kuka-Dual-Arm/p5_ws/src/lbr_fri_ros2_stack/lbr_demos/lbr_demos_py': AMENT_PREFIX_PATH=/home/gustav/P5-Kuka-Dual-Arm/install/lbr_bringup:/home/gustav/P5-Kuka-Dual-Arm/install/lbr_ros2_control:/home/gustav/P5-Kuka-Dual-Arm/install/lbr_fri_ros2:/home/gustav/P5-Kuka-Dual-Arm/install/lbr_fri_idl:/home/gustav/P5-Kuka-Dual-Arm/install/lbr_description:${AMENT_PREFIX_PATH} CMAKE_PREFIX_PATH=/home/gustav/P5-Kuka-Dual-Arm/install/lbr_bringup:/home/gustav/P5-Kuka-Dual-Arm/install/lbr_ros2_control:/home/gustav/P5-Kuka-Dual-Arm/install/lbr_fri_ros2:/home/gustav/P5-Kuka-Dual-Arm/install/lbr_fri_idl:/home/gustav/P5-Kuka-Dual-Arm/install/lbr_description:/home/gustav/P5-Kuka-Dual-Arm/install/fri_client_sdk:${CMAKE_PREFIX_PATH} LD_LIBRARY_PATH=/home/gustav/P5-Kuka-Dual-Arm/install/lbr_ros2_control/lib:/home/gustav/P5-Kuka-Dual-Arm/install/lbr_fri_ros2/lib:/home/gustav/P5-Kuka-Dual-Arm/install/lbr_fri_idl/lib:/home/gustav/P5-Kuka-Dual-Arm/install/fri_client_sdk/lib:${LD_LIBRARY_PATH} PKG_CONFIG_PATH=/home/gustav/P5-Kuka-Dual-Arm/install/fri_client_sdk/lib/x86_64-linux-gnu/pkgconfig:/home/gustav/P5-Kuka-Dual-Arm/install/fri_client_sdk/lib/pkgconfig:${PKG_CONFIG_PATH} PYTHONPATH=/home/gustav/P5-Kuka-Dual-Arm/build/lbr_demos_py/prefix_override:/usr/lib/python3/dist-packages/colcon_core/task/python/colcon_distutils_commands:/home/gustav/P5-Kuka-Dual-Arm/install/lbr_demos_py/lib/python3.10/site-packages:/home/gustav/P5-Kuka-Dual-Arm/install/lbr_bringup/local/lib/python3.10/dist-packages:/home/gustav/P5-Kuka-Dual-Arm/install/lbr_fri_idl/local/lib/python3.10/dist-packages:${PYTHONPATH} /usr/bin/python3 -W ignore:setup.py install is deprecated setup.py egg_info --egg-base ../../../../../build/lbr_demos_py build --build-base /home/gustav/P5-Kuka-Dual-Arm/build/lbr_demos_py/build install --record /home/gustav/P5-Kuka-Dual-Arm/build/lbr_demos_py/install.log --single-version-externally-managed install_data
[2.398s] running egg_info
[2.402s] creating ../../../../../build/lbr_demos_py/lbr_demos_py.egg-info
[2.402s] writing ../../../../../build/lbr_demos_py/lbr_demos_py.egg-info/PKG-INFO
[2.402s] writing dependency_links to ../../../../../build/lbr_demos_py/lbr_demos_py.egg-info/dependency_links.txt
[2.402s] writing entry points to ../../../../../build/lbr_demos_py/lbr_demos_py.egg-info/entry_points.txt
[2.407s] writing requirements to ../../../../../build/lbr_demos_py/lbr_demos_py.egg-info/requires.txt
[2.407s] writing top-level names to ../../../../../build/lbr_demos_py/lbr_demos_py.egg-info/top_level.txt
[2.408s] writing manifest file '../../../../../build/lbr_demos_py/lbr_demos_py.egg-info/SOURCES.txt'
[2.408s] reading manifest file '../../../../../build/lbr_demos_py/lbr_demos_py.egg-info/SOURCES.txt'
[2.415s] writing manifest file '../../../../../build/lbr_demos_py/lbr_demos_py.egg-info/SOURCES.txt'
[2.419s] running build
[2.419s] running build_py
[2.419s] creating /home/gustav/P5-Kuka-Dual-Arm/build/lbr_demos_py/build
[2.419s] creating /home/gustav/P5-Kuka-Dual-Arm/build/lbr_demos_py/build/lib
[2.419s] creating /home/gustav/P5-Kuka-Dual-Arm/build/lbr_demos_py/build/lib/lbr_demos_py
[2.420s] copying lbr_demos_py/wrench_sine_overlay.py -> /home/gustav/P5-Kuka-Dual-Arm/build/lbr_demos_py/build/lib/lbr_demos_py
[2.420s] copying lbr_demos_py/torque_sine_overlay.py -> /home/gustav/P5-Kuka-Dual-Arm/build/lbr_demos_py/build/lib/lbr_demos_py
[2.420s] copying lbr_demos_py/joint_trajectory_client.py -> /home/gustav/P5-Kuka-Dual-Arm/build/lbr_demos_py/build/lib/lbr_demos_py
[2.420s] copying lbr_demos_py/joint_sine_overlay.py -> /home/gustav/P5-Kuka-Dual-Arm/build/lbr_demos_py/build/lib/lbr_demos_py
[2.420s] copying lbr_demos_py/__init__.py -> /home/gustav/P5-Kuka-Dual-Arm/build/lbr_demos_py/build/lib/lbr_demos_py
[2.420s] running install
[2.420s] running install_lib
[2.420s] creating /home/gustav/P5-Kuka-Dual-Arm/install/lbr_demos_py/lib/python3.10/site-packages/lbr_demos_py
[2.421s] copying /home/gustav/P5-Kuka-Dual-Arm/build/lbr_demos_py/build/lib/lbr_demos_py/wrench_sine_overlay.py -> /home/gustav/P5-Kuka-Dual-Arm/install/lbr_demos_py/lib/python3.10/site-packages/lbr_demos_py
[2.421s] copying /home/gustav/P5-Kuka-Dual-Arm/build/lbr_demos_py/build/lib/lbr_demos_py/torque_sine_overlay.py -> /home/gustav/P5-Kuka-Dual-Arm/install/lbr_demos_py/lib/python3.10/site-packages/lbr_demos_py
[2.421s] copying /home/gustav/P5-Kuka-Dual-Arm/build/lbr_demos_py/build/lib/lbr_demos_py/joint_trajectory_client.py -> /home/gustav/P5-Kuka-Dual-Arm/install/lbr_demos_py/lib/python3.10/site-packages/lbr_demos_py
[2.421s] copying /home/gustav/P5-Kuka-Dual-Arm/build/lbr_demos_py/build/lib/lbr_demos_py/joint_sine_overlay.py -> /home/gustav/P5-Kuka-Dual-Arm/install/lbr_demos_py/lib/python3.10/site-packages/lbr_demos_py
[2.421s] copying /home/gustav/P5-Kuka-Dual-Arm/build/lbr_demos_py/build/lib/lbr_demos_py/__init__.py -> /home/gustav/P5-Kuka-Dual-Arm/install/lbr_demos_py/lib/python3.10/site-packages/lbr_demos_py
[2.421s] byte-compiling /home/gustav/P5-Kuka-Dual-Arm/install/lbr_demos_py/lib/python3.10/site-packages/lbr_demos_py/wrench_sine_overlay.py to wrench_sine_overlay.cpython-310.pyc
[2.421s] byte-compiling /home/gustav/P5-Kuka-Dual-Arm/install/lbr_demos_py/lib/python3.10/site-packages/lbr_demos_py/torque_sine_overlay.py to torque_sine_overlay.cpython-310.pyc
[2.421s] byte-compiling /home/gustav/P5-Kuka-Dual-Arm/install/lbr_demos_py/lib/python3.10/site-packages/lbr_demos_py/joint_trajectory_client.py to joint_trajectory_client.cpython-310.pyc
[2.422s] byte-compiling /home/gustav/P5-Kuka-Dual-Arm/install/lbr_demos_py/lib/python3.10/site-packages/lbr_demos_py/joint_sine_overlay.py to joint_sine_overlay.cpython-310.pyc
[2.429s] byte-compiling /home/gustav/P5-Kuka-Dual-Arm/install/lbr_demos_py/lib/python3.10/site-packages/lbr_demos_py/__init__.py to __init__.cpython-310.pyc
[2.429s] running install_data
[2.429s] creating /home/gustav/P5-Kuka-Dual-Arm/install/lbr_demos_py/share/ament_index
[2.429s] creating /home/gustav/P5-Kuka-Dual-Arm/install/lbr_demos_py/share/ament_index/resource_index
[2.430s] creating /home/gustav/P5-Kuka-Dual-Arm/install/lbr_demos_py/share/ament_index/resource_index/packages
[2.430s] copying resource/lbr_demos_py -> /home/gustav/P5-Kuka-Dual-Arm/install/lbr_demos_py/share/ament_index/resource_index/packages
[2.430s] copying package.xml -> /home/gustav/P5-Kuka-Dual-Arm/install/lbr_demos_py/share/lbr_demos_py
[2.430s] running install_egg_info
[2.430s] Copying ../../../../../build/lbr_demos_py/lbr_demos_py.egg-info to /home/gustav/P5-Kuka-Dual-Arm/install/lbr_demos_py/lib/python3.10/site-packages/lbr_demos_py-2.0.0-py3.10.egg-info
[2.430s] running install_scripts
[2.477s] Installing joint_sine_overlay script to /home/gustav/P5-Kuka-Dual-Arm/install/lbr_demos_py/lib/lbr_demos_py
[2.477s] Installing joint_trajectory_client script to /home/gustav/P5-Kuka-Dual-Arm/install/lbr_demos_py/lib/lbr_demos_py
[2.477s] Installing torque_sine_overlay script to /home/gustav/P5-Kuka-Dual-Arm/install/lbr_demos_py/lib/lbr_demos_py
[2.477s] Installing wrench_sine_overlay script to /home/gustav/P5-Kuka-Dual-Arm/install/lbr_demos_py/lib/lbr_demos_py
[2.478s] writing list of installed files to '/home/gustav/P5-Kuka-Dual-Arm/build/lbr_demos_py/install.log'
[2.546s] Invoked command in '/home/gustav/P5-Kuka-Dual-Arm/p5_ws/src/lbr_fri_ros2_stack/lbr_demos/lbr_demos_py' returned '0': AMENT_PREFIX_PATH=/home/gustav/P5-Kuka-Dual-Arm/install/lbr_bringup:/home/gustav/P5-Kuka-Dual-Arm/install/lbr_ros2_control:/home/gustav/P5-Kuka-Dual-Arm/install/lbr_fri_ros2:/home/gustav/P5-Kuka-Dual-Arm/install/lbr_fri_idl:/home/gustav/P5-Kuka-Dual-Arm/install/lbr_description:${AMENT_PREFIX_PATH} CMAKE_PREFIX_PATH=/home/gustav/P5-Kuka-Dual-Arm/install/lbr_bringup:/home/gustav/P5-Kuka-Dual-Arm/install/lbr_ros2_control:/home/gustav/P5-Kuka-Dual-Arm/install/lbr_fri_ros2:/home/gustav/P5-Kuka-Dual-Arm/install/lbr_fri_idl:/home/gustav/P5-Kuka-Dual-Arm/install/lbr_description:/home/gustav/P5-Kuka-Dual-Arm/install/fri_client_sdk:${CMAKE_PREFIX_PATH} LD_LIBRARY_PATH=/home/gustav/P5-Kuka-Dual-Arm/install/lbr_ros2_control/lib:/home/gustav/P5-Kuka-Dual-Arm/install/lbr_fri_ros2/lib:/home/gustav/P5-Kuka-Dual-Arm/install/lbr_fri_idl/lib:/home/gustav/P5-Kuka-Dual-Arm/install/fri_client_sdk/lib:${LD_LIBRARY_PATH} PKG_CONFIG_PATH=/home/gustav/P5-Kuka-Dual-Arm/install/fri_client_sdk/lib/x86_64-linux-gnu/pkgconfig:/home/gustav/P5-Kuka-Dual-Arm/install/fri_client_sdk/lib/pkgconfig:${PKG_CONFIG_PATH} PYTHONPATH=/home/gustav/P5-Kuka-Dual-Arm/build/lbr_demos_py/prefix_override:/usr/lib/python3/dist-packages/colcon_core/task/python/colcon_distutils_commands:/home/gustav/P5-Kuka-Dual-Arm/install/lbr_demos_py/lib/python3.10/site-packages:/home/gustav/P5-Kuka-Dual-Arm/install/lbr_bringup/local/lib/python3.10/dist-packages:/home/gustav/P5-Kuka-Dual-Arm/install/lbr_fri_idl/local/lib/python3.10/dist-packages:${PYTHONPATH} /usr/bin/python3 -W ignore:setup.py install is deprecated setup.py egg_info --egg-base ../../../../../build/lbr_demos_py build --build-base /home/gustav/P5-Kuka-Dual-Arm/build/lbr_demos_py/build install --record /home/gustav/P5-Kuka-Dual-Arm/build/lbr_demos_py/install.log --single-version-externally-managed install_data
