[0.312s] Invoking command in '/home/gustav/P5-Kuka-Dual-Arm/build/parameter_traits': CMAKE_PREFIX_PATH=${CMAKE_PREFIX_PATH}:/home/gustav/lbr_stack/install/lbr_demos_py:/home/gustav/lbr_stack/install/lbr_demos_advanced_py:/opt/ros/humble /usr/bin/cmake /home/gustav/P5-Kuka-Dual-Arm/p5_ws/src/generate_parameter_library/parameter_traits -DCMAKE_BUILD_TYPE=Release -DCMAKE_INSTALL_PREFIX=/home/gustav/P5-Kuka-Dual-Arm/install/parameter_traits
[0.331s] -- Found ament_cmake: 1.3.10 (/opt/ros/humble/share/ament_cmake/cmake)
[0.511s] -- Found rclcpp: 16.0.10 (/opt/ros/humble/share/rclcpp/cmake)
[0.556s] -- Found rosidl_generator_c: 3.1.5 (/opt/ros/humble/share/rosidl_generator_c/cmake)
[0.561s] -- Found rosidl_adapter: 3.1.5 (/opt/ros/humble/share/rosidl_adapter/cmake)
[0.572s] -- Found rosidl_generator_cpp: 3.1.5 (/opt/ros/humble/share/rosidl_generator_cpp/cmake)
[0.591s] -- Using all available rosidl_typesupport_c: rosidl_typesupport_fastrtps_c;rosidl_typesupport_introspection_c
[0.615s] -- Using all available rosidl_typesupport_cpp: rosidl_typesupport_fastrtps_cpp;rosidl_typesupport_introspection_cpp
[0.675s] -- Found rmw_implementation_cmake: 6.1.2 (/opt/ros/humble/share/rmw_implementation_cmake/cmake)
[0.678s] -- Found rmw_fastrtps_cpp: 6.2.7 (/opt/ros/humble/share/rmw_fastrtps_cpp/cmake)
[0.801s] -- Using RMW implementation 'rmw_fastrtps_cpp' as default
[0.934s] -- Found tcb_span: 1.0.2 (/opt/ros/humble/share/tcb_span/cmake)
[0.934s] -- Found tl_expected: 1.0.2 (/opt/ros/humble/share/tl_expected/cmake)
[0.934s] -- Found ament_lint_auto: 0.12.11 (/opt/ros/humble/share/ament_lint_auto/cmake)
[1.003s] -- Added test 'copyright' to check source files copyright and LICENSE
[1.005s] -- Added test 'cppcheck' to perform static code analysis on C / C++ code
[1.005s] -- Configured cppcheck include dirs: $<BUILD_INTERFACE:/home/gustav/P5-Kuka-Dual-Arm/p5_ws/src/generate_parameter_library/parameter_traits/include>
[1.006s] -- Configured cppcheck exclude dirs and/or files: 
[1.006s] -- Added test 'lint_cmake' to check CMake code style
[1.006s] -- Added test 'xmllint' to check XML markup files
[1.009s] -- Configuring done
[1.014s] -- Generating done
[1.017s] -- Build files have been written to: /home/gustav/P5-Kuka-Dual-Arm/build/parameter_traits
[1.072s] Invoked command in '/home/gustav/P5-Kuka-Dual-Arm/build/parameter_traits' returned '0': CMAKE_PREFIX_PATH=${CMAKE_PREFIX_PATH}:/home/gustav/lbr_stack/install/lbr_demos_py:/home/gustav/lbr_stack/install/lbr_demos_advanced_py:/opt/ros/humble /usr/bin/cmake /home/gustav/P5-Kuka-Dual-Arm/p5_ws/src/generate_parameter_library/parameter_traits -DCMAKE_BUILD_TYPE=Release -DCMAKE_INSTALL_PREFIX=/home/gustav/P5-Kuka-Dual-Arm/install/parameter_traits
[1.075s] Invoking command in '/home/gustav/P5-Kuka-Dual-Arm/build/parameter_traits': CMAKE_PREFIX_PATH=${CMAKE_PREFIX_PATH}:/home/gustav/lbr_stack/install/lbr_demos_py:/home/gustav/lbr_stack/install/lbr_demos_advanced_py:/opt/ros/humble /usr/bin/cmake --build /home/gustav/P5-Kuka-Dual-Arm/build/parameter_traits -- -j8 -l8
[1.163s] Invoked command in '/home/gustav/P5-Kuka-Dual-Arm/build/parameter_traits' returned '0': CMAKE_PREFIX_PATH=${CMAKE_PREFIX_PATH}:/home/gustav/lbr_stack/install/lbr_demos_py:/home/gustav/lbr_stack/install/lbr_demos_advanced_py:/opt/ros/humble /usr/bin/cmake --build /home/gustav/P5-Kuka-Dual-Arm/build/parameter_traits -- -j8 -l8
[1.204s] Invoking command in '/home/gustav/P5-Kuka-Dual-Arm/build/parameter_traits': CMAKE_PREFIX_PATH=${CMAKE_PREFIX_PATH}:/home/gustav/lbr_stack/install/lbr_demos_py:/home/gustav/lbr_stack/install/lbr_demos_advanced_py:/opt/ros/humble /usr/bin/cmake --install /home/gustav/P5-Kuka-Dual-Arm/build/parameter_traits
[1.222s] -- Install configuration: "Release"
[1.222s] -- Up-to-date: /home/gustav/P5-Kuka-Dual-Arm/install/parameter_traits/include/parameter_traits
[1.223s] -- Up-to-date: /home/gustav/P5-Kuka-Dual-Arm/install/parameter_traits/include/parameter_traits/parameter_traits
[1.223s] -- Up-to-date: /home/gustav/P5-Kuka-Dual-Arm/install/parameter_traits/include/parameter_traits/parameter_traits/parameter_traits.hpp
[1.223s] -- Up-to-date: /home/gustav/P5-Kuka-Dual-Arm/install/parameter_traits/share/parameter_traits/environment/library_path.sh
[1.223s] -- Installing: /home/gustav/P5-Kuka-Dual-Arm/install/parameter_traits/share/parameter_traits/environment/library_path.dsv
[1.223s] -- Up-to-date: /home/gustav/P5-Kuka-Dual-Arm/install/parameter_traits/share/ament_index/resource_index/package_run_dependencies/parameter_traits
[1.223s] -- Up-to-date: /home/gustav/P5-Kuka-Dual-Arm/install/parameter_traits/share/ament_index/resource_index/parent_prefix_path/parameter_traits
[1.223s] -- Up-to-date: /home/gustav/P5-Kuka-Dual-Arm/install/parameter_traits/share/parameter_traits/environment/ament_prefix_path.sh
[1.223s] -- Installing: /home/gustav/P5-Kuka-Dual-Arm/install/parameter_traits/share/parameter_traits/environment/ament_prefix_path.dsv
[1.223s] -- Up-to-date: /home/gustav/P5-Kuka-Dual-Arm/install/parameter_traits/share/parameter_traits/environment/path.sh
[1.223s] -- Installing: /home/gustav/P5-Kuka-Dual-Arm/install/parameter_traits/share/parameter_traits/environment/path.dsv
[1.223s] -- Up-to-date: /home/gustav/P5-Kuka-Dual-Arm/install/parameter_traits/share/parameter_traits/local_setup.bash
[1.224s] -- Up-to-date: /home/gustav/P5-Kuka-Dual-Arm/install/parameter_traits/share/parameter_traits/local_setup.sh
[1.224s] -- Up-to-date: /home/gustav/P5-Kuka-Dual-Arm/install/parameter_traits/share/parameter_traits/local_setup.zsh
[1.224s] -- Installing: /home/gustav/P5-Kuka-Dual-Arm/install/parameter_traits/share/parameter_traits/local_setup.dsv
[1.224s] -- Installing: /home/gustav/P5-Kuka-Dual-Arm/install/parameter_traits/share/parameter_traits/package.dsv
[1.224s] -- Up-to-date: /home/gustav/P5-Kuka-Dual-Arm/install/parameter_traits/share/ament_index/resource_index/packages/parameter_traits
[1.224s] -- Up-to-date: /home/gustav/P5-Kuka-Dual-Arm/install/parameter_traits/share/parameter_traits/cmake/export_parameter_traitsExport.cmake
[1.224s] -- Up-to-date: /home/gustav/P5-Kuka-Dual-Arm/install/parameter_traits/share/parameter_traits/cmake/ament_cmake_export_targets-extras.cmake
[1.224s] -- Up-to-date: /home/gustav/P5-Kuka-Dual-Arm/install/parameter_traits/share/parameter_traits/cmake/ament_cmake_export_dependencies-extras.cmake
[1.224s] -- Up-to-date: /home/gustav/P5-Kuka-Dual-Arm/install/parameter_traits/share/parameter_traits/cmake/parameter_traitsConfig.cmake
[1.224s] -- Up-to-date: /home/gustav/P5-Kuka-Dual-Arm/install/parameter_traits/share/parameter_traits/cmake/parameter_traitsConfig-version.cmake
[1.224s] -- Up-to-date: /home/gustav/P5-Kuka-Dual-Arm/install/parameter_traits/share/parameter_traits/package.xml
[1.226s] Invoked command in '/home/gustav/P5-Kuka-Dual-Arm/build/parameter_traits' returned '0': CMAKE_PREFIX_PATH=${CMAKE_PREFIX_PATH}:/home/gustav/lbr_stack/install/lbr_demos_py:/home/gustav/lbr_stack/install/lbr_demos_advanced_py:/opt/ros/humble /usr/bin/cmake --install /home/gustav/P5-Kuka-Dual-Arm/build/parameter_traits
