-- Found ament_cmake: 1.3.10 (/opt/ros/humble/share/ament_cmake/cmake)
-- Found rosidl_default_generators: 1.2.0 (/opt/ros/humble/share/rosidl_default_generators/cmake)
-- Using all available rosidl_typesupport_c: rosidl_typesupport_fastrtps_c;rosidl_typesupport_introspection_c
-- Found rosidl_adapter: 3.1.5 (/opt/ros/humble/share/rosidl_adapter/cmake)
-- Using all available rosidl_typesupport_cpp: rosidl_typesupport_fastrtps_cpp;rosidl_typesupport_introspection_cpp
-- Found action_msgs: 1.2.1 (/opt/ros/humble/share/action_msgs/cmake)
-- Found std_msgs: 4.2.4 (/opt/ros/humble/share/std_msgs/cmake)
-- Found geometry_msgs: 4.2.4 (/opt/ros/humble/share/geometry_msgs/cmake)
-- Found sensor_msgs: 4.2.4 (/opt/ros/humble/share/sensor_msgs/cmake)
-- Found shape_msgs: 4.2.4 (/opt/ros/humble/share/shape_msgs/cmake)
-- Found object_recognition_msgs: 2.0.0 (/opt/ros/humble/share/object_recognition_msgs/cmake)
-- Found octomap_msgs: 2.0.0 (/opt/ros/humble/share/octomap_msgs/cmake)
-- Found trajectory_msgs: 4.2.4 (/opt/ros/humble/share/trajectory_msgs/cmake)
-- Found ament_cmake_ros: 0.10.0 (/opt/ros/humble/share/ament_cmake_ros/cmake)
-- Using all available rosidl_typesupport_c: rosidl_typesupport_fastrtps_c;rosidl_typesupport_introspection_c
-- Using all available rosidl_typesupport_cpp: rosidl_typesupport_fastrtps_cpp;rosidl_typesupport_introspection_cpp
-- Found python_cmake_module: 0.10.0 (/opt/ros/humble/share/python_cmake_module/cmake)
-- Using PYTHON_EXECUTABLE: /usr/bin/python3
-- Using PYTHON_INCLUDE_DIRS: /usr/include/python3.10
-- Using PYTHON_LIBRARIES: /usr/lib/x86_64-linux-gnu/libpython3.10.so
-- Found ament_lint_auto: 0.12.11 (/opt/ros/humble/share/ament_lint_auto/cmake)
-- Configuring done
-- Generating done
-- Build files have been written to: /home/gustav/P5-Kuka-Dual-Arm/build/moveit_msgs
[  0%] Built target moveit_msgs__cpp
[35m[1mConsolidate compiler generated dependencies of target moveit_msgs__rosidl_generator_c[0m
[35m[1mConsolidate compiler generated dependencies of target moveit_msgs__rosidl_typesupport_cpp[0m
[  0%] Built target ament_cmake_python_copy_moveit_msgs
[35m[1mConsolidate compiler generated dependencies of target moveit_msgs__rosidl_typesupport_fastrtps_cpp[0m
[35m[1mConsolidate compiler generated dependencies of target moveit_msgs__rosidl_typesupport_introspection_cpp[0m
[  0%] [32mBuilding CXX object CMakeFiles/moveit_msgs__rosidl_typesupport_cpp.dir/rosidl_typesupport_cpp/moveit_msgs/msg/allowed_collision_entry__type_support.cpp.o[0m
[  0%] [32mBuilding CXX object CMakeFiles/moveit_msgs__rosidl_typesupport_cpp.dir/rosidl_typesupport_cpp/moveit_msgs/msg/attached_collision_object__type_support.cpp.o[0m
[  1%] [32mBuilding CXX object CMakeFiles/moveit_msgs__rosidl_typesupport_cpp.dir/rosidl_typesupport_cpp/moveit_msgs/msg/allowed_collision_matrix__type_support.cpp.o[0m
[  1%] [32mBuilding CXX object CMakeFiles/moveit_msgs__rosidl_typesupport_cpp.dir/rosidl_typesupport_cpp/moveit_msgs/msg/bounding_volume__type_support.cpp.o[0m
[  1%] [32mBuilding C object CMakeFiles/moveit_msgs__rosidl_generator_c.dir/rosidl_generator_c/moveit_msgs/msg/detail/allowed_collision_entry__functions.c.o[0m
[  1%] [32mBuilding CXX object CMakeFiles/moveit_msgs__rosidl_typesupport_fastrtps_cpp.dir/rosidl_typesupport_fastrtps_cpp/moveit_msgs/msg/detail/dds_fastrtps/allowed_collision_entry__type_support.cpp.o[0m
[  1%] [32mBuilding CXX object CMakeFiles/moveit_msgs__rosidl_typesupport_introspection_cpp.dir/rosidl_typesupport_introspection_cpp/moveit_msgs/msg/detail/allowed_collision_entry__type_support.cpp.o[0m
[  1%] [32mBuilding C object CMakeFiles/moveit_msgs__rosidl_generator_c.dir/rosidl_generator_c/moveit_msgs/msg/detail/allowed_collision_matrix__functions.c.o[0m
[  1%] [32mBuilding C object CMakeFiles/moveit_msgs__rosidl_generator_c.dir/rosidl_generator_c/moveit_msgs/msg/detail/attached_collision_object__functions.c.o[0m
[  2%] [32mBuilding CXX object CMakeFiles/moveit_msgs__rosidl_typesupport_introspection_cpp.dir/rosidl_typesupport_introspection_cpp/moveit_msgs/msg/detail/allowed_collision_matrix__type_support.cpp.o[0m
[  3%] [32mBuilding C object CMakeFiles/moveit_msgs__rosidl_generator_c.dir/rosidl_generator_c/moveit_msgs/msg/detail/bounding_volume__functions.c.o[0m
[  3%] [32mBuilding CXX object CMakeFiles/moveit_msgs__rosidl_typesupport_cpp.dir/rosidl_typesupport_cpp/moveit_msgs/msg/cartesian_point__type_support.cpp.o[0m
running egg_info
writing moveit_msgs.egg-info/PKG-INFO
writing dependency_links to moveit_msgs.egg-info/dependency_links.txt
writing top-level names to moveit_msgs.egg-info/top_level.txt
[  3%] [32mBuilding CXX object CMakeFiles/moveit_msgs__rosidl_typesupport_introspection_cpp.dir/rosidl_typesupport_introspection_cpp/moveit_msgs/msg/detail/attached_collision_object__type_support.cpp.o[0m
reading manifest file 'moveit_msgs.egg-info/SOURCES.txt'
writing manifest file 'moveit_msgs.egg-info/SOURCES.txt'
[  3%] [32mBuilding C object CMakeFiles/moveit_msgs__rosidl_generator_c.dir/rosidl_generator_c/moveit_msgs/msg/detail/cartesian_point__functions.c.o[0m
[  3%] [32mBuilding C object CMakeFiles/moveit_msgs__rosidl_generator_c.dir/rosidl_generator_c/moveit_msgs/msg/detail/cartesian_trajectory__functions.c.o[0m
[  3%] Built target ament_cmake_python_build_moveit_msgs_egg
[  3%] [32mBuilding CXX object CMakeFiles/moveit_msgs__rosidl_typesupport_introspection_cpp.dir/rosidl_typesupport_introspection_cpp/moveit_msgs/msg/detail/bounding_volume__type_support.cpp.o[0m
[  4%] [32mBuilding CXX object CMakeFiles/moveit_msgs__rosidl_typesupport_fastrtps_cpp.dir/rosidl_typesupport_fastrtps_cpp/moveit_msgs/msg/detail/dds_fastrtps/allowed_collision_matrix__type_support.cpp.o[0m
[  4%] [32mBuilding C object CMakeFiles/moveit_msgs__rosidl_generator_c.dir/rosidl_generator_c/moveit_msgs/msg/detail/cartesian_trajectory_point__functions.c.o[0m
[  4%] [32mBuilding CXX object CMakeFiles/moveit_msgs__rosidl_typesupport_cpp.dir/rosidl_typesupport_cpp/moveit_msgs/msg/cartesian_trajectory__type_support.cpp.o[0m
[  4%] [32mBuilding CXX object CMakeFiles/moveit_msgs__rosidl_typesupport_fastrtps_cpp.dir/rosidl_typesupport_fastrtps_cpp/moveit_msgs/msg/detail/dds_fastrtps/attached_collision_object__type_support.cpp.o[0m
[  4%] [32mBuilding C object CMakeFiles/moveit_msgs__rosidl_generator_c.dir/rosidl_generator_c/moveit_msgs/msg/detail/collision_object__functions.c.o[0m
[  4%] [32mBuilding C object CMakeFiles/moveit_msgs__rosidl_generator_c.dir/rosidl_generator_c/moveit_msgs/msg/detail/constraint_eval_result__functions.c.o[0m
[  4%] [32mBuilding CXX object CMakeFiles/moveit_msgs__rosidl_typesupport_fastrtps_cpp.dir/rosidl_typesupport_fastrtps_cpp/moveit_msgs/msg/detail/dds_fastrtps/bounding_volume__type_support.cpp.o[0m
[  5%] [32mBuilding C object CMakeFiles/moveit_msgs__rosidl_generator_c.dir/rosidl_generator_c/moveit_msgs/msg/detail/constraints__functions.c.o[0m
[  5%] [32mBuilding C object CMakeFiles/moveit_msgs__rosidl_generator_c.dir/rosidl_generator_c/moveit_msgs/msg/detail/cost_source__functions.c.o[0m
[  5%] [32mBuilding CXX object CMakeFiles/moveit_msgs__rosidl_typesupport_cpp.dir/rosidl_typesupport_cpp/moveit_msgs/msg/cartesian_trajectory_point__type_support.cpp.o[0m
[  5%] [32mBuilding C object CMakeFiles/moveit_msgs__rosidl_generator_c.dir/rosidl_generator_c/moveit_msgs/msg/detail/contact_information__functions.c.o[0m
[  5%] [32mBuilding CXX object CMakeFiles/moveit_msgs__rosidl_typesupport_introspection_cpp.dir/rosidl_typesupport_introspection_cpp/moveit_msgs/msg/detail/cartesian_point__type_support.cpp.o[0m
[  5%] [32mBuilding C object CMakeFiles/moveit_msgs__rosidl_generator_c.dir/rosidl_generator_c/moveit_msgs/msg/detail/display_trajectory__functions.c.o[0m
[  5%] [32mBuilding C object CMakeFiles/moveit_msgs__rosidl_generator_c.dir/rosidl_generator_c/moveit_msgs/msg/detail/display_robot_state__functions.c.o[0m
[  5%] [32mBuilding CXX object CMakeFiles/moveit_msgs__rosidl_typesupport_cpp.dir/rosidl_typesupport_cpp/moveit_msgs/msg/collision_object__type_support.cpp.o[0m
[  6%] [32mBuilding CXX object CMakeFiles/moveit_msgs__rosidl_typesupport_cpp.dir/rosidl_typesupport_cpp/moveit_msgs/msg/constraint_eval_result__type_support.cpp.o[0m
[  6%] [32mBuilding C object CMakeFiles/moveit_msgs__rosidl_generator_c.dir/rosidl_generator_c/moveit_msgs/msg/detail/generic_trajectory__functions.c.o[0m
[  6%] [32mBuilding CXX object CMakeFiles/moveit_msgs__rosidl_typesupport_introspection_cpp.dir/rosidl_typesupport_introspection_cpp/moveit_msgs/msg/detail/cartesian_trajectory__type_support.cpp.o[0m
[  6%] [32mBuilding C object CMakeFiles/moveit_msgs__rosidl_generator_c.dir/rosidl_generator_c/moveit_msgs/msg/detail/grasp__functions.c.o[0m
[  6%] [32mBuilding CXX object CMakeFiles/moveit_msgs__rosidl_typesupport_fastrtps_cpp.dir/rosidl_typesupport_fastrtps_cpp/moveit_msgs/msg/detail/dds_fastrtps/cartesian_point__type_support.cpp.o[0m
[  7%] [32mBuilding C object CMakeFiles/moveit_msgs__rosidl_generator_c.dir/rosidl_generator_c/moveit_msgs/msg/detail/gripper_translation__functions.c.o[0m
[  7%] [32mBuilding C object CMakeFiles/moveit_msgs__rosidl_generator_c.dir/rosidl_generator_c/moveit_msgs/msg/detail/joint_constraint__functions.c.o[0m
[  7%] [32mBuilding CXX object CMakeFiles/moveit_msgs__rosidl_typesupport_cpp.dir/rosidl_typesupport_cpp/moveit_msgs/msg/constraints__type_support.cpp.o[0m
[  7%] [32mBuilding CXX object CMakeFiles/moveit_msgs__rosidl_typesupport_cpp.dir/rosidl_typesupport_cpp/moveit_msgs/msg/cost_source__type_support.cpp.o[0m
[  7%] [32mBuilding CXX object CMakeFiles/moveit_msgs__rosidl_typesupport_introspection_cpp.dir/rosidl_typesupport_introspection_cpp/moveit_msgs/msg/detail/cartesian_trajectory_point__type_support.cpp.o[0m
[  7%] [32mBuilding C object CMakeFiles/moveit_msgs__rosidl_generator_c.dir/rosidl_generator_c/moveit_msgs/msg/detail/joint_limits__functions.c.o[0m
[  7%] [32mBuilding CXX object CMakeFiles/moveit_msgs__rosidl_typesupport_fastrtps_cpp.dir/rosidl_typesupport_fastrtps_cpp/moveit_msgs/msg/detail/dds_fastrtps/cartesian_trajectory__type_support.cpp.o[0m
[  7%] [32mBuilding CXX object CMakeFiles/moveit_msgs__rosidl_typesupport_cpp.dir/rosidl_typesupport_cpp/moveit_msgs/msg/contact_information__type_support.cpp.o[0m
[  7%] [32mBuilding C object CMakeFiles/moveit_msgs__rosidl_generator_c.dir/rosidl_generator_c/moveit_msgs/msg/detail/link_padding__functions.c.o[0m
[  7%] [32mBuilding C object CMakeFiles/moveit_msgs__rosidl_generator_c.dir/rosidl_generator_c/moveit_msgs/msg/detail/link_scale__functions.c.o[0m
[  7%] [32mBuilding CXX object CMakeFiles/moveit_msgs__rosidl_typesupport_fastrtps_cpp.dir/rosidl_typesupport_fastrtps_cpp/moveit_msgs/msg/detail/dds_fastrtps/cartesian_trajectory_point__type_support.cpp.o[0m
[  7%] [32mBuilding C object CMakeFiles/moveit_msgs__rosidl_generator_c.dir/rosidl_generator_c/moveit_msgs/msg/detail/motion_plan_request__functions.c.o[0m
[  8%] [32mBuilding CXX object CMakeFiles/moveit_msgs__rosidl_typesupport_introspection_cpp.dir/rosidl_typesupport_introspection_cpp/moveit_msgs/msg/detail/collision_object__type_support.cpp.o[0m
[  8%] [32mBuilding CXX object CMakeFiles/moveit_msgs__rosidl_typesupport_introspection_cpp.dir/rosidl_typesupport_introspection_cpp/moveit_msgs/msg/detail/constraint_eval_result__type_support.cpp.o[0m
[  9%] [32mBuilding C object CMakeFiles/moveit_msgs__rosidl_generator_c.dir/rosidl_generator_c/moveit_msgs/msg/detail/motion_plan_response__functions.c.o[0m
[  9%] [32mBuilding C object CMakeFiles/moveit_msgs__rosidl_generator_c.dir/rosidl_generator_c/moveit_msgs/msg/detail/motion_plan_detailed_response__functions.c.o[0m
[  9%] [32mBuilding CXX object CMakeFiles/moveit_msgs__rosidl_typesupport_introspection_cpp.dir/rosidl_typesupport_introspection_cpp/moveit_msgs/msg/detail/constraints__type_support.cpp.o[0m
[  9%] [32mBuilding C object CMakeFiles/moveit_msgs__rosidl_generator_c.dir/rosidl_generator_c/moveit_msgs/msg/detail/motion_sequence_item__functions.c.o[0m
[ 10%] [32mBuilding CXX object CMakeFiles/moveit_msgs__rosidl_typesupport_fastrtps_cpp.dir/rosidl_typesupport_fastrtps_cpp/moveit_msgs/msg/detail/dds_fastrtps/collision_object__type_support.cpp.o[0m
[ 10%] [32mBuilding C object CMakeFiles/moveit_msgs__rosidl_generator_c.dir/rosidl_generator_c/moveit_msgs/msg/detail/motion_sequence_request__functions.c.o[0m
[ 10%] [32mBuilding CXX object CMakeFiles/moveit_msgs__rosidl_typesupport_fastrtps_cpp.dir/rosidl_typesupport_fastrtps_cpp/moveit_msgs/msg/detail/dds_fastrtps/constraint_eval_result__type_support.cpp.o[0m
[ 10%] [32mBuilding CXX object CMakeFiles/moveit_msgs__rosidl_typesupport_cpp.dir/rosidl_typesupport_cpp/moveit_msgs/msg/display_trajectory__type_support.cpp.o[0m
[ 10%] [32mBuilding C object CMakeFiles/moveit_msgs__rosidl_generator_c.dir/rosidl_generator_c/moveit_msgs/msg/detail/motion_sequence_response__functions.c.o[0m
[ 10%] [32mBuilding C object CMakeFiles/moveit_msgs__rosidl_generator_c.dir/rosidl_generator_c/moveit_msgs/msg/detail/move_it_error_codes__functions.c.o[0m
[ 10%] [32mBuilding CXX object CMakeFiles/moveit_msgs__rosidl_typesupport_cpp.dir/rosidl_typesupport_cpp/moveit_msgs/msg/display_robot_state__type_support.cpp.o[0m
[ 11%] [32mBuilding C object CMakeFiles/moveit_msgs__rosidl_generator_c.dir/rosidl_generator_c/moveit_msgs/msg/detail/trajectory_constraints__functions.c.o[0m
[ 11%] [32mBuilding C object CMakeFiles/moveit_msgs__rosidl_generator_c.dir/rosidl_generator_c/moveit_msgs/msg/detail/object_color__functions.c.o[0m
[ 11%] [32mBuilding CXX object CMakeFiles/moveit_msgs__rosidl_typesupport_introspection_cpp.dir/rosidl_typesupport_introspection_cpp/moveit_msgs/msg/detail/cost_source__type_support.cpp.o[0m
[ 11%] [32mBuilding C object CMakeFiles/moveit_msgs__rosidl_generator_c.dir/rosidl_generator_c/moveit_msgs/msg/detail/orientation_constraint__functions.c.o[0m
[ 12%] [32mBuilding CXX object CMakeFiles/moveit_msgs__rosidl_typesupport_cpp.dir/rosidl_typesupport_cpp/moveit_msgs/msg/generic_trajectory__type_support.cpp.o[0m
[ 12%] [32mBuilding C object CMakeFiles/moveit_msgs__rosidl_generator_c.dir/rosidl_generator_c/moveit_msgs/msg/detail/oriented_bounding_box__functions.c.o[0m
[ 12%] [32mBuilding CXX object CMakeFiles/moveit_msgs__rosidl_typesupport_fastrtps_cpp.dir/rosidl_typesupport_fastrtps_cpp/moveit_msgs/msg/detail/dds_fastrtps/constraints__type_support.cpp.o[0m
[ 12%] [32mBuilding CXX object CMakeFiles/moveit_msgs__rosidl_typesupport_cpp.dir/rosidl_typesupport_cpp/moveit_msgs/msg/grasp__type_support.cpp.o[0m
[ 12%] [32mBuilding C object CMakeFiles/moveit_msgs__rosidl_generator_c.dir/rosidl_generator_c/moveit_msgs/msg/detail/place_location__functions.c.o[0m
[ 12%] [32mBuilding CXX object CMakeFiles/moveit_msgs__rosidl_typesupport_introspection_cpp.dir/rosidl_typesupport_introspection_cpp/moveit_msgs/msg/detail/contact_information__type_support.cpp.o[0m
[ 12%] [32mBuilding C object CMakeFiles/moveit_msgs__rosidl_generator_c.dir/rosidl_generator_c/moveit_msgs/msg/detail/planner_interface_description__functions.c.o[0m
[ 12%] [32mBuilding CXX object CMakeFiles/moveit_msgs__rosidl_typesupport_introspection_cpp.dir/rosidl_typesupport_introspection_cpp/moveit_msgs/msg/detail/display_trajectory__type_support.cpp.o[0m
[ 12%] [32mBuilding CXX object CMakeFiles/moveit_msgs__rosidl_typesupport_fastrtps_cpp.dir/rosidl_typesupport_fastrtps_cpp/moveit_msgs/msg/detail/dds_fastrtps/cost_source__type_support.cpp.o[0m
[ 12%] [32mBuilding C object CMakeFiles/moveit_msgs__rosidl_generator_c.dir/rosidl_generator_c/moveit_msgs/msg/detail/planner_params__functions.c.o[0m
[ 12%] [32mBuilding CXX object CMakeFiles/moveit_msgs__rosidl_typesupport_cpp.dir/rosidl_typesupport_cpp/moveit_msgs/msg/gripper_translation__type_support.cpp.o[0m
[ 13%] [32mBuilding C object CMakeFiles/moveit_msgs__rosidl_generator_c.dir/rosidl_generator_c/moveit_msgs/msg/detail/planning_scene__functions.c.o[0m
[ 13%] [32mBuilding C object CMakeFiles/moveit_msgs__rosidl_generator_c.dir/rosidl_generator_c/moveit_msgs/msg/detail/planning_scene_components__functions.c.o[0m
[ 13%] [32mBuilding C object CMakeFiles/moveit_msgs__rosidl_generator_c.dir/rosidl_generator_c/moveit_msgs/msg/detail/planning_scene_world__functions.c.o[0m
[ 13%] [32mBuilding CXX object CMakeFiles/moveit_msgs__rosidl_typesupport_cpp.dir/rosidl_typesupport_cpp/moveit_msgs/msg/joint_constraint__type_support.cpp.o[0m
[ 13%] [32mBuilding CXX object CMakeFiles/moveit_msgs__rosidl_typesupport_introspection_cpp.dir/rosidl_typesupport_introspection_cpp/moveit_msgs/msg/detail/display_robot_state__type_support.cpp.o[0m
[ 13%] [32mBuilding C object CMakeFiles/moveit_msgs__rosidl_generator_c.dir/rosidl_generator_c/moveit_msgs/msg/detail/planning_options__functions.c.o[0m
[ 13%] [32mBuilding CXX object CMakeFiles/moveit_msgs__rosidl_typesupport_fastrtps_cpp.dir/rosidl_typesupport_fastrtps_cpp/moveit_msgs/msg/detail/dds_fastrtps/contact_information__type_support.cpp.o[0m
[ 13%] [32mBuilding C object CMakeFiles/moveit_msgs__rosidl_generator_c.dir/rosidl_generator_c/moveit_msgs/msg/detail/position_constraint__functions.c.o[0m
[ 13%] [32mBuilding CXX object CMakeFiles/moveit_msgs__rosidl_typesupport_cpp.dir/rosidl_typesupport_cpp/moveit_msgs/msg/joint_limits__type_support.cpp.o[0m
[ 14%] [32mBuilding CXX object CMakeFiles/moveit_msgs__rosidl_typesupport_introspection_cpp.dir/rosidl_typesupport_introspection_cpp/moveit_msgs/msg/detail/generic_trajectory__type_support.cpp.o[0m
[ 14%] [32mBuilding C object CMakeFiles/moveit_msgs__rosidl_generator_c.dir/rosidl_generator_c/moveit_msgs/msg/detail/robot_state__functions.c.o[0m
[ 14%] [32mBuilding CXX object CMakeFiles/moveit_msgs__rosidl_typesupport_cpp.dir/rosidl_typesupport_cpp/moveit_msgs/msg/link_padding__type_support.cpp.o[0m
[ 15%] [32mBuilding C object CMakeFiles/moveit_msgs__rosidl_generator_c.dir/rosidl_generator_c/moveit_msgs/msg/detail/robot_trajectory__functions.c.o[0m
[ 15%] [32mBuilding CXX object CMakeFiles/moveit_msgs__rosidl_typesupport_fastrtps_cpp.dir/rosidl_typesupport_fastrtps_cpp/moveit_msgs/msg/detail/dds_fastrtps/display_trajectory__type_support.cpp.o[0m
[ 15%] [32mBuilding C object CMakeFiles/moveit_msgs__rosidl_generator_c.dir/rosidl_generator_c/moveit_msgs/msg/detail/visibility_constraint__functions.c.o[0m
[ 15%] [32mBuilding C object CMakeFiles/moveit_msgs__rosidl_generator_c.dir/rosidl_generator_c/moveit_msgs/msg/detail/workspace_parameters__functions.c.o[0m
[ 16%] [32mBuilding CXX object CMakeFiles/moveit_msgs__rosidl_typesupport_cpp.dir/rosidl_typesupport_cpp/moveit_msgs/msg/link_scale__type_support.cpp.o[0m
[ 16%] [32mBuilding C object CMakeFiles/moveit_msgs__rosidl_generator_c.dir/rosidl_generator_c/moveit_msgs/msg/detail/kinematic_solver_info__functions.c.o[0m
[ 16%] [32mBuilding C object CMakeFiles/moveit_msgs__rosidl_generator_c.dir/rosidl_generator_c/moveit_msgs/msg/detail/position_ik_request__functions.c.o[0m
[ 16%] [32mBuilding C object CMakeFiles/moveit_msgs__rosidl_generator_c.dir/rosidl_generator_c/moveit_msgs/srv/detail/get_motion_plan__functions.c.o[0m
[ 16%] [32mBuilding CXX object CMakeFiles/moveit_msgs__rosidl_typesupport_cpp.dir/rosidl_typesupport_cpp/moveit_msgs/msg/motion_plan_request__type_support.cpp.o[0m
[ 16%] [32mBuilding C object CMakeFiles/moveit_msgs__rosidl_generator_c.dir/rosidl_generator_c/moveit_msgs/srv/detail/get_state_validity__functions.c.o[0m
[ 16%] [32mBuilding CXX object CMakeFiles/moveit_msgs__rosidl_typesupport_introspection_cpp.dir/rosidl_typesupport_introspection_cpp/moveit_msgs/msg/detail/gripper_translation__type_support.cpp.o[0m
[ 16%] [32mBuilding CXX object CMakeFiles/moveit_msgs__rosidl_typesupport_fastrtps_cpp.dir/rosidl_typesupport_fastrtps_cpp/moveit_msgs/msg/detail/dds_fastrtps/display_robot_state__type_support.cpp.o[0m
[ 16%] [32mBuilding C object CMakeFiles/moveit_msgs__rosidl_generator_c.dir/rosidl_generator_c/moveit_msgs/srv/detail/get_planning_scene__functions.c.o[0m
[ 17%] [32mBuilding C object CMakeFiles/moveit_msgs__rosidl_generator_c.dir/rosidl_generator_c/moveit_msgs/srv/detail/get_cartesian_path__functions.c.o[0m
[ 17%] [32mBuilding CXX object CMakeFiles/moveit_msgs__rosidl_typesupport_cpp.dir/rosidl_typesupport_cpp/moveit_msgs/msg/motion_plan_response__type_support.cpp.o[0m
[ 17%] [32mBuilding C object CMakeFiles/moveit_msgs__rosidl_generator_c.dir/rosidl_generator_c/moveit_msgs/srv/detail/grasp_planning__functions.c.o[0m
[ 17%] [32mBuilding C object CMakeFiles/moveit_msgs__rosidl_generator_c.dir/rosidl_generator_c/moveit_msgs/srv/detail/apply_planning_scene__functions.c.o[0m
[ 17%] [32mBuilding CXX object CMakeFiles/moveit_msgs__rosidl_typesupport_introspection_cpp.dir/rosidl_typesupport_introspection_cpp/moveit_msgs/msg/detail/joint_constraint__type_support.cpp.o[0m
[ 17%] [32mBuilding CXX object CMakeFiles/moveit_msgs__rosidl_typesupport_cpp.dir/rosidl_typesupport_cpp/moveit_msgs/msg/motion_plan_detailed_response__type_support.cpp.o[0m
[ 17%] [32mBuilding CXX object CMakeFiles/moveit_msgs__rosidl_typesupport_fastrtps_cpp.dir/rosidl_typesupport_fastrtps_cpp/moveit_msgs/msg/detail/dds_fastrtps/grasp__type_support.cpp.o[0m
[ 17%] [32mBuilding C object CMakeFiles/moveit_msgs__rosidl_generator_c.dir/rosidl_generator_c/moveit_msgs/srv/detail/get_motion_sequence__functions.c.o[0m
[ 17%] [32mBuilding C object CMakeFiles/moveit_msgs__rosidl_generator_c.dir/rosidl_generator_c/moveit_msgs/srv/detail/query_planner_interfaces__functions.c.o[0m
[ 17%] [32mBuilding CXX object CMakeFiles/moveit_msgs__rosidl_typesupport_introspection_cpp.dir/rosidl_typesupport_introspection_cpp/moveit_msgs/msg/detail/grasp__type_support.cpp.o[0m
[ 17%] [32mBuilding CXX object CMakeFiles/moveit_msgs__rosidl_typesupport_cpp.dir/rosidl_typesupport_cpp/moveit_msgs/msg/motion_sequence_item__type_support.cpp.o[0m
[ 18%] [32mBuilding C object CMakeFiles/moveit_msgs__rosidl_generator_c.dir/rosidl_generator_c/moveit_msgs/srv/detail/get_position_fk__functions.c.o[0m
[ 18%] [32mBuilding C object CMakeFiles/moveit_msgs__rosidl_generator_c.dir/rosidl_generator_c/moveit_msgs/srv/detail/get_position_ik__functions.c.o[0m
[ 18%] [32mBuilding CXX object CMakeFiles/moveit_msgs__rosidl_typesupport_fastrtps_cpp.dir/rosidl_typesupport_fastrtps_cpp/moveit_msgs/msg/detail/dds_fastrtps/gripper_translation__type_support.cpp.o[0m
[ 18%] [32mBuilding CXX object CMakeFiles/moveit_msgs__rosidl_typesupport_cpp.dir/rosidl_typesupport_cpp/moveit_msgs/msg/motion_sequence_request__type_support.cpp.o[0m
[ 18%] [32mBuilding C object CMakeFiles/moveit_msgs__rosidl_generator_c.dir/rosidl_generator_c/moveit_msgs/srv/detail/set_planner_params__functions.c.o[0m
[ 18%] [32mBuilding C object CMakeFiles/moveit_msgs__rosidl_generator_c.dir/rosidl_generator_c/moveit_msgs/srv/detail/get_planner_params__functions.c.o[0m
[ 18%] [32mBuilding CXX object CMakeFiles/moveit_msgs__rosidl_typesupport_introspection_cpp.dir/rosidl_typesupport_introspection_cpp/moveit_msgs/msg/detail/link_padding__type_support.cpp.o[0m
[ 18%] [32mBuilding C object CMakeFiles/moveit_msgs__rosidl_generator_c.dir/rosidl_generator_c/moveit_msgs/srv/detail/update_pointcloud_octomap__functions.c.o[0m
[ 18%] [32mBuilding CXX object CMakeFiles/moveit_msgs__rosidl_typesupport_cpp.dir/rosidl_typesupport_cpp/moveit_msgs/msg/motion_sequence_response__type_support.cpp.o[0m
[ 18%] [32mBuilding CXX object CMakeFiles/moveit_msgs__rosidl_typesupport_fastrtps_cpp.dir/rosidl_typesupport_fastrtps_cpp/moveit_msgs/msg/detail/dds_fastrtps/joint_limits__type_support.cpp.o[0m
[ 18%] [32mBuilding C object CMakeFiles/moveit_msgs__rosidl_generator_c.dir/rosidl_generator_c/moveit_msgs/srv/detail/save_map__functions.c.o[0m
[ 19%] [32mBuilding C object CMakeFiles/moveit_msgs__rosidl_generator_c.dir/rosidl_generator_c/moveit_msgs/srv/detail/load_map__functions.c.o[0m
[ 19%] [32mBuilding CXX object CMakeFiles/moveit_msgs__rosidl_typesupport_introspection_cpp.dir/rosidl_typesupport_introspection_cpp/moveit_msgs/msg/detail/joint_limits__type_support.cpp.o[0m
[ 20%] [32mBuilding CXX object CMakeFiles/moveit_msgs__rosidl_typesupport_cpp.dir/rosidl_typesupport_cpp/moveit_msgs/msg/move_it_error_codes__type_support.cpp.o[0m
[ 20%] [32mBuilding C object CMakeFiles/moveit_msgs__rosidl_generator_c.dir/rosidl_generator_c/moveit_msgs/srv/detail/save_robot_state_to_warehouse__functions.c.o[0m
[ 21%] [32mBuilding CXX object CMakeFiles/moveit_msgs__rosidl_typesupport_fastrtps_cpp.dir/rosidl_typesupport_fastrtps_cpp/moveit_msgs/msg/detail/dds_fastrtps/link_scale__type_support.cpp.o[0m
[ 21%] [32mBuilding C object CMakeFiles/moveit_msgs__rosidl_generator_c.dir/rosidl_generator_c/moveit_msgs/srv/detail/list_robot_states_in_warehouse__functions.c.o[0m
[ 21%] [32mBuilding CXX object CMakeFiles/moveit_msgs__rosidl_typesupport_cpp.dir/rosidl_typesupport_cpp/moveit_msgs/msg/trajectory_constraints__type_support.cpp.o[0m
[ 21%] [32mBuilding C object CMakeFiles/moveit_msgs__rosidl_generator_c.dir/rosidl_generator_c/moveit_msgs/srv/detail/get_robot_state_from_warehouse__functions.c.o[0m
[ 22%] [32mBuilding CXX object CMakeFiles/moveit_msgs__rosidl_typesupport_introspection_cpp.dir/rosidl_typesupport_introspection_cpp/moveit_msgs/msg/detail/link_scale__type_support.cpp.o[0m
[ 22%] [32mBuilding C object CMakeFiles/moveit_msgs__rosidl_generator_c.dir/rosidl_generator_c/moveit_msgs/srv/detail/check_if_robot_state_exists_in_warehouse__functions.c.o[0m
[ 22%] [32mBuilding CXX object CMakeFiles/moveit_msgs__rosidl_typesupport_cpp.dir/rosidl_typesupport_cpp/moveit_msgs/msg/object_color__type_support.cpp.o[0m
[ 22%] [32mBuilding C object CMakeFiles/moveit_msgs__rosidl_generator_c.dir/rosidl_generator_c/moveit_msgs/srv/detail/rename_robot_state_in_warehouse__functions.c.o[0m
[ 22%] [32mBuilding CXX object CMakeFiles/moveit_msgs__rosidl_typesupport_fastrtps_cpp.dir/rosidl_typesupport_fastrtps_cpp/moveit_msgs/msg/detail/dds_fastrtps/motion_plan_request__type_support.cpp.o[0m
[ 22%] [32mBuilding C object CMakeFiles/moveit_msgs__rosidl_generator_c.dir/rosidl_generator_c/moveit_msgs/srv/detail/delete_robot_state_from_warehouse__functions.c.o[0m
[ 22%] [32mBuilding CXX object CMakeFiles/moveit_msgs__rosidl_typesupport_introspection_cpp.dir/rosidl_typesupport_introspection_cpp/moveit_msgs/msg/detail/motion_plan_request__type_support.cpp.o[0m
[ 22%] [32mBuilding CXX object CMakeFiles/moveit_msgs__rosidl_typesupport_cpp.dir/rosidl_typesupport_cpp/moveit_msgs/msg/orientation_constraint__type_support.cpp.o[0m
[ 23%] [32mBuilding C object CMakeFiles/moveit_msgs__rosidl_generator_c.dir/rosidl_generator_c/moveit_msgs/srv/detail/change_control_dimensions__functions.c.o[0m
[ 23%] [32mBuilding C object CMakeFiles/moveit_msgs__rosidl_generator_c.dir/rosidl_generator_c/moveit_msgs/srv/detail/change_drift_dimensions__functions.c.o[0m
[ 23%] [32mBuilding CXX object CMakeFiles/moveit_msgs__rosidl_typesupport_cpp.dir/rosidl_typesupport_cpp/moveit_msgs/msg/oriented_bounding_box__type_support.cpp.o[0m
[ 23%] [32mBuilding C object CMakeFiles/moveit_msgs__rosidl_generator_c.dir/rosidl_generator_c/moveit_msgs/action/detail/execute_trajectory__functions.c.o[0m
[ 23%] [32mBuilding CXX object CMakeFiles/moveit_msgs__rosidl_typesupport_cpp.dir/rosidl_typesupport_cpp/moveit_msgs/msg/place_location__type_support.cpp.o[0m
[ 23%] [32mBuilding C object CMakeFiles/moveit_msgs__rosidl_generator_c.dir/rosidl_generator_c/moveit_msgs/action/detail/move_group__functions.c.o[0m
[ 23%] [32mBuilding CXX object CMakeFiles/moveit_msgs__rosidl_typesupport_fastrtps_cpp.dir/rosidl_typesupport_fastrtps_cpp/moveit_msgs/msg/detail/dds_fastrtps/motion_plan_response__type_support.cpp.o[0m
[ 24%] [32mBuilding CXX object CMakeFiles/moveit_msgs__rosidl_typesupport_cpp.dir/rosidl_typesupport_cpp/moveit_msgs/msg/planner_interface_description__type_support.cpp.o[0m
[ 24%] [32mBuilding CXX object CMakeFiles/moveit_msgs__rosidl_typesupport_cpp.dir/rosidl_typesupport_cpp/moveit_msgs/msg/planner_params__type_support.cpp.o[0m
[ 24%] [32mBuilding C object CMakeFiles/moveit_msgs__rosidl_generator_c.dir/rosidl_generator_c/moveit_msgs/action/detail/move_group_sequence__functions.c.o[0m
[ 24%] [32mBuilding CXX object CMakeFiles/moveit_msgs__rosidl_typesupport_fastrtps_cpp.dir/rosidl_typesupport_fastrtps_cpp/moveit_msgs/msg/detail/dds_fastrtps/motion_plan_detailed_response__type_support.cpp.o[0m
[ 24%] [32mBuilding CXX object CMakeFiles/moveit_msgs__rosidl_typesupport_cpp.dir/rosidl_typesupport_cpp/moveit_msgs/msg/planning_scene__type_support.cpp.o[0m
[ 24%] [32mBuilding C object CMakeFiles/moveit_msgs__rosidl_generator_c.dir/rosidl_generator_c/moveit_msgs/action/detail/pickup__functions.c.o[0m
[ 24%] [32mBuilding CXX object CMakeFiles/moveit_msgs__rosidl_typesupport_cpp.dir/rosidl_typesupport_cpp/moveit_msgs/msg/planning_scene_components__type_support.cpp.o[0m
[ 24%] [32mBuilding CXX object CMakeFiles/moveit_msgs__rosidl_typesupport_cpp.dir/rosidl_typesupport_cpp/moveit_msgs/msg/planning_scene_world__type_support.cpp.o[0m
[ 24%] [32mBuilding CXX object CMakeFiles/moveit_msgs__rosidl_typesupport_fastrtps_cpp.dir/rosidl_typesupport_fastrtps_cpp/moveit_msgs/msg/detail/dds_fastrtps/link_padding__type_support.cpp.o[0m
[ 25%] [32mBuilding C object CMakeFiles/moveit_msgs__rosidl_generator_c.dir/rosidl_generator_c/moveit_msgs/action/detail/place__functions.c.o[0m
[ 25%] [32mBuilding CXX object CMakeFiles/moveit_msgs__rosidl_typesupport_introspection_cpp.dir/rosidl_typesupport_introspection_cpp/moveit_msgs/msg/detail/motion_plan_detailed_response__type_support.cpp.o[0m
[ 25%] [32mBuilding CXX object CMakeFiles/moveit_msgs__rosidl_typesupport_cpp.dir/rosidl_typesupport_cpp/moveit_msgs/msg/planning_options__type_support.cpp.o[0m
[ 25%] [32mBuilding CXX object CMakeFiles/moveit_msgs__rosidl_typesupport_cpp.dir/rosidl_typesupport_cpp/moveit_msgs/msg/position_constraint__type_support.cpp.o[0m
[ 25%] [32mBuilding CXX object CMakeFiles/moveit_msgs__rosidl_typesupport_fastrtps_cpp.dir/rosidl_typesupport_fastrtps_cpp/moveit_msgs/msg/detail/dds_fastrtps/joint_constraint__type_support.cpp.o[0m
[ 25%] [32mBuilding C object CMakeFiles/moveit_msgs__rosidl_generator_c.dir/rosidl_generator_c/moveit_msgs/action/detail/local_planner__functions.c.o[0m
[ 26%] [32mBuilding CXX object CMakeFiles/moveit_msgs__rosidl_typesupport_cpp.dir/rosidl_typesupport_cpp/moveit_msgs/msg/robot_state__type_support.cpp.o[0m
[ 26%] [32mBuilding CXX object CMakeFiles/moveit_msgs__rosidl_typesupport_fastrtps_cpp.dir/rosidl_typesupport_fastrtps_cpp/moveit_msgs/msg/detail/dds_fastrtps/motion_sequence_item__type_support.cpp.o[0m
[ 26%] [32mBuilding C object CMakeFiles/moveit_msgs__rosidl_generator_c.dir/rosidl_generator_c/moveit_msgs/action/detail/global_planner__functions.c.o[0m
[ 26%] [32mBuilding CXX object CMakeFiles/moveit_msgs__rosidl_typesupport_cpp.dir/rosidl_typesupport_cpp/moveit_msgs/msg/robot_trajectory__type_support.cpp.o[0m
[ 26%] [32mBuilding CXX object CMakeFiles/moveit_msgs__rosidl_typesupport_introspection_cpp.dir/rosidl_typesupport_introspection_cpp/moveit_msgs/msg/detail/motion_sequence_request__type_support.cpp.o[0m
[ 26%] [32mBuilding C object CMakeFiles/moveit_msgs__rosidl_generator_c.dir/rosidl_generator_c/moveit_msgs/action/detail/hybrid_planner__functions.c.o[0m
[ 27%] [32mBuilding CXX object CMakeFiles/moveit_msgs__rosidl_typesupport_fastrtps_cpp.dir/rosidl_typesupport_fastrtps_cpp/moveit_msgs/msg/detail/dds_fastrtps/generic_trajectory__type_support.cpp.o[0m
[ 27%] [32mBuilding CXX object CMakeFiles/moveit_msgs__rosidl_typesupport_cpp.dir/rosidl_typesupport_cpp/moveit_msgs/msg/workspace_parameters__type_support.cpp.o[0m
[ 27%] [32mBuilding CXX object CMakeFiles/moveit_msgs__rosidl_typesupport_cpp.dir/rosidl_typesupport_cpp/moveit_msgs/msg/visibility_constraint__type_support.cpp.o[0m
[ 27%] [32m[1mLinking C shared library libmoveit_msgs__rosidl_generator_c.so[0m
[ 27%] Built target moveit_msgs__rosidl_generator_c
[ 27%] [32mBuilding CXX object CMakeFiles/moveit_msgs__rosidl_typesupport_fastrtps_cpp.dir/rosidl_typesupport_fastrtps_cpp/moveit_msgs/msg/detail/dds_fastrtps/motion_sequence_request__type_support.cpp.o[0m
[ 27%] [32mBuilding CXX object CMakeFiles/moveit_msgs__rosidl_typesupport_cpp.dir/rosidl_typesupport_cpp/moveit_msgs/msg/position_ik_request__type_support.cpp.o[0m
[ 27%] [32mBuilding CXX object CMakeFiles/moveit_msgs__rosidl_typesupport_cpp.dir/rosidl_typesupport_cpp/moveit_msgs/msg/kinematic_solver_info__type_support.cpp.o[0m
[ 28%] [32mBuilding CXX object CMakeFiles/moveit_msgs__rosidl_typesupport_cpp.dir/rosidl_typesupport_cpp/moveit_msgs/srv/get_motion_plan__type_support.cpp.o[0m
[ 28%] [32mBuilding CXX object CMakeFiles/moveit_msgs__rosidl_typesupport_cpp.dir/rosidl_typesupport_cpp/moveit_msgs/srv/get_state_validity__type_support.cpp.o[0m
[ 28%] [32mBuilding CXX object CMakeFiles/moveit_msgs__rosidl_typesupport_fastrtps_cpp.dir/rosidl_typesupport_fastrtps_cpp/moveit_msgs/msg/detail/dds_fastrtps/motion_sequence_response__type_support.cpp.o[0m
[ 28%] [32mBuilding CXX object CMakeFiles/moveit_msgs__rosidl_typesupport_cpp.dir/rosidl_typesupport_cpp/moveit_msgs/srv/get_cartesian_path__type_support.cpp.o[0m
[ 28%] [32mBuilding CXX object CMakeFiles/moveit_msgs__rosidl_typesupport_cpp.dir/rosidl_typesupport_cpp/moveit_msgs/srv/get_planning_scene__type_support.cpp.o[0m
[ 29%] [32mBuilding CXX object CMakeFiles/moveit_msgs__rosidl_typesupport_fastrtps_cpp.dir/rosidl_typesupport_fastrtps_cpp/moveit_msgs/msg/detail/dds_fastrtps/move_it_error_codes__type_support.cpp.o[0m
[ 29%] [32mBuilding CXX object CMakeFiles/moveit_msgs__rosidl_typesupport_cpp.dir/rosidl_typesupport_cpp/moveit_msgs/srv/grasp_planning__type_support.cpp.o[0m
[ 29%] [32mBuilding CXX object CMakeFiles/moveit_msgs__rosidl_typesupport_fastrtps_cpp.dir/rosidl_typesupport_fastrtps_cpp/moveit_msgs/msg/detail/dds_fastrtps/trajectory_constraints__type_support.cpp.o[0m
[ 29%] [32mBuilding CXX object CMakeFiles/moveit_msgs__rosidl_typesupport_cpp.dir/rosidl_typesupport_cpp/moveit_msgs/srv/apply_planning_scene__type_support.cpp.o[0m
[ 30%] [32mBuilding CXX object CMakeFiles/moveit_msgs__rosidl_typesupport_introspection_cpp.dir/rosidl_typesupport_introspection_cpp/moveit_msgs/msg/detail/motion_sequence_response__type_support.cpp.o[0m
[ 31%] [32mBuilding CXX object CMakeFiles/moveit_msgs__rosidl_typesupport_cpp.dir/rosidl_typesupport_cpp/moveit_msgs/srv/query_planner_interfaces__type_support.cpp.o[0m
[ 31%] [32mBuilding CXX object CMakeFiles/moveit_msgs__rosidl_typesupport_cpp.dir/rosidl_typesupport_cpp/moveit_msgs/srv/get_motion_sequence__type_support.cpp.o[0m
[ 31%] [32mBuilding CXX object CMakeFiles/moveit_msgs__rosidl_typesupport_fastrtps_cpp.dir/rosidl_typesupport_fastrtps_cpp/moveit_msgs/msg/detail/dds_fastrtps/object_color__type_support.cpp.o[0m
[ 31%] [32mBuilding CXX object CMakeFiles/moveit_msgs__rosidl_typesupport_cpp.dir/rosidl_typesupport_cpp/moveit_msgs/srv/get_position_fk__type_support.cpp.o[0m
[ 31%] [32mBuilding CXX object CMakeFiles/moveit_msgs__rosidl_typesupport_fastrtps_cpp.dir/rosidl_typesupport_fastrtps_cpp/moveit_msgs/msg/detail/dds_fastrtps/orientation_constraint__type_support.cpp.o[0m
[ 31%] [32mBuilding CXX object CMakeFiles/moveit_msgs__rosidl_typesupport_cpp.dir/rosidl_typesupport_cpp/moveit_msgs/srv/get_position_ik__type_support.cpp.o[0m
[ 31%] [32mBuilding CXX object CMakeFiles/moveit_msgs__rosidl_typesupport_introspection_cpp.dir/rosidl_typesupport_introspection_cpp/moveit_msgs/msg/detail/motion_sequence_item__type_support.cpp.o[0m
[ 31%] [32mBuilding CXX object CMakeFiles/moveit_msgs__rosidl_typesupport_cpp.dir/rosidl_typesupport_cpp/moveit_msgs/srv/get_planner_params__type_support.cpp.o[0m
[ 31%] [32mBuilding CXX object CMakeFiles/moveit_msgs__rosidl_typesupport_fastrtps_cpp.dir/rosidl_typesupport_fastrtps_cpp/moveit_msgs/msg/detail/dds_fastrtps/oriented_bounding_box__type_support.cpp.o[0m
[ 31%] [32mBuilding CXX object CMakeFiles/moveit_msgs__rosidl_typesupport_cpp.dir/rosidl_typesupport_cpp/moveit_msgs/srv/set_planner_params__type_support.cpp.o[0m
[ 31%] [32mBuilding CXX object CMakeFiles/moveit_msgs__rosidl_typesupport_fastrtps_cpp.dir/rosidl_typesupport_fastrtps_cpp/moveit_msgs/msg/detail/dds_fastrtps/place_location__type_support.cpp.o[0m
[ 31%] [32mBuilding CXX object CMakeFiles/moveit_msgs__rosidl_typesupport_cpp.dir/rosidl_typesupport_cpp/moveit_msgs/srv/update_pointcloud_octomap__type_support.cpp.o[0m
[ 31%] [32mBuilding CXX object CMakeFiles/moveit_msgs__rosidl_typesupport_introspection_cpp.dir/rosidl_typesupport_introspection_cpp/moveit_msgs/msg/detail/move_it_error_codes__type_support.cpp.o[0m
[ 32%] [32mBuilding CXX object CMakeFiles/moveit_msgs__rosidl_typesupport_cpp.dir/rosidl_typesupport_cpp/moveit_msgs/srv/save_map__type_support.cpp.o[0m
[ 33%] [32mBuilding CXX object CMakeFiles/moveit_msgs__rosidl_typesupport_fastrtps_cpp.dir/rosidl_typesupport_fastrtps_cpp/moveit_msgs/msg/detail/dds_fastrtps/planner_interface_description__type_support.cpp.o[0m
[ 33%] [32mBuilding CXX object CMakeFiles/moveit_msgs__rosidl_typesupport_introspection_cpp.dir/rosidl_typesupport_introspection_cpp/moveit_msgs/msg/detail/motion_plan_response__type_support.cpp.o[0m
[ 33%] [32mBuilding CXX object CMakeFiles/moveit_msgs__rosidl_typesupport_fastrtps_cpp.dir/rosidl_typesupport_fastrtps_cpp/moveit_msgs/msg/detail/dds_fastrtps/planner_params__type_support.cpp.o[0m
[ 33%] [32mBuilding CXX object CMakeFiles/moveit_msgs__rosidl_typesupport_cpp.dir/rosidl_typesupport_cpp/moveit_msgs/srv/save_robot_state_to_warehouse__type_support.cpp.o[0m
[ 33%] [32mBuilding CXX object CMakeFiles/moveit_msgs__rosidl_typesupport_cpp.dir/rosidl_typesupport_cpp/moveit_msgs/srv/list_robot_states_in_warehouse__type_support.cpp.o[0m
[ 33%] [32mBuilding CXX object CMakeFiles/moveit_msgs__rosidl_typesupport_fastrtps_cpp.dir/rosidl_typesupport_fastrtps_cpp/moveit_msgs/msg/detail/dds_fastrtps/planning_scene__type_support.cpp.o[0m
[ 33%] [32mBuilding CXX object CMakeFiles/moveit_msgs__rosidl_typesupport_cpp.dir/rosidl_typesupport_cpp/moveit_msgs/srv/load_map__type_support.cpp.o[0m
[ 33%] [32mBuilding CXX object CMakeFiles/moveit_msgs__rosidl_typesupport_introspection_cpp.dir/rosidl_typesupport_introspection_cpp/moveit_msgs/msg/detail/trajectory_constraints__type_support.cpp.o[0m
[ 33%] [32mBuilding CXX object CMakeFiles/moveit_msgs__rosidl_typesupport_cpp.dir/rosidl_typesupport_cpp/moveit_msgs/srv/get_robot_state_from_warehouse__type_support.cpp.o[0m
[ 33%] [32mBuilding CXX object CMakeFiles/moveit_msgs__rosidl_typesupport_cpp.dir/rosidl_typesupport_cpp/moveit_msgs/srv/check_if_robot_state_exists_in_warehouse__type_support.cpp.o[0m
[ 33%] [32mBuilding CXX object CMakeFiles/moveit_msgs__rosidl_typesupport_fastrtps_cpp.dir/rosidl_typesupport_fastrtps_cpp/moveit_msgs/msg/detail/dds_fastrtps/planning_scene_components__type_support.cpp.o[0m
[ 34%] [32mBuilding CXX object CMakeFiles/moveit_msgs__rosidl_typesupport_cpp.dir/rosidl_typesupport_cpp/moveit_msgs/srv/rename_robot_state_in_warehouse__type_support.cpp.o[0m
[ 34%] [32mBuilding CXX object CMakeFiles/moveit_msgs__rosidl_typesupport_introspection_cpp.dir/rosidl_typesupport_introspection_cpp/moveit_msgs/msg/detail/object_color__type_support.cpp.o[0m
[ 34%] [32mBuilding CXX object CMakeFiles/moveit_msgs__rosidl_typesupport_cpp.dir/rosidl_typesupport_cpp/moveit_msgs/srv/delete_robot_state_from_warehouse__type_support.cpp.o[0m
[ 34%] [32mBuilding CXX object CMakeFiles/moveit_msgs__rosidl_typesupport_cpp.dir/rosidl_typesupport_cpp/moveit_msgs/srv/change_control_dimensions__type_support.cpp.o[0m
[ 34%] [32mBuilding CXX object CMakeFiles/moveit_msgs__rosidl_typesupport_fastrtps_cpp.dir/rosidl_typesupport_fastrtps_cpp/moveit_msgs/msg/detail/dds_fastrtps/planning_scene_world__type_support.cpp.o[0m
[ 34%] [32mBuilding CXX object CMakeFiles/moveit_msgs__rosidl_typesupport_fastrtps_cpp.dir/rosidl_typesupport_fastrtps_cpp/moveit_msgs/msg/detail/dds_fastrtps/planning_options__type_support.cpp.o[0m
[ 34%] [32mBuilding CXX object CMakeFiles/moveit_msgs__rosidl_typesupport_introspection_cpp.dir/rosidl_typesupport_introspection_cpp/moveit_msgs/msg/detail/orientation_constraint__type_support.cpp.o[0m
[ 34%] [32mBuilding CXX object CMakeFiles/moveit_msgs__rosidl_typesupport_cpp.dir/rosidl_typesupport_cpp/moveit_msgs/srv/change_drift_dimensions__type_support.cpp.o[0m
[ 34%] [32mBuilding CXX object CMakeFiles/moveit_msgs__rosidl_typesupport_cpp.dir/rosidl_typesupport_cpp/moveit_msgs/action/execute_trajectory__type_support.cpp.o[0m
[ 34%] [32mBuilding CXX object CMakeFiles/moveit_msgs__rosidl_typesupport_introspection_cpp.dir/rosidl_typesupport_introspection_cpp/moveit_msgs/msg/detail/oriented_bounding_box__type_support.cpp.o[0m
[ 34%] [32mBuilding CXX object CMakeFiles/moveit_msgs__rosidl_typesupport_cpp.dir/rosidl_typesupport_cpp/moveit_msgs/action/move_group__type_support.cpp.o[0m
[ 35%] [32mBuilding CXX object CMakeFiles/moveit_msgs__rosidl_typesupport_fastrtps_cpp.dir/rosidl_typesupport_fastrtps_cpp/moveit_msgs/msg/detail/dds_fastrtps/position_constraint__type_support.cpp.o[0m
[ 35%] [32mBuilding CXX object CMakeFiles/moveit_msgs__rosidl_typesupport_introspection_cpp.dir/rosidl_typesupport_introspection_cpp/moveit_msgs/msg/detail/place_location__type_support.cpp.o[0m
[ 35%] [32mBuilding CXX object CMakeFiles/moveit_msgs__rosidl_typesupport_cpp.dir/rosidl_typesupport_cpp/moveit_msgs/action/move_group_sequence__type_support.cpp.o[0m
[ 35%] [32mBuilding CXX object CMakeFiles/moveit_msgs__rosidl_typesupport_fastrtps_cpp.dir/rosidl_typesupport_fastrtps_cpp/moveit_msgs/msg/detail/dds_fastrtps/robot_state__type_support.cpp.o[0m
[ 36%] [32mBuilding CXX object CMakeFiles/moveit_msgs__rosidl_typesupport_introspection_cpp.dir/rosidl_typesupport_introspection_cpp/moveit_msgs/msg/detail/planner_interface_description__type_support.cpp.o[0m
[ 36%] [32mBuilding CXX object CMakeFiles/moveit_msgs__rosidl_typesupport_fastrtps_cpp.dir/rosidl_typesupport_fastrtps_cpp/moveit_msgs/msg/detail/dds_fastrtps/robot_trajectory__type_support.cpp.o[0m
[ 36%] [32mBuilding CXX object CMakeFiles/moveit_msgs__rosidl_typesupport_introspection_cpp.dir/rosidl_typesupport_introspection_cpp/moveit_msgs/msg/detail/planner_params__type_support.cpp.o[0m
[ 37%] [32mBuilding CXX object CMakeFiles/moveit_msgs__rosidl_typesupport_cpp.dir/rosidl_typesupport_cpp/moveit_msgs/action/pickup__type_support.cpp.o[0m
[ 37%] [32mBuilding CXX object CMakeFiles/moveit_msgs__rosidl_typesupport_fastrtps_cpp.dir/rosidl_typesupport_fastrtps_cpp/moveit_msgs/msg/detail/dds_fastrtps/visibility_constraint__type_support.cpp.o[0m
[ 37%] [32mBuilding CXX object CMakeFiles/moveit_msgs__rosidl_typesupport_cpp.dir/rosidl_typesupport_cpp/moveit_msgs/action/place__type_support.cpp.o[0m
[ 37%] [32mBuilding CXX object CMakeFiles/moveit_msgs__rosidl_typesupport_introspection_cpp.dir/rosidl_typesupport_introspection_cpp/moveit_msgs/msg/detail/planning_scene__type_support.cpp.o[0m
[ 37%] [32mBuilding CXX object CMakeFiles/moveit_msgs__rosidl_typesupport_cpp.dir/rosidl_typesupport_cpp/moveit_msgs/action/local_planner__type_support.cpp.o[0m
[ 37%] [32mBuilding CXX object CMakeFiles/moveit_msgs__rosidl_typesupport_fastrtps_cpp.dir/rosidl_typesupport_fastrtps_cpp/moveit_msgs/msg/detail/dds_fastrtps/workspace_parameters__type_support.cpp.o[0m
[ 37%] [32mBuilding CXX object CMakeFiles/moveit_msgs__rosidl_typesupport_cpp.dir/rosidl_typesupport_cpp/moveit_msgs/action/global_planner__type_support.cpp.o[0m
[ 37%] [32mBuilding CXX object CMakeFiles/moveit_msgs__rosidl_typesupport_fastrtps_cpp.dir/rosidl_typesupport_fastrtps_cpp/moveit_msgs/msg/detail/dds_fastrtps/kinematic_solver_info__type_support.cpp.o[0m
[ 37%] [32mBuilding CXX object CMakeFiles/moveit_msgs__rosidl_typesupport_introspection_cpp.dir/rosidl_typesupport_introspection_cpp/moveit_msgs/msg/detail/planning_scene_world__type_support.cpp.o[0m
[ 37%] [32mBuilding CXX object CMakeFiles/moveit_msgs__rosidl_typesupport_introspection_cpp.dir/rosidl_typesupport_introspection_cpp/moveit_msgs/msg/detail/planning_scene_components__type_support.cpp.o[0m
[ 37%] [32mBuilding CXX object CMakeFiles/moveit_msgs__rosidl_typesupport_fastrtps_cpp.dir/rosidl_typesupport_fastrtps_cpp/moveit_msgs/msg/detail/dds_fastrtps/position_ik_request__type_support.cpp.o[0m
[ 37%] [32mBuilding CXX object CMakeFiles/moveit_msgs__rosidl_typesupport_cpp.dir/rosidl_typesupport_cpp/moveit_msgs/action/hybrid_planner__type_support.cpp.o[0m
[ 38%] [32mBuilding CXX object CMakeFiles/moveit_msgs__rosidl_typesupport_fastrtps_cpp.dir/rosidl_typesupport_fastrtps_cpp/moveit_msgs/srv/detail/dds_fastrtps/get_motion_plan__type_support.cpp.o[0m
[ 38%] [32mBuilding CXX object CMakeFiles/moveit_msgs__rosidl_typesupport_introspection_cpp.dir/rosidl_typesupport_introspection_cpp/moveit_msgs/msg/detail/planning_options__type_support.cpp.o[0m
[ 38%] [32m[1mLinking CXX shared library libmoveit_msgs__rosidl_typesupport_cpp.so[0m
[ 38%] Built target moveit_msgs__rosidl_typesupport_cpp
[35m[1mConsolidate compiler generated dependencies of target moveit_msgs__rosidl_typesupport_c[0m
[ 38%] [32mBuilding CXX object CMakeFiles/moveit_msgs__rosidl_typesupport_c.dir/rosidl_typesupport_c/moveit_msgs/msg/allowed_collision_entry__type_support.cpp.o[0m
[ 38%] [32mBuilding CXX object CMakeFiles/moveit_msgs__rosidl_typesupport_c.dir/rosidl_typesupport_c/moveit_msgs/msg/allowed_collision_matrix__type_support.cpp.o[0m
[ 38%] [32mBuilding CXX object CMakeFiles/moveit_msgs__rosidl_typesupport_c.dir/rosidl_typesupport_c/moveit_msgs/msg/attached_collision_object__type_support.cpp.o[0m
[ 38%] [32mBuilding CXX object CMakeFiles/moveit_msgs__rosidl_typesupport_c.dir/rosidl_typesupport_c/moveit_msgs/msg/bounding_volume__type_support.cpp.o[0m
[ 38%] [32mBuilding CXX object CMakeFiles/moveit_msgs__rosidl_typesupport_c.dir/rosidl_typesupport_c/moveit_msgs/msg/cartesian_point__type_support.cpp.o[0m
[ 38%] [32mBuilding CXX object CMakeFiles/moveit_msgs__rosidl_typesupport_fastrtps_cpp.dir/rosidl_typesupport_fastrtps_cpp/moveit_msgs/srv/detail/dds_fastrtps/get_cartesian_path__type_support.cpp.o[0m
[ 38%] [32mBuilding CXX object CMakeFiles/moveit_msgs__rosidl_typesupport_c.dir/rosidl_typesupport_c/moveit_msgs/msg/cartesian_trajectory__type_support.cpp.o[0m
[ 39%] [32mBuilding CXX object CMakeFiles/moveit_msgs__rosidl_typesupport_c.dir/rosidl_typesupport_c/moveit_msgs/msg/cartesian_trajectory_point__type_support.cpp.o[0m
[ 39%] [32mBuilding CXX object CMakeFiles/moveit_msgs__rosidl_typesupport_c.dir/rosidl_typesupport_c/moveit_msgs/msg/collision_object__type_support.cpp.o[0m
[ 39%] [32mBuilding CXX object CMakeFiles/moveit_msgs__rosidl_typesupport_c.dir/rosidl_typesupport_c/moveit_msgs/msg/constraint_eval_result__type_support.cpp.o[0m
[ 39%] [32mBuilding CXX object CMakeFiles/moveit_msgs__rosidl_typesupport_c.dir/rosidl_typesupport_c/moveit_msgs/msg/constraints__type_support.cpp.o[0m
[ 39%] [32mBuilding CXX object CMakeFiles/moveit_msgs__rosidl_typesupport_c.dir/rosidl_typesupport_c/moveit_msgs/msg/cost_source__type_support.cpp.o[0m
[ 39%] [32mBuilding CXX object CMakeFiles/moveit_msgs__rosidl_typesupport_c.dir/rosidl_typesupport_c/moveit_msgs/msg/contact_information__type_support.cpp.o[0m
[ 40%] [32mBuilding CXX object CMakeFiles/moveit_msgs__rosidl_typesupport_c.dir/rosidl_typesupport_c/moveit_msgs/msg/display_trajectory__type_support.cpp.o[0m
[ 40%] [32mBuilding CXX object CMakeFiles/moveit_msgs__rosidl_typesupport_c.dir/rosidl_typesupport_c/moveit_msgs/msg/display_robot_state__type_support.cpp.o[0m
[ 41%] [32mBuilding CXX object CMakeFiles/moveit_msgs__rosidl_typesupport_introspection_cpp.dir/rosidl_typesupport_introspection_cpp/moveit_msgs/msg/detail/position_constraint__type_support.cpp.o[0m
[ 41%] [32mBuilding CXX object CMakeFiles/moveit_msgs__rosidl_typesupport_c.dir/rosidl_typesupport_c/moveit_msgs/msg/generic_trajectory__type_support.cpp.o[0m
[ 41%] [32mBuilding CXX object CMakeFiles/moveit_msgs__rosidl_typesupport_c.dir/rosidl_typesupport_c/moveit_msgs/msg/grasp__type_support.cpp.o[0m
[ 41%] [32mBuilding CXX object CMakeFiles/moveit_msgs__rosidl_typesupport_c.dir/rosidl_typesupport_c/moveit_msgs/msg/gripper_translation__type_support.cpp.o[0m
[ 41%] [32mBuilding CXX object CMakeFiles/moveit_msgs__rosidl_typesupport_c.dir/rosidl_typesupport_c/moveit_msgs/msg/joint_constraint__type_support.cpp.o[0m
[ 42%] [32mBuilding CXX object CMakeFiles/moveit_msgs__rosidl_typesupport_c.dir/rosidl_typesupport_c/moveit_msgs/msg/joint_limits__type_support.cpp.o[0m
[ 42%] [32mBuilding CXX object CMakeFiles/moveit_msgs__rosidl_typesupport_c.dir/rosidl_typesupport_c/moveit_msgs/msg/link_padding__type_support.cpp.o[0m
[ 42%] [32mBuilding CXX object CMakeFiles/moveit_msgs__rosidl_typesupport_c.dir/rosidl_typesupport_c/moveit_msgs/msg/link_scale__type_support.cpp.o[0m
[ 42%] [32mBuilding CXX object CMakeFiles/moveit_msgs__rosidl_typesupport_c.dir/rosidl_typesupport_c/moveit_msgs/msg/motion_plan_request__type_support.cpp.o[0m
[ 42%] [32mBuilding CXX object CMakeFiles/moveit_msgs__rosidl_typesupport_c.dir/rosidl_typesupport_c/moveit_msgs/msg/motion_plan_response__type_support.cpp.o[0m
[ 42%] [32mBuilding CXX object CMakeFiles/moveit_msgs__rosidl_typesupport_c.dir/rosidl_typesupport_c/moveit_msgs/msg/motion_plan_detailed_response__type_support.cpp.o[0m
[ 42%] [32mBuilding CXX object CMakeFiles/moveit_msgs__rosidl_typesupport_introspection_cpp.dir/rosidl_typesupport_introspection_cpp/moveit_msgs/msg/detail/robot_state__type_support.cpp.o[0m
[ 42%] [32mBuilding CXX object CMakeFiles/moveit_msgs__rosidl_typesupport_fastrtps_cpp.dir/rosidl_typesupport_fastrtps_cpp/moveit_msgs/srv/detail/dds_fastrtps/grasp_planning__type_support.cpp.o[0m
[ 42%] [32mBuilding CXX object CMakeFiles/moveit_msgs__rosidl_typesupport_c.dir/rosidl_typesupport_c/moveit_msgs/msg/motion_sequence_item__type_support.cpp.o[0m
[ 43%] [32mBuilding CXX object CMakeFiles/moveit_msgs__rosidl_typesupport_c.dir/rosidl_typesupport_c/moveit_msgs/msg/motion_sequence_request__type_support.cpp.o[0m
[ 43%] [32mBuilding CXX object CMakeFiles/moveit_msgs__rosidl_typesupport_c.dir/rosidl_typesupport_c/moveit_msgs/msg/motion_sequence_response__type_support.cpp.o[0m
[ 43%] [32mBuilding CXX object CMakeFiles/moveit_msgs__rosidl_typesupport_c.dir/rosidl_typesupport_c/moveit_msgs/msg/move_it_error_codes__type_support.cpp.o[0m
[ 43%] [32mBuilding CXX object CMakeFiles/moveit_msgs__rosidl_typesupport_c.dir/rosidl_typesupport_c/moveit_msgs/msg/trajectory_constraints__type_support.cpp.o[0m
[ 43%] [32mBuilding CXX object CMakeFiles/moveit_msgs__rosidl_typesupport_introspection_cpp.dir/rosidl_typesupport_introspection_cpp/moveit_msgs/msg/detail/robot_trajectory__type_support.cpp.o[0m
[ 43%] [32mBuilding CXX object CMakeFiles/moveit_msgs__rosidl_typesupport_c.dir/rosidl_typesupport_c/moveit_msgs/msg/object_color__type_support.cpp.o[0m
[ 43%] [32mBuilding CXX object CMakeFiles/moveit_msgs__rosidl_typesupport_c.dir/rosidl_typesupport_c/moveit_msgs/msg/orientation_constraint__type_support.cpp.o[0m
[ 44%] [32mBuilding CXX object CMakeFiles/moveit_msgs__rosidl_typesupport_c.dir/rosidl_typesupport_c/moveit_msgs/msg/oriented_bounding_box__type_support.cpp.o[0m
[ 44%] [32mBuilding CXX object CMakeFiles/moveit_msgs__rosidl_typesupport_c.dir/rosidl_typesupport_c/moveit_msgs/msg/place_location__type_support.cpp.o[0m
[ 44%] [32mBuilding CXX object CMakeFiles/moveit_msgs__rosidl_typesupport_c.dir/rosidl_typesupport_c/moveit_msgs/msg/planner_interface_description__type_support.cpp.o[0m
[ 44%] [32mBuilding CXX object CMakeFiles/moveit_msgs__rosidl_typesupport_c.dir/rosidl_typesupport_c/moveit_msgs/msg/planner_params__type_support.cpp.o[0m
[ 44%] [32mBuilding CXX object CMakeFiles/moveit_msgs__rosidl_typesupport_c.dir/rosidl_typesupport_c/moveit_msgs/msg/planning_scene__type_support.cpp.o[0m
[ 44%] [32mBuilding CXX object CMakeFiles/moveit_msgs__rosidl_typesupport_c.dir/rosidl_typesupport_c/moveit_msgs/msg/planning_scene_components__type_support.cpp.o[0m
[ 44%] [32mBuilding CXX object CMakeFiles/moveit_msgs__rosidl_typesupport_c.dir/rosidl_typesupport_c/moveit_msgs/msg/planning_scene_world__type_support.cpp.o[0m
[ 45%] [32mBuilding CXX object CMakeFiles/moveit_msgs__rosidl_typesupport_c.dir/rosidl_typesupport_c/moveit_msgs/msg/planning_options__type_support.cpp.o[0m
[ 45%] [32mBuilding CXX object CMakeFiles/moveit_msgs__rosidl_typesupport_c.dir/rosidl_typesupport_c/moveit_msgs/msg/position_constraint__type_support.cpp.o[0m
[ 45%] [32mBuilding CXX object CMakeFiles/moveit_msgs__rosidl_typesupport_c.dir/rosidl_typesupport_c/moveit_msgs/msg/robot_state__type_support.cpp.o[0m
[ 45%] [32mBuilding CXX object CMakeFiles/moveit_msgs__rosidl_typesupport_c.dir/rosidl_typesupport_c/moveit_msgs/msg/robot_trajectory__type_support.cpp.o[0m
[ 45%] [32mBuilding CXX object CMakeFiles/moveit_msgs__rosidl_typesupport_c.dir/rosidl_typesupport_c/moveit_msgs/msg/visibility_constraint__type_support.cpp.o[0m
[ 45%] [32mBuilding CXX object CMakeFiles/moveit_msgs__rosidl_typesupport_c.dir/rosidl_typesupport_c/moveit_msgs/msg/workspace_parameters__type_support.cpp.o[0m
[ 46%] [32mBuilding CXX object CMakeFiles/moveit_msgs__rosidl_typesupport_c.dir/rosidl_typesupport_c/moveit_msgs/msg/kinematic_solver_info__type_support.cpp.o[0m
[ 46%] [32mBuilding CXX object CMakeFiles/moveit_msgs__rosidl_typesupport_introspection_cpp.dir/rosidl_typesupport_introspection_cpp/moveit_msgs/msg/detail/visibility_constraint__type_support.cpp.o[0m
[ 46%] [32mBuilding CXX object CMakeFiles/moveit_msgs__rosidl_typesupport_c.dir/rosidl_typesupport_c/moveit_msgs/msg/position_ik_request__type_support.cpp.o[0m
[ 46%] [32mBuilding CXX object CMakeFiles/moveit_msgs__rosidl_typesupport_c.dir/rosidl_typesupport_c/moveit_msgs/srv/get_motion_plan__type_support.cpp.o[0m
[ 46%] [32mBuilding CXX object CMakeFiles/moveit_msgs__rosidl_typesupport_c.dir/rosidl_typesupport_c/moveit_msgs/srv/get_state_validity__type_support.cpp.o[0m
[ 46%] [32mBuilding CXX object CMakeFiles/moveit_msgs__rosidl_typesupport_c.dir/rosidl_typesupport_c/moveit_msgs/srv/get_cartesian_path__type_support.cpp.o[0m
[ 46%] [32mBuilding CXX object CMakeFiles/moveit_msgs__rosidl_typesupport_c.dir/rosidl_typesupport_c/moveit_msgs/srv/get_planning_scene__type_support.cpp.o[0m
[ 47%] [32mBuilding CXX object CMakeFiles/moveit_msgs__rosidl_typesupport_c.dir/rosidl_typesupport_c/moveit_msgs/srv/grasp_planning__type_support.cpp.o[0m
[ 47%] [32mBuilding CXX object CMakeFiles/moveit_msgs__rosidl_typesupport_c.dir/rosidl_typesupport_c/moveit_msgs/srv/apply_planning_scene__type_support.cpp.o[0m
[ 47%] [32mBuilding CXX object CMakeFiles/moveit_msgs__rosidl_typesupport_c.dir/rosidl_typesupport_c/moveit_msgs/srv/query_planner_interfaces__type_support.cpp.o[0m
[ 47%] [32mBuilding CXX object CMakeFiles/moveit_msgs__rosidl_typesupport_c.dir/rosidl_typesupport_c/moveit_msgs/srv/get_motion_sequence__type_support.cpp.o[0m
[ 47%] [32mBuilding CXX object CMakeFiles/moveit_msgs__rosidl_typesupport_c.dir/rosidl_typesupport_c/moveit_msgs/srv/get_position_fk__type_support.cpp.o[0m
[ 47%] [32mBuilding CXX object CMakeFiles/moveit_msgs__rosidl_typesupport_c.dir/rosidl_typesupport_c/moveit_msgs/srv/get_position_ik__type_support.cpp.o[0m
[ 47%] [32mBuilding CXX object CMakeFiles/moveit_msgs__rosidl_typesupport_introspection_cpp.dir/rosidl_typesupport_introspection_cpp/moveit_msgs/msg/detail/workspace_parameters__type_support.cpp.o[0m
[ 47%] [32mBuilding CXX object CMakeFiles/moveit_msgs__rosidl_typesupport_c.dir/rosidl_typesupport_c/moveit_msgs/srv/get_planner_params__type_support.cpp.o[0m
[ 48%] [32mBuilding CXX object CMakeFiles/moveit_msgs__rosidl_typesupport_c.dir/rosidl_typesupport_c/moveit_msgs/srv/set_planner_params__type_support.cpp.o[0m
[ 48%] [32mBuilding CXX object CMakeFiles/moveit_msgs__rosidl_typesupport_c.dir/rosidl_typesupport_c/moveit_msgs/srv/update_pointcloud_octomap__type_support.cpp.o[0m
[ 48%] [32mBuilding CXX object CMakeFiles/moveit_msgs__rosidl_typesupport_c.dir/rosidl_typesupport_c/moveit_msgs/srv/save_map__type_support.cpp.o[0m
[ 48%] [32mBuilding CXX object CMakeFiles/moveit_msgs__rosidl_typesupport_c.dir/rosidl_typesupport_c/moveit_msgs/srv/load_map__type_support.cpp.o[0m
[ 48%] [32mBuilding CXX object CMakeFiles/moveit_msgs__rosidl_typesupport_c.dir/rosidl_typesupport_c/moveit_msgs/srv/save_robot_state_to_warehouse__type_support.cpp.o[0m
[ 48%] [32mBuilding CXX object CMakeFiles/moveit_msgs__rosidl_typesupport_c.dir/rosidl_typesupport_c/moveit_msgs/srv/list_robot_states_in_warehouse__type_support.cpp.o[0m
[ 49%] [32mBuilding CXX object CMakeFiles/moveit_msgs__rosidl_typesupport_c.dir/rosidl_typesupport_c/moveit_msgs/srv/get_robot_state_from_warehouse__type_support.cpp.o[0m
[ 49%] [32mBuilding CXX object CMakeFiles/moveit_msgs__rosidl_typesupport_introspection_cpp.dir/rosidl_typesupport_introspection_cpp/moveit_msgs/msg/detail/kinematic_solver_info__type_support.cpp.o[0m
[ 49%] [32mBuilding CXX object CMakeFiles/moveit_msgs__rosidl_typesupport_c.dir/rosidl_typesupport_c/moveit_msgs/srv/check_if_robot_state_exists_in_warehouse__type_support.cpp.o[0m
[ 49%] [32mBuilding CXX object CMakeFiles/moveit_msgs__rosidl_typesupport_c.dir/rosidl_typesupport_c/moveit_msgs/srv/rename_robot_state_in_warehouse__type_support.cpp.o[0m
[ 49%] [32mBuilding CXX object CMakeFiles/moveit_msgs__rosidl_typesupport_c.dir/rosidl_typesupport_c/moveit_msgs/srv/delete_robot_state_from_warehouse__type_support.cpp.o[0m
[ 49%] [32mBuilding CXX object CMakeFiles/moveit_msgs__rosidl_typesupport_fastrtps_cpp.dir/rosidl_typesupport_fastrtps_cpp/moveit_msgs/srv/detail/dds_fastrtps/get_planning_scene__type_support.cpp.o[0m
[ 49%] [32mBuilding CXX object CMakeFiles/moveit_msgs__rosidl_typesupport_introspection_cpp.dir/rosidl_typesupport_introspection_cpp/moveit_msgs/msg/detail/position_ik_request__type_support.cpp.o[0m
[ 49%] [32mBuilding CXX object CMakeFiles/moveit_msgs__rosidl_typesupport_fastrtps_cpp.dir/rosidl_typesupport_fastrtps_cpp/moveit_msgs/srv/detail/dds_fastrtps/get_state_validity__type_support.cpp.o[0m
[ 49%] [32mBuilding CXX object CMakeFiles/moveit_msgs__rosidl_typesupport_c.dir/rosidl_typesupport_c/moveit_msgs/srv/change_control_dimensions__type_support.cpp.o[0m
[ 50%] [32mBuilding CXX object CMakeFiles/moveit_msgs__rosidl_typesupport_introspection_cpp.dir/rosidl_typesupport_introspection_cpp/moveit_msgs/srv/detail/get_motion_plan__type_support.cpp.o[0m
[ 50%] [32mBuilding CXX object CMakeFiles/moveit_msgs__rosidl_typesupport_c.dir/rosidl_typesupport_c/moveit_msgs/srv/change_drift_dimensions__type_support.cpp.o[0m
[ 50%] [32mBuilding CXX object CMakeFiles/moveit_msgs__rosidl_typesupport_c.dir/rosidl_typesupport_c/moveit_msgs/action/execute_trajectory__type_support.cpp.o[0m
[ 51%] [32mBuilding CXX object CMakeFiles/moveit_msgs__rosidl_typesupport_c.dir/rosidl_typesupport_c/moveit_msgs/action/move_group__type_support.cpp.o[0m
[ 51%] [32mBuilding CXX object CMakeFiles/moveit_msgs__rosidl_typesupport_c.dir/rosidl_typesupport_c/moveit_msgs/action/move_group_sequence__type_support.cpp.o[0m
[ 51%] [32mBuilding CXX object CMakeFiles/moveit_msgs__rosidl_typesupport_c.dir/rosidl_typesupport_c/moveit_msgs/action/pickup__type_support.cpp.o[0m
[ 51%] [32mBuilding CXX object CMakeFiles/moveit_msgs__rosidl_typesupport_c.dir/rosidl_typesupport_c/moveit_msgs/action/place__type_support.cpp.o[0m
[ 51%] [32mBuilding CXX object CMakeFiles/moveit_msgs__rosidl_typesupport_c.dir/rosidl_typesupport_c/moveit_msgs/action/local_planner__type_support.cpp.o[0m
[ 51%] [32mBuilding CXX object CMakeFiles/moveit_msgs__rosidl_typesupport_fastrtps_cpp.dir/rosidl_typesupport_fastrtps_cpp/moveit_msgs/srv/detail/dds_fastrtps/apply_planning_scene__type_support.cpp.o[0m
[ 51%] [32mBuilding CXX object CMakeFiles/moveit_msgs__rosidl_typesupport_c.dir/rosidl_typesupport_c/moveit_msgs/action/global_planner__type_support.cpp.o[0m
[ 52%] [32mBuilding CXX object CMakeFiles/moveit_msgs__rosidl_typesupport_fastrtps_cpp.dir/rosidl_typesupport_fastrtps_cpp/moveit_msgs/srv/detail/dds_fastrtps/query_planner_interfaces__type_support.cpp.o[0m
[ 53%] [32mBuilding CXX object CMakeFiles/moveit_msgs__rosidl_typesupport_c.dir/rosidl_typesupport_c/moveit_msgs/action/hybrid_planner__type_support.cpp.o[0m
[ 53%] [32m[1mLinking CXX shared library libmoveit_msgs__rosidl_typesupport_c.so[0m
[ 53%] [32mBuilding CXX object CMakeFiles/moveit_msgs__rosidl_typesupport_fastrtps_cpp.dir/rosidl_typesupport_fastrtps_cpp/moveit_msgs/srv/detail/dds_fastrtps/get_motion_sequence__type_support.cpp.o[0m
[ 54%] Built target moveit_msgs__rosidl_typesupport_c
[ 54%] [32mBuilding CXX object CMakeFiles/moveit_msgs__rosidl_typesupport_fastrtps_cpp.dir/rosidl_typesupport_fastrtps_cpp/moveit_msgs/srv/detail/dds_fastrtps/get_position_fk__type_support.cpp.o[0m
[35m[1mConsolidate compiler generated dependencies of target moveit_msgs__rosidl_typesupport_introspection_c[0m
[35m[1mConsolidate compiler generated dependencies of target moveit_msgs__rosidl_typesupport_fastrtps_c[0m
[ 54%] [32mBuilding C object CMakeFiles/moveit_msgs__rosidl_typesupport_introspection_c.dir/rosidl_typesupport_introspection_c/moveit_msgs/msg/detail/allowed_collision_entry__type_support.c.o[0m
[ 54%] [32mBuilding CXX object CMakeFiles/moveit_msgs__rosidl_typesupport_fastrtps_c.dir/rosidl_typesupport_fastrtps_c/moveit_msgs/msg/detail/allowed_collision_entry__type_support_c.cpp.o[0m
[ 54%] [32mBuilding C object CMakeFiles/moveit_msgs__rosidl_typesupport_introspection_c.dir/rosidl_typesupport_introspection_c/moveit_msgs/msg/detail/allowed_collision_matrix__type_support.c.o[0m
[ 54%] [32mBuilding C object CMakeFiles/moveit_msgs__rosidl_typesupport_introspection_c.dir/rosidl_typesupport_introspection_c/moveit_msgs/msg/detail/attached_collision_object__type_support.c.o[0m
[ 54%] [32mBuilding C object CMakeFiles/moveit_msgs__rosidl_typesupport_introspection_c.dir/rosidl_typesupport_introspection_c/moveit_msgs/msg/detail/bounding_volume__type_support.c.o[0m
[ 54%] [32mBuilding C object CMakeFiles/moveit_msgs__rosidl_typesupport_introspection_c.dir/rosidl_typesupport_introspection_c/moveit_msgs/msg/detail/cartesian_point__type_support.c.o[0m
[ 54%] [32mBuilding CXX object CMakeFiles/moveit_msgs__rosidl_typesupport_fastrtps_cpp.dir/rosidl_typesupport_fastrtps_cpp/moveit_msgs/srv/detail/dds_fastrtps/get_position_ik__type_support.cpp.o[0m
[ 54%] [32mBuilding CXX object CMakeFiles/moveit_msgs__rosidl_typesupport_fastrtps_cpp.dir/rosidl_typesupport_fastrtps_cpp/moveit_msgs/srv/detail/dds_fastrtps/get_planner_params__type_support.cpp.o[0m
[ 55%] [32mBuilding C object CMakeFiles/moveit_msgs__rosidl_typesupport_introspection_c.dir/rosidl_typesupport_introspection_c/moveit_msgs/msg/detail/cartesian_trajectory__type_support.c.o[0m
[ 55%] [32mBuilding CXX object CMakeFiles/moveit_msgs__rosidl_typesupport_introspection_cpp.dir/rosidl_typesupport_introspection_cpp/moveit_msgs/srv/detail/get_state_validity__type_support.cpp.o[0m
[ 55%] [32mBuilding C object CMakeFiles/moveit_msgs__rosidl_typesupport_introspection_c.dir/rosidl_typesupport_introspection_c/moveit_msgs/msg/detail/cartesian_trajectory_point__type_support.c.o[0m
[ 55%] [32mBuilding C object CMakeFiles/moveit_msgs__rosidl_typesupport_introspection_c.dir/rosidl_typesupport_introspection_c/moveit_msgs/msg/detail/collision_object__type_support.c.o[0m
[ 55%] [32mBuilding CXX object CMakeFiles/moveit_msgs__rosidl_typesupport_fastrtps_c.dir/rosidl_typesupport_fastrtps_c/moveit_msgs/msg/detail/allowed_collision_matrix__type_support_c.cpp.o[0m
[ 55%] [32mBuilding C object CMakeFiles/moveit_msgs__rosidl_typesupport_introspection_c.dir/rosidl_typesupport_introspection_c/moveit_msgs/msg/detail/constraint_eval_result__type_support.c.o[0m
[ 55%] [32mBuilding CXX object CMakeFiles/moveit_msgs__rosidl_typesupport_fastrtps_c.dir/rosidl_typesupport_fastrtps_c/moveit_msgs/msg/detail/attached_collision_object__type_support_c.cpp.o[0m
[ 55%] [32mBuilding C object CMakeFiles/moveit_msgs__rosidl_typesupport_introspection_c.dir/rosidl_typesupport_introspection_c/moveit_msgs/msg/detail/constraints__type_support.c.o[0m
[ 55%] [32mBuilding C object CMakeFiles/moveit_msgs__rosidl_typesupport_introspection_c.dir/rosidl_typesupport_introspection_c/moveit_msgs/msg/detail/cost_source__type_support.c.o[0m
[ 55%] [32mBuilding C object CMakeFiles/moveit_msgs__rosidl_typesupport_introspection_c.dir/rosidl_typesupport_introspection_c/moveit_msgs/msg/detail/contact_information__type_support.c.o[0m
[ 56%] [32mBuilding C object CMakeFiles/moveit_msgs__rosidl_typesupport_introspection_c.dir/rosidl_typesupport_introspection_c/moveit_msgs/msg/detail/display_trajectory__type_support.c.o[0m
[ 56%] [32mBuilding CXX object CMakeFiles/moveit_msgs__rosidl_typesupport_fastrtps_cpp.dir/rosidl_typesupport_fastrtps_cpp/moveit_msgs/srv/detail/dds_fastrtps/set_planner_params__type_support.cpp.o[0m
[ 56%] [32mBuilding C object CMakeFiles/moveit_msgs__rosidl_typesupport_introspection_c.dir/rosidl_typesupport_introspection_c/moveit_msgs/msg/detail/display_robot_state__type_support.c.o[0m
[ 56%] [32mBuilding C object CMakeFiles/moveit_msgs__rosidl_typesupport_introspection_c.dir/rosidl_typesupport_introspection_c/moveit_msgs/msg/detail/generic_trajectory__type_support.c.o[0m
[ 56%] [32mBuilding C object CMakeFiles/moveit_msgs__rosidl_typesupport_introspection_c.dir/rosidl_typesupport_introspection_c/moveit_msgs/msg/detail/grasp__type_support.c.o[0m
[ 56%] [32mBuilding CXX object CMakeFiles/moveit_msgs__rosidl_typesupport_introspection_cpp.dir/rosidl_typesupport_introspection_cpp/moveit_msgs/srv/detail/get_cartesian_path__type_support.cpp.o[0m
[ 57%] [32mBuilding CXX object CMakeFiles/moveit_msgs__rosidl_typesupport_fastrtps_c.dir/rosidl_typesupport_fastrtps_c/moveit_msgs/msg/detail/cartesian_trajectory__type_support_c.cpp.o[0m
[ 57%] [32mBuilding C object CMakeFiles/moveit_msgs__rosidl_typesupport_introspection_c.dir/rosidl_typesupport_introspection_c/moveit_msgs/msg/detail/gripper_translation__type_support.c.o[0m
[ 57%] [32mBuilding C object CMakeFiles/moveit_msgs__rosidl_typesupport_introspection_c.dir/rosidl_typesupport_introspection_c/moveit_msgs/msg/detail/joint_constraint__type_support.c.o[0m
[ 58%] [32mBuilding C object CMakeFiles/moveit_msgs__rosidl_typesupport_introspection_c.dir/rosidl_typesupport_introspection_c/moveit_msgs/msg/detail/joint_limits__type_support.c.o[0m
[ 58%] [32mBuilding C object CMakeFiles/moveit_msgs__rosidl_typesupport_introspection_c.dir/rosidl_typesupport_introspection_c/moveit_msgs/msg/detail/link_padding__type_support.c.o[0m
[ 58%] [32mBuilding C object CMakeFiles/moveit_msgs__rosidl_typesupport_introspection_c.dir/rosidl_typesupport_introspection_c/moveit_msgs/msg/detail/link_scale__type_support.c.o[0m
[ 58%] [32mBuilding C object CMakeFiles/moveit_msgs__rosidl_typesupport_introspection_c.dir/rosidl_typesupport_introspection_c/moveit_msgs/msg/detail/motion_plan_request__type_support.c.o[0m
[ 58%] [32mBuilding C object CMakeFiles/moveit_msgs__rosidl_typesupport_introspection_c.dir/rosidl_typesupport_introspection_c/moveit_msgs/msg/detail/motion_plan_response__type_support.c.o[0m
[ 58%] [32mBuilding C object CMakeFiles/moveit_msgs__rosidl_typesupport_introspection_c.dir/rosidl_typesupport_introspection_c/moveit_msgs/msg/detail/motion_plan_detailed_response__type_support.c.o[0m
[ 59%] [32mBuilding C object CMakeFiles/moveit_msgs__rosidl_typesupport_introspection_c.dir/rosidl_typesupport_introspection_c/moveit_msgs/msg/detail/motion_sequence_item__type_support.c.o[0m
[ 59%] [32mBuilding C object CMakeFiles/moveit_msgs__rosidl_typesupport_introspection_c.dir/rosidl_typesupport_introspection_c/moveit_msgs/msg/detail/motion_sequence_request__type_support.c.o[0m
[ 59%] [32mBuilding CXX object CMakeFiles/moveit_msgs__rosidl_typesupport_fastrtps_cpp.dir/rosidl_typesupport_fastrtps_cpp/moveit_msgs/srv/detail/dds_fastrtps/update_pointcloud_octomap__type_support.cpp.o[0m
[ 59%] [32mBuilding C object CMakeFiles/moveit_msgs__rosidl_typesupport_introspection_c.dir/rosidl_typesupport_introspection_c/moveit_msgs/msg/detail/motion_sequence_response__type_support.c.o[0m
[ 59%] [32mBuilding CXX object CMakeFiles/moveit_msgs__rosidl_typesupport_introspection_cpp.dir/rosidl_typesupport_introspection_cpp/moveit_msgs/srv/detail/get_planning_scene__type_support.cpp.o[0m
[ 59%] [32mBuilding C object CMakeFiles/moveit_msgs__rosidl_typesupport_introspection_c.dir/rosidl_typesupport_introspection_c/moveit_msgs/msg/detail/move_it_error_codes__type_support.c.o[0m
[ 59%] [32mBuilding CXX object CMakeFiles/moveit_msgs__rosidl_typesupport_fastrtps_c.dir/rosidl_typesupport_fastrtps_c/moveit_msgs/msg/detail/cartesian_point__type_support_c.cpp.o[0m
[ 59%] [32mBuilding C object CMakeFiles/moveit_msgs__rosidl_typesupport_introspection_c.dir/rosidl_typesupport_introspection_c/moveit_msgs/msg/detail/trajectory_constraints__type_support.c.o[0m
[ 59%] [32mBuilding C object CMakeFiles/moveit_msgs__rosidl_typesupport_introspection_c.dir/rosidl_typesupport_introspection_c/moveit_msgs/msg/detail/object_color__type_support.c.o[0m
[ 59%] [32mBuilding C object CMakeFiles/moveit_msgs__rosidl_typesupport_introspection_c.dir/rosidl_typesupport_introspection_c/moveit_msgs/msg/detail/orientation_constraint__type_support.c.o[0m
[ 60%] [32mBuilding C object CMakeFiles/moveit_msgs__rosidl_typesupport_introspection_c.dir/rosidl_typesupport_introspection_c/moveit_msgs/msg/detail/oriented_bounding_box__type_support.c.o[0m
[ 60%] [32mBuilding C object CMakeFiles/moveit_msgs__rosidl_typesupport_introspection_c.dir/rosidl_typesupport_introspection_c/moveit_msgs/msg/detail/place_location__type_support.c.o[0m
[ 60%] [32mBuilding C object CMakeFiles/moveit_msgs__rosidl_typesupport_introspection_c.dir/rosidl_typesupport_introspection_c/moveit_msgs/msg/detail/planner_interface_description__type_support.c.o[0m
[ 60%] [32mBuilding C object CMakeFiles/moveit_msgs__rosidl_typesupport_introspection_c.dir/rosidl_typesupport_introspection_c/moveit_msgs/msg/detail/planner_params__type_support.c.o[0m
[ 60%] [32mBuilding C object CMakeFiles/moveit_msgs__rosidl_typesupport_introspection_c.dir/rosidl_typesupport_introspection_c/moveit_msgs/msg/detail/planning_scene__type_support.c.o[0m
[ 60%] [32mBuilding C object CMakeFiles/moveit_msgs__rosidl_typesupport_introspection_c.dir/rosidl_typesupport_introspection_c/moveit_msgs/msg/detail/planning_scene_components__type_support.c.o[0m
[ 60%] [32mBuilding CXX object CMakeFiles/moveit_msgs__rosidl_typesupport_fastrtps_c.dir/rosidl_typesupport_fastrtps_c/moveit_msgs/msg/detail/bounding_volume__type_support_c.cpp.o[0m
[ 60%] [32mBuilding CXX object CMakeFiles/moveit_msgs__rosidl_typesupport_fastrtps_cpp.dir/rosidl_typesupport_fastrtps_cpp/moveit_msgs/srv/detail/dds_fastrtps/load_map__type_support.cpp.o[0m
[ 61%] [32mBuilding CXX object CMakeFiles/moveit_msgs__rosidl_typesupport_fastrtps_cpp.dir/rosidl_typesupport_fastrtps_cpp/moveit_msgs/srv/detail/dds_fastrtps/save_map__type_support.cpp.o[0m
[ 62%] [32mBuilding C object CMakeFiles/moveit_msgs__rosidl_typesupport_introspection_c.dir/rosidl_typesupport_introspection_c/moveit_msgs/msg/detail/planning_scene_world__type_support.c.o[0m
[ 62%] [32mBuilding C object CMakeFiles/moveit_msgs__rosidl_typesupport_introspection_c.dir/rosidl_typesupport_introspection_c/moveit_msgs/msg/detail/planning_options__type_support.c.o[0m
[ 62%] [32mBuilding C object CMakeFiles/moveit_msgs__rosidl_typesupport_introspection_c.dir/rosidl_typesupport_introspection_c/moveit_msgs/msg/detail/position_constraint__type_support.c.o[0m
[ 62%] [32mBuilding C object CMakeFiles/moveit_msgs__rosidl_typesupport_introspection_c.dir/rosidl_typesupport_introspection_c/moveit_msgs/msg/detail/robot_state__type_support.c.o[0m
[ 62%] [32mBuilding C object CMakeFiles/moveit_msgs__rosidl_typesupport_introspection_c.dir/rosidl_typesupport_introspection_c/moveit_msgs/msg/detail/robot_trajectory__type_support.c.o[0m
[ 62%] [32mBuilding C object CMakeFiles/moveit_msgs__rosidl_typesupport_introspection_c.dir/rosidl_typesupport_introspection_c/moveit_msgs/msg/detail/visibility_constraint__type_support.c.o[0m
[ 62%] [32mBuilding CXX object CMakeFiles/moveit_msgs__rosidl_typesupport_fastrtps_c.dir/rosidl_typesupport_fastrtps_c/moveit_msgs/msg/detail/cartesian_trajectory_point__type_support_c.cpp.o[0m
[ 63%] [32mBuilding C object CMakeFiles/moveit_msgs__rosidl_typesupport_introspection_c.dir/rosidl_typesupport_introspection_c/moveit_msgs/msg/detail/workspace_parameters__type_support.c.o[0m
[ 63%] [32mBuilding C object CMakeFiles/moveit_msgs__rosidl_typesupport_introspection_c.dir/rosidl_typesupport_introspection_c/moveit_msgs/msg/detail/kinematic_solver_info__type_support.c.o[0m
[ 63%] [32mBuilding C object CMakeFiles/moveit_msgs__rosidl_typesupport_introspection_c.dir/rosidl_typesupport_introspection_c/moveit_msgs/msg/detail/position_ik_request__type_support.c.o[0m
[ 64%] [32mBuilding CXX object CMakeFiles/moveit_msgs__rosidl_typesupport_introspection_cpp.dir/rosidl_typesupport_introspection_cpp/moveit_msgs/srv/detail/query_planner_interfaces__type_support.cpp.o[0m
[ 64%] [32mBuilding CXX object CMakeFiles/moveit_msgs__rosidl_typesupport_fastrtps_cpp.dir/rosidl_typesupport_fastrtps_cpp/moveit_msgs/srv/detail/dds_fastrtps/save_robot_state_to_warehouse__type_support.cpp.o[0m
[ 64%] [32mBuilding C object CMakeFiles/moveit_msgs__rosidl_typesupport_introspection_c.dir/rosidl_typesupport_introspection_c/moveit_msgs/srv/detail/get_motion_plan__type_support.c.o[0m
[ 64%] [32mBuilding CXX object CMakeFiles/moveit_msgs__rosidl_typesupport_fastrtps_c.dir/rosidl_typesupport_fastrtps_c/moveit_msgs/msg/detail/collision_object__type_support_c.cpp.o[0m
[ 64%] [32mBuilding CXX object CMakeFiles/moveit_msgs__rosidl_typesupport_fastrtps_cpp.dir/rosidl_typesupport_fastrtps_cpp/moveit_msgs/srv/detail/dds_fastrtps/list_robot_states_in_warehouse__type_support.cpp.o[0m
[ 64%] [32mBuilding C object CMakeFiles/moveit_msgs__rosidl_typesupport_introspection_c.dir/rosidl_typesupport_introspection_c/moveit_msgs/srv/detail/get_state_validity__type_support.c.o[0m
[ 64%] [32mBuilding C object CMakeFiles/moveit_msgs__rosidl_typesupport_introspection_c.dir/rosidl_typesupport_introspection_c/moveit_msgs/srv/detail/get_cartesian_path__type_support.c.o[0m
[ 64%] [32mBuilding C object CMakeFiles/moveit_msgs__rosidl_typesupport_introspection_c.dir/rosidl_typesupport_introspection_c/moveit_msgs/srv/detail/get_planning_scene__type_support.c.o[0m
