[0.030s] Invoking command in '/home/gustav/P5-Kuka-Dual-Arm/build/moveit_kinematics': AMENT_PREFIX_PATH=/home/gustav/P5-Kuka-Dual-Arm/install/moveit_ros_planning:/home/gustav/P5-Kuka-Dual-Arm/install/moveit_ros_occupancy_map_monitor:/home/gustav/P5-Kuka-Dual-Arm/install/moveit_core:/home/gustav/P5-Kuka-Dual-Arm/install/moveit_resources_panda_moveit_config:/home/gustav/P5-Kuka-Dual-Arm/install/moveit_resources_fanuc_moveit_config:/home/gustav/P5-Kuka-Dual-Arm/install/generate_parameter_library:/home/gustav/P5-Kuka-Dual-Arm/install/parameter_traits:/home/gustav/P5-Kuka-Dual-Arm/install/moveit_resources_pr2_description:/home/gustav/P5-Kuka-Dual-Arm/install/moveit_resources_panda_description:/home/gustav/P5-Kuka-Dual-Arm/install/moveit_resources_fanuc_description:/home/gustav/P5-Kuka-Dual-Arm/install/moveit_msgs:/home/gustav/P5-Kuka-Dual-Arm/install/moveit_configs_utils:/home/gustav/P5-Kuka-Dual-Arm/install/moveit_common:/home/gustav/P5-Kuka-Dual-Arm/install/generate_parameter_library_py:${AMENT_PREFIX_PATH} CMAKE_PREFIX_PATH=/home/gustav/P5-Kuka-Dual-Arm/install/moveit_ros_planning:/home/gustav/P5-Kuka-Dual-Arm/install/moveit_ros_occupancy_map_monitor:/home/gustav/P5-Kuka-Dual-Arm/install/moveit_core:/home/gustav/P5-Kuka-Dual-Arm/install/moveit_resources_panda_moveit_config:/home/gustav/P5-Kuka-Dual-Arm/install/moveit_resources_fanuc_moveit_config:/home/gustav/P5-Kuka-Dual-Arm/install/generate_parameter_library:/home/gustav/P5-Kuka-Dual-Arm/install/parameter_traits:/home/gustav/P5-Kuka-Dual-Arm/install/moveit_resources_pr2_description:/home/gustav/P5-Kuka-Dual-Arm/install/moveit_resources_panda_description:/home/gustav/P5-Kuka-Dual-Arm/install/moveit_resources_fanuc_description:/home/gustav/P5-Kuka-Dual-Arm/install/moveit_msgs:/home/gustav/P5-Kuka-Dual-Arm/install/moveit_common:/opt/ros/humble LD_LIBRARY_PATH=/home/gustav/P5-Kuka-Dual-Arm/install/moveit_ros_planning/lib:/home/gustav/P5-Kuka-Dual-Arm/install/moveit_ros_occupancy_map_monitor/lib:/home/gustav/P5-Kuka-Dual-Arm/install/moveit_core/lib:/home/gustav/P5-Kuka-Dual-Arm/install/parameter_traits/lib:/home/gustav/P5-Kuka-Dual-Arm/install/moveit_msgs/lib:${LD_LIBRARY_PATH} PATH=/home/gustav/P5-Kuka-Dual-Arm/install/moveit_core/bin:/home/gustav/P5-Kuka-Dual-Arm/install/generate_parameter_library_py/bin:${PATH} PYTHONPATH=/home/gustav/P5-Kuka-Dual-Arm/install/moveit_msgs/local/lib/python3.10/dist-packages:/home/gustav/P5-Kuka-Dual-Arm/install/moveit_configs_utils/lib/python3.10/site-packages:/home/gustav/P5-Kuka-Dual-Arm/install/generate_parameter_library_py/lib/python3.10/site-packages:${PYTHONPATH} /usr/bin/cmake /home/gustav/P5-Kuka-Dual-Arm/p5_ws/src/moveit2/moveit_kinematics -DCMAKE_INSTALL_PREFIX=/home/gustav/P5-Kuka-Dual-Arm/install/moveit_kinematics
[0.045s] -- Found moveit_common: 2.5.5 (/home/gustav/P5-Kuka-Dual-Arm/install/moveit_common/share/moveit_common/cmake)
[0.046s] -- Found ament_cmake: 1.3.10 (/opt/ros/humble/share/ament_cmake/cmake)
[0.303s] -- Found tf2_kdl: 0.25.8 (/opt/ros/humble/share/tf2_kdl/cmake)
[0.343s] -- Found rosidl_generator_c: 3.1.5 (/opt/ros/humble/share/rosidl_generator_c/cmake)
[0.347s] -- Found rosidl_adapter: 3.1.5 (/opt/ros/humble/share/rosidl_adapter/cmake)
[0.355s] -- Found rosidl_generator_cpp: 3.1.5 (/opt/ros/humble/share/rosidl_generator_cpp/cmake)
[0.371s] -- Using all available rosidl_typesupport_c: rosidl_typesupport_fastrtps_c;rosidl_typesupport_introspection_c
[0.390s] -- Using all available rosidl_typesupport_cpp: rosidl_typesupport_fastrtps_cpp;rosidl_typesupport_introspection_cpp
[0.451s] -- Found eigen3_cmake_module: 0.1.1 (/opt/ros/humble/share/eigen3_cmake_module/cmake)
[0.453s] -- Ensuring Eigen3 include directory is part of orocos-kdl CMake target
[0.532s] -- Found rmw_implementation_cmake: 6.1.2 (/opt/ros/humble/share/rmw_implementation_cmake/cmake)
[0.535s] -- Found rmw_fastrtps_cpp: 6.2.7 (/opt/ros/humble/share/rmw_fastrtps_cpp/cmake)
[0.673s] -- Using RMW implementation 'rmw_fastrtps_cpp' as default
[0.826s] -- Found kdl_parser: 2.6.4 (/opt/ros/humble/share/kdl_parser/cmake)
[0.829s] -- Found random_numbers: 2.0.1 (/opt/ros/humble/share/random_numbers/cmake)
[0.837s] -- Found pluginlib: 5.1.0 (/opt/ros/humble/share/pluginlib/cmake)
[0.856s] -- Found moveit_core: 2.5.5 (/home/gustav/P5-Kuka-Dual-Arm/install/moveit_core/share/moveit_core/cmake)
[0.876s] -- Found Boost: /usr/lib/x86_64-linux-gnu/cmake/Boost-1.74.0/BoostConfig.cmake (found version "1.74.0") found components: chrono date_time filesystem iostreams program_options regex serialization system thread 
[0.911s] -- Found parameter_traits: 0.3.7 (/home/gustav/P5-Kuka-Dual-Arm/install/parameter_traits/share/parameter_traits/cmake)
[0.923s] -- Found rclcpp_lifecycle: 16.0.10 (/opt/ros/humble/share/rclcpp_lifecycle/cmake)
[0.956s] -- Found Boost: /usr/lib/x86_64-linux-gnu/cmake/Boost-1.74.0/BoostConfig.cmake (found version "1.74.0") found components: filesystem 
[0.996s] -- library: /usr/lib/x86_64-linux-gnu/libcurl.so
[1.215s] -- Found moveit_ros_planning: 2.5.5 (/home/gustav/P5-Kuka-Dual-Arm/install/moveit_ros_planning/share/moveit_ros_planning/cmake)
[1.223s] -- Found Boost: /usr/lib/x86_64-linux-gnu/cmake/Boost-1.74.0/BoostConfig.cmake (found version "1.74.0") found components: system filesystem date_time program_options thread chrono 
[1.276s] -- Found Boost: /usr/lib/x86_64-linux-gnu/cmake/Boost-1.74.0/BoostConfig.cmake (found version "1.74.0") found components: program_options system 
[1.375s] -- Found ament_cmake_gtest: 1.3.10 (/opt/ros/humble/share/ament_cmake_gtest/cmake)
[1.375s] -- Found ros_testing: 0.4.0 (/opt/ros/humble/share/ros_testing/cmake)
[1.376s] -- Found launch_testing_ament_cmake: 1.0.6 (/opt/ros/humble/share/launch_testing_ament_cmake/cmake)
[1.378s] -- Found python_cmake_module: 0.10.0 (/opt/ros/humble/share/python_cmake_module/cmake)
[1.418s] -- Using PYTHON_EXECUTABLE: /usr/bin/python3
[1.418s] -- Using PYTHON_INCLUDE_DIRS: /usr/include/python3.10
[1.418s] -- Using PYTHON_LIBRARIES: /usr/lib/x86_64-linux-gnu/libpython3.10.so
[1.421s] -- Found moveit_resources_fanuc_description: 2.0.7 (/home/gustav/P5-Kuka-Dual-Arm/install/moveit_resources_fanuc_description/share/moveit_resources_fanuc_description/cmake)
[1.421s] -- Found moveit_resources_fanuc_moveit_config: 2.0.7 (/home/gustav/P5-Kuka-Dual-Arm/install/moveit_resources_fanuc_moveit_config/share/moveit_resources_fanuc_moveit_config/cmake)
[1.422s] -- Found moveit_resources_panda_description: 2.0.7 (/home/gustav/P5-Kuka-Dual-Arm/install/moveit_resources_panda_description/share/moveit_resources_panda_description/cmake)
[1.422s] -- Found moveit_resources_panda_moveit_config: 2.0.7 (/home/gustav/P5-Kuka-Dual-Arm/install/moveit_resources_panda_moveit_config/share/moveit_resources_panda_moveit_config/cmake)
[1.425s] -- Found gtest sources under '/opt/ros/humble/src/gtest_vendor': C++ tests using 'Google Test' will be built
[1.452s] -- Found ament_lint_auto: 0.12.11 (/opt/ros/humble/share/ament_lint_auto/cmake)
[1.460s] -- Found launch_testing_ament_cmake: 1.0.6 (/opt/ros/humble/share/launch_testing_ament_cmake/cmake)
[1.463s] -- Found python_cmake_module: 0.10.0 (/opt/ros/humble/share/python_cmake_module/cmake)
[1.518s] -- Using PYTHON_EXECUTABLE: /usr/bin/python3
[1.518s] -- Using PYTHON_INCLUDE_DIRS: /usr/include/python3.10
[1.519s] -- Using PYTHON_LIBRARIES: /usr/lib/x86_64-linux-gnu/libpython3.10.so
[1.586s] -- Added test 'cppcheck' to perform static code analysis on C / C++ code
[1.586s] -- Configured cppcheck include dirs: /home/gustav/P5-Kuka-Dual-Arm/p5_ws/src/moveit2/moveit_kinematics/kdl_kinematics_plugin/include;/home/gustav/P5-Kuka-Dual-Arm/p5_ws/src/moveit2/moveit_kinematics/lma_kinematics_plugin/include;/home/gustav/P5-Kuka-Dual-Arm/p5_ws/src/moveit2/moveit_kinematics/srv_kinematics_plugin/include;/home/gustav/P5-Kuka-Dual-Arm/p5_ws/src/moveit2/moveit_kinematics/cached_ik_kinematics_plugin/include
[1.586s] -- Configured cppcheck exclude dirs and/or files: 
[1.594s] -- Added test 'lint_cmake' to check CMake code style
[1.611s] -- Configuring done
[2.013s] -- Generating done
[2.022s] -- Build files have been written to: /home/gustav/P5-Kuka-Dual-Arm/build/moveit_kinematics
[2.072s] Invoked command in '/home/gustav/P5-Kuka-Dual-Arm/build/moveit_kinematics' returned '0': AMENT_PREFIX_PATH=/home/gustav/P5-Kuka-Dual-Arm/install/moveit_ros_planning:/home/gustav/P5-Kuka-Dual-Arm/install/moveit_ros_occupancy_map_monitor:/home/gustav/P5-Kuka-Dual-Arm/install/moveit_core:/home/gustav/P5-Kuka-Dual-Arm/install/moveit_resources_panda_moveit_config:/home/gustav/P5-Kuka-Dual-Arm/install/moveit_resources_fanuc_moveit_config:/home/gustav/P5-Kuka-Dual-Arm/install/generate_parameter_library:/home/gustav/P5-Kuka-Dual-Arm/install/parameter_traits:/home/gustav/P5-Kuka-Dual-Arm/install/moveit_resources_pr2_description:/home/gustav/P5-Kuka-Dual-Arm/install/moveit_resources_panda_description:/home/gustav/P5-Kuka-Dual-Arm/install/moveit_resources_fanuc_description:/home/gustav/P5-Kuka-Dual-Arm/install/moveit_msgs:/home/gustav/P5-Kuka-Dual-Arm/install/moveit_configs_utils:/home/gustav/P5-Kuka-Dual-Arm/install/moveit_common:/home/gustav/P5-Kuka-Dual-Arm/install/generate_parameter_library_py:${AMENT_PREFIX_PATH} CMAKE_PREFIX_PATH=/home/gustav/P5-Kuka-Dual-Arm/install/moveit_ros_planning:/home/gustav/P5-Kuka-Dual-Arm/install/moveit_ros_occupancy_map_monitor:/home/gustav/P5-Kuka-Dual-Arm/install/moveit_core:/home/gustav/P5-Kuka-Dual-Arm/install/moveit_resources_panda_moveit_config:/home/gustav/P5-Kuka-Dual-Arm/install/moveit_resources_fanuc_moveit_config:/home/gustav/P5-Kuka-Dual-Arm/install/generate_parameter_library:/home/gustav/P5-Kuka-Dual-Arm/install/parameter_traits:/home/gustav/P5-Kuka-Dual-Arm/install/moveit_resources_pr2_description:/home/gustav/P5-Kuka-Dual-Arm/install/moveit_resources_panda_description:/home/gustav/P5-Kuka-Dual-Arm/install/moveit_resources_fanuc_description:/home/gustav/P5-Kuka-Dual-Arm/install/moveit_msgs:/home/gustav/P5-Kuka-Dual-Arm/install/moveit_common:/opt/ros/humble LD_LIBRARY_PATH=/home/gustav/P5-Kuka-Dual-Arm/install/moveit_ros_planning/lib:/home/gustav/P5-Kuka-Dual-Arm/install/moveit_ros_occupancy_map_monitor/lib:/home/gustav/P5-Kuka-Dual-Arm/install/moveit_core/lib:/home/gustav/P5-Kuka-Dual-Arm/install/parameter_traits/lib:/home/gustav/P5-Kuka-Dual-Arm/install/moveit_msgs/lib:${LD_LIBRARY_PATH} PATH=/home/gustav/P5-Kuka-Dual-Arm/install/moveit_core/bin:/home/gustav/P5-Kuka-Dual-Arm/install/generate_parameter_library_py/bin:${PATH} PYTHONPATH=/home/gustav/P5-Kuka-Dual-Arm/install/moveit_msgs/local/lib/python3.10/dist-packages:/home/gustav/P5-Kuka-Dual-Arm/install/moveit_configs_utils/lib/python3.10/site-packages:/home/gustav/P5-Kuka-Dual-Arm/install/generate_parameter_library_py/lib/python3.10/site-packages:${PYTHONPATH} /usr/bin/cmake /home/gustav/P5-Kuka-Dual-Arm/p5_ws/src/moveit2/moveit_kinematics -DCMAKE_INSTALL_PREFIX=/home/gustav/P5-Kuka-Dual-Arm/install/moveit_kinematics
[2.073s] Invoking command in '/home/gustav/P5-Kuka-Dual-Arm/build/moveit_kinematics': AMENT_PREFIX_PATH=/home/gustav/P5-Kuka-Dual-Arm/install/moveit_ros_planning:/home/gustav/P5-Kuka-Dual-Arm/install/moveit_ros_occupancy_map_monitor:/home/gustav/P5-Kuka-Dual-Arm/install/moveit_core:/home/gustav/P5-Kuka-Dual-Arm/install/moveit_resources_panda_moveit_config:/home/gustav/P5-Kuka-Dual-Arm/install/moveit_resources_fanuc_moveit_config:/home/gustav/P5-Kuka-Dual-Arm/install/generate_parameter_library:/home/gustav/P5-Kuka-Dual-Arm/install/parameter_traits:/home/gustav/P5-Kuka-Dual-Arm/install/moveit_resources_pr2_description:/home/gustav/P5-Kuka-Dual-Arm/install/moveit_resources_panda_description:/home/gustav/P5-Kuka-Dual-Arm/install/moveit_resources_fanuc_description:/home/gustav/P5-Kuka-Dual-Arm/install/moveit_msgs:/home/gustav/P5-Kuka-Dual-Arm/install/moveit_configs_utils:/home/gustav/P5-Kuka-Dual-Arm/install/moveit_common:/home/gustav/P5-Kuka-Dual-Arm/install/generate_parameter_library_py:${AMENT_PREFIX_PATH} CMAKE_PREFIX_PATH=/home/gustav/P5-Kuka-Dual-Arm/install/moveit_ros_planning:/home/gustav/P5-Kuka-Dual-Arm/install/moveit_ros_occupancy_map_monitor:/home/gustav/P5-Kuka-Dual-Arm/install/moveit_core:/home/gustav/P5-Kuka-Dual-Arm/install/moveit_resources_panda_moveit_config:/home/gustav/P5-Kuka-Dual-Arm/install/moveit_resources_fanuc_moveit_config:/home/gustav/P5-Kuka-Dual-Arm/install/generate_parameter_library:/home/gustav/P5-Kuka-Dual-Arm/install/parameter_traits:/home/gustav/P5-Kuka-Dual-Arm/install/moveit_resources_pr2_description:/home/gustav/P5-Kuka-Dual-Arm/install/moveit_resources_panda_description:/home/gustav/P5-Kuka-Dual-Arm/install/moveit_resources_fanuc_description:/home/gustav/P5-Kuka-Dual-Arm/install/moveit_msgs:/home/gustav/P5-Kuka-Dual-Arm/install/moveit_common:/opt/ros/humble LD_LIBRARY_PATH=/home/gustav/P5-Kuka-Dual-Arm/install/moveit_ros_planning/lib:/home/gustav/P5-Kuka-Dual-Arm/install/moveit_ros_occupancy_map_monitor/lib:/home/gustav/P5-Kuka-Dual-Arm/install/moveit_core/lib:/home/gustav/P5-Kuka-Dual-Arm/install/parameter_traits/lib:/home/gustav/P5-Kuka-Dual-Arm/install/moveit_msgs/lib:${LD_LIBRARY_PATH} PATH=/home/gustav/P5-Kuka-Dual-Arm/install/moveit_core/bin:/home/gustav/P5-Kuka-Dual-Arm/install/generate_parameter_library_py/bin:${PATH} PYTHONPATH=/home/gustav/P5-Kuka-Dual-Arm/install/moveit_msgs/local/lib/python3.10/dist-packages:/home/gustav/P5-Kuka-Dual-Arm/install/moveit_configs_utils/lib/python3.10/site-packages:/home/gustav/P5-Kuka-Dual-Arm/install/generate_parameter_library_py/lib/python3.10/site-packages:${PYTHONPATH} /usr/bin/cmake --build /home/gustav/P5-Kuka-Dual-Arm/build/moveit_kinematics -- -j8 -l8
[2.157s] [35m[1mConsolidate compiler generated dependencies of target moveit_cached_ik_kinematics_base[0m
[2.167s] [35m[1mConsolidate compiler generated dependencies of target moveit_kdl_kinematics_plugin[0m
[2.167s] [35m[1mConsolidate compiler generated dependencies of target gtest_main[0m
[2.168s] [35m[1mConsolidate compiler generated dependencies of target moveit_lma_kinematics_plugin[0m
[2.174s] [35m[1mConsolidate compiler generated dependencies of target moveit_srv_kinematics_plugin[0m
[2.178s] [35m[1mConsolidate compiler generated dependencies of target benchmark_ik[0m
[2.178s] [35m[1mConsolidate compiler generated dependencies of target gtest[0m
[2.203s] [ 10%] Built target gtest_main
[2.207s] [ 15%] [32m[1mLinking CXX shared library libmoveit_cached_ik_kinematics_base.so[0m
[2.214s] [ 31%] [32m[1mLinking CXX shared library libmoveit_kdl_kinematics_plugin.so[0m
[2.219s] [ 36%] [32m[1mLinking CXX executable benchmark_ik[0m
[2.219s] [ 31%] Built target gtest
[2.223s] [ 42%] [32m[1mLinking CXX shared library libmoveit_lma_kinematics_plugin.so[0m
[2.230s] [ 47%] [32m[1mLinking CXX shared library libmoveit_srv_kinematics_plugin.so[0m
[2.772s] [ 52%] Built target moveit_cached_ik_kinematics_base
[2.844s] [ 63%] Built target moveit_kdl_kinematics_plugin
[2.870s] [35m[1mConsolidate compiler generated dependencies of target test_kinematics_plugin[0m
[2.913s] [ 68%] [32m[1mLinking CXX executable test_kinematics_plugin[0m
[2.918s] [ 73%] Built target moveit_srv_kinematics_plugin
[2.927s] [ 78%] Built target moveit_lma_kinematics_plugin
[2.941s] [35m[1mConsolidate compiler generated dependencies of target moveit_cached_ik_kinematics_plugin[0m
[2.982s] [ 84%] [32m[1mLinking CXX shared library libmoveit_cached_ik_kinematics_plugin.so[0m
[3.215s] [ 89%] Built target benchmark_ik
[3.540s] [ 94%] Built target moveit_cached_ik_kinematics_plugin
[3.986s] [100%] Built target test_kinematics_plugin
[4.042s] Invoked command in '/home/gustav/P5-Kuka-Dual-Arm/build/moveit_kinematics' returned '0': AMENT_PREFIX_PATH=/home/gustav/P5-Kuka-Dual-Arm/install/moveit_ros_planning:/home/gustav/P5-Kuka-Dual-Arm/install/moveit_ros_occupancy_map_monitor:/home/gustav/P5-Kuka-Dual-Arm/install/moveit_core:/home/gustav/P5-Kuka-Dual-Arm/install/moveit_resources_panda_moveit_config:/home/gustav/P5-Kuka-Dual-Arm/install/moveit_resources_fanuc_moveit_config:/home/gustav/P5-Kuka-Dual-Arm/install/generate_parameter_library:/home/gustav/P5-Kuka-Dual-Arm/install/parameter_traits:/home/gustav/P5-Kuka-Dual-Arm/install/moveit_resources_pr2_description:/home/gustav/P5-Kuka-Dual-Arm/install/moveit_resources_panda_description:/home/gustav/P5-Kuka-Dual-Arm/install/moveit_resources_fanuc_description:/home/gustav/P5-Kuka-Dual-Arm/install/moveit_msgs:/home/gustav/P5-Kuka-Dual-Arm/install/moveit_configs_utils:/home/gustav/P5-Kuka-Dual-Arm/install/moveit_common:/home/gustav/P5-Kuka-Dual-Arm/install/generate_parameter_library_py:${AMENT_PREFIX_PATH} CMAKE_PREFIX_PATH=/home/gustav/P5-Kuka-Dual-Arm/install/moveit_ros_planning:/home/gustav/P5-Kuka-Dual-Arm/install/moveit_ros_occupancy_map_monitor:/home/gustav/P5-Kuka-Dual-Arm/install/moveit_core:/home/gustav/P5-Kuka-Dual-Arm/install/moveit_resources_panda_moveit_config:/home/gustav/P5-Kuka-Dual-Arm/install/moveit_resources_fanuc_moveit_config:/home/gustav/P5-Kuka-Dual-Arm/install/generate_parameter_library:/home/gustav/P5-Kuka-Dual-Arm/install/parameter_traits:/home/gustav/P5-Kuka-Dual-Arm/install/moveit_resources_pr2_description:/home/gustav/P5-Kuka-Dual-Arm/install/moveit_resources_panda_description:/home/gustav/P5-Kuka-Dual-Arm/install/moveit_resources_fanuc_description:/home/gustav/P5-Kuka-Dual-Arm/install/moveit_msgs:/home/gustav/P5-Kuka-Dual-Arm/install/moveit_common:/opt/ros/humble LD_LIBRARY_PATH=/home/gustav/P5-Kuka-Dual-Arm/install/moveit_ros_planning/lib:/home/gustav/P5-Kuka-Dual-Arm/install/moveit_ros_occupancy_map_monitor/lib:/home/gustav/P5-Kuka-Dual-Arm/install/moveit_core/lib:/home/gustav/P5-Kuka-Dual-Arm/install/parameter_traits/lib:/home/gustav/P5-Kuka-Dual-Arm/install/moveit_msgs/lib:${LD_LIBRARY_PATH} PATH=/home/gustav/P5-Kuka-Dual-Arm/install/moveit_core/bin:/home/gustav/P5-Kuka-Dual-Arm/install/generate_parameter_library_py/bin:${PATH} PYTHONPATH=/home/gustav/P5-Kuka-Dual-Arm/install/moveit_msgs/local/lib/python3.10/dist-packages:/home/gustav/P5-Kuka-Dual-Arm/install/moveit_configs_utils/lib/python3.10/site-packages:/home/gustav/P5-Kuka-Dual-Arm/install/generate_parameter_library_py/lib/python3.10/site-packages:${PYTHONPATH} /usr/bin/cmake --build /home/gustav/P5-Kuka-Dual-Arm/build/moveit_kinematics -- -j8 -l8
[4.175s] Invoking command in '/home/gustav/P5-Kuka-Dual-Arm/build/moveit_kinematics': AMENT_PREFIX_PATH=/home/gustav/P5-Kuka-Dual-Arm/install/moveit_ros_planning:/home/gustav/P5-Kuka-Dual-Arm/install/moveit_ros_occupancy_map_monitor:/home/gustav/P5-Kuka-Dual-Arm/install/moveit_core:/home/gustav/P5-Kuka-Dual-Arm/install/moveit_resources_panda_moveit_config:/home/gustav/P5-Kuka-Dual-Arm/install/moveit_resources_fanuc_moveit_config:/home/gustav/P5-Kuka-Dual-Arm/install/generate_parameter_library:/home/gustav/P5-Kuka-Dual-Arm/install/parameter_traits:/home/gustav/P5-Kuka-Dual-Arm/install/moveit_resources_pr2_description:/home/gustav/P5-Kuka-Dual-Arm/install/moveit_resources_panda_description:/home/gustav/P5-Kuka-Dual-Arm/install/moveit_resources_fanuc_description:/home/gustav/P5-Kuka-Dual-Arm/install/moveit_msgs:/home/gustav/P5-Kuka-Dual-Arm/install/moveit_configs_utils:/home/gustav/P5-Kuka-Dual-Arm/install/moveit_common:/home/gustav/P5-Kuka-Dual-Arm/install/generate_parameter_library_py:${AMENT_PREFIX_PATH} CMAKE_PREFIX_PATH=/home/gustav/P5-Kuka-Dual-Arm/install/moveit_ros_planning:/home/gustav/P5-Kuka-Dual-Arm/install/moveit_ros_occupancy_map_monitor:/home/gustav/P5-Kuka-Dual-Arm/install/moveit_core:/home/gustav/P5-Kuka-Dual-Arm/install/moveit_resources_panda_moveit_config:/home/gustav/P5-Kuka-Dual-Arm/install/moveit_resources_fanuc_moveit_config:/home/gustav/P5-Kuka-Dual-Arm/install/generate_parameter_library:/home/gustav/P5-Kuka-Dual-Arm/install/parameter_traits:/home/gustav/P5-Kuka-Dual-Arm/install/moveit_resources_pr2_description:/home/gustav/P5-Kuka-Dual-Arm/install/moveit_resources_panda_description:/home/gustav/P5-Kuka-Dual-Arm/install/moveit_resources_fanuc_description:/home/gustav/P5-Kuka-Dual-Arm/install/moveit_msgs:/home/gustav/P5-Kuka-Dual-Arm/install/moveit_common:/opt/ros/humble LD_LIBRARY_PATH=/home/gustav/P5-Kuka-Dual-Arm/install/moveit_ros_planning/lib:/home/gustav/P5-Kuka-Dual-Arm/install/moveit_ros_occupancy_map_monitor/lib:/home/gustav/P5-Kuka-Dual-Arm/install/moveit_core/lib:/home/gustav/P5-Kuka-Dual-Arm/install/parameter_traits/lib:/home/gustav/P5-Kuka-Dual-Arm/install/moveit_msgs/lib:${LD_LIBRARY_PATH} PATH=/home/gustav/P5-Kuka-Dual-Arm/install/moveit_core/bin:/home/gustav/P5-Kuka-Dual-Arm/install/generate_parameter_library_py/bin:${PATH} PYTHONPATH=/home/gustav/P5-Kuka-Dual-Arm/install/moveit_msgs/local/lib/python3.10/dist-packages:/home/gustav/P5-Kuka-Dual-Arm/install/moveit_configs_utils/lib/python3.10/site-packages:/home/gustav/P5-Kuka-Dual-Arm/install/generate_parameter_library_py/lib/python3.10/site-packages:${PYTHONPATH} /usr/bin/cmake --install /home/gustav/P5-Kuka-Dual-Arm/build/moveit_kinematics
[4.217s] -- Install configuration: "Release"
[4.218s] -- Up-to-date: /home/gustav/P5-Kuka-Dual-Arm/install/moveit_kinematics/share/moveit_kinematics/kdl_kinematics_plugin_description.xml
[4.218s] -- Up-to-date: /home/gustav/P5-Kuka-Dual-Arm/install/moveit_kinematics/share/moveit_kinematics/lma_kinematics_plugin_description.xml
[4.218s] -- Up-to-date: /home/gustav/P5-Kuka-Dual-Arm/install/moveit_kinematics/share/moveit_kinematics/srv_kinematics_plugin_description.xml
[4.218s] -- Up-to-date: /home/gustav/P5-Kuka-Dual-Arm/install/moveit_kinematics/share/moveit_kinematics/cached_ik_kinematics_plugin_description.xml
[4.218s] -- Up-to-date: /home/gustav/P5-Kuka-Dual-Arm/install/moveit_kinematics/include
[4.219s] -- Up-to-date: /home/gustav/P5-Kuka-Dual-Arm/install/moveit_kinematics/include/moveit
[4.219s] -- Up-to-date: /home/gustav/P5-Kuka-Dual-Arm/install/moveit_kinematics/include/moveit/cached_ik_kinematics_plugin
[4.219s] -- Up-to-date: /home/gustav/P5-Kuka-Dual-Arm/install/moveit_kinematics/include/moveit/cached_ik_kinematics_plugin/cached_ik_kinematics_plugin-inl.h
[4.219s] -- Up-to-date: /home/gustav/P5-Kuka-Dual-Arm/install/moveit_kinematics/include/moveit/cached_ik_kinematics_plugin/cached_ik_kinematics_plugin.h
[4.219s] -- Up-to-date: /home/gustav/P5-Kuka-Dual-Arm/install/moveit_kinematics/include/moveit/cached_ik_kinematics_plugin/detail
[4.219s] -- Up-to-date: /home/gustav/P5-Kuka-Dual-Arm/install/moveit_kinematics/include/moveit/cached_ik_kinematics_plugin/detail/NearestNeighbors.h
[4.220s] -- Up-to-date: /home/gustav/P5-Kuka-Dual-Arm/install/moveit_kinematics/include/moveit/cached_ik_kinematics_plugin/detail/NearestNeighborsGNAT.h
[4.220s] -- Up-to-date: /home/gustav/P5-Kuka-Dual-Arm/install/moveit_kinematics/include/moveit/cached_ik_kinematics_plugin/detail/GreedyKCenters.h
[4.220s] -- Up-to-date: /home/gustav/P5-Kuka-Dual-Arm/install/moveit_kinematics/share/moveit_kinematics/launch
[4.220s] -- Up-to-date: /home/gustav/P5-Kuka-Dual-Arm/install/moveit_kinematics/share/moveit_kinematics/launch/measure_ik_call_cost.launch
[4.220s] -- Up-to-date: /home/gustav/P5-Kuka-Dual-Arm/install/moveit_kinematics/lib/moveit_kinematics/auto_create_ikfast_moveit_plugin.sh
[4.220s] -- Up-to-date: /home/gustav/P5-Kuka-Dual-Arm/install/moveit_kinematics/lib/moveit_kinematics/create_ikfast_moveit_plugin.py
[4.228s] -- Up-to-date: /home/gustav/P5-Kuka-Dual-Arm/install/moveit_kinematics/lib/moveit_kinematics/round_collada_numbers.py
[4.228s] -- Up-to-date: /home/gustav/P5-Kuka-Dual-Arm/install/moveit_kinematics/share/moveit_kinematics/ikfast_kinematics_plugin/templates
[4.229s] -- Up-to-date: /home/gustav/P5-Kuka-Dual-Arm/install/moveit_kinematics/share/moveit_kinematics/ikfast_kinematics_plugin/templates/ikfast61_moveit_plugin_template.cpp
[4.229s] -- Up-to-date: /home/gustav/P5-Kuka-Dual-Arm/install/moveit_kinematics/share/moveit_kinematics/ikfast_kinematics_plugin/templates/ikfast.h
[4.229s] -- Up-to-date: /home/gustav/P5-Kuka-Dual-Arm/install/moveit_kinematics/share/moveit_kinematics/ikfast_kinematics_plugin/templates/CMakeLists.txt
[4.229s] -- Up-to-date: /home/gustav/P5-Kuka-Dual-Arm/install/moveit_kinematics/include
[4.229s] -- Up-to-date: /home/gustav/P5-Kuka-Dual-Arm/install/moveit_kinematics/include/moveit
[4.229s] -- Up-to-date: /home/gustav/P5-Kuka-Dual-Arm/install/moveit_kinematics/include/moveit/kdl_kinematics_plugin
[4.230s] -- Up-to-date: /home/gustav/P5-Kuka-Dual-Arm/install/moveit_kinematics/include/moveit/kdl_kinematics_plugin/chainiksolver_vel_mimic_svd.hpp
[4.230s] -- Up-to-date: /home/gustav/P5-Kuka-Dual-Arm/install/moveit_kinematics/include/moveit/kdl_kinematics_plugin/kdl_kinematics_plugin.h
[4.230s] -- Up-to-date: /home/gustav/P5-Kuka-Dual-Arm/install/moveit_kinematics/include/moveit/kdl_kinematics_plugin/joint_mimic.hpp
[4.230s] -- Up-to-date: /home/gustav/P5-Kuka-Dual-Arm/install/moveit_kinematics/include
[4.230s] -- Up-to-date: /home/gustav/P5-Kuka-Dual-Arm/install/moveit_kinematics/include/moveit
[4.230s] -- Up-to-date: /home/gustav/P5-Kuka-Dual-Arm/install/moveit_kinematics/include/moveit/lma_kinematics_plugin
[4.231s] -- Up-to-date: /home/gustav/P5-Kuka-Dual-Arm/install/moveit_kinematics/include/moveit/lma_kinematics_plugin/lma_kinematics_plugin.h
[4.231s] -- Up-to-date: /home/gustav/P5-Kuka-Dual-Arm/install/moveit_kinematics/include
[4.231s] -- Up-to-date: /home/gustav/P5-Kuka-Dual-Arm/install/moveit_kinematics/include/moveit
[4.231s] -- Up-to-date: /home/gustav/P5-Kuka-Dual-Arm/install/moveit_kinematics/include/moveit/srv_kinematics_plugin
[4.231s] -- Up-to-date: /home/gustav/P5-Kuka-Dual-Arm/install/moveit_kinematics/include/moveit/srv_kinematics_plugin/srv_kinematics_plugin.h
[4.231s] -- Up-to-date: /home/gustav/P5-Kuka-Dual-Arm/install/moveit_kinematics/share/moveit_kinematics/config
[4.231s] -- Up-to-date: /home/gustav/P5-Kuka-Dual-Arm/install/moveit_kinematics/share/moveit_kinematics/config/fanuc-lma-singular-test.yaml
[4.232s] -- Up-to-date: /home/gustav/P5-Kuka-Dual-Arm/install/moveit_kinematics/share/moveit_kinematics/config/panda-lma-test.yaml
[4.242s] -- Up-to-date: /home/gustav/P5-Kuka-Dual-Arm/install/moveit_kinematics/share/moveit_kinematics/config/fanuc-kdl-test.yaml
[4.242s] -- Up-to-date: /home/gustav/P5-Kuka-Dual-Arm/install/moveit_kinematics/share/moveit_kinematics/config/fanuc-lma-test.yaml
[4.242s] -- Up-to-date: /home/gustav/P5-Kuka-Dual-Arm/install/moveit_kinematics/share/moveit_kinematics/config/fanuc-kdl-singular-test.yaml
[4.243s] -- Up-to-date: /home/gustav/P5-Kuka-Dual-Arm/install/moveit_kinematics/share/moveit_kinematics/config/panda-kdl-singular-test.yaml
[4.243s] -- Up-to-date: /home/gustav/P5-Kuka-Dual-Arm/install/moveit_kinematics/share/moveit_kinematics/config/panda-lma-singular-test.yaml
[4.243s] -- Up-to-date: /home/gustav/P5-Kuka-Dual-Arm/install/moveit_kinematics/share/moveit_kinematics/config/panda-kdl-test.yaml
[4.243s] -- Up-to-date: /home/gustav/P5-Kuka-Dual-Arm/install/moveit_kinematics/share/moveit_kinematics/launch
[4.243s] -- Up-to-date: /home/gustav/P5-Kuka-Dual-Arm/install/moveit_kinematics/share/moveit_kinematics/launch/fanuc-kdl-singular.test.py
[4.243s] -- Up-to-date: /home/gustav/P5-Kuka-Dual-Arm/install/moveit_kinematics/share/moveit_kinematics/launch/fanuc-lma-singular.test.py
[4.244s] -- Up-to-date: /home/gustav/P5-Kuka-Dual-Arm/install/moveit_kinematics/share/moveit_kinematics/launch/fanuc-kdl.test.py
[4.244s] -- Up-to-date: /home/gustav/P5-Kuka-Dual-Arm/install/moveit_kinematics/share/moveit_kinematics/launch/panda-lma.test.py
[4.244s] -- Up-to-date: /home/gustav/P5-Kuka-Dual-Arm/install/moveit_kinematics/share/moveit_kinematics/launch/fanuc-lma.test.py
[4.244s] -- Up-to-date: /home/gustav/P5-Kuka-Dual-Arm/install/moveit_kinematics/share/moveit_kinematics/launch/panda-lma-singular.test.py
[4.244s] -- Up-to-date: /home/gustav/P5-Kuka-Dual-Arm/install/moveit_kinematics/share/moveit_kinematics/launch/panda-kdl.test.py
[4.244s] -- Up-to-date: /home/gustav/P5-Kuka-Dual-Arm/install/moveit_kinematics/share/moveit_kinematics/launch/panda-kdl-singular.test.py
[4.244s] -- Installing: /home/gustav/P5-Kuka-Dual-Arm/install/moveit_kinematics/lib/moveit_kinematics/benchmark_ik
[4.249s] -- Set runtime path of "/home/gustav/P5-Kuka-Dual-Arm/install/moveit_kinematics/lib/moveit_kinematics/benchmark_ik" to ""
[4.250s] -- Installing: /home/gustav/P5-Kuka-Dual-Arm/install/moveit_kinematics/lib/moveit_kinematics/test_kinematics_plugin
[4.250s] -- Set runtime path of "/home/gustav/P5-Kuka-Dual-Arm/install/moveit_kinematics/lib/moveit_kinematics/test_kinematics_plugin" to ""
[4.253s] -- Installing: /home/gustav/P5-Kuka-Dual-Arm/install/moveit_kinematics/lib/libmoveit_cached_ik_kinematics_base.so.2.5.5
[4.253s] -- Set runtime path of "/home/gustav/P5-Kuka-Dual-Arm/install/moveit_kinematics/lib/libmoveit_cached_ik_kinematics_base.so.2.5.5" to ""
[4.254s] -- Up-to-date: /home/gustav/P5-Kuka-Dual-Arm/install/moveit_kinematics/lib/libmoveit_cached_ik_kinematics_base.so
[4.255s] -- Installing: /home/gustav/P5-Kuka-Dual-Arm/install/moveit_kinematics/lib/libmoveit_cached_ik_kinematics_plugin.so.2.5.5
[4.260s] -- Set runtime path of "/home/gustav/P5-Kuka-Dual-Arm/install/moveit_kinematics/lib/libmoveit_cached_ik_kinematics_plugin.so.2.5.5" to ""
[4.260s] -- Up-to-date: /home/gustav/P5-Kuka-Dual-Arm/install/moveit_kinematics/lib/libmoveit_cached_ik_kinematics_plugin.so
[4.263s] -- Installing: /home/gustav/P5-Kuka-Dual-Arm/install/moveit_kinematics/lib/libmoveit_kdl_kinematics_plugin.so
[4.268s] -- Set runtime path of "/home/gustav/P5-Kuka-Dual-Arm/install/moveit_kinematics/lib/libmoveit_kdl_kinematics_plugin.so" to ""
[4.271s] -- Installing: /home/gustav/P5-Kuka-Dual-Arm/install/moveit_kinematics/lib/libmoveit_lma_kinematics_plugin.so.2.5.5
[4.271s] -- Set runtime path of "/home/gustav/P5-Kuka-Dual-Arm/install/moveit_kinematics/lib/libmoveit_lma_kinematics_plugin.so.2.5.5" to ""
[4.271s] -- Up-to-date: /home/gustav/P5-Kuka-Dual-Arm/install/moveit_kinematics/lib/libmoveit_lma_kinematics_plugin.so
[4.277s] -- Installing: /home/gustav/P5-Kuka-Dual-Arm/install/moveit_kinematics/lib/libmoveit_srv_kinematics_plugin.so.2.5.5
[4.277s] -- Set runtime path of "/home/gustav/P5-Kuka-Dual-Arm/install/moveit_kinematics/lib/libmoveit_srv_kinematics_plugin.so.2.5.5" to ""
[4.278s] -- Up-to-date: /home/gustav/P5-Kuka-Dual-Arm/install/moveit_kinematics/lib/libmoveit_srv_kinematics_plugin.so
[4.278s] -- Up-to-date: /home/gustav/P5-Kuka-Dual-Arm/install/moveit_kinematics/share/moveit_kinematics/environment/library_path.sh
[4.279s] -- Installing: /home/gustav/P5-Kuka-Dual-Arm/install/moveit_kinematics/share/moveit_kinematics/environment/library_path.dsv
[4.280s] -- Up-to-date: /home/gustav/P5-Kuka-Dual-Arm/install/moveit_kinematics/share/ament_index/resource_index/package_run_dependencies/moveit_kinematics
[4.281s] -- Installing: /home/gustav/P5-Kuka-Dual-Arm/install/moveit_kinematics/share/ament_index/resource_index/parent_prefix_path/moveit_kinematics
[4.287s] -- Up-to-date: /home/gustav/P5-Kuka-Dual-Arm/install/moveit_kinematics/share/moveit_kinematics/environment/ament_prefix_path.sh
[4.288s] -- Installing: /home/gustav/P5-Kuka-Dual-Arm/install/moveit_kinematics/share/moveit_kinematics/environment/ament_prefix_path.dsv
[4.288s] -- Up-to-date: /home/gustav/P5-Kuka-Dual-Arm/install/moveit_kinematics/share/moveit_kinematics/environment/path.sh
[4.288s] -- Installing: /home/gustav/P5-Kuka-Dual-Arm/install/moveit_kinematics/share/moveit_kinematics/environment/path.dsv
[4.288s] -- Up-to-date: /home/gustav/P5-Kuka-Dual-Arm/install/moveit_kinematics/share/moveit_kinematics/local_setup.bash
[4.288s] -- Up-to-date: /home/gustav/P5-Kuka-Dual-Arm/install/moveit_kinematics/share/moveit_kinematics/local_setup.sh
[4.289s] -- Up-to-date: /home/gustav/P5-Kuka-Dual-Arm/install/moveit_kinematics/share/moveit_kinematics/local_setup.zsh
[4.289s] -- Installing: /home/gustav/P5-Kuka-Dual-Arm/install/moveit_kinematics/share/moveit_kinematics/local_setup.dsv
[4.295s] -- Installing: /home/gustav/P5-Kuka-Dual-Arm/install/moveit_kinematics/share/moveit_kinematics/package.dsv
[4.295s] -- Up-to-date: /home/gustav/P5-Kuka-Dual-Arm/install/moveit_kinematics/share/ament_index/resource_index/packages/moveit_kinematics
[4.295s] -- Up-to-date: /home/gustav/P5-Kuka-Dual-Arm/install/moveit_kinematics/share/ament_index/resource_index/moveit_core__pluginlib__plugin/moveit_kinematics
[4.296s] -- Up-to-date: /home/gustav/P5-Kuka-Dual-Arm/install/moveit_kinematics/share/moveit_kinematics/cmake/export_moveit_kinematicsExport.cmake
[4.296s] -- Up-to-date: /home/gustav/P5-Kuka-Dual-Arm/install/moveit_kinematics/share/moveit_kinematics/cmake/export_moveit_kinematicsExport-release.cmake
[4.298s] -- Up-to-date: /home/gustav/P5-Kuka-Dual-Arm/install/moveit_kinematics/share/moveit_kinematics/cmake/ConfigExtras.cmake
[4.298s] -- Up-to-date: /home/gustav/P5-Kuka-Dual-Arm/install/moveit_kinematics/share/moveit_kinematics/cmake/ament_cmake_export_targets-extras.cmake
[4.299s] -- Up-to-date: /home/gustav/P5-Kuka-Dual-Arm/install/moveit_kinematics/share/moveit_kinematics/cmake/ament_cmake_export_dependencies-extras.cmake
[4.299s] -- Up-to-date: /home/gustav/P5-Kuka-Dual-Arm/install/moveit_kinematics/share/moveit_kinematics/cmake/moveit_kinematicsConfig.cmake
[4.299s] -- Up-to-date: /home/gustav/P5-Kuka-Dual-Arm/install/moveit_kinematics/share/moveit_kinematics/cmake/moveit_kinematicsConfig-version.cmake
[4.299s] -- Up-to-date: /home/gustav/P5-Kuka-Dual-Arm/install/moveit_kinematics/share/moveit_kinematics/package.xml
[4.316s] Invoked command in '/home/gustav/P5-Kuka-Dual-Arm/build/moveit_kinematics' returned '0': AMENT_PREFIX_PATH=/home/gustav/P5-Kuka-Dual-Arm/install/moveit_ros_planning:/home/gustav/P5-Kuka-Dual-Arm/install/moveit_ros_occupancy_map_monitor:/home/gustav/P5-Kuka-Dual-Arm/install/moveit_core:/home/gustav/P5-Kuka-Dual-Arm/install/moveit_resources_panda_moveit_config:/home/gustav/P5-Kuka-Dual-Arm/install/moveit_resources_fanuc_moveit_config:/home/gustav/P5-Kuka-Dual-Arm/install/generate_parameter_library:/home/gustav/P5-Kuka-Dual-Arm/install/parameter_traits:/home/gustav/P5-Kuka-Dual-Arm/install/moveit_resources_pr2_description:/home/gustav/P5-Kuka-Dual-Arm/install/moveit_resources_panda_description:/home/gustav/P5-Kuka-Dual-Arm/install/moveit_resources_fanuc_description:/home/gustav/P5-Kuka-Dual-Arm/install/moveit_msgs:/home/gustav/P5-Kuka-Dual-Arm/install/moveit_configs_utils:/home/gustav/P5-Kuka-Dual-Arm/install/moveit_common:/home/gustav/P5-Kuka-Dual-Arm/install/generate_parameter_library_py:${AMENT_PREFIX_PATH} CMAKE_PREFIX_PATH=/home/gustav/P5-Kuka-Dual-Arm/install/moveit_ros_planning:/home/gustav/P5-Kuka-Dual-Arm/install/moveit_ros_occupancy_map_monitor:/home/gustav/P5-Kuka-Dual-Arm/install/moveit_core:/home/gustav/P5-Kuka-Dual-Arm/install/moveit_resources_panda_moveit_config:/home/gustav/P5-Kuka-Dual-Arm/install/moveit_resources_fanuc_moveit_config:/home/gustav/P5-Kuka-Dual-Arm/install/generate_parameter_library:/home/gustav/P5-Kuka-Dual-Arm/install/parameter_traits:/home/gustav/P5-Kuka-Dual-Arm/install/moveit_resources_pr2_description:/home/gustav/P5-Kuka-Dual-Arm/install/moveit_resources_panda_description:/home/gustav/P5-Kuka-Dual-Arm/install/moveit_resources_fanuc_description:/home/gustav/P5-Kuka-Dual-Arm/install/moveit_msgs:/home/gustav/P5-Kuka-Dual-Arm/install/moveit_common:/opt/ros/humble LD_LIBRARY_PATH=/home/gustav/P5-Kuka-Dual-Arm/install/moveit_ros_planning/lib:/home/gustav/P5-Kuka-Dual-Arm/install/moveit_ros_occupancy_map_monitor/lib:/home/gustav/P5-Kuka-Dual-Arm/install/moveit_core/lib:/home/gustav/P5-Kuka-Dual-Arm/install/parameter_traits/lib:/home/gustav/P5-Kuka-Dual-Arm/install/moveit_msgs/lib:${LD_LIBRARY_PATH} PATH=/home/gustav/P5-Kuka-Dual-Arm/install/moveit_core/bin:/home/gustav/P5-Kuka-Dual-Arm/install/generate_parameter_library_py/bin:${PATH} PYTHONPATH=/home/gustav/P5-Kuka-Dual-Arm/install/moveit_msgs/local/lib/python3.10/dist-packages:/home/gustav/P5-Kuka-Dual-Arm/install/moveit_configs_utils/lib/python3.10/site-packages:/home/gustav/P5-Kuka-Dual-Arm/install/generate_parameter_library_py/lib/python3.10/site-packages:${PYTHONPATH} /usr/bin/cmake --install /home/gustav/P5-Kuka-Dual-Arm/build/moveit_kinematics
