[2.318s] Invoking command in '/home/gustav/P5-Kuka-Dual-Arm/p5_ws/src/generate_parameter_library/generate_parameter_library_py': PYTHONPATH=/home/gustav/P5-Kuka-Dual-Arm/build/generate_parameter_library_py/prefix_override:/usr/lib/python3/dist-packages/colcon_core/task/python/colcon_distutils_commands:/home/gustav/P5-Kuka-Dual-Arm/install/generate_parameter_library_py/lib/python3.10/site-packages:${PYTHONPATH} /usr/bin/python3 -W ignore:setup.py install is deprecated setup.py egg_info --egg-base ../../../../build/generate_parameter_library_py build --build-base /home/gustav/P5-Kuka-Dual-Arm/build/generate_parameter_library_py/build install --record /home/gustav/P5-Kuka-Dual-Arm/build/generate_parameter_library_py/install.log --single-version-externally-managed install_data
[3.425s] running egg_info
[3.427s] writing ../../../../build/generate_parameter_library_py/generate_parameter_library_py.egg-info/PKG-INFO
[3.428s] writing dependency_links to ../../../../build/generate_parameter_library_py/generate_parameter_library_py.egg-info/dependency_links.txt
[3.428s] writing entry points to ../../../../build/generate_parameter_library_py/generate_parameter_library_py.egg-info/entry_points.txt
[3.432s] writing requirements to ../../../../build/generate_parameter_library_py/generate_parameter_library_py.egg-info/requires.txt
[3.433s] writing top-level names to ../../../../build/generate_parameter_library_py/generate_parameter_library_py.egg-info/top_level.txt
[3.433s] reading manifest file '../../../../build/generate_parameter_library_py/generate_parameter_library_py.egg-info/SOURCES.txt'
[3.437s] writing manifest file '../../../../build/generate_parameter_library_py/generate_parameter_library_py.egg-info/SOURCES.txt'
[3.437s] running build
[3.437s] running build_py
[3.447s] running install
[3.447s] running install_lib
[3.455s] running install_data
[3.455s] running install_egg_info
[3.455s] removing '/home/gustav/P5-Kuka-Dual-Arm/install/generate_parameter_library_py/lib/python3.10/site-packages/generate_parameter_library_py-0.3.7-py3.10.egg-info' (and everything under it)
[3.456s] Copying ../../../../build/generate_parameter_library_py/generate_parameter_library_py.egg-info to /home/gustav/P5-Kuka-Dual-Arm/install/generate_parameter_library_py/lib/python3.10/site-packages/generate_parameter_library_py-0.3.7-py3.10.egg-info
[3.456s] running install_scripts
[3.522s] Installing generate_parameter_library_cpp script to /home/gustav/P5-Kuka-Dual-Arm/install/generate_parameter_library_py/bin
[3.523s] Installing generate_parameter_library_markdown script to /home/gustav/P5-Kuka-Dual-Arm/install/generate_parameter_library_py/bin
[3.523s] Installing generate_parameter_library_python script to /home/gustav/P5-Kuka-Dual-Arm/install/generate_parameter_library_py/bin
[3.526s] writing list of installed files to '/home/gustav/P5-Kuka-Dual-Arm/build/generate_parameter_library_py/install.log'
[3.589s] Invoked command in '/home/gustav/P5-Kuka-Dual-Arm/p5_ws/src/generate_parameter_library/generate_parameter_library_py' returned '0': PYTHONPATH=/home/gustav/P5-Kuka-Dual-Arm/build/generate_parameter_library_py/prefix_override:/usr/lib/python3/dist-packages/colcon_core/task/python/colcon_distutils_commands:/home/gustav/P5-Kuka-Dual-Arm/install/generate_parameter_library_py/lib/python3.10/site-packages:${PYTHONPATH} /usr/bin/python3 -W ignore:setup.py install is deprecated setup.py egg_info --egg-base ../../../../build/generate_parameter_library_py build --build-base /home/gustav/P5-Kuka-Dual-Arm/build/generate_parameter_library_py/build install --record /home/gustav/P5-Kuka-Dual-Arm/build/generate_parameter_library_py/install.log --single-version-externally-managed install_data
