[0.028s] Invoking command in '/home/gustav/P5-Kuka-Dual-Arm/build/moveit_ros_robot_interaction': AMENT_PREFIX_PATH=/home/gustav/P5-Kuka-Dual-Arm/install/moveit_ros_planning:/home/gustav/P5-Kuka-Dual-Arm/install/moveit_ros_occupancy_map_monitor:/home/gustav/P5-Kuka-Dual-Arm/install/moveit_core:/home/gustav/P5-Kuka-Dual-Arm/install/moveit_resources_panda_moveit_config:/home/gustav/P5-Kuka-Dual-Arm/install/generate_parameter_library:/home/gustav/P5-Kuka-Dual-Arm/install/parameter_traits:/home/gustav/P5-Kuka-Dual-Arm/install/moveit_resources_pr2_description:/home/gustav/P5-Kuka-Dual-Arm/install/moveit_resources_panda_description:/home/gustav/P5-Kuka-Dual-Arm/install/moveit_msgs:/home/gustav/P5-Kuka-Dual-Arm/install/moveit_common:/home/gustav/P5-Kuka-Dual-Arm/install/generate_parameter_library_py:${AMENT_PREFIX_PATH} CMAKE_PREFIX_PATH=/home/gustav/P5-Kuka-Dual-Arm/install/moveit_ros_planning:/home/gustav/P5-Kuka-Dual-Arm/install/moveit_ros_occupancy_map_monitor:/home/gustav/P5-Kuka-Dual-Arm/install/moveit_core:/home/gustav/P5-Kuka-Dual-Arm/install/moveit_resources_panda_moveit_config:/home/gustav/P5-Kuka-Dual-Arm/install/generate_parameter_library:/home/gustav/P5-Kuka-Dual-Arm/install/parameter_traits:/home/gustav/P5-Kuka-Dual-Arm/install/moveit_resources_pr2_description:/home/gustav/P5-Kuka-Dual-Arm/install/moveit_resources_panda_description:/home/gustav/P5-Kuka-Dual-Arm/install/moveit_msgs:/home/gustav/P5-Kuka-Dual-Arm/install/moveit_common:/opt/ros/humble LD_LIBRARY_PATH=/home/gustav/P5-Kuka-Dual-Arm/install/moveit_ros_planning/lib:/home/gustav/P5-Kuka-Dual-Arm/install/moveit_ros_occupancy_map_monitor/lib:/home/gustav/P5-Kuka-Dual-Arm/install/moveit_core/lib:/home/gustav/P5-Kuka-Dual-Arm/install/parameter_traits/lib:/home/gustav/P5-Kuka-Dual-Arm/install/moveit_msgs/lib:${LD_LIBRARY_PATH} PATH=/home/gustav/P5-Kuka-Dual-Arm/install/moveit_core/bin:/home/gustav/P5-Kuka-Dual-Arm/install/generate_parameter_library_py/bin:${PATH} PYTHONPATH=/home/gustav/P5-Kuka-Dual-Arm/install/moveit_msgs/local/lib/python3.10/dist-packages:/home/gustav/P5-Kuka-Dual-Arm/install/generate_parameter_library_py/lib/python3.10/site-packages:${PYTHONPATH} /usr/bin/cmake --build /home/gustav/P5-Kuka-Dual-Arm/build/moveit_ros_robot_interaction -- -j8 -l8
[0.077s] [35m[1mConsolidate compiler generated dependencies of target gtest_main[0m
[0.082s] [35m[1mConsolidate compiler generated dependencies of target moveit_robot_interaction[0m
[0.086s] [  7%] [32mBuilding CXX object gtest/CMakeFiles/gtest.dir/src/gtest-all.cc.o[0m
[0.088s] [ 23%] Built target gtest_main
[0.107s] [ 38%] [32mBuilding CXX object CMakeFiles/moveit_robot_interaction.dir/src/interaction_handler.cpp.o[0m
[0.107s] [ 38%] [32mBuilding CXX object CMakeFiles/moveit_robot_interaction.dir/src/robot_interaction.cpp.o[0m
[10.910s] [ 46%] [32m[1mLinking CXX static library libgtest.a[0m
[10.951s] [ 46%] Built target gtest
[22.146s] [ 53%] [32m[1mLinking CXX shared library libmoveit_robot_interaction.so[0m
[22.587s] [ 84%] Built target moveit_robot_interaction
[22.610s] [ 92%] [32mBuilding CXX object CMakeFiles/locked_robot_state_test.dir/test/locked_robot_state_test.cpp.o[0m
[31.044s] [100%] [32m[1mLinking CXX executable locked_robot_state_test[0m
[31.372s] [100%] Built target locked_robot_state_test
[31.384s] Invoked command in '/home/gustav/P5-Kuka-Dual-Arm/build/moveit_ros_robot_interaction' returned '0': AMENT_PREFIX_PATH=/home/gustav/P5-Kuka-Dual-Arm/install/moveit_ros_planning:/home/gustav/P5-Kuka-Dual-Arm/install/moveit_ros_occupancy_map_monitor:/home/gustav/P5-Kuka-Dual-Arm/install/moveit_core:/home/gustav/P5-Kuka-Dual-Arm/install/moveit_resources_panda_moveit_config:/home/gustav/P5-Kuka-Dual-Arm/install/generate_parameter_library:/home/gustav/P5-Kuka-Dual-Arm/install/parameter_traits:/home/gustav/P5-Kuka-Dual-Arm/install/moveit_resources_pr2_description:/home/gustav/P5-Kuka-Dual-Arm/install/moveit_resources_panda_description:/home/gustav/P5-Kuka-Dual-Arm/install/moveit_msgs:/home/gustav/P5-Kuka-Dual-Arm/install/moveit_common:/home/gustav/P5-Kuka-Dual-Arm/install/generate_parameter_library_py:${AMENT_PREFIX_PATH} CMAKE_PREFIX_PATH=/home/gustav/P5-Kuka-Dual-Arm/install/moveit_ros_planning:/home/gustav/P5-Kuka-Dual-Arm/install/moveit_ros_occupancy_map_monitor:/home/gustav/P5-Kuka-Dual-Arm/install/moveit_core:/home/gustav/P5-Kuka-Dual-Arm/install/moveit_resources_panda_moveit_config:/home/gustav/P5-Kuka-Dual-Arm/install/generate_parameter_library:/home/gustav/P5-Kuka-Dual-Arm/install/parameter_traits:/home/gustav/P5-Kuka-Dual-Arm/install/moveit_resources_pr2_description:/home/gustav/P5-Kuka-Dual-Arm/install/moveit_resources_panda_description:/home/gustav/P5-Kuka-Dual-Arm/install/moveit_msgs:/home/gustav/P5-Kuka-Dual-Arm/install/moveit_common:/opt/ros/humble LD_LIBRARY_PATH=/home/gustav/P5-Kuka-Dual-Arm/install/moveit_ros_planning/lib:/home/gustav/P5-Kuka-Dual-Arm/install/moveit_ros_occupancy_map_monitor/lib:/home/gustav/P5-Kuka-Dual-Arm/install/moveit_core/lib:/home/gustav/P5-Kuka-Dual-Arm/install/parameter_traits/lib:/home/gustav/P5-Kuka-Dual-Arm/install/moveit_msgs/lib:${LD_LIBRARY_PATH} PATH=/home/gustav/P5-Kuka-Dual-Arm/install/moveit_core/bin:/home/gustav/P5-Kuka-Dual-Arm/install/generate_parameter_library_py/bin:${PATH} PYTHONPATH=/home/gustav/P5-Kuka-Dual-Arm/install/moveit_msgs/local/lib/python3.10/dist-packages:/home/gustav/P5-Kuka-Dual-Arm/install/generate_parameter_library_py/lib/python3.10/site-packages:${PYTHONPATH} /usr/bin/cmake --build /home/gustav/P5-Kuka-Dual-Arm/build/moveit_ros_robot_interaction -- -j8 -l8
[31.423s] Invoking command in '/home/gustav/P5-Kuka-Dual-Arm/build/moveit_ros_robot_interaction': AMENT_PREFIX_PATH=/home/gustav/P5-Kuka-Dual-Arm/install/moveit_ros_planning:/home/gustav/P5-Kuka-Dual-Arm/install/moveit_ros_occupancy_map_monitor:/home/gustav/P5-Kuka-Dual-Arm/install/moveit_core:/home/gustav/P5-Kuka-Dual-Arm/install/moveit_resources_panda_moveit_config:/home/gustav/P5-Kuka-Dual-Arm/install/generate_parameter_library:/home/gustav/P5-Kuka-Dual-Arm/install/parameter_traits:/home/gustav/P5-Kuka-Dual-Arm/install/moveit_resources_pr2_description:/home/gustav/P5-Kuka-Dual-Arm/install/moveit_resources_panda_description:/home/gustav/P5-Kuka-Dual-Arm/install/moveit_msgs:/home/gustav/P5-Kuka-Dual-Arm/install/moveit_common:/home/gustav/P5-Kuka-Dual-Arm/install/generate_parameter_library_py:${AMENT_PREFIX_PATH} CMAKE_PREFIX_PATH=/home/gustav/P5-Kuka-Dual-Arm/install/moveit_ros_planning:/home/gustav/P5-Kuka-Dual-Arm/install/moveit_ros_occupancy_map_monitor:/home/gustav/P5-Kuka-Dual-Arm/install/moveit_core:/home/gustav/P5-Kuka-Dual-Arm/install/moveit_resources_panda_moveit_config:/home/gustav/P5-Kuka-Dual-Arm/install/generate_parameter_library:/home/gustav/P5-Kuka-Dual-Arm/install/parameter_traits:/home/gustav/P5-Kuka-Dual-Arm/install/moveit_resources_pr2_description:/home/gustav/P5-Kuka-Dual-Arm/install/moveit_resources_panda_description:/home/gustav/P5-Kuka-Dual-Arm/install/moveit_msgs:/home/gustav/P5-Kuka-Dual-Arm/install/moveit_common:/opt/ros/humble LD_LIBRARY_PATH=/home/gustav/P5-Kuka-Dual-Arm/install/moveit_ros_planning/lib:/home/gustav/P5-Kuka-Dual-Arm/install/moveit_ros_occupancy_map_monitor/lib:/home/gustav/P5-Kuka-Dual-Arm/install/moveit_core/lib:/home/gustav/P5-Kuka-Dual-Arm/install/parameter_traits/lib:/home/gustav/P5-Kuka-Dual-Arm/install/moveit_msgs/lib:${LD_LIBRARY_PATH} PATH=/home/gustav/P5-Kuka-Dual-Arm/install/moveit_core/bin:/home/gustav/P5-Kuka-Dual-Arm/install/generate_parameter_library_py/bin:${PATH} PYTHONPATH=/home/gustav/P5-Kuka-Dual-Arm/install/moveit_msgs/local/lib/python3.10/dist-packages:/home/gustav/P5-Kuka-Dual-Arm/install/generate_parameter_library_py/lib/python3.10/site-packages:${PYTHONPATH} /usr/bin/cmake --install /home/gustav/P5-Kuka-Dual-Arm/build/moveit_ros_robot_interaction
[31.430s] -- Install configuration: "Release"
[31.430s] -- Installing: /home/gustav/P5-Kuka-Dual-Arm/install/moveit_ros_robot_interaction/lib/libmoveit_robot_interaction.so.2.5.5
[31.432s] -- Set runtime path of "/home/gustav/P5-Kuka-Dual-Arm/install/moveit_ros_robot_interaction/lib/libmoveit_robot_interaction.so.2.5.5" to ""
[31.432s] -- Installing: /home/gustav/P5-Kuka-Dual-Arm/install/moveit_ros_robot_interaction/lib/libmoveit_robot_interaction.so
[31.432s] -- Installing: /home/gustav/P5-Kuka-Dual-Arm/install/moveit_ros_robot_interaction/include
[31.432s] -- Installing: /home/gustav/P5-Kuka-Dual-Arm/install/moveit_ros_robot_interaction/include/moveit
[31.432s] -- Installing: /home/gustav/P5-Kuka-Dual-Arm/install/moveit_ros_robot_interaction/include/moveit/robot_interaction
[31.432s] -- Installing: /home/gustav/P5-Kuka-Dual-Arm/install/moveit_ros_robot_interaction/include/moveit/robot_interaction/kinematic_options.h
[31.432s] -- Installing: /home/gustav/P5-Kuka-Dual-Arm/install/moveit_ros_robot_interaction/include/moveit/robot_interaction/kinematic_options_map.h
[31.432s] -- Installing: /home/gustav/P5-Kuka-Dual-Arm/install/moveit_ros_robot_interaction/include/moveit/robot_interaction/locked_robot_state.h
[31.432s] -- Installing: /home/gustav/P5-Kuka-Dual-Arm/install/moveit_ros_robot_interaction/include/moveit/robot_interaction/interaction_handler.h
[31.432s] -- Installing: /home/gustav/P5-Kuka-Dual-Arm/install/moveit_ros_robot_interaction/include/moveit/robot_interaction/interactive_marker_helpers.h
[31.432s] -- Installing: /home/gustav/P5-Kuka-Dual-Arm/install/moveit_ros_robot_interaction/include/moveit/robot_interaction/interaction.h
[31.433s] -- Installing: /home/gustav/P5-Kuka-Dual-Arm/install/moveit_ros_robot_interaction/include/moveit/robot_interaction/robot_interaction.h
[31.433s] -- Installing: /home/gustav/P5-Kuka-Dual-Arm/install/moveit_ros_robot_interaction/include/moveit_robot_interaction_export.h
[31.433s] -- Installing: /home/gustav/P5-Kuka-Dual-Arm/install/moveit_ros_robot_interaction/share/moveit_ros_robot_interaction/resources
[31.433s] -- Installing: /home/gustav/P5-Kuka-Dual-Arm/install/moveit_ros_robot_interaction/share/moveit_ros_robot_interaction/resources/access-denied.stl
[31.433s] -- Installing: /home/gustav/P5-Kuka-Dual-Arm/install/moveit_ros_robot_interaction/share/moveit_ros_robot_interaction/resources/access-denied.dae
[31.434s] -- Installing: /home/gustav/P5-Kuka-Dual-Arm/install/moveit_ros_robot_interaction/share/moveit_ros_robot_interaction/environment/library_path.sh
[31.434s] -- Installing: /home/gustav/P5-Kuka-Dual-Arm/install/moveit_ros_robot_interaction/share/moveit_ros_robot_interaction/environment/library_path.dsv
[31.434s] -- Installing: /home/gustav/P5-Kuka-Dual-Arm/install/moveit_ros_robot_interaction/share/ament_index/resource_index/package_run_dependencies/moveit_ros_robot_interaction
[31.434s] -- Installing: /home/gustav/P5-Kuka-Dual-Arm/install/moveit_ros_robot_interaction/share/ament_index/resource_index/parent_prefix_path/moveit_ros_robot_interaction
[31.434s] -- Installing: /home/gustav/P5-Kuka-Dual-Arm/install/moveit_ros_robot_interaction/share/moveit_ros_robot_interaction/environment/ament_prefix_path.sh
[31.434s] -- Installing: /home/gustav/P5-Kuka-Dual-Arm/install/moveit_ros_robot_interaction/share/moveit_ros_robot_interaction/environment/ament_prefix_path.dsv
[31.435s] -- Installing: /home/gustav/P5-Kuka-Dual-Arm/install/moveit_ros_robot_interaction/share/moveit_ros_robot_interaction/environment/path.sh
[31.435s] -- Installing: /home/gustav/P5-Kuka-Dual-Arm/install/moveit_ros_robot_interaction/share/moveit_ros_robot_interaction/environment/path.dsv
[31.435s] -- Installing: /home/gustav/P5-Kuka-Dual-Arm/install/moveit_ros_robot_interaction/share/moveit_ros_robot_interaction/local_setup.bash
[31.435s] -- Installing: /home/gustav/P5-Kuka-Dual-Arm/install/moveit_ros_robot_interaction/share/moveit_ros_robot_interaction/local_setup.sh
[31.436s] -- Installing: /home/gustav/P5-Kuka-Dual-Arm/install/moveit_ros_robot_interaction/share/moveit_ros_robot_interaction/local_setup.zsh
[31.436s] -- Installing: /home/gustav/P5-Kuka-Dual-Arm/install/moveit_ros_robot_interaction/share/moveit_ros_robot_interaction/local_setup.dsv
[31.436s] -- Installing: /home/gustav/P5-Kuka-Dual-Arm/install/moveit_ros_robot_interaction/share/moveit_ros_robot_interaction/package.dsv
[31.436s] -- Installing: /home/gustav/P5-Kuka-Dual-Arm/install/moveit_ros_robot_interaction/share/ament_index/resource_index/packages/moveit_ros_robot_interaction
[31.437s] -- Installing: /home/gustav/P5-Kuka-Dual-Arm/install/moveit_ros_robot_interaction/share/moveit_ros_robot_interaction/cmake/export_moveit_ros_robot_interactionExport.cmake
[31.437s] -- Installing: /home/gustav/P5-Kuka-Dual-Arm/install/moveit_ros_robot_interaction/share/moveit_ros_robot_interaction/cmake/export_moveit_ros_robot_interactionExport-release.cmake
[31.438s] -- Installing: /home/gustav/P5-Kuka-Dual-Arm/install/moveit_ros_robot_interaction/share/moveit_ros_robot_interaction/cmake/ament_cmake_export_targets-extras.cmake
[31.438s] -- Installing: /home/gustav/P5-Kuka-Dual-Arm/install/moveit_ros_robot_interaction/share/moveit_ros_robot_interaction/cmake/ament_cmake_export_dependencies-extras.cmake
[31.438s] -- Installing: /home/gustav/P5-Kuka-Dual-Arm/install/moveit_ros_robot_interaction/share/moveit_ros_robot_interaction/cmake/moveit_ros_robot_interactionConfig.cmake
[31.438s] -- Installing: /home/gustav/P5-Kuka-Dual-Arm/install/moveit_ros_robot_interaction/share/moveit_ros_robot_interaction/cmake/moveit_ros_robot_interactionConfig-version.cmake
[31.439s] -- Installing: /home/gustav/P5-Kuka-Dual-Arm/install/moveit_ros_robot_interaction/share/moveit_ros_robot_interaction/package.xml
[31.441s] Invoked command in '/home/gustav/P5-Kuka-Dual-Arm/build/moveit_ros_robot_interaction' returned '0': AMENT_PREFIX_PATH=/home/gustav/P5-Kuka-Dual-Arm/install/moveit_ros_planning:/home/gustav/P5-Kuka-Dual-Arm/install/moveit_ros_occupancy_map_monitor:/home/gustav/P5-Kuka-Dual-Arm/install/moveit_core:/home/gustav/P5-Kuka-Dual-Arm/install/moveit_resources_panda_moveit_config:/home/gustav/P5-Kuka-Dual-Arm/install/generate_parameter_library:/home/gustav/P5-Kuka-Dual-Arm/install/parameter_traits:/home/gustav/P5-Kuka-Dual-Arm/install/moveit_resources_pr2_description:/home/gustav/P5-Kuka-Dual-Arm/install/moveit_resources_panda_description:/home/gustav/P5-Kuka-Dual-Arm/install/moveit_msgs:/home/gustav/P5-Kuka-Dual-Arm/install/moveit_common:/home/gustav/P5-Kuka-Dual-Arm/install/generate_parameter_library_py:${AMENT_PREFIX_PATH} CMAKE_PREFIX_PATH=/home/gustav/P5-Kuka-Dual-Arm/install/moveit_ros_planning:/home/gustav/P5-Kuka-Dual-Arm/install/moveit_ros_occupancy_map_monitor:/home/gustav/P5-Kuka-Dual-Arm/install/moveit_core:/home/gustav/P5-Kuka-Dual-Arm/install/moveit_resources_panda_moveit_config:/home/gustav/P5-Kuka-Dual-Arm/install/generate_parameter_library:/home/gustav/P5-Kuka-Dual-Arm/install/parameter_traits:/home/gustav/P5-Kuka-Dual-Arm/install/moveit_resources_pr2_description:/home/gustav/P5-Kuka-Dual-Arm/install/moveit_resources_panda_description:/home/gustav/P5-Kuka-Dual-Arm/install/moveit_msgs:/home/gustav/P5-Kuka-Dual-Arm/install/moveit_common:/opt/ros/humble LD_LIBRARY_PATH=/home/gustav/P5-Kuka-Dual-Arm/install/moveit_ros_planning/lib:/home/gustav/P5-Kuka-Dual-Arm/install/moveit_ros_occupancy_map_monitor/lib:/home/gustav/P5-Kuka-Dual-Arm/install/moveit_core/lib:/home/gustav/P5-Kuka-Dual-Arm/install/parameter_traits/lib:/home/gustav/P5-Kuka-Dual-Arm/install/moveit_msgs/lib:${LD_LIBRARY_PATH} PATH=/home/gustav/P5-Kuka-Dual-Arm/install/moveit_core/bin:/home/gustav/P5-Kuka-Dual-Arm/install/generate_parameter_library_py/bin:${PATH} PYTHONPATH=/home/gustav/P5-Kuka-Dual-Arm/install/moveit_msgs/local/lib/python3.10/dist-packages:/home/gustav/P5-Kuka-Dual-Arm/install/generate_parameter_library_py/lib/python3.10/site-packages:${PYTHONPATH} /usr/bin/cmake --install /home/gustav/P5-Kuka-Dual-Arm/build/moveit_ros_robot_interaction
