[1.552s] Invoking command in '/home/gustav/P5-Kuka-Dual-Arm/p5_ws/src/moveit2/moveit_configs_utils': PYTHONPATH=/home/gustav/P5-Kuka-Dual-Arm/build/moveit_configs_utils/prefix_override:/usr/lib/python3/dist-packages/colcon_core/task/python/colcon_distutils_commands:/home/gustav/P5-Kuka-Dual-Arm/install/moveit_configs_utils/lib/python3.10/site-packages:${PYTHONPATH} /usr/bin/python3 -W ignore:setup.py install is deprecated setup.py egg_info --egg-base ../../../../build/moveit_configs_utils build --build-base /home/gustav/P5-Kuka-Dual-Arm/build/moveit_configs_utils/build install --record /home/gustav/P5-Kuka-Dual-Arm/build/moveit_configs_utils/install.log --single-version-externally-managed install_data
[1.993s] running egg_info
[1.993s] creating ../../../../build/moveit_configs_utils/moveit_configs_utils.egg-info
[1.993s] writing ../../../../build/moveit_configs_utils/moveit_configs_utils.egg-info/PKG-INFO
[1.993s] writing dependency_links to ../../../../build/moveit_configs_utils/moveit_configs_utils.egg-info/dependency_links.txt
[1.994s] writing entry points to ../../../../build/moveit_configs_utils/moveit_configs_utils.egg-info/entry_points.txt
[1.994s] writing requirements to ../../../../build/moveit_configs_utils/moveit_configs_utils.egg-info/requires.txt
[1.994s] writing top-level names to ../../../../build/moveit_configs_utils/moveit_configs_utils.egg-info/top_level.txt
[1.994s] writing manifest file '../../../../build/moveit_configs_utils/moveit_configs_utils.egg-info/SOURCES.txt'
[2.003s] reading manifest file '../../../../build/moveit_configs_utils/moveit_configs_utils.egg-info/SOURCES.txt'
[2.003s] writing manifest file '../../../../build/moveit_configs_utils/moveit_configs_utils.egg-info/SOURCES.txt'
[2.003s] running build
[2.003s] running build_py
[2.006s] creating /home/gustav/P5-Kuka-Dual-Arm/build/moveit_configs_utils/build
[2.007s] creating /home/gustav/P5-Kuka-Dual-Arm/build/moveit_configs_utils/build/lib
[2.007s] creating /home/gustav/P5-Kuka-Dual-Arm/build/moveit_configs_utils/build/lib/moveit_configs_utils
[2.007s] copying moveit_configs_utils/moveit_configs_builder.py -> /home/gustav/P5-Kuka-Dual-Arm/build/moveit_configs_utils/build/lib/moveit_configs_utils
[2.007s] copying moveit_configs_utils/launches.py -> /home/gustav/P5-Kuka-Dual-Arm/build/moveit_configs_utils/build/lib/moveit_configs_utils
[2.007s] copying moveit_configs_utils/launch_utils.py -> /home/gustav/P5-Kuka-Dual-Arm/build/moveit_configs_utils/build/lib/moveit_configs_utils
[2.007s] copying moveit_configs_utils/__init__.py -> /home/gustav/P5-Kuka-Dual-Arm/build/moveit_configs_utils/build/lib/moveit_configs_utils
[2.007s] creating /home/gustav/P5-Kuka-Dual-Arm/build/moveit_configs_utils/build/lib/moveit_configs_utils/substitutions
[2.007s] copying moveit_configs_utils/substitutions/__init__.py -> /home/gustav/P5-Kuka-Dual-Arm/build/moveit_configs_utils/build/lib/moveit_configs_utils/substitutions
[2.008s] copying moveit_configs_utils/substitutions/xacro.py -> /home/gustav/P5-Kuka-Dual-Arm/build/moveit_configs_utils/build/lib/moveit_configs_utils/substitutions
[2.008s] running install
[2.008s] running install_lib
[2.008s] creating /home/gustav/P5-Kuka-Dual-Arm/install/moveit_configs_utils/lib/python3.10/site-packages/moveit_configs_utils
[2.008s] copying /home/gustav/P5-Kuka-Dual-Arm/build/moveit_configs_utils/build/lib/moveit_configs_utils/moveit_configs_builder.py -> /home/gustav/P5-Kuka-Dual-Arm/install/moveit_configs_utils/lib/python3.10/site-packages/moveit_configs_utils
[2.008s] creating /home/gustav/P5-Kuka-Dual-Arm/install/moveit_configs_utils/lib/python3.10/site-packages/moveit_configs_utils/substitutions
[2.008s] copying /home/gustav/P5-Kuka-Dual-Arm/build/moveit_configs_utils/build/lib/moveit_configs_utils/substitutions/__init__.py -> /home/gustav/P5-Kuka-Dual-Arm/install/moveit_configs_utils/lib/python3.10/site-packages/moveit_configs_utils/substitutions
[2.008s] copying /home/gustav/P5-Kuka-Dual-Arm/build/moveit_configs_utils/build/lib/moveit_configs_utils/substitutions/xacro.py -> /home/gustav/P5-Kuka-Dual-Arm/install/moveit_configs_utils/lib/python3.10/site-packages/moveit_configs_utils/substitutions
[2.009s] copying /home/gustav/P5-Kuka-Dual-Arm/build/moveit_configs_utils/build/lib/moveit_configs_utils/launches.py -> /home/gustav/P5-Kuka-Dual-Arm/install/moveit_configs_utils/lib/python3.10/site-packages/moveit_configs_utils
[2.009s] copying /home/gustav/P5-Kuka-Dual-Arm/build/moveit_configs_utils/build/lib/moveit_configs_utils/launch_utils.py -> /home/gustav/P5-Kuka-Dual-Arm/install/moveit_configs_utils/lib/python3.10/site-packages/moveit_configs_utils
[2.009s] copying /home/gustav/P5-Kuka-Dual-Arm/build/moveit_configs_utils/build/lib/moveit_configs_utils/__init__.py -> /home/gustav/P5-Kuka-Dual-Arm/install/moveit_configs_utils/lib/python3.10/site-packages/moveit_configs_utils
[2.009s] byte-compiling /home/gustav/P5-Kuka-Dual-Arm/install/moveit_configs_utils/lib/python3.10/site-packages/moveit_configs_utils/moveit_configs_builder.py to moveit_configs_builder.cpython-310.pyc
[2.014s] byte-compiling /home/gustav/P5-Kuka-Dual-Arm/install/moveit_configs_utils/lib/python3.10/site-packages/moveit_configs_utils/substitutions/__init__.py to __init__.cpython-310.pyc
[2.014s] byte-compiling /home/gustav/P5-Kuka-Dual-Arm/install/moveit_configs_utils/lib/python3.10/site-packages/moveit_configs_utils/substitutions/xacro.py to xacro.cpython-310.pyc
[2.018s] byte-compiling /home/gustav/P5-Kuka-Dual-Arm/install/moveit_configs_utils/lib/python3.10/site-packages/moveit_configs_utils/launches.py to launches.cpython-310.pyc
[2.025s] byte-compiling /home/gustav/P5-Kuka-Dual-Arm/install/moveit_configs_utils/lib/python3.10/site-packages/moveit_configs_utils/launch_utils.py to launch_utils.cpython-310.pyc
[2.026s] byte-compiling /home/gustav/P5-Kuka-Dual-Arm/install/moveit_configs_utils/lib/python3.10/site-packages/moveit_configs_utils/__init__.py to __init__.cpython-310.pyc
[2.027s] running install_data
[2.027s] creating /home/gustav/P5-Kuka-Dual-Arm/install/moveit_configs_utils/share/ament_index
[2.027s] creating /home/gustav/P5-Kuka-Dual-Arm/install/moveit_configs_utils/share/ament_index/resource_index
[2.027s] creating /home/gustav/P5-Kuka-Dual-Arm/install/moveit_configs_utils/share/ament_index/resource_index/packages
[2.027s] copying resource/moveit_configs_utils -> /home/gustav/P5-Kuka-Dual-Arm/install/moveit_configs_utils/share/ament_index/resource_index/packages
[2.028s] copying package.xml -> /home/gustav/P5-Kuka-Dual-Arm/install/moveit_configs_utils/share/moveit_configs_utils
[2.028s] creating /home/gustav/P5-Kuka-Dual-Arm/install/moveit_configs_utils/share/moveit_configs_utils/default_configs
[2.028s] copying default_configs/chomp_planning.yaml -> /home/gustav/P5-Kuka-Dual-Arm/install/moveit_configs_utils/share/moveit_configs_utils/default_configs
[2.028s] copying default_configs/ompl_defaults.yaml -> /home/gustav/P5-Kuka-Dual-Arm/install/moveit_configs_utils/share/moveit_configs_utils/default_configs
[2.029s] copying default_configs/pilz_industrial_motion_planner_planning.yaml -> /home/gustav/P5-Kuka-Dual-Arm/install/moveit_configs_utils/share/moveit_configs_utils/default_configs
[2.029s] copying default_configs/ompl_planning.yaml -> /home/gustav/P5-Kuka-Dual-Arm/install/moveit_configs_utils/share/moveit_configs_utils/default_configs
[2.029s] running install_egg_info
[2.031s] Copying ../../../../build/moveit_configs_utils/moveit_configs_utils.egg-info to /home/gustav/P5-Kuka-Dual-Arm/install/moveit_configs_utils/lib/python3.10/site-packages/moveit_configs_utils-2.5.5-py3.10.egg-info
[2.032s] running install_scripts
[2.064s] writing list of installed files to '/home/gustav/P5-Kuka-Dual-Arm/build/moveit_configs_utils/install.log'
[2.129s] Invoked command in '/home/gustav/P5-Kuka-Dual-Arm/p5_ws/src/moveit2/moveit_configs_utils' returned '0': PYTHONPATH=/home/gustav/P5-Kuka-Dual-Arm/build/moveit_configs_utils/prefix_override:/usr/lib/python3/dist-packages/colcon_core/task/python/colcon_distutils_commands:/home/gustav/P5-Kuka-Dual-Arm/install/moveit_configs_utils/lib/python3.10/site-packages:${PYTHONPATH} /usr/bin/python3 -W ignore:setup.py install is deprecated setup.py egg_info --egg-base ../../../../build/moveit_configs_utils build --build-base /home/gustav/P5-Kuka-Dual-Arm/build/moveit_configs_utils/build install --record /home/gustav/P5-Kuka-Dual-Arm/build/moveit_configs_utils/install.log --single-version-externally-managed install_data
