[0.020s] Invoking command in '/home/gustav/P5-Kuka-Dual-Arm/build/cmake_generate_parameter_module_example': AMENT_PREFIX_PATH=/home/gustav/P5-Kuka-Dual-Arm/install/generate_parameter_library:/home/gustav/P5-Kuka-Dual-Arm/install/parameter_traits:/home/gustav/P5-Kuka-Dual-Arm/install/generate_parameter_library_py:${AMENT_PREFIX_PATH} CMAKE_PREFIX_PATH=/home/gustav/P5-Kuka-Dual-Arm/install/generate_parameter_library:/home/gustav/P5-Kuka-Dual-Arm/install/parameter_traits:/opt/ros/humble LD_LIBRARY_PATH=/home/gustav/P5-Kuka-Dual-Arm/install/parameter_traits/lib:${LD_LIBRARY_PATH} PATH=/home/gustav/P5-Kuka-Dual-Arm/install/generate_parameter_library_py/bin:${PATH} PYTHONPATH=/home/gustav/P5-Kuka-Dual-Arm/install/generate_parameter_library_py/lib/python3.10/site-packages:${PYTHONPATH} /usr/bin/cmake /home/gustav/P5-Kuka-Dual-Arm/p5_ws/src/generate_parameter_library/example_cmake_python -DCMAKE_INSTALL_PREFIX=/home/gustav/P5-Kuka-Dual-Arm/install/cmake_generate_parameter_module_example
[0.041s] -- Found ament_cmake: 1.3.10 (/opt/ros/humble/share/ament_cmake/cmake)
[0.223s] -- Found generate_parameter_library: 0.3.7 (/home/gustav/P5-Kuka-Dual-Arm/install/generate_parameter_library/share/generate_parameter_library/cmake)
[0.224s] -- Found parameter_traits: 0.3.7 (/home/gustav/P5-Kuka-Dual-Arm/install/parameter_traits/share/parameter_traits/cmake)
[0.271s] -- Found rosidl_generator_c: 3.1.5 (/opt/ros/humble/share/rosidl_generator_c/cmake)
[0.273s] -- Found rosidl_adapter: 3.1.5 (/opt/ros/humble/share/rosidl_adapter/cmake)
[0.283s] -- Found rosidl_generator_cpp: 3.1.5 (/opt/ros/humble/share/rosidl_generator_cpp/cmake)
[0.299s] -- Using all available rosidl_typesupport_c: rosidl_typesupport_fastrtps_c;rosidl_typesupport_introspection_c
[0.312s] -- Using all available rosidl_typesupport_cpp: rosidl_typesupport_fastrtps_cpp;rosidl_typesupport_introspection_cpp
[0.362s] -- Found rmw_implementation_cmake: 6.1.2 (/opt/ros/humble/share/rmw_implementation_cmake/cmake)
[0.365s] -- Found rmw_fastrtps_cpp: 6.2.7 (/opt/ros/humble/share/rmw_fastrtps_cpp/cmake)
[0.513s] -- Using RMW implementation 'rmw_fastrtps_cpp' as default
[0.631s] -- Found rclcpp_lifecycle: 16.0.10 (/opt/ros/humble/share/rclcpp_lifecycle/cmake)
[0.991s] -- Configuring done
[1.009s] -- Generating done
[1.012s] -- Build files have been written to: /home/gustav/P5-Kuka-Dual-Arm/build/cmake_generate_parameter_module_example
[1.027s] Invoked command in '/home/gustav/P5-Kuka-Dual-Arm/build/cmake_generate_parameter_module_example' returned '0': AMENT_PREFIX_PATH=/home/gustav/P5-Kuka-Dual-Arm/install/generate_parameter_library:/home/gustav/P5-Kuka-Dual-Arm/install/parameter_traits:/home/gustav/P5-Kuka-Dual-Arm/install/generate_parameter_library_py:${AMENT_PREFIX_PATH} CMAKE_PREFIX_PATH=/home/gustav/P5-Kuka-Dual-Arm/install/generate_parameter_library:/home/gustav/P5-Kuka-Dual-Arm/install/parameter_traits:/opt/ros/humble LD_LIBRARY_PATH=/home/gustav/P5-Kuka-Dual-Arm/install/parameter_traits/lib:${LD_LIBRARY_PATH} PATH=/home/gustav/P5-Kuka-Dual-Arm/install/generate_parameter_library_py/bin:${PATH} PYTHONPATH=/home/gustav/P5-Kuka-Dual-Arm/install/generate_parameter_library_py/lib/python3.10/site-packages:${PYTHONPATH} /usr/bin/cmake /home/gustav/P5-Kuka-Dual-Arm/p5_ws/src/generate_parameter_library/example_cmake_python -DCMAKE_INSTALL_PREFIX=/home/gustav/P5-Kuka-Dual-Arm/install/cmake_generate_parameter_module_example
[1.028s] Invoking command in '/home/gustav/P5-Kuka-Dual-Arm/build/cmake_generate_parameter_module_example': AMENT_PREFIX_PATH=/home/gustav/P5-Kuka-Dual-Arm/install/generate_parameter_library:/home/gustav/P5-Kuka-Dual-Arm/install/parameter_traits:/home/gustav/P5-Kuka-Dual-Arm/install/generate_parameter_library_py:${AMENT_PREFIX_PATH} CMAKE_PREFIX_PATH=/home/gustav/P5-Kuka-Dual-Arm/install/generate_parameter_library:/home/gustav/P5-Kuka-Dual-Arm/install/parameter_traits:/opt/ros/humble LD_LIBRARY_PATH=/home/gustav/P5-Kuka-Dual-Arm/install/parameter_traits/lib:${LD_LIBRARY_PATH} PATH=/home/gustav/P5-Kuka-Dual-Arm/install/generate_parameter_library_py/bin:${PATH} PYTHONPATH=/home/gustav/P5-Kuka-Dual-Arm/install/generate_parameter_library_py/lib/python3.10/site-packages:${PYTHONPATH} /usr/bin/cmake --build /home/gustav/P5-Kuka-Dual-Arm/build/cmake_generate_parameter_module_example -- -j8 -l8
[1.125s] [100%] Built target admittance_parameters
[1.139s] [100%] Built target ament_cmake_python_copy_cmake_generate_parameter_module_example
[1.556s] running egg_info
[1.557s] writing cmake_generate_parameter_module_example.egg-info/PKG-INFO
[1.557s] writing dependency_links to cmake_generate_parameter_module_example.egg-info/dependency_links.txt
[1.557s] writing top-level names to cmake_generate_parameter_module_example.egg-info/top_level.txt
[1.561s] reading manifest file 'cmake_generate_parameter_module_example.egg-info/SOURCES.txt'
[1.562s] writing manifest file 'cmake_generate_parameter_module_example.egg-info/SOURCES.txt'
[1.601s] [100%] Built target ament_cmake_python_build_cmake_generate_parameter_module_example_egg
[1.794s] Invoked command in '/home/gustav/P5-Kuka-Dual-Arm/build/cmake_generate_parameter_module_example' returned '0': AMENT_PREFIX_PATH=/home/gustav/P5-Kuka-Dual-Arm/install/generate_parameter_library:/home/gustav/P5-Kuka-Dual-Arm/install/parameter_traits:/home/gustav/P5-Kuka-Dual-Arm/install/generate_parameter_library_py:${AMENT_PREFIX_PATH} CMAKE_PREFIX_PATH=/home/gustav/P5-Kuka-Dual-Arm/install/generate_parameter_library:/home/gustav/P5-Kuka-Dual-Arm/install/parameter_traits:/opt/ros/humble LD_LIBRARY_PATH=/home/gustav/P5-Kuka-Dual-Arm/install/parameter_traits/lib:${LD_LIBRARY_PATH} PATH=/home/gustav/P5-Kuka-Dual-Arm/install/generate_parameter_library_py/bin:${PATH} PYTHONPATH=/home/gustav/P5-Kuka-Dual-Arm/install/generate_parameter_library_py/lib/python3.10/site-packages:${PYTHONPATH} /usr/bin/cmake --build /home/gustav/P5-Kuka-Dual-Arm/build/cmake_generate_parameter_module_example -- -j8 -l8
[1.822s] Invoking command in '/home/gustav/P5-Kuka-Dual-Arm/build/cmake_generate_parameter_module_example': AMENT_PREFIX_PATH=/home/gustav/P5-Kuka-Dual-Arm/install/generate_parameter_library:/home/gustav/P5-Kuka-Dual-Arm/install/parameter_traits:/home/gustav/P5-Kuka-Dual-Arm/install/generate_parameter_library_py:${AMENT_PREFIX_PATH} CMAKE_PREFIX_PATH=/home/gustav/P5-Kuka-Dual-Arm/install/generate_parameter_library:/home/gustav/P5-Kuka-Dual-Arm/install/parameter_traits:/opt/ros/humble LD_LIBRARY_PATH=/home/gustav/P5-Kuka-Dual-Arm/install/parameter_traits/lib:${LD_LIBRARY_PATH} PATH=/home/gustav/P5-Kuka-Dual-Arm/install/generate_parameter_library_py/bin:${PATH} PYTHONPATH=/home/gustav/P5-Kuka-Dual-Arm/install/generate_parameter_library_py/lib/python3.10/site-packages:${PYTHONPATH} /usr/bin/cmake --install /home/gustav/P5-Kuka-Dual-Arm/build/cmake_generate_parameter_module_example
[1.827s] -- Install configuration: "Release"
[1.827s] -- Up-to-date: /home/gustav/P5-Kuka-Dual-Arm/install/cmake_generate_parameter_module_example/share/cmake_generate_parameter_module_example/environment/pythonpath.sh
[1.827s] -- Installing: /home/gustav/P5-Kuka-Dual-Arm/install/cmake_generate_parameter_module_example/share/cmake_generate_parameter_module_example/environment/pythonpath.dsv
[1.827s] -- Up-to-date: /home/gustav/P5-Kuka-Dual-Arm/install/cmake_generate_parameter_module_example/local/lib/python3.10/dist-packages/cmake_generate_parameter_module_example-0.3.7-py3.10.egg-info
[1.828s] -- Installing: /home/gustav/P5-Kuka-Dual-Arm/install/cmake_generate_parameter_module_example/local/lib/python3.10/dist-packages/cmake_generate_parameter_module_example-0.3.7-py3.10.egg-info/dependency_links.txt
[1.828s] -- Installing: /home/gustav/P5-Kuka-Dual-Arm/install/cmake_generate_parameter_module_example/local/lib/python3.10/dist-packages/cmake_generate_parameter_module_example-0.3.7-py3.10.egg-info/PKG-INFO
[1.828s] -- Installing: /home/gustav/P5-Kuka-Dual-Arm/install/cmake_generate_parameter_module_example/local/lib/python3.10/dist-packages/cmake_generate_parameter_module_example-0.3.7-py3.10.egg-info/SOURCES.txt
[1.828s] -- Installing: /home/gustav/P5-Kuka-Dual-Arm/install/cmake_generate_parameter_module_example/local/lib/python3.10/dist-packages/cmake_generate_parameter_module_example-0.3.7-py3.10.egg-info/top_level.txt
[1.828s] -- Up-to-date: /home/gustav/P5-Kuka-Dual-Arm/install/cmake_generate_parameter_module_example/local/lib/python3.10/dist-packages/cmake_generate_parameter_module_example
[1.829s] -- Up-to-date: /home/gustav/P5-Kuka-Dual-Arm/install/cmake_generate_parameter_module_example/local/lib/python3.10/dist-packages/cmake_generate_parameter_module_example/custom_validation.py
[1.829s] -- Up-to-date: /home/gustav/P5-Kuka-Dual-Arm/install/cmake_generate_parameter_module_example/local/lib/python3.10/dist-packages/cmake_generate_parameter_module_example/__init__.py
[1.829s] -- Up-to-date: /home/gustav/P5-Kuka-Dual-Arm/install/cmake_generate_parameter_module_example/local/lib/python3.10/dist-packages/cmake_generate_parameter_module_example/parameters.yaml
[1.829s] -- Up-to-date: /home/gustav/P5-Kuka-Dual-Arm/install/cmake_generate_parameter_module_example/local/lib/python3.10/dist-packages/cmake_generate_parameter_module_example/minimal_publisher.py
[1.866s] Listing '/home/gustav/P5-Kuka-Dual-Arm/install/cmake_generate_parameter_module_example/local/lib/python3.10/dist-packages/cmake_generate_parameter_module_example'...
[1.873s] -- Up-to-date: /home/gustav/P5-Kuka-Dual-Arm/install/cmake_generate_parameter_module_example/share/ament_index/resource_index/package_run_dependencies/cmake_generate_parameter_module_example
[1.873s] -- Installing: /home/gustav/P5-Kuka-Dual-Arm/install/cmake_generate_parameter_module_example/share/ament_index/resource_index/parent_prefix_path/cmake_generate_parameter_module_example
[1.874s] -- Up-to-date: /home/gustav/P5-Kuka-Dual-Arm/install/cmake_generate_parameter_module_example/share/cmake_generate_parameter_module_example/environment/ament_prefix_path.sh
[1.875s] -- Installing: /home/gustav/P5-Kuka-Dual-Arm/install/cmake_generate_parameter_module_example/share/cmake_generate_parameter_module_example/environment/ament_prefix_path.dsv
[1.875s] -- Up-to-date: /home/gustav/P5-Kuka-Dual-Arm/install/cmake_generate_parameter_module_example/share/cmake_generate_parameter_module_example/environment/path.sh
[1.875s] -- Installing: /home/gustav/P5-Kuka-Dual-Arm/install/cmake_generate_parameter_module_example/share/cmake_generate_parameter_module_example/environment/path.dsv
[1.875s] -- Up-to-date: /home/gustav/P5-Kuka-Dual-Arm/install/cmake_generate_parameter_module_example/share/cmake_generate_parameter_module_example/local_setup.bash
[1.875s] -- Up-to-date: /home/gustav/P5-Kuka-Dual-Arm/install/cmake_generate_parameter_module_example/share/cmake_generate_parameter_module_example/local_setup.sh
[1.875s] -- Up-to-date: /home/gustav/P5-Kuka-Dual-Arm/install/cmake_generate_parameter_module_example/share/cmake_generate_parameter_module_example/local_setup.zsh
[1.875s] -- Installing: /home/gustav/P5-Kuka-Dual-Arm/install/cmake_generate_parameter_module_example/share/cmake_generate_parameter_module_example/local_setup.dsv
[1.875s] -- Installing: /home/gustav/P5-Kuka-Dual-Arm/install/cmake_generate_parameter_module_example/share/cmake_generate_parameter_module_example/package.dsv
[1.875s] -- Up-to-date: /home/gustav/P5-Kuka-Dual-Arm/install/cmake_generate_parameter_module_example/share/ament_index/resource_index/packages/cmake_generate_parameter_module_example
[1.875s] -- Up-to-date: /home/gustav/P5-Kuka-Dual-Arm/install/cmake_generate_parameter_module_example/share/cmake_generate_parameter_module_example/cmake/cmake_generate_parameter_module_exampleConfig.cmake
[1.875s] -- Up-to-date: /home/gustav/P5-Kuka-Dual-Arm/install/cmake_generate_parameter_module_example/share/cmake_generate_parameter_module_example/cmake/cmake_generate_parameter_module_exampleConfig-version.cmake
[1.875s] -- Up-to-date: /home/gustav/P5-Kuka-Dual-Arm/install/cmake_generate_parameter_module_example/share/cmake_generate_parameter_module_example/package.xml
[1.877s] Invoked command in '/home/gustav/P5-Kuka-Dual-Arm/build/cmake_generate_parameter_module_example' returned '0': AMENT_PREFIX_PATH=/home/gustav/P5-Kuka-Dual-Arm/install/generate_parameter_library:/home/gustav/P5-Kuka-Dual-Arm/install/parameter_traits:/home/gustav/P5-Kuka-Dual-Arm/install/generate_parameter_library_py:${AMENT_PREFIX_PATH} CMAKE_PREFIX_PATH=/home/gustav/P5-Kuka-Dual-Arm/install/generate_parameter_library:/home/gustav/P5-Kuka-Dual-Arm/install/parameter_traits:/opt/ros/humble LD_LIBRARY_PATH=/home/gustav/P5-Kuka-Dual-Arm/install/parameter_traits/lib:${LD_LIBRARY_PATH} PATH=/home/gustav/P5-Kuka-Dual-Arm/install/generate_parameter_library_py/bin:${PATH} PYTHONPATH=/home/gustav/P5-Kuka-Dual-Arm/install/generate_parameter_library_py/lib/python3.10/site-packages:${PYTHONPATH} /usr/bin/cmake --install /home/gustav/P5-Kuka-Dual-Arm/build/cmake_generate_parameter_module_example
