[0.306s] Invoking command in '/home/gustav/P5-Kuka-Dual-Arm/build/moveit_common': CMAKE_PREFIX_PATH=${CMAKE_PREFIX_PATH}:/home/gustav/lbr_stack/install/lbr_demos_py:/home/gustav/lbr_stack/install/lbr_demos_advanced_py:/opt/ros/humble /usr/bin/cmake /home/gustav/P5-Kuka-Dual-Arm/p5_ws/src/moveit2/moveit_common -DCMAKE_BUILD_TYPE=Release -DCMAKE_INSTALL_PREFIX=/home/gustav/P5-Kuka-Dual-Arm/install/moveit_common
[0.324s] -- Found ament_cmake: 1.3.10 (/opt/ros/humble/share/ament_cmake/cmake)
[0.547s] -- Found ament_lint_auto: 0.12.11 (/opt/ros/humble/share/ament_lint_auto/cmake)
[0.668s] -- Added test 'copyright' to check source files copyright and LICENSE
[0.670s] -- Added test 'lint_cmake' to check CMake code style
[0.671s] -- Added test 'xmllint' to check XML markup files
[0.672s] -- Configuring done
[0.676s] -- Generating done
[0.677s] -- Build files have been written to: /home/gustav/P5-Kuka-Dual-Arm/build/moveit_common
[0.765s] Invoked command in '/home/gustav/P5-Kuka-Dual-Arm/build/moveit_common' returned '0': CMAKE_PREFIX_PATH=${CMAKE_PREFIX_PATH}:/home/gustav/lbr_stack/install/lbr_demos_py:/home/gustav/lbr_stack/install/lbr_demos_advanced_py:/opt/ros/humble /usr/bin/cmake /home/gustav/P5-Kuka-Dual-Arm/p5_ws/src/moveit2/moveit_common -DCMAKE_BUILD_TYPE=Release -DCMAKE_INSTALL_PREFIX=/home/gustav/P5-Kuka-Dual-Arm/install/moveit_common
[0.769s] Invoking command in '/home/gustav/P5-Kuka-Dual-Arm/build/moveit_common': CMAKE_PREFIX_PATH=${CMAKE_PREFIX_PATH}:/home/gustav/lbr_stack/install/lbr_demos_py:/home/gustav/lbr_stack/install/lbr_demos_advanced_py:/opt/ros/humble /usr/bin/cmake --build /home/gustav/P5-Kuka-Dual-Arm/build/moveit_common -- -j8 -l8
[0.826s] Invoked command in '/home/gustav/P5-Kuka-Dual-Arm/build/moveit_common' returned '0': CMAKE_PREFIX_PATH=${CMAKE_PREFIX_PATH}:/home/gustav/lbr_stack/install/lbr_demos_py:/home/gustav/lbr_stack/install/lbr_demos_advanced_py:/opt/ros/humble /usr/bin/cmake --build /home/gustav/P5-Kuka-Dual-Arm/build/moveit_common -- -j8 -l8
[0.870s] Invoking command in '/home/gustav/P5-Kuka-Dual-Arm/build/moveit_common': CMAKE_PREFIX_PATH=${CMAKE_PREFIX_PATH}:/home/gustav/lbr_stack/install/lbr_demos_py:/home/gustav/lbr_stack/install/lbr_demos_advanced_py:/opt/ros/humble /usr/bin/cmake --install /home/gustav/P5-Kuka-Dual-Arm/build/moveit_common
[0.918s] -- Install configuration: "Release"
[0.918s] -- Up-to-date: /home/gustav/P5-Kuka-Dual-Arm/install/moveit_common/share/ament_index/resource_index/package_run_dependencies/moveit_common
[0.918s] -- Up-to-date: /home/gustav/P5-Kuka-Dual-Arm/install/moveit_common/share/ament_index/resource_index/parent_prefix_path/moveit_common
[0.918s] -- Up-to-date: /home/gustav/P5-Kuka-Dual-Arm/install/moveit_common/share/moveit_common/environment/ament_prefix_path.sh
[0.918s] -- Installing: /home/gustav/P5-Kuka-Dual-Arm/install/moveit_common/share/moveit_common/environment/ament_prefix_path.dsv
[0.918s] -- Up-to-date: /home/gustav/P5-Kuka-Dual-Arm/install/moveit_common/share/moveit_common/environment/path.sh
[0.918s] -- Installing: /home/gustav/P5-Kuka-Dual-Arm/install/moveit_common/share/moveit_common/environment/path.dsv
[0.918s] -- Up-to-date: /home/gustav/P5-Kuka-Dual-Arm/install/moveit_common/share/moveit_common/local_setup.bash
[0.918s] -- Up-to-date: /home/gustav/P5-Kuka-Dual-Arm/install/moveit_common/share/moveit_common/local_setup.sh
[0.919s] -- Up-to-date: /home/gustav/P5-Kuka-Dual-Arm/install/moveit_common/share/moveit_common/local_setup.zsh
[0.919s] -- Installing: /home/gustav/P5-Kuka-Dual-Arm/install/moveit_common/share/moveit_common/local_setup.dsv
[0.919s] -- Installing: /home/gustav/P5-Kuka-Dual-Arm/install/moveit_common/share/moveit_common/package.dsv
[0.919s] -- Up-to-date: /home/gustav/P5-Kuka-Dual-Arm/install/moveit_common/share/ament_index/resource_index/packages/moveit_common
[0.919s] -- Up-to-date: /home/gustav/P5-Kuka-Dual-Arm/install/moveit_common/share/moveit_common/cmake/moveit_common-extras.cmake
[0.919s] -- Up-to-date: /home/gustav/P5-Kuka-Dual-Arm/install/moveit_common/share/moveit_common/cmake/moveit_commonConfig.cmake
[0.919s] -- Up-to-date: /home/gustav/P5-Kuka-Dual-Arm/install/moveit_common/share/moveit_common/cmake/moveit_commonConfig-version.cmake
[0.919s] -- Up-to-date: /home/gustav/P5-Kuka-Dual-Arm/install/moveit_common/share/moveit_common/package.xml
[0.920s] -- Up-to-date: /home/gustav/P5-Kuka-Dual-Arm/install/moveit_common/share/moveit_common/cmake
[0.920s] -- Up-to-date: /home/gustav/P5-Kuka-Dual-Arm/install/moveit_common/share/moveit_common/cmake/moveit_package.cmake
[0.956s] Invoked command in '/home/gustav/P5-Kuka-Dual-Arm/build/moveit_common' returned '0': CMAKE_PREFIX_PATH=${CMAKE_PREFIX_PATH}:/home/gustav/lbr_stack/install/lbr_demos_py:/home/gustav/lbr_stack/install/lbr_demos_advanced_py:/opt/ros/humble /usr/bin/cmake --install /home/gustav/P5-Kuka-Dual-Arm/build/moveit_common
