-- Found ament_cmake: 1.3.10 (/opt/ros/humble/share/ament_cmake/cmake)
-- Configuring done
-- Generating done
-- Build files have been written to: /home/gustav/P5-Kuka-Dual-Arm/build/lbr_fri_ros2_stack
-- Install configuration: "Release"
-- Up-to-date: /home/gustav/P5-Kuka-Dual-Arm/install/lbr_fri_ros2_stack/share/ament_index/resource_index/package_run_dependencies/lbr_fri_ros2_stack
-- Installing: /home/gustav/P5-Kuka-Dual-Arm/install/lbr_fri_ros2_stack/share/ament_index/resource_index/parent_prefix_path/lbr_fri_ros2_stack
-- Up-to-date: /home/gustav/P5-Kuka-Dual-Arm/install/lbr_fri_ros2_stack/share/lbr_fri_ros2_stack/environment/ament_prefix_path.sh
-- Installing: /home/gustav/P5-Kuka-Dual-Arm/install/lbr_fri_ros2_stack/share/lbr_fri_ros2_stack/environment/ament_prefix_path.dsv
-- Up-to-date: /home/gustav/P5-Kuka-Dual-Arm/install/lbr_fri_ros2_stack/share/lbr_fri_ros2_stack/environment/path.sh
-- Installing: /home/gustav/P5-Kuka-Dual-Arm/install/lbr_fri_ros2_stack/share/lbr_fri_ros2_stack/environment/path.dsv
-- Up-to-date: /home/gustav/P5-Kuka-Dual-Arm/install/lbr_fri_ros2_stack/share/lbr_fri_ros2_stack/local_setup.bash
-- Up-to-date: /home/gustav/P5-Kuka-Dual-Arm/install/lbr_fri_ros2_stack/share/lbr_fri_ros2_stack/local_setup.sh
-- Up-to-date: /home/gustav/P5-Kuka-Dual-Arm/install/lbr_fri_ros2_stack/share/lbr_fri_ros2_stack/local_setup.zsh
-- Installing: /home/gustav/P5-Kuka-Dual-Arm/install/lbr_fri_ros2_stack/share/lbr_fri_ros2_stack/local_setup.dsv
-- Installing: /home/gustav/P5-Kuka-Dual-Arm/install/lbr_fri_ros2_stack/share/lbr_fri_ros2_stack/package.dsv
-- Up-to-date: /home/gustav/P5-Kuka-Dual-Arm/install/lbr_fri_ros2_stack/share/ament_index/resource_index/packages/lbr_fri_ros2_stack
-- Up-to-date: /home/gustav/P5-Kuka-Dual-Arm/install/lbr_fri_ros2_stack/share/lbr_fri_ros2_stack/cmake/lbr_fri_ros2_stackConfig.cmake
-- Up-to-date: /home/gustav/P5-Kuka-Dual-Arm/install/lbr_fri_ros2_stack/share/lbr_fri_ros2_stack/cmake/lbr_fri_ros2_stackConfig-version.cmake
-- Up-to-date: /home/gustav/P5-Kuka-Dual-Arm/install/lbr_fri_ros2_stack/share/lbr_fri_ros2_stack/package.xml
